[2024-07-18T18:16:56.426+0200] {processor.py:161} INFO - Started process (PID=258544) to work on /home/richonlinux/Documents/GitHub/AirflowTuto/venv/lib/python3.10/site-packages/airflow/example_dags/example_branch_labels.py
[2024-07-18T18:16:56.427+0200] {processor.py:830} INFO - Processing file /home/richonlinux/Documents/GitHub/AirflowTuto/venv/lib/python3.10/site-packages/airflow/example_dags/example_branch_labels.py for tasks to queue
[2024-07-18T18:16:56.429+0200] {logging_mixin.py:188} INFO - [2024-07-18T18:16:56.429+0200] {dagbag.py:545} INFO - Filling up the DagBag from /home/richonlinux/Documents/GitHub/AirflowTuto/venv/lib/python3.10/site-packages/airflow/example_dags/example_branch_labels.py
[2024-07-18T18:16:56.434+0200] {processor.py:840} INFO - DAG(s) 'example_branch_labels' retrieved from /home/richonlinux/Documents/GitHub/AirflowTuto/venv/lib/python3.10/site-packages/airflow/example_dags/example_branch_labels.py
[2024-07-18T18:16:56.490+0200] {logging_mixin.py:188} INFO - [2024-07-18T18:16:56.489+0200] {override.py:1858} INFO - Created Permission View: can edit on DAG:example_branch_labels
[2024-07-18T18:16:56.498+0200] {logging_mixin.py:188} INFO - [2024-07-18T18:16:56.498+0200] {override.py:1858} INFO - Created Permission View: can read on DAG:example_branch_labels
[2024-07-18T18:16:56.503+0200] {logging_mixin.py:188} INFO - [2024-07-18T18:16:56.503+0200] {override.py:1858} INFO - Created Permission View: can delete on DAG:example_branch_labels
[2024-07-18T18:16:56.504+0200] {logging_mixin.py:188} INFO - [2024-07-18T18:16:56.503+0200] {dag.py:3089} INFO - Sync 1 DAGs
[2024-07-18T18:16:56.509+0200] {logging_mixin.py:188} INFO - [2024-07-18T18:16:56.509+0200] {dag.py:3111} INFO - Creating ORM DAG for example_branch_labels
[2024-07-18T18:16:56.515+0200] {logging_mixin.py:188} INFO - [2024-07-18T18:16:56.515+0200] {dag.py:3947} INFO - Setting next_dagrun for example_branch_labels to 2024-07-17 00:00:00+00:00, run_after=2024-07-18 00:00:00+00:00
[2024-07-18T18:16:56.587+0200] {processor.py:183} INFO - Processing /home/richonlinux/Documents/GitHub/AirflowTuto/venv/lib/python3.10/site-packages/airflow/example_dags/example_branch_labels.py took 0.169 seconds
[2024-07-18T18:44:33.103+0200] {processor.py:161} INFO - Started process (PID=260601) to work on /home/richonlinux/Documents/GitHub/AirflowTuto/venv/lib/python3.10/site-packages/airflow/example_dags/example_branch_labels.py
[2024-07-18T18:44:33.107+0200] {processor.py:830} INFO - Processing file /home/richonlinux/Documents/GitHub/AirflowTuto/venv/lib/python3.10/site-packages/airflow/example_dags/example_branch_labels.py for tasks to queue
[2024-07-18T18:44:33.110+0200] {logging_mixin.py:188} INFO - [2024-07-18T18:44:33.109+0200] {dagbag.py:545} INFO - Filling up the DagBag from /home/richonlinux/Documents/GitHub/AirflowTuto/venv/lib/python3.10/site-packages/airflow/example_dags/example_branch_labels.py
[2024-07-18T18:44:33.119+0200] {processor.py:840} INFO - DAG(s) 'example_branch_labels' retrieved from /home/richonlinux/Documents/GitHub/AirflowTuto/venv/lib/python3.10/site-packages/airflow/example_dags/example_branch_labels.py
[2024-07-18T18:44:33.127+0200] {logging_mixin.py:188} INFO - [2024-07-18T18:44:33.127+0200] {dag.py:3089} INFO - Sync 1 DAGs
[2024-07-18T18:44:33.190+0200] {logging_mixin.py:188} INFO - [2024-07-18T18:44:33.190+0200] {dag.py:3947} INFO - Setting next_dagrun for example_branch_labels to 2024-07-17 00:00:00+00:00, run_after=2024-07-18 00:00:00+00:00
[2024-07-18T18:44:33.201+0200] {processor.py:183} INFO - Processing /home/richonlinux/Documents/GitHub/AirflowTuto/venv/lib/python3.10/site-packages/airflow/example_dags/example_branch_labels.py took 0.101 seconds
[2024-07-18T18:45:37.268+0200] {processor.py:161} INFO - Started process (PID=261810) to work on /home/richonlinux/Documents/GitHub/AirflowTuto/venv/lib/python3.10/site-packages/airflow/example_dags/example_branch_labels.py
[2024-07-18T18:45:37.272+0200] {processor.py:830} INFO - Processing file /home/richonlinux/Documents/GitHub/AirflowTuto/venv/lib/python3.10/site-packages/airflow/example_dags/example_branch_labels.py for tasks to queue
[2024-07-18T18:45:37.273+0200] {logging_mixin.py:188} INFO - [2024-07-18T18:45:37.273+0200] {dagbag.py:545} INFO - Filling up the DagBag from /home/richonlinux/Documents/GitHub/AirflowTuto/venv/lib/python3.10/site-packages/airflow/example_dags/example_branch_labels.py
[2024-07-18T18:45:37.278+0200] {processor.py:840} INFO - DAG(s) 'example_branch_labels' retrieved from /home/richonlinux/Documents/GitHub/AirflowTuto/venv/lib/python3.10/site-packages/airflow/example_dags/example_branch_labels.py
[2024-07-18T18:45:37.287+0200] {logging_mixin.py:188} INFO - [2024-07-18T18:45:37.287+0200] {dag.py:3089} INFO - Sync 1 DAGs
[2024-07-18T18:45:37.299+0200] {logging_mixin.py:188} INFO - [2024-07-18T18:45:37.298+0200] {dag.py:3947} INFO - Setting next_dagrun for example_branch_labels to 2024-07-17 00:00:00+00:00, run_after=2024-07-18 00:00:00+00:00
[2024-07-18T18:45:37.312+0200] {processor.py:183} INFO - Processing /home/richonlinux/Documents/GitHub/AirflowTuto/venv/lib/python3.10/site-packages/airflow/example_dags/example_branch_labels.py took 0.047 seconds
[2024-07-18T18:50:07.103+0200] {processor.py:161} INFO - Started process (PID=266992) to work on /home/richonlinux/Documents/GitHub/AirflowTuto/venv/lib/python3.10/site-packages/airflow/example_dags/example_branch_labels.py
[2024-07-18T18:50:07.104+0200] {processor.py:830} INFO - Processing file /home/richonlinux/Documents/GitHub/AirflowTuto/venv/lib/python3.10/site-packages/airflow/example_dags/example_branch_labels.py for tasks to queue
[2024-07-18T18:50:07.105+0200] {logging_mixin.py:188} INFO - [2024-07-18T18:50:07.105+0200] {dagbag.py:545} INFO - Filling up the DagBag from /home/richonlinux/Documents/GitHub/AirflowTuto/venv/lib/python3.10/site-packages/airflow/example_dags/example_branch_labels.py
[2024-07-18T18:50:07.110+0200] {processor.py:840} INFO - DAG(s) 'example_branch_labels' retrieved from /home/richonlinux/Documents/GitHub/AirflowTuto/venv/lib/python3.10/site-packages/airflow/example_dags/example_branch_labels.py
[2024-07-18T18:50:07.169+0200] {logging_mixin.py:188} INFO - [2024-07-18T18:50:07.169+0200] {dag.py:3089} INFO - Sync 1 DAGs
[2024-07-18T18:50:07.180+0200] {logging_mixin.py:188} INFO - [2024-07-18T18:50:07.180+0200] {dag.py:3947} INFO - Setting next_dagrun for example_branch_labels to 2024-07-17 00:00:00+00:00, run_after=2024-07-18 00:00:00+00:00
[2024-07-18T18:50:07.266+0200] {processor.py:183} INFO - Processing /home/richonlinux/Documents/GitHub/AirflowTuto/venv/lib/python3.10/site-packages/airflow/example_dags/example_branch_labels.py took 0.167 seconds
[2024-07-18T18:51:59.567+0200] {processor.py:161} INFO - Started process (PID=268883) to work on /home/richonlinux/Documents/GitHub/AirflowTuto/venv/lib/python3.10/site-packages/airflow/example_dags/example_branch_labels.py
[2024-07-18T18:51:59.568+0200] {processor.py:830} INFO - Processing file /home/richonlinux/Documents/GitHub/AirflowTuto/venv/lib/python3.10/site-packages/airflow/example_dags/example_branch_labels.py for tasks to queue
[2024-07-18T18:51:59.569+0200] {logging_mixin.py:188} INFO - [2024-07-18T18:51:59.569+0200] {dagbag.py:545} INFO - Filling up the DagBag from /home/richonlinux/Documents/GitHub/AirflowTuto/venv/lib/python3.10/site-packages/airflow/example_dags/example_branch_labels.py
[2024-07-18T18:51:59.574+0200] {processor.py:840} INFO - DAG(s) 'example_branch_labels' retrieved from /home/richonlinux/Documents/GitHub/AirflowTuto/venv/lib/python3.10/site-packages/airflow/example_dags/example_branch_labels.py
[2024-07-18T18:51:59.623+0200] {logging_mixin.py:188} INFO - [2024-07-18T18:51:59.623+0200] {dag.py:3089} INFO - Sync 1 DAGs
[2024-07-18T18:51:59.633+0200] {logging_mixin.py:188} INFO - [2024-07-18T18:51:59.632+0200] {dag.py:3947} INFO - Setting next_dagrun for example_branch_labels to 2024-07-17 00:00:00+00:00, run_after=2024-07-18 00:00:00+00:00
[2024-07-18T18:51:59.703+0200] {processor.py:183} INFO - Processing /home/richonlinux/Documents/GitHub/AirflowTuto/venv/lib/python3.10/site-packages/airflow/example_dags/example_branch_labels.py took 0.140 seconds
[2024-07-18T18:53:07.194+0200] {processor.py:161} INFO - Started process (PID=270482) to work on /home/richonlinux/Documents/GitHub/AirflowTuto/venv/lib/python3.10/site-packages/airflow/example_dags/example_branch_labels.py
[2024-07-18T18:53:07.195+0200] {processor.py:830} INFO - Processing file /home/richonlinux/Documents/GitHub/AirflowTuto/venv/lib/python3.10/site-packages/airflow/example_dags/example_branch_labels.py for tasks to queue
[2024-07-18T18:53:07.196+0200] {logging_mixin.py:188} INFO - [2024-07-18T18:53:07.196+0200] {dagbag.py:545} INFO - Filling up the DagBag from /home/richonlinux/Documents/GitHub/AirflowTuto/venv/lib/python3.10/site-packages/airflow/example_dags/example_branch_labels.py
[2024-07-18T18:53:07.204+0200] {processor.py:840} INFO - DAG(s) 'example_branch_labels' retrieved from /home/richonlinux/Documents/GitHub/AirflowTuto/venv/lib/python3.10/site-packages/airflow/example_dags/example_branch_labels.py
[2024-07-18T18:53:07.217+0200] {logging_mixin.py:188} INFO - [2024-07-18T18:53:07.217+0200] {dag.py:3089} INFO - Sync 1 DAGs
[2024-07-18T18:53:07.232+0200] {logging_mixin.py:188} INFO - [2024-07-18T18:53:07.232+0200] {dag.py:3947} INFO - Setting next_dagrun for example_branch_labels to 2024-07-17 00:00:00+00:00, run_after=2024-07-18 00:00:00+00:00
[2024-07-18T18:53:07.323+0200] {processor.py:183} INFO - Processing /home/richonlinux/Documents/GitHub/AirflowTuto/venv/lib/python3.10/site-packages/airflow/example_dags/example_branch_labels.py took 0.136 seconds
[2024-07-18T18:54:13.702+0200] {processor.py:161} INFO - Started process (PID=271998) to work on /home/richonlinux/Documents/GitHub/AirflowTuto/venv/lib/python3.10/site-packages/airflow/example_dags/example_branch_labels.py
[2024-07-18T18:54:13.703+0200] {processor.py:830} INFO - Processing file /home/richonlinux/Documents/GitHub/AirflowTuto/venv/lib/python3.10/site-packages/airflow/example_dags/example_branch_labels.py for tasks to queue
[2024-07-18T18:54:13.705+0200] {logging_mixin.py:188} INFO - [2024-07-18T18:54:13.704+0200] {dagbag.py:545} INFO - Filling up the DagBag from /home/richonlinux/Documents/GitHub/AirflowTuto/venv/lib/python3.10/site-packages/airflow/example_dags/example_branch_labels.py
[2024-07-18T18:54:13.711+0200] {processor.py:840} INFO - DAG(s) 'example_branch_labels' retrieved from /home/richonlinux/Documents/GitHub/AirflowTuto/venv/lib/python3.10/site-packages/airflow/example_dags/example_branch_labels.py
[2024-07-18T18:54:13.720+0200] {logging_mixin.py:188} INFO - [2024-07-18T18:54:13.720+0200] {dag.py:3089} INFO - Sync 1 DAGs
[2024-07-18T18:54:13.730+0200] {logging_mixin.py:188} INFO - [2024-07-18T18:54:13.730+0200] {dag.py:3947} INFO - Setting next_dagrun for example_branch_labels to 2024-07-17 00:00:00+00:00, run_after=2024-07-18 00:00:00+00:00
[2024-07-18T18:54:13.742+0200] {processor.py:183} INFO - Processing /home/richonlinux/Documents/GitHub/AirflowTuto/venv/lib/python3.10/site-packages/airflow/example_dags/example_branch_labels.py took 0.049 seconds
[2024-07-18T18:55:14.459+0200] {processor.py:161} INFO - Started process (PID=272965) to work on /home/richonlinux/Documents/GitHub/AirflowTuto/venv/lib/python3.10/site-packages/airflow/example_dags/example_branch_labels.py
[2024-07-18T18:55:14.461+0200] {processor.py:830} INFO - Processing file /home/richonlinux/Documents/GitHub/AirflowTuto/venv/lib/python3.10/site-packages/airflow/example_dags/example_branch_labels.py for tasks to queue
[2024-07-18T18:55:14.462+0200] {logging_mixin.py:188} INFO - [2024-07-18T18:55:14.462+0200] {dagbag.py:545} INFO - Filling up the DagBag from /home/richonlinux/Documents/GitHub/AirflowTuto/venv/lib/python3.10/site-packages/airflow/example_dags/example_branch_labels.py
[2024-07-18T18:55:14.469+0200] {processor.py:840} INFO - DAG(s) 'example_branch_labels' retrieved from /home/richonlinux/Documents/GitHub/AirflowTuto/venv/lib/python3.10/site-packages/airflow/example_dags/example_branch_labels.py
[2024-07-18T18:55:14.477+0200] {logging_mixin.py:188} INFO - [2024-07-18T18:55:14.477+0200] {dag.py:3089} INFO - Sync 1 DAGs
[2024-07-18T18:55:14.487+0200] {logging_mixin.py:188} INFO - [2024-07-18T18:55:14.487+0200] {dag.py:3947} INFO - Setting next_dagrun for example_branch_labels to 2024-07-17 00:00:00+00:00, run_after=2024-07-18 00:00:00+00:00
[2024-07-18T18:55:14.499+0200] {processor.py:183} INFO - Processing /home/richonlinux/Documents/GitHub/AirflowTuto/venv/lib/python3.10/site-packages/airflow/example_dags/example_branch_labels.py took 0.049 seconds
[2024-07-18T18:56:12.396+0200] {processor.py:161} INFO - Started process (PID=273916) to work on /home/richonlinux/Documents/GitHub/AirflowTuto/venv/lib/python3.10/site-packages/airflow/example_dags/example_branch_labels.py
[2024-07-18T18:56:12.397+0200] {processor.py:830} INFO - Processing file /home/richonlinux/Documents/GitHub/AirflowTuto/venv/lib/python3.10/site-packages/airflow/example_dags/example_branch_labels.py for tasks to queue
[2024-07-18T18:56:12.398+0200] {logging_mixin.py:188} INFO - [2024-07-18T18:56:12.398+0200] {dagbag.py:545} INFO - Filling up the DagBag from /home/richonlinux/Documents/GitHub/AirflowTuto/venv/lib/python3.10/site-packages/airflow/example_dags/example_branch_labels.py
[2024-07-18T18:56:12.402+0200] {processor.py:840} INFO - DAG(s) 'example_branch_labels' retrieved from /home/richonlinux/Documents/GitHub/AirflowTuto/venv/lib/python3.10/site-packages/airflow/example_dags/example_branch_labels.py
[2024-07-18T18:56:12.411+0200] {logging_mixin.py:188} INFO - [2024-07-18T18:56:12.411+0200] {dag.py:3089} INFO - Sync 1 DAGs
[2024-07-18T18:56:12.421+0200] {logging_mixin.py:188} INFO - [2024-07-18T18:56:12.421+0200] {dag.py:3947} INFO - Setting next_dagrun for example_branch_labels to 2024-07-17 00:00:00+00:00, run_after=2024-07-18 00:00:00+00:00
[2024-07-18T18:56:12.433+0200] {processor.py:183} INFO - Processing /home/richonlinux/Documents/GitHub/AirflowTuto/venv/lib/python3.10/site-packages/airflow/example_dags/example_branch_labels.py took 0.043 seconds
[2024-07-18T18:57:09.683+0200] {processor.py:161} INFO - Started process (PID=274934) to work on /home/richonlinux/Documents/GitHub/AirflowTuto/venv/lib/python3.10/site-packages/airflow/example_dags/example_branch_labels.py
[2024-07-18T18:57:09.683+0200] {processor.py:830} INFO - Processing file /home/richonlinux/Documents/GitHub/AirflowTuto/venv/lib/python3.10/site-packages/airflow/example_dags/example_branch_labels.py for tasks to queue
[2024-07-18T18:57:09.684+0200] {logging_mixin.py:188} INFO - [2024-07-18T18:57:09.684+0200] {dagbag.py:545} INFO - Filling up the DagBag from /home/richonlinux/Documents/GitHub/AirflowTuto/venv/lib/python3.10/site-packages/airflow/example_dags/example_branch_labels.py
[2024-07-18T18:57:09.689+0200] {processor.py:840} INFO - DAG(s) 'example_branch_labels' retrieved from /home/richonlinux/Documents/GitHub/AirflowTuto/venv/lib/python3.10/site-packages/airflow/example_dags/example_branch_labels.py
[2024-07-18T18:57:09.698+0200] {logging_mixin.py:188} INFO - [2024-07-18T18:57:09.697+0200] {dag.py:3089} INFO - Sync 1 DAGs
[2024-07-18T18:57:09.708+0200] {logging_mixin.py:188} INFO - [2024-07-18T18:57:09.708+0200] {dag.py:3947} INFO - Setting next_dagrun for example_branch_labels to 2024-07-17 00:00:00+00:00, run_after=2024-07-18 00:00:00+00:00
[2024-07-18T18:57:09.721+0200] {processor.py:183} INFO - Processing /home/richonlinux/Documents/GitHub/AirflowTuto/venv/lib/python3.10/site-packages/airflow/example_dags/example_branch_labels.py took 0.042 seconds
[2024-07-18T18:58:09.309+0200] {processor.py:161} INFO - Started process (PID=275863) to work on /home/richonlinux/Documents/GitHub/AirflowTuto/venv/lib/python3.10/site-packages/airflow/example_dags/example_branch_labels.py
[2024-07-18T18:58:09.310+0200] {processor.py:830} INFO - Processing file /home/richonlinux/Documents/GitHub/AirflowTuto/venv/lib/python3.10/site-packages/airflow/example_dags/example_branch_labels.py for tasks to queue
[2024-07-18T18:58:09.312+0200] {logging_mixin.py:188} INFO - [2024-07-18T18:58:09.312+0200] {dagbag.py:545} INFO - Filling up the DagBag from /home/richonlinux/Documents/GitHub/AirflowTuto/venv/lib/python3.10/site-packages/airflow/example_dags/example_branch_labels.py
[2024-07-18T18:58:09.318+0200] {processor.py:840} INFO - DAG(s) 'example_branch_labels' retrieved from /home/richonlinux/Documents/GitHub/AirflowTuto/venv/lib/python3.10/site-packages/airflow/example_dags/example_branch_labels.py
[2024-07-18T18:58:09.327+0200] {logging_mixin.py:188} INFO - [2024-07-18T18:58:09.327+0200] {dag.py:3089} INFO - Sync 1 DAGs
[2024-07-18T18:58:09.337+0200] {logging_mixin.py:188} INFO - [2024-07-18T18:58:09.337+0200] {dag.py:3947} INFO - Setting next_dagrun for example_branch_labels to 2024-07-17 00:00:00+00:00, run_after=2024-07-18 00:00:00+00:00
[2024-07-18T18:58:09.348+0200] {processor.py:183} INFO - Processing /home/richonlinux/Documents/GitHub/AirflowTuto/venv/lib/python3.10/site-packages/airflow/example_dags/example_branch_labels.py took 0.048 seconds
[2024-07-18T18:59:10.891+0200] {processor.py:161} INFO - Started process (PID=276950) to work on /home/richonlinux/Documents/GitHub/AirflowTuto/venv/lib/python3.10/site-packages/airflow/example_dags/example_branch_labels.py
[2024-07-18T18:59:10.891+0200] {processor.py:830} INFO - Processing file /home/richonlinux/Documents/GitHub/AirflowTuto/venv/lib/python3.10/site-packages/airflow/example_dags/example_branch_labels.py for tasks to queue
[2024-07-18T18:59:10.892+0200] {logging_mixin.py:188} INFO - [2024-07-18T18:59:10.892+0200] {dagbag.py:545} INFO - Filling up the DagBag from /home/richonlinux/Documents/GitHub/AirflowTuto/venv/lib/python3.10/site-packages/airflow/example_dags/example_branch_labels.py
[2024-07-18T18:59:10.897+0200] {processor.py:840} INFO - DAG(s) 'example_branch_labels' retrieved from /home/richonlinux/Documents/GitHub/AirflowTuto/venv/lib/python3.10/site-packages/airflow/example_dags/example_branch_labels.py
[2024-07-18T18:59:10.907+0200] {logging_mixin.py:188} INFO - [2024-07-18T18:59:10.907+0200] {dag.py:3089} INFO - Sync 1 DAGs
[2024-07-18T18:59:10.918+0200] {logging_mixin.py:188} INFO - [2024-07-18T18:59:10.918+0200] {dag.py:3947} INFO - Setting next_dagrun for example_branch_labels to 2024-07-17 00:00:00+00:00, run_after=2024-07-18 00:00:00+00:00
[2024-07-18T18:59:10.930+0200] {processor.py:183} INFO - Processing /home/richonlinux/Documents/GitHub/AirflowTuto/venv/lib/python3.10/site-packages/airflow/example_dags/example_branch_labels.py took 0.044 seconds
[2024-07-18T19:00:11.697+0200] {processor.py:161} INFO - Started process (PID=278058) to work on /home/richonlinux/Documents/GitHub/AirflowTuto/venv/lib/python3.10/site-packages/airflow/example_dags/example_branch_labels.py
[2024-07-18T19:00:11.701+0200] {processor.py:830} INFO - Processing file /home/richonlinux/Documents/GitHub/AirflowTuto/venv/lib/python3.10/site-packages/airflow/example_dags/example_branch_labels.py for tasks to queue
[2024-07-18T19:00:11.702+0200] {logging_mixin.py:188} INFO - [2024-07-18T19:00:11.701+0200] {dagbag.py:545} INFO - Filling up the DagBag from /home/richonlinux/Documents/GitHub/AirflowTuto/venv/lib/python3.10/site-packages/airflow/example_dags/example_branch_labels.py
[2024-07-18T19:00:11.707+0200] {processor.py:840} INFO - DAG(s) 'example_branch_labels' retrieved from /home/richonlinux/Documents/GitHub/AirflowTuto/venv/lib/python3.10/site-packages/airflow/example_dags/example_branch_labels.py
[2024-07-18T19:00:11.718+0200] {logging_mixin.py:188} INFO - [2024-07-18T19:00:11.717+0200] {dag.py:3089} INFO - Sync 1 DAGs
[2024-07-18T19:00:11.728+0200] {logging_mixin.py:188} INFO - [2024-07-18T19:00:11.728+0200] {dag.py:3947} INFO - Setting next_dagrun for example_branch_labels to 2024-07-17 00:00:00+00:00, run_after=2024-07-18 00:00:00+00:00
[2024-07-18T19:00:11.740+0200] {processor.py:183} INFO - Processing /home/richonlinux/Documents/GitHub/AirflowTuto/venv/lib/python3.10/site-packages/airflow/example_dags/example_branch_labels.py took 0.046 seconds
[2024-07-18T19:01:14.478+0200] {processor.py:161} INFO - Started process (PID=279295) to work on /home/richonlinux/Documents/GitHub/AirflowTuto/venv/lib/python3.10/site-packages/airflow/example_dags/example_branch_labels.py
[2024-07-18T19:01:14.479+0200] {processor.py:830} INFO - Processing file /home/richonlinux/Documents/GitHub/AirflowTuto/venv/lib/python3.10/site-packages/airflow/example_dags/example_branch_labels.py for tasks to queue
[2024-07-18T19:01:14.480+0200] {logging_mixin.py:188} INFO - [2024-07-18T19:01:14.480+0200] {dagbag.py:545} INFO - Filling up the DagBag from /home/richonlinux/Documents/GitHub/AirflowTuto/venv/lib/python3.10/site-packages/airflow/example_dags/example_branch_labels.py
[2024-07-18T19:01:14.484+0200] {processor.py:840} INFO - DAG(s) 'example_branch_labels' retrieved from /home/richonlinux/Documents/GitHub/AirflowTuto/venv/lib/python3.10/site-packages/airflow/example_dags/example_branch_labels.py
[2024-07-18T19:01:14.493+0200] {logging_mixin.py:188} INFO - [2024-07-18T19:01:14.493+0200] {dag.py:3089} INFO - Sync 1 DAGs
[2024-07-18T19:01:14.502+0200] {logging_mixin.py:188} INFO - [2024-07-18T19:01:14.502+0200] {dag.py:3947} INFO - Setting next_dagrun for example_branch_labels to 2024-07-17 00:00:00+00:00, run_after=2024-07-18 00:00:00+00:00
[2024-07-18T19:01:14.514+0200] {processor.py:183} INFO - Processing /home/richonlinux/Documents/GitHub/AirflowTuto/venv/lib/python3.10/site-packages/airflow/example_dags/example_branch_labels.py took 0.040 seconds
[2024-07-18T19:02:10.060+0200] {processor.py:161} INFO - Started process (PID=280398) to work on /home/richonlinux/Documents/GitHub/AirflowTuto/venv/lib/python3.10/site-packages/airflow/example_dags/example_branch_labels.py
[2024-07-18T19:02:10.065+0200] {processor.py:830} INFO - Processing file /home/richonlinux/Documents/GitHub/AirflowTuto/venv/lib/python3.10/site-packages/airflow/example_dags/example_branch_labels.py for tasks to queue
[2024-07-18T19:02:10.066+0200] {logging_mixin.py:188} INFO - [2024-07-18T19:02:10.066+0200] {dagbag.py:545} INFO - Filling up the DagBag from /home/richonlinux/Documents/GitHub/AirflowTuto/venv/lib/python3.10/site-packages/airflow/example_dags/example_branch_labels.py
[2024-07-18T19:02:10.074+0200] {processor.py:840} INFO - DAG(s) 'example_branch_labels' retrieved from /home/richonlinux/Documents/GitHub/AirflowTuto/venv/lib/python3.10/site-packages/airflow/example_dags/example_branch_labels.py
[2024-07-18T19:02:10.084+0200] {logging_mixin.py:188} INFO - [2024-07-18T19:02:10.083+0200] {dag.py:3089} INFO - Sync 1 DAGs
[2024-07-18T19:02:10.094+0200] {logging_mixin.py:188} INFO - [2024-07-18T19:02:10.093+0200] {dag.py:3947} INFO - Setting next_dagrun for example_branch_labels to 2024-07-17 00:00:00+00:00, run_after=2024-07-18 00:00:00+00:00
[2024-07-18T19:02:10.106+0200] {processor.py:183} INFO - Processing /home/richonlinux/Documents/GitHub/AirflowTuto/venv/lib/python3.10/site-packages/airflow/example_dags/example_branch_labels.py took 0.054 seconds
[2024-07-18T19:03:11.535+0200] {processor.py:161} INFO - Started process (PID=281365) to work on /home/richonlinux/Documents/GitHub/AirflowTuto/venv/lib/python3.10/site-packages/airflow/example_dags/example_branch_labels.py
[2024-07-18T19:03:11.536+0200] {processor.py:830} INFO - Processing file /home/richonlinux/Documents/GitHub/AirflowTuto/venv/lib/python3.10/site-packages/airflow/example_dags/example_branch_labels.py for tasks to queue
[2024-07-18T19:03:11.538+0200] {logging_mixin.py:188} INFO - [2024-07-18T19:03:11.537+0200] {dagbag.py:545} INFO - Filling up the DagBag from /home/richonlinux/Documents/GitHub/AirflowTuto/venv/lib/python3.10/site-packages/airflow/example_dags/example_branch_labels.py
[2024-07-18T19:03:11.544+0200] {processor.py:840} INFO - DAG(s) 'example_branch_labels' retrieved from /home/richonlinux/Documents/GitHub/AirflowTuto/venv/lib/python3.10/site-packages/airflow/example_dags/example_branch_labels.py
[2024-07-18T19:03:11.552+0200] {logging_mixin.py:188} INFO - [2024-07-18T19:03:11.552+0200] {dag.py:3089} INFO - Sync 1 DAGs
[2024-07-18T19:03:11.562+0200] {logging_mixin.py:188} INFO - [2024-07-18T19:03:11.562+0200] {dag.py:3947} INFO - Setting next_dagrun for example_branch_labels to 2024-07-17 00:00:00+00:00, run_after=2024-07-18 00:00:00+00:00
[2024-07-18T19:03:11.574+0200] {processor.py:183} INFO - Processing /home/richonlinux/Documents/GitHub/AirflowTuto/venv/lib/python3.10/site-packages/airflow/example_dags/example_branch_labels.py took 0.046 seconds
[2024-07-18T19:04:11.707+0200] {processor.py:161} INFO - Started process (PID=282354) to work on /home/richonlinux/Documents/GitHub/AirflowTuto/venv/lib/python3.10/site-packages/airflow/example_dags/example_branch_labels.py
[2024-07-18T19:04:11.707+0200] {processor.py:830} INFO - Processing file /home/richonlinux/Documents/GitHub/AirflowTuto/venv/lib/python3.10/site-packages/airflow/example_dags/example_branch_labels.py for tasks to queue
[2024-07-18T19:04:11.708+0200] {logging_mixin.py:188} INFO - [2024-07-18T19:04:11.708+0200] {dagbag.py:545} INFO - Filling up the DagBag from /home/richonlinux/Documents/GitHub/AirflowTuto/venv/lib/python3.10/site-packages/airflow/example_dags/example_branch_labels.py
[2024-07-18T19:04:11.713+0200] {processor.py:840} INFO - DAG(s) 'example_branch_labels' retrieved from /home/richonlinux/Documents/GitHub/AirflowTuto/venv/lib/python3.10/site-packages/airflow/example_dags/example_branch_labels.py
[2024-07-18T19:04:11.722+0200] {logging_mixin.py:188} INFO - [2024-07-18T19:04:11.722+0200] {dag.py:3089} INFO - Sync 1 DAGs
[2024-07-18T19:04:11.733+0200] {logging_mixin.py:188} INFO - [2024-07-18T19:04:11.733+0200] {dag.py:3947} INFO - Setting next_dagrun for example_branch_labels to 2024-07-17 00:00:00+00:00, run_after=2024-07-18 00:00:00+00:00
[2024-07-18T19:04:11.746+0200] {processor.py:183} INFO - Processing /home/richonlinux/Documents/GitHub/AirflowTuto/venv/lib/python3.10/site-packages/airflow/example_dags/example_branch_labels.py took 0.043 seconds
[2024-07-18T19:05:08.870+0200] {processor.py:161} INFO - Started process (PID=283249) to work on /home/richonlinux/Documents/GitHub/AirflowTuto/venv/lib/python3.10/site-packages/airflow/example_dags/example_branch_labels.py
[2024-07-18T19:05:08.871+0200] {processor.py:830} INFO - Processing file /home/richonlinux/Documents/GitHub/AirflowTuto/venv/lib/python3.10/site-packages/airflow/example_dags/example_branch_labels.py for tasks to queue
[2024-07-18T19:05:08.872+0200] {logging_mixin.py:188} INFO - [2024-07-18T19:05:08.872+0200] {dagbag.py:545} INFO - Filling up the DagBag from /home/richonlinux/Documents/GitHub/AirflowTuto/venv/lib/python3.10/site-packages/airflow/example_dags/example_branch_labels.py
[2024-07-18T19:05:08.878+0200] {processor.py:840} INFO - DAG(s) 'example_branch_labels' retrieved from /home/richonlinux/Documents/GitHub/AirflowTuto/venv/lib/python3.10/site-packages/airflow/example_dags/example_branch_labels.py
[2024-07-18T19:05:08.888+0200] {logging_mixin.py:188} INFO - [2024-07-18T19:05:08.888+0200] {dag.py:3089} INFO - Sync 1 DAGs
[2024-07-18T19:05:08.900+0200] {logging_mixin.py:188} INFO - [2024-07-18T19:05:08.900+0200] {dag.py:3947} INFO - Setting next_dagrun for example_branch_labels to 2024-07-17 00:00:00+00:00, run_after=2024-07-18 00:00:00+00:00
[2024-07-18T19:05:08.914+0200] {processor.py:183} INFO - Processing /home/richonlinux/Documents/GitHub/AirflowTuto/venv/lib/python3.10/site-packages/airflow/example_dags/example_branch_labels.py took 0.047 seconds
[2024-07-18T19:06:06.374+0200] {processor.py:161} INFO - Started process (PID=284359) to work on /home/richonlinux/Documents/GitHub/AirflowTuto/venv/lib/python3.10/site-packages/airflow/example_dags/example_branch_labels.py
[2024-07-18T19:06:06.375+0200] {processor.py:830} INFO - Processing file /home/richonlinux/Documents/GitHub/AirflowTuto/venv/lib/python3.10/site-packages/airflow/example_dags/example_branch_labels.py for tasks to queue
[2024-07-18T19:06:06.377+0200] {logging_mixin.py:188} INFO - [2024-07-18T19:06:06.376+0200] {dagbag.py:545} INFO - Filling up the DagBag from /home/richonlinux/Documents/GitHub/AirflowTuto/venv/lib/python3.10/site-packages/airflow/example_dags/example_branch_labels.py
[2024-07-18T19:06:06.384+0200] {processor.py:840} INFO - DAG(s) 'example_branch_labels' retrieved from /home/richonlinux/Documents/GitHub/AirflowTuto/venv/lib/python3.10/site-packages/airflow/example_dags/example_branch_labels.py
[2024-07-18T19:06:06.393+0200] {logging_mixin.py:188} INFO - [2024-07-18T19:06:06.392+0200] {dag.py:3089} INFO - Sync 1 DAGs
[2024-07-18T19:06:06.402+0200] {logging_mixin.py:188} INFO - [2024-07-18T19:06:06.402+0200] {dag.py:3947} INFO - Setting next_dagrun for example_branch_labels to 2024-07-17 00:00:00+00:00, run_after=2024-07-18 00:00:00+00:00
[2024-07-18T19:06:06.414+0200] {processor.py:183} INFO - Processing /home/richonlinux/Documents/GitHub/AirflowTuto/venv/lib/python3.10/site-packages/airflow/example_dags/example_branch_labels.py took 0.044 seconds
[2024-07-18T19:07:06.406+0200] {processor.py:161} INFO - Started process (PID=285361) to work on /home/richonlinux/Documents/GitHub/AirflowTuto/venv/lib/python3.10/site-packages/airflow/example_dags/example_branch_labels.py
[2024-07-18T19:07:06.407+0200] {processor.py:830} INFO - Processing file /home/richonlinux/Documents/GitHub/AirflowTuto/venv/lib/python3.10/site-packages/airflow/example_dags/example_branch_labels.py for tasks to queue
[2024-07-18T19:07:06.409+0200] {logging_mixin.py:188} INFO - [2024-07-18T19:07:06.408+0200] {dagbag.py:545} INFO - Filling up the DagBag from /home/richonlinux/Documents/GitHub/AirflowTuto/venv/lib/python3.10/site-packages/airflow/example_dags/example_branch_labels.py
[2024-07-18T19:07:06.414+0200] {processor.py:840} INFO - DAG(s) 'example_branch_labels' retrieved from /home/richonlinux/Documents/GitHub/AirflowTuto/venv/lib/python3.10/site-packages/airflow/example_dags/example_branch_labels.py
[2024-07-18T19:07:06.423+0200] {logging_mixin.py:188} INFO - [2024-07-18T19:07:06.423+0200] {dag.py:3089} INFO - Sync 1 DAGs
[2024-07-18T19:07:06.433+0200] {logging_mixin.py:188} INFO - [2024-07-18T19:07:06.433+0200] {dag.py:3947} INFO - Setting next_dagrun for example_branch_labels to 2024-07-17 00:00:00+00:00, run_after=2024-07-18 00:00:00+00:00
[2024-07-18T19:07:06.445+0200] {processor.py:183} INFO - Processing /home/richonlinux/Documents/GitHub/AirflowTuto/venv/lib/python3.10/site-packages/airflow/example_dags/example_branch_labels.py took 0.046 seconds
[2024-07-18T19:08:04.536+0200] {processor.py:161} INFO - Started process (PID=286282) to work on /home/richonlinux/Documents/GitHub/AirflowTuto/venv/lib/python3.10/site-packages/airflow/example_dags/example_branch_labels.py
[2024-07-18T19:08:04.537+0200] {processor.py:830} INFO - Processing file /home/richonlinux/Documents/GitHub/AirflowTuto/venv/lib/python3.10/site-packages/airflow/example_dags/example_branch_labels.py for tasks to queue
[2024-07-18T19:08:04.539+0200] {logging_mixin.py:188} INFO - [2024-07-18T19:08:04.538+0200] {dagbag.py:545} INFO - Filling up the DagBag from /home/richonlinux/Documents/GitHub/AirflowTuto/venv/lib/python3.10/site-packages/airflow/example_dags/example_branch_labels.py
[2024-07-18T19:08:04.544+0200] {processor.py:840} INFO - DAG(s) 'example_branch_labels' retrieved from /home/richonlinux/Documents/GitHub/AirflowTuto/venv/lib/python3.10/site-packages/airflow/example_dags/example_branch_labels.py
[2024-07-18T19:08:04.554+0200] {logging_mixin.py:188} INFO - [2024-07-18T19:08:04.554+0200] {dag.py:3089} INFO - Sync 1 DAGs
[2024-07-18T19:08:04.565+0200] {logging_mixin.py:188} INFO - [2024-07-18T19:08:04.565+0200] {dag.py:3947} INFO - Setting next_dagrun for example_branch_labels to 2024-07-17 00:00:00+00:00, run_after=2024-07-18 00:00:00+00:00
[2024-07-18T19:08:04.577+0200] {processor.py:183} INFO - Processing /home/richonlinux/Documents/GitHub/AirflowTuto/venv/lib/python3.10/site-packages/airflow/example_dags/example_branch_labels.py took 0.047 seconds
[2024-07-18T19:09:04.385+0200] {processor.py:161} INFO - Started process (PID=287313) to work on /home/richonlinux/Documents/GitHub/AirflowTuto/venv/lib/python3.10/site-packages/airflow/example_dags/example_branch_labels.py
[2024-07-18T19:09:04.386+0200] {processor.py:830} INFO - Processing file /home/richonlinux/Documents/GitHub/AirflowTuto/venv/lib/python3.10/site-packages/airflow/example_dags/example_branch_labels.py for tasks to queue
[2024-07-18T19:09:04.387+0200] {logging_mixin.py:188} INFO - [2024-07-18T19:09:04.387+0200] {dagbag.py:545} INFO - Filling up the DagBag from /home/richonlinux/Documents/GitHub/AirflowTuto/venv/lib/python3.10/site-packages/airflow/example_dags/example_branch_labels.py
[2024-07-18T19:09:04.391+0200] {processor.py:840} INFO - DAG(s) 'example_branch_labels' retrieved from /home/richonlinux/Documents/GitHub/AirflowTuto/venv/lib/python3.10/site-packages/airflow/example_dags/example_branch_labels.py
[2024-07-18T19:09:04.402+0200] {logging_mixin.py:188} INFO - [2024-07-18T19:09:04.402+0200] {dag.py:3089} INFO - Sync 1 DAGs
[2024-07-18T19:09:04.414+0200] {logging_mixin.py:188} INFO - [2024-07-18T19:09:04.413+0200] {dag.py:3947} INFO - Setting next_dagrun for example_branch_labels to 2024-07-17 00:00:00+00:00, run_after=2024-07-18 00:00:00+00:00
[2024-07-18T19:09:04.430+0200] {processor.py:183} INFO - Processing /home/richonlinux/Documents/GitHub/AirflowTuto/venv/lib/python3.10/site-packages/airflow/example_dags/example_branch_labels.py took 0.049 seconds
[2024-07-18T19:10:01.470+0200] {processor.py:161} INFO - Started process (PID=288240) to work on /home/richonlinux/Documents/GitHub/AirflowTuto/venv/lib/python3.10/site-packages/airflow/example_dags/example_branch_labels.py
[2024-07-18T19:10:01.471+0200] {processor.py:830} INFO - Processing file /home/richonlinux/Documents/GitHub/AirflowTuto/venv/lib/python3.10/site-packages/airflow/example_dags/example_branch_labels.py for tasks to queue
[2024-07-18T19:10:01.472+0200] {logging_mixin.py:188} INFO - [2024-07-18T19:10:01.472+0200] {dagbag.py:545} INFO - Filling up the DagBag from /home/richonlinux/Documents/GitHub/AirflowTuto/venv/lib/python3.10/site-packages/airflow/example_dags/example_branch_labels.py
[2024-07-18T19:10:01.476+0200] {processor.py:840} INFO - DAG(s) 'example_branch_labels' retrieved from /home/richonlinux/Documents/GitHub/AirflowTuto/venv/lib/python3.10/site-packages/airflow/example_dags/example_branch_labels.py
[2024-07-18T19:10:01.487+0200] {logging_mixin.py:188} INFO - [2024-07-18T19:10:01.486+0200] {dag.py:3089} INFO - Sync 1 DAGs
[2024-07-18T19:10:01.499+0200] {logging_mixin.py:188} INFO - [2024-07-18T19:10:01.499+0200] {dag.py:3947} INFO - Setting next_dagrun for example_branch_labels to 2024-07-17 00:00:00+00:00, run_after=2024-07-18 00:00:00+00:00
[2024-07-18T19:10:01.511+0200] {processor.py:183} INFO - Processing /home/richonlinux/Documents/GitHub/AirflowTuto/venv/lib/python3.10/site-packages/airflow/example_dags/example_branch_labels.py took 0.044 seconds
[2024-07-18T19:10:55.066+0200] {processor.py:161} INFO - Started process (PID=289103) to work on /home/richonlinux/Documents/GitHub/AirflowTuto/venv/lib/python3.10/site-packages/airflow/example_dags/example_branch_labels.py
[2024-07-18T19:10:55.067+0200] {processor.py:830} INFO - Processing file /home/richonlinux/Documents/GitHub/AirflowTuto/venv/lib/python3.10/site-packages/airflow/example_dags/example_branch_labels.py for tasks to queue
[2024-07-18T19:10:55.068+0200] {logging_mixin.py:188} INFO - [2024-07-18T19:10:55.068+0200] {dagbag.py:545} INFO - Filling up the DagBag from /home/richonlinux/Documents/GitHub/AirflowTuto/venv/lib/python3.10/site-packages/airflow/example_dags/example_branch_labels.py
[2024-07-18T19:10:55.073+0200] {processor.py:840} INFO - DAG(s) 'example_branch_labels' retrieved from /home/richonlinux/Documents/GitHub/AirflowTuto/venv/lib/python3.10/site-packages/airflow/example_dags/example_branch_labels.py
[2024-07-18T19:10:55.084+0200] {logging_mixin.py:188} INFO - [2024-07-18T19:10:55.083+0200] {dag.py:3089} INFO - Sync 1 DAGs
[2024-07-18T19:10:55.097+0200] {logging_mixin.py:188} INFO - [2024-07-18T19:10:55.096+0200] {dag.py:3947} INFO - Setting next_dagrun for example_branch_labels to 2024-07-17 00:00:00+00:00, run_after=2024-07-18 00:00:00+00:00
[2024-07-18T19:10:55.113+0200] {processor.py:183} INFO - Processing /home/richonlinux/Documents/GitHub/AirflowTuto/venv/lib/python3.10/site-packages/airflow/example_dags/example_branch_labels.py took 0.050 seconds
[2024-07-18T19:11:51.806+0200] {processor.py:161} INFO - Started process (PID=290107) to work on /home/richonlinux/Documents/GitHub/AirflowTuto/venv/lib/python3.10/site-packages/airflow/example_dags/example_branch_labels.py
[2024-07-18T19:11:51.807+0200] {processor.py:830} INFO - Processing file /home/richonlinux/Documents/GitHub/AirflowTuto/venv/lib/python3.10/site-packages/airflow/example_dags/example_branch_labels.py for tasks to queue
[2024-07-18T19:11:51.808+0200] {logging_mixin.py:188} INFO - [2024-07-18T19:11:51.808+0200] {dagbag.py:545} INFO - Filling up the DagBag from /home/richonlinux/Documents/GitHub/AirflowTuto/venv/lib/python3.10/site-packages/airflow/example_dags/example_branch_labels.py
[2024-07-18T19:11:51.813+0200] {processor.py:840} INFO - DAG(s) 'example_branch_labels' retrieved from /home/richonlinux/Documents/GitHub/AirflowTuto/venv/lib/python3.10/site-packages/airflow/example_dags/example_branch_labels.py
[2024-07-18T19:11:51.822+0200] {logging_mixin.py:188} INFO - [2024-07-18T19:11:51.822+0200] {dag.py:3089} INFO - Sync 1 DAGs
[2024-07-18T19:11:51.835+0200] {logging_mixin.py:188} INFO - [2024-07-18T19:11:51.835+0200] {dag.py:3947} INFO - Setting next_dagrun for example_branch_labels to 2024-07-17 00:00:00+00:00, run_after=2024-07-18 00:00:00+00:00
[2024-07-18T19:11:51.847+0200] {processor.py:183} INFO - Processing /home/richonlinux/Documents/GitHub/AirflowTuto/venv/lib/python3.10/site-packages/airflow/example_dags/example_branch_labels.py took 0.045 seconds
[2024-07-18T19:12:48.393+0200] {processor.py:161} INFO - Started process (PID=291007) to work on /home/richonlinux/Documents/GitHub/AirflowTuto/venv/lib/python3.10/site-packages/airflow/example_dags/example_branch_labels.py
[2024-07-18T19:12:48.394+0200] {processor.py:830} INFO - Processing file /home/richonlinux/Documents/GitHub/AirflowTuto/venv/lib/python3.10/site-packages/airflow/example_dags/example_branch_labels.py for tasks to queue
[2024-07-18T19:12:48.395+0200] {logging_mixin.py:188} INFO - [2024-07-18T19:12:48.395+0200] {dagbag.py:545} INFO - Filling up the DagBag from /home/richonlinux/Documents/GitHub/AirflowTuto/venv/lib/python3.10/site-packages/airflow/example_dags/example_branch_labels.py
[2024-07-18T19:12:48.400+0200] {processor.py:840} INFO - DAG(s) 'example_branch_labels' retrieved from /home/richonlinux/Documents/GitHub/AirflowTuto/venv/lib/python3.10/site-packages/airflow/example_dags/example_branch_labels.py
[2024-07-18T19:12:48.409+0200] {logging_mixin.py:188} INFO - [2024-07-18T19:12:48.409+0200] {dag.py:3089} INFO - Sync 1 DAGs
[2024-07-18T19:12:48.421+0200] {logging_mixin.py:188} INFO - [2024-07-18T19:12:48.421+0200] {dag.py:3947} INFO - Setting next_dagrun for example_branch_labels to 2024-07-17 00:00:00+00:00, run_after=2024-07-18 00:00:00+00:00
[2024-07-18T19:12:48.434+0200] {processor.py:183} INFO - Processing /home/richonlinux/Documents/GitHub/AirflowTuto/venv/lib/python3.10/site-packages/airflow/example_dags/example_branch_labels.py took 0.044 seconds
[2024-07-18T19:13:47.756+0200] {processor.py:161} INFO - Started process (PID=291975) to work on /home/richonlinux/Documents/GitHub/AirflowTuto/venv/lib/python3.10/site-packages/airflow/example_dags/example_branch_labels.py
[2024-07-18T19:13:47.757+0200] {processor.py:830} INFO - Processing file /home/richonlinux/Documents/GitHub/AirflowTuto/venv/lib/python3.10/site-packages/airflow/example_dags/example_branch_labels.py for tasks to queue
[2024-07-18T19:13:47.758+0200] {logging_mixin.py:188} INFO - [2024-07-18T19:13:47.757+0200] {dagbag.py:545} INFO - Filling up the DagBag from /home/richonlinux/Documents/GitHub/AirflowTuto/venv/lib/python3.10/site-packages/airflow/example_dags/example_branch_labels.py
[2024-07-18T19:13:47.763+0200] {processor.py:840} INFO - DAG(s) 'example_branch_labels' retrieved from /home/richonlinux/Documents/GitHub/AirflowTuto/venv/lib/python3.10/site-packages/airflow/example_dags/example_branch_labels.py
[2024-07-18T19:13:47.772+0200] {logging_mixin.py:188} INFO - [2024-07-18T19:13:47.772+0200] {dag.py:3089} INFO - Sync 1 DAGs
[2024-07-18T19:13:47.789+0200] {logging_mixin.py:188} INFO - [2024-07-18T19:13:47.788+0200] {dag.py:3947} INFO - Setting next_dagrun for example_branch_labels to 2024-07-17 00:00:00+00:00, run_after=2024-07-18 00:00:00+00:00
[2024-07-18T19:13:47.802+0200] {processor.py:183} INFO - Processing /home/richonlinux/Documents/GitHub/AirflowTuto/venv/lib/python3.10/site-packages/airflow/example_dags/example_branch_labels.py took 0.049 seconds
[2024-07-18T19:14:47.825+0200] {processor.py:161} INFO - Started process (PID=292918) to work on /home/richonlinux/Documents/GitHub/AirflowTuto/venv/lib/python3.10/site-packages/airflow/example_dags/example_branch_labels.py
[2024-07-18T19:14:47.826+0200] {processor.py:830} INFO - Processing file /home/richonlinux/Documents/GitHub/AirflowTuto/venv/lib/python3.10/site-packages/airflow/example_dags/example_branch_labels.py for tasks to queue
[2024-07-18T19:14:47.827+0200] {logging_mixin.py:188} INFO - [2024-07-18T19:14:47.827+0200] {dagbag.py:545} INFO - Filling up the DagBag from /home/richonlinux/Documents/GitHub/AirflowTuto/venv/lib/python3.10/site-packages/airflow/example_dags/example_branch_labels.py
[2024-07-18T19:14:47.832+0200] {processor.py:840} INFO - DAG(s) 'example_branch_labels' retrieved from /home/richonlinux/Documents/GitHub/AirflowTuto/venv/lib/python3.10/site-packages/airflow/example_dags/example_branch_labels.py
[2024-07-18T19:14:47.842+0200] {logging_mixin.py:188} INFO - [2024-07-18T19:14:47.841+0200] {dag.py:3089} INFO - Sync 1 DAGs
[2024-07-18T19:14:47.854+0200] {logging_mixin.py:188} INFO - [2024-07-18T19:14:47.854+0200] {dag.py:3947} INFO - Setting next_dagrun for example_branch_labels to 2024-07-17 00:00:00+00:00, run_after=2024-07-18 00:00:00+00:00
[2024-07-18T19:14:47.866+0200] {processor.py:183} INFO - Processing /home/richonlinux/Documents/GitHub/AirflowTuto/venv/lib/python3.10/site-packages/airflow/example_dags/example_branch_labels.py took 0.044 seconds
[2024-07-18T19:15:49.471+0200] {processor.py:161} INFO - Started process (PID=293878) to work on /home/richonlinux/Documents/GitHub/AirflowTuto/venv/lib/python3.10/site-packages/airflow/example_dags/example_branch_labels.py
[2024-07-18T19:15:49.472+0200] {processor.py:830} INFO - Processing file /home/richonlinux/Documents/GitHub/AirflowTuto/venv/lib/python3.10/site-packages/airflow/example_dags/example_branch_labels.py for tasks to queue
[2024-07-18T19:15:49.473+0200] {logging_mixin.py:188} INFO - [2024-07-18T19:15:49.473+0200] {dagbag.py:545} INFO - Filling up the DagBag from /home/richonlinux/Documents/GitHub/AirflowTuto/venv/lib/python3.10/site-packages/airflow/example_dags/example_branch_labels.py
[2024-07-18T19:15:49.478+0200] {processor.py:840} INFO - DAG(s) 'example_branch_labels' retrieved from /home/richonlinux/Documents/GitHub/AirflowTuto/venv/lib/python3.10/site-packages/airflow/example_dags/example_branch_labels.py
[2024-07-18T19:15:49.488+0200] {logging_mixin.py:188} INFO - [2024-07-18T19:15:49.487+0200] {dag.py:3089} INFO - Sync 1 DAGs
[2024-07-18T19:15:49.499+0200] {logging_mixin.py:188} INFO - [2024-07-18T19:15:49.499+0200] {dag.py:3947} INFO - Setting next_dagrun for example_branch_labels to 2024-07-17 00:00:00+00:00, run_after=2024-07-18 00:00:00+00:00
[2024-07-18T19:15:49.512+0200] {processor.py:183} INFO - Processing /home/richonlinux/Documents/GitHub/AirflowTuto/venv/lib/python3.10/site-packages/airflow/example_dags/example_branch_labels.py took 0.044 seconds
[2024-07-18T19:16:44.300+0200] {processor.py:161} INFO - Started process (PID=294803) to work on /home/richonlinux/Documents/GitHub/AirflowTuto/venv/lib/python3.10/site-packages/airflow/example_dags/example_branch_labels.py
[2024-07-18T19:16:44.300+0200] {processor.py:830} INFO - Processing file /home/richonlinux/Documents/GitHub/AirflowTuto/venv/lib/python3.10/site-packages/airflow/example_dags/example_branch_labels.py for tasks to queue
[2024-07-18T19:16:44.301+0200] {logging_mixin.py:188} INFO - [2024-07-18T19:16:44.301+0200] {dagbag.py:545} INFO - Filling up the DagBag from /home/richonlinux/Documents/GitHub/AirflowTuto/venv/lib/python3.10/site-packages/airflow/example_dags/example_branch_labels.py
[2024-07-18T19:16:44.307+0200] {processor.py:840} INFO - DAG(s) 'example_branch_labels' retrieved from /home/richonlinux/Documents/GitHub/AirflowTuto/venv/lib/python3.10/site-packages/airflow/example_dags/example_branch_labels.py
[2024-07-18T19:16:44.317+0200] {logging_mixin.py:188} INFO - [2024-07-18T19:16:44.317+0200] {dag.py:3089} INFO - Sync 1 DAGs
[2024-07-18T19:16:44.329+0200] {logging_mixin.py:188} INFO - [2024-07-18T19:16:44.329+0200] {dag.py:3947} INFO - Setting next_dagrun for example_branch_labels to 2024-07-17 00:00:00+00:00, run_after=2024-07-18 00:00:00+00:00
[2024-07-18T19:16:44.342+0200] {processor.py:183} INFO - Processing /home/richonlinux/Documents/GitHub/AirflowTuto/venv/lib/python3.10/site-packages/airflow/example_dags/example_branch_labels.py took 0.045 seconds
[2024-07-18T19:17:41.392+0200] {processor.py:161} INFO - Started process (PID=295736) to work on /home/richonlinux/Documents/GitHub/AirflowTuto/venv/lib/python3.10/site-packages/airflow/example_dags/example_branch_labels.py
[2024-07-18T19:17:41.393+0200] {processor.py:830} INFO - Processing file /home/richonlinux/Documents/GitHub/AirflowTuto/venv/lib/python3.10/site-packages/airflow/example_dags/example_branch_labels.py for tasks to queue
[2024-07-18T19:17:41.393+0200] {logging_mixin.py:188} INFO - [2024-07-18T19:17:41.393+0200] {dagbag.py:545} INFO - Filling up the DagBag from /home/richonlinux/Documents/GitHub/AirflowTuto/venv/lib/python3.10/site-packages/airflow/example_dags/example_branch_labels.py
[2024-07-18T19:17:41.398+0200] {processor.py:840} INFO - DAG(s) 'example_branch_labels' retrieved from /home/richonlinux/Documents/GitHub/AirflowTuto/venv/lib/python3.10/site-packages/airflow/example_dags/example_branch_labels.py
[2024-07-18T19:17:41.410+0200] {logging_mixin.py:188} INFO - [2024-07-18T19:17:41.410+0200] {dag.py:3089} INFO - Sync 1 DAGs
[2024-07-18T19:17:41.422+0200] {logging_mixin.py:188} INFO - [2024-07-18T19:17:41.421+0200] {dag.py:3947} INFO - Setting next_dagrun for example_branch_labels to 2024-07-17 00:00:00+00:00, run_after=2024-07-18 00:00:00+00:00
[2024-07-18T19:17:41.436+0200] {processor.py:183} INFO - Processing /home/richonlinux/Documents/GitHub/AirflowTuto/venv/lib/python3.10/site-packages/airflow/example_dags/example_branch_labels.py took 0.047 seconds
[2024-07-18T19:18:42.974+0200] {processor.py:161} INFO - Started process (PID=296758) to work on /home/richonlinux/Documents/GitHub/AirflowTuto/venv/lib/python3.10/site-packages/airflow/example_dags/example_branch_labels.py
[2024-07-18T19:18:42.975+0200] {processor.py:830} INFO - Processing file /home/richonlinux/Documents/GitHub/AirflowTuto/venv/lib/python3.10/site-packages/airflow/example_dags/example_branch_labels.py for tasks to queue
[2024-07-18T19:18:42.977+0200] {logging_mixin.py:188} INFO - [2024-07-18T19:18:42.976+0200] {dagbag.py:545} INFO - Filling up the DagBag from /home/richonlinux/Documents/GitHub/AirflowTuto/venv/lib/python3.10/site-packages/airflow/example_dags/example_branch_labels.py
[2024-07-18T19:18:42.984+0200] {processor.py:840} INFO - DAG(s) 'example_branch_labels' retrieved from /home/richonlinux/Documents/GitHub/AirflowTuto/venv/lib/python3.10/site-packages/airflow/example_dags/example_branch_labels.py
[2024-07-18T19:18:43.000+0200] {logging_mixin.py:188} INFO - [2024-07-18T19:18:43.000+0200] {dag.py:3089} INFO - Sync 1 DAGs
[2024-07-18T19:18:43.020+0200] {logging_mixin.py:188} INFO - [2024-07-18T19:18:43.020+0200] {dag.py:3947} INFO - Setting next_dagrun for example_branch_labels to 2024-07-17 00:00:00+00:00, run_after=2024-07-18 00:00:00+00:00
[2024-07-18T19:18:43.046+0200] {processor.py:183} INFO - Processing /home/richonlinux/Documents/GitHub/AirflowTuto/venv/lib/python3.10/site-packages/airflow/example_dags/example_branch_labels.py took 0.078 seconds
[2024-07-18T19:19:39.556+0200] {processor.py:161} INFO - Started process (PID=297684) to work on /home/richonlinux/Documents/GitHub/AirflowTuto/venv/lib/python3.10/site-packages/airflow/example_dags/example_branch_labels.py
[2024-07-18T19:19:39.557+0200] {processor.py:830} INFO - Processing file /home/richonlinux/Documents/GitHub/AirflowTuto/venv/lib/python3.10/site-packages/airflow/example_dags/example_branch_labels.py for tasks to queue
[2024-07-18T19:19:39.558+0200] {logging_mixin.py:188} INFO - [2024-07-18T19:19:39.558+0200] {dagbag.py:545} INFO - Filling up the DagBag from /home/richonlinux/Documents/GitHub/AirflowTuto/venv/lib/python3.10/site-packages/airflow/example_dags/example_branch_labels.py
[2024-07-18T19:19:39.563+0200] {processor.py:840} INFO - DAG(s) 'example_branch_labels' retrieved from /home/richonlinux/Documents/GitHub/AirflowTuto/venv/lib/python3.10/site-packages/airflow/example_dags/example_branch_labels.py
[2024-07-18T19:19:39.575+0200] {logging_mixin.py:188} INFO - [2024-07-18T19:19:39.575+0200] {dag.py:3089} INFO - Sync 1 DAGs
[2024-07-18T19:19:39.588+0200] {logging_mixin.py:188} INFO - [2024-07-18T19:19:39.588+0200] {dag.py:3947} INFO - Setting next_dagrun for example_branch_labels to 2024-07-17 00:00:00+00:00, run_after=2024-07-18 00:00:00+00:00
[2024-07-18T19:19:39.604+0200] {processor.py:183} INFO - Processing /home/richonlinux/Documents/GitHub/AirflowTuto/venv/lib/python3.10/site-packages/airflow/example_dags/example_branch_labels.py took 0.051 seconds
[2024-07-18T19:20:41.184+0200] {processor.py:161} INFO - Started process (PID=298661) to work on /home/richonlinux/Documents/GitHub/AirflowTuto/venv/lib/python3.10/site-packages/airflow/example_dags/example_branch_labels.py
[2024-07-18T19:20:41.185+0200] {processor.py:830} INFO - Processing file /home/richonlinux/Documents/GitHub/AirflowTuto/venv/lib/python3.10/site-packages/airflow/example_dags/example_branch_labels.py for tasks to queue
[2024-07-18T19:20:41.186+0200] {logging_mixin.py:188} INFO - [2024-07-18T19:20:41.186+0200] {dagbag.py:545} INFO - Filling up the DagBag from /home/richonlinux/Documents/GitHub/AirflowTuto/venv/lib/python3.10/site-packages/airflow/example_dags/example_branch_labels.py
[2024-07-18T19:20:41.191+0200] {processor.py:840} INFO - DAG(s) 'example_branch_labels' retrieved from /home/richonlinux/Documents/GitHub/AirflowTuto/venv/lib/python3.10/site-packages/airflow/example_dags/example_branch_labels.py
[2024-07-18T19:20:41.201+0200] {logging_mixin.py:188} INFO - [2024-07-18T19:20:41.201+0200] {dag.py:3089} INFO - Sync 1 DAGs
[2024-07-18T19:20:41.212+0200] {logging_mixin.py:188} INFO - [2024-07-18T19:20:41.212+0200] {dag.py:3947} INFO - Setting next_dagrun for example_branch_labels to 2024-07-17 00:00:00+00:00, run_after=2024-07-18 00:00:00+00:00
[2024-07-18T19:20:41.226+0200] {processor.py:183} INFO - Processing /home/richonlinux/Documents/GitHub/AirflowTuto/venv/lib/python3.10/site-packages/airflow/example_dags/example_branch_labels.py took 0.048 seconds
[2024-07-18T19:21:42.533+0200] {processor.py:161} INFO - Started process (PID=299733) to work on /home/richonlinux/Documents/GitHub/AirflowTuto/venv/lib/python3.10/site-packages/airflow/example_dags/example_branch_labels.py
[2024-07-18T19:21:42.534+0200] {processor.py:830} INFO - Processing file /home/richonlinux/Documents/GitHub/AirflowTuto/venv/lib/python3.10/site-packages/airflow/example_dags/example_branch_labels.py for tasks to queue
[2024-07-18T19:21:42.535+0200] {logging_mixin.py:188} INFO - [2024-07-18T19:21:42.535+0200] {dagbag.py:545} INFO - Filling up the DagBag from /home/richonlinux/Documents/GitHub/AirflowTuto/venv/lib/python3.10/site-packages/airflow/example_dags/example_branch_labels.py
[2024-07-18T19:21:42.540+0200] {processor.py:840} INFO - DAG(s) 'example_branch_labels' retrieved from /home/richonlinux/Documents/GitHub/AirflowTuto/venv/lib/python3.10/site-packages/airflow/example_dags/example_branch_labels.py
[2024-07-18T19:21:42.550+0200] {logging_mixin.py:188} INFO - [2024-07-18T19:21:42.550+0200] {dag.py:3089} INFO - Sync 1 DAGs
[2024-07-18T19:21:42.561+0200] {logging_mixin.py:188} INFO - [2024-07-18T19:21:42.561+0200] {dag.py:3947} INFO - Setting next_dagrun for example_branch_labels to 2024-07-17 00:00:00+00:00, run_after=2024-07-18 00:00:00+00:00
[2024-07-18T19:21:42.574+0200] {processor.py:183} INFO - Processing /home/richonlinux/Documents/GitHub/AirflowTuto/venv/lib/python3.10/site-packages/airflow/example_dags/example_branch_labels.py took 0.044 seconds
[2024-07-18T19:22:38.000+0200] {processor.py:161} INFO - Started process (PID=300620) to work on /home/richonlinux/Documents/GitHub/AirflowTuto/venv/lib/python3.10/site-packages/airflow/example_dags/example_branch_labels.py
[2024-07-18T19:22:38.005+0200] {processor.py:830} INFO - Processing file /home/richonlinux/Documents/GitHub/AirflowTuto/venv/lib/python3.10/site-packages/airflow/example_dags/example_branch_labels.py for tasks to queue
[2024-07-18T19:22:38.007+0200] {logging_mixin.py:188} INFO - [2024-07-18T19:22:38.006+0200] {dagbag.py:545} INFO - Filling up the DagBag from /home/richonlinux/Documents/GitHub/AirflowTuto/venv/lib/python3.10/site-packages/airflow/example_dags/example_branch_labels.py
[2024-07-18T19:22:38.015+0200] {processor.py:840} INFO - DAG(s) 'example_branch_labels' retrieved from /home/richonlinux/Documents/GitHub/AirflowTuto/venv/lib/python3.10/site-packages/airflow/example_dags/example_branch_labels.py
[2024-07-18T19:22:38.024+0200] {logging_mixin.py:188} INFO - [2024-07-18T19:22:38.024+0200] {dag.py:3089} INFO - Sync 1 DAGs
[2024-07-18T19:22:38.034+0200] {logging_mixin.py:188} INFO - [2024-07-18T19:22:38.034+0200] {dag.py:3947} INFO - Setting next_dagrun for example_branch_labels to 2024-07-17 00:00:00+00:00, run_after=2024-07-18 00:00:00+00:00
[2024-07-18T19:22:38.046+0200] {processor.py:183} INFO - Processing /home/richonlinux/Documents/GitHub/AirflowTuto/venv/lib/python3.10/site-packages/airflow/example_dags/example_branch_labels.py took 0.053 seconds
