[2024-07-18T18:16:34.395+0200] {processor.py:161} INFO - Started process (PID=258207) to work on /home/richonlinux/Documents/GitHub/AirflowTuto/venv/lib/python3.10/site-packages/airflow/example_dags/example_task_group.py
[2024-07-18T18:16:34.396+0200] {processor.py:830} INFO - Processing file /home/richonlinux/Documents/GitHub/AirflowTuto/venv/lib/python3.10/site-packages/airflow/example_dags/example_task_group.py for tasks to queue
[2024-07-18T18:16:34.397+0200] {logging_mixin.py:188} INFO - [2024-07-18T18:16:34.397+0200] {dagbag.py:545} INFO - Filling up the DagBag from /home/richonlinux/Documents/GitHub/AirflowTuto/venv/lib/python3.10/site-packages/airflow/example_dags/example_task_group.py
[2024-07-18T18:16:34.402+0200] {processor.py:840} INFO - DAG(s) 'example_task_group' retrieved from /home/richonlinux/Documents/GitHub/AirflowTuto/venv/lib/python3.10/site-packages/airflow/example_dags/example_task_group.py
[2024-07-18T18:16:34.461+0200] {logging_mixin.py:188} INFO - [2024-07-18T18:16:34.461+0200] {override.py:1858} INFO - Created Permission View: can edit on DAG:example_task_group
[2024-07-18T18:16:34.470+0200] {logging_mixin.py:188} INFO - [2024-07-18T18:16:34.470+0200] {override.py:1858} INFO - Created Permission View: can read on DAG:example_task_group
[2024-07-18T18:16:34.475+0200] {logging_mixin.py:188} INFO - [2024-07-18T18:16:34.475+0200] {override.py:1858} INFO - Created Permission View: can delete on DAG:example_task_group
[2024-07-18T18:16:34.476+0200] {logging_mixin.py:188} INFO - [2024-07-18T18:16:34.476+0200] {dag.py:3089} INFO - Sync 1 DAGs
[2024-07-18T18:16:34.481+0200] {logging_mixin.py:188} INFO - [2024-07-18T18:16:34.481+0200] {dag.py:3111} INFO - Creating ORM DAG for example_task_group
[2024-07-18T18:16:34.486+0200] {logging_mixin.py:188} INFO - [2024-07-18T18:16:34.486+0200] {dag.py:3947} INFO - Setting next_dagrun for example_task_group to 2024-07-17 00:00:00+00:00, run_after=2024-07-18 00:00:00+00:00
[2024-07-18T18:16:34.499+0200] {processor.py:183} INFO - Processing /home/richonlinux/Documents/GitHub/AirflowTuto/venv/lib/python3.10/site-packages/airflow/example_dags/example_task_group.py took 0.109 seconds
[2024-07-18T18:17:26.788+0200] {processor.py:161} INFO - Started process (PID=259076) to work on /home/richonlinux/Documents/GitHub/AirflowTuto/venv/lib/python3.10/site-packages/airflow/example_dags/example_task_group.py
[2024-07-18T18:17:26.792+0200] {processor.py:830} INFO - Processing file /home/richonlinux/Documents/GitHub/AirflowTuto/venv/lib/python3.10/site-packages/airflow/example_dags/example_task_group.py for tasks to queue
[2024-07-18T18:17:26.793+0200] {logging_mixin.py:188} INFO - [2024-07-18T18:17:26.793+0200] {dagbag.py:545} INFO - Filling up the DagBag from /home/richonlinux/Documents/GitHub/AirflowTuto/venv/lib/python3.10/site-packages/airflow/example_dags/example_task_group.py
[2024-07-18T18:17:26.797+0200] {processor.py:840} INFO - DAG(s) 'example_task_group' retrieved from /home/richonlinux/Documents/GitHub/AirflowTuto/venv/lib/python3.10/site-packages/airflow/example_dags/example_task_group.py
[2024-07-18T18:17:26.807+0200] {logging_mixin.py:188} INFO - [2024-07-18T18:17:26.806+0200] {dag.py:3089} INFO - Sync 1 DAGs
[2024-07-18T18:17:26.816+0200] {logging_mixin.py:188} INFO - [2024-07-18T18:17:26.816+0200] {dag.py:3947} INFO - Setting next_dagrun for example_task_group to 2024-07-17 00:00:00+00:00, run_after=2024-07-18 00:00:00+00:00
[2024-07-18T18:17:26.828+0200] {processor.py:183} INFO - Processing /home/richonlinux/Documents/GitHub/AirflowTuto/venv/lib/python3.10/site-packages/airflow/example_dags/example_task_group.py took 0.052 seconds
[2024-07-18T18:44:15.062+0200] {processor.py:161} INFO - Started process (PID=260271) to work on /home/richonlinux/Documents/GitHub/AirflowTuto/venv/lib/python3.10/site-packages/airflow/example_dags/example_task_group.py
[2024-07-18T18:44:15.063+0200] {processor.py:830} INFO - Processing file /home/richonlinux/Documents/GitHub/AirflowTuto/venv/lib/python3.10/site-packages/airflow/example_dags/example_task_group.py for tasks to queue
[2024-07-18T18:44:15.064+0200] {logging_mixin.py:188} INFO - [2024-07-18T18:44:15.064+0200] {dagbag.py:545} INFO - Filling up the DagBag from /home/richonlinux/Documents/GitHub/AirflowTuto/venv/lib/python3.10/site-packages/airflow/example_dags/example_task_group.py
[2024-07-18T18:44:15.070+0200] {processor.py:840} INFO - DAG(s) 'example_task_group' retrieved from /home/richonlinux/Documents/GitHub/AirflowTuto/venv/lib/python3.10/site-packages/airflow/example_dags/example_task_group.py
[2024-07-18T18:44:15.079+0200] {logging_mixin.py:188} INFO - [2024-07-18T18:44:15.079+0200] {dag.py:3089} INFO - Sync 1 DAGs
[2024-07-18T18:44:15.151+0200] {logging_mixin.py:188} INFO - [2024-07-18T18:44:15.151+0200] {dag.py:3947} INFO - Setting next_dagrun for example_task_group to 2024-07-17 00:00:00+00:00, run_after=2024-07-18 00:00:00+00:00
[2024-07-18T18:44:15.163+0200] {processor.py:183} INFO - Processing /home/richonlinux/Documents/GitHub/AirflowTuto/venv/lib/python3.10/site-packages/airflow/example_dags/example_task_group.py took 0.108 seconds
[2024-07-18T18:45:08.006+0200] {processor.py:161} INFO - Started process (PID=261370) to work on /home/richonlinux/Documents/GitHub/AirflowTuto/venv/lib/python3.10/site-packages/airflow/example_dags/example_task_group.py
[2024-07-18T18:45:08.009+0200] {processor.py:830} INFO - Processing file /home/richonlinux/Documents/GitHub/AirflowTuto/venv/lib/python3.10/site-packages/airflow/example_dags/example_task_group.py for tasks to queue
[2024-07-18T18:45:08.011+0200] {logging_mixin.py:188} INFO - [2024-07-18T18:45:08.011+0200] {dagbag.py:545} INFO - Filling up the DagBag from /home/richonlinux/Documents/GitHub/AirflowTuto/venv/lib/python3.10/site-packages/airflow/example_dags/example_task_group.py
[2024-07-18T18:45:08.017+0200] {processor.py:840} INFO - DAG(s) 'example_task_group' retrieved from /home/richonlinux/Documents/GitHub/AirflowTuto/venv/lib/python3.10/site-packages/airflow/example_dags/example_task_group.py
[2024-07-18T18:45:08.029+0200] {logging_mixin.py:188} INFO - [2024-07-18T18:45:08.029+0200] {dag.py:3089} INFO - Sync 1 DAGs
[2024-07-18T18:45:08.041+0200] {logging_mixin.py:188} INFO - [2024-07-18T18:45:08.041+0200] {dag.py:3947} INFO - Setting next_dagrun for example_task_group to 2024-07-17 00:00:00+00:00, run_after=2024-07-18 00:00:00+00:00
[2024-07-18T18:45:08.056+0200] {processor.py:183} INFO - Processing /home/richonlinux/Documents/GitHub/AirflowTuto/venv/lib/python3.10/site-packages/airflow/example_dags/example_task_group.py took 0.055 seconds
[2024-07-18T18:45:52.274+0200] {processor.py:161} INFO - Started process (PID=262323) to work on /home/richonlinux/Documents/GitHub/AirflowTuto/venv/lib/python3.10/site-packages/airflow/example_dags/example_task_group.py
[2024-07-18T18:45:52.274+0200] {processor.py:830} INFO - Processing file /home/richonlinux/Documents/GitHub/AirflowTuto/venv/lib/python3.10/site-packages/airflow/example_dags/example_task_group.py for tasks to queue
[2024-07-18T18:45:52.276+0200] {logging_mixin.py:188} INFO - [2024-07-18T18:45:52.276+0200] {dagbag.py:545} INFO - Filling up the DagBag from /home/richonlinux/Documents/GitHub/AirflowTuto/venv/lib/python3.10/site-packages/airflow/example_dags/example_task_group.py
[2024-07-18T18:45:52.281+0200] {processor.py:840} INFO - DAG(s) 'example_task_group' retrieved from /home/richonlinux/Documents/GitHub/AirflowTuto/venv/lib/python3.10/site-packages/airflow/example_dags/example_task_group.py
[2024-07-18T18:45:52.290+0200] {logging_mixin.py:188} INFO - [2024-07-18T18:45:52.290+0200] {dag.py:3089} INFO - Sync 1 DAGs
[2024-07-18T18:45:52.300+0200] {logging_mixin.py:188} INFO - [2024-07-18T18:45:52.300+0200] {dag.py:3947} INFO - Setting next_dagrun for example_task_group to 2024-07-17 00:00:00+00:00, run_after=2024-07-18 00:00:00+00:00
[2024-07-18T18:45:52.314+0200] {processor.py:183} INFO - Processing /home/richonlinux/Documents/GitHub/AirflowTuto/venv/lib/python3.10/site-packages/airflow/example_dags/example_task_group.py took 0.044 seconds
[2024-07-18T18:49:45.963+0200] {processor.py:161} INFO - Started process (PID=266560) to work on /home/richonlinux/Documents/GitHub/AirflowTuto/venv/lib/python3.10/site-packages/airflow/example_dags/example_task_group.py
[2024-07-18T18:49:45.964+0200] {processor.py:830} INFO - Processing file /home/richonlinux/Documents/GitHub/AirflowTuto/venv/lib/python3.10/site-packages/airflow/example_dags/example_task_group.py for tasks to queue
[2024-07-18T18:49:45.966+0200] {logging_mixin.py:188} INFO - [2024-07-18T18:49:45.965+0200] {dagbag.py:545} INFO - Filling up the DagBag from /home/richonlinux/Documents/GitHub/AirflowTuto/venv/lib/python3.10/site-packages/airflow/example_dags/example_task_group.py
[2024-07-18T18:49:45.972+0200] {processor.py:840} INFO - DAG(s) 'example_task_group' retrieved from /home/richonlinux/Documents/GitHub/AirflowTuto/venv/lib/python3.10/site-packages/airflow/example_dags/example_task_group.py
[2024-07-18T18:49:45.976+0200] {logging_mixin.py:188} INFO - [2024-07-18T18:49:45.976+0200] {dag.py:3089} INFO - Sync 1 DAGs
[2024-07-18T18:49:45.986+0200] {logging_mixin.py:188} INFO - [2024-07-18T18:49:45.986+0200] {dag.py:3947} INFO - Setting next_dagrun for example_task_group to 2024-07-17 00:00:00+00:00, run_after=2024-07-18 00:00:00+00:00
[2024-07-18T18:49:45.999+0200] {processor.py:183} INFO - Processing /home/richonlinux/Documents/GitHub/AirflowTuto/venv/lib/python3.10/site-packages/airflow/example_dags/example_task_group.py took 0.044 seconds
[2024-07-18T18:51:39.373+0200] {processor.py:161} INFO - Started process (PID=268574) to work on /home/richonlinux/Documents/GitHub/AirflowTuto/venv/lib/python3.10/site-packages/airflow/example_dags/example_task_group.py
[2024-07-18T18:51:39.375+0200] {processor.py:830} INFO - Processing file /home/richonlinux/Documents/GitHub/AirflowTuto/venv/lib/python3.10/site-packages/airflow/example_dags/example_task_group.py for tasks to queue
[2024-07-18T18:51:39.377+0200] {logging_mixin.py:188} INFO - [2024-07-18T18:51:39.376+0200] {dagbag.py:545} INFO - Filling up the DagBag from /home/richonlinux/Documents/GitHub/AirflowTuto/venv/lib/python3.10/site-packages/airflow/example_dags/example_task_group.py
[2024-07-18T18:51:39.383+0200] {processor.py:840} INFO - DAG(s) 'example_task_group' retrieved from /home/richonlinux/Documents/GitHub/AirflowTuto/venv/lib/python3.10/site-packages/airflow/example_dags/example_task_group.py
[2024-07-18T18:51:39.389+0200] {logging_mixin.py:188} INFO - [2024-07-18T18:51:39.389+0200] {dag.py:3089} INFO - Sync 1 DAGs
[2024-07-18T18:51:39.404+0200] {logging_mixin.py:188} INFO - [2024-07-18T18:51:39.404+0200] {dag.py:3947} INFO - Setting next_dagrun for example_task_group to 2024-07-17 00:00:00+00:00, run_after=2024-07-18 00:00:00+00:00
[2024-07-18T18:51:39.419+0200] {processor.py:183} INFO - Processing /home/richonlinux/Documents/GitHub/AirflowTuto/venv/lib/python3.10/site-packages/airflow/example_dags/example_task_group.py took 0.052 seconds
[2024-07-18T18:52:31.286+0200] {processor.py:161} INFO - Started process (PID=269628) to work on /home/richonlinux/Documents/GitHub/AirflowTuto/venv/lib/python3.10/site-packages/airflow/example_dags/example_task_group.py
[2024-07-18T18:52:31.290+0200] {processor.py:830} INFO - Processing file /home/richonlinux/Documents/GitHub/AirflowTuto/venv/lib/python3.10/site-packages/airflow/example_dags/example_task_group.py for tasks to queue
[2024-07-18T18:52:31.291+0200] {logging_mixin.py:188} INFO - [2024-07-18T18:52:31.291+0200] {dagbag.py:545} INFO - Filling up the DagBag from /home/richonlinux/Documents/GitHub/AirflowTuto/venv/lib/python3.10/site-packages/airflow/example_dags/example_task_group.py
[2024-07-18T18:52:31.296+0200] {processor.py:840} INFO - DAG(s) 'example_task_group' retrieved from /home/richonlinux/Documents/GitHub/AirflowTuto/venv/lib/python3.10/site-packages/airflow/example_dags/example_task_group.py
[2024-07-18T18:52:31.423+0200] {logging_mixin.py:188} INFO - [2024-07-18T18:52:31.423+0200] {dag.py:3089} INFO - Sync 1 DAGs
[2024-07-18T18:52:31.434+0200] {logging_mixin.py:188} INFO - [2024-07-18T18:52:31.433+0200] {dag.py:3947} INFO - Setting next_dagrun for example_task_group to 2024-07-17 00:00:00+00:00, run_after=2024-07-18 00:00:00+00:00
[2024-07-18T18:52:31.447+0200] {processor.py:183} INFO - Processing /home/richonlinux/Documents/GitHub/AirflowTuto/venv/lib/python3.10/site-packages/airflow/example_dags/example_task_group.py took 0.166 seconds
[2024-07-18T18:53:23.044+0200] {processor.py:161} INFO - Started process (PID=270963) to work on /home/richonlinux/Documents/GitHub/AirflowTuto/venv/lib/python3.10/site-packages/airflow/example_dags/example_task_group.py
[2024-07-18T18:53:23.048+0200] {processor.py:830} INFO - Processing file /home/richonlinux/Documents/GitHub/AirflowTuto/venv/lib/python3.10/site-packages/airflow/example_dags/example_task_group.py for tasks to queue
[2024-07-18T18:53:23.049+0200] {logging_mixin.py:188} INFO - [2024-07-18T18:53:23.049+0200] {dagbag.py:545} INFO - Filling up the DagBag from /home/richonlinux/Documents/GitHub/AirflowTuto/venv/lib/python3.10/site-packages/airflow/example_dags/example_task_group.py
[2024-07-18T18:53:23.053+0200] {processor.py:840} INFO - DAG(s) 'example_task_group' retrieved from /home/richonlinux/Documents/GitHub/AirflowTuto/venv/lib/python3.10/site-packages/airflow/example_dags/example_task_group.py
[2024-07-18T18:53:23.062+0200] {logging_mixin.py:188} INFO - [2024-07-18T18:53:23.062+0200] {dag.py:3089} INFO - Sync 1 DAGs
[2024-07-18T18:53:23.128+0200] {logging_mixin.py:188} INFO - [2024-07-18T18:53:23.128+0200] {dag.py:3947} INFO - Setting next_dagrun for example_task_group to 2024-07-17 00:00:00+00:00, run_after=2024-07-18 00:00:00+00:00
[2024-07-18T18:53:23.139+0200] {processor.py:183} INFO - Processing /home/richonlinux/Documents/GitHub/AirflowTuto/venv/lib/python3.10/site-packages/airflow/example_dags/example_task_group.py took 0.098 seconds
[2024-07-18T18:54:07.247+0200] {processor.py:161} INFO - Started process (PID=271899) to work on /home/richonlinux/Documents/GitHub/AirflowTuto/venv/lib/python3.10/site-packages/airflow/example_dags/example_task_group.py
[2024-07-18T18:54:07.251+0200] {processor.py:830} INFO - Processing file /home/richonlinux/Documents/GitHub/AirflowTuto/venv/lib/python3.10/site-packages/airflow/example_dags/example_task_group.py for tasks to queue
[2024-07-18T18:54:07.253+0200] {logging_mixin.py:188} INFO - [2024-07-18T18:54:07.253+0200] {dagbag.py:545} INFO - Filling up the DagBag from /home/richonlinux/Documents/GitHub/AirflowTuto/venv/lib/python3.10/site-packages/airflow/example_dags/example_task_group.py
[2024-07-18T18:54:07.260+0200] {processor.py:840} INFO - DAG(s) 'example_task_group' retrieved from /home/richonlinux/Documents/GitHub/AirflowTuto/venv/lib/python3.10/site-packages/airflow/example_dags/example_task_group.py
[2024-07-18T18:54:07.269+0200] {logging_mixin.py:188} INFO - [2024-07-18T18:54:07.269+0200] {dag.py:3089} INFO - Sync 1 DAGs
[2024-07-18T18:54:07.278+0200] {logging_mixin.py:188} INFO - [2024-07-18T18:54:07.278+0200] {dag.py:3947} INFO - Setting next_dagrun for example_task_group to 2024-07-17 00:00:00+00:00, run_after=2024-07-18 00:00:00+00:00
[2024-07-18T18:54:07.291+0200] {processor.py:183} INFO - Processing /home/richonlinux/Documents/GitHub/AirflowTuto/venv/lib/python3.10/site-packages/airflow/example_dags/example_task_group.py took 0.054 seconds
[2024-07-18T18:54:50.149+0200] {processor.py:161} INFO - Started process (PID=272603) to work on /home/richonlinux/Documents/GitHub/AirflowTuto/venv/lib/python3.10/site-packages/airflow/example_dags/example_task_group.py
[2024-07-18T18:54:50.150+0200] {processor.py:830} INFO - Processing file /home/richonlinux/Documents/GitHub/AirflowTuto/venv/lib/python3.10/site-packages/airflow/example_dags/example_task_group.py for tasks to queue
[2024-07-18T18:54:50.152+0200] {logging_mixin.py:188} INFO - [2024-07-18T18:54:50.152+0200] {dagbag.py:545} INFO - Filling up the DagBag from /home/richonlinux/Documents/GitHub/AirflowTuto/venv/lib/python3.10/site-packages/airflow/example_dags/example_task_group.py
[2024-07-18T18:54:50.158+0200] {processor.py:840} INFO - DAG(s) 'example_task_group' retrieved from /home/richonlinux/Documents/GitHub/AirflowTuto/venv/lib/python3.10/site-packages/airflow/example_dags/example_task_group.py
[2024-07-18T18:54:50.166+0200] {logging_mixin.py:188} INFO - [2024-07-18T18:54:50.166+0200] {dag.py:3089} INFO - Sync 1 DAGs
[2024-07-18T18:54:50.176+0200] {logging_mixin.py:188} INFO - [2024-07-18T18:54:50.176+0200] {dag.py:3947} INFO - Setting next_dagrun for example_task_group to 2024-07-17 00:00:00+00:00, run_after=2024-07-18 00:00:00+00:00
[2024-07-18T18:54:50.188+0200] {processor.py:183} INFO - Processing /home/richonlinux/Documents/GitHub/AirflowTuto/venv/lib/python3.10/site-packages/airflow/example_dags/example_task_group.py took 0.048 seconds
[2024-07-18T18:55:44.066+0200] {processor.py:161} INFO - Started process (PID=273448) to work on /home/richonlinux/Documents/GitHub/AirflowTuto/venv/lib/python3.10/site-packages/airflow/example_dags/example_task_group.py
[2024-07-18T18:55:44.067+0200] {processor.py:830} INFO - Processing file /home/richonlinux/Documents/GitHub/AirflowTuto/venv/lib/python3.10/site-packages/airflow/example_dags/example_task_group.py for tasks to queue
[2024-07-18T18:55:44.069+0200] {logging_mixin.py:188} INFO - [2024-07-18T18:55:44.069+0200] {dagbag.py:545} INFO - Filling up the DagBag from /home/richonlinux/Documents/GitHub/AirflowTuto/venv/lib/python3.10/site-packages/airflow/example_dags/example_task_group.py
[2024-07-18T18:55:44.074+0200] {processor.py:840} INFO - DAG(s) 'example_task_group' retrieved from /home/richonlinux/Documents/GitHub/AirflowTuto/venv/lib/python3.10/site-packages/airflow/example_dags/example_task_group.py
[2024-07-18T18:55:44.083+0200] {logging_mixin.py:188} INFO - [2024-07-18T18:55:44.083+0200] {dag.py:3089} INFO - Sync 1 DAGs
[2024-07-18T18:55:44.093+0200] {logging_mixin.py:188} INFO - [2024-07-18T18:55:44.093+0200] {dag.py:3947} INFO - Setting next_dagrun for example_task_group to 2024-07-17 00:00:00+00:00, run_after=2024-07-18 00:00:00+00:00
[2024-07-18T18:55:44.104+0200] {processor.py:183} INFO - Processing /home/richonlinux/Documents/GitHub/AirflowTuto/venv/lib/python3.10/site-packages/airflow/example_dags/example_task_group.py took 0.048 seconds
[2024-07-18T18:56:26.409+0200] {processor.py:161} INFO - Started process (PID=274264) to work on /home/richonlinux/Documents/GitHub/AirflowTuto/venv/lib/python3.10/site-packages/airflow/example_dags/example_task_group.py
[2024-07-18T18:56:26.410+0200] {processor.py:830} INFO - Processing file /home/richonlinux/Documents/GitHub/AirflowTuto/venv/lib/python3.10/site-packages/airflow/example_dags/example_task_group.py for tasks to queue
[2024-07-18T18:56:26.411+0200] {logging_mixin.py:188} INFO - [2024-07-18T18:56:26.411+0200] {dagbag.py:545} INFO - Filling up the DagBag from /home/richonlinux/Documents/GitHub/AirflowTuto/venv/lib/python3.10/site-packages/airflow/example_dags/example_task_group.py
[2024-07-18T18:56:26.416+0200] {processor.py:840} INFO - DAG(s) 'example_task_group' retrieved from /home/richonlinux/Documents/GitHub/AirflowTuto/venv/lib/python3.10/site-packages/airflow/example_dags/example_task_group.py
[2024-07-18T18:56:26.428+0200] {logging_mixin.py:188} INFO - [2024-07-18T18:56:26.428+0200] {dag.py:3089} INFO - Sync 1 DAGs
[2024-07-18T18:56:26.440+0200] {logging_mixin.py:188} INFO - [2024-07-18T18:56:26.440+0200] {dag.py:3947} INFO - Setting next_dagrun for example_task_group to 2024-07-17 00:00:00+00:00, run_after=2024-07-18 00:00:00+00:00
[2024-07-18T18:56:26.454+0200] {processor.py:183} INFO - Processing /home/richonlinux/Documents/GitHub/AirflowTuto/venv/lib/python3.10/site-packages/airflow/example_dags/example_task_group.py took 0.051 seconds
[2024-07-18T18:57:24.135+0200] {processor.py:161} INFO - Started process (PID=275205) to work on /home/richonlinux/Documents/GitHub/AirflowTuto/venv/lib/python3.10/site-packages/airflow/example_dags/example_task_group.py
[2024-07-18T18:57:24.139+0200] {processor.py:830} INFO - Processing file /home/richonlinux/Documents/GitHub/AirflowTuto/venv/lib/python3.10/site-packages/airflow/example_dags/example_task_group.py for tasks to queue
[2024-07-18T18:57:24.141+0200] {logging_mixin.py:188} INFO - [2024-07-18T18:57:24.140+0200] {dagbag.py:545} INFO - Filling up the DagBag from /home/richonlinux/Documents/GitHub/AirflowTuto/venv/lib/python3.10/site-packages/airflow/example_dags/example_task_group.py
[2024-07-18T18:57:24.146+0200] {processor.py:840} INFO - DAG(s) 'example_task_group' retrieved from /home/richonlinux/Documents/GitHub/AirflowTuto/venv/lib/python3.10/site-packages/airflow/example_dags/example_task_group.py
[2024-07-18T18:57:24.156+0200] {logging_mixin.py:188} INFO - [2024-07-18T18:57:24.156+0200] {dag.py:3089} INFO - Sync 1 DAGs
[2024-07-18T18:57:24.167+0200] {logging_mixin.py:188} INFO - [2024-07-18T18:57:24.167+0200] {dag.py:3947} INFO - Setting next_dagrun for example_task_group to 2024-07-17 00:00:00+00:00, run_after=2024-07-18 00:00:00+00:00
[2024-07-18T18:57:24.180+0200] {processor.py:183} INFO - Processing /home/richonlinux/Documents/GitHub/AirflowTuto/venv/lib/python3.10/site-packages/airflow/example_dags/example_task_group.py took 0.052 seconds
[2024-07-18T18:58:23.597+0200] {processor.py:161} INFO - Started process (PID=276138) to work on /home/richonlinux/Documents/GitHub/AirflowTuto/venv/lib/python3.10/site-packages/airflow/example_dags/example_task_group.py
[2024-07-18T18:58:23.598+0200] {processor.py:830} INFO - Processing file /home/richonlinux/Documents/GitHub/AirflowTuto/venv/lib/python3.10/site-packages/airflow/example_dags/example_task_group.py for tasks to queue
[2024-07-18T18:58:23.600+0200] {logging_mixin.py:188} INFO - [2024-07-18T18:58:23.600+0200] {dagbag.py:545} INFO - Filling up the DagBag from /home/richonlinux/Documents/GitHub/AirflowTuto/venv/lib/python3.10/site-packages/airflow/example_dags/example_task_group.py
[2024-07-18T18:58:23.607+0200] {processor.py:840} INFO - DAG(s) 'example_task_group' retrieved from /home/richonlinux/Documents/GitHub/AirflowTuto/venv/lib/python3.10/site-packages/airflow/example_dags/example_task_group.py
[2024-07-18T18:58:23.621+0200] {logging_mixin.py:188} INFO - [2024-07-18T18:58:23.620+0200] {dag.py:3089} INFO - Sync 1 DAGs
[2024-07-18T18:58:23.637+0200] {logging_mixin.py:188} INFO - [2024-07-18T18:58:23.637+0200] {dag.py:3947} INFO - Setting next_dagrun for example_task_group to 2024-07-17 00:00:00+00:00, run_after=2024-07-18 00:00:00+00:00
[2024-07-18T18:58:23.652+0200] {processor.py:183} INFO - Processing /home/richonlinux/Documents/GitHub/AirflowTuto/venv/lib/python3.10/site-packages/airflow/example_dags/example_task_group.py took 0.064 seconds
[2024-07-18T18:59:24.062+0200] {processor.py:161} INFO - Started process (PID=277247) to work on /home/richonlinux/Documents/GitHub/AirflowTuto/venv/lib/python3.10/site-packages/airflow/example_dags/example_task_group.py
[2024-07-18T18:59:24.063+0200] {processor.py:830} INFO - Processing file /home/richonlinux/Documents/GitHub/AirflowTuto/venv/lib/python3.10/site-packages/airflow/example_dags/example_task_group.py for tasks to queue
[2024-07-18T18:59:24.065+0200] {logging_mixin.py:188} INFO - [2024-07-18T18:59:24.065+0200] {dagbag.py:545} INFO - Filling up the DagBag from /home/richonlinux/Documents/GitHub/AirflowTuto/venv/lib/python3.10/site-packages/airflow/example_dags/example_task_group.py
[2024-07-18T18:59:24.072+0200] {processor.py:840} INFO - DAG(s) 'example_task_group' retrieved from /home/richonlinux/Documents/GitHub/AirflowTuto/venv/lib/python3.10/site-packages/airflow/example_dags/example_task_group.py
[2024-07-18T18:59:24.086+0200] {logging_mixin.py:188} INFO - [2024-07-18T18:59:24.086+0200] {dag.py:3089} INFO - Sync 1 DAGs
[2024-07-18T18:59:24.102+0200] {logging_mixin.py:188} INFO - [2024-07-18T18:59:24.102+0200] {dag.py:3947} INFO - Setting next_dagrun for example_task_group to 2024-07-17 00:00:00+00:00, run_after=2024-07-18 00:00:00+00:00
[2024-07-18T18:59:24.117+0200] {processor.py:183} INFO - Processing /home/richonlinux/Documents/GitHub/AirflowTuto/venv/lib/python3.10/site-packages/airflow/example_dags/example_task_group.py took 0.061 seconds
