[2024-07-18T18:16:22.714+0200] {processor.py:161} INFO - Started process (PID=258013) to work on /home/richonlinux/Documents/GitHub/AirflowTuto/venv/lib/python3.10/site-packages/airflow/example_dags/example_python_decorator.py
[2024-07-18T18:16:22.715+0200] {processor.py:830} INFO - Processing file /home/richonlinux/Documents/GitHub/AirflowTuto/venv/lib/python3.10/site-packages/airflow/example_dags/example_python_decorator.py for tasks to queue
[2024-07-18T18:16:22.716+0200] {logging_mixin.py:188} INFO - [2024-07-18T18:16:22.716+0200] {dagbag.py:545} INFO - Filling up the DagBag from /home/richonlinux/Documents/GitHub/AirflowTuto/venv/lib/python3.10/site-packages/airflow/example_dags/example_python_decorator.py
[2024-07-18T18:16:22.720+0200] {logging_mixin.py:188} INFO - [2024-07-18T18:16:22.720+0200] {example_python_decorator.py:80} WARNING - The virtalenv_python example task requires virtualenv, please install it.
[2024-07-18T18:16:22.722+0200] {processor.py:840} INFO - DAG(s) 'example_python_decorator' retrieved from /home/richonlinux/Documents/GitHub/AirflowTuto/venv/lib/python3.10/site-packages/airflow/example_dags/example_python_decorator.py
[2024-07-18T18:16:22.774+0200] {logging_mixin.py:188} INFO - [2024-07-18T18:16:22.774+0200] {override.py:1858} INFO - Created Permission View: can edit on DAG:example_python_decorator
[2024-07-18T18:16:22.781+0200] {logging_mixin.py:188} INFO - [2024-07-18T18:16:22.781+0200] {override.py:1858} INFO - Created Permission View: can read on DAG:example_python_decorator
[2024-07-18T18:16:22.786+0200] {logging_mixin.py:188} INFO - [2024-07-18T18:16:22.786+0200] {override.py:1858} INFO - Created Permission View: can delete on DAG:example_python_decorator
[2024-07-18T18:16:22.787+0200] {logging_mixin.py:188} INFO - [2024-07-18T18:16:22.787+0200] {dag.py:3089} INFO - Sync 1 DAGs
[2024-07-18T18:16:22.792+0200] {logging_mixin.py:188} INFO - [2024-07-18T18:16:22.792+0200] {dag.py:3111} INFO - Creating ORM DAG for example_python_decorator
[2024-07-18T18:16:22.792+0200] {logging_mixin.py:188} INFO - [2024-07-18T18:16:22.792+0200] {dag.py:3947} INFO - Setting next_dagrun for example_python_decorator to None, run_after=None
[2024-07-18T18:16:22.805+0200] {processor.py:183} INFO - Processing /home/richonlinux/Documents/GitHub/AirflowTuto/venv/lib/python3.10/site-packages/airflow/example_dags/example_python_decorator.py took 0.093 seconds
[2024-07-18T18:17:15.501+0200] {processor.py:161} INFO - Started process (PID=258890) to work on /home/richonlinux/Documents/GitHub/AirflowTuto/venv/lib/python3.10/site-packages/airflow/example_dags/example_python_decorator.py
[2024-07-18T18:17:15.506+0200] {processor.py:830} INFO - Processing file /home/richonlinux/Documents/GitHub/AirflowTuto/venv/lib/python3.10/site-packages/airflow/example_dags/example_python_decorator.py for tasks to queue
[2024-07-18T18:17:15.507+0200] {logging_mixin.py:188} INFO - [2024-07-18T18:17:15.507+0200] {dagbag.py:545} INFO - Filling up the DagBag from /home/richonlinux/Documents/GitHub/AirflowTuto/venv/lib/python3.10/site-packages/airflow/example_dags/example_python_decorator.py
[2024-07-18T18:17:15.515+0200] {logging_mixin.py:188} INFO - [2024-07-18T18:17:15.515+0200] {example_python_decorator.py:80} WARNING - The virtalenv_python example task requires virtualenv, please install it.
[2024-07-18T18:17:15.515+0200] {processor.py:840} INFO - DAG(s) 'example_python_decorator' retrieved from /home/richonlinux/Documents/GitHub/AirflowTuto/venv/lib/python3.10/site-packages/airflow/example_dags/example_python_decorator.py
[2024-07-18T18:17:15.525+0200] {logging_mixin.py:188} INFO - [2024-07-18T18:17:15.524+0200] {dag.py:3089} INFO - Sync 1 DAGs
[2024-07-18T18:17:15.531+0200] {logging_mixin.py:188} INFO - [2024-07-18T18:17:15.531+0200] {dag.py:3947} INFO - Setting next_dagrun for example_python_decorator to None, run_after=None
[2024-07-18T18:17:15.543+0200] {processor.py:183} INFO - Processing /home/richonlinux/Documents/GitHub/AirflowTuto/venv/lib/python3.10/site-packages/airflow/example_dags/example_python_decorator.py took 0.050 seconds
[2024-07-18T18:44:03.750+0200] {processor.py:161} INFO - Started process (PID=260094) to work on /home/richonlinux/Documents/GitHub/AirflowTuto/venv/lib/python3.10/site-packages/airflow/example_dags/example_python_decorator.py
[2024-07-18T18:44:03.752+0200] {processor.py:830} INFO - Processing file /home/richonlinux/Documents/GitHub/AirflowTuto/venv/lib/python3.10/site-packages/airflow/example_dags/example_python_decorator.py for tasks to queue
[2024-07-18T18:44:03.753+0200] {logging_mixin.py:188} INFO - [2024-07-18T18:44:03.753+0200] {dagbag.py:545} INFO - Filling up the DagBag from /home/richonlinux/Documents/GitHub/AirflowTuto/venv/lib/python3.10/site-packages/airflow/example_dags/example_python_decorator.py
[2024-07-18T18:44:03.760+0200] {logging_mixin.py:188} INFO - [2024-07-18T18:44:03.760+0200] {example_python_decorator.py:80} WARNING - The virtalenv_python example task requires virtualenv, please install it.
[2024-07-18T18:44:03.760+0200] {processor.py:840} INFO - DAG(s) 'example_python_decorator' retrieved from /home/richonlinux/Documents/GitHub/AirflowTuto/venv/lib/python3.10/site-packages/airflow/example_dags/example_python_decorator.py
[2024-07-18T18:44:03.769+0200] {logging_mixin.py:188} INFO - [2024-07-18T18:44:03.769+0200] {dag.py:3089} INFO - Sync 1 DAGs
[2024-07-18T18:44:03.774+0200] {logging_mixin.py:188} INFO - [2024-07-18T18:44:03.774+0200] {dag.py:3947} INFO - Setting next_dagrun for example_python_decorator to None, run_after=None
[2024-07-18T18:44:03.787+0200] {processor.py:183} INFO - Processing /home/richonlinux/Documents/GitHub/AirflowTuto/venv/lib/python3.10/site-packages/airflow/example_dags/example_python_decorator.py took 0.042 seconds
[2024-07-18T18:44:52.628+0200] {processor.py:161} INFO - Started process (PID=261062) to work on /home/richonlinux/Documents/GitHub/AirflowTuto/venv/lib/python3.10/site-packages/airflow/example_dags/example_python_decorator.py
[2024-07-18T18:44:52.629+0200] {processor.py:830} INFO - Processing file /home/richonlinux/Documents/GitHub/AirflowTuto/venv/lib/python3.10/site-packages/airflow/example_dags/example_python_decorator.py for tasks to queue
[2024-07-18T18:44:52.631+0200] {logging_mixin.py:188} INFO - [2024-07-18T18:44:52.631+0200] {dagbag.py:545} INFO - Filling up the DagBag from /home/richonlinux/Documents/GitHub/AirflowTuto/venv/lib/python3.10/site-packages/airflow/example_dags/example_python_decorator.py
[2024-07-18T18:44:52.638+0200] {logging_mixin.py:188} INFO - [2024-07-18T18:44:52.638+0200] {example_python_decorator.py:80} WARNING - The virtalenv_python example task requires virtualenv, please install it.
[2024-07-18T18:44:52.638+0200] {processor.py:840} INFO - DAG(s) 'example_python_decorator' retrieved from /home/richonlinux/Documents/GitHub/AirflowTuto/venv/lib/python3.10/site-packages/airflow/example_dags/example_python_decorator.py
[2024-07-18T18:44:52.647+0200] {logging_mixin.py:188} INFO - [2024-07-18T18:44:52.647+0200] {dag.py:3089} INFO - Sync 1 DAGs
[2024-07-18T18:44:52.653+0200] {logging_mixin.py:188} INFO - [2024-07-18T18:44:52.653+0200] {dag.py:3947} INFO - Setting next_dagrun for example_python_decorator to None, run_after=None
[2024-07-18T18:44:52.666+0200] {processor.py:183} INFO - Processing /home/richonlinux/Documents/GitHub/AirflowTuto/venv/lib/python3.10/site-packages/airflow/example_dags/example_python_decorator.py took 0.040 seconds
[2024-07-18T18:45:41.249+0200] {processor.py:161} INFO - Started process (PID=261865) to work on /home/richonlinux/Documents/GitHub/AirflowTuto/venv/lib/python3.10/site-packages/airflow/example_dags/example_python_decorator.py
[2024-07-18T18:45:41.253+0200] {processor.py:830} INFO - Processing file /home/richonlinux/Documents/GitHub/AirflowTuto/venv/lib/python3.10/site-packages/airflow/example_dags/example_python_decorator.py for tasks to queue
[2024-07-18T18:45:41.255+0200] {logging_mixin.py:188} INFO - [2024-07-18T18:45:41.255+0200] {dagbag.py:545} INFO - Filling up the DagBag from /home/richonlinux/Documents/GitHub/AirflowTuto/venv/lib/python3.10/site-packages/airflow/example_dags/example_python_decorator.py
[2024-07-18T18:45:41.263+0200] {logging_mixin.py:188} INFO - [2024-07-18T18:45:41.263+0200] {example_python_decorator.py:80} WARNING - The virtalenv_python example task requires virtualenv, please install it.
[2024-07-18T18:45:41.263+0200] {processor.py:840} INFO - DAG(s) 'example_python_decorator' retrieved from /home/richonlinux/Documents/GitHub/AirflowTuto/venv/lib/python3.10/site-packages/airflow/example_dags/example_python_decorator.py
[2024-07-18T18:45:41.272+0200] {logging_mixin.py:188} INFO - [2024-07-18T18:45:41.272+0200] {dag.py:3089} INFO - Sync 1 DAGs
[2024-07-18T18:45:41.277+0200] {logging_mixin.py:188} INFO - [2024-07-18T18:45:41.277+0200] {dag.py:3947} INFO - Setting next_dagrun for example_python_decorator to None, run_after=None
[2024-07-18T18:45:41.289+0200] {processor.py:183} INFO - Processing /home/richonlinux/Documents/GitHub/AirflowTuto/venv/lib/python3.10/site-packages/airflow/example_dags/example_python_decorator.py took 0.050 seconds
[2024-07-18T18:46:24.077+0200] {processor.py:161} INFO - Started process (PID=262900) to work on /home/richonlinux/Documents/GitHub/AirflowTuto/venv/lib/python3.10/site-packages/airflow/example_dags/example_python_decorator.py
[2024-07-18T18:46:24.078+0200] {processor.py:830} INFO - Processing file /home/richonlinux/Documents/GitHub/AirflowTuto/venv/lib/python3.10/site-packages/airflow/example_dags/example_python_decorator.py for tasks to queue
[2024-07-18T18:46:24.080+0200] {logging_mixin.py:188} INFO - [2024-07-18T18:46:24.079+0200] {dagbag.py:545} INFO - Filling up the DagBag from /home/richonlinux/Documents/GitHub/AirflowTuto/venv/lib/python3.10/site-packages/airflow/example_dags/example_python_decorator.py
[2024-07-18T18:46:24.086+0200] {logging_mixin.py:188} INFO - [2024-07-18T18:46:24.086+0200] {example_python_decorator.py:80} WARNING - The virtalenv_python example task requires virtualenv, please install it.
[2024-07-18T18:46:24.086+0200] {processor.py:840} INFO - DAG(s) 'example_python_decorator' retrieved from /home/richonlinux/Documents/GitHub/AirflowTuto/venv/lib/python3.10/site-packages/airflow/example_dags/example_python_decorator.py
[2024-07-18T18:46:24.095+0200] {logging_mixin.py:188} INFO - [2024-07-18T18:46:24.095+0200] {dag.py:3089} INFO - Sync 1 DAGs
[2024-07-18T18:46:24.102+0200] {logging_mixin.py:188} INFO - [2024-07-18T18:46:24.102+0200] {dag.py:3947} INFO - Setting next_dagrun for example_python_decorator to None, run_after=None
[2024-07-18T18:46:24.115+0200] {processor.py:183} INFO - Processing /home/richonlinux/Documents/GitHub/AirflowTuto/venv/lib/python3.10/site-packages/airflow/example_dags/example_python_decorator.py took 0.043 seconds
[2024-07-18T18:49:35.956+0200] {processor.py:161} INFO - Started process (PID=266188) to work on /home/richonlinux/Documents/GitHub/AirflowTuto/venv/lib/python3.10/site-packages/airflow/example_dags/example_python_decorator.py
[2024-07-18T18:49:35.958+0200] {processor.py:830} INFO - Processing file /home/richonlinux/Documents/GitHub/AirflowTuto/venv/lib/python3.10/site-packages/airflow/example_dags/example_python_decorator.py for tasks to queue
[2024-07-18T18:49:35.960+0200] {logging_mixin.py:188} INFO - [2024-07-18T18:49:35.959+0200] {dagbag.py:545} INFO - Filling up the DagBag from /home/richonlinux/Documents/GitHub/AirflowTuto/venv/lib/python3.10/site-packages/airflow/example_dags/example_python_decorator.py
[2024-07-18T18:49:35.966+0200] {logging_mixin.py:188} INFO - [2024-07-18T18:49:35.966+0200] {example_python_decorator.py:80} WARNING - The virtalenv_python example task requires virtualenv, please install it.
[2024-07-18T18:49:35.968+0200] {processor.py:840} INFO - DAG(s) 'example_python_decorator' retrieved from /home/richonlinux/Documents/GitHub/AirflowTuto/venv/lib/python3.10/site-packages/airflow/example_dags/example_python_decorator.py
[2024-07-18T18:49:35.972+0200] {logging_mixin.py:188} INFO - [2024-07-18T18:49:35.972+0200] {dag.py:3089} INFO - Sync 1 DAGs
[2024-07-18T18:49:35.977+0200] {logging_mixin.py:188} INFO - [2024-07-18T18:49:35.977+0200] {dag.py:3947} INFO - Setting next_dagrun for example_python_decorator to None, run_after=None
[2024-07-18T18:49:35.990+0200] {processor.py:183} INFO - Processing /home/richonlinux/Documents/GitHub/AirflowTuto/venv/lib/python3.10/site-packages/airflow/example_dags/example_python_decorator.py took 0.042 seconds
[2024-07-18T18:51:29.304+0200] {processor.py:161} INFO - Started process (PID=268445) to work on /home/richonlinux/Documents/GitHub/AirflowTuto/venv/lib/python3.10/site-packages/airflow/example_dags/example_python_decorator.py
[2024-07-18T18:51:29.306+0200] {processor.py:830} INFO - Processing file /home/richonlinux/Documents/GitHub/AirflowTuto/venv/lib/python3.10/site-packages/airflow/example_dags/example_python_decorator.py for tasks to queue
[2024-07-18T18:51:29.307+0200] {logging_mixin.py:188} INFO - [2024-07-18T18:51:29.307+0200] {dagbag.py:545} INFO - Filling up the DagBag from /home/richonlinux/Documents/GitHub/AirflowTuto/venv/lib/python3.10/site-packages/airflow/example_dags/example_python_decorator.py
[2024-07-18T18:51:29.313+0200] {logging_mixin.py:188} INFO - [2024-07-18T18:51:29.313+0200] {example_python_decorator.py:80} WARNING - The virtalenv_python example task requires virtualenv, please install it.
[2024-07-18T18:51:29.315+0200] {processor.py:840} INFO - DAG(s) 'example_python_decorator' retrieved from /home/richonlinux/Documents/GitHub/AirflowTuto/venv/lib/python3.10/site-packages/airflow/example_dags/example_python_decorator.py
[2024-07-18T18:51:29.320+0200] {logging_mixin.py:188} INFO - [2024-07-18T18:51:29.319+0200] {dag.py:3089} INFO - Sync 1 DAGs
[2024-07-18T18:51:29.327+0200] {logging_mixin.py:188} INFO - [2024-07-18T18:51:29.327+0200] {dag.py:3947} INFO - Setting next_dagrun for example_python_decorator to None, run_after=None
[2024-07-18T18:51:29.341+0200] {processor.py:183} INFO - Processing /home/richonlinux/Documents/GitHub/AirflowTuto/venv/lib/python3.10/site-packages/airflow/example_dags/example_python_decorator.py took 0.041 seconds
[2024-07-18T18:52:18.747+0200] {processor.py:161} INFO - Started process (PID=269244) to work on /home/richonlinux/Documents/GitHub/AirflowTuto/venv/lib/python3.10/site-packages/airflow/example_dags/example_python_decorator.py
[2024-07-18T18:52:18.748+0200] {processor.py:830} INFO - Processing file /home/richonlinux/Documents/GitHub/AirflowTuto/venv/lib/python3.10/site-packages/airflow/example_dags/example_python_decorator.py for tasks to queue
[2024-07-18T18:52:18.750+0200] {logging_mixin.py:188} INFO - [2024-07-18T18:52:18.749+0200] {dagbag.py:545} INFO - Filling up the DagBag from /home/richonlinux/Documents/GitHub/AirflowTuto/venv/lib/python3.10/site-packages/airflow/example_dags/example_python_decorator.py
[2024-07-18T18:52:18.755+0200] {logging_mixin.py:188} INFO - [2024-07-18T18:52:18.755+0200] {example_python_decorator.py:80} WARNING - The virtalenv_python example task requires virtualenv, please install it.
[2024-07-18T18:52:18.755+0200] {processor.py:840} INFO - DAG(s) 'example_python_decorator' retrieved from /home/richonlinux/Documents/GitHub/AirflowTuto/venv/lib/python3.10/site-packages/airflow/example_dags/example_python_decorator.py
[2024-07-18T18:52:18.867+0200] {logging_mixin.py:188} INFO - [2024-07-18T18:52:18.866+0200] {dag.py:3089} INFO - Sync 1 DAGs
[2024-07-18T18:52:18.871+0200] {logging_mixin.py:188} INFO - [2024-07-18T18:52:18.871+0200] {dag.py:3947} INFO - Setting next_dagrun for example_python_decorator to None, run_after=None
[2024-07-18T18:52:18.883+0200] {processor.py:183} INFO - Processing /home/richonlinux/Documents/GitHub/AirflowTuto/venv/lib/python3.10/site-packages/airflow/example_dags/example_python_decorator.py took 0.139 seconds
[2024-07-18T18:53:11.342+0200] {processor.py:161} INFO - Started process (PID=270611) to work on /home/richonlinux/Documents/GitHub/AirflowTuto/venv/lib/python3.10/site-packages/airflow/example_dags/example_python_decorator.py
[2024-07-18T18:53:11.343+0200] {processor.py:830} INFO - Processing file /home/richonlinux/Documents/GitHub/AirflowTuto/venv/lib/python3.10/site-packages/airflow/example_dags/example_python_decorator.py for tasks to queue
[2024-07-18T18:53:11.344+0200] {logging_mixin.py:188} INFO - [2024-07-18T18:53:11.344+0200] {dagbag.py:545} INFO - Filling up the DagBag from /home/richonlinux/Documents/GitHub/AirflowTuto/venv/lib/python3.10/site-packages/airflow/example_dags/example_python_decorator.py
[2024-07-18T18:53:11.351+0200] {logging_mixin.py:188} INFO - [2024-07-18T18:53:11.351+0200] {example_python_decorator.py:80} WARNING - The virtalenv_python example task requires virtualenv, please install it.
[2024-07-18T18:53:11.351+0200] {processor.py:840} INFO - DAG(s) 'example_python_decorator' retrieved from /home/richonlinux/Documents/GitHub/AirflowTuto/venv/lib/python3.10/site-packages/airflow/example_dags/example_python_decorator.py
[2024-07-18T18:53:11.374+0200] {logging_mixin.py:188} INFO - [2024-07-18T18:53:11.373+0200] {dag.py:3089} INFO - Sync 1 DAGs
[2024-07-18T18:53:11.384+0200] {logging_mixin.py:188} INFO - [2024-07-18T18:53:11.384+0200] {dag.py:3947} INFO - Setting next_dagrun for example_python_decorator to None, run_after=None
[2024-07-18T18:53:11.410+0200] {processor.py:183} INFO - Processing /home/richonlinux/Documents/GitHub/AirflowTuto/venv/lib/python3.10/site-packages/airflow/example_dags/example_python_decorator.py took 0.073 seconds
[2024-07-18T18:53:55.958+0200] {processor.py:161} INFO - Started process (PID=271693) to work on /home/richonlinux/Documents/GitHub/AirflowTuto/venv/lib/python3.10/site-packages/airflow/example_dags/example_python_decorator.py
[2024-07-18T18:53:55.962+0200] {processor.py:830} INFO - Processing file /home/richonlinux/Documents/GitHub/AirflowTuto/venv/lib/python3.10/site-packages/airflow/example_dags/example_python_decorator.py for tasks to queue
[2024-07-18T18:53:55.964+0200] {logging_mixin.py:188} INFO - [2024-07-18T18:53:55.964+0200] {dagbag.py:545} INFO - Filling up the DagBag from /home/richonlinux/Documents/GitHub/AirflowTuto/venv/lib/python3.10/site-packages/airflow/example_dags/example_python_decorator.py
[2024-07-18T18:53:55.972+0200] {logging_mixin.py:188} INFO - [2024-07-18T18:53:55.972+0200] {example_python_decorator.py:80} WARNING - The virtalenv_python example task requires virtualenv, please install it.
[2024-07-18T18:53:55.972+0200] {processor.py:840} INFO - DAG(s) 'example_python_decorator' retrieved from /home/richonlinux/Documents/GitHub/AirflowTuto/venv/lib/python3.10/site-packages/airflow/example_dags/example_python_decorator.py
[2024-07-18T18:53:55.981+0200] {logging_mixin.py:188} INFO - [2024-07-18T18:53:55.981+0200] {dag.py:3089} INFO - Sync 1 DAGs
[2024-07-18T18:53:55.986+0200] {logging_mixin.py:188} INFO - [2024-07-18T18:53:55.986+0200] {dag.py:3947} INFO - Setting next_dagrun for example_python_decorator to None, run_after=None
[2024-07-18T18:53:55.999+0200] {processor.py:183} INFO - Processing /home/richonlinux/Documents/GitHub/AirflowTuto/venv/lib/python3.10/site-packages/airflow/example_dags/example_python_decorator.py took 0.048 seconds
[2024-07-18T18:54:40.001+0200] {processor.py:161} INFO - Started process (PID=272442) to work on /home/richonlinux/Documents/GitHub/AirflowTuto/venv/lib/python3.10/site-packages/airflow/example_dags/example_python_decorator.py
[2024-07-18T18:54:40.005+0200] {processor.py:830} INFO - Processing file /home/richonlinux/Documents/GitHub/AirflowTuto/venv/lib/python3.10/site-packages/airflow/example_dags/example_python_decorator.py for tasks to queue
[2024-07-18T18:54:40.007+0200] {logging_mixin.py:188} INFO - [2024-07-18T18:54:40.007+0200] {dagbag.py:545} INFO - Filling up the DagBag from /home/richonlinux/Documents/GitHub/AirflowTuto/venv/lib/python3.10/site-packages/airflow/example_dags/example_python_decorator.py
[2024-07-18T18:54:40.015+0200] {logging_mixin.py:188} INFO - [2024-07-18T18:54:40.015+0200] {example_python_decorator.py:80} WARNING - The virtalenv_python example task requires virtualenv, please install it.
[2024-07-18T18:54:40.015+0200] {processor.py:840} INFO - DAG(s) 'example_python_decorator' retrieved from /home/richonlinux/Documents/GitHub/AirflowTuto/venv/lib/python3.10/site-packages/airflow/example_dags/example_python_decorator.py
[2024-07-18T18:54:40.025+0200] {logging_mixin.py:188} INFO - [2024-07-18T18:54:40.024+0200] {dag.py:3089} INFO - Sync 1 DAGs
[2024-07-18T18:54:40.030+0200] {logging_mixin.py:188} INFO - [2024-07-18T18:54:40.030+0200] {dag.py:3947} INFO - Setting next_dagrun for example_python_decorator to None, run_after=None
[2024-07-18T18:54:40.042+0200] {processor.py:183} INFO - Processing /home/richonlinux/Documents/GitHub/AirflowTuto/venv/lib/python3.10/site-packages/airflow/example_dags/example_python_decorator.py took 0.044 seconds
[2024-07-18T18:55:19.428+0200] {processor.py:161} INFO - Started process (PID=273088) to work on /home/richonlinux/Documents/GitHub/AirflowTuto/venv/lib/python3.10/site-packages/airflow/example_dags/example_python_decorator.py
[2024-07-18T18:55:19.429+0200] {processor.py:830} INFO - Processing file /home/richonlinux/Documents/GitHub/AirflowTuto/venv/lib/python3.10/site-packages/airflow/example_dags/example_python_decorator.py for tasks to queue
[2024-07-18T18:55:19.430+0200] {logging_mixin.py:188} INFO - [2024-07-18T18:55:19.429+0200] {dagbag.py:545} INFO - Filling up the DagBag from /home/richonlinux/Documents/GitHub/AirflowTuto/venv/lib/python3.10/site-packages/airflow/example_dags/example_python_decorator.py
[2024-07-18T18:55:19.434+0200] {logging_mixin.py:188} INFO - [2024-07-18T18:55:19.434+0200] {example_python_decorator.py:80} WARNING - The virtalenv_python example task requires virtualenv, please install it.
[2024-07-18T18:55:19.435+0200] {processor.py:840} INFO - DAG(s) 'example_python_decorator' retrieved from /home/richonlinux/Documents/GitHub/AirflowTuto/venv/lib/python3.10/site-packages/airflow/example_dags/example_python_decorator.py
[2024-07-18T18:55:19.443+0200] {logging_mixin.py:188} INFO - [2024-07-18T18:55:19.443+0200] {dag.py:3089} INFO - Sync 1 DAGs
[2024-07-18T18:55:19.450+0200] {logging_mixin.py:188} INFO - [2024-07-18T18:55:19.449+0200] {dag.py:3947} INFO - Setting next_dagrun for example_python_decorator to None, run_after=None
[2024-07-18T18:55:19.462+0200] {processor.py:183} INFO - Processing /home/richonlinux/Documents/GitHub/AirflowTuto/venv/lib/python3.10/site-packages/airflow/example_dags/example_python_decorator.py took 0.041 seconds
[2024-07-18T18:56:03.525+0200] {processor.py:161} INFO - Started process (PID=273789) to work on /home/richonlinux/Documents/GitHub/AirflowTuto/venv/lib/python3.10/site-packages/airflow/example_dags/example_python_decorator.py
[2024-07-18T18:56:03.526+0200] {processor.py:830} INFO - Processing file /home/richonlinux/Documents/GitHub/AirflowTuto/venv/lib/python3.10/site-packages/airflow/example_dags/example_python_decorator.py for tasks to queue
[2024-07-18T18:56:03.527+0200] {logging_mixin.py:188} INFO - [2024-07-18T18:56:03.527+0200] {dagbag.py:545} INFO - Filling up the DagBag from /home/richonlinux/Documents/GitHub/AirflowTuto/venv/lib/python3.10/site-packages/airflow/example_dags/example_python_decorator.py
[2024-07-18T18:56:03.532+0200] {logging_mixin.py:188} INFO - [2024-07-18T18:56:03.532+0200] {example_python_decorator.py:80} WARNING - The virtalenv_python example task requires virtualenv, please install it.
[2024-07-18T18:56:03.533+0200] {processor.py:840} INFO - DAG(s) 'example_python_decorator' retrieved from /home/richonlinux/Documents/GitHub/AirflowTuto/venv/lib/python3.10/site-packages/airflow/example_dags/example_python_decorator.py
[2024-07-18T18:56:03.542+0200] {logging_mixin.py:188} INFO - [2024-07-18T18:56:03.542+0200] {dag.py:3089} INFO - Sync 1 DAGs
[2024-07-18T18:56:03.548+0200] {logging_mixin.py:188} INFO - [2024-07-18T18:56:03.547+0200] {dag.py:3947} INFO - Setting next_dagrun for example_python_decorator to None, run_after=None
[2024-07-18T18:56:03.560+0200] {processor.py:183} INFO - Processing /home/richonlinux/Documents/GitHub/AirflowTuto/venv/lib/python3.10/site-packages/airflow/example_dags/example_python_decorator.py took 0.041 seconds
[2024-07-18T18:56:44.006+0200] {processor.py:161} INFO - Started process (PID=274505) to work on /home/richonlinux/Documents/GitHub/AirflowTuto/venv/lib/python3.10/site-packages/airflow/example_dags/example_python_decorator.py
[2024-07-18T18:56:44.010+0200] {processor.py:830} INFO - Processing file /home/richonlinux/Documents/GitHub/AirflowTuto/venv/lib/python3.10/site-packages/airflow/example_dags/example_python_decorator.py for tasks to queue
[2024-07-18T18:56:44.012+0200] {logging_mixin.py:188} INFO - [2024-07-18T18:56:44.011+0200] {dagbag.py:545} INFO - Filling up the DagBag from /home/richonlinux/Documents/GitHub/AirflowTuto/venv/lib/python3.10/site-packages/airflow/example_dags/example_python_decorator.py
[2024-07-18T18:56:44.018+0200] {logging_mixin.py:188} INFO - [2024-07-18T18:56:44.018+0200] {example_python_decorator.py:80} WARNING - The virtalenv_python example task requires virtualenv, please install it.
[2024-07-18T18:56:44.018+0200] {processor.py:840} INFO - DAG(s) 'example_python_decorator' retrieved from /home/richonlinux/Documents/GitHub/AirflowTuto/venv/lib/python3.10/site-packages/airflow/example_dags/example_python_decorator.py
[2024-07-18T18:56:44.027+0200] {logging_mixin.py:188} INFO - [2024-07-18T18:56:44.027+0200] {dag.py:3089} INFO - Sync 1 DAGs
[2024-07-18T18:56:44.034+0200] {logging_mixin.py:188} INFO - [2024-07-18T18:56:44.034+0200] {dag.py:3947} INFO - Setting next_dagrun for example_python_decorator to None, run_after=None
[2024-07-18T18:56:44.048+0200] {processor.py:183} INFO - Processing /home/richonlinux/Documents/GitHub/AirflowTuto/venv/lib/python3.10/site-packages/airflow/example_dags/example_python_decorator.py took 0.047 seconds
[2024-07-18T18:57:39.604+0200] {processor.py:161} INFO - Started process (PID=275439) to work on /home/richonlinux/Documents/GitHub/AirflowTuto/venv/lib/python3.10/site-packages/airflow/example_dags/example_python_decorator.py
[2024-07-18T18:57:39.606+0200] {processor.py:830} INFO - Processing file /home/richonlinux/Documents/GitHub/AirflowTuto/venv/lib/python3.10/site-packages/airflow/example_dags/example_python_decorator.py for tasks to queue
[2024-07-18T18:57:39.608+0200] {logging_mixin.py:188} INFO - [2024-07-18T18:57:39.607+0200] {dagbag.py:545} INFO - Filling up the DagBag from /home/richonlinux/Documents/GitHub/AirflowTuto/venv/lib/python3.10/site-packages/airflow/example_dags/example_python_decorator.py
[2024-07-18T18:57:39.614+0200] {logging_mixin.py:188} INFO - [2024-07-18T18:57:39.614+0200] {example_python_decorator.py:80} WARNING - The virtalenv_python example task requires virtualenv, please install it.
[2024-07-18T18:57:39.614+0200] {processor.py:840} INFO - DAG(s) 'example_python_decorator' retrieved from /home/richonlinux/Documents/GitHub/AirflowTuto/venv/lib/python3.10/site-packages/airflow/example_dags/example_python_decorator.py
[2024-07-18T18:57:39.623+0200] {logging_mixin.py:188} INFO - [2024-07-18T18:57:39.623+0200] {dag.py:3089} INFO - Sync 1 DAGs
[2024-07-18T18:57:39.630+0200] {logging_mixin.py:188} INFO - [2024-07-18T18:57:39.630+0200] {dag.py:3947} INFO - Setting next_dagrun for example_python_decorator to None, run_after=None
[2024-07-18T18:57:39.643+0200] {processor.py:183} INFO - Processing /home/richonlinux/Documents/GitHub/AirflowTuto/venv/lib/python3.10/site-packages/airflow/example_dags/example_python_decorator.py took 0.049 seconds
[2024-07-18T18:58:19.290+0200] {processor.py:161} INFO - Started process (PID=276070) to work on /home/richonlinux/Documents/GitHub/AirflowTuto/venv/lib/python3.10/site-packages/airflow/example_dags/example_python_decorator.py
[2024-07-18T18:58:19.291+0200] {processor.py:830} INFO - Processing file /home/richonlinux/Documents/GitHub/AirflowTuto/venv/lib/python3.10/site-packages/airflow/example_dags/example_python_decorator.py for tasks to queue
[2024-07-18T18:58:19.292+0200] {logging_mixin.py:188} INFO - [2024-07-18T18:58:19.291+0200] {dagbag.py:545} INFO - Filling up the DagBag from /home/richonlinux/Documents/GitHub/AirflowTuto/venv/lib/python3.10/site-packages/airflow/example_dags/example_python_decorator.py
[2024-07-18T18:58:19.297+0200] {logging_mixin.py:188} INFO - [2024-07-18T18:58:19.297+0200] {example_python_decorator.py:80} WARNING - The virtalenv_python example task requires virtualenv, please install it.
[2024-07-18T18:58:19.297+0200] {processor.py:840} INFO - DAG(s) 'example_python_decorator' retrieved from /home/richonlinux/Documents/GitHub/AirflowTuto/venv/lib/python3.10/site-packages/airflow/example_dags/example_python_decorator.py
[2024-07-18T18:58:19.306+0200] {logging_mixin.py:188} INFO - [2024-07-18T18:58:19.306+0200] {dag.py:3089} INFO - Sync 1 DAGs
[2024-07-18T18:58:19.312+0200] {logging_mixin.py:188} INFO - [2024-07-18T18:58:19.312+0200] {dag.py:3947} INFO - Setting next_dagrun for example_python_decorator to None, run_after=None
[2024-07-18T18:58:19.327+0200] {processor.py:183} INFO - Processing /home/richonlinux/Documents/GitHub/AirflowTuto/venv/lib/python3.10/site-packages/airflow/example_dags/example_python_decorator.py took 0.040 seconds
[2024-07-18T18:58:59.523+0200] {processor.py:161} INFO - Started process (PID=276686) to work on /home/richonlinux/Documents/GitHub/AirflowTuto/venv/lib/python3.10/site-packages/airflow/example_dags/example_python_decorator.py
[2024-07-18T18:58:59.525+0200] {processor.py:830} INFO - Processing file /home/richonlinux/Documents/GitHub/AirflowTuto/venv/lib/python3.10/site-packages/airflow/example_dags/example_python_decorator.py for tasks to queue
[2024-07-18T18:58:59.526+0200] {logging_mixin.py:188} INFO - [2024-07-18T18:58:59.526+0200] {dagbag.py:545} INFO - Filling up the DagBag from /home/richonlinux/Documents/GitHub/AirflowTuto/venv/lib/python3.10/site-packages/airflow/example_dags/example_python_decorator.py
[2024-07-18T18:58:59.533+0200] {logging_mixin.py:188} INFO - [2024-07-18T18:58:59.533+0200] {example_python_decorator.py:80} WARNING - The virtalenv_python example task requires virtualenv, please install it.
[2024-07-18T18:58:59.534+0200] {processor.py:840} INFO - DAG(s) 'example_python_decorator' retrieved from /home/richonlinux/Documents/GitHub/AirflowTuto/venv/lib/python3.10/site-packages/airflow/example_dags/example_python_decorator.py
[2024-07-18T18:58:59.542+0200] {logging_mixin.py:188} INFO - [2024-07-18T18:58:59.542+0200] {dag.py:3089} INFO - Sync 1 DAGs
[2024-07-18T18:58:59.548+0200] {logging_mixin.py:188} INFO - [2024-07-18T18:58:59.548+0200] {dag.py:3947} INFO - Setting next_dagrun for example_python_decorator to None, run_after=None
[2024-07-18T18:58:59.560+0200] {processor.py:183} INFO - Processing /home/richonlinux/Documents/GitHub/AirflowTuto/venv/lib/python3.10/site-packages/airflow/example_dags/example_python_decorator.py took 0.044 seconds
[2024-07-18T18:59:39.617+0200] {processor.py:161} INFO - Started process (PID=277498) to work on /home/richonlinux/Documents/GitHub/AirflowTuto/venv/lib/python3.10/site-packages/airflow/example_dags/example_python_decorator.py
[2024-07-18T18:59:39.618+0200] {processor.py:830} INFO - Processing file /home/richonlinux/Documents/GitHub/AirflowTuto/venv/lib/python3.10/site-packages/airflow/example_dags/example_python_decorator.py for tasks to queue
[2024-07-18T18:59:39.618+0200] {logging_mixin.py:188} INFO - [2024-07-18T18:59:39.618+0200] {dagbag.py:545} INFO - Filling up the DagBag from /home/richonlinux/Documents/GitHub/AirflowTuto/venv/lib/python3.10/site-packages/airflow/example_dags/example_python_decorator.py
[2024-07-18T18:59:39.624+0200] {logging_mixin.py:188} INFO - [2024-07-18T18:59:39.624+0200] {example_python_decorator.py:80} WARNING - The virtalenv_python example task requires virtualenv, please install it.
[2024-07-18T18:59:39.624+0200] {processor.py:840} INFO - DAG(s) 'example_python_decorator' retrieved from /home/richonlinux/Documents/GitHub/AirflowTuto/venv/lib/python3.10/site-packages/airflow/example_dags/example_python_decorator.py
[2024-07-18T18:59:39.633+0200] {logging_mixin.py:188} INFO - [2024-07-18T18:59:39.633+0200] {dag.py:3089} INFO - Sync 1 DAGs
[2024-07-18T18:59:39.639+0200] {logging_mixin.py:188} INFO - [2024-07-18T18:59:39.639+0200] {dag.py:3947} INFO - Setting next_dagrun for example_python_decorator to None, run_after=None
[2024-07-18T18:59:39.651+0200] {processor.py:183} INFO - Processing /home/richonlinux/Documents/GitHub/AirflowTuto/venv/lib/python3.10/site-packages/airflow/example_dags/example_python_decorator.py took 0.038 seconds
