[2024-07-18T18:16:35.938+0200] {processor.py:161} INFO - Started process (PID=258236) to work on /home/richonlinux/Documents/GitHub/AirflowTuto/venv/lib/python3.10/site-packages/airflow/example_dags/example_time_delta_sensor_async.py
[2024-07-18T18:16:35.939+0200] {processor.py:830} INFO - Processing file /home/richonlinux/Documents/GitHub/AirflowTuto/venv/lib/python3.10/site-packages/airflow/example_dags/example_time_delta_sensor_async.py for tasks to queue
[2024-07-18T18:16:35.941+0200] {logging_mixin.py:188} INFO - [2024-07-18T18:16:35.941+0200] {dagbag.py:545} INFO - Filling up the DagBag from /home/richonlinux/Documents/GitHub/AirflowTuto/venv/lib/python3.10/site-packages/airflow/example_dags/example_time_delta_sensor_async.py
[2024-07-18T18:16:35.945+0200] {processor.py:840} INFO - DAG(s) 'example_time_delta_sensor_async' retrieved from /home/richonlinux/Documents/GitHub/AirflowTuto/venv/lib/python3.10/site-packages/airflow/example_dags/example_time_delta_sensor_async.py
[2024-07-18T18:16:36.002+0200] {logging_mixin.py:188} INFO - [2024-07-18T18:16:36.002+0200] {override.py:1858} INFO - Created Permission View: can edit on DAG:example_time_delta_sensor_async
[2024-07-18T18:16:36.009+0200] {logging_mixin.py:188} INFO - [2024-07-18T18:16:36.009+0200] {override.py:1858} INFO - Created Permission View: can read on DAG:example_time_delta_sensor_async
[2024-07-18T18:16:36.016+0200] {logging_mixin.py:188} INFO - [2024-07-18T18:16:36.016+0200] {override.py:1858} INFO - Created Permission View: can delete on DAG:example_time_delta_sensor_async
[2024-07-18T18:16:36.016+0200] {logging_mixin.py:188} INFO - [2024-07-18T18:16:36.016+0200] {dag.py:3089} INFO - Sync 1 DAGs
[2024-07-18T18:16:36.022+0200] {logging_mixin.py:188} INFO - [2024-07-18T18:16:36.022+0200] {dag.py:3111} INFO - Creating ORM DAG for example_time_delta_sensor_async
[2024-07-18T18:16:36.022+0200] {logging_mixin.py:188} INFO - [2024-07-18T18:16:36.022+0200] {dag.py:3947} INFO - Setting next_dagrun for example_time_delta_sensor_async to None, run_after=None
[2024-07-18T18:16:36.034+0200] {processor.py:183} INFO - Processing /home/richonlinux/Documents/GitHub/AirflowTuto/venv/lib/python3.10/site-packages/airflow/example_dags/example_time_delta_sensor_async.py took 0.104 seconds
[2024-07-18T18:17:28.646+0200] {processor.py:161} INFO - Started process (PID=259092) to work on /home/richonlinux/Documents/GitHub/AirflowTuto/venv/lib/python3.10/site-packages/airflow/example_dags/example_time_delta_sensor_async.py
[2024-07-18T18:17:28.650+0200] {processor.py:830} INFO - Processing file /home/richonlinux/Documents/GitHub/AirflowTuto/venv/lib/python3.10/site-packages/airflow/example_dags/example_time_delta_sensor_async.py for tasks to queue
[2024-07-18T18:17:28.651+0200] {logging_mixin.py:188} INFO - [2024-07-18T18:17:28.651+0200] {dagbag.py:545} INFO - Filling up the DagBag from /home/richonlinux/Documents/GitHub/AirflowTuto/venv/lib/python3.10/site-packages/airflow/example_dags/example_time_delta_sensor_async.py
[2024-07-18T18:17:28.654+0200] {processor.py:840} INFO - DAG(s) 'example_time_delta_sensor_async' retrieved from /home/richonlinux/Documents/GitHub/AirflowTuto/venv/lib/python3.10/site-packages/airflow/example_dags/example_time_delta_sensor_async.py
[2024-07-18T18:17:28.663+0200] {logging_mixin.py:188} INFO - [2024-07-18T18:17:28.663+0200] {dag.py:3089} INFO - Sync 1 DAGs
[2024-07-18T18:17:28.669+0200] {logging_mixin.py:188} INFO - [2024-07-18T18:17:28.669+0200] {dag.py:3947} INFO - Setting next_dagrun for example_time_delta_sensor_async to None, run_after=None
[2024-07-18T18:17:28.681+0200] {processor.py:183} INFO - Processing /home/richonlinux/Documents/GitHub/AirflowTuto/venv/lib/python3.10/site-packages/airflow/example_dags/example_time_delta_sensor_async.py took 0.038 seconds
[2024-07-18T18:44:17.525+0200] {processor.py:161} INFO - Started process (PID=260300) to work on /home/richonlinux/Documents/GitHub/AirflowTuto/venv/lib/python3.10/site-packages/airflow/example_dags/example_time_delta_sensor_async.py
[2024-07-18T18:44:17.526+0200] {processor.py:830} INFO - Processing file /home/richonlinux/Documents/GitHub/AirflowTuto/venv/lib/python3.10/site-packages/airflow/example_dags/example_time_delta_sensor_async.py for tasks to queue
[2024-07-18T18:44:17.527+0200] {logging_mixin.py:188} INFO - [2024-07-18T18:44:17.526+0200] {dagbag.py:545} INFO - Filling up the DagBag from /home/richonlinux/Documents/GitHub/AirflowTuto/venv/lib/python3.10/site-packages/airflow/example_dags/example_time_delta_sensor_async.py
[2024-07-18T18:44:17.530+0200] {processor.py:840} INFO - DAG(s) 'example_time_delta_sensor_async' retrieved from /home/richonlinux/Documents/GitHub/AirflowTuto/venv/lib/python3.10/site-packages/airflow/example_dags/example_time_delta_sensor_async.py
[2024-07-18T18:44:17.539+0200] {logging_mixin.py:188} INFO - [2024-07-18T18:44:17.539+0200] {dag.py:3089} INFO - Sync 1 DAGs
[2024-07-18T18:44:17.546+0200] {logging_mixin.py:188} INFO - [2024-07-18T18:44:17.546+0200] {dag.py:3947} INFO - Setting next_dagrun for example_time_delta_sensor_async to None, run_after=None
[2024-07-18T18:44:17.626+0200] {processor.py:183} INFO - Processing /home/richonlinux/Documents/GitHub/AirflowTuto/venv/lib/python3.10/site-packages/airflow/example_dags/example_time_delta_sensor_async.py took 0.105 seconds
[2024-07-18T18:45:10.274+0200] {processor.py:161} INFO - Started process (PID=261400) to work on /home/richonlinux/Documents/GitHub/AirflowTuto/venv/lib/python3.10/site-packages/airflow/example_dags/example_time_delta_sensor_async.py
[2024-07-18T18:45:10.275+0200] {processor.py:830} INFO - Processing file /home/richonlinux/Documents/GitHub/AirflowTuto/venv/lib/python3.10/site-packages/airflow/example_dags/example_time_delta_sensor_async.py for tasks to queue
[2024-07-18T18:45:10.277+0200] {logging_mixin.py:188} INFO - [2024-07-18T18:45:10.276+0200] {dagbag.py:545} INFO - Filling up the DagBag from /home/richonlinux/Documents/GitHub/AirflowTuto/venv/lib/python3.10/site-packages/airflow/example_dags/example_time_delta_sensor_async.py
[2024-07-18T18:45:10.281+0200] {processor.py:840} INFO - DAG(s) 'example_time_delta_sensor_async' retrieved from /home/richonlinux/Documents/GitHub/AirflowTuto/venv/lib/python3.10/site-packages/airflow/example_dags/example_time_delta_sensor_async.py
[2024-07-18T18:45:10.290+0200] {logging_mixin.py:188} INFO - [2024-07-18T18:45:10.289+0200] {dag.py:3089} INFO - Sync 1 DAGs
[2024-07-18T18:45:10.296+0200] {logging_mixin.py:188} INFO - [2024-07-18T18:45:10.296+0200] {dag.py:3947} INFO - Setting next_dagrun for example_time_delta_sensor_async to None, run_after=None
[2024-07-18T18:45:10.308+0200] {processor.py:183} INFO - Processing /home/richonlinux/Documents/GitHub/AirflowTuto/venv/lib/python3.10/site-packages/airflow/example_dags/example_time_delta_sensor_async.py took 0.041 seconds
[2024-07-18T18:46:06.280+0200] {processor.py:161} INFO - Started process (PID=262634) to work on /home/richonlinux/Documents/GitHub/AirflowTuto/venv/lib/python3.10/site-packages/airflow/example_dags/example_time_delta_sensor_async.py
[2024-07-18T18:46:06.282+0200] {processor.py:830} INFO - Processing file /home/richonlinux/Documents/GitHub/AirflowTuto/venv/lib/python3.10/site-packages/airflow/example_dags/example_time_delta_sensor_async.py for tasks to queue
[2024-07-18T18:46:06.283+0200] {logging_mixin.py:188} INFO - [2024-07-18T18:46:06.283+0200] {dagbag.py:545} INFO - Filling up the DagBag from /home/richonlinux/Documents/GitHub/AirflowTuto/venv/lib/python3.10/site-packages/airflow/example_dags/example_time_delta_sensor_async.py
[2024-07-18T18:46:06.286+0200] {processor.py:840} INFO - DAG(s) 'example_time_delta_sensor_async' retrieved from /home/richonlinux/Documents/GitHub/AirflowTuto/venv/lib/python3.10/site-packages/airflow/example_dags/example_time_delta_sensor_async.py
[2024-07-18T18:46:06.297+0200] {logging_mixin.py:188} INFO - [2024-07-18T18:46:06.296+0200] {dag.py:3089} INFO - Sync 1 DAGs
[2024-07-18T18:46:06.304+0200] {logging_mixin.py:188} INFO - [2024-07-18T18:46:06.304+0200] {dag.py:3947} INFO - Setting next_dagrun for example_time_delta_sensor_async to None, run_after=None
[2024-07-18T18:46:06.318+0200] {processor.py:183} INFO - Processing /home/richonlinux/Documents/GitHub/AirflowTuto/venv/lib/python3.10/site-packages/airflow/example_dags/example_time_delta_sensor_async.py took 0.047 seconds
[2024-07-18T18:49:47.683+0200] {processor.py:161} INFO - Started process (PID=266614) to work on /home/richonlinux/Documents/GitHub/AirflowTuto/venv/lib/python3.10/site-packages/airflow/example_dags/example_time_delta_sensor_async.py
[2024-07-18T18:49:47.684+0200] {processor.py:830} INFO - Processing file /home/richonlinux/Documents/GitHub/AirflowTuto/venv/lib/python3.10/site-packages/airflow/example_dags/example_time_delta_sensor_async.py for tasks to queue
[2024-07-18T18:49:47.685+0200] {logging_mixin.py:188} INFO - [2024-07-18T18:49:47.685+0200] {dagbag.py:545} INFO - Filling up the DagBag from /home/richonlinux/Documents/GitHub/AirflowTuto/venv/lib/python3.10/site-packages/airflow/example_dags/example_time_delta_sensor_async.py
[2024-07-18T18:49:47.688+0200] {processor.py:840} INFO - DAG(s) 'example_time_delta_sensor_async' retrieved from /home/richonlinux/Documents/GitHub/AirflowTuto/venv/lib/python3.10/site-packages/airflow/example_dags/example_time_delta_sensor_async.py
[2024-07-18T18:49:47.693+0200] {logging_mixin.py:188} INFO - [2024-07-18T18:49:47.693+0200] {dag.py:3089} INFO - Sync 1 DAGs
[2024-07-18T18:49:47.699+0200] {logging_mixin.py:188} INFO - [2024-07-18T18:49:47.699+0200] {dag.py:3947} INFO - Setting next_dagrun for example_time_delta_sensor_async to None, run_after=None
[2024-07-18T18:49:47.711+0200] {processor.py:183} INFO - Processing /home/richonlinux/Documents/GitHub/AirflowTuto/venv/lib/python3.10/site-packages/airflow/example_dags/example_time_delta_sensor_async.py took 0.031 seconds
[2024-07-18T18:51:41.081+0200] {processor.py:161} INFO - Started process (PID=268604) to work on /home/richonlinux/Documents/GitHub/AirflowTuto/venv/lib/python3.10/site-packages/airflow/example_dags/example_time_delta_sensor_async.py
[2024-07-18T18:51:41.085+0200] {processor.py:830} INFO - Processing file /home/richonlinux/Documents/GitHub/AirflowTuto/venv/lib/python3.10/site-packages/airflow/example_dags/example_time_delta_sensor_async.py for tasks to queue
[2024-07-18T18:51:41.088+0200] {logging_mixin.py:188} INFO - [2024-07-18T18:51:41.087+0200] {dagbag.py:545} INFO - Filling up the DagBag from /home/richonlinux/Documents/GitHub/AirflowTuto/venv/lib/python3.10/site-packages/airflow/example_dags/example_time_delta_sensor_async.py
[2024-07-18T18:51:41.093+0200] {processor.py:840} INFO - DAG(s) 'example_time_delta_sensor_async' retrieved from /home/richonlinux/Documents/GitHub/AirflowTuto/venv/lib/python3.10/site-packages/airflow/example_dags/example_time_delta_sensor_async.py
[2024-07-18T18:51:41.099+0200] {logging_mixin.py:188} INFO - [2024-07-18T18:51:41.099+0200] {dag.py:3089} INFO - Sync 1 DAGs
[2024-07-18T18:51:41.105+0200] {logging_mixin.py:188} INFO - [2024-07-18T18:51:41.105+0200] {dag.py:3947} INFO - Setting next_dagrun for example_time_delta_sensor_async to None, run_after=None
[2024-07-18T18:51:41.116+0200] {processor.py:183} INFO - Processing /home/richonlinux/Documents/GitHub/AirflowTuto/venv/lib/python3.10/site-packages/airflow/example_dags/example_time_delta_sensor_async.py took 0.039 seconds
[2024-07-18T18:52:33.032+0200] {processor.py:161} INFO - Started process (PID=269659) to work on /home/richonlinux/Documents/GitHub/AirflowTuto/venv/lib/python3.10/site-packages/airflow/example_dags/example_time_delta_sensor_async.py
[2024-07-18T18:52:33.033+0200] {processor.py:830} INFO - Processing file /home/richonlinux/Documents/GitHub/AirflowTuto/venv/lib/python3.10/site-packages/airflow/example_dags/example_time_delta_sensor_async.py for tasks to queue
[2024-07-18T18:52:33.035+0200] {logging_mixin.py:188} INFO - [2024-07-18T18:52:33.035+0200] {dagbag.py:545} INFO - Filling up the DagBag from /home/richonlinux/Documents/GitHub/AirflowTuto/venv/lib/python3.10/site-packages/airflow/example_dags/example_time_delta_sensor_async.py
[2024-07-18T18:52:33.040+0200] {processor.py:840} INFO - DAG(s) 'example_time_delta_sensor_async' retrieved from /home/richonlinux/Documents/GitHub/AirflowTuto/venv/lib/python3.10/site-packages/airflow/example_dags/example_time_delta_sensor_async.py
[2024-07-18T18:52:33.140+0200] {logging_mixin.py:188} INFO - [2024-07-18T18:52:33.140+0200] {dag.py:3089} INFO - Sync 1 DAGs
[2024-07-18T18:52:33.144+0200] {logging_mixin.py:188} INFO - [2024-07-18T18:52:33.144+0200] {dag.py:3947} INFO - Setting next_dagrun for example_time_delta_sensor_async to None, run_after=None
[2024-07-18T18:52:33.156+0200] {processor.py:183} INFO - Processing /home/richonlinux/Documents/GitHub/AirflowTuto/venv/lib/python3.10/site-packages/airflow/example_dags/example_time_delta_sensor_async.py took 0.132 seconds
[2024-07-18T18:53:24.714+0200] {processor.py:161} INFO - Started process (PID=271028) to work on /home/richonlinux/Documents/GitHub/AirflowTuto/venv/lib/python3.10/site-packages/airflow/example_dags/example_time_delta_sensor_async.py
[2024-07-18T18:53:24.715+0200] {processor.py:830} INFO - Processing file /home/richonlinux/Documents/GitHub/AirflowTuto/venv/lib/python3.10/site-packages/airflow/example_dags/example_time_delta_sensor_async.py for tasks to queue
[2024-07-18T18:53:24.716+0200] {logging_mixin.py:188} INFO - [2024-07-18T18:53:24.716+0200] {dagbag.py:545} INFO - Filling up the DagBag from /home/richonlinux/Documents/GitHub/AirflowTuto/venv/lib/python3.10/site-packages/airflow/example_dags/example_time_delta_sensor_async.py
[2024-07-18T18:53:24.719+0200] {processor.py:840} INFO - DAG(s) 'example_time_delta_sensor_async' retrieved from /home/richonlinux/Documents/GitHub/AirflowTuto/venv/lib/python3.10/site-packages/airflow/example_dags/example_time_delta_sensor_async.py
[2024-07-18T18:53:24.728+0200] {logging_mixin.py:188} INFO - [2024-07-18T18:53:24.728+0200] {dag.py:3089} INFO - Sync 1 DAGs
[2024-07-18T18:53:24.734+0200] {logging_mixin.py:188} INFO - [2024-07-18T18:53:24.734+0200] {dag.py:3947} INFO - Setting next_dagrun for example_time_delta_sensor_async to None, run_after=None
[2024-07-18T18:53:24.808+0200] {processor.py:183} INFO - Processing /home/richonlinux/Documents/GitHub/AirflowTuto/venv/lib/python3.10/site-packages/airflow/example_dags/example_time_delta_sensor_async.py took 0.098 seconds
[2024-07-18T18:54:31.401+0200] {processor.py:161} INFO - Started process (PID=272322) to work on /home/richonlinux/Documents/GitHub/AirflowTuto/venv/lib/python3.10/site-packages/airflow/example_dags/example_time_delta_sensor_async.py
[2024-07-18T18:54:31.403+0200] {processor.py:830} INFO - Processing file /home/richonlinux/Documents/GitHub/AirflowTuto/venv/lib/python3.10/site-packages/airflow/example_dags/example_time_delta_sensor_async.py for tasks to queue
[2024-07-18T18:54:31.405+0200] {logging_mixin.py:188} INFO - [2024-07-18T18:54:31.404+0200] {dagbag.py:545} INFO - Filling up the DagBag from /home/richonlinux/Documents/GitHub/AirflowTuto/venv/lib/python3.10/site-packages/airflow/example_dags/example_time_delta_sensor_async.py
[2024-07-18T18:54:31.408+0200] {processor.py:840} INFO - DAG(s) 'example_time_delta_sensor_async' retrieved from /home/richonlinux/Documents/GitHub/AirflowTuto/venv/lib/python3.10/site-packages/airflow/example_dags/example_time_delta_sensor_async.py
[2024-07-18T18:54:31.417+0200] {logging_mixin.py:188} INFO - [2024-07-18T18:54:31.417+0200] {dag.py:3089} INFO - Sync 1 DAGs
[2024-07-18T18:54:31.423+0200] {logging_mixin.py:188} INFO - [2024-07-18T18:54:31.423+0200] {dag.py:3947} INFO - Setting next_dagrun for example_time_delta_sensor_async to None, run_after=None
[2024-07-18T18:54:31.435+0200] {processor.py:183} INFO - Processing /home/richonlinux/Documents/GitHub/AirflowTuto/venv/lib/python3.10/site-packages/airflow/example_dags/example_time_delta_sensor_async.py took 0.043 seconds
[2024-07-18T18:55:27.445+0200] {processor.py:161} INFO - Started process (PID=273210) to work on /home/richonlinux/Documents/GitHub/AirflowTuto/venv/lib/python3.10/site-packages/airflow/example_dags/example_time_delta_sensor_async.py
[2024-07-18T18:55:27.446+0200] {processor.py:830} INFO - Processing file /home/richonlinux/Documents/GitHub/AirflowTuto/venv/lib/python3.10/site-packages/airflow/example_dags/example_time_delta_sensor_async.py for tasks to queue
[2024-07-18T18:55:27.448+0200] {logging_mixin.py:188} INFO - [2024-07-18T18:55:27.448+0200] {dagbag.py:545} INFO - Filling up the DagBag from /home/richonlinux/Documents/GitHub/AirflowTuto/venv/lib/python3.10/site-packages/airflow/example_dags/example_time_delta_sensor_async.py
[2024-07-18T18:55:27.452+0200] {processor.py:840} INFO - DAG(s) 'example_time_delta_sensor_async' retrieved from /home/richonlinux/Documents/GitHub/AirflowTuto/venv/lib/python3.10/site-packages/airflow/example_dags/example_time_delta_sensor_async.py
[2024-07-18T18:55:27.461+0200] {logging_mixin.py:188} INFO - [2024-07-18T18:55:27.461+0200] {dag.py:3089} INFO - Sync 1 DAGs
[2024-07-18T18:55:27.467+0200] {logging_mixin.py:188} INFO - [2024-07-18T18:55:27.467+0200] {dag.py:3947} INFO - Setting next_dagrun for example_time_delta_sensor_async to None, run_after=None
[2024-07-18T18:55:27.479+0200] {processor.py:183} INFO - Processing /home/richonlinux/Documents/GitHub/AirflowTuto/venv/lib/python3.10/site-packages/airflow/example_dags/example_time_delta_sensor_async.py took 0.044 seconds
[2024-07-18T18:56:27.534+0200] {processor.py:161} INFO - Started process (PID=274266) to work on /home/richonlinux/Documents/GitHub/AirflowTuto/venv/lib/python3.10/site-packages/airflow/example_dags/example_time_delta_sensor_async.py
[2024-07-18T18:56:27.538+0200] {processor.py:830} INFO - Processing file /home/richonlinux/Documents/GitHub/AirflowTuto/venv/lib/python3.10/site-packages/airflow/example_dags/example_time_delta_sensor_async.py for tasks to queue
[2024-07-18T18:56:27.539+0200] {logging_mixin.py:188} INFO - [2024-07-18T18:56:27.538+0200] {dagbag.py:545} INFO - Filling up the DagBag from /home/richonlinux/Documents/GitHub/AirflowTuto/venv/lib/python3.10/site-packages/airflow/example_dags/example_time_delta_sensor_async.py
[2024-07-18T18:56:27.544+0200] {processor.py:840} INFO - DAG(s) 'example_time_delta_sensor_async' retrieved from /home/richonlinux/Documents/GitHub/AirflowTuto/venv/lib/python3.10/site-packages/airflow/example_dags/example_time_delta_sensor_async.py
[2024-07-18T18:56:27.553+0200] {logging_mixin.py:188} INFO - [2024-07-18T18:56:27.553+0200] {dag.py:3089} INFO - Sync 1 DAGs
[2024-07-18T18:56:27.559+0200] {logging_mixin.py:188} INFO - [2024-07-18T18:56:27.559+0200] {dag.py:3947} INFO - Setting next_dagrun for example_time_delta_sensor_async to None, run_after=None
[2024-07-18T18:56:27.571+0200] {processor.py:183} INFO - Processing /home/richonlinux/Documents/GitHub/AirflowTuto/venv/lib/python3.10/site-packages/airflow/example_dags/example_time_delta_sensor_async.py took 0.041 seconds
[2024-07-18T18:57:25.274+0200] {processor.py:161} INFO - Started process (PID=275237) to work on /home/richonlinux/Documents/GitHub/AirflowTuto/venv/lib/python3.10/site-packages/airflow/example_dags/example_time_delta_sensor_async.py
[2024-07-18T18:57:25.275+0200] {processor.py:830} INFO - Processing file /home/richonlinux/Documents/GitHub/AirflowTuto/venv/lib/python3.10/site-packages/airflow/example_dags/example_time_delta_sensor_async.py for tasks to queue
[2024-07-18T18:57:25.277+0200] {logging_mixin.py:188} INFO - [2024-07-18T18:57:25.277+0200] {dagbag.py:545} INFO - Filling up the DagBag from /home/richonlinux/Documents/GitHub/AirflowTuto/venv/lib/python3.10/site-packages/airflow/example_dags/example_time_delta_sensor_async.py
[2024-07-18T18:57:25.282+0200] {processor.py:840} INFO - DAG(s) 'example_time_delta_sensor_async' retrieved from /home/richonlinux/Documents/GitHub/AirflowTuto/venv/lib/python3.10/site-packages/airflow/example_dags/example_time_delta_sensor_async.py
[2024-07-18T18:57:25.291+0200] {logging_mixin.py:188} INFO - [2024-07-18T18:57:25.290+0200] {dag.py:3089} INFO - Sync 1 DAGs
[2024-07-18T18:57:25.297+0200] {logging_mixin.py:188} INFO - [2024-07-18T18:57:25.297+0200] {dag.py:3947} INFO - Setting next_dagrun for example_time_delta_sensor_async to None, run_after=None
[2024-07-18T18:57:25.309+0200] {processor.py:183} INFO - Processing /home/richonlinux/Documents/GitHub/AirflowTuto/venv/lib/python3.10/site-packages/airflow/example_dags/example_time_delta_sensor_async.py took 0.042 seconds
[2024-07-18T18:58:24.735+0200] {processor.py:161} INFO - Started process (PID=276166) to work on /home/richonlinux/Documents/GitHub/AirflowTuto/venv/lib/python3.10/site-packages/airflow/example_dags/example_time_delta_sensor_async.py
[2024-07-18T18:58:24.737+0200] {processor.py:830} INFO - Processing file /home/richonlinux/Documents/GitHub/AirflowTuto/venv/lib/python3.10/site-packages/airflow/example_dags/example_time_delta_sensor_async.py for tasks to queue
[2024-07-18T18:58:24.738+0200] {logging_mixin.py:188} INFO - [2024-07-18T18:58:24.738+0200] {dagbag.py:545} INFO - Filling up the DagBag from /home/richonlinux/Documents/GitHub/AirflowTuto/venv/lib/python3.10/site-packages/airflow/example_dags/example_time_delta_sensor_async.py
[2024-07-18T18:58:24.742+0200] {processor.py:840} INFO - DAG(s) 'example_time_delta_sensor_async' retrieved from /home/richonlinux/Documents/GitHub/AirflowTuto/venv/lib/python3.10/site-packages/airflow/example_dags/example_time_delta_sensor_async.py
[2024-07-18T18:58:24.754+0200] {logging_mixin.py:188} INFO - [2024-07-18T18:58:24.754+0200] {dag.py:3089} INFO - Sync 1 DAGs
[2024-07-18T18:58:24.762+0200] {logging_mixin.py:188} INFO - [2024-07-18T18:58:24.762+0200] {dag.py:3947} INFO - Setting next_dagrun for example_time_delta_sensor_async to None, run_after=None
[2024-07-18T18:58:24.776+0200] {processor.py:183} INFO - Processing /home/richonlinux/Documents/GitHub/AirflowTuto/venv/lib/python3.10/site-packages/airflow/example_dags/example_time_delta_sensor_async.py took 0.047 seconds
[2024-07-18T18:59:25.210+0200] {processor.py:161} INFO - Started process (PID=277249) to work on /home/richonlinux/Documents/GitHub/AirflowTuto/venv/lib/python3.10/site-packages/airflow/example_dags/example_time_delta_sensor_async.py
[2024-07-18T18:59:25.211+0200] {processor.py:830} INFO - Processing file /home/richonlinux/Documents/GitHub/AirflowTuto/venv/lib/python3.10/site-packages/airflow/example_dags/example_time_delta_sensor_async.py for tasks to queue
[2024-07-18T18:59:25.213+0200] {logging_mixin.py:188} INFO - [2024-07-18T18:59:25.213+0200] {dagbag.py:545} INFO - Filling up the DagBag from /home/richonlinux/Documents/GitHub/AirflowTuto/venv/lib/python3.10/site-packages/airflow/example_dags/example_time_delta_sensor_async.py
[2024-07-18T18:59:25.217+0200] {processor.py:840} INFO - DAG(s) 'example_time_delta_sensor_async' retrieved from /home/richonlinux/Documents/GitHub/AirflowTuto/venv/lib/python3.10/site-packages/airflow/example_dags/example_time_delta_sensor_async.py
[2024-07-18T18:59:25.226+0200] {logging_mixin.py:188} INFO - [2024-07-18T18:59:25.226+0200] {dag.py:3089} INFO - Sync 1 DAGs
[2024-07-18T18:59:25.232+0200] {logging_mixin.py:188} INFO - [2024-07-18T18:59:25.232+0200] {dag.py:3947} INFO - Setting next_dagrun for example_time_delta_sensor_async to None, run_after=None
[2024-07-18T18:59:25.244+0200] {processor.py:183} INFO - Processing /home/richonlinux/Documents/GitHub/AirflowTuto/venv/lib/python3.10/site-packages/airflow/example_dags/example_time_delta_sensor_async.py took 0.044 seconds
