[2024-07-18T18:16:51.351+0200] {processor.py:161} INFO - Started process (PID=258457) to work on /home/richonlinux/Documents/GitHub/AirflowTuto/venv/lib/python3.10/site-packages/airflow/example_dags/example_bash_decorator.py
[2024-07-18T18:16:51.352+0200] {processor.py:830} INFO - Processing file /home/richonlinux/Documents/GitHub/AirflowTuto/venv/lib/python3.10/site-packages/airflow/example_dags/example_bash_decorator.py for tasks to queue
[2024-07-18T18:16:51.354+0200] {logging_mixin.py:188} INFO - [2024-07-18T18:16:51.353+0200] {dagbag.py:545} INFO - Filling up the DagBag from /home/richonlinux/Documents/GitHub/AirflowTuto/venv/lib/python3.10/site-packages/airflow/example_dags/example_bash_decorator.py
[2024-07-18T18:16:51.363+0200] {processor.py:840} INFO - DAG(s) 'example_bash_decorator' retrieved from /home/richonlinux/Documents/GitHub/AirflowTuto/venv/lib/python3.10/site-packages/airflow/example_dags/example_bash_decorator.py
[2024-07-18T18:16:51.422+0200] {logging_mixin.py:188} INFO - [2024-07-18T18:16:51.422+0200] {override.py:1858} INFO - Created Permission View: can edit on DAG:example_bash_decorator
[2024-07-18T18:16:51.430+0200] {logging_mixin.py:188} INFO - [2024-07-18T18:16:51.429+0200] {override.py:1858} INFO - Created Permission View: can read on DAG:example_bash_decorator
[2024-07-18T18:16:51.435+0200] {logging_mixin.py:188} INFO - [2024-07-18T18:16:51.435+0200] {override.py:1858} INFO - Created Permission View: can delete on DAG:example_bash_decorator
[2024-07-18T18:16:51.436+0200] {logging_mixin.py:188} INFO - [2024-07-18T18:16:51.436+0200] {dag.py:3089} INFO - Sync 1 DAGs
[2024-07-18T18:16:51.441+0200] {logging_mixin.py:188} INFO - [2024-07-18T18:16:51.441+0200] {dag.py:3111} INFO - Creating ORM DAG for example_bash_decorator
[2024-07-18T18:16:51.441+0200] {logging_mixin.py:188} INFO - [2024-07-18T18:16:51.441+0200] {dag.py:3947} INFO - Setting next_dagrun for example_bash_decorator to None, run_after=None
[2024-07-18T18:16:51.515+0200] {processor.py:183} INFO - Processing /home/richonlinux/Documents/GitHub/AirflowTuto/venv/lib/python3.10/site-packages/airflow/example_dags/example_bash_decorator.py took 0.171 seconds
[2024-07-18T18:43:47.135+0200] {processor.py:161} INFO - Started process (PID=259569) to work on /home/richonlinux/Documents/GitHub/AirflowTuto/venv/lib/python3.10/site-packages/airflow/example_dags/example_bash_decorator.py
[2024-07-18T18:43:47.137+0200] {processor.py:830} INFO - Processing file /home/richonlinux/Documents/GitHub/AirflowTuto/venv/lib/python3.10/site-packages/airflow/example_dags/example_bash_decorator.py for tasks to queue
[2024-07-18T18:43:47.138+0200] {logging_mixin.py:188} INFO - [2024-07-18T18:43:47.138+0200] {dagbag.py:545} INFO - Filling up the DagBag from /home/richonlinux/Documents/GitHub/AirflowTuto/venv/lib/python3.10/site-packages/airflow/example_dags/example_bash_decorator.py
[2024-07-18T18:43:47.147+0200] {processor.py:840} INFO - DAG(s) 'example_bash_decorator' retrieved from /home/richonlinux/Documents/GitHub/AirflowTuto/venv/lib/python3.10/site-packages/airflow/example_dags/example_bash_decorator.py
[2024-07-18T18:43:47.156+0200] {logging_mixin.py:188} INFO - [2024-07-18T18:43:47.156+0200] {dag.py:3089} INFO - Sync 1 DAGs
[2024-07-18T18:43:47.161+0200] {logging_mixin.py:188} INFO - [2024-07-18T18:43:47.161+0200] {dag.py:3947} INFO - Setting next_dagrun for example_bash_decorator to None, run_after=None
[2024-07-18T18:43:47.172+0200] {processor.py:183} INFO - Processing /home/richonlinux/Documents/GitHub/AirflowTuto/venv/lib/python3.10/site-packages/airflow/example_dags/example_bash_decorator.py took 0.044 seconds
[2024-07-18T18:44:58.912+0200] {processor.py:161} INFO - Started process (PID=261185) to work on /home/richonlinux/Documents/GitHub/AirflowTuto/venv/lib/python3.10/site-packages/airflow/example_dags/example_bash_decorator.py
[2024-07-18T18:44:58.913+0200] {processor.py:830} INFO - Processing file /home/richonlinux/Documents/GitHub/AirflowTuto/venv/lib/python3.10/site-packages/airflow/example_dags/example_bash_decorator.py for tasks to queue
[2024-07-18T18:44:58.914+0200] {logging_mixin.py:188} INFO - [2024-07-18T18:44:58.914+0200] {dagbag.py:545} INFO - Filling up the DagBag from /home/richonlinux/Documents/GitHub/AirflowTuto/venv/lib/python3.10/site-packages/airflow/example_dags/example_bash_decorator.py
[2024-07-18T18:44:58.922+0200] {processor.py:840} INFO - DAG(s) 'example_bash_decorator' retrieved from /home/richonlinux/Documents/GitHub/AirflowTuto/venv/lib/python3.10/site-packages/airflow/example_dags/example_bash_decorator.py
[2024-07-18T18:44:58.932+0200] {logging_mixin.py:188} INFO - [2024-07-18T18:44:58.932+0200] {dag.py:3089} INFO - Sync 1 DAGs
[2024-07-18T18:44:58.938+0200] {logging_mixin.py:188} INFO - [2024-07-18T18:44:58.938+0200] {dag.py:3947} INFO - Setting next_dagrun for example_bash_decorator to None, run_after=None
[2024-07-18T18:44:58.951+0200] {processor.py:183} INFO - Processing /home/richonlinux/Documents/GitHub/AirflowTuto/venv/lib/python3.10/site-packages/airflow/example_dags/example_bash_decorator.py took 0.042 seconds
[2024-07-18T18:45:57.559+0200] {processor.py:161} INFO - Started process (PID=262386) to work on /home/richonlinux/Documents/GitHub/AirflowTuto/venv/lib/python3.10/site-packages/airflow/example_dags/example_bash_decorator.py
[2024-07-18T18:45:57.561+0200] {processor.py:830} INFO - Processing file /home/richonlinux/Documents/GitHub/AirflowTuto/venv/lib/python3.10/site-packages/airflow/example_dags/example_bash_decorator.py for tasks to queue
[2024-07-18T18:45:57.562+0200] {logging_mixin.py:188} INFO - [2024-07-18T18:45:57.562+0200] {dagbag.py:545} INFO - Filling up the DagBag from /home/richonlinux/Documents/GitHub/AirflowTuto/venv/lib/python3.10/site-packages/airflow/example_dags/example_bash_decorator.py
[2024-07-18T18:45:57.571+0200] {processor.py:840} INFO - DAG(s) 'example_bash_decorator' retrieved from /home/richonlinux/Documents/GitHub/AirflowTuto/venv/lib/python3.10/site-packages/airflow/example_dags/example_bash_decorator.py
[2024-07-18T18:45:57.581+0200] {logging_mixin.py:188} INFO - [2024-07-18T18:45:57.581+0200] {dag.py:3089} INFO - Sync 1 DAGs
[2024-07-18T18:45:57.587+0200] {logging_mixin.py:188} INFO - [2024-07-18T18:45:57.587+0200] {dag.py:3947} INFO - Setting next_dagrun for example_bash_decorator to None, run_after=None
[2024-07-18T18:45:57.600+0200] {processor.py:183} INFO - Processing /home/richonlinux/Documents/GitHub/AirflowTuto/venv/lib/python3.10/site-packages/airflow/example_dags/example_bash_decorator.py took 0.050 seconds
[2024-07-18T18:50:03.103+0200] {processor.py:161} INFO - Started process (PID=266936) to work on /home/richonlinux/Documents/GitHub/AirflowTuto/venv/lib/python3.10/site-packages/airflow/example_dags/example_bash_decorator.py
[2024-07-18T18:50:03.104+0200] {processor.py:830} INFO - Processing file /home/richonlinux/Documents/GitHub/AirflowTuto/venv/lib/python3.10/site-packages/airflow/example_dags/example_bash_decorator.py for tasks to queue
[2024-07-18T18:50:03.106+0200] {logging_mixin.py:188} INFO - [2024-07-18T18:50:03.106+0200] {dagbag.py:545} INFO - Filling up the DagBag from /home/richonlinux/Documents/GitHub/AirflowTuto/venv/lib/python3.10/site-packages/airflow/example_dags/example_bash_decorator.py
[2024-07-18T18:50:03.115+0200] {processor.py:840} INFO - DAG(s) 'example_bash_decorator' retrieved from /home/richonlinux/Documents/GitHub/AirflowTuto/venv/lib/python3.10/site-packages/airflow/example_dags/example_bash_decorator.py
[2024-07-18T18:50:03.175+0200] {logging_mixin.py:188} INFO - [2024-07-18T18:50:03.175+0200] {dag.py:3089} INFO - Sync 1 DAGs
[2024-07-18T18:50:03.181+0200] {logging_mixin.py:188} INFO - [2024-07-18T18:50:03.181+0200] {dag.py:3947} INFO - Setting next_dagrun for example_bash_decorator to None, run_after=None
[2024-07-18T18:50:03.260+0200] {processor.py:183} INFO - Processing /home/richonlinux/Documents/GitHub/AirflowTuto/venv/lib/python3.10/site-packages/airflow/example_dags/example_bash_decorator.py took 0.160 seconds
[2024-07-18T18:51:55.380+0200] {processor.py:161} INFO - Started process (PID=268824) to work on /home/richonlinux/Documents/GitHub/AirflowTuto/venv/lib/python3.10/site-packages/airflow/example_dags/example_bash_decorator.py
[2024-07-18T18:51:55.381+0200] {processor.py:830} INFO - Processing file /home/richonlinux/Documents/GitHub/AirflowTuto/venv/lib/python3.10/site-packages/airflow/example_dags/example_bash_decorator.py for tasks to queue
[2024-07-18T18:51:55.381+0200] {logging_mixin.py:188} INFO - [2024-07-18T18:51:55.381+0200] {dagbag.py:545} INFO - Filling up the DagBag from /home/richonlinux/Documents/GitHub/AirflowTuto/venv/lib/python3.10/site-packages/airflow/example_dags/example_bash_decorator.py
[2024-07-18T18:51:55.391+0200] {processor.py:840} INFO - DAG(s) 'example_bash_decorator' retrieved from /home/richonlinux/Documents/GitHub/AirflowTuto/venv/lib/python3.10/site-packages/airflow/example_dags/example_bash_decorator.py
[2024-07-18T18:51:55.437+0200] {logging_mixin.py:188} INFO - [2024-07-18T18:51:55.436+0200] {dag.py:3089} INFO - Sync 1 DAGs
[2024-07-18T18:51:55.441+0200] {logging_mixin.py:188} INFO - [2024-07-18T18:51:55.441+0200] {dag.py:3947} INFO - Setting next_dagrun for example_bash_decorator to None, run_after=None
[2024-07-18T18:51:55.511+0200] {processor.py:183} INFO - Processing /home/richonlinux/Documents/GitHub/AirflowTuto/venv/lib/python3.10/site-packages/airflow/example_dags/example_bash_decorator.py took 0.135 seconds
[2024-07-18T18:53:02.706+0200] {processor.py:161} INFO - Started process (PID=270427) to work on /home/richonlinux/Documents/GitHub/AirflowTuto/venv/lib/python3.10/site-packages/airflow/example_dags/example_bash_decorator.py
[2024-07-18T18:53:02.707+0200] {processor.py:830} INFO - Processing file /home/richonlinux/Documents/GitHub/AirflowTuto/venv/lib/python3.10/site-packages/airflow/example_dags/example_bash_decorator.py for tasks to queue
[2024-07-18T18:53:02.708+0200] {logging_mixin.py:188} INFO - [2024-07-18T18:53:02.708+0200] {dagbag.py:545} INFO - Filling up the DagBag from /home/richonlinux/Documents/GitHub/AirflowTuto/venv/lib/python3.10/site-packages/airflow/example_dags/example_bash_decorator.py
[2024-07-18T18:53:02.715+0200] {processor.py:840} INFO - DAG(s) 'example_bash_decorator' retrieved from /home/richonlinux/Documents/GitHub/AirflowTuto/venv/lib/python3.10/site-packages/airflow/example_dags/example_bash_decorator.py
[2024-07-18T18:53:02.727+0200] {logging_mixin.py:188} INFO - [2024-07-18T18:53:02.727+0200] {dag.py:3089} INFO - Sync 1 DAGs
[2024-07-18T18:53:02.733+0200] {logging_mixin.py:188} INFO - [2024-07-18T18:53:02.733+0200] {dag.py:3947} INFO - Setting next_dagrun for example_bash_decorator to None, run_after=None
[2024-07-18T18:53:02.745+0200] {processor.py:183} INFO - Processing /home/richonlinux/Documents/GitHub/AirflowTuto/venv/lib/python3.10/site-packages/airflow/example_dags/example_bash_decorator.py took 0.042 seconds
[2024-07-18T18:54:09.542+0200] {processor.py:161} INFO - Started process (PID=271928) to work on /home/richonlinux/Documents/GitHub/AirflowTuto/venv/lib/python3.10/site-packages/airflow/example_dags/example_bash_decorator.py
[2024-07-18T18:54:09.543+0200] {processor.py:830} INFO - Processing file /home/richonlinux/Documents/GitHub/AirflowTuto/venv/lib/python3.10/site-packages/airflow/example_dags/example_bash_decorator.py for tasks to queue
[2024-07-18T18:54:09.545+0200] {logging_mixin.py:188} INFO - [2024-07-18T18:54:09.544+0200] {dagbag.py:545} INFO - Filling up the DagBag from /home/richonlinux/Documents/GitHub/AirflowTuto/venv/lib/python3.10/site-packages/airflow/example_dags/example_bash_decorator.py
[2024-07-18T18:54:09.554+0200] {processor.py:840} INFO - DAG(s) 'example_bash_decorator' retrieved from /home/richonlinux/Documents/GitHub/AirflowTuto/venv/lib/python3.10/site-packages/airflow/example_dags/example_bash_decorator.py
[2024-07-18T18:54:09.564+0200] {logging_mixin.py:188} INFO - [2024-07-18T18:54:09.564+0200] {dag.py:3089} INFO - Sync 1 DAGs
[2024-07-18T18:54:09.569+0200] {logging_mixin.py:188} INFO - [2024-07-18T18:54:09.569+0200] {dag.py:3947} INFO - Setting next_dagrun for example_bash_decorator to None, run_after=None
[2024-07-18T18:54:09.582+0200] {processor.py:183} INFO - Processing /home/richonlinux/Documents/GitHub/AirflowTuto/venv/lib/python3.10/site-packages/airflow/example_dags/example_bash_decorator.py took 0.049 seconds
[2024-07-18T18:55:11.596+0200] {processor.py:161} INFO - Started process (PID=272906) to work on /home/richonlinux/Documents/GitHub/AirflowTuto/venv/lib/python3.10/site-packages/airflow/example_dags/example_bash_decorator.py
[2024-07-18T18:55:11.597+0200] {processor.py:830} INFO - Processing file /home/richonlinux/Documents/GitHub/AirflowTuto/venv/lib/python3.10/site-packages/airflow/example_dags/example_bash_decorator.py for tasks to queue
[2024-07-18T18:55:11.599+0200] {logging_mixin.py:188} INFO - [2024-07-18T18:55:11.599+0200] {dagbag.py:545} INFO - Filling up the DagBag from /home/richonlinux/Documents/GitHub/AirflowTuto/venv/lib/python3.10/site-packages/airflow/example_dags/example_bash_decorator.py
[2024-07-18T18:55:11.608+0200] {processor.py:840} INFO - DAG(s) 'example_bash_decorator' retrieved from /home/richonlinux/Documents/GitHub/AirflowTuto/venv/lib/python3.10/site-packages/airflow/example_dags/example_bash_decorator.py
[2024-07-18T18:55:11.618+0200] {logging_mixin.py:188} INFO - [2024-07-18T18:55:11.618+0200] {dag.py:3089} INFO - Sync 1 DAGs
[2024-07-18T18:55:11.624+0200] {logging_mixin.py:188} INFO - [2024-07-18T18:55:11.624+0200] {dag.py:3947} INFO - Setting next_dagrun for example_bash_decorator to None, run_after=None
[2024-07-18T18:55:11.636+0200] {processor.py:183} INFO - Processing /home/richonlinux/Documents/GitHub/AirflowTuto/venv/lib/python3.10/site-packages/airflow/example_dags/example_bash_decorator.py took 0.049 seconds
[2024-07-18T18:56:08.671+0200] {processor.py:161} INFO - Started process (PID=273852) to work on /home/richonlinux/Documents/GitHub/AirflowTuto/venv/lib/python3.10/site-packages/airflow/example_dags/example_bash_decorator.py
[2024-07-18T18:56:08.672+0200] {processor.py:830} INFO - Processing file /home/richonlinux/Documents/GitHub/AirflowTuto/venv/lib/python3.10/site-packages/airflow/example_dags/example_bash_decorator.py for tasks to queue
[2024-07-18T18:56:08.673+0200] {logging_mixin.py:188} INFO - [2024-07-18T18:56:08.673+0200] {dagbag.py:545} INFO - Filling up the DagBag from /home/richonlinux/Documents/GitHub/AirflowTuto/venv/lib/python3.10/site-packages/airflow/example_dags/example_bash_decorator.py
[2024-07-18T18:56:08.681+0200] {processor.py:840} INFO - DAG(s) 'example_bash_decorator' retrieved from /home/richonlinux/Documents/GitHub/AirflowTuto/venv/lib/python3.10/site-packages/airflow/example_dags/example_bash_decorator.py
[2024-07-18T18:56:08.692+0200] {logging_mixin.py:188} INFO - [2024-07-18T18:56:08.691+0200] {dag.py:3089} INFO - Sync 1 DAGs
[2024-07-18T18:56:08.699+0200] {logging_mixin.py:188} INFO - [2024-07-18T18:56:08.698+0200] {dag.py:3947} INFO - Setting next_dagrun for example_bash_decorator to None, run_after=None
[2024-07-18T18:56:08.712+0200] {processor.py:183} INFO - Processing /home/richonlinux/Documents/GitHub/AirflowTuto/venv/lib/python3.10/site-packages/airflow/example_dags/example_bash_decorator.py took 0.044 seconds
[2024-07-18T18:57:05.262+0200] {processor.py:161} INFO - Started process (PID=274874) to work on /home/richonlinux/Documents/GitHub/AirflowTuto/venv/lib/python3.10/site-packages/airflow/example_dags/example_bash_decorator.py
[2024-07-18T18:57:05.263+0200] {processor.py:830} INFO - Processing file /home/richonlinux/Documents/GitHub/AirflowTuto/venv/lib/python3.10/site-packages/airflow/example_dags/example_bash_decorator.py for tasks to queue
[2024-07-18T18:57:05.265+0200] {logging_mixin.py:188} INFO - [2024-07-18T18:57:05.265+0200] {dagbag.py:545} INFO - Filling up the DagBag from /home/richonlinux/Documents/GitHub/AirflowTuto/venv/lib/python3.10/site-packages/airflow/example_dags/example_bash_decorator.py
[2024-07-18T18:57:05.275+0200] {processor.py:840} INFO - DAG(s) 'example_bash_decorator' retrieved from /home/richonlinux/Documents/GitHub/AirflowTuto/venv/lib/python3.10/site-packages/airflow/example_dags/example_bash_decorator.py
[2024-07-18T18:57:05.286+0200] {logging_mixin.py:188} INFO - [2024-07-18T18:57:05.286+0200] {dag.py:3089} INFO - Sync 1 DAGs
[2024-07-18T18:57:05.292+0200] {logging_mixin.py:188} INFO - [2024-07-18T18:57:05.292+0200] {dag.py:3947} INFO - Setting next_dagrun for example_bash_decorator to None, run_after=None
[2024-07-18T18:57:05.305+0200] {processor.py:183} INFO - Processing /home/richonlinux/Documents/GitHub/AirflowTuto/venv/lib/python3.10/site-packages/airflow/example_dags/example_bash_decorator.py took 0.052 seconds
[2024-07-18T18:58:05.288+0200] {processor.py:161} INFO - Started process (PID=275805) to work on /home/richonlinux/Documents/GitHub/AirflowTuto/venv/lib/python3.10/site-packages/airflow/example_dags/example_bash_decorator.py
[2024-07-18T18:58:05.290+0200] {processor.py:830} INFO - Processing file /home/richonlinux/Documents/GitHub/AirflowTuto/venv/lib/python3.10/site-packages/airflow/example_dags/example_bash_decorator.py for tasks to queue
[2024-07-18T18:58:05.292+0200] {logging_mixin.py:188} INFO - [2024-07-18T18:58:05.291+0200] {dagbag.py:545} INFO - Filling up the DagBag from /home/richonlinux/Documents/GitHub/AirflowTuto/venv/lib/python3.10/site-packages/airflow/example_dags/example_bash_decorator.py
[2024-07-18T18:58:05.301+0200] {processor.py:840} INFO - DAG(s) 'example_bash_decorator' retrieved from /home/richonlinux/Documents/GitHub/AirflowTuto/venv/lib/python3.10/site-packages/airflow/example_dags/example_bash_decorator.py
[2024-07-18T18:58:05.312+0200] {logging_mixin.py:188} INFO - [2024-07-18T18:58:05.312+0200] {dag.py:3089} INFO - Sync 1 DAGs
[2024-07-18T18:58:05.319+0200] {logging_mixin.py:188} INFO - [2024-07-18T18:58:05.318+0200] {dag.py:3947} INFO - Setting next_dagrun for example_bash_decorator to None, run_after=None
[2024-07-18T18:58:05.331+0200] {processor.py:183} INFO - Processing /home/richonlinux/Documents/GitHub/AirflowTuto/venv/lib/python3.10/site-packages/airflow/example_dags/example_bash_decorator.py took 0.051 seconds
[2024-07-18T18:59:06.895+0200] {processor.py:161} INFO - Started process (PID=276888) to work on /home/richonlinux/Documents/GitHub/AirflowTuto/venv/lib/python3.10/site-packages/airflow/example_dags/example_bash_decorator.py
[2024-07-18T18:59:06.899+0200] {processor.py:830} INFO - Processing file /home/richonlinux/Documents/GitHub/AirflowTuto/venv/lib/python3.10/site-packages/airflow/example_dags/example_bash_decorator.py for tasks to queue
[2024-07-18T18:59:06.901+0200] {logging_mixin.py:188} INFO - [2024-07-18T18:59:06.900+0200] {dagbag.py:545} INFO - Filling up the DagBag from /home/richonlinux/Documents/GitHub/AirflowTuto/venv/lib/python3.10/site-packages/airflow/example_dags/example_bash_decorator.py
[2024-07-18T18:59:06.909+0200] {processor.py:840} INFO - DAG(s) 'example_bash_decorator' retrieved from /home/richonlinux/Documents/GitHub/AirflowTuto/venv/lib/python3.10/site-packages/airflow/example_dags/example_bash_decorator.py
[2024-07-18T18:59:06.919+0200] {logging_mixin.py:188} INFO - [2024-07-18T18:59:06.919+0200] {dag.py:3089} INFO - Sync 1 DAGs
[2024-07-18T18:59:06.925+0200] {logging_mixin.py:188} INFO - [2024-07-18T18:59:06.925+0200] {dag.py:3947} INFO - Setting next_dagrun for example_bash_decorator to None, run_after=None
[2024-07-18T18:59:06.937+0200] {processor.py:183} INFO - Processing /home/richonlinux/Documents/GitHub/AirflowTuto/venv/lib/python3.10/site-packages/airflow/example_dags/example_bash_decorator.py took 0.048 seconds
[2024-07-18T19:00:07.689+0200] {processor.py:161} INFO - Started process (PID=278000) to work on /home/richonlinux/Documents/GitHub/AirflowTuto/venv/lib/python3.10/site-packages/airflow/example_dags/example_bash_decorator.py
[2024-07-18T19:00:07.690+0200] {processor.py:830} INFO - Processing file /home/richonlinux/Documents/GitHub/AirflowTuto/venv/lib/python3.10/site-packages/airflow/example_dags/example_bash_decorator.py for tasks to queue
[2024-07-18T19:00:07.691+0200] {logging_mixin.py:188} INFO - [2024-07-18T19:00:07.690+0200] {dagbag.py:545} INFO - Filling up the DagBag from /home/richonlinux/Documents/GitHub/AirflowTuto/venv/lib/python3.10/site-packages/airflow/example_dags/example_bash_decorator.py
[2024-07-18T19:00:07.700+0200] {processor.py:840} INFO - DAG(s) 'example_bash_decorator' retrieved from /home/richonlinux/Documents/GitHub/AirflowTuto/venv/lib/python3.10/site-packages/airflow/example_dags/example_bash_decorator.py
[2024-07-18T19:00:07.710+0200] {logging_mixin.py:188} INFO - [2024-07-18T19:00:07.710+0200] {dag.py:3089} INFO - Sync 1 DAGs
[2024-07-18T19:00:07.717+0200] {logging_mixin.py:188} INFO - [2024-07-18T19:00:07.717+0200] {dag.py:3947} INFO - Setting next_dagrun for example_bash_decorator to None, run_after=None
[2024-07-18T19:00:07.733+0200] {processor.py:183} INFO - Processing /home/richonlinux/Documents/GitHub/AirflowTuto/venv/lib/python3.10/site-packages/airflow/example_dags/example_bash_decorator.py took 0.048 seconds
[2024-07-18T19:01:11.815+0200] {processor.py:161} INFO - Started process (PID=279239) to work on /home/richonlinux/Documents/GitHub/AirflowTuto/venv/lib/python3.10/site-packages/airflow/example_dags/example_bash_decorator.py
[2024-07-18T19:01:11.816+0200] {processor.py:830} INFO - Processing file /home/richonlinux/Documents/GitHub/AirflowTuto/venv/lib/python3.10/site-packages/airflow/example_dags/example_bash_decorator.py for tasks to queue
[2024-07-18T19:01:11.817+0200] {logging_mixin.py:188} INFO - [2024-07-18T19:01:11.817+0200] {dagbag.py:545} INFO - Filling up the DagBag from /home/richonlinux/Documents/GitHub/AirflowTuto/venv/lib/python3.10/site-packages/airflow/example_dags/example_bash_decorator.py
[2024-07-18T19:01:11.825+0200] {processor.py:840} INFO - DAG(s) 'example_bash_decorator' retrieved from /home/richonlinux/Documents/GitHub/AirflowTuto/venv/lib/python3.10/site-packages/airflow/example_dags/example_bash_decorator.py
[2024-07-18T19:01:11.835+0200] {logging_mixin.py:188} INFO - [2024-07-18T19:01:11.835+0200] {dag.py:3089} INFO - Sync 1 DAGs
[2024-07-18T19:01:11.840+0200] {logging_mixin.py:188} INFO - [2024-07-18T19:01:11.840+0200] {dag.py:3947} INFO - Setting next_dagrun for example_bash_decorator to None, run_after=None
[2024-07-18T19:01:11.852+0200] {processor.py:183} INFO - Processing /home/richonlinux/Documents/GitHub/AirflowTuto/venv/lib/python3.10/site-packages/airflow/example_dags/example_bash_decorator.py took 0.040 seconds
[2024-07-18T19:02:06.356+0200] {processor.py:161} INFO - Started process (PID=280340) to work on /home/richonlinux/Documents/GitHub/AirflowTuto/venv/lib/python3.10/site-packages/airflow/example_dags/example_bash_decorator.py
[2024-07-18T19:02:06.361+0200] {processor.py:830} INFO - Processing file /home/richonlinux/Documents/GitHub/AirflowTuto/venv/lib/python3.10/site-packages/airflow/example_dags/example_bash_decorator.py for tasks to queue
[2024-07-18T19:02:06.362+0200] {logging_mixin.py:188} INFO - [2024-07-18T19:02:06.362+0200] {dagbag.py:545} INFO - Filling up the DagBag from /home/richonlinux/Documents/GitHub/AirflowTuto/venv/lib/python3.10/site-packages/airflow/example_dags/example_bash_decorator.py
[2024-07-18T19:02:06.372+0200] {processor.py:840} INFO - DAG(s) 'example_bash_decorator' retrieved from /home/richonlinux/Documents/GitHub/AirflowTuto/venv/lib/python3.10/site-packages/airflow/example_dags/example_bash_decorator.py
[2024-07-18T19:02:06.382+0200] {logging_mixin.py:188} INFO - [2024-07-18T19:02:06.382+0200] {dag.py:3089} INFO - Sync 1 DAGs
[2024-07-18T19:02:06.387+0200] {logging_mixin.py:188} INFO - [2024-07-18T19:02:06.387+0200] {dag.py:3947} INFO - Setting next_dagrun for example_bash_decorator to None, run_after=None
[2024-07-18T19:02:06.399+0200] {processor.py:183} INFO - Processing /home/richonlinux/Documents/GitHub/AirflowTuto/venv/lib/python3.10/site-packages/airflow/example_dags/example_bash_decorator.py took 0.052 seconds
[2024-07-18T19:03:06.956+0200] {processor.py:161} INFO - Started process (PID=281308) to work on /home/richonlinux/Documents/GitHub/AirflowTuto/venv/lib/python3.10/site-packages/airflow/example_dags/example_bash_decorator.py
[2024-07-18T19:03:06.957+0200] {processor.py:830} INFO - Processing file /home/richonlinux/Documents/GitHub/AirflowTuto/venv/lib/python3.10/site-packages/airflow/example_dags/example_bash_decorator.py for tasks to queue
[2024-07-18T19:03:06.959+0200] {logging_mixin.py:188} INFO - [2024-07-18T19:03:06.959+0200] {dagbag.py:545} INFO - Filling up the DagBag from /home/richonlinux/Documents/GitHub/AirflowTuto/venv/lib/python3.10/site-packages/airflow/example_dags/example_bash_decorator.py
[2024-07-18T19:03:06.969+0200] {processor.py:840} INFO - DAG(s) 'example_bash_decorator' retrieved from /home/richonlinux/Documents/GitHub/AirflowTuto/venv/lib/python3.10/site-packages/airflow/example_dags/example_bash_decorator.py
[2024-07-18T19:03:06.979+0200] {logging_mixin.py:188} INFO - [2024-07-18T19:03:06.979+0200] {dag.py:3089} INFO - Sync 1 DAGs
[2024-07-18T19:03:06.985+0200] {logging_mixin.py:188} INFO - [2024-07-18T19:03:06.985+0200] {dag.py:3947} INFO - Setting next_dagrun for example_bash_decorator to None, run_after=None
[2024-07-18T19:03:06.998+0200] {processor.py:183} INFO - Processing /home/richonlinux/Documents/GitHub/AirflowTuto/venv/lib/python3.10/site-packages/airflow/example_dags/example_bash_decorator.py took 0.048 seconds
[2024-07-18T19:04:07.128+0200] {processor.py:161} INFO - Started process (PID=282292) to work on /home/richonlinux/Documents/GitHub/AirflowTuto/venv/lib/python3.10/site-packages/airflow/example_dags/example_bash_decorator.py
[2024-07-18T19:04:07.129+0200] {processor.py:830} INFO - Processing file /home/richonlinux/Documents/GitHub/AirflowTuto/venv/lib/python3.10/site-packages/airflow/example_dags/example_bash_decorator.py for tasks to queue
[2024-07-18T19:04:07.131+0200] {logging_mixin.py:188} INFO - [2024-07-18T19:04:07.131+0200] {dagbag.py:545} INFO - Filling up the DagBag from /home/richonlinux/Documents/GitHub/AirflowTuto/venv/lib/python3.10/site-packages/airflow/example_dags/example_bash_decorator.py
[2024-07-18T19:04:07.141+0200] {processor.py:840} INFO - DAG(s) 'example_bash_decorator' retrieved from /home/richonlinux/Documents/GitHub/AirflowTuto/venv/lib/python3.10/site-packages/airflow/example_dags/example_bash_decorator.py
[2024-07-18T19:04:07.151+0200] {logging_mixin.py:188} INFO - [2024-07-18T19:04:07.150+0200] {dag.py:3089} INFO - Sync 1 DAGs
[2024-07-18T19:04:07.156+0200] {logging_mixin.py:188} INFO - [2024-07-18T19:04:07.156+0200] {dag.py:3947} INFO - Setting next_dagrun for example_bash_decorator to None, run_after=None
[2024-07-18T19:04:07.168+0200] {processor.py:183} INFO - Processing /home/richonlinux/Documents/GitHub/AirflowTuto/venv/lib/python3.10/site-packages/airflow/example_dags/example_bash_decorator.py took 0.048 seconds
[2024-07-18T19:05:05.667+0200] {processor.py:161} INFO - Started process (PID=283217) to work on /home/richonlinux/Documents/GitHub/AirflowTuto/venv/lib/python3.10/site-packages/airflow/example_dags/example_bash_decorator.py
[2024-07-18T19:05:05.667+0200] {processor.py:830} INFO - Processing file /home/richonlinux/Documents/GitHub/AirflowTuto/venv/lib/python3.10/site-packages/airflow/example_dags/example_bash_decorator.py for tasks to queue
[2024-07-18T19:05:05.668+0200] {logging_mixin.py:188} INFO - [2024-07-18T19:05:05.668+0200] {dagbag.py:545} INFO - Filling up the DagBag from /home/richonlinux/Documents/GitHub/AirflowTuto/venv/lib/python3.10/site-packages/airflow/example_dags/example_bash_decorator.py
[2024-07-18T19:05:05.677+0200] {processor.py:840} INFO - DAG(s) 'example_bash_decorator' retrieved from /home/richonlinux/Documents/GitHub/AirflowTuto/venv/lib/python3.10/site-packages/airflow/example_dags/example_bash_decorator.py
[2024-07-18T19:05:05.687+0200] {logging_mixin.py:188} INFO - [2024-07-18T19:05:05.687+0200] {dag.py:3089} INFO - Sync 1 DAGs
[2024-07-18T19:05:05.693+0200] {logging_mixin.py:188} INFO - [2024-07-18T19:05:05.692+0200] {dag.py:3947} INFO - Setting next_dagrun for example_bash_decorator to None, run_after=None
[2024-07-18T19:05:05.705+0200] {processor.py:183} INFO - Processing /home/richonlinux/Documents/GitHub/AirflowTuto/venv/lib/python3.10/site-packages/airflow/example_dags/example_bash_decorator.py took 0.042 seconds
[2024-07-18T19:06:02.515+0200] {processor.py:161} INFO - Started process (PID=284305) to work on /home/richonlinux/Documents/GitHub/AirflowTuto/venv/lib/python3.10/site-packages/airflow/example_dags/example_bash_decorator.py
[2024-07-18T19:06:02.519+0200] {processor.py:830} INFO - Processing file /home/richonlinux/Documents/GitHub/AirflowTuto/venv/lib/python3.10/site-packages/airflow/example_dags/example_bash_decorator.py for tasks to queue
[2024-07-18T19:06:02.521+0200] {logging_mixin.py:188} INFO - [2024-07-18T19:06:02.521+0200] {dagbag.py:545} INFO - Filling up the DagBag from /home/richonlinux/Documents/GitHub/AirflowTuto/venv/lib/python3.10/site-packages/airflow/example_dags/example_bash_decorator.py
[2024-07-18T19:06:02.529+0200] {processor.py:840} INFO - DAG(s) 'example_bash_decorator' retrieved from /home/richonlinux/Documents/GitHub/AirflowTuto/venv/lib/python3.10/site-packages/airflow/example_dags/example_bash_decorator.py
[2024-07-18T19:06:02.542+0200] {logging_mixin.py:188} INFO - [2024-07-18T19:06:02.542+0200] {dag.py:3089} INFO - Sync 1 DAGs
[2024-07-18T19:06:02.549+0200] {logging_mixin.py:188} INFO - [2024-07-18T19:06:02.549+0200] {dag.py:3947} INFO - Setting next_dagrun for example_bash_decorator to None, run_after=None
[2024-07-18T19:06:02.565+0200] {processor.py:183} INFO - Processing /home/richonlinux/Documents/GitHub/AirflowTuto/venv/lib/python3.10/site-packages/airflow/example_dags/example_bash_decorator.py took 0.053 seconds
[2024-07-18T19:07:01.833+0200] {processor.py:161} INFO - Started process (PID=285301) to work on /home/richonlinux/Documents/GitHub/AirflowTuto/venv/lib/python3.10/site-packages/airflow/example_dags/example_bash_decorator.py
[2024-07-18T19:07:01.837+0200] {processor.py:830} INFO - Processing file /home/richonlinux/Documents/GitHub/AirflowTuto/venv/lib/python3.10/site-packages/airflow/example_dags/example_bash_decorator.py for tasks to queue
[2024-07-18T19:07:01.838+0200] {logging_mixin.py:188} INFO - [2024-07-18T19:07:01.838+0200] {dagbag.py:545} INFO - Filling up the DagBag from /home/richonlinux/Documents/GitHub/AirflowTuto/venv/lib/python3.10/site-packages/airflow/example_dags/example_bash_decorator.py
[2024-07-18T19:07:01.845+0200] {processor.py:840} INFO - DAG(s) 'example_bash_decorator' retrieved from /home/richonlinux/Documents/GitHub/AirflowTuto/venv/lib/python3.10/site-packages/airflow/example_dags/example_bash_decorator.py
[2024-07-18T19:07:01.855+0200] {logging_mixin.py:188} INFO - [2024-07-18T19:07:01.855+0200] {dag.py:3089} INFO - Sync 1 DAGs
[2024-07-18T19:07:01.861+0200] {logging_mixin.py:188} INFO - [2024-07-18T19:07:01.861+0200] {dag.py:3947} INFO - Setting next_dagrun for example_bash_decorator to None, run_after=None
[2024-07-18T19:07:01.873+0200] {processor.py:183} INFO - Processing /home/richonlinux/Documents/GitHub/AirflowTuto/venv/lib/python3.10/site-packages/airflow/example_dags/example_bash_decorator.py took 0.043 seconds
[2024-07-18T19:08:00.531+0200] {processor.py:161} INFO - Started process (PID=286220) to work on /home/richonlinux/Documents/GitHub/AirflowTuto/venv/lib/python3.10/site-packages/airflow/example_dags/example_bash_decorator.py
[2024-07-18T19:08:00.535+0200] {processor.py:830} INFO - Processing file /home/richonlinux/Documents/GitHub/AirflowTuto/venv/lib/python3.10/site-packages/airflow/example_dags/example_bash_decorator.py for tasks to queue
[2024-07-18T19:08:00.536+0200] {logging_mixin.py:188} INFO - [2024-07-18T19:08:00.536+0200] {dagbag.py:545} INFO - Filling up the DagBag from /home/richonlinux/Documents/GitHub/AirflowTuto/venv/lib/python3.10/site-packages/airflow/example_dags/example_bash_decorator.py
[2024-07-18T19:08:00.544+0200] {processor.py:840} INFO - DAG(s) 'example_bash_decorator' retrieved from /home/richonlinux/Documents/GitHub/AirflowTuto/venv/lib/python3.10/site-packages/airflow/example_dags/example_bash_decorator.py
[2024-07-18T19:08:00.555+0200] {logging_mixin.py:188} INFO - [2024-07-18T19:08:00.554+0200] {dag.py:3089} INFO - Sync 1 DAGs
[2024-07-18T19:08:00.561+0200] {logging_mixin.py:188} INFO - [2024-07-18T19:08:00.561+0200] {dag.py:3947} INFO - Setting next_dagrun for example_bash_decorator to None, run_after=None
[2024-07-18T19:08:00.575+0200] {processor.py:183} INFO - Processing /home/richonlinux/Documents/GitHub/AirflowTuto/venv/lib/python3.10/site-packages/airflow/example_dags/example_bash_decorator.py took 0.047 seconds
[2024-07-18T19:08:59.866+0200] {processor.py:161} INFO - Started process (PID=287246) to work on /home/richonlinux/Documents/GitHub/AirflowTuto/venv/lib/python3.10/site-packages/airflow/example_dags/example_bash_decorator.py
[2024-07-18T19:08:59.867+0200] {processor.py:830} INFO - Processing file /home/richonlinux/Documents/GitHub/AirflowTuto/venv/lib/python3.10/site-packages/airflow/example_dags/example_bash_decorator.py for tasks to queue
[2024-07-18T19:08:59.868+0200] {logging_mixin.py:188} INFO - [2024-07-18T19:08:59.867+0200] {dagbag.py:545} INFO - Filling up the DagBag from /home/richonlinux/Documents/GitHub/AirflowTuto/venv/lib/python3.10/site-packages/airflow/example_dags/example_bash_decorator.py
[2024-07-18T19:08:59.877+0200] {processor.py:840} INFO - DAG(s) 'example_bash_decorator' retrieved from /home/richonlinux/Documents/GitHub/AirflowTuto/venv/lib/python3.10/site-packages/airflow/example_dags/example_bash_decorator.py
[2024-07-18T19:08:59.889+0200] {logging_mixin.py:188} INFO - [2024-07-18T19:08:59.889+0200] {dag.py:3089} INFO - Sync 1 DAGs
[2024-07-18T19:08:59.898+0200] {logging_mixin.py:188} INFO - [2024-07-18T19:08:59.897+0200] {dag.py:3947} INFO - Setting next_dagrun for example_bash_decorator to None, run_after=None
[2024-07-18T19:08:59.912+0200] {processor.py:183} INFO - Processing /home/richonlinux/Documents/GitHub/AirflowTuto/venv/lib/python3.10/site-packages/airflow/example_dags/example_bash_decorator.py took 0.050 seconds
[2024-07-18T19:09:57.470+0200] {processor.py:161} INFO - Started process (PID=288174) to work on /home/richonlinux/Documents/GitHub/AirflowTuto/venv/lib/python3.10/site-packages/airflow/example_dags/example_bash_decorator.py
[2024-07-18T19:09:57.471+0200] {processor.py:830} INFO - Processing file /home/richonlinux/Documents/GitHub/AirflowTuto/venv/lib/python3.10/site-packages/airflow/example_dags/example_bash_decorator.py for tasks to queue
[2024-07-18T19:09:57.472+0200] {logging_mixin.py:188} INFO - [2024-07-18T19:09:57.472+0200] {dagbag.py:545} INFO - Filling up the DagBag from /home/richonlinux/Documents/GitHub/AirflowTuto/venv/lib/python3.10/site-packages/airflow/example_dags/example_bash_decorator.py
[2024-07-18T19:09:57.481+0200] {processor.py:840} INFO - DAG(s) 'example_bash_decorator' retrieved from /home/richonlinux/Documents/GitHub/AirflowTuto/venv/lib/python3.10/site-packages/airflow/example_dags/example_bash_decorator.py
[2024-07-18T19:09:57.493+0200] {logging_mixin.py:188} INFO - [2024-07-18T19:09:57.493+0200] {dag.py:3089} INFO - Sync 1 DAGs
[2024-07-18T19:09:57.500+0200] {logging_mixin.py:188} INFO - [2024-07-18T19:09:57.500+0200] {dag.py:3947} INFO - Setting next_dagrun for example_bash_decorator to None, run_after=None
[2024-07-18T19:09:57.513+0200] {processor.py:183} INFO - Processing /home/richonlinux/Documents/GitHub/AirflowTuto/venv/lib/python3.10/site-packages/airflow/example_dags/example_bash_decorator.py took 0.047 seconds
[2024-07-18T19:10:51.071+0200] {processor.py:161} INFO - Started process (PID=289044) to work on /home/richonlinux/Documents/GitHub/AirflowTuto/venv/lib/python3.10/site-packages/airflow/example_dags/example_bash_decorator.py
[2024-07-18T19:10:51.072+0200] {processor.py:830} INFO - Processing file /home/richonlinux/Documents/GitHub/AirflowTuto/venv/lib/python3.10/site-packages/airflow/example_dags/example_bash_decorator.py for tasks to queue
[2024-07-18T19:10:51.073+0200] {logging_mixin.py:188} INFO - [2024-07-18T19:10:51.073+0200] {dagbag.py:545} INFO - Filling up the DagBag from /home/richonlinux/Documents/GitHub/AirflowTuto/venv/lib/python3.10/site-packages/airflow/example_dags/example_bash_decorator.py
[2024-07-18T19:10:51.082+0200] {processor.py:840} INFO - DAG(s) 'example_bash_decorator' retrieved from /home/richonlinux/Documents/GitHub/AirflowTuto/venv/lib/python3.10/site-packages/airflow/example_dags/example_bash_decorator.py
[2024-07-18T19:10:51.094+0200] {logging_mixin.py:188} INFO - [2024-07-18T19:10:51.094+0200] {dag.py:3089} INFO - Sync 1 DAGs
[2024-07-18T19:10:51.101+0200] {logging_mixin.py:188} INFO - [2024-07-18T19:10:51.101+0200] {dag.py:3947} INFO - Setting next_dagrun for example_bash_decorator to None, run_after=None
[2024-07-18T19:10:51.114+0200] {processor.py:183} INFO - Processing /home/richonlinux/Documents/GitHub/AirflowTuto/venv/lib/python3.10/site-packages/airflow/example_dags/example_bash_decorator.py took 0.046 seconds
[2024-07-18T19:11:47.808+0200] {processor.py:161} INFO - Started process (PID=290041) to work on /home/richonlinux/Documents/GitHub/AirflowTuto/venv/lib/python3.10/site-packages/airflow/example_dags/example_bash_decorator.py
[2024-07-18T19:11:47.812+0200] {processor.py:830} INFO - Processing file /home/richonlinux/Documents/GitHub/AirflowTuto/venv/lib/python3.10/site-packages/airflow/example_dags/example_bash_decorator.py for tasks to queue
[2024-07-18T19:11:47.814+0200] {logging_mixin.py:188} INFO - [2024-07-18T19:11:47.813+0200] {dagbag.py:545} INFO - Filling up the DagBag from /home/richonlinux/Documents/GitHub/AirflowTuto/venv/lib/python3.10/site-packages/airflow/example_dags/example_bash_decorator.py
[2024-07-18T19:11:47.823+0200] {processor.py:840} INFO - DAG(s) 'example_bash_decorator' retrieved from /home/richonlinux/Documents/GitHub/AirflowTuto/venv/lib/python3.10/site-packages/airflow/example_dags/example_bash_decorator.py
[2024-07-18T19:11:47.834+0200] {logging_mixin.py:188} INFO - [2024-07-18T19:11:47.834+0200] {dag.py:3089} INFO - Sync 1 DAGs
[2024-07-18T19:11:47.841+0200] {logging_mixin.py:188} INFO - [2024-07-18T19:11:47.841+0200] {dag.py:3947} INFO - Setting next_dagrun for example_bash_decorator to None, run_after=None
[2024-07-18T19:11:47.854+0200] {processor.py:183} INFO - Processing /home/richonlinux/Documents/GitHub/AirflowTuto/venv/lib/python3.10/site-packages/airflow/example_dags/example_bash_decorator.py took 0.053 seconds
[2024-07-18T19:12:44.808+0200] {processor.py:161} INFO - Started process (PID=290946) to work on /home/richonlinux/Documents/GitHub/AirflowTuto/venv/lib/python3.10/site-packages/airflow/example_dags/example_bash_decorator.py
[2024-07-18T19:12:44.810+0200] {processor.py:830} INFO - Processing file /home/richonlinux/Documents/GitHub/AirflowTuto/venv/lib/python3.10/site-packages/airflow/example_dags/example_bash_decorator.py for tasks to queue
[2024-07-18T19:12:44.811+0200] {logging_mixin.py:188} INFO - [2024-07-18T19:12:44.811+0200] {dagbag.py:545} INFO - Filling up the DagBag from /home/richonlinux/Documents/GitHub/AirflowTuto/venv/lib/python3.10/site-packages/airflow/example_dags/example_bash_decorator.py
[2024-07-18T19:12:44.820+0200] {processor.py:840} INFO - DAG(s) 'example_bash_decorator' retrieved from /home/richonlinux/Documents/GitHub/AirflowTuto/venv/lib/python3.10/site-packages/airflow/example_dags/example_bash_decorator.py
[2024-07-18T19:12:44.832+0200] {logging_mixin.py:188} INFO - [2024-07-18T19:12:44.832+0200] {dag.py:3089} INFO - Sync 1 DAGs
[2024-07-18T19:12:44.839+0200] {logging_mixin.py:188} INFO - [2024-07-18T19:12:44.839+0200] {dag.py:3947} INFO - Setting next_dagrun for example_bash_decorator to None, run_after=None
[2024-07-18T19:12:44.853+0200] {processor.py:183} INFO - Processing /home/richonlinux/Documents/GitHub/AirflowTuto/venv/lib/python3.10/site-packages/airflow/example_dags/example_bash_decorator.py took 0.052 seconds
[2024-07-18T19:13:43.770+0200] {processor.py:161} INFO - Started process (PID=291910) to work on /home/richonlinux/Documents/GitHub/AirflowTuto/venv/lib/python3.10/site-packages/airflow/example_dags/example_bash_decorator.py
[2024-07-18T19:13:43.771+0200] {processor.py:830} INFO - Processing file /home/richonlinux/Documents/GitHub/AirflowTuto/venv/lib/python3.10/site-packages/airflow/example_dags/example_bash_decorator.py for tasks to queue
[2024-07-18T19:13:43.773+0200] {logging_mixin.py:188} INFO - [2024-07-18T19:13:43.772+0200] {dagbag.py:545} INFO - Filling up the DagBag from /home/richonlinux/Documents/GitHub/AirflowTuto/venv/lib/python3.10/site-packages/airflow/example_dags/example_bash_decorator.py
[2024-07-18T19:13:43.781+0200] {processor.py:840} INFO - DAG(s) 'example_bash_decorator' retrieved from /home/richonlinux/Documents/GitHub/AirflowTuto/venv/lib/python3.10/site-packages/airflow/example_dags/example_bash_decorator.py
[2024-07-18T19:13:43.792+0200] {logging_mixin.py:188} INFO - [2024-07-18T19:13:43.792+0200] {dag.py:3089} INFO - Sync 1 DAGs
[2024-07-18T19:13:43.800+0200] {logging_mixin.py:188} INFO - [2024-07-18T19:13:43.799+0200] {dag.py:3947} INFO - Setting next_dagrun for example_bash_decorator to None, run_after=None
[2024-07-18T19:13:43.812+0200] {processor.py:183} INFO - Processing /home/richonlinux/Documents/GitHub/AirflowTuto/venv/lib/python3.10/site-packages/airflow/example_dags/example_bash_decorator.py took 0.049 seconds
[2024-07-18T19:14:44.084+0200] {processor.py:161} INFO - Started process (PID=292854) to work on /home/richonlinux/Documents/GitHub/AirflowTuto/venv/lib/python3.10/site-packages/airflow/example_dags/example_bash_decorator.py
[2024-07-18T19:14:44.085+0200] {processor.py:830} INFO - Processing file /home/richonlinux/Documents/GitHub/AirflowTuto/venv/lib/python3.10/site-packages/airflow/example_dags/example_bash_decorator.py for tasks to queue
[2024-07-18T19:14:44.087+0200] {logging_mixin.py:188} INFO - [2024-07-18T19:14:44.086+0200] {dagbag.py:545} INFO - Filling up the DagBag from /home/richonlinux/Documents/GitHub/AirflowTuto/venv/lib/python3.10/site-packages/airflow/example_dags/example_bash_decorator.py
[2024-07-18T19:14:44.096+0200] {processor.py:840} INFO - DAG(s) 'example_bash_decorator' retrieved from /home/richonlinux/Documents/GitHub/AirflowTuto/venv/lib/python3.10/site-packages/airflow/example_dags/example_bash_decorator.py
[2024-07-18T19:14:44.107+0200] {logging_mixin.py:188} INFO - [2024-07-18T19:14:44.107+0200] {dag.py:3089} INFO - Sync 1 DAGs
[2024-07-18T19:14:44.113+0200] {logging_mixin.py:188} INFO - [2024-07-18T19:14:44.113+0200] {dag.py:3947} INFO - Setting next_dagrun for example_bash_decorator to None, run_after=None
[2024-07-18T19:14:44.128+0200] {processor.py:183} INFO - Processing /home/richonlinux/Documents/GitHub/AirflowTuto/venv/lib/python3.10/site-packages/airflow/example_dags/example_bash_decorator.py took 0.050 seconds
[2024-07-18T19:15:45.933+0200] {processor.py:161} INFO - Started process (PID=293819) to work on /home/richonlinux/Documents/GitHub/AirflowTuto/venv/lib/python3.10/site-packages/airflow/example_dags/example_bash_decorator.py
[2024-07-18T19:15:45.937+0200] {processor.py:830} INFO - Processing file /home/richonlinux/Documents/GitHub/AirflowTuto/venv/lib/python3.10/site-packages/airflow/example_dags/example_bash_decorator.py for tasks to queue
[2024-07-18T19:15:45.938+0200] {logging_mixin.py:188} INFO - [2024-07-18T19:15:45.938+0200] {dagbag.py:545} INFO - Filling up the DagBag from /home/richonlinux/Documents/GitHub/AirflowTuto/venv/lib/python3.10/site-packages/airflow/example_dags/example_bash_decorator.py
[2024-07-18T19:15:45.946+0200] {processor.py:840} INFO - DAG(s) 'example_bash_decorator' retrieved from /home/richonlinux/Documents/GitHub/AirflowTuto/venv/lib/python3.10/site-packages/airflow/example_dags/example_bash_decorator.py
[2024-07-18T19:15:45.958+0200] {logging_mixin.py:188} INFO - [2024-07-18T19:15:45.958+0200] {dag.py:3089} INFO - Sync 1 DAGs
[2024-07-18T19:15:45.965+0200] {logging_mixin.py:188} INFO - [2024-07-18T19:15:45.965+0200] {dag.py:3947} INFO - Setting next_dagrun for example_bash_decorator to None, run_after=None
[2024-07-18T19:15:45.978+0200] {processor.py:183} INFO - Processing /home/richonlinux/Documents/GitHub/AirflowTuto/venv/lib/python3.10/site-packages/airflow/example_dags/example_bash_decorator.py took 0.048 seconds
[2024-07-18T19:16:40.837+0200] {processor.py:161} INFO - Started process (PID=294749) to work on /home/richonlinux/Documents/GitHub/AirflowTuto/venv/lib/python3.10/site-packages/airflow/example_dags/example_bash_decorator.py
[2024-07-18T19:16:40.838+0200] {processor.py:830} INFO - Processing file /home/richonlinux/Documents/GitHub/AirflowTuto/venv/lib/python3.10/site-packages/airflow/example_dags/example_bash_decorator.py for tasks to queue
[2024-07-18T19:16:40.839+0200] {logging_mixin.py:188} INFO - [2024-07-18T19:16:40.839+0200] {dagbag.py:545} INFO - Filling up the DagBag from /home/richonlinux/Documents/GitHub/AirflowTuto/venv/lib/python3.10/site-packages/airflow/example_dags/example_bash_decorator.py
[2024-07-18T19:16:40.848+0200] {processor.py:840} INFO - DAG(s) 'example_bash_decorator' retrieved from /home/richonlinux/Documents/GitHub/AirflowTuto/venv/lib/python3.10/site-packages/airflow/example_dags/example_bash_decorator.py
[2024-07-18T19:16:40.860+0200] {logging_mixin.py:188} INFO - [2024-07-18T19:16:40.860+0200] {dag.py:3089} INFO - Sync 1 DAGs
[2024-07-18T19:16:40.867+0200] {logging_mixin.py:188} INFO - [2024-07-18T19:16:40.867+0200] {dag.py:3947} INFO - Setting next_dagrun for example_bash_decorator to None, run_after=None
[2024-07-18T19:16:40.882+0200] {processor.py:183} INFO - Processing /home/richonlinux/Documents/GitHub/AirflowTuto/venv/lib/python3.10/site-packages/airflow/example_dags/example_bash_decorator.py took 0.049 seconds
[2024-07-18T19:17:37.362+0200] {processor.py:161} INFO - Started process (PID=295675) to work on /home/richonlinux/Documents/GitHub/AirflowTuto/venv/lib/python3.10/site-packages/airflow/example_dags/example_bash_decorator.py
[2024-07-18T19:17:37.363+0200] {processor.py:830} INFO - Processing file /home/richonlinux/Documents/GitHub/AirflowTuto/venv/lib/python3.10/site-packages/airflow/example_dags/example_bash_decorator.py for tasks to queue
[2024-07-18T19:17:37.364+0200] {logging_mixin.py:188} INFO - [2024-07-18T19:17:37.364+0200] {dagbag.py:545} INFO - Filling up the DagBag from /home/richonlinux/Documents/GitHub/AirflowTuto/venv/lib/python3.10/site-packages/airflow/example_dags/example_bash_decorator.py
[2024-07-18T19:17:37.371+0200] {processor.py:840} INFO - DAG(s) 'example_bash_decorator' retrieved from /home/richonlinux/Documents/GitHub/AirflowTuto/venv/lib/python3.10/site-packages/airflow/example_dags/example_bash_decorator.py
[2024-07-18T19:17:37.382+0200] {logging_mixin.py:188} INFO - [2024-07-18T19:17:37.381+0200] {dag.py:3089} INFO - Sync 1 DAGs
[2024-07-18T19:17:37.387+0200] {logging_mixin.py:188} INFO - [2024-07-18T19:17:37.387+0200] {dag.py:3947} INFO - Setting next_dagrun for example_bash_decorator to None, run_after=None
[2024-07-18T19:17:37.399+0200] {processor.py:183} INFO - Processing /home/richonlinux/Documents/GitHub/AirflowTuto/venv/lib/python3.10/site-packages/airflow/example_dags/example_bash_decorator.py took 0.040 seconds
[2024-07-18T19:18:39.298+0200] {processor.py:161} INFO - Started process (PID=296684) to work on /home/richonlinux/Documents/GitHub/AirflowTuto/venv/lib/python3.10/site-packages/airflow/example_dags/example_bash_decorator.py
[2024-07-18T19:18:39.299+0200] {processor.py:830} INFO - Processing file /home/richonlinux/Documents/GitHub/AirflowTuto/venv/lib/python3.10/site-packages/airflow/example_dags/example_bash_decorator.py for tasks to queue
[2024-07-18T19:18:39.300+0200] {logging_mixin.py:188} INFO - [2024-07-18T19:18:39.299+0200] {dagbag.py:545} INFO - Filling up the DagBag from /home/richonlinux/Documents/GitHub/AirflowTuto/venv/lib/python3.10/site-packages/airflow/example_dags/example_bash_decorator.py
[2024-07-18T19:18:39.311+0200] {processor.py:840} INFO - DAG(s) 'example_bash_decorator' retrieved from /home/richonlinux/Documents/GitHub/AirflowTuto/venv/lib/python3.10/site-packages/airflow/example_dags/example_bash_decorator.py
[2024-07-18T19:18:39.325+0200] {logging_mixin.py:188} INFO - [2024-07-18T19:18:39.325+0200] {dag.py:3089} INFO - Sync 1 DAGs
[2024-07-18T19:18:39.336+0200] {logging_mixin.py:188} INFO - [2024-07-18T19:18:39.336+0200] {dag.py:3947} INFO - Setting next_dagrun for example_bash_decorator to None, run_after=None
[2024-07-18T19:18:39.352+0200] {processor.py:183} INFO - Processing /home/richonlinux/Documents/GitHub/AirflowTuto/venv/lib/python3.10/site-packages/airflow/example_dags/example_bash_decorator.py took 0.059 seconds
[2024-07-18T19:19:35.552+0200] {processor.py:161} INFO - Started process (PID=297627) to work on /home/richonlinux/Documents/GitHub/AirflowTuto/venv/lib/python3.10/site-packages/airflow/example_dags/example_bash_decorator.py
[2024-07-18T19:19:35.553+0200] {processor.py:830} INFO - Processing file /home/richonlinux/Documents/GitHub/AirflowTuto/venv/lib/python3.10/site-packages/airflow/example_dags/example_bash_decorator.py for tasks to queue
[2024-07-18T19:19:35.553+0200] {logging_mixin.py:188} INFO - [2024-07-18T19:19:35.553+0200] {dagbag.py:545} INFO - Filling up the DagBag from /home/richonlinux/Documents/GitHub/AirflowTuto/venv/lib/python3.10/site-packages/airflow/example_dags/example_bash_decorator.py
[2024-07-18T19:19:35.563+0200] {processor.py:840} INFO - DAG(s) 'example_bash_decorator' retrieved from /home/richonlinux/Documents/GitHub/AirflowTuto/venv/lib/python3.10/site-packages/airflow/example_dags/example_bash_decorator.py
[2024-07-18T19:19:35.574+0200] {logging_mixin.py:188} INFO - [2024-07-18T19:19:35.574+0200] {dag.py:3089} INFO - Sync 1 DAGs
[2024-07-18T19:19:35.580+0200] {logging_mixin.py:188} INFO - [2024-07-18T19:19:35.580+0200] {dag.py:3947} INFO - Setting next_dagrun for example_bash_decorator to None, run_after=None
[2024-07-18T19:19:35.594+0200] {processor.py:183} INFO - Processing /home/richonlinux/Documents/GitHub/AirflowTuto/venv/lib/python3.10/site-packages/airflow/example_dags/example_bash_decorator.py took 0.046 seconds
[2024-07-18T19:20:37.172+0200] {processor.py:161} INFO - Started process (PID=298603) to work on /home/richonlinux/Documents/GitHub/AirflowTuto/venv/lib/python3.10/site-packages/airflow/example_dags/example_bash_decorator.py
[2024-07-18T19:20:37.176+0200] {processor.py:830} INFO - Processing file /home/richonlinux/Documents/GitHub/AirflowTuto/venv/lib/python3.10/site-packages/airflow/example_dags/example_bash_decorator.py for tasks to queue
[2024-07-18T19:20:37.178+0200] {logging_mixin.py:188} INFO - [2024-07-18T19:20:37.177+0200] {dagbag.py:545} INFO - Filling up the DagBag from /home/richonlinux/Documents/GitHub/AirflowTuto/venv/lib/python3.10/site-packages/airflow/example_dags/example_bash_decorator.py
[2024-07-18T19:20:37.187+0200] {processor.py:840} INFO - DAG(s) 'example_bash_decorator' retrieved from /home/richonlinux/Documents/GitHub/AirflowTuto/venv/lib/python3.10/site-packages/airflow/example_dags/example_bash_decorator.py
[2024-07-18T19:20:37.201+0200] {logging_mixin.py:188} INFO - [2024-07-18T19:20:37.201+0200] {dag.py:3089} INFO - Sync 1 DAGs
[2024-07-18T19:20:37.210+0200] {logging_mixin.py:188} INFO - [2024-07-18T19:20:37.210+0200] {dag.py:3947} INFO - Setting next_dagrun for example_bash_decorator to None, run_after=None
[2024-07-18T19:20:37.224+0200] {processor.py:183} INFO - Processing /home/richonlinux/Documents/GitHub/AirflowTuto/venv/lib/python3.10/site-packages/airflow/example_dags/example_bash_decorator.py took 0.056 seconds
[2024-07-18T19:21:38.000+0200] {processor.py:161} INFO - Started process (PID=299676) to work on /home/richonlinux/Documents/GitHub/AirflowTuto/venv/lib/python3.10/site-packages/airflow/example_dags/example_bash_decorator.py
[2024-07-18T19:21:38.001+0200] {processor.py:830} INFO - Processing file /home/richonlinux/Documents/GitHub/AirflowTuto/venv/lib/python3.10/site-packages/airflow/example_dags/example_bash_decorator.py for tasks to queue
[2024-07-18T19:21:38.002+0200] {logging_mixin.py:188} INFO - [2024-07-18T19:21:38.002+0200] {dagbag.py:545} INFO - Filling up the DagBag from /home/richonlinux/Documents/GitHub/AirflowTuto/venv/lib/python3.10/site-packages/airflow/example_dags/example_bash_decorator.py
[2024-07-18T19:21:38.010+0200] {processor.py:840} INFO - DAG(s) 'example_bash_decorator' retrieved from /home/richonlinux/Documents/GitHub/AirflowTuto/venv/lib/python3.10/site-packages/airflow/example_dags/example_bash_decorator.py
[2024-07-18T19:21:38.022+0200] {logging_mixin.py:188} INFO - [2024-07-18T19:21:38.022+0200] {dag.py:3089} INFO - Sync 1 DAGs
[2024-07-18T19:21:38.028+0200] {logging_mixin.py:188} INFO - [2024-07-18T19:21:38.028+0200] {dag.py:3947} INFO - Setting next_dagrun for example_bash_decorator to None, run_after=None
[2024-07-18T19:21:38.042+0200] {processor.py:183} INFO - Processing /home/richonlinux/Documents/GitHub/AirflowTuto/venv/lib/python3.10/site-packages/airflow/example_dags/example_bash_decorator.py took 0.046 seconds
[2024-07-18T19:22:33.978+0200] {processor.py:161} INFO - Started process (PID=300542) to work on /home/richonlinux/Documents/GitHub/AirflowTuto/venv/lib/python3.10/site-packages/airflow/example_dags/example_bash_decorator.py
[2024-07-18T19:22:33.979+0200] {processor.py:830} INFO - Processing file /home/richonlinux/Documents/GitHub/AirflowTuto/venv/lib/python3.10/site-packages/airflow/example_dags/example_bash_decorator.py for tasks to queue
[2024-07-18T19:22:33.980+0200] {logging_mixin.py:188} INFO - [2024-07-18T19:22:33.979+0200] {dagbag.py:545} INFO - Filling up the DagBag from /home/richonlinux/Documents/GitHub/AirflowTuto/venv/lib/python3.10/site-packages/airflow/example_dags/example_bash_decorator.py
[2024-07-18T19:22:33.987+0200] {processor.py:840} INFO - DAG(s) 'example_bash_decorator' retrieved from /home/richonlinux/Documents/GitHub/AirflowTuto/venv/lib/python3.10/site-packages/airflow/example_dags/example_bash_decorator.py
[2024-07-18T19:22:33.998+0200] {logging_mixin.py:188} INFO - [2024-07-18T19:22:33.998+0200] {dag.py:3089} INFO - Sync 1 DAGs
[2024-07-18T19:22:34.004+0200] {logging_mixin.py:188} INFO - [2024-07-18T19:22:34.004+0200] {dag.py:3947} INFO - Setting next_dagrun for example_bash_decorator to None, run_after=None
[2024-07-18T19:22:34.017+0200] {processor.py:183} INFO - Processing /home/richonlinux/Documents/GitHub/AirflowTuto/venv/lib/python3.10/site-packages/airflow/example_dags/example_bash_decorator.py took 0.042 seconds
