[2024-07-18T18:16:19.705+0200] {processor.py:161} INFO - Started process (PID=257977) to work on /home/richonlinux/Documents/GitHub/AirflowTuto/venv/lib/python3.10/site-packages/airflow/example_dags/example_params_trigger_ui.py
[2024-07-18T18:16:19.706+0200] {processor.py:830} INFO - Processing file /home/richonlinux/Documents/GitHub/AirflowTuto/venv/lib/python3.10/site-packages/airflow/example_dags/example_params_trigger_ui.py for tasks to queue
[2024-07-18T18:16:19.707+0200] {logging_mixin.py:188} INFO - [2024-07-18T18:16:19.706+0200] {dagbag.py:545} INFO - Filling up the DagBag from /home/richonlinux/Documents/GitHub/AirflowTuto/venv/lib/python3.10/site-packages/airflow/example_dags/example_params_trigger_ui.py
[2024-07-18T18:16:19.713+0200] {processor.py:840} INFO - DAG(s) 'example_params_trigger_ui' retrieved from /home/richonlinux/Documents/GitHub/AirflowTuto/venv/lib/python3.10/site-packages/airflow/example_dags/example_params_trigger_ui.py
[2024-07-18T18:16:19.779+0200] {logging_mixin.py:188} INFO - [2024-07-18T18:16:19.779+0200] {override.py:1858} INFO - Created Permission View: can edit on DAG:example_params_trigger_ui
[2024-07-18T18:16:19.787+0200] {logging_mixin.py:188} INFO - [2024-07-18T18:16:19.787+0200] {override.py:1858} INFO - Created Permission View: can read on DAG:example_params_trigger_ui
[2024-07-18T18:16:19.793+0200] {logging_mixin.py:188} INFO - [2024-07-18T18:16:19.792+0200] {override.py:1858} INFO - Created Permission View: can delete on DAG:example_params_trigger_ui
[2024-07-18T18:16:19.793+0200] {logging_mixin.py:188} INFO - [2024-07-18T18:16:19.793+0200] {dag.py:3089} INFO - Sync 1 DAGs
[2024-07-18T18:16:19.799+0200] {logging_mixin.py:188} INFO - [2024-07-18T18:16:19.799+0200] {dag.py:3111} INFO - Creating ORM DAG for example_params_trigger_ui
[2024-07-18T18:16:19.799+0200] {logging_mixin.py:188} INFO - [2024-07-18T18:16:19.799+0200] {dag.py:3947} INFO - Setting next_dagrun for example_params_trigger_ui to None, run_after=None
[2024-07-18T18:16:19.812+0200] {processor.py:183} INFO - Processing /home/richonlinux/Documents/GitHub/AirflowTuto/venv/lib/python3.10/site-packages/airflow/example_dags/example_params_trigger_ui.py took 0.110 seconds
[2024-07-18T18:17:12.062+0200] {processor.py:161} INFO - Started process (PID=258828) to work on /home/richonlinux/Documents/GitHub/AirflowTuto/venv/lib/python3.10/site-packages/airflow/example_dags/example_params_trigger_ui.py
[2024-07-18T18:17:12.062+0200] {processor.py:830} INFO - Processing file /home/richonlinux/Documents/GitHub/AirflowTuto/venv/lib/python3.10/site-packages/airflow/example_dags/example_params_trigger_ui.py for tasks to queue
[2024-07-18T18:17:12.064+0200] {logging_mixin.py:188} INFO - [2024-07-18T18:17:12.063+0200] {dagbag.py:545} INFO - Filling up the DagBag from /home/richonlinux/Documents/GitHub/AirflowTuto/venv/lib/python3.10/site-packages/airflow/example_dags/example_params_trigger_ui.py
[2024-07-18T18:17:12.069+0200] {processor.py:840} INFO - DAG(s) 'example_params_trigger_ui' retrieved from /home/richonlinux/Documents/GitHub/AirflowTuto/venv/lib/python3.10/site-packages/airflow/example_dags/example_params_trigger_ui.py
[2024-07-18T18:17:12.092+0200] {logging_mixin.py:188} INFO - [2024-07-18T18:17:12.092+0200] {dag.py:3089} INFO - Sync 1 DAGs
[2024-07-18T18:17:12.099+0200] {logging_mixin.py:188} INFO - [2024-07-18T18:17:12.099+0200] {dag.py:3947} INFO - Setting next_dagrun for example_params_trigger_ui to None, run_after=None
[2024-07-18T18:17:12.113+0200] {processor.py:183} INFO - Processing /home/richonlinux/Documents/GitHub/AirflowTuto/venv/lib/python3.10/site-packages/airflow/example_dags/example_params_trigger_ui.py took 0.058 seconds
[2024-07-18T18:44:00.898+0200] {processor.py:161} INFO - Started process (PID=259979) to work on /home/richonlinux/Documents/GitHub/AirflowTuto/venv/lib/python3.10/site-packages/airflow/example_dags/example_params_trigger_ui.py
[2024-07-18T18:44:00.903+0200] {processor.py:830} INFO - Processing file /home/richonlinux/Documents/GitHub/AirflowTuto/venv/lib/python3.10/site-packages/airflow/example_dags/example_params_trigger_ui.py for tasks to queue
[2024-07-18T18:44:00.907+0200] {logging_mixin.py:188} INFO - [2024-07-18T18:44:00.905+0200] {dagbag.py:545} INFO - Filling up the DagBag from /home/richonlinux/Documents/GitHub/AirflowTuto/venv/lib/python3.10/site-packages/airflow/example_dags/example_params_trigger_ui.py
[2024-07-18T18:44:00.927+0200] {processor.py:840} INFO - DAG(s) 'example_params_trigger_ui' retrieved from /home/richonlinux/Documents/GitHub/AirflowTuto/venv/lib/python3.10/site-packages/airflow/example_dags/example_params_trigger_ui.py
[2024-07-18T18:44:00.984+0200] {logging_mixin.py:188} INFO - [2024-07-18T18:44:00.984+0200] {dag.py:3089} INFO - Sync 1 DAGs
[2024-07-18T18:44:00.994+0200] {logging_mixin.py:188} INFO - [2024-07-18T18:44:00.994+0200] {dag.py:3947} INFO - Setting next_dagrun for example_params_trigger_ui to None, run_after=None
[2024-07-18T18:44:01.018+0200] {processor.py:183} INFO - Processing /home/richonlinux/Documents/GitHub/AirflowTuto/venv/lib/python3.10/site-packages/airflow/example_dags/example_params_trigger_ui.py took 0.133 seconds
[2024-07-18T18:44:49.888+0200] {processor.py:161} INFO - Started process (PID=260995) to work on /home/richonlinux/Documents/GitHub/AirflowTuto/venv/lib/python3.10/site-packages/airflow/example_dags/example_params_trigger_ui.py
[2024-07-18T18:44:49.892+0200] {processor.py:830} INFO - Processing file /home/richonlinux/Documents/GitHub/AirflowTuto/venv/lib/python3.10/site-packages/airflow/example_dags/example_params_trigger_ui.py for tasks to queue
[2024-07-18T18:44:49.893+0200] {logging_mixin.py:188} INFO - [2024-07-18T18:44:49.893+0200] {dagbag.py:545} INFO - Filling up the DagBag from /home/richonlinux/Documents/GitHub/AirflowTuto/venv/lib/python3.10/site-packages/airflow/example_dags/example_params_trigger_ui.py
[2024-07-18T18:44:49.898+0200] {processor.py:840} INFO - DAG(s) 'example_params_trigger_ui' retrieved from /home/richonlinux/Documents/GitHub/AirflowTuto/venv/lib/python3.10/site-packages/airflow/example_dags/example_params_trigger_ui.py
[2024-07-18T18:44:49.919+0200] {logging_mixin.py:188} INFO - [2024-07-18T18:44:49.919+0200] {dag.py:3089} INFO - Sync 1 DAGs
[2024-07-18T18:44:49.925+0200] {logging_mixin.py:188} INFO - [2024-07-18T18:44:49.925+0200] {dag.py:3947} INFO - Setting next_dagrun for example_params_trigger_ui to None, run_after=None
[2024-07-18T18:44:49.938+0200] {processor.py:183} INFO - Processing /home/richonlinux/Documents/GitHub/AirflowTuto/venv/lib/python3.10/site-packages/airflow/example_dags/example_params_trigger_ui.py took 0.053 seconds
[2024-07-18T18:45:32.683+0200] {processor.py:161} INFO - Started process (PID=261743) to work on /home/richonlinux/Documents/GitHub/AirflowTuto/venv/lib/python3.10/site-packages/airflow/example_dags/example_params_trigger_ui.py
[2024-07-18T18:45:32.684+0200] {processor.py:830} INFO - Processing file /home/richonlinux/Documents/GitHub/AirflowTuto/venv/lib/python3.10/site-packages/airflow/example_dags/example_params_trigger_ui.py for tasks to queue
[2024-07-18T18:45:32.686+0200] {logging_mixin.py:188} INFO - [2024-07-18T18:45:32.685+0200] {dagbag.py:545} INFO - Filling up the DagBag from /home/richonlinux/Documents/GitHub/AirflowTuto/venv/lib/python3.10/site-packages/airflow/example_dags/example_params_trigger_ui.py
[2024-07-18T18:45:32.693+0200] {processor.py:840} INFO - DAG(s) 'example_params_trigger_ui' retrieved from /home/richonlinux/Documents/GitHub/AirflowTuto/venv/lib/python3.10/site-packages/airflow/example_dags/example_params_trigger_ui.py
[2024-07-18T18:45:32.715+0200] {logging_mixin.py:188} INFO - [2024-07-18T18:45:32.715+0200] {dag.py:3089} INFO - Sync 1 DAGs
[2024-07-18T18:45:32.721+0200] {logging_mixin.py:188} INFO - [2024-07-18T18:45:32.721+0200] {dag.py:3947} INFO - Setting next_dagrun for example_params_trigger_ui to None, run_after=None
[2024-07-18T18:45:32.733+0200] {processor.py:183} INFO - Processing /home/richonlinux/Documents/GitHub/AirflowTuto/venv/lib/python3.10/site-packages/airflow/example_dags/example_params_trigger_ui.py took 0.053 seconds
[2024-07-18T18:46:21.417+0200] {processor.py:161} INFO - Started process (PID=262866) to work on /home/richonlinux/Documents/GitHub/AirflowTuto/venv/lib/python3.10/site-packages/airflow/example_dags/example_params_trigger_ui.py
[2024-07-18T18:46:21.418+0200] {processor.py:830} INFO - Processing file /home/richonlinux/Documents/GitHub/AirflowTuto/venv/lib/python3.10/site-packages/airflow/example_dags/example_params_trigger_ui.py for tasks to queue
[2024-07-18T18:46:21.420+0200] {logging_mixin.py:188} INFO - [2024-07-18T18:46:21.419+0200] {dagbag.py:545} INFO - Filling up the DagBag from /home/richonlinux/Documents/GitHub/AirflowTuto/venv/lib/python3.10/site-packages/airflow/example_dags/example_params_trigger_ui.py
[2024-07-18T18:46:21.426+0200] {processor.py:840} INFO - DAG(s) 'example_params_trigger_ui' retrieved from /home/richonlinux/Documents/GitHub/AirflowTuto/venv/lib/python3.10/site-packages/airflow/example_dags/example_params_trigger_ui.py
[2024-07-18T18:46:21.450+0200] {logging_mixin.py:188} INFO - [2024-07-18T18:46:21.450+0200] {dag.py:3089} INFO - Sync 1 DAGs
[2024-07-18T18:46:21.457+0200] {logging_mixin.py:188} INFO - [2024-07-18T18:46:21.457+0200] {dag.py:3947} INFO - Setting next_dagrun for example_params_trigger_ui to None, run_after=None
[2024-07-18T18:46:21.470+0200] {processor.py:183} INFO - Processing /home/richonlinux/Documents/GitHub/AirflowTuto/venv/lib/python3.10/site-packages/airflow/example_dags/example_params_trigger_ui.py took 0.059 seconds
[2024-07-18T18:49:33.381+0200] {processor.py:161} INFO - Started process (PID=266155) to work on /home/richonlinux/Documents/GitHub/AirflowTuto/venv/lib/python3.10/site-packages/airflow/example_dags/example_params_trigger_ui.py
[2024-07-18T18:49:33.384+0200] {processor.py:830} INFO - Processing file /home/richonlinux/Documents/GitHub/AirflowTuto/venv/lib/python3.10/site-packages/airflow/example_dags/example_params_trigger_ui.py for tasks to queue
[2024-07-18T18:49:33.386+0200] {logging_mixin.py:188} INFO - [2024-07-18T18:49:33.386+0200] {dagbag.py:545} INFO - Filling up the DagBag from /home/richonlinux/Documents/GitHub/AirflowTuto/venv/lib/python3.10/site-packages/airflow/example_dags/example_params_trigger_ui.py
[2024-07-18T18:49:33.396+0200] {processor.py:840} INFO - DAG(s) 'example_params_trigger_ui' retrieved from /home/richonlinux/Documents/GitHub/AirflowTuto/venv/lib/python3.10/site-packages/airflow/example_dags/example_params_trigger_ui.py
[2024-07-18T18:49:33.401+0200] {logging_mixin.py:188} INFO - [2024-07-18T18:49:33.400+0200] {dag.py:3089} INFO - Sync 1 DAGs
[2024-07-18T18:49:33.407+0200] {logging_mixin.py:188} INFO - [2024-07-18T18:49:33.407+0200] {dag.py:3947} INFO - Setting next_dagrun for example_params_trigger_ui to None, run_after=None
[2024-07-18T18:49:33.419+0200] {processor.py:183} INFO - Processing /home/richonlinux/Documents/GitHub/AirflowTuto/venv/lib/python3.10/site-packages/airflow/example_dags/example_params_trigger_ui.py took 0.043 seconds
[2024-07-18T18:51:26.778+0200] {processor.py:161} INFO - Started process (PID=268382) to work on /home/richonlinux/Documents/GitHub/AirflowTuto/venv/lib/python3.10/site-packages/airflow/example_dags/example_params_trigger_ui.py
[2024-07-18T18:51:26.779+0200] {processor.py:830} INFO - Processing file /home/richonlinux/Documents/GitHub/AirflowTuto/venv/lib/python3.10/site-packages/airflow/example_dags/example_params_trigger_ui.py for tasks to queue
[2024-07-18T18:51:26.780+0200] {logging_mixin.py:188} INFO - [2024-07-18T18:51:26.780+0200] {dagbag.py:545} INFO - Filling up the DagBag from /home/richonlinux/Documents/GitHub/AirflowTuto/venv/lib/python3.10/site-packages/airflow/example_dags/example_params_trigger_ui.py
[2024-07-18T18:51:26.791+0200] {processor.py:840} INFO - DAG(s) 'example_params_trigger_ui' retrieved from /home/richonlinux/Documents/GitHub/AirflowTuto/venv/lib/python3.10/site-packages/airflow/example_dags/example_params_trigger_ui.py
[2024-07-18T18:51:26.796+0200] {logging_mixin.py:188} INFO - [2024-07-18T18:51:26.796+0200] {dag.py:3089} INFO - Sync 1 DAGs
[2024-07-18T18:51:26.802+0200] {logging_mixin.py:188} INFO - [2024-07-18T18:51:26.802+0200] {dag.py:3947} INFO - Setting next_dagrun for example_params_trigger_ui to None, run_after=None
[2024-07-18T18:51:26.814+0200] {processor.py:183} INFO - Processing /home/richonlinux/Documents/GitHub/AirflowTuto/venv/lib/python3.10/site-packages/airflow/example_dags/example_params_trigger_ui.py took 0.045 seconds
[2024-07-18T18:52:15.123+0200] {processor.py:161} INFO - Started process (PID=269126) to work on /home/richonlinux/Documents/GitHub/AirflowTuto/venv/lib/python3.10/site-packages/airflow/example_dags/example_params_trigger_ui.py
[2024-07-18T18:52:15.124+0200] {processor.py:830} INFO - Processing file /home/richonlinux/Documents/GitHub/AirflowTuto/venv/lib/python3.10/site-packages/airflow/example_dags/example_params_trigger_ui.py for tasks to queue
[2024-07-18T18:52:15.126+0200] {logging_mixin.py:188} INFO - [2024-07-18T18:52:15.125+0200] {dagbag.py:545} INFO - Filling up the DagBag from /home/richonlinux/Documents/GitHub/AirflowTuto/venv/lib/python3.10/site-packages/airflow/example_dags/example_params_trigger_ui.py
[2024-07-18T18:52:15.134+0200] {processor.py:840} INFO - DAG(s) 'example_params_trigger_ui' retrieved from /home/richonlinux/Documents/GitHub/AirflowTuto/venv/lib/python3.10/site-packages/airflow/example_dags/example_params_trigger_ui.py
[2024-07-18T18:52:15.254+0200] {logging_mixin.py:188} INFO - [2024-07-18T18:52:15.253+0200] {dag.py:3089} INFO - Sync 1 DAGs
[2024-07-18T18:52:15.258+0200] {logging_mixin.py:188} INFO - [2024-07-18T18:52:15.258+0200] {dag.py:3947} INFO - Setting next_dagrun for example_params_trigger_ui to None, run_after=None
[2024-07-18T18:52:15.271+0200] {processor.py:183} INFO - Processing /home/richonlinux/Documents/GitHub/AirflowTuto/venv/lib/python3.10/site-packages/airflow/example_dags/example_params_trigger_ui.py took 0.157 seconds
[2024-07-18T18:52:59.866+0200] {processor.py:161} INFO - Started process (PID=270327) to work on /home/richonlinux/Documents/GitHub/AirflowTuto/venv/lib/python3.10/site-packages/airflow/example_dags/example_params_trigger_ui.py
[2024-07-18T18:52:59.867+0200] {processor.py:830} INFO - Processing file /home/richonlinux/Documents/GitHub/AirflowTuto/venv/lib/python3.10/site-packages/airflow/example_dags/example_params_trigger_ui.py for tasks to queue
[2024-07-18T18:52:59.868+0200] {logging_mixin.py:188} INFO - [2024-07-18T18:52:59.867+0200] {dagbag.py:545} INFO - Filling up the DagBag from /home/richonlinux/Documents/GitHub/AirflowTuto/venv/lib/python3.10/site-packages/airflow/example_dags/example_params_trigger_ui.py
[2024-07-18T18:52:59.873+0200] {processor.py:840} INFO - DAG(s) 'example_params_trigger_ui' retrieved from /home/richonlinux/Documents/GitHub/AirflowTuto/venv/lib/python3.10/site-packages/airflow/example_dags/example_params_trigger_ui.py
[2024-07-18T18:52:59.898+0200] {logging_mixin.py:188} INFO - [2024-07-18T18:52:59.898+0200] {dag.py:3089} INFO - Sync 1 DAGs
[2024-07-18T18:52:59.904+0200] {logging_mixin.py:188} INFO - [2024-07-18T18:52:59.904+0200] {dag.py:3947} INFO - Setting next_dagrun for example_params_trigger_ui to None, run_after=None
[2024-07-18T18:52:59.917+0200] {processor.py:183} INFO - Processing /home/richonlinux/Documents/GitHub/AirflowTuto/venv/lib/python3.10/site-packages/airflow/example_dags/example_params_trigger_ui.py took 0.055 seconds
[2024-07-18T18:53:45.547+0200] {processor.py:161} INFO - Started process (PID=271554) to work on /home/richonlinux/Documents/GitHub/AirflowTuto/venv/lib/python3.10/site-packages/airflow/example_dags/example_params_trigger_ui.py
[2024-07-18T18:53:45.551+0200] {processor.py:830} INFO - Processing file /home/richonlinux/Documents/GitHub/AirflowTuto/venv/lib/python3.10/site-packages/airflow/example_dags/example_params_trigger_ui.py for tasks to queue
[2024-07-18T18:53:45.553+0200] {logging_mixin.py:188} INFO - [2024-07-18T18:53:45.553+0200] {dagbag.py:545} INFO - Filling up the DagBag from /home/richonlinux/Documents/GitHub/AirflowTuto/venv/lib/python3.10/site-packages/airflow/example_dags/example_params_trigger_ui.py
[2024-07-18T18:53:45.562+0200] {processor.py:840} INFO - DAG(s) 'example_params_trigger_ui' retrieved from /home/richonlinux/Documents/GitHub/AirflowTuto/venv/lib/python3.10/site-packages/airflow/example_dags/example_params_trigger_ui.py
[2024-07-18T18:53:45.645+0200] {logging_mixin.py:188} INFO - [2024-07-18T18:53:45.645+0200] {dag.py:3089} INFO - Sync 1 DAGs
[2024-07-18T18:53:45.650+0200] {logging_mixin.py:188} INFO - [2024-07-18T18:53:45.650+0200] {dag.py:3947} INFO - Setting next_dagrun for example_params_trigger_ui to None, run_after=None
[2024-07-18T18:53:45.661+0200] {processor.py:183} INFO - Processing /home/richonlinux/Documents/GitHub/AirflowTuto/venv/lib/python3.10/site-packages/airflow/example_dags/example_params_trigger_ui.py took 0.123 seconds
[2024-07-18T18:54:29.852+0200] {processor.py:161} INFO - Started process (PID=272292) to work on /home/richonlinux/Documents/GitHub/AirflowTuto/venv/lib/python3.10/site-packages/airflow/example_dags/example_params_trigger_ui.py
[2024-07-18T18:54:29.854+0200] {processor.py:830} INFO - Processing file /home/richonlinux/Documents/GitHub/AirflowTuto/venv/lib/python3.10/site-packages/airflow/example_dags/example_params_trigger_ui.py for tasks to queue
[2024-07-18T18:54:29.855+0200] {logging_mixin.py:188} INFO - [2024-07-18T18:54:29.855+0200] {dagbag.py:545} INFO - Filling up the DagBag from /home/richonlinux/Documents/GitHub/AirflowTuto/venv/lib/python3.10/site-packages/airflow/example_dags/example_params_trigger_ui.py
[2024-07-18T18:54:29.863+0200] {processor.py:840} INFO - DAG(s) 'example_params_trigger_ui' retrieved from /home/richonlinux/Documents/GitHub/AirflowTuto/venv/lib/python3.10/site-packages/airflow/example_dags/example_params_trigger_ui.py
[2024-07-18T18:54:29.885+0200] {logging_mixin.py:188} INFO - [2024-07-18T18:54:29.885+0200] {dag.py:3089} INFO - Sync 1 DAGs
[2024-07-18T18:54:29.892+0200] {logging_mixin.py:188} INFO - [2024-07-18T18:54:29.892+0200] {dag.py:3947} INFO - Setting next_dagrun for example_params_trigger_ui to None, run_after=None
[2024-07-18T18:54:29.904+0200] {processor.py:183} INFO - Processing /home/richonlinux/Documents/GitHub/AirflowTuto/venv/lib/python3.10/site-packages/airflow/example_dags/example_params_trigger_ui.py took 0.061 seconds
[2024-07-18T18:55:16.845+0200] {processor.py:161} INFO - Started process (PID=273057) to work on /home/richonlinux/Documents/GitHub/AirflowTuto/venv/lib/python3.10/site-packages/airflow/example_dags/example_params_trigger_ui.py
[2024-07-18T18:55:16.846+0200] {processor.py:830} INFO - Processing file /home/richonlinux/Documents/GitHub/AirflowTuto/venv/lib/python3.10/site-packages/airflow/example_dags/example_params_trigger_ui.py for tasks to queue
[2024-07-18T18:55:16.848+0200] {logging_mixin.py:188} INFO - [2024-07-18T18:55:16.847+0200] {dagbag.py:545} INFO - Filling up the DagBag from /home/richonlinux/Documents/GitHub/AirflowTuto/venv/lib/python3.10/site-packages/airflow/example_dags/example_params_trigger_ui.py
[2024-07-18T18:55:16.855+0200] {processor.py:840} INFO - DAG(s) 'example_params_trigger_ui' retrieved from /home/richonlinux/Documents/GitHub/AirflowTuto/venv/lib/python3.10/site-packages/airflow/example_dags/example_params_trigger_ui.py
[2024-07-18T18:55:16.877+0200] {logging_mixin.py:188} INFO - [2024-07-18T18:55:16.877+0200] {dag.py:3089} INFO - Sync 1 DAGs
[2024-07-18T18:55:16.884+0200] {logging_mixin.py:188} INFO - [2024-07-18T18:55:16.883+0200] {dag.py:3947} INFO - Setting next_dagrun for example_params_trigger_ui to None, run_after=None
[2024-07-18T18:55:16.896+0200] {processor.py:183} INFO - Processing /home/richonlinux/Documents/GitHub/AirflowTuto/venv/lib/python3.10/site-packages/airflow/example_dags/example_params_trigger_ui.py took 0.058 seconds
[2024-07-18T18:56:01.112+0200] {processor.py:161} INFO - Started process (PID=273729) to work on /home/richonlinux/Documents/GitHub/AirflowTuto/venv/lib/python3.10/site-packages/airflow/example_dags/example_params_trigger_ui.py
[2024-07-18T18:56:01.116+0200] {processor.py:830} INFO - Processing file /home/richonlinux/Documents/GitHub/AirflowTuto/venv/lib/python3.10/site-packages/airflow/example_dags/example_params_trigger_ui.py for tasks to queue
[2024-07-18T18:56:01.117+0200] {logging_mixin.py:188} INFO - [2024-07-18T18:56:01.116+0200] {dagbag.py:545} INFO - Filling up the DagBag from /home/richonlinux/Documents/GitHub/AirflowTuto/venv/lib/python3.10/site-packages/airflow/example_dags/example_params_trigger_ui.py
[2024-07-18T18:56:01.122+0200] {processor.py:840} INFO - DAG(s) 'example_params_trigger_ui' retrieved from /home/richonlinux/Documents/GitHub/AirflowTuto/venv/lib/python3.10/site-packages/airflow/example_dags/example_params_trigger_ui.py
[2024-07-18T18:56:01.145+0200] {logging_mixin.py:188} INFO - [2024-07-18T18:56:01.145+0200] {dag.py:3089} INFO - Sync 1 DAGs
[2024-07-18T18:56:01.152+0200] {logging_mixin.py:188} INFO - [2024-07-18T18:56:01.152+0200] {dag.py:3947} INFO - Setting next_dagrun for example_params_trigger_ui to None, run_after=None
[2024-07-18T18:56:01.164+0200] {processor.py:183} INFO - Processing /home/richonlinux/Documents/GitHub/AirflowTuto/venv/lib/python3.10/site-packages/airflow/example_dags/example_params_trigger_ui.py took 0.057 seconds
[2024-07-18T18:56:40.590+0200] {processor.py:161} INFO - Started process (PID=274469) to work on /home/richonlinux/Documents/GitHub/AirflowTuto/venv/lib/python3.10/site-packages/airflow/example_dags/example_params_trigger_ui.py
[2024-07-18T18:56:40.591+0200] {processor.py:830} INFO - Processing file /home/richonlinux/Documents/GitHub/AirflowTuto/venv/lib/python3.10/site-packages/airflow/example_dags/example_params_trigger_ui.py for tasks to queue
[2024-07-18T18:56:40.592+0200] {logging_mixin.py:188} INFO - [2024-07-18T18:56:40.592+0200] {dagbag.py:545} INFO - Filling up the DagBag from /home/richonlinux/Documents/GitHub/AirflowTuto/venv/lib/python3.10/site-packages/airflow/example_dags/example_params_trigger_ui.py
[2024-07-18T18:56:40.599+0200] {processor.py:840} INFO - DAG(s) 'example_params_trigger_ui' retrieved from /home/richonlinux/Documents/GitHub/AirflowTuto/venv/lib/python3.10/site-packages/airflow/example_dags/example_params_trigger_ui.py
[2024-07-18T18:56:40.621+0200] {logging_mixin.py:188} INFO - [2024-07-18T18:56:40.621+0200] {dag.py:3089} INFO - Sync 1 DAGs
[2024-07-18T18:56:40.627+0200] {logging_mixin.py:188} INFO - [2024-07-18T18:56:40.627+0200] {dag.py:3947} INFO - Setting next_dagrun for example_params_trigger_ui to None, run_after=None
[2024-07-18T18:56:40.639+0200] {processor.py:183} INFO - Processing /home/richonlinux/Documents/GitHub/AirflowTuto/venv/lib/python3.10/site-packages/airflow/example_dags/example_params_trigger_ui.py took 0.058 seconds
[2024-07-18T18:57:18.836+0200] {processor.py:161} INFO - Started process (PID=275140) to work on /home/richonlinux/Documents/GitHub/AirflowTuto/venv/lib/python3.10/site-packages/airflow/example_dags/example_params_trigger_ui.py
[2024-07-18T18:57:18.837+0200] {processor.py:830} INFO - Processing file /home/richonlinux/Documents/GitHub/AirflowTuto/venv/lib/python3.10/site-packages/airflow/example_dags/example_params_trigger_ui.py for tasks to queue
[2024-07-18T18:57:18.838+0200] {logging_mixin.py:188} INFO - [2024-07-18T18:57:18.838+0200] {dagbag.py:545} INFO - Filling up the DagBag from /home/richonlinux/Documents/GitHub/AirflowTuto/venv/lib/python3.10/site-packages/airflow/example_dags/example_params_trigger_ui.py
[2024-07-18T18:57:18.844+0200] {processor.py:840} INFO - DAG(s) 'example_params_trigger_ui' retrieved from /home/richonlinux/Documents/GitHub/AirflowTuto/venv/lib/python3.10/site-packages/airflow/example_dags/example_params_trigger_ui.py
[2024-07-18T18:57:18.879+0200] {logging_mixin.py:188} INFO - [2024-07-18T18:57:18.879+0200] {dag.py:3089} INFO - Sync 1 DAGs
[2024-07-18T18:57:18.887+0200] {logging_mixin.py:188} INFO - [2024-07-18T18:57:18.887+0200] {dag.py:3947} INFO - Setting next_dagrun for example_params_trigger_ui to None, run_after=None
[2024-07-18T18:57:18.907+0200] {processor.py:183} INFO - Processing /home/richonlinux/Documents/GitHub/AirflowTuto/venv/lib/python3.10/site-packages/airflow/example_dags/example_params_trigger_ui.py took 0.075 seconds
[2024-07-18T18:57:59.008+0200] {processor.py:161} INFO - Started process (PID=275714) to work on /home/richonlinux/Documents/GitHub/AirflowTuto/venv/lib/python3.10/site-packages/airflow/example_dags/example_params_trigger_ui.py
[2024-07-18T18:57:59.008+0200] {processor.py:830} INFO - Processing file /home/richonlinux/Documents/GitHub/AirflowTuto/venv/lib/python3.10/site-packages/airflow/example_dags/example_params_trigger_ui.py for tasks to queue
[2024-07-18T18:57:59.010+0200] {logging_mixin.py:188} INFO - [2024-07-18T18:57:59.009+0200] {dagbag.py:545} INFO - Filling up the DagBag from /home/richonlinux/Documents/GitHub/AirflowTuto/venv/lib/python3.10/site-packages/airflow/example_dags/example_params_trigger_ui.py
[2024-07-18T18:57:59.015+0200] {processor.py:840} INFO - DAG(s) 'example_params_trigger_ui' retrieved from /home/richonlinux/Documents/GitHub/AirflowTuto/venv/lib/python3.10/site-packages/airflow/example_dags/example_params_trigger_ui.py
[2024-07-18T18:57:59.039+0200] {logging_mixin.py:188} INFO - [2024-07-18T18:57:59.039+0200] {dag.py:3089} INFO - Sync 1 DAGs
[2024-07-18T18:57:59.046+0200] {logging_mixin.py:188} INFO - [2024-07-18T18:57:59.046+0200] {dag.py:3947} INFO - Setting next_dagrun for example_params_trigger_ui to None, run_after=None
[2024-07-18T18:57:59.059+0200] {processor.py:183} INFO - Processing /home/richonlinux/Documents/GitHub/AirflowTuto/venv/lib/python3.10/site-packages/airflow/example_dags/example_params_trigger_ui.py took 0.055 seconds
[2024-07-18T18:58:38.941+0200] {processor.py:161} INFO - Started process (PID=276370) to work on /home/richonlinux/Documents/GitHub/AirflowTuto/venv/lib/python3.10/site-packages/airflow/example_dags/example_params_trigger_ui.py
[2024-07-18T18:58:38.942+0200] {processor.py:830} INFO - Processing file /home/richonlinux/Documents/GitHub/AirflowTuto/venv/lib/python3.10/site-packages/airflow/example_dags/example_params_trigger_ui.py for tasks to queue
[2024-07-18T18:58:38.943+0200] {logging_mixin.py:188} INFO - [2024-07-18T18:58:38.943+0200] {dagbag.py:545} INFO - Filling up the DagBag from /home/richonlinux/Documents/GitHub/AirflowTuto/venv/lib/python3.10/site-packages/airflow/example_dags/example_params_trigger_ui.py
[2024-07-18T18:58:38.949+0200] {processor.py:840} INFO - DAG(s) 'example_params_trigger_ui' retrieved from /home/richonlinux/Documents/GitHub/AirflowTuto/venv/lib/python3.10/site-packages/airflow/example_dags/example_params_trigger_ui.py
[2024-07-18T18:58:38.975+0200] {logging_mixin.py:188} INFO - [2024-07-18T18:58:38.975+0200] {dag.py:3089} INFO - Sync 1 DAGs
[2024-07-18T18:58:38.982+0200] {logging_mixin.py:188} INFO - [2024-07-18T18:58:38.982+0200] {dag.py:3947} INFO - Setting next_dagrun for example_params_trigger_ui to None, run_after=None
[2024-07-18T18:58:38.996+0200] {processor.py:183} INFO - Processing /home/richonlinux/Documents/GitHub/AirflowTuto/venv/lib/python3.10/site-packages/airflow/example_dags/example_params_trigger_ui.py took 0.059 seconds
[2024-07-18T18:59:18.920+0200] {processor.py:161} INFO - Started process (PID=277141) to work on /home/richonlinux/Documents/GitHub/AirflowTuto/venv/lib/python3.10/site-packages/airflow/example_dags/example_params_trigger_ui.py
[2024-07-18T18:59:18.921+0200] {processor.py:830} INFO - Processing file /home/richonlinux/Documents/GitHub/AirflowTuto/venv/lib/python3.10/site-packages/airflow/example_dags/example_params_trigger_ui.py for tasks to queue
[2024-07-18T18:59:18.923+0200] {logging_mixin.py:188} INFO - [2024-07-18T18:59:18.922+0200] {dagbag.py:545} INFO - Filling up the DagBag from /home/richonlinux/Documents/GitHub/AirflowTuto/venv/lib/python3.10/site-packages/airflow/example_dags/example_params_trigger_ui.py
[2024-07-18T18:59:18.930+0200] {processor.py:840} INFO - DAG(s) 'example_params_trigger_ui' retrieved from /home/richonlinux/Documents/GitHub/AirflowTuto/venv/lib/python3.10/site-packages/airflow/example_dags/example_params_trigger_ui.py
[2024-07-18T18:59:18.951+0200] {logging_mixin.py:188} INFO - [2024-07-18T18:59:18.951+0200] {dag.py:3089} INFO - Sync 1 DAGs
[2024-07-18T18:59:18.957+0200] {logging_mixin.py:188} INFO - [2024-07-18T18:59:18.957+0200] {dag.py:3947} INFO - Setting next_dagrun for example_params_trigger_ui to None, run_after=None
[2024-07-18T18:59:18.971+0200] {processor.py:183} INFO - Processing /home/richonlinux/Documents/GitHub/AirflowTuto/venv/lib/python3.10/site-packages/airflow/example_dags/example_params_trigger_ui.py took 0.060 seconds
[2024-07-18T19:00:00.237+0200] {processor.py:161} INFO - Started process (PID=277884) to work on /home/richonlinux/Documents/GitHub/AirflowTuto/venv/lib/python3.10/site-packages/airflow/example_dags/example_params_trigger_ui.py
[2024-07-18T19:00:00.242+0200] {processor.py:830} INFO - Processing file /home/richonlinux/Documents/GitHub/AirflowTuto/venv/lib/python3.10/site-packages/airflow/example_dags/example_params_trigger_ui.py for tasks to queue
[2024-07-18T19:00:00.244+0200] {logging_mixin.py:188} INFO - [2024-07-18T19:00:00.244+0200] {dagbag.py:545} INFO - Filling up the DagBag from /home/richonlinux/Documents/GitHub/AirflowTuto/venv/lib/python3.10/site-packages/airflow/example_dags/example_params_trigger_ui.py
[2024-07-18T19:00:00.253+0200] {processor.py:840} INFO - DAG(s) 'example_params_trigger_ui' retrieved from /home/richonlinux/Documents/GitHub/AirflowTuto/venv/lib/python3.10/site-packages/airflow/example_dags/example_params_trigger_ui.py
[2024-07-18T19:00:00.275+0200] {logging_mixin.py:188} INFO - [2024-07-18T19:00:00.275+0200] {dag.py:3089} INFO - Sync 1 DAGs
[2024-07-18T19:00:00.280+0200] {logging_mixin.py:188} INFO - [2024-07-18T19:00:00.280+0200] {dag.py:3947} INFO - Setting next_dagrun for example_params_trigger_ui to None, run_after=None
[2024-07-18T19:00:00.293+0200] {processor.py:183} INFO - Processing /home/richonlinux/Documents/GitHub/AirflowTuto/venv/lib/python3.10/site-packages/airflow/example_dags/example_params_trigger_ui.py took 0.063 seconds
[2024-07-18T19:00:42.378+0200] {processor.py:161} INFO - Started process (PID=278717) to work on /home/richonlinux/Documents/GitHub/AirflowTuto/venv/lib/python3.10/site-packages/airflow/example_dags/example_params_trigger_ui.py
[2024-07-18T19:00:42.379+0200] {processor.py:830} INFO - Processing file /home/richonlinux/Documents/GitHub/AirflowTuto/venv/lib/python3.10/site-packages/airflow/example_dags/example_params_trigger_ui.py for tasks to queue
[2024-07-18T19:00:42.379+0200] {logging_mixin.py:188} INFO - [2024-07-18T19:00:42.379+0200] {dagbag.py:545} INFO - Filling up the DagBag from /home/richonlinux/Documents/GitHub/AirflowTuto/venv/lib/python3.10/site-packages/airflow/example_dags/example_params_trigger_ui.py
[2024-07-18T19:00:42.386+0200] {processor.py:840} INFO - DAG(s) 'example_params_trigger_ui' retrieved from /home/richonlinux/Documents/GitHub/AirflowTuto/venv/lib/python3.10/site-packages/airflow/example_dags/example_params_trigger_ui.py
[2024-07-18T19:00:42.408+0200] {logging_mixin.py:188} INFO - [2024-07-18T19:00:42.408+0200] {dag.py:3089} INFO - Sync 1 DAGs
[2024-07-18T19:00:42.414+0200] {logging_mixin.py:188} INFO - [2024-07-18T19:00:42.414+0200] {dag.py:3947} INFO - Setting next_dagrun for example_params_trigger_ui to None, run_after=None
[2024-07-18T19:00:42.426+0200] {processor.py:183} INFO - Processing /home/richonlinux/Documents/GitHub/AirflowTuto/venv/lib/python3.10/site-packages/airflow/example_dags/example_params_trigger_ui.py took 0.052 seconds
[2024-07-18T19:01:22.969+0200] {processor.py:161} INFO - Started process (PID=279562) to work on /home/richonlinux/Documents/GitHub/AirflowTuto/venv/lib/python3.10/site-packages/airflow/example_dags/example_params_trigger_ui.py
[2024-07-18T19:01:22.971+0200] {processor.py:830} INFO - Processing file /home/richonlinux/Documents/GitHub/AirflowTuto/venv/lib/python3.10/site-packages/airflow/example_dags/example_params_trigger_ui.py for tasks to queue
[2024-07-18T19:01:22.973+0200] {logging_mixin.py:188} INFO - [2024-07-18T19:01:22.972+0200] {dagbag.py:545} INFO - Filling up the DagBag from /home/richonlinux/Documents/GitHub/AirflowTuto/venv/lib/python3.10/site-packages/airflow/example_dags/example_params_trigger_ui.py
[2024-07-18T19:01:22.980+0200] {processor.py:840} INFO - DAG(s) 'example_params_trigger_ui' retrieved from /home/richonlinux/Documents/GitHub/AirflowTuto/venv/lib/python3.10/site-packages/airflow/example_dags/example_params_trigger_ui.py
[2024-07-18T19:01:23.001+0200] {logging_mixin.py:188} INFO - [2024-07-18T19:01:23.001+0200] {dag.py:3089} INFO - Sync 1 DAGs
[2024-07-18T19:01:23.007+0200] {logging_mixin.py:188} INFO - [2024-07-18T19:01:23.007+0200] {dag.py:3947} INFO - Setting next_dagrun for example_params_trigger_ui to None, run_after=None
[2024-07-18T19:01:23.020+0200] {processor.py:183} INFO - Processing /home/richonlinux/Documents/GitHub/AirflowTuto/venv/lib/python3.10/site-packages/airflow/example_dags/example_params_trigger_ui.py took 0.060 seconds
[2024-07-18T19:02:00.898+0200] {processor.py:161} INFO - Started process (PID=280249) to work on /home/richonlinux/Documents/GitHub/AirflowTuto/venv/lib/python3.10/site-packages/airflow/example_dags/example_params_trigger_ui.py
[2024-07-18T19:02:00.899+0200] {processor.py:830} INFO - Processing file /home/richonlinux/Documents/GitHub/AirflowTuto/venv/lib/python3.10/site-packages/airflow/example_dags/example_params_trigger_ui.py for tasks to queue
[2024-07-18T19:02:00.901+0200] {logging_mixin.py:188} INFO - [2024-07-18T19:02:00.900+0200] {dagbag.py:545} INFO - Filling up the DagBag from /home/richonlinux/Documents/GitHub/AirflowTuto/venv/lib/python3.10/site-packages/airflow/example_dags/example_params_trigger_ui.py
[2024-07-18T19:02:00.907+0200] {processor.py:840} INFO - DAG(s) 'example_params_trigger_ui' retrieved from /home/richonlinux/Documents/GitHub/AirflowTuto/venv/lib/python3.10/site-packages/airflow/example_dags/example_params_trigger_ui.py
[2024-07-18T19:02:00.935+0200] {logging_mixin.py:188} INFO - [2024-07-18T19:02:00.935+0200] {dag.py:3089} INFO - Sync 1 DAGs
[2024-07-18T19:02:00.941+0200] {logging_mixin.py:188} INFO - [2024-07-18T19:02:00.941+0200] {dag.py:3947} INFO - Setting next_dagrun for example_params_trigger_ui to None, run_after=None
[2024-07-18T19:02:00.954+0200] {processor.py:183} INFO - Processing /home/richonlinux/Documents/GitHub/AirflowTuto/venv/lib/python3.10/site-packages/airflow/example_dags/example_params_trigger_ui.py took 0.066 seconds
[2024-07-18T19:02:39.810+0200] {processor.py:161} INFO - Started process (PID=280901) to work on /home/richonlinux/Documents/GitHub/AirflowTuto/venv/lib/python3.10/site-packages/airflow/example_dags/example_params_trigger_ui.py
[2024-07-18T19:02:39.811+0200] {processor.py:830} INFO - Processing file /home/richonlinux/Documents/GitHub/AirflowTuto/venv/lib/python3.10/site-packages/airflow/example_dags/example_params_trigger_ui.py for tasks to queue
[2024-07-18T19:02:39.812+0200] {logging_mixin.py:188} INFO - [2024-07-18T19:02:39.811+0200] {dagbag.py:545} INFO - Filling up the DagBag from /home/richonlinux/Documents/GitHub/AirflowTuto/venv/lib/python3.10/site-packages/airflow/example_dags/example_params_trigger_ui.py
[2024-07-18T19:02:39.817+0200] {processor.py:840} INFO - DAG(s) 'example_params_trigger_ui' retrieved from /home/richonlinux/Documents/GitHub/AirflowTuto/venv/lib/python3.10/site-packages/airflow/example_dags/example_params_trigger_ui.py
[2024-07-18T19:02:39.839+0200] {logging_mixin.py:188} INFO - [2024-07-18T19:02:39.839+0200] {dag.py:3089} INFO - Sync 1 DAGs
[2024-07-18T19:02:39.845+0200] {logging_mixin.py:188} INFO - [2024-07-18T19:02:39.845+0200] {dag.py:3947} INFO - Setting next_dagrun for example_params_trigger_ui to None, run_after=None
[2024-07-18T19:02:39.857+0200] {processor.py:183} INFO - Processing /home/richonlinux/Documents/GitHub/AirflowTuto/venv/lib/python3.10/site-packages/airflow/example_dags/example_params_trigger_ui.py took 0.051 seconds
[2024-07-18T19:03:20.355+0200] {processor.py:161} INFO - Started process (PID=281546) to work on /home/richonlinux/Documents/GitHub/AirflowTuto/venv/lib/python3.10/site-packages/airflow/example_dags/example_params_trigger_ui.py
[2024-07-18T19:03:20.356+0200] {processor.py:830} INFO - Processing file /home/richonlinux/Documents/GitHub/AirflowTuto/venv/lib/python3.10/site-packages/airflow/example_dags/example_params_trigger_ui.py for tasks to queue
[2024-07-18T19:03:20.357+0200] {logging_mixin.py:188} INFO - [2024-07-18T19:03:20.357+0200] {dagbag.py:545} INFO - Filling up the DagBag from /home/richonlinux/Documents/GitHub/AirflowTuto/venv/lib/python3.10/site-packages/airflow/example_dags/example_params_trigger_ui.py
[2024-07-18T19:03:20.364+0200] {processor.py:840} INFO - DAG(s) 'example_params_trigger_ui' retrieved from /home/richonlinux/Documents/GitHub/AirflowTuto/venv/lib/python3.10/site-packages/airflow/example_dags/example_params_trigger_ui.py
[2024-07-18T19:03:20.385+0200] {logging_mixin.py:188} INFO - [2024-07-18T19:03:20.385+0200] {dag.py:3089} INFO - Sync 1 DAGs
[2024-07-18T19:03:20.391+0200] {logging_mixin.py:188} INFO - [2024-07-18T19:03:20.391+0200] {dag.py:3947} INFO - Setting next_dagrun for example_params_trigger_ui to None, run_after=None
[2024-07-18T19:03:20.404+0200] {processor.py:183} INFO - Processing /home/richonlinux/Documents/GitHub/AirflowTuto/venv/lib/python3.10/site-packages/airflow/example_dags/example_params_trigger_ui.py took 0.058 seconds
[2024-07-18T19:04:01.426+0200] {processor.py:161} INFO - Started process (PID=282202) to work on /home/richonlinux/Documents/GitHub/AirflowTuto/venv/lib/python3.10/site-packages/airflow/example_dags/example_params_trigger_ui.py
[2024-07-18T19:04:01.427+0200] {processor.py:830} INFO - Processing file /home/richonlinux/Documents/GitHub/AirflowTuto/venv/lib/python3.10/site-packages/airflow/example_dags/example_params_trigger_ui.py for tasks to queue
[2024-07-18T19:04:01.429+0200] {logging_mixin.py:188} INFO - [2024-07-18T19:04:01.428+0200] {dagbag.py:545} INFO - Filling up the DagBag from /home/richonlinux/Documents/GitHub/AirflowTuto/venv/lib/python3.10/site-packages/airflow/example_dags/example_params_trigger_ui.py
[2024-07-18T19:04:01.436+0200] {processor.py:840} INFO - DAG(s) 'example_params_trigger_ui' retrieved from /home/richonlinux/Documents/GitHub/AirflowTuto/venv/lib/python3.10/site-packages/airflow/example_dags/example_params_trigger_ui.py
[2024-07-18T19:04:01.457+0200] {logging_mixin.py:188} INFO - [2024-07-18T19:04:01.457+0200] {dag.py:3089} INFO - Sync 1 DAGs
[2024-07-18T19:04:01.463+0200] {logging_mixin.py:188} INFO - [2024-07-18T19:04:01.463+0200] {dag.py:3947} INFO - Setting next_dagrun for example_params_trigger_ui to None, run_after=None
[2024-07-18T19:04:01.476+0200] {processor.py:183} INFO - Processing /home/richonlinux/Documents/GitHub/AirflowTuto/venv/lib/python3.10/site-packages/airflow/example_dags/example_params_trigger_ui.py took 0.060 seconds
[2024-07-18T19:04:40.256+0200] {processor.py:161} INFO - Started process (PID=282819) to work on /home/richonlinux/Documents/GitHub/AirflowTuto/venv/lib/python3.10/site-packages/airflow/example_dags/example_params_trigger_ui.py
[2024-07-18T19:04:40.257+0200] {processor.py:830} INFO - Processing file /home/richonlinux/Documents/GitHub/AirflowTuto/venv/lib/python3.10/site-packages/airflow/example_dags/example_params_trigger_ui.py for tasks to queue
[2024-07-18T19:04:40.259+0200] {logging_mixin.py:188} INFO - [2024-07-18T19:04:40.258+0200] {dagbag.py:545} INFO - Filling up the DagBag from /home/richonlinux/Documents/GitHub/AirflowTuto/venv/lib/python3.10/site-packages/airflow/example_dags/example_params_trigger_ui.py
[2024-07-18T19:04:40.266+0200] {processor.py:840} INFO - DAG(s) 'example_params_trigger_ui' retrieved from /home/richonlinux/Documents/GitHub/AirflowTuto/venv/lib/python3.10/site-packages/airflow/example_dags/example_params_trigger_ui.py
[2024-07-18T19:04:40.288+0200] {logging_mixin.py:188} INFO - [2024-07-18T19:04:40.287+0200] {dag.py:3089} INFO - Sync 1 DAGs
[2024-07-18T19:04:40.293+0200] {logging_mixin.py:188} INFO - [2024-07-18T19:04:40.293+0200] {dag.py:3947} INFO - Setting next_dagrun for example_params_trigger_ui to None, run_after=None
[2024-07-18T19:04:40.305+0200] {processor.py:183} INFO - Processing /home/richonlinux/Documents/GitHub/AirflowTuto/venv/lib/python3.10/site-packages/airflow/example_dags/example_params_trigger_ui.py took 0.057 seconds
[2024-07-18T19:05:18.303+0200] {processor.py:161} INFO - Started process (PID=283479) to work on /home/richonlinux/Documents/GitHub/AirflowTuto/venv/lib/python3.10/site-packages/airflow/example_dags/example_params_trigger_ui.py
[2024-07-18T19:05:18.304+0200] {processor.py:830} INFO - Processing file /home/richonlinux/Documents/GitHub/AirflowTuto/venv/lib/python3.10/site-packages/airflow/example_dags/example_params_trigger_ui.py for tasks to queue
[2024-07-18T19:05:18.305+0200] {logging_mixin.py:188} INFO - [2024-07-18T19:05:18.305+0200] {dagbag.py:545} INFO - Filling up the DagBag from /home/richonlinux/Documents/GitHub/AirflowTuto/venv/lib/python3.10/site-packages/airflow/example_dags/example_params_trigger_ui.py
[2024-07-18T19:05:18.314+0200] {processor.py:840} INFO - DAG(s) 'example_params_trigger_ui' retrieved from /home/richonlinux/Documents/GitHub/AirflowTuto/venv/lib/python3.10/site-packages/airflow/example_dags/example_params_trigger_ui.py
[2024-07-18T19:05:18.344+0200] {logging_mixin.py:188} INFO - [2024-07-18T19:05:18.344+0200] {dag.py:3089} INFO - Sync 1 DAGs
[2024-07-18T19:05:18.351+0200] {logging_mixin.py:188} INFO - [2024-07-18T19:05:18.350+0200] {dag.py:3947} INFO - Setting next_dagrun for example_params_trigger_ui to None, run_after=None
[2024-07-18T19:05:18.367+0200] {processor.py:183} INFO - Processing /home/richonlinux/Documents/GitHub/AirflowTuto/venv/lib/python3.10/site-packages/airflow/example_dags/example_params_trigger_ui.py took 0.070 seconds
[2024-07-18T19:05:56.244+0200] {processor.py:161} INFO - Started process (PID=284207) to work on /home/richonlinux/Documents/GitHub/AirflowTuto/venv/lib/python3.10/site-packages/airflow/example_dags/example_params_trigger_ui.py
[2024-07-18T19:05:56.248+0200] {processor.py:830} INFO - Processing file /home/richonlinux/Documents/GitHub/AirflowTuto/venv/lib/python3.10/site-packages/airflow/example_dags/example_params_trigger_ui.py for tasks to queue
[2024-07-18T19:05:56.251+0200] {logging_mixin.py:188} INFO - [2024-07-18T19:05:56.251+0200] {dagbag.py:545} INFO - Filling up the DagBag from /home/richonlinux/Documents/GitHub/AirflowTuto/venv/lib/python3.10/site-packages/airflow/example_dags/example_params_trigger_ui.py
[2024-07-18T19:05:56.259+0200] {processor.py:840} INFO - DAG(s) 'example_params_trigger_ui' retrieved from /home/richonlinux/Documents/GitHub/AirflowTuto/venv/lib/python3.10/site-packages/airflow/example_dags/example_params_trigger_ui.py
[2024-07-18T19:05:56.288+0200] {logging_mixin.py:188} INFO - [2024-07-18T19:05:56.288+0200] {dag.py:3089} INFO - Sync 1 DAGs
[2024-07-18T19:05:56.295+0200] {logging_mixin.py:188} INFO - [2024-07-18T19:05:56.295+0200] {dag.py:3947} INFO - Setting next_dagrun for example_params_trigger_ui to None, run_after=None
[2024-07-18T19:05:56.310+0200] {processor.py:183} INFO - Processing /home/richonlinux/Documents/GitHub/AirflowTuto/venv/lib/python3.10/site-packages/airflow/example_dags/example_params_trigger_ui.py took 0.074 seconds
[2024-07-18T19:06:35.726+0200] {processor.py:161} INFO - Started process (PID=284905) to work on /home/richonlinux/Documents/GitHub/AirflowTuto/venv/lib/python3.10/site-packages/airflow/example_dags/example_params_trigger_ui.py
[2024-07-18T19:06:35.728+0200] {processor.py:830} INFO - Processing file /home/richonlinux/Documents/GitHub/AirflowTuto/venv/lib/python3.10/site-packages/airflow/example_dags/example_params_trigger_ui.py for tasks to queue
[2024-07-18T19:06:35.729+0200] {logging_mixin.py:188} INFO - [2024-07-18T19:06:35.729+0200] {dagbag.py:545} INFO - Filling up the DagBag from /home/richonlinux/Documents/GitHub/AirflowTuto/venv/lib/python3.10/site-packages/airflow/example_dags/example_params_trigger_ui.py
[2024-07-18T19:06:35.737+0200] {processor.py:840} INFO - DAG(s) 'example_params_trigger_ui' retrieved from /home/richonlinux/Documents/GitHub/AirflowTuto/venv/lib/python3.10/site-packages/airflow/example_dags/example_params_trigger_ui.py
[2024-07-18T19:06:35.761+0200] {logging_mixin.py:188} INFO - [2024-07-18T19:06:35.761+0200] {dag.py:3089} INFO - Sync 1 DAGs
[2024-07-18T19:06:35.767+0200] {logging_mixin.py:188} INFO - [2024-07-18T19:06:35.767+0200] {dag.py:3947} INFO - Setting next_dagrun for example_params_trigger_ui to None, run_after=None
[2024-07-18T19:06:35.781+0200] {processor.py:183} INFO - Processing /home/richonlinux/Documents/GitHub/AirflowTuto/venv/lib/python3.10/site-packages/airflow/example_dags/example_params_trigger_ui.py took 0.062 seconds
[2024-07-18T19:07:15.296+0200] {processor.py:161} INFO - Started process (PID=285489) to work on /home/richonlinux/Documents/GitHub/AirflowTuto/venv/lib/python3.10/site-packages/airflow/example_dags/example_params_trigger_ui.py
[2024-07-18T19:07:15.297+0200] {processor.py:830} INFO - Processing file /home/richonlinux/Documents/GitHub/AirflowTuto/venv/lib/python3.10/site-packages/airflow/example_dags/example_params_trigger_ui.py for tasks to queue
[2024-07-18T19:07:15.299+0200] {logging_mixin.py:188} INFO - [2024-07-18T19:07:15.299+0200] {dagbag.py:545} INFO - Filling up the DagBag from /home/richonlinux/Documents/GitHub/AirflowTuto/venv/lib/python3.10/site-packages/airflow/example_dags/example_params_trigger_ui.py
[2024-07-18T19:07:15.307+0200] {processor.py:840} INFO - DAG(s) 'example_params_trigger_ui' retrieved from /home/richonlinux/Documents/GitHub/AirflowTuto/venv/lib/python3.10/site-packages/airflow/example_dags/example_params_trigger_ui.py
[2024-07-18T19:07:15.329+0200] {logging_mixin.py:188} INFO - [2024-07-18T19:07:15.328+0200] {dag.py:3089} INFO - Sync 1 DAGs
[2024-07-18T19:07:15.334+0200] {logging_mixin.py:188} INFO - [2024-07-18T19:07:15.334+0200] {dag.py:3947} INFO - Setting next_dagrun for example_params_trigger_ui to None, run_after=None
[2024-07-18T19:07:15.348+0200] {processor.py:183} INFO - Processing /home/richonlinux/Documents/GitHub/AirflowTuto/venv/lib/python3.10/site-packages/airflow/example_dags/example_params_trigger_ui.py took 0.061 seconds
[2024-07-18T19:07:54.760+0200] {processor.py:161} INFO - Started process (PID=286153) to work on /home/richonlinux/Documents/GitHub/AirflowTuto/venv/lib/python3.10/site-packages/airflow/example_dags/example_params_trigger_ui.py
[2024-07-18T19:07:54.761+0200] {processor.py:830} INFO - Processing file /home/richonlinux/Documents/GitHub/AirflowTuto/venv/lib/python3.10/site-packages/airflow/example_dags/example_params_trigger_ui.py for tasks to queue
[2024-07-18T19:07:54.762+0200] {logging_mixin.py:188} INFO - [2024-07-18T19:07:54.761+0200] {dagbag.py:545} INFO - Filling up the DagBag from /home/richonlinux/Documents/GitHub/AirflowTuto/venv/lib/python3.10/site-packages/airflow/example_dags/example_params_trigger_ui.py
[2024-07-18T19:07:54.767+0200] {processor.py:840} INFO - DAG(s) 'example_params_trigger_ui' retrieved from /home/richonlinux/Documents/GitHub/AirflowTuto/venv/lib/python3.10/site-packages/airflow/example_dags/example_params_trigger_ui.py
[2024-07-18T19:07:54.792+0200] {logging_mixin.py:188} INFO - [2024-07-18T19:07:54.792+0200] {dag.py:3089} INFO - Sync 1 DAGs
[2024-07-18T19:07:54.799+0200] {logging_mixin.py:188} INFO - [2024-07-18T19:07:54.799+0200] {dag.py:3947} INFO - Setting next_dagrun for example_params_trigger_ui to None, run_after=None
[2024-07-18T19:07:54.812+0200] {processor.py:183} INFO - Processing /home/richonlinux/Documents/GitHub/AirflowTuto/venv/lib/python3.10/site-packages/airflow/example_dags/example_params_trigger_ui.py took 0.056 seconds
[2024-07-18T19:08:34.213+0200] {processor.py:161} INFO - Started process (PID=286835) to work on /home/richonlinux/Documents/GitHub/AirflowTuto/venv/lib/python3.10/site-packages/airflow/example_dags/example_params_trigger_ui.py
[2024-07-18T19:08:34.214+0200] {processor.py:830} INFO - Processing file /home/richonlinux/Documents/GitHub/AirflowTuto/venv/lib/python3.10/site-packages/airflow/example_dags/example_params_trigger_ui.py for tasks to queue
[2024-07-18T19:08:34.215+0200] {logging_mixin.py:188} INFO - [2024-07-18T19:08:34.215+0200] {dagbag.py:545} INFO - Filling up the DagBag from /home/richonlinux/Documents/GitHub/AirflowTuto/venv/lib/python3.10/site-packages/airflow/example_dags/example_params_trigger_ui.py
[2024-07-18T19:08:34.221+0200] {processor.py:840} INFO - DAG(s) 'example_params_trigger_ui' retrieved from /home/richonlinux/Documents/GitHub/AirflowTuto/venv/lib/python3.10/site-packages/airflow/example_dags/example_params_trigger_ui.py
[2024-07-18T19:08:34.246+0200] {logging_mixin.py:188} INFO - [2024-07-18T19:08:34.246+0200] {dag.py:3089} INFO - Sync 1 DAGs
[2024-07-18T19:08:34.253+0200] {logging_mixin.py:188} INFO - [2024-07-18T19:08:34.253+0200] {dag.py:3947} INFO - Setting next_dagrun for example_params_trigger_ui to None, run_after=None
[2024-07-18T19:08:34.270+0200] {processor.py:183} INFO - Processing /home/richonlinux/Documents/GitHub/AirflowTuto/venv/lib/python3.10/site-packages/airflow/example_dags/example_params_trigger_ui.py took 0.060 seconds
[2024-07-18T19:09:13.533+0200] {processor.py:161} INFO - Started process (PID=287452) to work on /home/richonlinux/Documents/GitHub/AirflowTuto/venv/lib/python3.10/site-packages/airflow/example_dags/example_params_trigger_ui.py
[2024-07-18T19:09:13.534+0200] {processor.py:830} INFO - Processing file /home/richonlinux/Documents/GitHub/AirflowTuto/venv/lib/python3.10/site-packages/airflow/example_dags/example_params_trigger_ui.py for tasks to queue
[2024-07-18T19:09:13.535+0200] {logging_mixin.py:188} INFO - [2024-07-18T19:09:13.535+0200] {dagbag.py:545} INFO - Filling up the DagBag from /home/richonlinux/Documents/GitHub/AirflowTuto/venv/lib/python3.10/site-packages/airflow/example_dags/example_params_trigger_ui.py
[2024-07-18T19:09:13.541+0200] {processor.py:840} INFO - DAG(s) 'example_params_trigger_ui' retrieved from /home/richonlinux/Documents/GitHub/AirflowTuto/venv/lib/python3.10/site-packages/airflow/example_dags/example_params_trigger_ui.py
[2024-07-18T19:09:13.570+0200] {logging_mixin.py:188} INFO - [2024-07-18T19:09:13.570+0200] {dag.py:3089} INFO - Sync 1 DAGs
[2024-07-18T19:09:13.578+0200] {logging_mixin.py:188} INFO - [2024-07-18T19:09:13.578+0200] {dag.py:3947} INFO - Setting next_dagrun for example_params_trigger_ui to None, run_after=None
[2024-07-18T19:09:13.591+0200] {processor.py:183} INFO - Processing /home/richonlinux/Documents/GitHub/AirflowTuto/venv/lib/python3.10/site-packages/airflow/example_dags/example_params_trigger_ui.py took 0.062 seconds
[2024-07-18T19:09:51.199+0200] {processor.py:161} INFO - Started process (PID=288078) to work on /home/richonlinux/Documents/GitHub/AirflowTuto/venv/lib/python3.10/site-packages/airflow/example_dags/example_params_trigger_ui.py
[2024-07-18T19:09:51.200+0200] {processor.py:830} INFO - Processing file /home/richonlinux/Documents/GitHub/AirflowTuto/venv/lib/python3.10/site-packages/airflow/example_dags/example_params_trigger_ui.py for tasks to queue
[2024-07-18T19:09:51.201+0200] {logging_mixin.py:188} INFO - [2024-07-18T19:09:51.200+0200] {dagbag.py:545} INFO - Filling up the DagBag from /home/richonlinux/Documents/GitHub/AirflowTuto/venv/lib/python3.10/site-packages/airflow/example_dags/example_params_trigger_ui.py
[2024-07-18T19:09:51.206+0200] {processor.py:840} INFO - DAG(s) 'example_params_trigger_ui' retrieved from /home/richonlinux/Documents/GitHub/AirflowTuto/venv/lib/python3.10/site-packages/airflow/example_dags/example_params_trigger_ui.py
[2024-07-18T19:09:51.233+0200] {logging_mixin.py:188} INFO - [2024-07-18T19:09:51.232+0200] {dag.py:3089} INFO - Sync 1 DAGs
[2024-07-18T19:09:51.239+0200] {logging_mixin.py:188} INFO - [2024-07-18T19:09:51.239+0200] {dag.py:3947} INFO - Setting next_dagrun for example_params_trigger_ui to None, run_after=None
[2024-07-18T19:09:51.252+0200] {processor.py:183} INFO - Processing /home/richonlinux/Documents/GitHub/AirflowTuto/venv/lib/python3.10/site-packages/airflow/example_dags/example_params_trigger_ui.py took 0.057 seconds
[2024-07-18T19:10:29.699+0200] {processor.py:161} INFO - Started process (PID=288725) to work on /home/richonlinux/Documents/GitHub/AirflowTuto/venv/lib/python3.10/site-packages/airflow/example_dags/example_params_trigger_ui.py
[2024-07-18T19:10:29.703+0200] {processor.py:830} INFO - Processing file /home/richonlinux/Documents/GitHub/AirflowTuto/venv/lib/python3.10/site-packages/airflow/example_dags/example_params_trigger_ui.py for tasks to queue
[2024-07-18T19:10:29.704+0200] {logging_mixin.py:188} INFO - [2024-07-18T19:10:29.704+0200] {dagbag.py:545} INFO - Filling up the DagBag from /home/richonlinux/Documents/GitHub/AirflowTuto/venv/lib/python3.10/site-packages/airflow/example_dags/example_params_trigger_ui.py
[2024-07-18T19:10:29.710+0200] {processor.py:840} INFO - DAG(s) 'example_params_trigger_ui' retrieved from /home/richonlinux/Documents/GitHub/AirflowTuto/venv/lib/python3.10/site-packages/airflow/example_dags/example_params_trigger_ui.py
[2024-07-18T19:10:29.737+0200] {logging_mixin.py:188} INFO - [2024-07-18T19:10:29.737+0200] {dag.py:3089} INFO - Sync 1 DAGs
[2024-07-18T19:10:29.745+0200] {logging_mixin.py:188} INFO - [2024-07-18T19:10:29.745+0200] {dag.py:3947} INFO - Setting next_dagrun for example_params_trigger_ui to None, run_after=None
[2024-07-18T19:10:29.759+0200] {processor.py:183} INFO - Processing /home/richonlinux/Documents/GitHub/AirflowTuto/venv/lib/python3.10/site-packages/airflow/example_dags/example_params_trigger_ui.py took 0.063 seconds
[2024-07-18T19:11:24.929+0200] {processor.py:161} INFO - Started process (PID=289694) to work on /home/richonlinux/Documents/GitHub/AirflowTuto/venv/lib/python3.10/site-packages/airflow/example_dags/example_params_trigger_ui.py
[2024-07-18T19:11:24.930+0200] {processor.py:830} INFO - Processing file /home/richonlinux/Documents/GitHub/AirflowTuto/venv/lib/python3.10/site-packages/airflow/example_dags/example_params_trigger_ui.py for tasks to queue
[2024-07-18T19:11:24.931+0200] {logging_mixin.py:188} INFO - [2024-07-18T19:11:24.931+0200] {dagbag.py:545} INFO - Filling up the DagBag from /home/richonlinux/Documents/GitHub/AirflowTuto/venv/lib/python3.10/site-packages/airflow/example_dags/example_params_trigger_ui.py
[2024-07-18T19:11:24.937+0200] {processor.py:840} INFO - DAG(s) 'example_params_trigger_ui' retrieved from /home/richonlinux/Documents/GitHub/AirflowTuto/venv/lib/python3.10/site-packages/airflow/example_dags/example_params_trigger_ui.py
[2024-07-18T19:11:24.964+0200] {logging_mixin.py:188} INFO - [2024-07-18T19:11:24.964+0200] {dag.py:3089} INFO - Sync 1 DAGs
[2024-07-18T19:11:24.970+0200] {logging_mixin.py:188} INFO - [2024-07-18T19:11:24.970+0200] {dag.py:3947} INFO - Setting next_dagrun for example_params_trigger_ui to None, run_after=None
[2024-07-18T19:11:24.984+0200] {processor.py:183} INFO - Processing /home/richonlinux/Documents/GitHub/AirflowTuto/venv/lib/python3.10/site-packages/airflow/example_dags/example_params_trigger_ui.py took 0.063 seconds
[2024-07-18T19:12:17.992+0200] {processor.py:161} INFO - Started process (PID=290562) to work on /home/richonlinux/Documents/GitHub/AirflowTuto/venv/lib/python3.10/site-packages/airflow/example_dags/example_params_trigger_ui.py
[2024-07-18T19:12:17.996+0200] {processor.py:830} INFO - Processing file /home/richonlinux/Documents/GitHub/AirflowTuto/venv/lib/python3.10/site-packages/airflow/example_dags/example_params_trigger_ui.py for tasks to queue
[2024-07-18T19:12:17.998+0200] {logging_mixin.py:188} INFO - [2024-07-18T19:12:17.997+0200] {dagbag.py:545} INFO - Filling up the DagBag from /home/richonlinux/Documents/GitHub/AirflowTuto/venv/lib/python3.10/site-packages/airflow/example_dags/example_params_trigger_ui.py
[2024-07-18T19:12:18.003+0200] {processor.py:840} INFO - DAG(s) 'example_params_trigger_ui' retrieved from /home/richonlinux/Documents/GitHub/AirflowTuto/venv/lib/python3.10/site-packages/airflow/example_dags/example_params_trigger_ui.py
[2024-07-18T19:12:18.028+0200] {logging_mixin.py:188} INFO - [2024-07-18T19:12:18.028+0200] {dag.py:3089} INFO - Sync 1 DAGs
[2024-07-18T19:12:18.034+0200] {logging_mixin.py:188} INFO - [2024-07-18T19:12:18.034+0200] {dag.py:3947} INFO - Setting next_dagrun for example_params_trigger_ui to None, run_after=None
[2024-07-18T19:12:18.047+0200] {processor.py:183} INFO - Processing /home/richonlinux/Documents/GitHub/AirflowTuto/venv/lib/python3.10/site-packages/airflow/example_dags/example_params_trigger_ui.py took 0.059 seconds
[2024-07-18T19:12:56.101+0200] {processor.py:161} INFO - Started process (PID=291105) to work on /home/richonlinux/Documents/GitHub/AirflowTuto/venv/lib/python3.10/site-packages/airflow/example_dags/example_params_trigger_ui.py
[2024-07-18T19:12:56.105+0200] {processor.py:830} INFO - Processing file /home/richonlinux/Documents/GitHub/AirflowTuto/venv/lib/python3.10/site-packages/airflow/example_dags/example_params_trigger_ui.py for tasks to queue
[2024-07-18T19:12:56.106+0200] {logging_mixin.py:188} INFO - [2024-07-18T19:12:56.106+0200] {dagbag.py:545} INFO - Filling up the DagBag from /home/richonlinux/Documents/GitHub/AirflowTuto/venv/lib/python3.10/site-packages/airflow/example_dags/example_params_trigger_ui.py
[2024-07-18T19:12:56.112+0200] {processor.py:840} INFO - DAG(s) 'example_params_trigger_ui' retrieved from /home/richonlinux/Documents/GitHub/AirflowTuto/venv/lib/python3.10/site-packages/airflow/example_dags/example_params_trigger_ui.py
[2024-07-18T19:12:56.137+0200] {logging_mixin.py:188} INFO - [2024-07-18T19:12:56.137+0200] {dag.py:3089} INFO - Sync 1 DAGs
[2024-07-18T19:12:56.144+0200] {logging_mixin.py:188} INFO - [2024-07-18T19:12:56.144+0200] {dag.py:3947} INFO - Setting next_dagrun for example_params_trigger_ui to None, run_after=None
[2024-07-18T19:12:56.157+0200] {processor.py:183} INFO - Processing /home/richonlinux/Documents/GitHub/AirflowTuto/venv/lib/python3.10/site-packages/airflow/example_dags/example_params_trigger_ui.py took 0.061 seconds
[2024-07-18T19:13:35.759+0200] {processor.py:161} INFO - Started process (PID=291784) to work on /home/richonlinux/Documents/GitHub/AirflowTuto/venv/lib/python3.10/site-packages/airflow/example_dags/example_params_trigger_ui.py
[2024-07-18T19:13:35.761+0200] {processor.py:830} INFO - Processing file /home/richonlinux/Documents/GitHub/AirflowTuto/venv/lib/python3.10/site-packages/airflow/example_dags/example_params_trigger_ui.py for tasks to queue
[2024-07-18T19:13:35.762+0200] {logging_mixin.py:188} INFO - [2024-07-18T19:13:35.762+0200] {dagbag.py:545} INFO - Filling up the DagBag from /home/richonlinux/Documents/GitHub/AirflowTuto/venv/lib/python3.10/site-packages/airflow/example_dags/example_params_trigger_ui.py
[2024-07-18T19:13:35.768+0200] {processor.py:840} INFO - DAG(s) 'example_params_trigger_ui' retrieved from /home/richonlinux/Documents/GitHub/AirflowTuto/venv/lib/python3.10/site-packages/airflow/example_dags/example_params_trigger_ui.py
[2024-07-18T19:13:35.801+0200] {logging_mixin.py:188} INFO - [2024-07-18T19:13:35.800+0200] {dag.py:3089} INFO - Sync 1 DAGs
[2024-07-18T19:13:35.811+0200] {logging_mixin.py:188} INFO - [2024-07-18T19:13:35.811+0200] {dag.py:3947} INFO - Setting next_dagrun for example_params_trigger_ui to None, run_after=None
[2024-07-18T19:13:35.830+0200] {processor.py:183} INFO - Processing /home/richonlinux/Documents/GitHub/AirflowTuto/venv/lib/python3.10/site-packages/airflow/example_dags/example_params_trigger_ui.py took 0.077 seconds
[2024-07-18T19:14:14.721+0200] {processor.py:161} INFO - Started process (PID=292365) to work on /home/richonlinux/Documents/GitHub/AirflowTuto/venv/lib/python3.10/site-packages/airflow/example_dags/example_params_trigger_ui.py
[2024-07-18T19:14:14.722+0200] {processor.py:830} INFO - Processing file /home/richonlinux/Documents/GitHub/AirflowTuto/venv/lib/python3.10/site-packages/airflow/example_dags/example_params_trigger_ui.py for tasks to queue
[2024-07-18T19:14:14.722+0200] {logging_mixin.py:188} INFO - [2024-07-18T19:14:14.722+0200] {dagbag.py:545} INFO - Filling up the DagBag from /home/richonlinux/Documents/GitHub/AirflowTuto/venv/lib/python3.10/site-packages/airflow/example_dags/example_params_trigger_ui.py
[2024-07-18T19:14:14.729+0200] {processor.py:840} INFO - DAG(s) 'example_params_trigger_ui' retrieved from /home/richonlinux/Documents/GitHub/AirflowTuto/venv/lib/python3.10/site-packages/airflow/example_dags/example_params_trigger_ui.py
[2024-07-18T19:14:14.756+0200] {logging_mixin.py:188} INFO - [2024-07-18T19:14:14.756+0200] {dag.py:3089} INFO - Sync 1 DAGs
[2024-07-18T19:14:14.764+0200] {logging_mixin.py:188} INFO - [2024-07-18T19:14:14.763+0200] {dag.py:3947} INFO - Setting next_dagrun for example_params_trigger_ui to None, run_after=None
[2024-07-18T19:14:14.778+0200] {processor.py:183} INFO - Processing /home/richonlinux/Documents/GitHub/AirflowTuto/venv/lib/python3.10/site-packages/airflow/example_dags/example_params_trigger_ui.py took 0.061 seconds
[2024-07-18T19:14:55.877+0200] {processor.py:161} INFO - Started process (PID=293035) to work on /home/richonlinux/Documents/GitHub/AirflowTuto/venv/lib/python3.10/site-packages/airflow/example_dags/example_params_trigger_ui.py
[2024-07-18T19:14:55.878+0200] {processor.py:830} INFO - Processing file /home/richonlinux/Documents/GitHub/AirflowTuto/venv/lib/python3.10/site-packages/airflow/example_dags/example_params_trigger_ui.py for tasks to queue
[2024-07-18T19:14:55.879+0200] {logging_mixin.py:188} INFO - [2024-07-18T19:14:55.878+0200] {dagbag.py:545} INFO - Filling up the DagBag from /home/richonlinux/Documents/GitHub/AirflowTuto/venv/lib/python3.10/site-packages/airflow/example_dags/example_params_trigger_ui.py
[2024-07-18T19:14:55.885+0200] {processor.py:840} INFO - DAG(s) 'example_params_trigger_ui' retrieved from /home/richonlinux/Documents/GitHub/AirflowTuto/venv/lib/python3.10/site-packages/airflow/example_dags/example_params_trigger_ui.py
[2024-07-18T19:14:55.909+0200] {logging_mixin.py:188} INFO - [2024-07-18T19:14:55.908+0200] {dag.py:3089} INFO - Sync 1 DAGs
[2024-07-18T19:14:55.915+0200] {logging_mixin.py:188} INFO - [2024-07-18T19:14:55.915+0200] {dag.py:3947} INFO - Setting next_dagrun for example_params_trigger_ui to None, run_after=None
[2024-07-18T19:14:55.932+0200] {processor.py:183} INFO - Processing /home/richonlinux/Documents/GitHub/AirflowTuto/venv/lib/python3.10/site-packages/airflow/example_dags/example_params_trigger_ui.py took 0.058 seconds
[2024-07-18T19:15:35.807+0200] {processor.py:161} INFO - Started process (PID=293673) to work on /home/richonlinux/Documents/GitHub/AirflowTuto/venv/lib/python3.10/site-packages/airflow/example_dags/example_params_trigger_ui.py
[2024-07-18T19:15:35.807+0200] {processor.py:830} INFO - Processing file /home/richonlinux/Documents/GitHub/AirflowTuto/venv/lib/python3.10/site-packages/airflow/example_dags/example_params_trigger_ui.py for tasks to queue
[2024-07-18T19:15:35.809+0200] {logging_mixin.py:188} INFO - [2024-07-18T19:15:35.808+0200] {dagbag.py:545} INFO - Filling up the DagBag from /home/richonlinux/Documents/GitHub/AirflowTuto/venv/lib/python3.10/site-packages/airflow/example_dags/example_params_trigger_ui.py
[2024-07-18T19:15:35.815+0200] {processor.py:840} INFO - DAG(s) 'example_params_trigger_ui' retrieved from /home/richonlinux/Documents/GitHub/AirflowTuto/venv/lib/python3.10/site-packages/airflow/example_dags/example_params_trigger_ui.py
[2024-07-18T19:15:35.845+0200] {logging_mixin.py:188} INFO - [2024-07-18T19:15:35.845+0200] {dag.py:3089} INFO - Sync 1 DAGs
[2024-07-18T19:15:35.854+0200] {logging_mixin.py:188} INFO - [2024-07-18T19:15:35.854+0200] {dag.py:3947} INFO - Setting next_dagrun for example_params_trigger_ui to None, run_after=None
[2024-07-18T19:15:35.874+0200] {processor.py:183} INFO - Processing /home/richonlinux/Documents/GitHub/AirflowTuto/venv/lib/python3.10/site-packages/airflow/example_dags/example_params_trigger_ui.py took 0.071 seconds
[2024-07-18T19:16:14.967+0200] {processor.py:161} INFO - Started process (PID=294275) to work on /home/richonlinux/Documents/GitHub/AirflowTuto/venv/lib/python3.10/site-packages/airflow/example_dags/example_params_trigger_ui.py
[2024-07-18T19:16:14.967+0200] {processor.py:830} INFO - Processing file /home/richonlinux/Documents/GitHub/AirflowTuto/venv/lib/python3.10/site-packages/airflow/example_dags/example_params_trigger_ui.py for tasks to queue
[2024-07-18T19:16:14.968+0200] {logging_mixin.py:188} INFO - [2024-07-18T19:16:14.968+0200] {dagbag.py:545} INFO - Filling up the DagBag from /home/richonlinux/Documents/GitHub/AirflowTuto/venv/lib/python3.10/site-packages/airflow/example_dags/example_params_trigger_ui.py
[2024-07-18T19:16:14.974+0200] {processor.py:840} INFO - DAG(s) 'example_params_trigger_ui' retrieved from /home/richonlinux/Documents/GitHub/AirflowTuto/venv/lib/python3.10/site-packages/airflow/example_dags/example_params_trigger_ui.py
[2024-07-18T19:16:15.001+0200] {logging_mixin.py:188} INFO - [2024-07-18T19:16:15.000+0200] {dag.py:3089} INFO - Sync 1 DAGs
[2024-07-18T19:16:15.008+0200] {logging_mixin.py:188} INFO - [2024-07-18T19:16:15.008+0200] {dag.py:3947} INFO - Setting next_dagrun for example_params_trigger_ui to None, run_after=None
[2024-07-18T19:16:15.021+0200] {processor.py:183} INFO - Processing /home/richonlinux/Documents/GitHub/AirflowTuto/venv/lib/python3.10/site-packages/airflow/example_dags/example_params_trigger_ui.py took 0.058 seconds
[2024-07-18T19:16:52.251+0200] {processor.py:161} INFO - Started process (PID=294938) to work on /home/richonlinux/Documents/GitHub/AirflowTuto/venv/lib/python3.10/site-packages/airflow/example_dags/example_params_trigger_ui.py
[2024-07-18T19:16:52.255+0200] {processor.py:830} INFO - Processing file /home/richonlinux/Documents/GitHub/AirflowTuto/venv/lib/python3.10/site-packages/airflow/example_dags/example_params_trigger_ui.py for tasks to queue
[2024-07-18T19:16:52.257+0200] {logging_mixin.py:188} INFO - [2024-07-18T19:16:52.256+0200] {dagbag.py:545} INFO - Filling up the DagBag from /home/richonlinux/Documents/GitHub/AirflowTuto/venv/lib/python3.10/site-packages/airflow/example_dags/example_params_trigger_ui.py
[2024-07-18T19:16:52.262+0200] {processor.py:840} INFO - DAG(s) 'example_params_trigger_ui' retrieved from /home/richonlinux/Documents/GitHub/AirflowTuto/venv/lib/python3.10/site-packages/airflow/example_dags/example_params_trigger_ui.py
[2024-07-18T19:16:52.287+0200] {logging_mixin.py:188} INFO - [2024-07-18T19:16:52.287+0200] {dag.py:3089} INFO - Sync 1 DAGs
[2024-07-18T19:16:52.294+0200] {logging_mixin.py:188} INFO - [2024-07-18T19:16:52.294+0200] {dag.py:3947} INFO - Setting next_dagrun for example_params_trigger_ui to None, run_after=None
[2024-07-18T19:16:52.309+0200] {processor.py:183} INFO - Processing /home/richonlinux/Documents/GitHub/AirflowTuto/venv/lib/python3.10/site-packages/airflow/example_dags/example_params_trigger_ui.py took 0.062 seconds
[2024-07-18T19:17:28.836+0200] {processor.py:161} INFO - Started process (PID=295545) to work on /home/richonlinux/Documents/GitHub/AirflowTuto/venv/lib/python3.10/site-packages/airflow/example_dags/example_params_trigger_ui.py
[2024-07-18T19:17:28.837+0200] {processor.py:830} INFO - Processing file /home/richonlinux/Documents/GitHub/AirflowTuto/venv/lib/python3.10/site-packages/airflow/example_dags/example_params_trigger_ui.py for tasks to queue
[2024-07-18T19:17:28.838+0200] {logging_mixin.py:188} INFO - [2024-07-18T19:17:28.838+0200] {dagbag.py:545} INFO - Filling up the DagBag from /home/richonlinux/Documents/GitHub/AirflowTuto/venv/lib/python3.10/site-packages/airflow/example_dags/example_params_trigger_ui.py
[2024-07-18T19:17:28.844+0200] {processor.py:840} INFO - DAG(s) 'example_params_trigger_ui' retrieved from /home/richonlinux/Documents/GitHub/AirflowTuto/venv/lib/python3.10/site-packages/airflow/example_dags/example_params_trigger_ui.py
[2024-07-18T19:17:28.869+0200] {logging_mixin.py:188} INFO - [2024-07-18T19:17:28.868+0200] {dag.py:3089} INFO - Sync 1 DAGs
[2024-07-18T19:17:28.875+0200] {logging_mixin.py:188} INFO - [2024-07-18T19:17:28.875+0200] {dag.py:3947} INFO - Setting next_dagrun for example_params_trigger_ui to None, run_after=None
[2024-07-18T19:17:28.887+0200] {processor.py:183} INFO - Processing /home/richonlinux/Documents/GitHub/AirflowTuto/venv/lib/python3.10/site-packages/airflow/example_dags/example_params_trigger_ui.py took 0.055 seconds
[2024-07-18T19:18:08.910+0200] {processor.py:161} INFO - Started process (PID=296172) to work on /home/richonlinux/Documents/GitHub/AirflowTuto/venv/lib/python3.10/site-packages/airflow/example_dags/example_params_trigger_ui.py
[2024-07-18T19:18:08.910+0200] {processor.py:830} INFO - Processing file /home/richonlinux/Documents/GitHub/AirflowTuto/venv/lib/python3.10/site-packages/airflow/example_dags/example_params_trigger_ui.py for tasks to queue
[2024-07-18T19:18:08.911+0200] {logging_mixin.py:188} INFO - [2024-07-18T19:18:08.911+0200] {dagbag.py:545} INFO - Filling up the DagBag from /home/richonlinux/Documents/GitHub/AirflowTuto/venv/lib/python3.10/site-packages/airflow/example_dags/example_params_trigger_ui.py
[2024-07-18T19:18:08.917+0200] {processor.py:840} INFO - DAG(s) 'example_params_trigger_ui' retrieved from /home/richonlinux/Documents/GitHub/AirflowTuto/venv/lib/python3.10/site-packages/airflow/example_dags/example_params_trigger_ui.py
[2024-07-18T19:18:08.943+0200] {logging_mixin.py:188} INFO - [2024-07-18T19:18:08.942+0200] {dag.py:3089} INFO - Sync 1 DAGs
[2024-07-18T19:18:08.949+0200] {logging_mixin.py:188} INFO - [2024-07-18T19:18:08.949+0200] {dag.py:3947} INFO - Setting next_dagrun for example_params_trigger_ui to None, run_after=None
[2024-07-18T19:18:08.962+0200] {processor.py:183} INFO - Processing /home/richonlinux/Documents/GitHub/AirflowTuto/venv/lib/python3.10/site-packages/airflow/example_dags/example_params_trigger_ui.py took 0.056 seconds
[2024-07-18T19:18:50.555+0200] {processor.py:161} INFO - Started process (PID=296891) to work on /home/richonlinux/Documents/GitHub/AirflowTuto/venv/lib/python3.10/site-packages/airflow/example_dags/example_params_trigger_ui.py
[2024-07-18T19:18:50.555+0200] {processor.py:830} INFO - Processing file /home/richonlinux/Documents/GitHub/AirflowTuto/venv/lib/python3.10/site-packages/airflow/example_dags/example_params_trigger_ui.py for tasks to queue
[2024-07-18T19:18:50.556+0200] {logging_mixin.py:188} INFO - [2024-07-18T19:18:50.556+0200] {dagbag.py:545} INFO - Filling up the DagBag from /home/richonlinux/Documents/GitHub/AirflowTuto/venv/lib/python3.10/site-packages/airflow/example_dags/example_params_trigger_ui.py
[2024-07-18T19:18:50.563+0200] {processor.py:840} INFO - DAG(s) 'example_params_trigger_ui' retrieved from /home/richonlinux/Documents/GitHub/AirflowTuto/venv/lib/python3.10/site-packages/airflow/example_dags/example_params_trigger_ui.py
[2024-07-18T19:18:50.588+0200] {logging_mixin.py:188} INFO - [2024-07-18T19:18:50.588+0200] {dag.py:3089} INFO - Sync 1 DAGs
[2024-07-18T19:18:50.595+0200] {logging_mixin.py:188} INFO - [2024-07-18T19:18:50.595+0200] {dag.py:3947} INFO - Setting next_dagrun for example_params_trigger_ui to None, run_after=None
[2024-07-18T19:18:50.608+0200] {processor.py:183} INFO - Processing /home/richonlinux/Documents/GitHub/AirflowTuto/venv/lib/python3.10/site-packages/airflow/example_dags/example_params_trigger_ui.py took 0.057 seconds
[2024-07-18T19:19:29.286+0200] {processor.py:161} INFO - Started process (PID=297542) to work on /home/richonlinux/Documents/GitHub/AirflowTuto/venv/lib/python3.10/site-packages/airflow/example_dags/example_params_trigger_ui.py
[2024-07-18T19:19:29.287+0200] {processor.py:830} INFO - Processing file /home/richonlinux/Documents/GitHub/AirflowTuto/venv/lib/python3.10/site-packages/airflow/example_dags/example_params_trigger_ui.py for tasks to queue
[2024-07-18T19:19:29.288+0200] {logging_mixin.py:188} INFO - [2024-07-18T19:19:29.288+0200] {dagbag.py:545} INFO - Filling up the DagBag from /home/richonlinux/Documents/GitHub/AirflowTuto/venv/lib/python3.10/site-packages/airflow/example_dags/example_params_trigger_ui.py
[2024-07-18T19:19:29.294+0200] {processor.py:840} INFO - DAG(s) 'example_params_trigger_ui' retrieved from /home/richonlinux/Documents/GitHub/AirflowTuto/venv/lib/python3.10/site-packages/airflow/example_dags/example_params_trigger_ui.py
[2024-07-18T19:19:29.320+0200] {logging_mixin.py:188} INFO - [2024-07-18T19:19:29.319+0200] {dag.py:3089} INFO - Sync 1 DAGs
[2024-07-18T19:19:29.327+0200] {logging_mixin.py:188} INFO - [2024-07-18T19:19:29.327+0200] {dag.py:3947} INFO - Setting next_dagrun for example_params_trigger_ui to None, run_after=None
[2024-07-18T19:19:29.341+0200] {processor.py:183} INFO - Processing /home/richonlinux/Documents/GitHub/AirflowTuto/venv/lib/python3.10/site-packages/airflow/example_dags/example_params_trigger_ui.py took 0.058 seconds
[2024-07-18T19:20:06.936+0200] {processor.py:161} INFO - Started process (PID=298090) to work on /home/richonlinux/Documents/GitHub/AirflowTuto/venv/lib/python3.10/site-packages/airflow/example_dags/example_params_trigger_ui.py
[2024-07-18T19:20:06.938+0200] {processor.py:830} INFO - Processing file /home/richonlinux/Documents/GitHub/AirflowTuto/venv/lib/python3.10/site-packages/airflow/example_dags/example_params_trigger_ui.py for tasks to queue
[2024-07-18T19:20:06.940+0200] {logging_mixin.py:188} INFO - [2024-07-18T19:20:06.939+0200] {dagbag.py:545} INFO - Filling up the DagBag from /home/richonlinux/Documents/GitHub/AirflowTuto/venv/lib/python3.10/site-packages/airflow/example_dags/example_params_trigger_ui.py
[2024-07-18T19:20:06.948+0200] {processor.py:840} INFO - DAG(s) 'example_params_trigger_ui' retrieved from /home/richonlinux/Documents/GitHub/AirflowTuto/venv/lib/python3.10/site-packages/airflow/example_dags/example_params_trigger_ui.py
[2024-07-18T19:20:06.980+0200] {logging_mixin.py:188} INFO - [2024-07-18T19:20:06.980+0200] {dag.py:3089} INFO - Sync 1 DAGs
[2024-07-18T19:20:06.988+0200] {logging_mixin.py:188} INFO - [2024-07-18T19:20:06.988+0200] {dag.py:3947} INFO - Setting next_dagrun for example_params_trigger_ui to None, run_after=None
[2024-07-18T19:20:07.008+0200] {processor.py:183} INFO - Processing /home/richonlinux/Documents/GitHub/AirflowTuto/venv/lib/python3.10/site-packages/airflow/example_dags/example_params_trigger_ui.py took 0.077 seconds
[2024-07-18T19:20:49.186+0200] {processor.py:161} INFO - Started process (PID=298797) to work on /home/richonlinux/Documents/GitHub/AirflowTuto/venv/lib/python3.10/site-packages/airflow/example_dags/example_params_trigger_ui.py
[2024-07-18T19:20:49.187+0200] {processor.py:830} INFO - Processing file /home/richonlinux/Documents/GitHub/AirflowTuto/venv/lib/python3.10/site-packages/airflow/example_dags/example_params_trigger_ui.py for tasks to queue
[2024-07-18T19:20:49.189+0200] {logging_mixin.py:188} INFO - [2024-07-18T19:20:49.189+0200] {dagbag.py:545} INFO - Filling up the DagBag from /home/richonlinux/Documents/GitHub/AirflowTuto/venv/lib/python3.10/site-packages/airflow/example_dags/example_params_trigger_ui.py
[2024-07-18T19:20:49.196+0200] {processor.py:840} INFO - DAG(s) 'example_params_trigger_ui' retrieved from /home/richonlinux/Documents/GitHub/AirflowTuto/venv/lib/python3.10/site-packages/airflow/example_dags/example_params_trigger_ui.py
[2024-07-18T19:20:49.222+0200] {logging_mixin.py:188} INFO - [2024-07-18T19:20:49.222+0200] {dag.py:3089} INFO - Sync 1 DAGs
[2024-07-18T19:20:49.229+0200] {logging_mixin.py:188} INFO - [2024-07-18T19:20:49.229+0200] {dag.py:3947} INFO - Setting next_dagrun for example_params_trigger_ui to None, run_after=None
[2024-07-18T19:20:49.244+0200] {processor.py:183} INFO - Processing /home/richonlinux/Documents/GitHub/AirflowTuto/venv/lib/python3.10/site-packages/airflow/example_dags/example_params_trigger_ui.py took 0.064 seconds
[2024-07-18T19:21:30.139+0200] {processor.py:161} INFO - Started process (PID=299561) to work on /home/richonlinux/Documents/GitHub/AirflowTuto/venv/lib/python3.10/site-packages/airflow/example_dags/example_params_trigger_ui.py
[2024-07-18T19:21:30.140+0200] {processor.py:830} INFO - Processing file /home/richonlinux/Documents/GitHub/AirflowTuto/venv/lib/python3.10/site-packages/airflow/example_dags/example_params_trigger_ui.py for tasks to queue
[2024-07-18T19:21:30.141+0200] {logging_mixin.py:188} INFO - [2024-07-18T19:21:30.141+0200] {dagbag.py:545} INFO - Filling up the DagBag from /home/richonlinux/Documents/GitHub/AirflowTuto/venv/lib/python3.10/site-packages/airflow/example_dags/example_params_trigger_ui.py
[2024-07-18T19:21:30.146+0200] {processor.py:840} INFO - DAG(s) 'example_params_trigger_ui' retrieved from /home/richonlinux/Documents/GitHub/AirflowTuto/venv/lib/python3.10/site-packages/airflow/example_dags/example_params_trigger_ui.py
[2024-07-18T19:21:30.170+0200] {logging_mixin.py:188} INFO - [2024-07-18T19:21:30.170+0200] {dag.py:3089} INFO - Sync 1 DAGs
[2024-07-18T19:21:30.177+0200] {logging_mixin.py:188} INFO - [2024-07-18T19:21:30.177+0200] {dag.py:3947} INFO - Setting next_dagrun for example_params_trigger_ui to None, run_after=None
[2024-07-18T19:21:30.190+0200] {processor.py:183} INFO - Processing /home/richonlinux/Documents/GitHub/AirflowTuto/venv/lib/python3.10/site-packages/airflow/example_dags/example_params_trigger_ui.py took 0.055 seconds
[2024-07-18T19:22:09.517+0200] {processor.py:161} INFO - Started process (PID=300140) to work on /home/richonlinux/Documents/GitHub/AirflowTuto/venv/lib/python3.10/site-packages/airflow/example_dags/example_params_trigger_ui.py
[2024-07-18T19:22:09.521+0200] {processor.py:830} INFO - Processing file /home/richonlinux/Documents/GitHub/AirflowTuto/venv/lib/python3.10/site-packages/airflow/example_dags/example_params_trigger_ui.py for tasks to queue
[2024-07-18T19:22:09.522+0200] {logging_mixin.py:188} INFO - [2024-07-18T19:22:09.522+0200] {dagbag.py:545} INFO - Filling up the DagBag from /home/richonlinux/Documents/GitHub/AirflowTuto/venv/lib/python3.10/site-packages/airflow/example_dags/example_params_trigger_ui.py
[2024-07-18T19:22:09.529+0200] {processor.py:840} INFO - DAG(s) 'example_params_trigger_ui' retrieved from /home/richonlinux/Documents/GitHub/AirflowTuto/venv/lib/python3.10/site-packages/airflow/example_dags/example_params_trigger_ui.py
[2024-07-18T19:22:09.555+0200] {logging_mixin.py:188} INFO - [2024-07-18T19:22:09.554+0200] {dag.py:3089} INFO - Sync 1 DAGs
[2024-07-18T19:22:09.561+0200] {logging_mixin.py:188} INFO - [2024-07-18T19:22:09.561+0200] {dag.py:3947} INFO - Setting next_dagrun for example_params_trigger_ui to None, run_after=None
[2024-07-18T19:22:09.574+0200] {processor.py:183} INFO - Processing /home/richonlinux/Documents/GitHub/AirflowTuto/venv/lib/python3.10/site-packages/airflow/example_dags/example_params_trigger_ui.py took 0.061 seconds
