[2024-07-18T18:16:55.181+0200] {processor.py:161} INFO - Started process (PID=258519) to work on /home/richonlinux/Documents/GitHub/AirflowTuto/venv/lib/python3.10/site-packages/airflow/example_dags/example_branch_day_of_week_operator.py
[2024-07-18T18:16:55.182+0200] {processor.py:830} INFO - Processing file /home/richonlinux/Documents/GitHub/AirflowTuto/venv/lib/python3.10/site-packages/airflow/example_dags/example_branch_day_of_week_operator.py for tasks to queue
[2024-07-18T18:16:55.184+0200] {logging_mixin.py:188} INFO - [2024-07-18T18:16:55.183+0200] {dagbag.py:545} INFO - Filling up the DagBag from /home/richonlinux/Documents/GitHub/AirflowTuto/venv/lib/python3.10/site-packages/airflow/example_dags/example_branch_day_of_week_operator.py
[2024-07-18T18:16:55.190+0200] {processor.py:840} INFO - DAG(s) 'example_weekday_branch_operator' retrieved from /home/richonlinux/Documents/GitHub/AirflowTuto/venv/lib/python3.10/site-packages/airflow/example_dags/example_branch_day_of_week_operator.py
[2024-07-18T18:16:55.248+0200] {logging_mixin.py:188} INFO - [2024-07-18T18:16:55.248+0200] {override.py:1858} INFO - Created Permission View: can edit on DAG:example_weekday_branch_operator
[2024-07-18T18:16:55.255+0200] {logging_mixin.py:188} INFO - [2024-07-18T18:16:55.255+0200] {override.py:1858} INFO - Created Permission View: can read on DAG:example_weekday_branch_operator
[2024-07-18T18:16:55.262+0200] {logging_mixin.py:188} INFO - [2024-07-18T18:16:55.262+0200] {override.py:1858} INFO - Created Permission View: can delete on DAG:example_weekday_branch_operator
[2024-07-18T18:16:55.263+0200] {logging_mixin.py:188} INFO - [2024-07-18T18:16:55.262+0200] {dag.py:3089} INFO - Sync 1 DAGs
[2024-07-18T18:16:55.268+0200] {logging_mixin.py:188} INFO - [2024-07-18T18:16:55.268+0200] {dag.py:3111} INFO - Creating ORM DAG for example_weekday_branch_operator
[2024-07-18T18:16:55.278+0200] {logging_mixin.py:188} INFO - [2024-07-18T18:16:55.278+0200] {dag.py:3947} INFO - Setting next_dagrun for example_weekday_branch_operator to 2024-07-17 00:00:00+00:00, run_after=2024-07-18 00:00:00+00:00
[2024-07-18T18:16:55.351+0200] {processor.py:183} INFO - Processing /home/richonlinux/Documents/GitHub/AirflowTuto/venv/lib/python3.10/site-packages/airflow/example_dags/example_branch_day_of_week_operator.py took 0.175 seconds
[2024-07-18T18:44:31.855+0200] {processor.py:161} INFO - Started process (PID=260573) to work on /home/richonlinux/Documents/GitHub/AirflowTuto/venv/lib/python3.10/site-packages/airflow/example_dags/example_branch_day_of_week_operator.py
[2024-07-18T18:44:31.856+0200] {processor.py:830} INFO - Processing file /home/richonlinux/Documents/GitHub/AirflowTuto/venv/lib/python3.10/site-packages/airflow/example_dags/example_branch_day_of_week_operator.py for tasks to queue
[2024-07-18T18:44:31.858+0200] {logging_mixin.py:188} INFO - [2024-07-18T18:44:31.858+0200] {dagbag.py:545} INFO - Filling up the DagBag from /home/richonlinux/Documents/GitHub/AirflowTuto/venv/lib/python3.10/site-packages/airflow/example_dags/example_branch_day_of_week_operator.py
[2024-07-18T18:44:31.863+0200] {processor.py:840} INFO - DAG(s) 'example_weekday_branch_operator' retrieved from /home/richonlinux/Documents/GitHub/AirflowTuto/venv/lib/python3.10/site-packages/airflow/example_dags/example_branch_day_of_week_operator.py
[2024-07-18T18:44:31.875+0200] {logging_mixin.py:188} INFO - [2024-07-18T18:44:31.874+0200] {dag.py:3089} INFO - Sync 1 DAGs
[2024-07-18T18:44:31.948+0200] {logging_mixin.py:188} INFO - [2024-07-18T18:44:31.948+0200] {dag.py:3947} INFO - Setting next_dagrun for example_weekday_branch_operator to 2024-07-17 00:00:00+00:00, run_after=2024-07-18 00:00:00+00:00
[2024-07-18T18:44:31.959+0200] {processor.py:183} INFO - Processing /home/richonlinux/Documents/GitHub/AirflowTuto/venv/lib/python3.10/site-packages/airflow/example_dags/example_branch_day_of_week_operator.py took 0.108 seconds
[2024-07-18T18:45:36.140+0200] {processor.py:161} INFO - Started process (PID=261808) to work on /home/richonlinux/Documents/GitHub/AirflowTuto/venv/lib/python3.10/site-packages/airflow/example_dags/example_branch_day_of_week_operator.py
[2024-07-18T18:45:36.140+0200] {processor.py:830} INFO - Processing file /home/richonlinux/Documents/GitHub/AirflowTuto/venv/lib/python3.10/site-packages/airflow/example_dags/example_branch_day_of_week_operator.py for tasks to queue
[2024-07-18T18:45:36.142+0200] {logging_mixin.py:188} INFO - [2024-07-18T18:45:36.141+0200] {dagbag.py:545} INFO - Filling up the DagBag from /home/richonlinux/Documents/GitHub/AirflowTuto/venv/lib/python3.10/site-packages/airflow/example_dags/example_branch_day_of_week_operator.py
[2024-07-18T18:45:36.147+0200] {processor.py:840} INFO - DAG(s) 'example_weekday_branch_operator' retrieved from /home/richonlinux/Documents/GitHub/AirflowTuto/venv/lib/python3.10/site-packages/airflow/example_dags/example_branch_day_of_week_operator.py
[2024-07-18T18:45:36.157+0200] {logging_mixin.py:188} INFO - [2024-07-18T18:45:36.157+0200] {dag.py:3089} INFO - Sync 1 DAGs
[2024-07-18T18:45:36.168+0200] {logging_mixin.py:188} INFO - [2024-07-18T18:45:36.168+0200] {dag.py:3947} INFO - Setting next_dagrun for example_weekday_branch_operator to 2024-07-17 00:00:00+00:00, run_after=2024-07-18 00:00:00+00:00
[2024-07-18T18:45:36.181+0200] {processor.py:183} INFO - Processing /home/richonlinux/Documents/GitHub/AirflowTuto/venv/lib/python3.10/site-packages/airflow/example_dags/example_branch_day_of_week_operator.py took 0.045 seconds
[2024-07-18T18:50:06.331+0200] {processor.py:161} INFO - Started process (PID=266991) to work on /home/richonlinux/Documents/GitHub/AirflowTuto/venv/lib/python3.10/site-packages/airflow/example_dags/example_branch_day_of_week_operator.py
[2024-07-18T18:50:06.332+0200] {processor.py:830} INFO - Processing file /home/richonlinux/Documents/GitHub/AirflowTuto/venv/lib/python3.10/site-packages/airflow/example_dags/example_branch_day_of_week_operator.py for tasks to queue
[2024-07-18T18:50:06.334+0200] {logging_mixin.py:188} INFO - [2024-07-18T18:50:06.333+0200] {dagbag.py:545} INFO - Filling up the DagBag from /home/richonlinux/Documents/GitHub/AirflowTuto/venv/lib/python3.10/site-packages/airflow/example_dags/example_branch_day_of_week_operator.py
[2024-07-18T18:50:06.339+0200] {processor.py:840} INFO - DAG(s) 'example_weekday_branch_operator' retrieved from /home/richonlinux/Documents/GitHub/AirflowTuto/venv/lib/python3.10/site-packages/airflow/example_dags/example_branch_day_of_week_operator.py
[2024-07-18T18:50:06.397+0200] {logging_mixin.py:188} INFO - [2024-07-18T18:50:06.397+0200] {dag.py:3089} INFO - Sync 1 DAGs
[2024-07-18T18:50:06.410+0200] {logging_mixin.py:188} INFO - [2024-07-18T18:50:06.410+0200] {dag.py:3947} INFO - Setting next_dagrun for example_weekday_branch_operator to 2024-07-17 00:00:00+00:00, run_after=2024-07-18 00:00:00+00:00
[2024-07-18T18:50:06.492+0200] {processor.py:183} INFO - Processing /home/richonlinux/Documents/GitHub/AirflowTuto/venv/lib/python3.10/site-packages/airflow/example_dags/example_branch_day_of_week_operator.py took 0.164 seconds
[2024-07-18T18:51:59.134+0200] {processor.py:161} INFO - Started process (PID=268880) to work on /home/richonlinux/Documents/GitHub/AirflowTuto/venv/lib/python3.10/site-packages/airflow/example_dags/example_branch_day_of_week_operator.py
[2024-07-18T18:51:59.135+0200] {processor.py:830} INFO - Processing file /home/richonlinux/Documents/GitHub/AirflowTuto/venv/lib/python3.10/site-packages/airflow/example_dags/example_branch_day_of_week_operator.py for tasks to queue
[2024-07-18T18:51:59.137+0200] {logging_mixin.py:188} INFO - [2024-07-18T18:51:59.136+0200] {dagbag.py:545} INFO - Filling up the DagBag from /home/richonlinux/Documents/GitHub/AirflowTuto/venv/lib/python3.10/site-packages/airflow/example_dags/example_branch_day_of_week_operator.py
[2024-07-18T18:51:59.142+0200] {processor.py:840} INFO - DAG(s) 'example_weekday_branch_operator' retrieved from /home/richonlinux/Documents/GitHub/AirflowTuto/venv/lib/python3.10/site-packages/airflow/example_dags/example_branch_day_of_week_operator.py
[2024-07-18T18:51:59.198+0200] {logging_mixin.py:188} INFO - [2024-07-18T18:51:59.197+0200] {dag.py:3089} INFO - Sync 1 DAGs
[2024-07-18T18:51:59.209+0200] {logging_mixin.py:188} INFO - [2024-07-18T18:51:59.209+0200] {dag.py:3947} INFO - Setting next_dagrun for example_weekday_branch_operator to 2024-07-17 00:00:00+00:00, run_after=2024-07-18 00:00:00+00:00
[2024-07-18T18:51:59.295+0200] {processor.py:183} INFO - Processing /home/richonlinux/Documents/GitHub/AirflowTuto/venv/lib/python3.10/site-packages/airflow/example_dags/example_branch_day_of_week_operator.py took 0.169 seconds
[2024-07-18T18:53:05.940+0200] {processor.py:161} INFO - Started process (PID=270480) to work on /home/richonlinux/Documents/GitHub/AirflowTuto/venv/lib/python3.10/site-packages/airflow/example_dags/example_branch_day_of_week_operator.py
[2024-07-18T18:53:05.944+0200] {processor.py:830} INFO - Processing file /home/richonlinux/Documents/GitHub/AirflowTuto/venv/lib/python3.10/site-packages/airflow/example_dags/example_branch_day_of_week_operator.py for tasks to queue
[2024-07-18T18:53:05.945+0200] {logging_mixin.py:188} INFO - [2024-07-18T18:53:05.945+0200] {dagbag.py:545} INFO - Filling up the DagBag from /home/richonlinux/Documents/GitHub/AirflowTuto/venv/lib/python3.10/site-packages/airflow/example_dags/example_branch_day_of_week_operator.py
[2024-07-18T18:53:05.950+0200] {processor.py:840} INFO - DAG(s) 'example_weekday_branch_operator' retrieved from /home/richonlinux/Documents/GitHub/AirflowTuto/venv/lib/python3.10/site-packages/airflow/example_dags/example_branch_day_of_week_operator.py
[2024-07-18T18:53:05.960+0200] {logging_mixin.py:188} INFO - [2024-07-18T18:53:05.959+0200] {dag.py:3089} INFO - Sync 1 DAGs
[2024-07-18T18:53:05.971+0200] {logging_mixin.py:188} INFO - [2024-07-18T18:53:05.971+0200] {dag.py:3947} INFO - Setting next_dagrun for example_weekday_branch_operator to 2024-07-17 00:00:00+00:00, run_after=2024-07-18 00:00:00+00:00
[2024-07-18T18:53:06.047+0200] {processor.py:183} INFO - Processing /home/richonlinux/Documents/GitHub/AirflowTuto/venv/lib/python3.10/site-packages/airflow/example_dags/example_branch_day_of_week_operator.py took 0.109 seconds
[2024-07-18T18:54:12.555+0200] {processor.py:161} INFO - Started process (PID=271968) to work on /home/richonlinux/Documents/GitHub/AirflowTuto/venv/lib/python3.10/site-packages/airflow/example_dags/example_branch_day_of_week_operator.py
[2024-07-18T18:54:12.559+0200] {processor.py:830} INFO - Processing file /home/richonlinux/Documents/GitHub/AirflowTuto/venv/lib/python3.10/site-packages/airflow/example_dags/example_branch_day_of_week_operator.py for tasks to queue
[2024-07-18T18:54:12.561+0200] {logging_mixin.py:188} INFO - [2024-07-18T18:54:12.560+0200] {dagbag.py:545} INFO - Filling up the DagBag from /home/richonlinux/Documents/GitHub/AirflowTuto/venv/lib/python3.10/site-packages/airflow/example_dags/example_branch_day_of_week_operator.py
[2024-07-18T18:54:12.568+0200] {processor.py:840} INFO - DAG(s) 'example_weekday_branch_operator' retrieved from /home/richonlinux/Documents/GitHub/AirflowTuto/venv/lib/python3.10/site-packages/airflow/example_dags/example_branch_day_of_week_operator.py
[2024-07-18T18:54:12.577+0200] {logging_mixin.py:188} INFO - [2024-07-18T18:54:12.577+0200] {dag.py:3089} INFO - Sync 1 DAGs
[2024-07-18T18:54:12.587+0200] {logging_mixin.py:188} INFO - [2024-07-18T18:54:12.587+0200] {dag.py:3947} INFO - Setting next_dagrun for example_weekday_branch_operator to 2024-07-17 00:00:00+00:00, run_after=2024-07-18 00:00:00+00:00
[2024-07-18T18:54:12.599+0200] {processor.py:183} INFO - Processing /home/richonlinux/Documents/GitHub/AirflowTuto/venv/lib/python3.10/site-packages/airflow/example_dags/example_branch_day_of_week_operator.py took 0.054 seconds
[2024-07-18T18:55:14.274+0200] {processor.py:161} INFO - Started process (PID=272964) to work on /home/richonlinux/Documents/GitHub/AirflowTuto/venv/lib/python3.10/site-packages/airflow/example_dags/example_branch_day_of_week_operator.py
[2024-07-18T18:55:14.275+0200] {processor.py:830} INFO - Processing file /home/richonlinux/Documents/GitHub/AirflowTuto/venv/lib/python3.10/site-packages/airflow/example_dags/example_branch_day_of_week_operator.py for tasks to queue
[2024-07-18T18:55:14.277+0200] {logging_mixin.py:188} INFO - [2024-07-18T18:55:14.277+0200] {dagbag.py:545} INFO - Filling up the DagBag from /home/richonlinux/Documents/GitHub/AirflowTuto/venv/lib/python3.10/site-packages/airflow/example_dags/example_branch_day_of_week_operator.py
[2024-07-18T18:55:14.283+0200] {processor.py:840} INFO - DAG(s) 'example_weekday_branch_operator' retrieved from /home/richonlinux/Documents/GitHub/AirflowTuto/venv/lib/python3.10/site-packages/airflow/example_dags/example_branch_day_of_week_operator.py
[2024-07-18T18:55:14.292+0200] {logging_mixin.py:188} INFO - [2024-07-18T18:55:14.292+0200] {dag.py:3089} INFO - Sync 1 DAGs
[2024-07-18T18:55:14.302+0200] {logging_mixin.py:188} INFO - [2024-07-18T18:55:14.301+0200] {dag.py:3947} INFO - Setting next_dagrun for example_weekday_branch_operator to 2024-07-17 00:00:00+00:00, run_after=2024-07-18 00:00:00+00:00
[2024-07-18T18:55:14.314+0200] {processor.py:183} INFO - Processing /home/richonlinux/Documents/GitHub/AirflowTuto/venv/lib/python3.10/site-packages/airflow/example_dags/example_branch_day_of_week_operator.py took 0.048 seconds
[2024-07-18T18:56:11.263+0200] {processor.py:161} INFO - Started process (PID=273881) to work on /home/richonlinux/Documents/GitHub/AirflowTuto/venv/lib/python3.10/site-packages/airflow/example_dags/example_branch_day_of_week_operator.py
[2024-07-18T18:56:11.265+0200] {processor.py:830} INFO - Processing file /home/richonlinux/Documents/GitHub/AirflowTuto/venv/lib/python3.10/site-packages/airflow/example_dags/example_branch_day_of_week_operator.py for tasks to queue
[2024-07-18T18:56:11.266+0200] {logging_mixin.py:188} INFO - [2024-07-18T18:56:11.266+0200] {dagbag.py:545} INFO - Filling up the DagBag from /home/richonlinux/Documents/GitHub/AirflowTuto/venv/lib/python3.10/site-packages/airflow/example_dags/example_branch_day_of_week_operator.py
[2024-07-18T18:56:11.271+0200] {processor.py:840} INFO - DAG(s) 'example_weekday_branch_operator' retrieved from /home/richonlinux/Documents/GitHub/AirflowTuto/venv/lib/python3.10/site-packages/airflow/example_dags/example_branch_day_of_week_operator.py
[2024-07-18T18:56:11.280+0200] {logging_mixin.py:188} INFO - [2024-07-18T18:56:11.280+0200] {dag.py:3089} INFO - Sync 1 DAGs
[2024-07-18T18:56:11.291+0200] {logging_mixin.py:188} INFO - [2024-07-18T18:56:11.291+0200] {dag.py:3947} INFO - Setting next_dagrun for example_weekday_branch_operator to 2024-07-17 00:00:00+00:00, run_after=2024-07-18 00:00:00+00:00
[2024-07-18T18:56:11.303+0200] {processor.py:183} INFO - Processing /home/richonlinux/Documents/GitHub/AirflowTuto/venv/lib/python3.10/site-packages/airflow/example_dags/example_branch_day_of_week_operator.py took 0.049 seconds
[2024-07-18T18:57:08.706+0200] {processor.py:161} INFO - Started process (PID=274932) to work on /home/richonlinux/Documents/GitHub/AirflowTuto/venv/lib/python3.10/site-packages/airflow/example_dags/example_branch_day_of_week_operator.py
[2024-07-18T18:57:08.708+0200] {processor.py:830} INFO - Processing file /home/richonlinux/Documents/GitHub/AirflowTuto/venv/lib/python3.10/site-packages/airflow/example_dags/example_branch_day_of_week_operator.py for tasks to queue
[2024-07-18T18:57:08.710+0200] {logging_mixin.py:188} INFO - [2024-07-18T18:57:08.709+0200] {dagbag.py:545} INFO - Filling up the DagBag from /home/richonlinux/Documents/GitHub/AirflowTuto/venv/lib/python3.10/site-packages/airflow/example_dags/example_branch_day_of_week_operator.py
[2024-07-18T18:57:08.716+0200] {processor.py:840} INFO - DAG(s) 'example_weekday_branch_operator' retrieved from /home/richonlinux/Documents/GitHub/AirflowTuto/venv/lib/python3.10/site-packages/airflow/example_dags/example_branch_day_of_week_operator.py
[2024-07-18T18:57:08.724+0200] {logging_mixin.py:188} INFO - [2024-07-18T18:57:08.724+0200] {dag.py:3089} INFO - Sync 1 DAGs
[2024-07-18T18:57:08.735+0200] {logging_mixin.py:188} INFO - [2024-07-18T18:57:08.735+0200] {dag.py:3947} INFO - Setting next_dagrun for example_weekday_branch_operator to 2024-07-17 00:00:00+00:00, run_after=2024-07-18 00:00:00+00:00
[2024-07-18T18:57:08.747+0200] {processor.py:183} INFO - Processing /home/richonlinux/Documents/GitHub/AirflowTuto/venv/lib/python3.10/site-packages/airflow/example_dags/example_branch_day_of_week_operator.py took 0.049 seconds
[2024-07-18T18:58:08.160+0200] {processor.py:161} INFO - Started process (PID=275861) to work on /home/richonlinux/Documents/GitHub/AirflowTuto/venv/lib/python3.10/site-packages/airflow/example_dags/example_branch_day_of_week_operator.py
[2024-07-18T18:58:08.162+0200] {processor.py:830} INFO - Processing file /home/richonlinux/Documents/GitHub/AirflowTuto/venv/lib/python3.10/site-packages/airflow/example_dags/example_branch_day_of_week_operator.py for tasks to queue
[2024-07-18T18:58:08.163+0200] {logging_mixin.py:188} INFO - [2024-07-18T18:58:08.163+0200] {dagbag.py:545} INFO - Filling up the DagBag from /home/richonlinux/Documents/GitHub/AirflowTuto/venv/lib/python3.10/site-packages/airflow/example_dags/example_branch_day_of_week_operator.py
[2024-07-18T18:58:08.169+0200] {processor.py:840} INFO - DAG(s) 'example_weekday_branch_operator' retrieved from /home/richonlinux/Documents/GitHub/AirflowTuto/venv/lib/python3.10/site-packages/airflow/example_dags/example_branch_day_of_week_operator.py
[2024-07-18T18:58:08.177+0200] {logging_mixin.py:188} INFO - [2024-07-18T18:58:08.177+0200] {dag.py:3089} INFO - Sync 1 DAGs
[2024-07-18T18:58:08.187+0200] {logging_mixin.py:188} INFO - [2024-07-18T18:58:08.187+0200] {dag.py:3947} INFO - Setting next_dagrun for example_weekday_branch_operator to 2024-07-17 00:00:00+00:00, run_after=2024-07-18 00:00:00+00:00
[2024-07-18T18:58:08.200+0200] {processor.py:183} INFO - Processing /home/richonlinux/Documents/GitHub/AirflowTuto/venv/lib/python3.10/site-packages/airflow/example_dags/example_branch_day_of_week_operator.py took 0.046 seconds
[2024-07-18T18:59:09.758+0200] {processor.py:161} INFO - Started process (PID=276946) to work on /home/richonlinux/Documents/GitHub/AirflowTuto/venv/lib/python3.10/site-packages/airflow/example_dags/example_branch_day_of_week_operator.py
[2024-07-18T18:59:09.761+0200] {processor.py:830} INFO - Processing file /home/richonlinux/Documents/GitHub/AirflowTuto/venv/lib/python3.10/site-packages/airflow/example_dags/example_branch_day_of_week_operator.py for tasks to queue
[2024-07-18T18:59:09.763+0200] {logging_mixin.py:188} INFO - [2024-07-18T18:59:09.762+0200] {dagbag.py:545} INFO - Filling up the DagBag from /home/richonlinux/Documents/GitHub/AirflowTuto/venv/lib/python3.10/site-packages/airflow/example_dags/example_branch_day_of_week_operator.py
[2024-07-18T18:59:09.770+0200] {processor.py:840} INFO - DAG(s) 'example_weekday_branch_operator' retrieved from /home/richonlinux/Documents/GitHub/AirflowTuto/venv/lib/python3.10/site-packages/airflow/example_dags/example_branch_day_of_week_operator.py
[2024-07-18T18:59:09.779+0200] {logging_mixin.py:188} INFO - [2024-07-18T18:59:09.779+0200] {dag.py:3089} INFO - Sync 1 DAGs
[2024-07-18T18:59:09.789+0200] {logging_mixin.py:188} INFO - [2024-07-18T18:59:09.789+0200] {dag.py:3947} INFO - Setting next_dagrun for example_weekday_branch_operator to 2024-07-17 00:00:00+00:00, run_after=2024-07-18 00:00:00+00:00
[2024-07-18T18:59:09.802+0200] {processor.py:183} INFO - Processing /home/richonlinux/Documents/GitHub/AirflowTuto/venv/lib/python3.10/site-packages/airflow/example_dags/example_branch_day_of_week_operator.py took 0.047 seconds
