[2024-07-18T18:16:05.975+0200] {processor.py:161} INFO - Started process (PID=257653) to work on /home/richonlinux/Documents/GitHub/AirflowTuto/venv/lib/python3.10/site-packages/airflow/example_dags/example_complex.py
[2024-07-18T18:16:05.976+0200] {processor.py:830} INFO - Processing file /home/richonlinux/Documents/GitHub/AirflowTuto/venv/lib/python3.10/site-packages/airflow/example_dags/example_complex.py for tasks to queue
[2024-07-18T18:16:05.977+0200] {logging_mixin.py:188} INFO - [2024-07-18T18:16:05.977+0200] {dagbag.py:545} INFO - Filling up the DagBag from /home/richonlinux/Documents/GitHub/AirflowTuto/venv/lib/python3.10/site-packages/airflow/example_dags/example_complex.py
[2024-07-18T18:16:05.986+0200] {processor.py:840} INFO - DAG(s) 'example_complex' retrieved from /home/richonlinux/Documents/GitHub/AirflowTuto/venv/lib/python3.10/site-packages/airflow/example_dags/example_complex.py
[2024-07-18T18:16:06.081+0200] {logging_mixin.py:188} INFO - [2024-07-18T18:16:06.080+0200] {override.py:1858} INFO - Created Permission View: can edit on DAG:example_complex
[2024-07-18T18:16:06.089+0200] {logging_mixin.py:188} INFO - [2024-07-18T18:16:06.089+0200] {override.py:1858} INFO - Created Permission View: can read on DAG:example_complex
[2024-07-18T18:16:06.095+0200] {logging_mixin.py:188} INFO - [2024-07-18T18:16:06.095+0200] {override.py:1858} INFO - Created Permission View: can delete on DAG:example_complex
[2024-07-18T18:16:06.095+0200] {logging_mixin.py:188} INFO - [2024-07-18T18:16:06.095+0200] {dag.py:3089} INFO - Sync 1 DAGs
[2024-07-18T18:16:06.102+0200] {logging_mixin.py:188} INFO - [2024-07-18T18:16:06.102+0200] {dag.py:3111} INFO - Creating ORM DAG for example_complex
[2024-07-18T18:16:06.102+0200] {logging_mixin.py:188} INFO - [2024-07-18T18:16:06.102+0200] {dag.py:3947} INFO - Setting next_dagrun for example_complex to None, run_after=None
[2024-07-18T18:16:06.139+0200] {processor.py:183} INFO - Processing /home/richonlinux/Documents/GitHub/AirflowTuto/venv/lib/python3.10/site-packages/airflow/example_dags/example_complex.py took 0.166 seconds
[2024-07-18T18:17:01.084+0200] {processor.py:161} INFO - Started process (PID=258599) to work on /home/richonlinux/Documents/GitHub/AirflowTuto/venv/lib/python3.10/site-packages/airflow/example_dags/example_complex.py
[2024-07-18T18:17:01.088+0200] {processor.py:830} INFO - Processing file /home/richonlinux/Documents/GitHub/AirflowTuto/venv/lib/python3.10/site-packages/airflow/example_dags/example_complex.py for tasks to queue
[2024-07-18T18:17:01.089+0200] {logging_mixin.py:188} INFO - [2024-07-18T18:17:01.088+0200] {dagbag.py:545} INFO - Filling up the DagBag from /home/richonlinux/Documents/GitHub/AirflowTuto/venv/lib/python3.10/site-packages/airflow/example_dags/example_complex.py
[2024-07-18T18:17:01.095+0200] {processor.py:840} INFO - DAG(s) 'example_complex' retrieved from /home/richonlinux/Documents/GitHub/AirflowTuto/venv/lib/python3.10/site-packages/airflow/example_dags/example_complex.py
[2024-07-18T18:17:01.109+0200] {logging_mixin.py:188} INFO - [2024-07-18T18:17:01.109+0200] {dag.py:3089} INFO - Sync 1 DAGs
[2024-07-18T18:17:01.115+0200] {logging_mixin.py:188} INFO - [2024-07-18T18:17:01.115+0200] {dag.py:3947} INFO - Setting next_dagrun for example_complex to None, run_after=None
[2024-07-18T18:17:01.128+0200] {processor.py:183} INFO - Processing /home/richonlinux/Documents/GitHub/AirflowTuto/venv/lib/python3.10/site-packages/airflow/example_dags/example_complex.py took 0.048 seconds
[2024-07-18T18:43:49.419+0200] {processor.py:161} INFO - Started process (PID=259675) to work on /home/richonlinux/Documents/GitHub/AirflowTuto/venv/lib/python3.10/site-packages/airflow/example_dags/example_complex.py
[2024-07-18T18:43:49.420+0200] {processor.py:830} INFO - Processing file /home/richonlinux/Documents/GitHub/AirflowTuto/venv/lib/python3.10/site-packages/airflow/example_dags/example_complex.py for tasks to queue
[2024-07-18T18:43:49.421+0200] {logging_mixin.py:188} INFO - [2024-07-18T18:43:49.420+0200] {dagbag.py:545} INFO - Filling up the DagBag from /home/richonlinux/Documents/GitHub/AirflowTuto/venv/lib/python3.10/site-packages/airflow/example_dags/example_complex.py
[2024-07-18T18:43:49.426+0200] {processor.py:840} INFO - DAG(s) 'example_complex' retrieved from /home/richonlinux/Documents/GitHub/AirflowTuto/venv/lib/python3.10/site-packages/airflow/example_dags/example_complex.py
[2024-07-18T18:43:49.440+0200] {logging_mixin.py:188} INFO - [2024-07-18T18:43:49.439+0200] {dag.py:3089} INFO - Sync 1 DAGs
[2024-07-18T18:43:49.445+0200] {logging_mixin.py:188} INFO - [2024-07-18T18:43:49.445+0200] {dag.py:3947} INFO - Setting next_dagrun for example_complex to None, run_after=None
[2024-07-18T18:43:49.460+0200] {processor.py:183} INFO - Processing /home/richonlinux/Documents/GitHub/AirflowTuto/venv/lib/python3.10/site-packages/airflow/example_dags/example_complex.py took 0.045 seconds
[2024-07-18T18:44:37.098+0200] {processor.py:161} INFO - Started process (PID=260727) to work on /home/richonlinux/Documents/GitHub/AirflowTuto/venv/lib/python3.10/site-packages/airflow/example_dags/example_complex.py
[2024-07-18T18:44:37.100+0200] {processor.py:830} INFO - Processing file /home/richonlinux/Documents/GitHub/AirflowTuto/venv/lib/python3.10/site-packages/airflow/example_dags/example_complex.py for tasks to queue
[2024-07-18T18:44:37.101+0200] {logging_mixin.py:188} INFO - [2024-07-18T18:44:37.101+0200] {dagbag.py:545} INFO - Filling up the DagBag from /home/richonlinux/Documents/GitHub/AirflowTuto/venv/lib/python3.10/site-packages/airflow/example_dags/example_complex.py
[2024-07-18T18:44:37.109+0200] {processor.py:840} INFO - DAG(s) 'example_complex' retrieved from /home/richonlinux/Documents/GitHub/AirflowTuto/venv/lib/python3.10/site-packages/airflow/example_dags/example_complex.py
[2024-07-18T18:44:37.177+0200] {logging_mixin.py:188} INFO - [2024-07-18T18:44:37.177+0200] {dag.py:3089} INFO - Sync 1 DAGs
[2024-07-18T18:44:37.182+0200] {logging_mixin.py:188} INFO - [2024-07-18T18:44:37.182+0200] {dag.py:3947} INFO - Setting next_dagrun for example_complex to None, run_after=None
[2024-07-18T18:44:37.194+0200] {processor.py:183} INFO - Processing /home/richonlinux/Documents/GitHub/AirflowTuto/venv/lib/python3.10/site-packages/airflow/example_dags/example_complex.py took 0.105 seconds
[2024-07-18T18:45:22.001+0200] {processor.py:161} INFO - Started process (PID=261585) to work on /home/richonlinux/Documents/GitHub/AirflowTuto/venv/lib/python3.10/site-packages/airflow/example_dags/example_complex.py
[2024-07-18T18:45:22.001+0200] {processor.py:830} INFO - Processing file /home/richonlinux/Documents/GitHub/AirflowTuto/venv/lib/python3.10/site-packages/airflow/example_dags/example_complex.py for tasks to queue
[2024-07-18T18:45:22.003+0200] {logging_mixin.py:188} INFO - [2024-07-18T18:45:22.003+0200] {dagbag.py:545} INFO - Filling up the DagBag from /home/richonlinux/Documents/GitHub/AirflowTuto/venv/lib/python3.10/site-packages/airflow/example_dags/example_complex.py
[2024-07-18T18:45:22.013+0200] {processor.py:840} INFO - DAG(s) 'example_complex' retrieved from /home/richonlinux/Documents/GitHub/AirflowTuto/venv/lib/python3.10/site-packages/airflow/example_dags/example_complex.py
[2024-07-18T18:45:22.038+0200] {logging_mixin.py:188} INFO - [2024-07-18T18:45:22.038+0200] {dag.py:3089} INFO - Sync 1 DAGs
[2024-07-18T18:45:22.049+0200] {logging_mixin.py:188} INFO - [2024-07-18T18:45:22.049+0200] {dag.py:3947} INFO - Setting next_dagrun for example_complex to None, run_after=None
[2024-07-18T18:45:22.063+0200] {processor.py:183} INFO - Processing /home/richonlinux/Documents/GitHub/AirflowTuto/venv/lib/python3.10/site-packages/airflow/example_dags/example_complex.py took 0.067 seconds
[2024-07-18T18:45:59.546+0200] {processor.py:161} INFO - Started process (PID=262446) to work on /home/richonlinux/Documents/GitHub/AirflowTuto/venv/lib/python3.10/site-packages/airflow/example_dags/example_complex.py
[2024-07-18T18:45:59.547+0200] {processor.py:830} INFO - Processing file /home/richonlinux/Documents/GitHub/AirflowTuto/venv/lib/python3.10/site-packages/airflow/example_dags/example_complex.py for tasks to queue
[2024-07-18T18:45:59.548+0200] {logging_mixin.py:188} INFO - [2024-07-18T18:45:59.547+0200] {dagbag.py:545} INFO - Filling up the DagBag from /home/richonlinux/Documents/GitHub/AirflowTuto/venv/lib/python3.10/site-packages/airflow/example_dags/example_complex.py
[2024-07-18T18:45:59.554+0200] {processor.py:840} INFO - DAG(s) 'example_complex' retrieved from /home/richonlinux/Documents/GitHub/AirflowTuto/venv/lib/python3.10/site-packages/airflow/example_dags/example_complex.py
[2024-07-18T18:45:59.570+0200] {logging_mixin.py:188} INFO - [2024-07-18T18:45:59.569+0200] {dag.py:3089} INFO - Sync 1 DAGs
[2024-07-18T18:45:59.576+0200] {logging_mixin.py:188} INFO - [2024-07-18T18:45:59.576+0200] {dag.py:3947} INFO - Setting next_dagrun for example_complex to None, run_after=None
[2024-07-18T18:45:59.590+0200] {processor.py:183} INFO - Processing /home/richonlinux/Documents/GitHub/AirflowTuto/venv/lib/python3.10/site-packages/airflow/example_dags/example_complex.py took 0.048 seconds
[2024-07-18T18:49:22.127+0200] {processor.py:161} INFO - Started process (PID=265850) to work on /home/richonlinux/Documents/GitHub/AirflowTuto/venv/lib/python3.10/site-packages/airflow/example_dags/example_complex.py
[2024-07-18T18:49:22.128+0200] {processor.py:830} INFO - Processing file /home/richonlinux/Documents/GitHub/AirflowTuto/venv/lib/python3.10/site-packages/airflow/example_dags/example_complex.py for tasks to queue
[2024-07-18T18:49:22.129+0200] {logging_mixin.py:188} INFO - [2024-07-18T18:49:22.129+0200] {dagbag.py:545} INFO - Filling up the DagBag from /home/richonlinux/Documents/GitHub/AirflowTuto/venv/lib/python3.10/site-packages/airflow/example_dags/example_complex.py
[2024-07-18T18:49:22.144+0200] {processor.py:840} INFO - DAG(s) 'example_complex' retrieved from /home/richonlinux/Documents/GitHub/AirflowTuto/venv/lib/python3.10/site-packages/airflow/example_dags/example_complex.py
[2024-07-18T18:49:22.149+0200] {logging_mixin.py:188} INFO - [2024-07-18T18:49:22.149+0200] {dag.py:3089} INFO - Sync 1 DAGs
[2024-07-18T18:49:22.159+0200] {logging_mixin.py:188} INFO - [2024-07-18T18:49:22.159+0200] {dag.py:3947} INFO - Setting next_dagrun for example_complex to None, run_after=None
[2024-07-18T18:49:22.174+0200] {processor.py:183} INFO - Processing /home/richonlinux/Documents/GitHub/AirflowTuto/venv/lib/python3.10/site-packages/airflow/example_dags/example_complex.py took 0.050 seconds
[2024-07-18T18:51:15.490+0200] {processor.py:161} INFO - Started process (PID=268138) to work on /home/richonlinux/Documents/GitHub/AirflowTuto/venv/lib/python3.10/site-packages/airflow/example_dags/example_complex.py
[2024-07-18T18:51:15.494+0200] {processor.py:830} INFO - Processing file /home/richonlinux/Documents/GitHub/AirflowTuto/venv/lib/python3.10/site-packages/airflow/example_dags/example_complex.py for tasks to queue
[2024-07-18T18:51:15.494+0200] {logging_mixin.py:188} INFO - [2024-07-18T18:51:15.494+0200] {dagbag.py:545} INFO - Filling up the DagBag from /home/richonlinux/Documents/GitHub/AirflowTuto/venv/lib/python3.10/site-packages/airflow/example_dags/example_complex.py
[2024-07-18T18:51:15.503+0200] {processor.py:840} INFO - DAG(s) 'example_complex' retrieved from /home/richonlinux/Documents/GitHub/AirflowTuto/venv/lib/python3.10/site-packages/airflow/example_dags/example_complex.py
[2024-07-18T18:51:15.507+0200] {logging_mixin.py:188} INFO - [2024-07-18T18:51:15.507+0200] {dag.py:3089} INFO - Sync 1 DAGs
[2024-07-18T18:51:15.513+0200] {logging_mixin.py:188} INFO - [2024-07-18T18:51:15.513+0200] {dag.py:3947} INFO - Setting next_dagrun for example_complex to None, run_after=None
[2024-07-18T18:51:15.525+0200] {processor.py:183} INFO - Processing /home/richonlinux/Documents/GitHub/AirflowTuto/venv/lib/python3.10/site-packages/airflow/example_dags/example_complex.py took 0.038 seconds
[2024-07-18T18:52:04.143+0200] {processor.py:161} INFO - Started process (PID=268976) to work on /home/richonlinux/Documents/GitHub/AirflowTuto/venv/lib/python3.10/site-packages/airflow/example_dags/example_complex.py
[2024-07-18T18:52:04.147+0200] {processor.py:830} INFO - Processing file /home/richonlinux/Documents/GitHub/AirflowTuto/venv/lib/python3.10/site-packages/airflow/example_dags/example_complex.py for tasks to queue
[2024-07-18T18:52:04.148+0200] {logging_mixin.py:188} INFO - [2024-07-18T18:52:04.148+0200] {dagbag.py:545} INFO - Filling up the DagBag from /home/richonlinux/Documents/GitHub/AirflowTuto/venv/lib/python3.10/site-packages/airflow/example_dags/example_complex.py
[2024-07-18T18:52:04.155+0200] {processor.py:840} INFO - DAG(s) 'example_complex' retrieved from /home/richonlinux/Documents/GitHub/AirflowTuto/venv/lib/python3.10/site-packages/airflow/example_dags/example_complex.py
[2024-07-18T18:52:04.217+0200] {logging_mixin.py:188} INFO - [2024-07-18T18:52:04.217+0200] {dag.py:3089} INFO - Sync 1 DAGs
[2024-07-18T18:52:04.289+0200] {logging_mixin.py:188} INFO - [2024-07-18T18:52:04.289+0200] {dag.py:3947} INFO - Setting next_dagrun for example_complex to None, run_after=None
[2024-07-18T18:52:04.304+0200] {processor.py:183} INFO - Processing /home/richonlinux/Documents/GitHub/AirflowTuto/venv/lib/python3.10/site-packages/airflow/example_dags/example_complex.py took 0.168 seconds
[2024-07-18T18:52:47.320+0200] {processor.py:161} INFO - Started process (PID=270011) to work on /home/richonlinux/Documents/GitHub/AirflowTuto/venv/lib/python3.10/site-packages/airflow/example_dags/example_complex.py
[2024-07-18T18:52:47.321+0200] {processor.py:830} INFO - Processing file /home/richonlinux/Documents/GitHub/AirflowTuto/venv/lib/python3.10/site-packages/airflow/example_dags/example_complex.py for tasks to queue
[2024-07-18T18:52:47.322+0200] {logging_mixin.py:188} INFO - [2024-07-18T18:52:47.322+0200] {dagbag.py:545} INFO - Filling up the DagBag from /home/richonlinux/Documents/GitHub/AirflowTuto/venv/lib/python3.10/site-packages/airflow/example_dags/example_complex.py
[2024-07-18T18:52:47.329+0200] {processor.py:840} INFO - DAG(s) 'example_complex' retrieved from /home/richonlinux/Documents/GitHub/AirflowTuto/venv/lib/python3.10/site-packages/airflow/example_dags/example_complex.py
[2024-07-18T18:52:47.345+0200] {logging_mixin.py:188} INFO - [2024-07-18T18:52:47.345+0200] {dag.py:3089} INFO - Sync 1 DAGs
[2024-07-18T18:52:47.352+0200] {logging_mixin.py:188} INFO - [2024-07-18T18:52:47.352+0200] {dag.py:3947} INFO - Setting next_dagrun for example_complex to None, run_after=None
[2024-07-18T18:52:47.366+0200] {processor.py:183} INFO - Processing /home/richonlinux/Documents/GitHub/AirflowTuto/venv/lib/python3.10/site-packages/airflow/example_dags/example_complex.py took 0.052 seconds
[2024-07-18T18:53:33.195+0200] {processor.py:161} INFO - Started process (PID=271295) to work on /home/richonlinux/Documents/GitHub/AirflowTuto/venv/lib/python3.10/site-packages/airflow/example_dags/example_complex.py
[2024-07-18T18:53:33.196+0200] {processor.py:830} INFO - Processing file /home/richonlinux/Documents/GitHub/AirflowTuto/venv/lib/python3.10/site-packages/airflow/example_dags/example_complex.py for tasks to queue
[2024-07-18T18:53:33.197+0200] {logging_mixin.py:188} INFO - [2024-07-18T18:53:33.197+0200] {dagbag.py:545} INFO - Filling up the DagBag from /home/richonlinux/Documents/GitHub/AirflowTuto/venv/lib/python3.10/site-packages/airflow/example_dags/example_complex.py
[2024-07-18T18:53:33.204+0200] {processor.py:840} INFO - DAG(s) 'example_complex' retrieved from /home/richonlinux/Documents/GitHub/AirflowTuto/venv/lib/python3.10/site-packages/airflow/example_dags/example_complex.py
[2024-07-18T18:53:33.223+0200] {logging_mixin.py:188} INFO - [2024-07-18T18:53:33.223+0200] {dag.py:3089} INFO - Sync 1 DAGs
[2024-07-18T18:53:33.310+0200] {logging_mixin.py:188} INFO - [2024-07-18T18:53:33.310+0200] {dag.py:3947} INFO - Setting next_dagrun for example_complex to None, run_after=None
[2024-07-18T18:53:33.328+0200] {processor.py:183} INFO - Processing /home/richonlinux/Documents/GitHub/AirflowTuto/venv/lib/python3.10/site-packages/airflow/example_dags/example_complex.py took 0.136 seconds
[2024-07-18T18:54:17.399+0200] {processor.py:161} INFO - Started process (PID=272117) to work on /home/richonlinux/Documents/GitHub/AirflowTuto/venv/lib/python3.10/site-packages/airflow/example_dags/example_complex.py
[2024-07-18T18:54:17.400+0200] {processor.py:830} INFO - Processing file /home/richonlinux/Documents/GitHub/AirflowTuto/venv/lib/python3.10/site-packages/airflow/example_dags/example_complex.py for tasks to queue
[2024-07-18T18:54:17.402+0200] {logging_mixin.py:188} INFO - [2024-07-18T18:54:17.401+0200] {dagbag.py:545} INFO - Filling up the DagBag from /home/richonlinux/Documents/GitHub/AirflowTuto/venv/lib/python3.10/site-packages/airflow/example_dags/example_complex.py
[2024-07-18T18:54:17.409+0200] {processor.py:840} INFO - DAG(s) 'example_complex' retrieved from /home/richonlinux/Documents/GitHub/AirflowTuto/venv/lib/python3.10/site-packages/airflow/example_dags/example_complex.py
[2024-07-18T18:54:17.424+0200] {logging_mixin.py:188} INFO - [2024-07-18T18:54:17.424+0200] {dag.py:3089} INFO - Sync 1 DAGs
[2024-07-18T18:54:17.430+0200] {logging_mixin.py:188} INFO - [2024-07-18T18:54:17.430+0200] {dag.py:3947} INFO - Setting next_dagrun for example_complex to None, run_after=None
[2024-07-18T18:54:17.443+0200] {processor.py:183} INFO - Processing /home/richonlinux/Documents/GitHub/AirflowTuto/venv/lib/python3.10/site-packages/airflow/example_dags/example_complex.py took 0.053 seconds
[2024-07-18T18:55:00.304+0200] {processor.py:161} INFO - Started process (PID=272757) to work on /home/richonlinux/Documents/GitHub/AirflowTuto/venv/lib/python3.10/site-packages/airflow/example_dags/example_complex.py
[2024-07-18T18:55:00.308+0200] {processor.py:830} INFO - Processing file /home/richonlinux/Documents/GitHub/AirflowTuto/venv/lib/python3.10/site-packages/airflow/example_dags/example_complex.py for tasks to queue
[2024-07-18T18:55:00.310+0200] {logging_mixin.py:188} INFO - [2024-07-18T18:55:00.310+0200] {dagbag.py:545} INFO - Filling up the DagBag from /home/richonlinux/Documents/GitHub/AirflowTuto/venv/lib/python3.10/site-packages/airflow/example_dags/example_complex.py
[2024-07-18T18:55:00.320+0200] {processor.py:840} INFO - DAG(s) 'example_complex' retrieved from /home/richonlinux/Documents/GitHub/AirflowTuto/venv/lib/python3.10/site-packages/airflow/example_dags/example_complex.py
[2024-07-18T18:55:00.334+0200] {logging_mixin.py:188} INFO - [2024-07-18T18:55:00.334+0200] {dag.py:3089} INFO - Sync 1 DAGs
[2024-07-18T18:55:00.339+0200] {logging_mixin.py:188} INFO - [2024-07-18T18:55:00.339+0200] {dag.py:3947} INFO - Setting next_dagrun for example_complex to None, run_after=None
[2024-07-18T18:55:00.351+0200] {processor.py:183} INFO - Processing /home/richonlinux/Documents/GitHub/AirflowTuto/venv/lib/python3.10/site-packages/airflow/example_dags/example_complex.py took 0.053 seconds
[2024-07-18T18:55:36.035+0200] {processor.py:161} INFO - Started process (PID=273335) to work on /home/richonlinux/Documents/GitHub/AirflowTuto/venv/lib/python3.10/site-packages/airflow/example_dags/example_complex.py
[2024-07-18T18:55:36.036+0200] {processor.py:830} INFO - Processing file /home/richonlinux/Documents/GitHub/AirflowTuto/venv/lib/python3.10/site-packages/airflow/example_dags/example_complex.py for tasks to queue
[2024-07-18T18:55:36.038+0200] {logging_mixin.py:188} INFO - [2024-07-18T18:55:36.038+0200] {dagbag.py:545} INFO - Filling up the DagBag from /home/richonlinux/Documents/GitHub/AirflowTuto/venv/lib/python3.10/site-packages/airflow/example_dags/example_complex.py
[2024-07-18T18:55:36.047+0200] {processor.py:840} INFO - DAG(s) 'example_complex' retrieved from /home/richonlinux/Documents/GitHub/AirflowTuto/venv/lib/python3.10/site-packages/airflow/example_dags/example_complex.py
[2024-07-18T18:55:36.061+0200] {logging_mixin.py:188} INFO - [2024-07-18T18:55:36.061+0200] {dag.py:3089} INFO - Sync 1 DAGs
[2024-07-18T18:55:36.067+0200] {logging_mixin.py:188} INFO - [2024-07-18T18:55:36.067+0200] {dag.py:3947} INFO - Setting next_dagrun for example_complex to None, run_after=None
[2024-07-18T18:55:36.079+0200] {processor.py:183} INFO - Processing /home/richonlinux/Documents/GitHub/AirflowTuto/venv/lib/python3.10/site-packages/airflow/example_dags/example_complex.py took 0.049 seconds
[2024-07-18T18:56:14.745+0200] {processor.py:161} INFO - Started process (PID=273949) to work on /home/richonlinux/Documents/GitHub/AirflowTuto/venv/lib/python3.10/site-packages/airflow/example_dags/example_complex.py
[2024-07-18T18:56:14.749+0200] {processor.py:830} INFO - Processing file /home/richonlinux/Documents/GitHub/AirflowTuto/venv/lib/python3.10/site-packages/airflow/example_dags/example_complex.py for tasks to queue
[2024-07-18T18:56:14.750+0200] {logging_mixin.py:188} INFO - [2024-07-18T18:56:14.750+0200] {dagbag.py:545} INFO - Filling up the DagBag from /home/richonlinux/Documents/GitHub/AirflowTuto/venv/lib/python3.10/site-packages/airflow/example_dags/example_complex.py
[2024-07-18T18:56:14.756+0200] {processor.py:840} INFO - DAG(s) 'example_complex' retrieved from /home/richonlinux/Documents/GitHub/AirflowTuto/venv/lib/python3.10/site-packages/airflow/example_dags/example_complex.py
[2024-07-18T18:56:14.771+0200] {logging_mixin.py:188} INFO - [2024-07-18T18:56:14.771+0200] {dag.py:3089} INFO - Sync 1 DAGs
[2024-07-18T18:56:14.777+0200] {logging_mixin.py:188} INFO - [2024-07-18T18:56:14.777+0200] {dag.py:3947} INFO - Setting next_dagrun for example_complex to None, run_after=None
[2024-07-18T18:56:14.790+0200] {processor.py:183} INFO - Processing /home/richonlinux/Documents/GitHub/AirflowTuto/venv/lib/python3.10/site-packages/airflow/example_dags/example_complex.py took 0.049 seconds
[2024-07-18T18:56:54.258+0200] {processor.py:161} INFO - Started process (PID=274687) to work on /home/richonlinux/Documents/GitHub/AirflowTuto/venv/lib/python3.10/site-packages/airflow/example_dags/example_complex.py
[2024-07-18T18:56:54.259+0200] {processor.py:830} INFO - Processing file /home/richonlinux/Documents/GitHub/AirflowTuto/venv/lib/python3.10/site-packages/airflow/example_dags/example_complex.py for tasks to queue
[2024-07-18T18:56:54.260+0200] {logging_mixin.py:188} INFO - [2024-07-18T18:56:54.260+0200] {dagbag.py:545} INFO - Filling up the DagBag from /home/richonlinux/Documents/GitHub/AirflowTuto/venv/lib/python3.10/site-packages/airflow/example_dags/example_complex.py
[2024-07-18T18:56:54.267+0200] {processor.py:840} INFO - DAG(s) 'example_complex' retrieved from /home/richonlinux/Documents/GitHub/AirflowTuto/venv/lib/python3.10/site-packages/airflow/example_dags/example_complex.py
[2024-07-18T18:56:54.283+0200] {logging_mixin.py:188} INFO - [2024-07-18T18:56:54.283+0200] {dag.py:3089} INFO - Sync 1 DAGs
[2024-07-18T18:56:54.290+0200] {logging_mixin.py:188} INFO - [2024-07-18T18:56:54.290+0200] {dag.py:3947} INFO - Setting next_dagrun for example_complex to None, run_after=None
[2024-07-18T18:56:54.303+0200] {processor.py:183} INFO - Processing /home/richonlinux/Documents/GitHub/AirflowTuto/venv/lib/python3.10/site-packages/airflow/example_dags/example_complex.py took 0.049 seconds
[2024-07-18T18:57:32.835+0200] {processor.py:161} INFO - Started process (PID=275328) to work on /home/richonlinux/Documents/GitHub/AirflowTuto/venv/lib/python3.10/site-packages/airflow/example_dags/example_complex.py
[2024-07-18T18:57:32.836+0200] {processor.py:830} INFO - Processing file /home/richonlinux/Documents/GitHub/AirflowTuto/venv/lib/python3.10/site-packages/airflow/example_dags/example_complex.py for tasks to queue
[2024-07-18T18:57:32.837+0200] {logging_mixin.py:188} INFO - [2024-07-18T18:57:32.837+0200] {dagbag.py:545} INFO - Filling up the DagBag from /home/richonlinux/Documents/GitHub/AirflowTuto/venv/lib/python3.10/site-packages/airflow/example_dags/example_complex.py
[2024-07-18T18:57:32.844+0200] {processor.py:840} INFO - DAG(s) 'example_complex' retrieved from /home/richonlinux/Documents/GitHub/AirflowTuto/venv/lib/python3.10/site-packages/airflow/example_dags/example_complex.py
[2024-07-18T18:57:32.859+0200] {logging_mixin.py:188} INFO - [2024-07-18T18:57:32.859+0200] {dag.py:3089} INFO - Sync 1 DAGs
[2024-07-18T18:57:32.865+0200] {logging_mixin.py:188} INFO - [2024-07-18T18:57:32.865+0200] {dag.py:3947} INFO - Setting next_dagrun for example_complex to None, run_after=None
[2024-07-18T18:57:32.880+0200] {processor.py:183} INFO - Processing /home/richonlinux/Documents/GitHub/AirflowTuto/venv/lib/python3.10/site-packages/airflow/example_dags/example_complex.py took 0.049 seconds
[2024-07-18T18:58:13.287+0200] {processor.py:161} INFO - Started process (PID=275927) to work on /home/richonlinux/Documents/GitHub/AirflowTuto/venv/lib/python3.10/site-packages/airflow/example_dags/example_complex.py
[2024-07-18T18:58:13.288+0200] {processor.py:830} INFO - Processing file /home/richonlinux/Documents/GitHub/AirflowTuto/venv/lib/python3.10/site-packages/airflow/example_dags/example_complex.py for tasks to queue
[2024-07-18T18:58:13.289+0200] {logging_mixin.py:188} INFO - [2024-07-18T18:58:13.288+0200] {dagbag.py:545} INFO - Filling up the DagBag from /home/richonlinux/Documents/GitHub/AirflowTuto/venv/lib/python3.10/site-packages/airflow/example_dags/example_complex.py
[2024-07-18T18:58:13.295+0200] {processor.py:840} INFO - DAG(s) 'example_complex' retrieved from /home/richonlinux/Documents/GitHub/AirflowTuto/venv/lib/python3.10/site-packages/airflow/example_dags/example_complex.py
[2024-07-18T18:58:13.310+0200] {logging_mixin.py:188} INFO - [2024-07-18T18:58:13.310+0200] {dag.py:3089} INFO - Sync 1 DAGs
[2024-07-18T18:58:13.317+0200] {logging_mixin.py:188} INFO - [2024-07-18T18:58:13.317+0200] {dag.py:3947} INFO - Setting next_dagrun for example_complex to None, run_after=None
[2024-07-18T18:58:13.331+0200] {processor.py:183} INFO - Processing /home/richonlinux/Documents/GitHub/AirflowTuto/venv/lib/python3.10/site-packages/airflow/example_dags/example_complex.py took 0.047 seconds
[2024-07-18T18:58:53.223+0200] {processor.py:161} INFO - Started process (PID=276591) to work on /home/richonlinux/Documents/GitHub/AirflowTuto/venv/lib/python3.10/site-packages/airflow/example_dags/example_complex.py
[2024-07-18T18:58:53.225+0200] {processor.py:830} INFO - Processing file /home/richonlinux/Documents/GitHub/AirflowTuto/venv/lib/python3.10/site-packages/airflow/example_dags/example_complex.py for tasks to queue
[2024-07-18T18:58:53.227+0200] {logging_mixin.py:188} INFO - [2024-07-18T18:58:53.226+0200] {dagbag.py:545} INFO - Filling up the DagBag from /home/richonlinux/Documents/GitHub/AirflowTuto/venv/lib/python3.10/site-packages/airflow/example_dags/example_complex.py
[2024-07-18T18:58:53.236+0200] {processor.py:840} INFO - DAG(s) 'example_complex' retrieved from /home/richonlinux/Documents/GitHub/AirflowTuto/venv/lib/python3.10/site-packages/airflow/example_dags/example_complex.py
[2024-07-18T18:58:53.250+0200] {logging_mixin.py:188} INFO - [2024-07-18T18:58:53.249+0200] {dag.py:3089} INFO - Sync 1 DAGs
[2024-07-18T18:58:53.255+0200] {logging_mixin.py:188} INFO - [2024-07-18T18:58:53.255+0200] {dag.py:3947} INFO - Setting next_dagrun for example_complex to None, run_after=None
[2024-07-18T18:58:53.269+0200] {processor.py:183} INFO - Processing /home/richonlinux/Documents/GitHub/AirflowTuto/venv/lib/python3.10/site-packages/airflow/example_dags/example_complex.py took 0.051 seconds
[2024-07-18T18:59:33.762+0200] {processor.py:161} INFO - Started process (PID=277415) to work on /home/richonlinux/Documents/GitHub/AirflowTuto/venv/lib/python3.10/site-packages/airflow/example_dags/example_complex.py
[2024-07-18T18:59:33.763+0200] {processor.py:830} INFO - Processing file /home/richonlinux/Documents/GitHub/AirflowTuto/venv/lib/python3.10/site-packages/airflow/example_dags/example_complex.py for tasks to queue
[2024-07-18T18:59:33.764+0200] {logging_mixin.py:188} INFO - [2024-07-18T18:59:33.764+0200] {dagbag.py:545} INFO - Filling up the DagBag from /home/richonlinux/Documents/GitHub/AirflowTuto/venv/lib/python3.10/site-packages/airflow/example_dags/example_complex.py
[2024-07-18T18:59:33.773+0200] {processor.py:840} INFO - DAG(s) 'example_complex' retrieved from /home/richonlinux/Documents/GitHub/AirflowTuto/venv/lib/python3.10/site-packages/airflow/example_dags/example_complex.py
[2024-07-18T18:59:33.789+0200] {logging_mixin.py:188} INFO - [2024-07-18T18:59:33.789+0200] {dag.py:3089} INFO - Sync 1 DAGs
[2024-07-18T18:59:33.796+0200] {logging_mixin.py:188} INFO - [2024-07-18T18:59:33.795+0200] {dag.py:3947} INFO - Setting next_dagrun for example_complex to None, run_after=None
[2024-07-18T18:59:33.808+0200] {processor.py:183} INFO - Processing /home/richonlinux/Documents/GitHub/AirflowTuto/venv/lib/python3.10/site-packages/airflow/example_dags/example_complex.py took 0.050 seconds
[2024-07-18T19:00:15.321+0200] {processor.py:161} INFO - Started process (PID=278130) to work on /home/richonlinux/Documents/GitHub/AirflowTuto/venv/lib/python3.10/site-packages/airflow/example_dags/example_complex.py
[2024-07-18T19:00:15.323+0200] {processor.py:830} INFO - Processing file /home/richonlinux/Documents/GitHub/AirflowTuto/venv/lib/python3.10/site-packages/airflow/example_dags/example_complex.py for tasks to queue
[2024-07-18T19:00:15.325+0200] {logging_mixin.py:188} INFO - [2024-07-18T19:00:15.324+0200] {dagbag.py:545} INFO - Filling up the DagBag from /home/richonlinux/Documents/GitHub/AirflowTuto/venv/lib/python3.10/site-packages/airflow/example_dags/example_complex.py
[2024-07-18T19:00:15.333+0200] {processor.py:840} INFO - DAG(s) 'example_complex' retrieved from /home/richonlinux/Documents/GitHub/AirflowTuto/venv/lib/python3.10/site-packages/airflow/example_dags/example_complex.py
[2024-07-18T19:00:15.347+0200] {logging_mixin.py:188} INFO - [2024-07-18T19:00:15.347+0200] {dag.py:3089} INFO - Sync 1 DAGs
[2024-07-18T19:00:15.353+0200] {logging_mixin.py:188} INFO - [2024-07-18T19:00:15.353+0200] {dag.py:3947} INFO - Setting next_dagrun for example_complex to None, run_after=None
[2024-07-18T19:00:15.365+0200] {processor.py:183} INFO - Processing /home/richonlinux/Documents/GitHub/AirflowTuto/venv/lib/python3.10/site-packages/airflow/example_dags/example_complex.py took 0.051 seconds
[2024-07-18T19:00:58.068+0200] {processor.py:161} INFO - Started process (PID=279012) to work on /home/richonlinux/Documents/GitHub/AirflowTuto/venv/lib/python3.10/site-packages/airflow/example_dags/example_complex.py
[2024-07-18T19:00:58.069+0200] {processor.py:830} INFO - Processing file /home/richonlinux/Documents/GitHub/AirflowTuto/venv/lib/python3.10/site-packages/airflow/example_dags/example_complex.py for tasks to queue
[2024-07-18T19:00:58.070+0200] {logging_mixin.py:188} INFO - [2024-07-18T19:00:58.069+0200] {dagbag.py:545} INFO - Filling up the DagBag from /home/richonlinux/Documents/GitHub/AirflowTuto/venv/lib/python3.10/site-packages/airflow/example_dags/example_complex.py
[2024-07-18T19:00:58.077+0200] {processor.py:840} INFO - DAG(s) 'example_complex' retrieved from /home/richonlinux/Documents/GitHub/AirflowTuto/venv/lib/python3.10/site-packages/airflow/example_dags/example_complex.py
[2024-07-18T19:00:58.091+0200] {logging_mixin.py:188} INFO - [2024-07-18T19:00:58.091+0200] {dag.py:3089} INFO - Sync 1 DAGs
[2024-07-18T19:00:58.097+0200] {logging_mixin.py:188} INFO - [2024-07-18T19:00:58.097+0200] {dag.py:3947} INFO - Setting next_dagrun for example_complex to None, run_after=None
[2024-07-18T19:00:58.109+0200] {processor.py:183} INFO - Processing /home/richonlinux/Documents/GitHub/AirflowTuto/venv/lib/python3.10/site-packages/airflow/example_dags/example_complex.py took 0.046 seconds
[2024-07-18T19:01:36.065+0200] {processor.py:161} INFO - Started process (PID=279791) to work on /home/richonlinux/Documents/GitHub/AirflowTuto/venv/lib/python3.10/site-packages/airflow/example_dags/example_complex.py
[2024-07-18T19:01:36.066+0200] {processor.py:830} INFO - Processing file /home/richonlinux/Documents/GitHub/AirflowTuto/venv/lib/python3.10/site-packages/airflow/example_dags/example_complex.py for tasks to queue
[2024-07-18T19:01:36.068+0200] {logging_mixin.py:188} INFO - [2024-07-18T19:01:36.067+0200] {dagbag.py:545} INFO - Filling up the DagBag from /home/richonlinux/Documents/GitHub/AirflowTuto/venv/lib/python3.10/site-packages/airflow/example_dags/example_complex.py
[2024-07-18T19:01:36.075+0200] {processor.py:840} INFO - DAG(s) 'example_complex' retrieved from /home/richonlinux/Documents/GitHub/AirflowTuto/venv/lib/python3.10/site-packages/airflow/example_dags/example_complex.py
[2024-07-18T19:01:36.089+0200] {logging_mixin.py:188} INFO - [2024-07-18T19:01:36.089+0200] {dag.py:3089} INFO - Sync 1 DAGs
[2024-07-18T19:01:36.095+0200] {logging_mixin.py:188} INFO - [2024-07-18T19:01:36.095+0200] {dag.py:3947} INFO - Setting next_dagrun for example_complex to None, run_after=None
[2024-07-18T19:01:36.107+0200] {processor.py:183} INFO - Processing /home/richonlinux/Documents/GitHub/AirflowTuto/venv/lib/python3.10/site-packages/airflow/example_dags/example_complex.py took 0.051 seconds
[2024-07-18T19:02:14.060+0200] {processor.py:161} INFO - Started process (PID=280462) to work on /home/richonlinux/Documents/GitHub/AirflowTuto/venv/lib/python3.10/site-packages/airflow/example_dags/example_complex.py
[2024-07-18T19:02:14.064+0200] {processor.py:830} INFO - Processing file /home/richonlinux/Documents/GitHub/AirflowTuto/venv/lib/python3.10/site-packages/airflow/example_dags/example_complex.py for tasks to queue
[2024-07-18T19:02:14.066+0200] {logging_mixin.py:188} INFO - [2024-07-18T19:02:14.065+0200] {dagbag.py:545} INFO - Filling up the DagBag from /home/richonlinux/Documents/GitHub/AirflowTuto/venv/lib/python3.10/site-packages/airflow/example_dags/example_complex.py
[2024-07-18T19:02:14.076+0200] {processor.py:840} INFO - DAG(s) 'example_complex' retrieved from /home/richonlinux/Documents/GitHub/AirflowTuto/venv/lib/python3.10/site-packages/airflow/example_dags/example_complex.py
[2024-07-18T19:02:14.090+0200] {logging_mixin.py:188} INFO - [2024-07-18T19:02:14.089+0200] {dag.py:3089} INFO - Sync 1 DAGs
[2024-07-18T19:02:14.095+0200] {logging_mixin.py:188} INFO - [2024-07-18T19:02:14.095+0200] {dag.py:3947} INFO - Setting next_dagrun for example_complex to None, run_after=None
[2024-07-18T19:02:14.108+0200] {processor.py:183} INFO - Processing /home/richonlinux/Documents/GitHub/AirflowTuto/venv/lib/python3.10/site-packages/airflow/example_dags/example_complex.py took 0.056 seconds
[2024-07-18T19:02:52.962+0200] {processor.py:161} INFO - Started process (PID=281098) to work on /home/richonlinux/Documents/GitHub/AirflowTuto/venv/lib/python3.10/site-packages/airflow/example_dags/example_complex.py
[2024-07-18T19:02:52.964+0200] {processor.py:830} INFO - Processing file /home/richonlinux/Documents/GitHub/AirflowTuto/venv/lib/python3.10/site-packages/airflow/example_dags/example_complex.py for tasks to queue
[2024-07-18T19:02:52.966+0200] {logging_mixin.py:188} INFO - [2024-07-18T19:02:52.965+0200] {dagbag.py:545} INFO - Filling up the DagBag from /home/richonlinux/Documents/GitHub/AirflowTuto/venv/lib/python3.10/site-packages/airflow/example_dags/example_complex.py
[2024-07-18T19:02:52.973+0200] {processor.py:840} INFO - DAG(s) 'example_complex' retrieved from /home/richonlinux/Documents/GitHub/AirflowTuto/venv/lib/python3.10/site-packages/airflow/example_dags/example_complex.py
[2024-07-18T19:02:52.987+0200] {logging_mixin.py:188} INFO - [2024-07-18T19:02:52.987+0200] {dag.py:3089} INFO - Sync 1 DAGs
[2024-07-18T19:02:52.993+0200] {logging_mixin.py:188} INFO - [2024-07-18T19:02:52.993+0200] {dag.py:3947} INFO - Setting next_dagrun for example_complex to None, run_after=None
[2024-07-18T19:02:53.006+0200] {processor.py:183} INFO - Processing /home/richonlinux/Documents/GitHub/AirflowTuto/venv/lib/python3.10/site-packages/airflow/example_dags/example_complex.py took 0.051 seconds
[2024-07-18T19:03:35.595+0200] {processor.py:161} INFO - Started process (PID=281790) to work on /home/richonlinux/Documents/GitHub/AirflowTuto/venv/lib/python3.10/site-packages/airflow/example_dags/example_complex.py
[2024-07-18T19:03:35.597+0200] {processor.py:830} INFO - Processing file /home/richonlinux/Documents/GitHub/AirflowTuto/venv/lib/python3.10/site-packages/airflow/example_dags/example_complex.py for tasks to queue
[2024-07-18T19:03:35.598+0200] {logging_mixin.py:188} INFO - [2024-07-18T19:03:35.598+0200] {dagbag.py:545} INFO - Filling up the DagBag from /home/richonlinux/Documents/GitHub/AirflowTuto/venv/lib/python3.10/site-packages/airflow/example_dags/example_complex.py
[2024-07-18T19:03:35.607+0200] {processor.py:840} INFO - DAG(s) 'example_complex' retrieved from /home/richonlinux/Documents/GitHub/AirflowTuto/venv/lib/python3.10/site-packages/airflow/example_dags/example_complex.py
[2024-07-18T19:03:35.621+0200] {logging_mixin.py:188} INFO - [2024-07-18T19:03:35.621+0200] {dag.py:3089} INFO - Sync 1 DAGs
[2024-07-18T19:03:35.628+0200] {logging_mixin.py:188} INFO - [2024-07-18T19:03:35.628+0200] {dag.py:3947} INFO - Setting next_dagrun for example_complex to None, run_after=None
[2024-07-18T19:03:35.640+0200] {processor.py:183} INFO - Processing /home/richonlinux/Documents/GitHub/AirflowTuto/venv/lib/python3.10/site-packages/airflow/example_dags/example_complex.py took 0.050 seconds
[2024-07-18T19:04:15.023+0200] {processor.py:161} INFO - Started process (PID=282416) to work on /home/richonlinux/Documents/GitHub/AirflowTuto/venv/lib/python3.10/site-packages/airflow/example_dags/example_complex.py
[2024-07-18T19:04:15.024+0200] {processor.py:830} INFO - Processing file /home/richonlinux/Documents/GitHub/AirflowTuto/venv/lib/python3.10/site-packages/airflow/example_dags/example_complex.py for tasks to queue
[2024-07-18T19:04:15.025+0200] {logging_mixin.py:188} INFO - [2024-07-18T19:04:15.025+0200] {dagbag.py:545} INFO - Filling up the DagBag from /home/richonlinux/Documents/GitHub/AirflowTuto/venv/lib/python3.10/site-packages/airflow/example_dags/example_complex.py
[2024-07-18T19:04:15.032+0200] {processor.py:840} INFO - DAG(s) 'example_complex' retrieved from /home/richonlinux/Documents/GitHub/AirflowTuto/venv/lib/python3.10/site-packages/airflow/example_dags/example_complex.py
[2024-07-18T19:04:15.046+0200] {logging_mixin.py:188} INFO - [2024-07-18T19:04:15.046+0200] {dag.py:3089} INFO - Sync 1 DAGs
[2024-07-18T19:04:15.052+0200] {logging_mixin.py:188} INFO - [2024-07-18T19:04:15.052+0200] {dag.py:3947} INFO - Setting next_dagrun for example_complex to None, run_after=None
[2024-07-18T19:04:15.064+0200] {processor.py:183} INFO - Processing /home/richonlinux/Documents/GitHub/AirflowTuto/venv/lib/python3.10/site-packages/airflow/example_dags/example_complex.py took 0.049 seconds
[2024-07-18T19:04:53.095+0200] {processor.py:161} INFO - Started process (PID=283023) to work on /home/richonlinux/Documents/GitHub/AirflowTuto/venv/lib/python3.10/site-packages/airflow/example_dags/example_complex.py
[2024-07-18T19:04:53.096+0200] {processor.py:830} INFO - Processing file /home/richonlinux/Documents/GitHub/AirflowTuto/venv/lib/python3.10/site-packages/airflow/example_dags/example_complex.py for tasks to queue
[2024-07-18T19:04:53.097+0200] {logging_mixin.py:188} INFO - [2024-07-18T19:04:53.097+0200] {dagbag.py:545} INFO - Filling up the DagBag from /home/richonlinux/Documents/GitHub/AirflowTuto/venv/lib/python3.10/site-packages/airflow/example_dags/example_complex.py
[2024-07-18T19:04:53.104+0200] {processor.py:840} INFO - DAG(s) 'example_complex' retrieved from /home/richonlinux/Documents/GitHub/AirflowTuto/venv/lib/python3.10/site-packages/airflow/example_dags/example_complex.py
[2024-07-18T19:04:53.118+0200] {logging_mixin.py:188} INFO - [2024-07-18T19:04:53.118+0200] {dag.py:3089} INFO - Sync 1 DAGs
[2024-07-18T19:04:53.123+0200] {logging_mixin.py:188} INFO - [2024-07-18T19:04:53.123+0200] {dag.py:3947} INFO - Setting next_dagrun for example_complex to None, run_after=None
[2024-07-18T19:04:53.135+0200] {processor.py:183} INFO - Processing /home/richonlinux/Documents/GitHub/AirflowTuto/venv/lib/python3.10/site-packages/airflow/example_dags/example_complex.py took 0.044 seconds
[2024-07-18T19:05:32.796+0200] {processor.py:161} INFO - Started process (PID=283784) to work on /home/richonlinux/Documents/GitHub/AirflowTuto/venv/lib/python3.10/site-packages/airflow/example_dags/example_complex.py
[2024-07-18T19:05:32.797+0200] {processor.py:830} INFO - Processing file /home/richonlinux/Documents/GitHub/AirflowTuto/venv/lib/python3.10/site-packages/airflow/example_dags/example_complex.py for tasks to queue
[2024-07-18T19:05:32.798+0200] {logging_mixin.py:188} INFO - [2024-07-18T19:05:32.798+0200] {dagbag.py:545} INFO - Filling up the DagBag from /home/richonlinux/Documents/GitHub/AirflowTuto/venv/lib/python3.10/site-packages/airflow/example_dags/example_complex.py
[2024-07-18T19:05:32.804+0200] {processor.py:840} INFO - DAG(s) 'example_complex' retrieved from /home/richonlinux/Documents/GitHub/AirflowTuto/venv/lib/python3.10/site-packages/airflow/example_dags/example_complex.py
[2024-07-18T19:05:32.820+0200] {logging_mixin.py:188} INFO - [2024-07-18T19:05:32.819+0200] {dag.py:3089} INFO - Sync 1 DAGs
[2024-07-18T19:05:32.826+0200] {logging_mixin.py:188} INFO - [2024-07-18T19:05:32.826+0200] {dag.py:3947} INFO - Setting next_dagrun for example_complex to None, run_after=None
[2024-07-18T19:05:32.838+0200] {processor.py:183} INFO - Processing /home/richonlinux/Documents/GitHub/AirflowTuto/venv/lib/python3.10/site-packages/airflow/example_dags/example_complex.py took 0.046 seconds
[2024-07-18T19:06:09.980+0200] {processor.py:161} INFO - Started process (PID=284393) to work on /home/richonlinux/Documents/GitHub/AirflowTuto/venv/lib/python3.10/site-packages/airflow/example_dags/example_complex.py
[2024-07-18T19:06:09.981+0200] {processor.py:830} INFO - Processing file /home/richonlinux/Documents/GitHub/AirflowTuto/venv/lib/python3.10/site-packages/airflow/example_dags/example_complex.py for tasks to queue
[2024-07-18T19:06:09.982+0200] {logging_mixin.py:188} INFO - [2024-07-18T19:06:09.982+0200] {dagbag.py:545} INFO - Filling up the DagBag from /home/richonlinux/Documents/GitHub/AirflowTuto/venv/lib/python3.10/site-packages/airflow/example_dags/example_complex.py
[2024-07-18T19:06:09.987+0200] {processor.py:840} INFO - DAG(s) 'example_complex' retrieved from /home/richonlinux/Documents/GitHub/AirflowTuto/venv/lib/python3.10/site-packages/airflow/example_dags/example_complex.py
[2024-07-18T19:06:10.002+0200] {logging_mixin.py:188} INFO - [2024-07-18T19:06:10.002+0200] {dag.py:3089} INFO - Sync 1 DAGs
[2024-07-18T19:06:10.011+0200] {logging_mixin.py:188} INFO - [2024-07-18T19:06:10.010+0200] {dag.py:3947} INFO - Setting next_dagrun for example_complex to None, run_after=None
[2024-07-18T19:06:10.025+0200] {processor.py:183} INFO - Processing /home/richonlinux/Documents/GitHub/AirflowTuto/venv/lib/python3.10/site-packages/airflow/example_dags/example_complex.py took 0.049 seconds
[2024-07-18T19:06:49.202+0200] {processor.py:161} INFO - Started process (PID=285107) to work on /home/richonlinux/Documents/GitHub/AirflowTuto/venv/lib/python3.10/site-packages/airflow/example_dags/example_complex.py
[2024-07-18T19:06:49.206+0200] {processor.py:830} INFO - Processing file /home/richonlinux/Documents/GitHub/AirflowTuto/venv/lib/python3.10/site-packages/airflow/example_dags/example_complex.py for tasks to queue
[2024-07-18T19:06:49.207+0200] {logging_mixin.py:188} INFO - [2024-07-18T19:06:49.207+0200] {dagbag.py:545} INFO - Filling up the DagBag from /home/richonlinux/Documents/GitHub/AirflowTuto/venv/lib/python3.10/site-packages/airflow/example_dags/example_complex.py
[2024-07-18T19:06:49.215+0200] {processor.py:840} INFO - DAG(s) 'example_complex' retrieved from /home/richonlinux/Documents/GitHub/AirflowTuto/venv/lib/python3.10/site-packages/airflow/example_dags/example_complex.py
[2024-07-18T19:06:49.234+0200] {logging_mixin.py:188} INFO - [2024-07-18T19:06:49.233+0200] {dag.py:3089} INFO - Sync 1 DAGs
[2024-07-18T19:06:49.243+0200] {logging_mixin.py:188} INFO - [2024-07-18T19:06:49.243+0200] {dag.py:3947} INFO - Setting next_dagrun for example_complex to None, run_after=None
[2024-07-18T19:06:49.262+0200] {processor.py:183} INFO - Processing /home/richonlinux/Documents/GitHub/AirflowTuto/venv/lib/python3.10/site-packages/airflow/example_dags/example_complex.py took 0.066 seconds
[2024-07-18T19:07:29.710+0200] {processor.py:161} INFO - Started process (PID=285762) to work on /home/richonlinux/Documents/GitHub/AirflowTuto/venv/lib/python3.10/site-packages/airflow/example_dags/example_complex.py
[2024-07-18T19:07:29.711+0200] {processor.py:830} INFO - Processing file /home/richonlinux/Documents/GitHub/AirflowTuto/venv/lib/python3.10/site-packages/airflow/example_dags/example_complex.py for tasks to queue
[2024-07-18T19:07:29.712+0200] {logging_mixin.py:188} INFO - [2024-07-18T19:07:29.712+0200] {dagbag.py:545} INFO - Filling up the DagBag from /home/richonlinux/Documents/GitHub/AirflowTuto/venv/lib/python3.10/site-packages/airflow/example_dags/example_complex.py
[2024-07-18T19:07:29.719+0200] {processor.py:840} INFO - DAG(s) 'example_complex' retrieved from /home/richonlinux/Documents/GitHub/AirflowTuto/venv/lib/python3.10/site-packages/airflow/example_dags/example_complex.py
[2024-07-18T19:07:29.733+0200] {logging_mixin.py:188} INFO - [2024-07-18T19:07:29.732+0200] {dag.py:3089} INFO - Sync 1 DAGs
[2024-07-18T19:07:29.738+0200] {logging_mixin.py:188} INFO - [2024-07-18T19:07:29.738+0200] {dag.py:3947} INFO - Setting next_dagrun for example_complex to None, run_after=None
[2024-07-18T19:07:29.751+0200] {processor.py:183} INFO - Processing /home/richonlinux/Documents/GitHub/AirflowTuto/venv/lib/python3.10/site-packages/airflow/example_dags/example_complex.py took 0.046 seconds
[2024-07-18T19:08:08.525+0200] {processor.py:161} INFO - Started process (PID=286342) to work on /home/richonlinux/Documents/GitHub/AirflowTuto/venv/lib/python3.10/site-packages/airflow/example_dags/example_complex.py
[2024-07-18T19:08:08.529+0200] {processor.py:830} INFO - Processing file /home/richonlinux/Documents/GitHub/AirflowTuto/venv/lib/python3.10/site-packages/airflow/example_dags/example_complex.py for tasks to queue
[2024-07-18T19:08:08.530+0200] {logging_mixin.py:188} INFO - [2024-07-18T19:08:08.529+0200] {dagbag.py:545} INFO - Filling up the DagBag from /home/richonlinux/Documents/GitHub/AirflowTuto/venv/lib/python3.10/site-packages/airflow/example_dags/example_complex.py
[2024-07-18T19:08:08.536+0200] {processor.py:840} INFO - DAG(s) 'example_complex' retrieved from /home/richonlinux/Documents/GitHub/AirflowTuto/venv/lib/python3.10/site-packages/airflow/example_dags/example_complex.py
[2024-07-18T19:08:08.552+0200] {logging_mixin.py:188} INFO - [2024-07-18T19:08:08.551+0200] {dag.py:3089} INFO - Sync 1 DAGs
[2024-07-18T19:08:08.558+0200] {logging_mixin.py:188} INFO - [2024-07-18T19:08:08.558+0200] {dag.py:3947} INFO - Setting next_dagrun for example_complex to None, run_after=None
[2024-07-18T19:08:08.571+0200] {processor.py:183} INFO - Processing /home/richonlinux/Documents/GitHub/AirflowTuto/venv/lib/python3.10/site-packages/airflow/example_dags/example_complex.py took 0.049 seconds
[2024-07-18T19:08:47.900+0200] {processor.py:161} INFO - Started process (PID=287057) to work on /home/richonlinux/Documents/GitHub/AirflowTuto/venv/lib/python3.10/site-packages/airflow/example_dags/example_complex.py
[2024-07-18T19:08:47.901+0200] {processor.py:830} INFO - Processing file /home/richonlinux/Documents/GitHub/AirflowTuto/venv/lib/python3.10/site-packages/airflow/example_dags/example_complex.py for tasks to queue
[2024-07-18T19:08:47.902+0200] {logging_mixin.py:188} INFO - [2024-07-18T19:08:47.902+0200] {dagbag.py:545} INFO - Filling up the DagBag from /home/richonlinux/Documents/GitHub/AirflowTuto/venv/lib/python3.10/site-packages/airflow/example_dags/example_complex.py
[2024-07-18T19:08:47.908+0200] {processor.py:840} INFO - DAG(s) 'example_complex' retrieved from /home/richonlinux/Documents/GitHub/AirflowTuto/venv/lib/python3.10/site-packages/airflow/example_dags/example_complex.py
[2024-07-18T19:08:47.924+0200] {logging_mixin.py:188} INFO - [2024-07-18T19:08:47.924+0200] {dag.py:3089} INFO - Sync 1 DAGs
[2024-07-18T19:08:47.931+0200] {logging_mixin.py:188} INFO - [2024-07-18T19:08:47.931+0200] {dag.py:3947} INFO - Setting next_dagrun for example_complex to None, run_after=None
[2024-07-18T19:08:47.945+0200] {processor.py:183} INFO - Processing /home/richonlinux/Documents/GitHub/AirflowTuto/venv/lib/python3.10/site-packages/airflow/example_dags/example_complex.py took 0.048 seconds
[2024-07-18T19:09:26.652+0200] {processor.py:161} INFO - Started process (PID=287710) to work on /home/richonlinux/Documents/GitHub/AirflowTuto/venv/lib/python3.10/site-packages/airflow/example_dags/example_complex.py
[2024-07-18T19:09:26.656+0200] {processor.py:830} INFO - Processing file /home/richonlinux/Documents/GitHub/AirflowTuto/venv/lib/python3.10/site-packages/airflow/example_dags/example_complex.py for tasks to queue
[2024-07-18T19:09:26.657+0200] {logging_mixin.py:188} INFO - [2024-07-18T19:09:26.657+0200] {dagbag.py:545} INFO - Filling up the DagBag from /home/richonlinux/Documents/GitHub/AirflowTuto/venv/lib/python3.10/site-packages/airflow/example_dags/example_complex.py
[2024-07-18T19:09:26.664+0200] {processor.py:840} INFO - DAG(s) 'example_complex' retrieved from /home/richonlinux/Documents/GitHub/AirflowTuto/venv/lib/python3.10/site-packages/airflow/example_dags/example_complex.py
[2024-07-18T19:09:26.680+0200] {logging_mixin.py:188} INFO - [2024-07-18T19:09:26.680+0200] {dag.py:3089} INFO - Sync 1 DAGs
[2024-07-18T19:09:26.687+0200] {logging_mixin.py:188} INFO - [2024-07-18T19:09:26.687+0200] {dag.py:3947} INFO - Setting next_dagrun for example_complex to None, run_after=None
[2024-07-18T19:09:26.702+0200] {processor.py:183} INFO - Processing /home/richonlinux/Documents/GitHub/AirflowTuto/venv/lib/python3.10/site-packages/airflow/example_dags/example_complex.py took 0.053 seconds
[2024-07-18T19:10:05.997+0200] {processor.py:161} INFO - Started process (PID=288296) to work on /home/richonlinux/Documents/GitHub/AirflowTuto/venv/lib/python3.10/site-packages/airflow/example_dags/example_complex.py
[2024-07-18T19:10:05.998+0200] {processor.py:830} INFO - Processing file /home/richonlinux/Documents/GitHub/AirflowTuto/venv/lib/python3.10/site-packages/airflow/example_dags/example_complex.py for tasks to queue
[2024-07-18T19:10:05.999+0200] {logging_mixin.py:188} INFO - [2024-07-18T19:10:05.999+0200] {dagbag.py:545} INFO - Filling up the DagBag from /home/richonlinux/Documents/GitHub/AirflowTuto/venv/lib/python3.10/site-packages/airflow/example_dags/example_complex.py
[2024-07-18T19:10:06.005+0200] {processor.py:840} INFO - DAG(s) 'example_complex' retrieved from /home/richonlinux/Documents/GitHub/AirflowTuto/venv/lib/python3.10/site-packages/airflow/example_dags/example_complex.py
[2024-07-18T19:10:06.023+0200] {logging_mixin.py:188} INFO - [2024-07-18T19:10:06.022+0200] {dag.py:3089} INFO - Sync 1 DAGs
[2024-07-18T19:10:06.031+0200] {logging_mixin.py:188} INFO - [2024-07-18T19:10:06.031+0200] {dag.py:3947} INFO - Setting next_dagrun for example_complex to None, run_after=None
[2024-07-18T19:10:06.045+0200] {processor.py:183} INFO - Processing /home/richonlinux/Documents/GitHub/AirflowTuto/venv/lib/python3.10/site-packages/airflow/example_dags/example_complex.py took 0.053 seconds
[2024-07-18T19:10:41.120+0200] {processor.py:161} INFO - Started process (PID=288885) to work on /home/richonlinux/Documents/GitHub/AirflowTuto/venv/lib/python3.10/site-packages/airflow/example_dags/example_complex.py
[2024-07-18T19:10:41.120+0200] {processor.py:830} INFO - Processing file /home/richonlinux/Documents/GitHub/AirflowTuto/venv/lib/python3.10/site-packages/airflow/example_dags/example_complex.py for tasks to queue
[2024-07-18T19:10:41.121+0200] {logging_mixin.py:188} INFO - [2024-07-18T19:10:41.121+0200] {dagbag.py:545} INFO - Filling up the DagBag from /home/richonlinux/Documents/GitHub/AirflowTuto/venv/lib/python3.10/site-packages/airflow/example_dags/example_complex.py
[2024-07-18T19:10:41.127+0200] {processor.py:840} INFO - DAG(s) 'example_complex' retrieved from /home/richonlinux/Documents/GitHub/AirflowTuto/venv/lib/python3.10/site-packages/airflow/example_dags/example_complex.py
[2024-07-18T19:10:41.144+0200] {logging_mixin.py:188} INFO - [2024-07-18T19:10:41.144+0200] {dag.py:3089} INFO - Sync 1 DAGs
[2024-07-18T19:10:41.150+0200] {logging_mixin.py:188} INFO - [2024-07-18T19:10:41.150+0200] {dag.py:3947} INFO - Setting next_dagrun for example_complex to None, run_after=None
[2024-07-18T19:10:41.165+0200] {processor.py:183} INFO - Processing /home/richonlinux/Documents/GitHub/AirflowTuto/venv/lib/python3.10/site-packages/airflow/example_dags/example_complex.py took 0.050 seconds
[2024-07-18T19:11:17.864+0200] {processor.py:161} INFO - Started process (PID=289512) to work on /home/richonlinux/Documents/GitHub/AirflowTuto/venv/lib/python3.10/site-packages/airflow/example_dags/example_complex.py
[2024-07-18T19:11:17.865+0200] {processor.py:830} INFO - Processing file /home/richonlinux/Documents/GitHub/AirflowTuto/venv/lib/python3.10/site-packages/airflow/example_dags/example_complex.py for tasks to queue
[2024-07-18T19:11:17.866+0200] {logging_mixin.py:188} INFO - [2024-07-18T19:11:17.866+0200] {dagbag.py:545} INFO - Filling up the DagBag from /home/richonlinux/Documents/GitHub/AirflowTuto/venv/lib/python3.10/site-packages/airflow/example_dags/example_complex.py
[2024-07-18T19:11:17.875+0200] {processor.py:840} INFO - DAG(s) 'example_complex' retrieved from /home/richonlinux/Documents/GitHub/AirflowTuto/venv/lib/python3.10/site-packages/airflow/example_dags/example_complex.py
[2024-07-18T19:11:17.890+0200] {logging_mixin.py:188} INFO - [2024-07-18T19:11:17.890+0200] {dag.py:3089} INFO - Sync 1 DAGs
[2024-07-18T19:11:17.898+0200] {logging_mixin.py:188} INFO - [2024-07-18T19:11:17.897+0200] {dag.py:3947} INFO - Setting next_dagrun for example_complex to None, run_after=None
[2024-07-18T19:11:17.914+0200] {processor.py:183} INFO - Processing /home/richonlinux/Documents/GitHub/AirflowTuto/venv/lib/python3.10/site-packages/airflow/example_dags/example_complex.py took 0.057 seconds
[2024-07-18T19:11:55.516+0200] {processor.py:161} INFO - Started process (PID=290165) to work on /home/richonlinux/Documents/GitHub/AirflowTuto/venv/lib/python3.10/site-packages/airflow/example_dags/example_complex.py
[2024-07-18T19:11:55.517+0200] {processor.py:830} INFO - Processing file /home/richonlinux/Documents/GitHub/AirflowTuto/venv/lib/python3.10/site-packages/airflow/example_dags/example_complex.py for tasks to queue
[2024-07-18T19:11:55.518+0200] {logging_mixin.py:188} INFO - [2024-07-18T19:11:55.518+0200] {dagbag.py:545} INFO - Filling up the DagBag from /home/richonlinux/Documents/GitHub/AirflowTuto/venv/lib/python3.10/site-packages/airflow/example_dags/example_complex.py
[2024-07-18T19:11:55.524+0200] {processor.py:840} INFO - DAG(s) 'example_complex' retrieved from /home/richonlinux/Documents/GitHub/AirflowTuto/venv/lib/python3.10/site-packages/airflow/example_dags/example_complex.py
[2024-07-18T19:11:55.541+0200] {logging_mixin.py:188} INFO - [2024-07-18T19:11:55.541+0200] {dag.py:3089} INFO - Sync 1 DAGs
[2024-07-18T19:11:55.547+0200] {logging_mixin.py:188} INFO - [2024-07-18T19:11:55.547+0200] {dag.py:3947} INFO - Setting next_dagrun for example_complex to None, run_after=None
[2024-07-18T19:11:55.561+0200] {processor.py:183} INFO - Processing /home/richonlinux/Documents/GitHub/AirflowTuto/venv/lib/python3.10/site-packages/airflow/example_dags/example_complex.py took 0.050 seconds
[2024-07-18T19:12:33.536+0200] {processor.py:161} INFO - Started process (PID=290772) to work on /home/richonlinux/Documents/GitHub/AirflowTuto/venv/lib/python3.10/site-packages/airflow/example_dags/example_complex.py
[2024-07-18T19:12:33.537+0200] {processor.py:830} INFO - Processing file /home/richonlinux/Documents/GitHub/AirflowTuto/venv/lib/python3.10/site-packages/airflow/example_dags/example_complex.py for tasks to queue
[2024-07-18T19:12:33.539+0200] {logging_mixin.py:188} INFO - [2024-07-18T19:12:33.539+0200] {dagbag.py:545} INFO - Filling up the DagBag from /home/richonlinux/Documents/GitHub/AirflowTuto/venv/lib/python3.10/site-packages/airflow/example_dags/example_complex.py
[2024-07-18T19:12:33.546+0200] {processor.py:840} INFO - DAG(s) 'example_complex' retrieved from /home/richonlinux/Documents/GitHub/AirflowTuto/venv/lib/python3.10/site-packages/airflow/example_dags/example_complex.py
[2024-07-18T19:12:33.562+0200] {logging_mixin.py:188} INFO - [2024-07-18T19:12:33.561+0200] {dag.py:3089} INFO - Sync 1 DAGs
[2024-07-18T19:12:33.568+0200] {logging_mixin.py:188} INFO - [2024-07-18T19:12:33.568+0200] {dag.py:3947} INFO - Setting next_dagrun for example_complex to None, run_after=None
[2024-07-18T19:12:33.582+0200] {processor.py:183} INFO - Processing /home/richonlinux/Documents/GitHub/AirflowTuto/venv/lib/python3.10/site-packages/airflow/example_dags/example_complex.py took 0.052 seconds
[2024-07-18T19:13:11.831+0200] {processor.py:161} INFO - Started process (PID=291345) to work on /home/richonlinux/Documents/GitHub/AirflowTuto/venv/lib/python3.10/site-packages/airflow/example_dags/example_complex.py
[2024-07-18T19:13:11.832+0200] {processor.py:830} INFO - Processing file /home/richonlinux/Documents/GitHub/AirflowTuto/venv/lib/python3.10/site-packages/airflow/example_dags/example_complex.py for tasks to queue
[2024-07-18T19:13:11.833+0200] {logging_mixin.py:188} INFO - [2024-07-18T19:13:11.833+0200] {dagbag.py:545} INFO - Filling up the DagBag from /home/richonlinux/Documents/GitHub/AirflowTuto/venv/lib/python3.10/site-packages/airflow/example_dags/example_complex.py
[2024-07-18T19:13:11.840+0200] {processor.py:840} INFO - DAG(s) 'example_complex' retrieved from /home/richonlinux/Documents/GitHub/AirflowTuto/venv/lib/python3.10/site-packages/airflow/example_dags/example_complex.py
[2024-07-18T19:13:11.855+0200] {logging_mixin.py:188} INFO - [2024-07-18T19:13:11.855+0200] {dag.py:3089} INFO - Sync 1 DAGs
[2024-07-18T19:13:11.862+0200] {logging_mixin.py:188} INFO - [2024-07-18T19:13:11.862+0200] {dag.py:3947} INFO - Setting next_dagrun for example_complex to None, run_after=None
[2024-07-18T19:13:11.876+0200] {processor.py:183} INFO - Processing /home/richonlinux/Documents/GitHub/AirflowTuto/venv/lib/python3.10/site-packages/airflow/example_dags/example_complex.py took 0.047 seconds
[2024-07-18T19:13:52.259+0200] {processor.py:161} INFO - Started process (PID=292033) to work on /home/richonlinux/Documents/GitHub/AirflowTuto/venv/lib/python3.10/site-packages/airflow/example_dags/example_complex.py
[2024-07-18T19:13:52.260+0200] {processor.py:830} INFO - Processing file /home/richonlinux/Documents/GitHub/AirflowTuto/venv/lib/python3.10/site-packages/airflow/example_dags/example_complex.py for tasks to queue
[2024-07-18T19:13:52.261+0200] {logging_mixin.py:188} INFO - [2024-07-18T19:13:52.261+0200] {dagbag.py:545} INFO - Filling up the DagBag from /home/richonlinux/Documents/GitHub/AirflowTuto/venv/lib/python3.10/site-packages/airflow/example_dags/example_complex.py
[2024-07-18T19:13:52.268+0200] {processor.py:840} INFO - DAG(s) 'example_complex' retrieved from /home/richonlinux/Documents/GitHub/AirflowTuto/venv/lib/python3.10/site-packages/airflow/example_dags/example_complex.py
[2024-07-18T19:13:52.286+0200] {logging_mixin.py:188} INFO - [2024-07-18T19:13:52.286+0200] {dag.py:3089} INFO - Sync 1 DAGs
[2024-07-18T19:13:52.292+0200] {logging_mixin.py:188} INFO - [2024-07-18T19:13:52.292+0200] {dag.py:3947} INFO - Setting next_dagrun for example_complex to None, run_after=None
[2024-07-18T19:13:52.307+0200] {processor.py:183} INFO - Processing /home/richonlinux/Documents/GitHub/AirflowTuto/venv/lib/python3.10/site-packages/airflow/example_dags/example_complex.py took 0.055 seconds
[2024-07-18T19:14:31.262+0200] {processor.py:161} INFO - Started process (PID=292676) to work on /home/richonlinux/Documents/GitHub/AirflowTuto/venv/lib/python3.10/site-packages/airflow/example_dags/example_complex.py
[2024-07-18T19:14:31.264+0200] {processor.py:830} INFO - Processing file /home/richonlinux/Documents/GitHub/AirflowTuto/venv/lib/python3.10/site-packages/airflow/example_dags/example_complex.py for tasks to queue
[2024-07-18T19:14:31.265+0200] {logging_mixin.py:188} INFO - [2024-07-18T19:14:31.265+0200] {dagbag.py:545} INFO - Filling up the DagBag from /home/richonlinux/Documents/GitHub/AirflowTuto/venv/lib/python3.10/site-packages/airflow/example_dags/example_complex.py
[2024-07-18T19:14:31.273+0200] {processor.py:840} INFO - DAG(s) 'example_complex' retrieved from /home/richonlinux/Documents/GitHub/AirflowTuto/venv/lib/python3.10/site-packages/airflow/example_dags/example_complex.py
[2024-07-18T19:14:31.291+0200] {logging_mixin.py:188} INFO - [2024-07-18T19:14:31.291+0200] {dag.py:3089} INFO - Sync 1 DAGs
[2024-07-18T19:14:31.298+0200] {logging_mixin.py:188} INFO - [2024-07-18T19:14:31.298+0200] {dag.py:3947} INFO - Setting next_dagrun for example_complex to None, run_after=None
[2024-07-18T19:14:31.311+0200] {processor.py:183} INFO - Processing /home/richonlinux/Documents/GitHub/AirflowTuto/venv/lib/python3.10/site-packages/airflow/example_dags/example_complex.py took 0.055 seconds
[2024-07-18T19:15:11.281+0200] {processor.py:161} INFO - Started process (PID=293242) to work on /home/richonlinux/Documents/GitHub/AirflowTuto/venv/lib/python3.10/site-packages/airflow/example_dags/example_complex.py
[2024-07-18T19:15:11.285+0200] {processor.py:830} INFO - Processing file /home/richonlinux/Documents/GitHub/AirflowTuto/venv/lib/python3.10/site-packages/airflow/example_dags/example_complex.py for tasks to queue
[2024-07-18T19:15:11.286+0200] {logging_mixin.py:188} INFO - [2024-07-18T19:15:11.285+0200] {dagbag.py:545} INFO - Filling up the DagBag from /home/richonlinux/Documents/GitHub/AirflowTuto/venv/lib/python3.10/site-packages/airflow/example_dags/example_complex.py
[2024-07-18T19:15:11.291+0200] {processor.py:840} INFO - DAG(s) 'example_complex' retrieved from /home/richonlinux/Documents/GitHub/AirflowTuto/venv/lib/python3.10/site-packages/airflow/example_dags/example_complex.py
[2024-07-18T19:15:11.307+0200] {logging_mixin.py:188} INFO - [2024-07-18T19:15:11.307+0200] {dag.py:3089} INFO - Sync 1 DAGs
[2024-07-18T19:15:11.314+0200] {logging_mixin.py:188} INFO - [2024-07-18T19:15:11.314+0200] {dag.py:3947} INFO - Setting next_dagrun for example_complex to None, run_after=None
[2024-07-18T19:15:11.328+0200] {processor.py:183} INFO - Processing /home/richonlinux/Documents/GitHub/AirflowTuto/venv/lib/python3.10/site-packages/airflow/example_dags/example_complex.py took 0.052 seconds
[2024-07-18T19:15:53.485+0200] {processor.py:161} INFO - Started process (PID=293939) to work on /home/richonlinux/Documents/GitHub/AirflowTuto/venv/lib/python3.10/site-packages/airflow/example_dags/example_complex.py
[2024-07-18T19:15:53.486+0200] {processor.py:830} INFO - Processing file /home/richonlinux/Documents/GitHub/AirflowTuto/venv/lib/python3.10/site-packages/airflow/example_dags/example_complex.py for tasks to queue
[2024-07-18T19:15:53.487+0200] {logging_mixin.py:188} INFO - [2024-07-18T19:15:53.487+0200] {dagbag.py:545} INFO - Filling up the DagBag from /home/richonlinux/Documents/GitHub/AirflowTuto/venv/lib/python3.10/site-packages/airflow/example_dags/example_complex.py
[2024-07-18T19:15:53.494+0200] {processor.py:840} INFO - DAG(s) 'example_complex' retrieved from /home/richonlinux/Documents/GitHub/AirflowTuto/venv/lib/python3.10/site-packages/airflow/example_dags/example_complex.py
[2024-07-18T19:15:53.515+0200] {logging_mixin.py:188} INFO - [2024-07-18T19:15:53.515+0200] {dag.py:3089} INFO - Sync 1 DAGs
[2024-07-18T19:15:53.523+0200] {logging_mixin.py:188} INFO - [2024-07-18T19:15:53.523+0200] {dag.py:3947} INFO - Setting next_dagrun for example_complex to None, run_after=None
[2024-07-18T19:15:53.537+0200] {processor.py:183} INFO - Processing /home/richonlinux/Documents/GitHub/AirflowTuto/venv/lib/python3.10/site-packages/airflow/example_dags/example_complex.py took 0.057 seconds
[2024-07-18T19:16:29.165+0200] {processor.py:161} INFO - Started process (PID=294600) to work on /home/richonlinux/Documents/GitHub/AirflowTuto/venv/lib/python3.10/site-packages/airflow/example_dags/example_complex.py
[2024-07-18T19:16:29.166+0200] {processor.py:830} INFO - Processing file /home/richonlinux/Documents/GitHub/AirflowTuto/venv/lib/python3.10/site-packages/airflow/example_dags/example_complex.py for tasks to queue
[2024-07-18T19:16:29.167+0200] {logging_mixin.py:188} INFO - [2024-07-18T19:16:29.167+0200] {dagbag.py:545} INFO - Filling up the DagBag from /home/richonlinux/Documents/GitHub/AirflowTuto/venv/lib/python3.10/site-packages/airflow/example_dags/example_complex.py
[2024-07-18T19:16:29.174+0200] {processor.py:840} INFO - DAG(s) 'example_complex' retrieved from /home/richonlinux/Documents/GitHub/AirflowTuto/venv/lib/python3.10/site-packages/airflow/example_dags/example_complex.py
[2024-07-18T19:16:29.191+0200] {logging_mixin.py:188} INFO - [2024-07-18T19:16:29.191+0200] {dag.py:3089} INFO - Sync 1 DAGs
[2024-07-18T19:16:29.198+0200] {logging_mixin.py:188} INFO - [2024-07-18T19:16:29.198+0200] {dag.py:3947} INFO - Setting next_dagrun for example_complex to None, run_after=None
[2024-07-18T19:16:29.211+0200] {processor.py:183} INFO - Processing /home/richonlinux/Documents/GitHub/AirflowTuto/venv/lib/python3.10/site-packages/airflow/example_dags/example_complex.py took 0.050 seconds
[2024-07-18T19:17:07.071+0200] {processor.py:161} INFO - Started process (PID=295158) to work on /home/richonlinux/Documents/GitHub/AirflowTuto/venv/lib/python3.10/site-packages/airflow/example_dags/example_complex.py
[2024-07-18T19:17:07.071+0200] {processor.py:830} INFO - Processing file /home/richonlinux/Documents/GitHub/AirflowTuto/venv/lib/python3.10/site-packages/airflow/example_dags/example_complex.py for tasks to queue
[2024-07-18T19:17:07.072+0200] {logging_mixin.py:188} INFO - [2024-07-18T19:17:07.072+0200] {dagbag.py:545} INFO - Filling up the DagBag from /home/richonlinux/Documents/GitHub/AirflowTuto/venv/lib/python3.10/site-packages/airflow/example_dags/example_complex.py
[2024-07-18T19:17:07.079+0200] {processor.py:840} INFO - DAG(s) 'example_complex' retrieved from /home/richonlinux/Documents/GitHub/AirflowTuto/venv/lib/python3.10/site-packages/airflow/example_dags/example_complex.py
[2024-07-18T19:17:07.094+0200] {logging_mixin.py:188} INFO - [2024-07-18T19:17:07.094+0200] {dag.py:3089} INFO - Sync 1 DAGs
[2024-07-18T19:17:07.100+0200] {logging_mixin.py:188} INFO - [2024-07-18T19:17:07.100+0200] {dag.py:3947} INFO - Setting next_dagrun for example_complex to None, run_after=None
[2024-07-18T19:17:07.113+0200] {processor.py:183} INFO - Processing /home/richonlinux/Documents/GitHub/AirflowTuto/venv/lib/python3.10/site-packages/airflow/example_dags/example_complex.py took 0.045 seconds
[2024-07-18T19:17:45.248+0200] {processor.py:161} INFO - Started process (PID=295809) to work on /home/richonlinux/Documents/GitHub/AirflowTuto/venv/lib/python3.10/site-packages/airflow/example_dags/example_complex.py
[2024-07-18T19:17:45.250+0200] {processor.py:830} INFO - Processing file /home/richonlinux/Documents/GitHub/AirflowTuto/venv/lib/python3.10/site-packages/airflow/example_dags/example_complex.py for tasks to queue
[2024-07-18T19:17:45.251+0200] {logging_mixin.py:188} INFO - [2024-07-18T19:17:45.251+0200] {dagbag.py:545} INFO - Filling up the DagBag from /home/richonlinux/Documents/GitHub/AirflowTuto/venv/lib/python3.10/site-packages/airflow/example_dags/example_complex.py
[2024-07-18T19:17:45.259+0200] {processor.py:840} INFO - DAG(s) 'example_complex' retrieved from /home/richonlinux/Documents/GitHub/AirflowTuto/venv/lib/python3.10/site-packages/airflow/example_dags/example_complex.py
[2024-07-18T19:17:45.275+0200] {logging_mixin.py:188} INFO - [2024-07-18T19:17:45.275+0200] {dag.py:3089} INFO - Sync 1 DAGs
[2024-07-18T19:17:45.282+0200] {logging_mixin.py:188} INFO - [2024-07-18T19:17:45.282+0200] {dag.py:3947} INFO - Setting next_dagrun for example_complex to None, run_after=None
[2024-07-18T19:17:45.297+0200] {processor.py:183} INFO - Processing /home/richonlinux/Documents/GitHub/AirflowTuto/venv/lib/python3.10/site-packages/airflow/example_dags/example_complex.py took 0.057 seconds
[2024-07-18T19:18:26.906+0200] {processor.py:161} INFO - Started process (PID=296483) to work on /home/richonlinux/Documents/GitHub/AirflowTuto/venv/lib/python3.10/site-packages/airflow/example_dags/example_complex.py
[2024-07-18T19:18:26.906+0200] {processor.py:830} INFO - Processing file /home/richonlinux/Documents/GitHub/AirflowTuto/venv/lib/python3.10/site-packages/airflow/example_dags/example_complex.py for tasks to queue
[2024-07-18T19:18:26.907+0200] {logging_mixin.py:188} INFO - [2024-07-18T19:18:26.907+0200] {dagbag.py:545} INFO - Filling up the DagBag from /home/richonlinux/Documents/GitHub/AirflowTuto/venv/lib/python3.10/site-packages/airflow/example_dags/example_complex.py
[2024-07-18T19:18:26.913+0200] {processor.py:840} INFO - DAG(s) 'example_complex' retrieved from /home/richonlinux/Documents/GitHub/AirflowTuto/venv/lib/python3.10/site-packages/airflow/example_dags/example_complex.py
[2024-07-18T19:18:26.929+0200] {logging_mixin.py:188} INFO - [2024-07-18T19:18:26.929+0200] {dag.py:3089} INFO - Sync 1 DAGs
[2024-07-18T19:18:26.936+0200] {logging_mixin.py:188} INFO - [2024-07-18T19:18:26.936+0200] {dag.py:3947} INFO - Setting next_dagrun for example_complex to None, run_after=None
[2024-07-18T19:18:26.950+0200] {processor.py:183} INFO - Processing /home/richonlinux/Documents/GitHub/AirflowTuto/venv/lib/python3.10/site-packages/airflow/example_dags/example_complex.py took 0.048 seconds
[2024-07-18T19:19:06.243+0200] {processor.py:161} INFO - Started process (PID=297139) to work on /home/richonlinux/Documents/GitHub/AirflowTuto/venv/lib/python3.10/site-packages/airflow/example_dags/example_complex.py
[2024-07-18T19:19:06.243+0200] {processor.py:830} INFO - Processing file /home/richonlinux/Documents/GitHub/AirflowTuto/venv/lib/python3.10/site-packages/airflow/example_dags/example_complex.py for tasks to queue
[2024-07-18T19:19:06.244+0200] {logging_mixin.py:188} INFO - [2024-07-18T19:19:06.244+0200] {dagbag.py:545} INFO - Filling up the DagBag from /home/richonlinux/Documents/GitHub/AirflowTuto/venv/lib/python3.10/site-packages/airflow/example_dags/example_complex.py
[2024-07-18T19:19:06.250+0200] {processor.py:840} INFO - DAG(s) 'example_complex' retrieved from /home/richonlinux/Documents/GitHub/AirflowTuto/venv/lib/python3.10/site-packages/airflow/example_dags/example_complex.py
[2024-07-18T19:19:06.267+0200] {logging_mixin.py:188} INFO - [2024-07-18T19:19:06.267+0200] {dag.py:3089} INFO - Sync 1 DAGs
[2024-07-18T19:19:06.274+0200] {logging_mixin.py:188} INFO - [2024-07-18T19:19:06.274+0200] {dag.py:3947} INFO - Setting next_dagrun for example_complex to None, run_after=None
[2024-07-18T19:19:06.288+0200] {processor.py:183} INFO - Processing /home/richonlinux/Documents/GitHub/AirflowTuto/venv/lib/python3.10/site-packages/airflow/example_dags/example_complex.py took 0.049 seconds
[2024-07-18T19:19:43.560+0200] {processor.py:161} INFO - Started process (PID=297749) to work on /home/richonlinux/Documents/GitHub/AirflowTuto/venv/lib/python3.10/site-packages/airflow/example_dags/example_complex.py
[2024-07-18T19:19:43.561+0200] {processor.py:830} INFO - Processing file /home/richonlinux/Documents/GitHub/AirflowTuto/venv/lib/python3.10/site-packages/airflow/example_dags/example_complex.py for tasks to queue
[2024-07-18T19:19:43.562+0200] {logging_mixin.py:188} INFO - [2024-07-18T19:19:43.562+0200] {dagbag.py:545} INFO - Filling up the DagBag from /home/richonlinux/Documents/GitHub/AirflowTuto/venv/lib/python3.10/site-packages/airflow/example_dags/example_complex.py
[2024-07-18T19:19:43.569+0200] {processor.py:840} INFO - DAG(s) 'example_complex' retrieved from /home/richonlinux/Documents/GitHub/AirflowTuto/venv/lib/python3.10/site-packages/airflow/example_dags/example_complex.py
[2024-07-18T19:19:43.586+0200] {logging_mixin.py:188} INFO - [2024-07-18T19:19:43.586+0200] {dag.py:3089} INFO - Sync 1 DAGs
[2024-07-18T19:19:43.593+0200] {logging_mixin.py:188} INFO - [2024-07-18T19:19:43.593+0200] {dag.py:3947} INFO - Setting next_dagrun for example_complex to None, run_after=None
[2024-07-18T19:19:43.606+0200] {processor.py:183} INFO - Processing /home/richonlinux/Documents/GitHub/AirflowTuto/venv/lib/python3.10/site-packages/airflow/example_dags/example_complex.py took 0.050 seconds
[2024-07-18T19:20:24.625+0200] {processor.py:161} INFO - Started process (PID=298415) to work on /home/richonlinux/Documents/GitHub/AirflowTuto/venv/lib/python3.10/site-packages/airflow/example_dags/example_complex.py
[2024-07-18T19:20:24.626+0200] {processor.py:830} INFO - Processing file /home/richonlinux/Documents/GitHub/AirflowTuto/venv/lib/python3.10/site-packages/airflow/example_dags/example_complex.py for tasks to queue
[2024-07-18T19:20:24.627+0200] {logging_mixin.py:188} INFO - [2024-07-18T19:20:24.627+0200] {dagbag.py:545} INFO - Filling up the DagBag from /home/richonlinux/Documents/GitHub/AirflowTuto/venv/lib/python3.10/site-packages/airflow/example_dags/example_complex.py
[2024-07-18T19:20:24.633+0200] {processor.py:840} INFO - DAG(s) 'example_complex' retrieved from /home/richonlinux/Documents/GitHub/AirflowTuto/venv/lib/python3.10/site-packages/airflow/example_dags/example_complex.py
[2024-07-18T19:20:24.650+0200] {logging_mixin.py:188} INFO - [2024-07-18T19:20:24.650+0200] {dag.py:3089} INFO - Sync 1 DAGs
[2024-07-18T19:20:24.658+0200] {logging_mixin.py:188} INFO - [2024-07-18T19:20:24.658+0200] {dag.py:3947} INFO - Setting next_dagrun for example_complex to None, run_after=None
[2024-07-18T19:20:24.673+0200] {processor.py:183} INFO - Processing /home/richonlinux/Documents/GitHub/AirflowTuto/venv/lib/python3.10/site-packages/airflow/example_dags/example_complex.py took 0.052 seconds
[2024-07-18T19:21:05.773+0200] {processor.py:161} INFO - Started process (PID=299054) to work on /home/richonlinux/Documents/GitHub/AirflowTuto/venv/lib/python3.10/site-packages/airflow/example_dags/example_complex.py
[2024-07-18T19:21:05.774+0200] {processor.py:830} INFO - Processing file /home/richonlinux/Documents/GitHub/AirflowTuto/venv/lib/python3.10/site-packages/airflow/example_dags/example_complex.py for tasks to queue
[2024-07-18T19:21:05.775+0200] {logging_mixin.py:188} INFO - [2024-07-18T19:21:05.775+0200] {dagbag.py:545} INFO - Filling up the DagBag from /home/richonlinux/Documents/GitHub/AirflowTuto/venv/lib/python3.10/site-packages/airflow/example_dags/example_complex.py
[2024-07-18T19:21:05.784+0200] {processor.py:840} INFO - DAG(s) 'example_complex' retrieved from /home/richonlinux/Documents/GitHub/AirflowTuto/venv/lib/python3.10/site-packages/airflow/example_dags/example_complex.py
[2024-07-18T19:21:05.804+0200] {logging_mixin.py:188} INFO - [2024-07-18T19:21:05.803+0200] {dag.py:3089} INFO - Sync 1 DAGs
[2024-07-18T19:21:05.812+0200] {logging_mixin.py:188} INFO - [2024-07-18T19:21:05.811+0200] {dag.py:3947} INFO - Setting next_dagrun for example_complex to None, run_after=None
[2024-07-18T19:21:05.830+0200] {processor.py:183} INFO - Processing /home/richonlinux/Documents/GitHub/AirflowTuto/venv/lib/python3.10/site-packages/airflow/example_dags/example_complex.py took 0.061 seconds
[2024-07-18T19:21:45.767+0200] {processor.py:161} INFO - Started process (PID=299795) to work on /home/richonlinux/Documents/GitHub/AirflowTuto/venv/lib/python3.10/site-packages/airflow/example_dags/example_complex.py
[2024-07-18T19:21:45.767+0200] {processor.py:830} INFO - Processing file /home/richonlinux/Documents/GitHub/AirflowTuto/venv/lib/python3.10/site-packages/airflow/example_dags/example_complex.py for tasks to queue
[2024-07-18T19:21:45.769+0200] {logging_mixin.py:188} INFO - [2024-07-18T19:21:45.768+0200] {dagbag.py:545} INFO - Filling up the DagBag from /home/richonlinux/Documents/GitHub/AirflowTuto/venv/lib/python3.10/site-packages/airflow/example_dags/example_complex.py
[2024-07-18T19:21:45.776+0200] {processor.py:840} INFO - DAG(s) 'example_complex' retrieved from /home/richonlinux/Documents/GitHub/AirflowTuto/venv/lib/python3.10/site-packages/airflow/example_dags/example_complex.py
[2024-07-18T19:21:45.796+0200] {logging_mixin.py:188} INFO - [2024-07-18T19:21:45.795+0200] {dag.py:3089} INFO - Sync 1 DAGs
[2024-07-18T19:21:45.803+0200] {logging_mixin.py:188} INFO - [2024-07-18T19:21:45.803+0200] {dag.py:3947} INFO - Setting next_dagrun for example_complex to None, run_after=None
[2024-07-18T19:21:45.822+0200] {processor.py:183} INFO - Processing /home/richonlinux/Documents/GitHub/AirflowTuto/venv/lib/python3.10/site-packages/airflow/example_dags/example_complex.py took 0.060 seconds
[2024-07-18T19:22:24.829+0200] {processor.py:161} INFO - Started process (PID=300429) to work on /home/richonlinux/Documents/GitHub/AirflowTuto/venv/lib/python3.10/site-packages/airflow/example_dags/example_complex.py
[2024-07-18T19:22:24.829+0200] {processor.py:830} INFO - Processing file /home/richonlinux/Documents/GitHub/AirflowTuto/venv/lib/python3.10/site-packages/airflow/example_dags/example_complex.py for tasks to queue
[2024-07-18T19:22:24.831+0200] {logging_mixin.py:188} INFO - [2024-07-18T19:22:24.830+0200] {dagbag.py:545} INFO - Filling up the DagBag from /home/richonlinux/Documents/GitHub/AirflowTuto/venv/lib/python3.10/site-packages/airflow/example_dags/example_complex.py
[2024-07-18T19:22:24.838+0200] {processor.py:840} INFO - DAG(s) 'example_complex' retrieved from /home/richonlinux/Documents/GitHub/AirflowTuto/venv/lib/python3.10/site-packages/airflow/example_dags/example_complex.py
[2024-07-18T19:22:24.856+0200] {logging_mixin.py:188} INFO - [2024-07-18T19:22:24.856+0200] {dag.py:3089} INFO - Sync 1 DAGs
[2024-07-18T19:22:24.863+0200] {logging_mixin.py:188} INFO - [2024-07-18T19:22:24.863+0200] {dag.py:3947} INFO - Setting next_dagrun for example_complex to None, run_after=None
[2024-07-18T19:22:24.878+0200] {processor.py:183} INFO - Processing /home/richonlinux/Documents/GitHub/AirflowTuto/venv/lib/python3.10/site-packages/airflow/example_dags/example_complex.py took 0.053 seconds
