[2024-07-18T18:16:08.719+0200] {processor.py:161} INFO - Started process (PID=257709) to work on /home/richonlinux/Documents/GitHub/AirflowTuto/venv/lib/python3.10/site-packages/airflow/example_dags/example_datasets.py
[2024-07-18T18:16:08.720+0200] {processor.py:830} INFO - Processing file /home/richonlinux/Documents/GitHub/AirflowTuto/venv/lib/python3.10/site-packages/airflow/example_dags/example_datasets.py for tasks to queue
[2024-07-18T18:16:08.723+0200] {logging_mixin.py:188} INFO - [2024-07-18T18:16:08.722+0200] {dagbag.py:545} INFO - Filling up the DagBag from /home/richonlinux/Documents/GitHub/AirflowTuto/venv/lib/python3.10/site-packages/airflow/example_dags/example_datasets.py
[2024-07-18T18:16:08.733+0200] {processor.py:840} INFO - DAG(s) 'consume_1_or_both_2_and_3_with_dataset_expressions', 'dataset_consumes_1_never_scheduled', 'dataset_consumes_1', 'consume_1_or_2_with_dataset_expressions', 'consume_1_and_2_with_dataset_expressions', 'dataset_consumes_unknown_never_scheduled', 'dataset_produces_1', 'dataset_produces_2', 'conditional_dataset_and_time_based_timetable', 'dataset_consumes_1_and_2' retrieved from /home/richonlinux/Documents/GitHub/AirflowTuto/venv/lib/python3.10/site-packages/airflow/example_dags/example_datasets.py
[2024-07-18T18:16:08.788+0200] {logging_mixin.py:188} INFO - [2024-07-18T18:16:08.788+0200] {override.py:1858} INFO - Created Permission View: can edit on DAG:consume_1_or_both_2_and_3_with_dataset_expressions
[2024-07-18T18:16:08.795+0200] {logging_mixin.py:188} INFO - [2024-07-18T18:16:08.795+0200] {override.py:1858} INFO - Created Permission View: can read on DAG:consume_1_or_both_2_and_3_with_dataset_expressions
[2024-07-18T18:16:08.801+0200] {logging_mixin.py:188} INFO - [2024-07-18T18:16:08.800+0200] {override.py:1858} INFO - Created Permission View: can delete on DAG:consume_1_or_both_2_and_3_with_dataset_expressions
[2024-07-18T18:16:08.815+0200] {logging_mixin.py:188} INFO - [2024-07-18T18:16:08.814+0200] {override.py:1858} INFO - Created Permission View: can edit on DAG:dataset_consumes_1_never_scheduled
[2024-07-18T18:16:08.820+0200] {logging_mixin.py:188} INFO - [2024-07-18T18:16:08.820+0200] {override.py:1858} INFO - Created Permission View: can read on DAG:dataset_consumes_1_never_scheduled
[2024-07-18T18:16:08.826+0200] {logging_mixin.py:188} INFO - [2024-07-18T18:16:08.825+0200] {override.py:1858} INFO - Created Permission View: can delete on DAG:dataset_consumes_1_never_scheduled
[2024-07-18T18:16:08.839+0200] {logging_mixin.py:188} INFO - [2024-07-18T18:16:08.839+0200] {override.py:1858} INFO - Created Permission View: can edit on DAG:dataset_consumes_1
[2024-07-18T18:16:08.845+0200] {logging_mixin.py:188} INFO - [2024-07-18T18:16:08.844+0200] {override.py:1858} INFO - Created Permission View: can read on DAG:dataset_consumes_1
[2024-07-18T18:16:08.850+0200] {logging_mixin.py:188} INFO - [2024-07-18T18:16:08.849+0200] {override.py:1858} INFO - Created Permission View: can delete on DAG:dataset_consumes_1
[2024-07-18T18:16:08.863+0200] {logging_mixin.py:188} INFO - [2024-07-18T18:16:08.862+0200] {override.py:1858} INFO - Created Permission View: can edit on DAG:consume_1_or_2_with_dataset_expressions
[2024-07-18T18:16:08.870+0200] {logging_mixin.py:188} INFO - [2024-07-18T18:16:08.870+0200] {override.py:1858} INFO - Created Permission View: can read on DAG:consume_1_or_2_with_dataset_expressions
[2024-07-18T18:16:08.876+0200] {logging_mixin.py:188} INFO - [2024-07-18T18:16:08.875+0200] {override.py:1858} INFO - Created Permission View: can delete on DAG:consume_1_or_2_with_dataset_expressions
[2024-07-18T18:16:08.888+0200] {logging_mixin.py:188} INFO - [2024-07-18T18:16:08.888+0200] {override.py:1858} INFO - Created Permission View: can edit on DAG:consume_1_and_2_with_dataset_expressions
[2024-07-18T18:16:08.893+0200] {logging_mixin.py:188} INFO - [2024-07-18T18:16:08.893+0200] {override.py:1858} INFO - Created Permission View: can read on DAG:consume_1_and_2_with_dataset_expressions
[2024-07-18T18:16:08.898+0200] {logging_mixin.py:188} INFO - [2024-07-18T18:16:08.898+0200] {override.py:1858} INFO - Created Permission View: can delete on DAG:consume_1_and_2_with_dataset_expressions
[2024-07-18T18:16:08.910+0200] {logging_mixin.py:188} INFO - [2024-07-18T18:16:08.910+0200] {override.py:1858} INFO - Created Permission View: can edit on DAG:dataset_consumes_unknown_never_scheduled
[2024-07-18T18:16:08.916+0200] {logging_mixin.py:188} INFO - [2024-07-18T18:16:08.915+0200] {override.py:1858} INFO - Created Permission View: can read on DAG:dataset_consumes_unknown_never_scheduled
[2024-07-18T18:16:08.921+0200] {logging_mixin.py:188} INFO - [2024-07-18T18:16:08.921+0200] {override.py:1858} INFO - Created Permission View: can delete on DAG:dataset_consumes_unknown_never_scheduled
[2024-07-18T18:16:08.937+0200] {logging_mixin.py:188} INFO - [2024-07-18T18:16:08.937+0200] {override.py:1858} INFO - Created Permission View: can edit on DAG:dataset_produces_1
[2024-07-18T18:16:08.946+0200] {logging_mixin.py:188} INFO - [2024-07-18T18:16:08.945+0200] {override.py:1858} INFO - Created Permission View: can read on DAG:dataset_produces_1
[2024-07-18T18:16:08.954+0200] {logging_mixin.py:188} INFO - [2024-07-18T18:16:08.954+0200] {override.py:1858} INFO - Created Permission View: can delete on DAG:dataset_produces_1
[2024-07-18T18:16:08.968+0200] {logging_mixin.py:188} INFO - [2024-07-18T18:16:08.967+0200] {override.py:1858} INFO - Created Permission View: can edit on DAG:dataset_produces_2
[2024-07-18T18:16:08.974+0200] {logging_mixin.py:188} INFO - [2024-07-18T18:16:08.973+0200] {override.py:1858} INFO - Created Permission View: can read on DAG:dataset_produces_2
[2024-07-18T18:16:08.982+0200] {logging_mixin.py:188} INFO - [2024-07-18T18:16:08.982+0200] {override.py:1858} INFO - Created Permission View: can delete on DAG:dataset_produces_2
[2024-07-18T18:16:08.997+0200] {logging_mixin.py:188} INFO - [2024-07-18T18:16:08.997+0200] {override.py:1858} INFO - Created Permission View: can edit on DAG:conditional_dataset_and_time_based_timetable
[2024-07-18T18:16:09.004+0200] {logging_mixin.py:188} INFO - [2024-07-18T18:16:09.003+0200] {override.py:1858} INFO - Created Permission View: can read on DAG:conditional_dataset_and_time_based_timetable
[2024-07-18T18:16:09.009+0200] {logging_mixin.py:188} INFO - [2024-07-18T18:16:09.009+0200] {override.py:1858} INFO - Created Permission View: can delete on DAG:conditional_dataset_and_time_based_timetable
[2024-07-18T18:16:09.023+0200] {logging_mixin.py:188} INFO - [2024-07-18T18:16:09.022+0200] {override.py:1858} INFO - Created Permission View: can edit on DAG:dataset_consumes_1_and_2
[2024-07-18T18:16:09.029+0200] {logging_mixin.py:188} INFO - [2024-07-18T18:16:09.028+0200] {override.py:1858} INFO - Created Permission View: can read on DAG:dataset_consumes_1_and_2
[2024-07-18T18:16:09.036+0200] {logging_mixin.py:188} INFO - [2024-07-18T18:16:09.036+0200] {override.py:1858} INFO - Created Permission View: can delete on DAG:dataset_consumes_1_and_2
[2024-07-18T18:16:09.036+0200] {logging_mixin.py:188} INFO - [2024-07-18T18:16:09.036+0200] {dag.py:3089} INFO - Sync 10 DAGs
[2024-07-18T18:16:09.043+0200] {logging_mixin.py:188} INFO - [2024-07-18T18:16:09.042+0200] {dag.py:3111} INFO - Creating ORM DAG for dataset_produces_1
[2024-07-18T18:16:09.043+0200] {logging_mixin.py:188} INFO - [2024-07-18T18:16:09.043+0200] {dag.py:3111} INFO - Creating ORM DAG for dataset_consumes_1_and_2
[2024-07-18T18:16:09.043+0200] {logging_mixin.py:188} INFO - [2024-07-18T18:16:09.043+0200] {dag.py:3111} INFO - Creating ORM DAG for dataset_produces_2
[2024-07-18T18:16:09.044+0200] {logging_mixin.py:188} INFO - [2024-07-18T18:16:09.043+0200] {dag.py:3111} INFO - Creating ORM DAG for dataset_consumes_1
[2024-07-18T18:16:09.044+0200] {logging_mixin.py:188} INFO - [2024-07-18T18:16:09.044+0200] {dag.py:3111} INFO - Creating ORM DAG for dataset_consumes_1_never_scheduled
[2024-07-18T18:16:09.044+0200] {logging_mixin.py:188} INFO - [2024-07-18T18:16:09.044+0200] {dag.py:3111} INFO - Creating ORM DAG for consume_1_or_2_with_dataset_expressions
[2024-07-18T18:16:09.044+0200] {logging_mixin.py:188} INFO - [2024-07-18T18:16:09.044+0200] {dag.py:3111} INFO - Creating ORM DAG for conditional_dataset_and_time_based_timetable
[2024-07-18T18:16:09.044+0200] {logging_mixin.py:188} INFO - [2024-07-18T18:16:09.044+0200] {dag.py:3111} INFO - Creating ORM DAG for consume_1_or_both_2_and_3_with_dataset_expressions
[2024-07-18T18:16:09.045+0200] {logging_mixin.py:188} INFO - [2024-07-18T18:16:09.045+0200] {dag.py:3111} INFO - Creating ORM DAG for consume_1_and_2_with_dataset_expressions
[2024-07-18T18:16:09.045+0200] {logging_mixin.py:188} INFO - [2024-07-18T18:16:09.045+0200] {dag.py:3111} INFO - Creating ORM DAG for dataset_consumes_unknown_never_scheduled
[2024-07-18T18:16:09.049+0200] {logging_mixin.py:188} INFO - [2024-07-18T18:16:09.049+0200] {dag.py:3947} INFO - Setting next_dagrun for conditional_dataset_and_time_based_timetable to 2024-07-17 01:00:00+00:00, run_after=2024-07-17 01:00:00+00:00
[2024-07-18T18:16:09.050+0200] {logging_mixin.py:188} INFO - [2024-07-18T18:16:09.050+0200] {dag.py:3947} INFO - Setting next_dagrun for consume_1_and_2_with_dataset_expressions to None, run_after=None
[2024-07-18T18:16:09.050+0200] {logging_mixin.py:188} INFO - [2024-07-18T18:16:09.050+0200] {dag.py:3947} INFO - Setting next_dagrun for consume_1_or_2_with_dataset_expressions to None, run_after=None
[2024-07-18T18:16:09.050+0200] {logging_mixin.py:188} INFO - [2024-07-18T18:16:09.050+0200] {dag.py:3947} INFO - Setting next_dagrun for consume_1_or_both_2_and_3_with_dataset_expressions to None, run_after=None
[2024-07-18T18:16:09.050+0200] {logging_mixin.py:188} INFO - [2024-07-18T18:16:09.050+0200] {dag.py:3947} INFO - Setting next_dagrun for dataset_consumes_1 to None, run_after=None
[2024-07-18T18:16:09.051+0200] {logging_mixin.py:188} INFO - [2024-07-18T18:16:09.051+0200] {dag.py:3947} INFO - Setting next_dagrun for dataset_consumes_1_and_2 to None, run_after=None
[2024-07-18T18:16:09.051+0200] {logging_mixin.py:188} INFO - [2024-07-18T18:16:09.051+0200] {dag.py:3947} INFO - Setting next_dagrun for dataset_consumes_1_never_scheduled to None, run_after=None
[2024-07-18T18:16:09.051+0200] {logging_mixin.py:188} INFO - [2024-07-18T18:16:09.051+0200] {dag.py:3947} INFO - Setting next_dagrun for dataset_consumes_unknown_never_scheduled to None, run_after=None
[2024-07-18T18:16:09.052+0200] {logging_mixin.py:188} INFO - [2024-07-18T18:16:09.052+0200] {dag.py:3947} INFO - Setting next_dagrun for dataset_produces_1 to 2024-07-17 00:00:00+00:00, run_after=2024-07-18 00:00:00+00:00
[2024-07-18T18:16:09.052+0200] {logging_mixin.py:188} INFO - [2024-07-18T18:16:09.052+0200] {dag.py:3947} INFO - Setting next_dagrun for dataset_produces_2 to None, run_after=None
[2024-07-18T18:16:09.071+0200] {processor.py:183} INFO - Processing /home/richonlinux/Documents/GitHub/AirflowTuto/venv/lib/python3.10/site-packages/airflow/example_dags/example_datasets.py took 0.357 seconds
[2024-07-18T18:17:02.914+0200] {processor.py:161} INFO - Started process (PID=258647) to work on /home/richonlinux/Documents/GitHub/AirflowTuto/venv/lib/python3.10/site-packages/airflow/example_dags/example_datasets.py
[2024-07-18T18:17:02.918+0200] {processor.py:830} INFO - Processing file /home/richonlinux/Documents/GitHub/AirflowTuto/venv/lib/python3.10/site-packages/airflow/example_dags/example_datasets.py for tasks to queue
[2024-07-18T18:17:02.921+0200] {logging_mixin.py:188} INFO - [2024-07-18T18:17:02.920+0200] {dagbag.py:545} INFO - Filling up the DagBag from /home/richonlinux/Documents/GitHub/AirflowTuto/venv/lib/python3.10/site-packages/airflow/example_dags/example_datasets.py
[2024-07-18T18:17:02.930+0200] {processor.py:840} INFO - DAG(s) 'conditional_dataset_and_time_based_timetable', 'dataset_consumes_1', 'dataset_produces_1', 'consume_1_or_2_with_dataset_expressions', 'dataset_consumes_1_never_scheduled', 'dataset_produces_2', 'dataset_consumes_1_and_2', 'consume_1_and_2_with_dataset_expressions', 'dataset_consumes_unknown_never_scheduled', 'consume_1_or_both_2_and_3_with_dataset_expressions' retrieved from /home/richonlinux/Documents/GitHub/AirflowTuto/venv/lib/python3.10/site-packages/airflow/example_dags/example_datasets.py
[2024-07-18T18:17:02.951+0200] {logging_mixin.py:188} INFO - [2024-07-18T18:17:02.951+0200] {dag.py:3089} INFO - Sync 10 DAGs
[2024-07-18T18:17:02.964+0200] {logging_mixin.py:188} INFO - [2024-07-18T18:17:02.964+0200] {dag.py:3947} INFO - Setting next_dagrun for conditional_dataset_and_time_based_timetable to 2024-07-17 01:00:00+00:00, run_after=2024-07-17 01:00:00+00:00
[2024-07-18T18:17:02.965+0200] {logging_mixin.py:188} INFO - [2024-07-18T18:17:02.965+0200] {dag.py:3947} INFO - Setting next_dagrun for consume_1_and_2_with_dataset_expressions to None, run_after=None
[2024-07-18T18:17:02.966+0200] {logging_mixin.py:188} INFO - [2024-07-18T18:17:02.966+0200] {dag.py:3947} INFO - Setting next_dagrun for consume_1_or_2_with_dataset_expressions to None, run_after=None
[2024-07-18T18:17:02.966+0200] {logging_mixin.py:188} INFO - [2024-07-18T18:17:02.966+0200] {dag.py:3947} INFO - Setting next_dagrun for consume_1_or_both_2_and_3_with_dataset_expressions to None, run_after=None
[2024-07-18T18:17:02.967+0200] {logging_mixin.py:188} INFO - [2024-07-18T18:17:02.967+0200] {dag.py:3947} INFO - Setting next_dagrun for dataset_consumes_1 to None, run_after=None
[2024-07-18T18:17:02.967+0200] {logging_mixin.py:188} INFO - [2024-07-18T18:17:02.967+0200] {dag.py:3947} INFO - Setting next_dagrun for dataset_consumes_1_and_2 to None, run_after=None
[2024-07-18T18:17:02.968+0200] {logging_mixin.py:188} INFO - [2024-07-18T18:17:02.968+0200] {dag.py:3947} INFO - Setting next_dagrun for dataset_consumes_1_never_scheduled to None, run_after=None
[2024-07-18T18:17:02.968+0200] {logging_mixin.py:188} INFO - [2024-07-18T18:17:02.968+0200] {dag.py:3947} INFO - Setting next_dagrun for dataset_consumes_unknown_never_scheduled to None, run_after=None
[2024-07-18T18:17:02.969+0200] {logging_mixin.py:188} INFO - [2024-07-18T18:17:02.969+0200] {dag.py:3947} INFO - Setting next_dagrun for dataset_produces_1 to 2024-07-17 00:00:00+00:00, run_after=2024-07-18 00:00:00+00:00
[2024-07-18T18:17:02.970+0200] {logging_mixin.py:188} INFO - [2024-07-18T18:17:02.970+0200] {dag.py:3947} INFO - Setting next_dagrun for dataset_produces_2 to None, run_after=None
[2024-07-18T18:17:02.988+0200] {processor.py:183} INFO - Processing /home/richonlinux/Documents/GitHub/AirflowTuto/venv/lib/python3.10/site-packages/airflow/example_dags/example_datasets.py took 0.082 seconds
[2024-07-18T18:43:51.075+0200] {processor.py:161} INFO - Started process (PID=259746) to work on /home/richonlinux/Documents/GitHub/AirflowTuto/venv/lib/python3.10/site-packages/airflow/example_dags/example_datasets.py
[2024-07-18T18:43:51.076+0200] {processor.py:830} INFO - Processing file /home/richonlinux/Documents/GitHub/AirflowTuto/venv/lib/python3.10/site-packages/airflow/example_dags/example_datasets.py for tasks to queue
[2024-07-18T18:43:51.077+0200] {logging_mixin.py:188} INFO - [2024-07-18T18:43:51.076+0200] {dagbag.py:545} INFO - Filling up the DagBag from /home/richonlinux/Documents/GitHub/AirflowTuto/venv/lib/python3.10/site-packages/airflow/example_dags/example_datasets.py
[2024-07-18T18:43:51.087+0200] {processor.py:840} INFO - DAG(s) 'dataset_consumes_1', 'dataset_produces_1', 'dataset_consumes_1_and_2', 'consume_1_and_2_with_dataset_expressions', 'consume_1_or_2_with_dataset_expressions', 'conditional_dataset_and_time_based_timetable', 'dataset_produces_2', 'dataset_consumes_1_never_scheduled', 'dataset_consumes_unknown_never_scheduled', 'consume_1_or_both_2_and_3_with_dataset_expressions' retrieved from /home/richonlinux/Documents/GitHub/AirflowTuto/venv/lib/python3.10/site-packages/airflow/example_dags/example_datasets.py
[2024-07-18T18:43:51.106+0200] {logging_mixin.py:188} INFO - [2024-07-18T18:43:51.106+0200] {dag.py:3089} INFO - Sync 10 DAGs
[2024-07-18T18:43:51.116+0200] {logging_mixin.py:188} INFO - [2024-07-18T18:43:51.116+0200] {dag.py:3947} INFO - Setting next_dagrun for conditional_dataset_and_time_based_timetable to 2024-07-17 01:00:00+00:00, run_after=2024-07-17 01:00:00+00:00
[2024-07-18T18:43:51.118+0200] {logging_mixin.py:188} INFO - [2024-07-18T18:43:51.118+0200] {dag.py:3947} INFO - Setting next_dagrun for consume_1_and_2_with_dataset_expressions to None, run_after=None
[2024-07-18T18:43:51.118+0200] {logging_mixin.py:188} INFO - [2024-07-18T18:43:51.118+0200] {dag.py:3947} INFO - Setting next_dagrun for consume_1_or_2_with_dataset_expressions to None, run_after=None
[2024-07-18T18:43:51.119+0200] {logging_mixin.py:188} INFO - [2024-07-18T18:43:51.119+0200] {dag.py:3947} INFO - Setting next_dagrun for consume_1_or_both_2_and_3_with_dataset_expressions to None, run_after=None
[2024-07-18T18:43:51.120+0200] {logging_mixin.py:188} INFO - [2024-07-18T18:43:51.120+0200] {dag.py:3947} INFO - Setting next_dagrun for dataset_consumes_1 to None, run_after=None
[2024-07-18T18:43:51.120+0200] {logging_mixin.py:188} INFO - [2024-07-18T18:43:51.120+0200] {dag.py:3947} INFO - Setting next_dagrun for dataset_consumes_1_and_2 to None, run_after=None
[2024-07-18T18:43:51.121+0200] {logging_mixin.py:188} INFO - [2024-07-18T18:43:51.121+0200] {dag.py:3947} INFO - Setting next_dagrun for dataset_consumes_1_never_scheduled to None, run_after=None
[2024-07-18T18:43:51.121+0200] {logging_mixin.py:188} INFO - [2024-07-18T18:43:51.121+0200] {dag.py:3947} INFO - Setting next_dagrun for dataset_consumes_unknown_never_scheduled to None, run_after=None
[2024-07-18T18:43:51.122+0200] {logging_mixin.py:188} INFO - [2024-07-18T18:43:51.122+0200] {dag.py:3947} INFO - Setting next_dagrun for dataset_produces_1 to 2024-07-17 00:00:00+00:00, run_after=2024-07-18 00:00:00+00:00
[2024-07-18T18:43:51.123+0200] {logging_mixin.py:188} INFO - [2024-07-18T18:43:51.123+0200] {dag.py:3947} INFO - Setting next_dagrun for dataset_produces_2 to None, run_after=None
[2024-07-18T18:43:51.197+0200] {processor.py:183} INFO - Processing /home/richonlinux/Documents/GitHub/AirflowTuto/venv/lib/python3.10/site-packages/airflow/example_dags/example_datasets.py took 0.126 seconds
[2024-07-18T18:44:39.558+0200] {processor.py:161} INFO - Started process (PID=260757) to work on /home/richonlinux/Documents/GitHub/AirflowTuto/venv/lib/python3.10/site-packages/airflow/example_dags/example_datasets.py
[2024-07-18T18:44:39.560+0200] {processor.py:830} INFO - Processing file /home/richonlinux/Documents/GitHub/AirflowTuto/venv/lib/python3.10/site-packages/airflow/example_dags/example_datasets.py for tasks to queue
[2024-07-18T18:44:39.561+0200] {logging_mixin.py:188} INFO - [2024-07-18T18:44:39.561+0200] {dagbag.py:545} INFO - Filling up the DagBag from /home/richonlinux/Documents/GitHub/AirflowTuto/venv/lib/python3.10/site-packages/airflow/example_dags/example_datasets.py
[2024-07-18T18:44:39.626+0200] {processor.py:840} INFO - DAG(s) 'consume_1_or_2_with_dataset_expressions', 'dataset_consumes_unknown_never_scheduled', 'dataset_consumes_1_and_2', 'conditional_dataset_and_time_based_timetable', 'dataset_consumes_1', 'dataset_produces_2', 'consume_1_or_both_2_and_3_with_dataset_expressions', 'consume_1_and_2_with_dataset_expressions', 'dataset_produces_1', 'dataset_consumes_1_never_scheduled' retrieved from /home/richonlinux/Documents/GitHub/AirflowTuto/venv/lib/python3.10/site-packages/airflow/example_dags/example_datasets.py
[2024-07-18T18:44:39.644+0200] {logging_mixin.py:188} INFO - [2024-07-18T18:44:39.643+0200] {dag.py:3089} INFO - Sync 10 DAGs
[2024-07-18T18:44:39.654+0200] {logging_mixin.py:188} INFO - [2024-07-18T18:44:39.654+0200] {dag.py:3947} INFO - Setting next_dagrun for conditional_dataset_and_time_based_timetable to 2024-07-17 01:00:00+00:00, run_after=2024-07-17 01:00:00+00:00
[2024-07-18T18:44:39.656+0200] {logging_mixin.py:188} INFO - [2024-07-18T18:44:39.656+0200] {dag.py:3947} INFO - Setting next_dagrun for consume_1_and_2_with_dataset_expressions to None, run_after=None
[2024-07-18T18:44:39.656+0200] {logging_mixin.py:188} INFO - [2024-07-18T18:44:39.656+0200] {dag.py:3947} INFO - Setting next_dagrun for consume_1_or_2_with_dataset_expressions to None, run_after=None
[2024-07-18T18:44:39.657+0200] {logging_mixin.py:188} INFO - [2024-07-18T18:44:39.657+0200] {dag.py:3947} INFO - Setting next_dagrun for consume_1_or_both_2_and_3_with_dataset_expressions to None, run_after=None
[2024-07-18T18:44:39.657+0200] {logging_mixin.py:188} INFO - [2024-07-18T18:44:39.657+0200] {dag.py:3947} INFO - Setting next_dagrun for dataset_consumes_1 to None, run_after=None
[2024-07-18T18:44:39.658+0200] {logging_mixin.py:188} INFO - [2024-07-18T18:44:39.658+0200] {dag.py:3947} INFO - Setting next_dagrun for dataset_consumes_1_and_2 to None, run_after=None
[2024-07-18T18:44:39.658+0200] {logging_mixin.py:188} INFO - [2024-07-18T18:44:39.658+0200] {dag.py:3947} INFO - Setting next_dagrun for dataset_consumes_1_never_scheduled to None, run_after=None
[2024-07-18T18:44:39.659+0200] {logging_mixin.py:188} INFO - [2024-07-18T18:44:39.659+0200] {dag.py:3947} INFO - Setting next_dagrun for dataset_consumes_unknown_never_scheduled to None, run_after=None
[2024-07-18T18:44:39.660+0200] {logging_mixin.py:188} INFO - [2024-07-18T18:44:39.660+0200] {dag.py:3947} INFO - Setting next_dagrun for dataset_produces_1 to 2024-07-17 00:00:00+00:00, run_after=2024-07-18 00:00:00+00:00
[2024-07-18T18:44:39.660+0200] {logging_mixin.py:188} INFO - [2024-07-18T18:44:39.660+0200] {dag.py:3947} INFO - Setting next_dagrun for dataset_produces_2 to None, run_after=None
[2024-07-18T18:44:39.680+0200] {processor.py:183} INFO - Processing /home/richonlinux/Documents/GitHub/AirflowTuto/venv/lib/python3.10/site-packages/airflow/example_dags/example_datasets.py took 0.129 seconds
[2024-07-18T18:45:23.523+0200] {processor.py:161} INFO - Started process (PID=261617) to work on /home/richonlinux/Documents/GitHub/AirflowTuto/venv/lib/python3.10/site-packages/airflow/example_dags/example_datasets.py
[2024-07-18T18:45:23.526+0200] {processor.py:830} INFO - Processing file /home/richonlinux/Documents/GitHub/AirflowTuto/venv/lib/python3.10/site-packages/airflow/example_dags/example_datasets.py for tasks to queue
[2024-07-18T18:45:23.527+0200] {logging_mixin.py:188} INFO - [2024-07-18T18:45:23.527+0200] {dagbag.py:545} INFO - Filling up the DagBag from /home/richonlinux/Documents/GitHub/AirflowTuto/venv/lib/python3.10/site-packages/airflow/example_dags/example_datasets.py
[2024-07-18T18:45:23.534+0200] {processor.py:840} INFO - DAG(s) 'dataset_produces_1', 'consume_1_and_2_with_dataset_expressions', 'dataset_consumes_1_and_2', 'consume_1_or_both_2_and_3_with_dataset_expressions', 'consume_1_or_2_with_dataset_expressions', 'conditional_dataset_and_time_based_timetable', 'dataset_consumes_unknown_never_scheduled', 'dataset_consumes_1_never_scheduled', 'dataset_consumes_1', 'dataset_produces_2' retrieved from /home/richonlinux/Documents/GitHub/AirflowTuto/venv/lib/python3.10/site-packages/airflow/example_dags/example_datasets.py
[2024-07-18T18:45:23.554+0200] {logging_mixin.py:188} INFO - [2024-07-18T18:45:23.554+0200] {dag.py:3089} INFO - Sync 10 DAGs
[2024-07-18T18:45:23.565+0200] {logging_mixin.py:188} INFO - [2024-07-18T18:45:23.565+0200] {dag.py:3947} INFO - Setting next_dagrun for conditional_dataset_and_time_based_timetable to 2024-07-17 01:00:00+00:00, run_after=2024-07-17 01:00:00+00:00
[2024-07-18T18:45:23.567+0200] {logging_mixin.py:188} INFO - [2024-07-18T18:45:23.567+0200] {dag.py:3947} INFO - Setting next_dagrun for consume_1_and_2_with_dataset_expressions to None, run_after=None
[2024-07-18T18:45:23.568+0200] {logging_mixin.py:188} INFO - [2024-07-18T18:45:23.568+0200] {dag.py:3947} INFO - Setting next_dagrun for consume_1_or_2_with_dataset_expressions to None, run_after=None
[2024-07-18T18:45:23.568+0200] {logging_mixin.py:188} INFO - [2024-07-18T18:45:23.568+0200] {dag.py:3947} INFO - Setting next_dagrun for consume_1_or_both_2_and_3_with_dataset_expressions to None, run_after=None
[2024-07-18T18:45:23.569+0200] {logging_mixin.py:188} INFO - [2024-07-18T18:45:23.568+0200] {dag.py:3947} INFO - Setting next_dagrun for dataset_consumes_1 to None, run_after=None
[2024-07-18T18:45:23.569+0200] {logging_mixin.py:188} INFO - [2024-07-18T18:45:23.569+0200] {dag.py:3947} INFO - Setting next_dagrun for dataset_consumes_1_and_2 to None, run_after=None
[2024-07-18T18:45:23.569+0200] {logging_mixin.py:188} INFO - [2024-07-18T18:45:23.569+0200] {dag.py:3947} INFO - Setting next_dagrun for dataset_consumes_1_never_scheduled to None, run_after=None
[2024-07-18T18:45:23.570+0200] {logging_mixin.py:188} INFO - [2024-07-18T18:45:23.570+0200] {dag.py:3947} INFO - Setting next_dagrun for dataset_consumes_unknown_never_scheduled to None, run_after=None
[2024-07-18T18:45:23.571+0200] {logging_mixin.py:188} INFO - [2024-07-18T18:45:23.571+0200] {dag.py:3947} INFO - Setting next_dagrun for dataset_produces_1 to 2024-07-17 00:00:00+00:00, run_after=2024-07-18 00:00:00+00:00
[2024-07-18T18:45:23.571+0200] {logging_mixin.py:188} INFO - [2024-07-18T18:45:23.571+0200] {dag.py:3947} INFO - Setting next_dagrun for dataset_produces_2 to None, run_after=None
[2024-07-18T18:45:23.587+0200] {processor.py:183} INFO - Processing /home/richonlinux/Documents/GitHub/AirflowTuto/venv/lib/python3.10/site-packages/airflow/example_dags/example_datasets.py took 0.068 seconds
[2024-07-18T18:46:01.906+0200] {processor.py:161} INFO - Started process (PID=262510) to work on /home/richonlinux/Documents/GitHub/AirflowTuto/venv/lib/python3.10/site-packages/airflow/example_dags/example_datasets.py
[2024-07-18T18:46:01.907+0200] {processor.py:830} INFO - Processing file /home/richonlinux/Documents/GitHub/AirflowTuto/venv/lib/python3.10/site-packages/airflow/example_dags/example_datasets.py for tasks to queue
[2024-07-18T18:46:01.908+0200] {logging_mixin.py:188} INFO - [2024-07-18T18:46:01.907+0200] {dagbag.py:545} INFO - Filling up the DagBag from /home/richonlinux/Documents/GitHub/AirflowTuto/venv/lib/python3.10/site-packages/airflow/example_dags/example_datasets.py
[2024-07-18T18:46:01.915+0200] {processor.py:840} INFO - DAG(s) 'conditional_dataset_and_time_based_timetable', 'dataset_consumes_unknown_never_scheduled', 'dataset_consumes_1_and_2', 'dataset_produces_1', 'dataset_consumes_1_never_scheduled', 'consume_1_or_both_2_and_3_with_dataset_expressions', 'consume_1_or_2_with_dataset_expressions', 'dataset_produces_2', 'dataset_consumes_1', 'consume_1_and_2_with_dataset_expressions' retrieved from /home/richonlinux/Documents/GitHub/AirflowTuto/venv/lib/python3.10/site-packages/airflow/example_dags/example_datasets.py
[2024-07-18T18:46:01.938+0200] {logging_mixin.py:188} INFO - [2024-07-18T18:46:01.938+0200] {dag.py:3089} INFO - Sync 10 DAGs
[2024-07-18T18:46:01.951+0200] {logging_mixin.py:188} INFO - [2024-07-18T18:46:01.951+0200] {dag.py:3947} INFO - Setting next_dagrun for conditional_dataset_and_time_based_timetable to 2024-07-17 01:00:00+00:00, run_after=2024-07-17 01:00:00+00:00
[2024-07-18T18:46:01.953+0200] {logging_mixin.py:188} INFO - [2024-07-18T18:46:01.953+0200] {dag.py:3947} INFO - Setting next_dagrun for consume_1_and_2_with_dataset_expressions to None, run_after=None
[2024-07-18T18:46:01.954+0200] {logging_mixin.py:188} INFO - [2024-07-18T18:46:01.954+0200] {dag.py:3947} INFO - Setting next_dagrun for consume_1_or_2_with_dataset_expressions to None, run_after=None
[2024-07-18T18:46:01.954+0200] {logging_mixin.py:188} INFO - [2024-07-18T18:46:01.954+0200] {dag.py:3947} INFO - Setting next_dagrun for consume_1_or_both_2_and_3_with_dataset_expressions to None, run_after=None
[2024-07-18T18:46:01.955+0200] {logging_mixin.py:188} INFO - [2024-07-18T18:46:01.955+0200] {dag.py:3947} INFO - Setting next_dagrun for dataset_consumes_1 to None, run_after=None
[2024-07-18T18:46:01.955+0200] {logging_mixin.py:188} INFO - [2024-07-18T18:46:01.955+0200] {dag.py:3947} INFO - Setting next_dagrun for dataset_consumes_1_and_2 to None, run_after=None
[2024-07-18T18:46:01.956+0200] {logging_mixin.py:188} INFO - [2024-07-18T18:46:01.956+0200] {dag.py:3947} INFO - Setting next_dagrun for dataset_consumes_1_never_scheduled to None, run_after=None
[2024-07-18T18:46:01.956+0200] {logging_mixin.py:188} INFO - [2024-07-18T18:46:01.956+0200] {dag.py:3947} INFO - Setting next_dagrun for dataset_consumes_unknown_never_scheduled to None, run_after=None
[2024-07-18T18:46:01.957+0200] {logging_mixin.py:188} INFO - [2024-07-18T18:46:01.957+0200] {dag.py:3947} INFO - Setting next_dagrun for dataset_produces_1 to 2024-07-17 00:00:00+00:00, run_after=2024-07-18 00:00:00+00:00
[2024-07-18T18:46:01.958+0200] {logging_mixin.py:188} INFO - [2024-07-18T18:46:01.958+0200] {dag.py:3947} INFO - Setting next_dagrun for dataset_produces_2 to None, run_after=None
[2024-07-18T18:46:01.979+0200] {processor.py:183} INFO - Processing /home/richonlinux/Documents/GitHub/AirflowTuto/venv/lib/python3.10/site-packages/airflow/example_dags/example_datasets.py took 0.077 seconds
[2024-07-18T18:49:24.409+0200] {processor.py:161} INFO - Started process (PID=265942) to work on /home/richonlinux/Documents/GitHub/AirflowTuto/venv/lib/python3.10/site-packages/airflow/example_dags/example_datasets.py
[2024-07-18T18:49:24.410+0200] {processor.py:830} INFO - Processing file /home/richonlinux/Documents/GitHub/AirflowTuto/venv/lib/python3.10/site-packages/airflow/example_dags/example_datasets.py for tasks to queue
[2024-07-18T18:49:24.411+0200] {logging_mixin.py:188} INFO - [2024-07-18T18:49:24.410+0200] {dagbag.py:545} INFO - Filling up the DagBag from /home/richonlinux/Documents/GitHub/AirflowTuto/venv/lib/python3.10/site-packages/airflow/example_dags/example_datasets.py
[2024-07-18T18:49:24.419+0200] {processor.py:840} INFO - DAG(s) 'consume_1_or_both_2_and_3_with_dataset_expressions', 'dataset_consumes_1_never_scheduled', 'consume_1_or_2_with_dataset_expressions', 'dataset_produces_1', 'dataset_consumes_1_and_2', 'conditional_dataset_and_time_based_timetable', 'dataset_consumes_unknown_never_scheduled', 'consume_1_and_2_with_dataset_expressions', 'dataset_produces_2', 'dataset_consumes_1' retrieved from /home/richonlinux/Documents/GitHub/AirflowTuto/venv/lib/python3.10/site-packages/airflow/example_dags/example_datasets.py
[2024-07-18T18:49:24.425+0200] {logging_mixin.py:188} INFO - [2024-07-18T18:49:24.425+0200] {dag.py:3089} INFO - Sync 10 DAGs
[2024-07-18T18:49:24.436+0200] {logging_mixin.py:188} INFO - [2024-07-18T18:49:24.436+0200] {dag.py:3947} INFO - Setting next_dagrun for conditional_dataset_and_time_based_timetable to 2024-07-17 01:00:00+00:00, run_after=2024-07-17 01:00:00+00:00
[2024-07-18T18:49:24.438+0200] {logging_mixin.py:188} INFO - [2024-07-18T18:49:24.437+0200] {dag.py:3947} INFO - Setting next_dagrun for consume_1_and_2_with_dataset_expressions to None, run_after=None
[2024-07-18T18:49:24.438+0200] {logging_mixin.py:188} INFO - [2024-07-18T18:49:24.438+0200] {dag.py:3947} INFO - Setting next_dagrun for consume_1_or_2_with_dataset_expressions to None, run_after=None
[2024-07-18T18:49:24.438+0200] {logging_mixin.py:188} INFO - [2024-07-18T18:49:24.438+0200] {dag.py:3947} INFO - Setting next_dagrun for consume_1_or_both_2_and_3_with_dataset_expressions to None, run_after=None
[2024-07-18T18:49:24.439+0200] {logging_mixin.py:188} INFO - [2024-07-18T18:49:24.439+0200] {dag.py:3947} INFO - Setting next_dagrun for dataset_consumes_1 to None, run_after=None
[2024-07-18T18:49:24.439+0200] {logging_mixin.py:188} INFO - [2024-07-18T18:49:24.439+0200] {dag.py:3947} INFO - Setting next_dagrun for dataset_consumes_1_and_2 to None, run_after=None
[2024-07-18T18:49:24.440+0200] {logging_mixin.py:188} INFO - [2024-07-18T18:49:24.440+0200] {dag.py:3947} INFO - Setting next_dagrun for dataset_consumes_1_never_scheduled to None, run_after=None
[2024-07-18T18:49:24.440+0200] {logging_mixin.py:188} INFO - [2024-07-18T18:49:24.440+0200] {dag.py:3947} INFO - Setting next_dagrun for dataset_consumes_unknown_never_scheduled to None, run_after=None
[2024-07-18T18:49:24.441+0200] {logging_mixin.py:188} INFO - [2024-07-18T18:49:24.441+0200] {dag.py:3947} INFO - Setting next_dagrun for dataset_produces_1 to 2024-07-17 00:00:00+00:00, run_after=2024-07-18 00:00:00+00:00
[2024-07-18T18:49:24.442+0200] {logging_mixin.py:188} INFO - [2024-07-18T18:49:24.442+0200] {dag.py:3947} INFO - Setting next_dagrun for dataset_produces_2 to None, run_after=None
[2024-07-18T18:49:24.458+0200] {processor.py:183} INFO - Processing /home/richonlinux/Documents/GitHub/AirflowTuto/venv/lib/python3.10/site-packages/airflow/example_dags/example_datasets.py took 0.053 seconds
[2024-07-18T18:51:17.760+0200] {processor.py:161} INFO - Started process (PID=268203) to work on /home/richonlinux/Documents/GitHub/AirflowTuto/venv/lib/python3.10/site-packages/airflow/example_dags/example_datasets.py
[2024-07-18T18:51:17.761+0200] {processor.py:830} INFO - Processing file /home/richonlinux/Documents/GitHub/AirflowTuto/venv/lib/python3.10/site-packages/airflow/example_dags/example_datasets.py for tasks to queue
[2024-07-18T18:51:17.762+0200] {logging_mixin.py:188} INFO - [2024-07-18T18:51:17.762+0200] {dagbag.py:545} INFO - Filling up the DagBag from /home/richonlinux/Documents/GitHub/AirflowTuto/venv/lib/python3.10/site-packages/airflow/example_dags/example_datasets.py
[2024-07-18T18:51:17.773+0200] {processor.py:840} INFO - DAG(s) 'dataset_produces_2', 'conditional_dataset_and_time_based_timetable', 'dataset_produces_1', 'dataset_consumes_1_and_2', 'dataset_consumes_unknown_never_scheduled', 'dataset_consumes_1_never_scheduled', 'consume_1_and_2_with_dataset_expressions', 'consume_1_or_both_2_and_3_with_dataset_expressions', 'consume_1_or_2_with_dataset_expressions', 'dataset_consumes_1' retrieved from /home/richonlinux/Documents/GitHub/AirflowTuto/venv/lib/python3.10/site-packages/airflow/example_dags/example_datasets.py
[2024-07-18T18:51:17.778+0200] {logging_mixin.py:188} INFO - [2024-07-18T18:51:17.778+0200] {dag.py:3089} INFO - Sync 10 DAGs
[2024-07-18T18:51:17.789+0200] {logging_mixin.py:188} INFO - [2024-07-18T18:51:17.789+0200] {dag.py:3947} INFO - Setting next_dagrun for conditional_dataset_and_time_based_timetable to 2024-07-17 01:00:00+00:00, run_after=2024-07-17 01:00:00+00:00
[2024-07-18T18:51:17.790+0200] {logging_mixin.py:188} INFO - [2024-07-18T18:51:17.790+0200] {dag.py:3947} INFO - Setting next_dagrun for consume_1_and_2_with_dataset_expressions to None, run_after=None
[2024-07-18T18:51:17.791+0200] {logging_mixin.py:188} INFO - [2024-07-18T18:51:17.791+0200] {dag.py:3947} INFO - Setting next_dagrun for consume_1_or_2_with_dataset_expressions to None, run_after=None
[2024-07-18T18:51:17.791+0200] {logging_mixin.py:188} INFO - [2024-07-18T18:51:17.791+0200] {dag.py:3947} INFO - Setting next_dagrun for consume_1_or_both_2_and_3_with_dataset_expressions to None, run_after=None
[2024-07-18T18:51:17.792+0200] {logging_mixin.py:188} INFO - [2024-07-18T18:51:17.792+0200] {dag.py:3947} INFO - Setting next_dagrun for dataset_consumes_1 to None, run_after=None
[2024-07-18T18:51:17.792+0200] {logging_mixin.py:188} INFO - [2024-07-18T18:51:17.792+0200] {dag.py:3947} INFO - Setting next_dagrun for dataset_consumes_1_and_2 to None, run_after=None
[2024-07-18T18:51:17.793+0200] {logging_mixin.py:188} INFO - [2024-07-18T18:51:17.792+0200] {dag.py:3947} INFO - Setting next_dagrun for dataset_consumes_1_never_scheduled to None, run_after=None
[2024-07-18T18:51:17.793+0200] {logging_mixin.py:188} INFO - [2024-07-18T18:51:17.793+0200] {dag.py:3947} INFO - Setting next_dagrun for dataset_consumes_unknown_never_scheduled to None, run_after=None
[2024-07-18T18:51:17.794+0200] {logging_mixin.py:188} INFO - [2024-07-18T18:51:17.794+0200] {dag.py:3947} INFO - Setting next_dagrun for dataset_produces_1 to 2024-07-17 00:00:00+00:00, run_after=2024-07-18 00:00:00+00:00
[2024-07-18T18:51:17.794+0200] {logging_mixin.py:188} INFO - [2024-07-18T18:51:17.794+0200] {dag.py:3947} INFO - Setting next_dagrun for dataset_produces_2 to None, run_after=None
[2024-07-18T18:51:17.814+0200] {processor.py:183} INFO - Processing /home/richonlinux/Documents/GitHub/AirflowTuto/venv/lib/python3.10/site-packages/airflow/example_dags/example_datasets.py took 0.057 seconds
[2024-07-18T18:52:05.767+0200] {processor.py:161} INFO - Started process (PID=268981) to work on /home/richonlinux/Documents/GitHub/AirflowTuto/venv/lib/python3.10/site-packages/airflow/example_dags/example_datasets.py
[2024-07-18T18:52:05.769+0200] {processor.py:830} INFO - Processing file /home/richonlinux/Documents/GitHub/AirflowTuto/venv/lib/python3.10/site-packages/airflow/example_dags/example_datasets.py for tasks to queue
[2024-07-18T18:52:05.770+0200] {logging_mixin.py:188} INFO - [2024-07-18T18:52:05.770+0200] {dagbag.py:545} INFO - Filling up the DagBag from /home/richonlinux/Documents/GitHub/AirflowTuto/venv/lib/python3.10/site-packages/airflow/example_dags/example_datasets.py
[2024-07-18T18:52:05.778+0200] {processor.py:840} INFO - DAG(s) 'conditional_dataset_and_time_based_timetable', 'dataset_produces_2', 'consume_1_or_both_2_and_3_with_dataset_expressions', 'consume_1_or_2_with_dataset_expressions', 'consume_1_and_2_with_dataset_expressions', 'dataset_consumes_1_never_scheduled', 'dataset_consumes_unknown_never_scheduled', 'dataset_produces_1', 'dataset_consumes_1', 'dataset_consumes_1_and_2' retrieved from /home/richonlinux/Documents/GitHub/AirflowTuto/venv/lib/python3.10/site-packages/airflow/example_dags/example_datasets.py
[2024-07-18T18:52:05.939+0200] {logging_mixin.py:188} INFO - [2024-07-18T18:52:05.939+0200] {dag.py:3089} INFO - Sync 10 DAGs
[2024-07-18T18:52:05.951+0200] {logging_mixin.py:188} INFO - [2024-07-18T18:52:05.951+0200] {dag.py:3947} INFO - Setting next_dagrun for conditional_dataset_and_time_based_timetable to 2024-07-17 01:00:00+00:00, run_after=2024-07-17 01:00:00+00:00
[2024-07-18T18:52:05.953+0200] {logging_mixin.py:188} INFO - [2024-07-18T18:52:05.953+0200] {dag.py:3947} INFO - Setting next_dagrun for consume_1_and_2_with_dataset_expressions to None, run_after=None
[2024-07-18T18:52:05.953+0200] {logging_mixin.py:188} INFO - [2024-07-18T18:52:05.953+0200] {dag.py:3947} INFO - Setting next_dagrun for consume_1_or_2_with_dataset_expressions to None, run_after=None
[2024-07-18T18:52:05.954+0200] {logging_mixin.py:188} INFO - [2024-07-18T18:52:05.954+0200] {dag.py:3947} INFO - Setting next_dagrun for consume_1_or_both_2_and_3_with_dataset_expressions to None, run_after=None
[2024-07-18T18:52:05.954+0200] {logging_mixin.py:188} INFO - [2024-07-18T18:52:05.954+0200] {dag.py:3947} INFO - Setting next_dagrun for dataset_consumes_1 to None, run_after=None
[2024-07-18T18:52:05.955+0200] {logging_mixin.py:188} INFO - [2024-07-18T18:52:05.955+0200] {dag.py:3947} INFO - Setting next_dagrun for dataset_consumes_1_and_2 to None, run_after=None
[2024-07-18T18:52:05.955+0200] {logging_mixin.py:188} INFO - [2024-07-18T18:52:05.955+0200] {dag.py:3947} INFO - Setting next_dagrun for dataset_consumes_1_never_scheduled to None, run_after=None
[2024-07-18T18:52:05.956+0200] {logging_mixin.py:188} INFO - [2024-07-18T18:52:05.956+0200] {dag.py:3947} INFO - Setting next_dagrun for dataset_consumes_unknown_never_scheduled to None, run_after=None
[2024-07-18T18:52:05.957+0200] {logging_mixin.py:188} INFO - [2024-07-18T18:52:05.957+0200] {dag.py:3947} INFO - Setting next_dagrun for dataset_produces_1 to 2024-07-17 00:00:00+00:00, run_after=2024-07-18 00:00:00+00:00
[2024-07-18T18:52:05.958+0200] {logging_mixin.py:188} INFO - [2024-07-18T18:52:05.958+0200] {dag.py:3947} INFO - Setting next_dagrun for dataset_produces_2 to None, run_after=None
[2024-07-18T18:52:05.982+0200] {processor.py:183} INFO - Processing /home/richonlinux/Documents/GitHub/AirflowTuto/venv/lib/python3.10/site-packages/airflow/example_dags/example_datasets.py took 0.218 seconds
[2024-07-18T18:52:49.692+0200] {processor.py:161} INFO - Started process (PID=270104) to work on /home/richonlinux/Documents/GitHub/AirflowTuto/venv/lib/python3.10/site-packages/airflow/example_dags/example_datasets.py
[2024-07-18T18:52:49.696+0200] {processor.py:830} INFO - Processing file /home/richonlinux/Documents/GitHub/AirflowTuto/venv/lib/python3.10/site-packages/airflow/example_dags/example_datasets.py for tasks to queue
[2024-07-18T18:52:49.698+0200] {logging_mixin.py:188} INFO - [2024-07-18T18:52:49.697+0200] {dagbag.py:545} INFO - Filling up the DagBag from /home/richonlinux/Documents/GitHub/AirflowTuto/venv/lib/python3.10/site-packages/airflow/example_dags/example_datasets.py
[2024-07-18T18:52:49.706+0200] {processor.py:840} INFO - DAG(s) 'dataset_produces_2', 'dataset_consumes_unknown_never_scheduled', 'dataset_consumes_1_and_2', 'consume_1_or_2_with_dataset_expressions', 'consume_1_or_both_2_and_3_with_dataset_expressions', 'conditional_dataset_and_time_based_timetable', 'dataset_consumes_1', 'dataset_consumes_1_never_scheduled', 'consume_1_and_2_with_dataset_expressions', 'dataset_produces_1' retrieved from /home/richonlinux/Documents/GitHub/AirflowTuto/venv/lib/python3.10/site-packages/airflow/example_dags/example_datasets.py
[2024-07-18T18:52:49.730+0200] {logging_mixin.py:188} INFO - [2024-07-18T18:52:49.730+0200] {dag.py:3089} INFO - Sync 10 DAGs
[2024-07-18T18:52:49.744+0200] {logging_mixin.py:188} INFO - [2024-07-18T18:52:49.744+0200] {dag.py:3947} INFO - Setting next_dagrun for conditional_dataset_and_time_based_timetable to 2024-07-17 01:00:00+00:00, run_after=2024-07-17 01:00:00+00:00
[2024-07-18T18:52:49.746+0200] {logging_mixin.py:188} INFO - [2024-07-18T18:52:49.746+0200] {dag.py:3947} INFO - Setting next_dagrun for consume_1_and_2_with_dataset_expressions to None, run_after=None
[2024-07-18T18:52:49.747+0200] {logging_mixin.py:188} INFO - [2024-07-18T18:52:49.747+0200] {dag.py:3947} INFO - Setting next_dagrun for consume_1_or_2_with_dataset_expressions to None, run_after=None
[2024-07-18T18:52:49.748+0200] {logging_mixin.py:188} INFO - [2024-07-18T18:52:49.748+0200] {dag.py:3947} INFO - Setting next_dagrun for consume_1_or_both_2_and_3_with_dataset_expressions to None, run_after=None
[2024-07-18T18:52:49.748+0200] {logging_mixin.py:188} INFO - [2024-07-18T18:52:49.748+0200] {dag.py:3947} INFO - Setting next_dagrun for dataset_consumes_1 to None, run_after=None
[2024-07-18T18:52:49.749+0200] {logging_mixin.py:188} INFO - [2024-07-18T18:52:49.749+0200] {dag.py:3947} INFO - Setting next_dagrun for dataset_consumes_1_and_2 to None, run_after=None
[2024-07-18T18:52:49.750+0200] {logging_mixin.py:188} INFO - [2024-07-18T18:52:49.749+0200] {dag.py:3947} INFO - Setting next_dagrun for dataset_consumes_1_never_scheduled to None, run_after=None
[2024-07-18T18:52:49.750+0200] {logging_mixin.py:188} INFO - [2024-07-18T18:52:49.750+0200] {dag.py:3947} INFO - Setting next_dagrun for dataset_consumes_unknown_never_scheduled to None, run_after=None
[2024-07-18T18:52:49.751+0200] {logging_mixin.py:188} INFO - [2024-07-18T18:52:49.751+0200] {dag.py:3947} INFO - Setting next_dagrun for dataset_produces_1 to 2024-07-17 00:00:00+00:00, run_after=2024-07-18 00:00:00+00:00
[2024-07-18T18:52:49.752+0200] {logging_mixin.py:188} INFO - [2024-07-18T18:52:49.752+0200] {dag.py:3947} INFO - Setting next_dagrun for dataset_produces_2 to None, run_after=None
[2024-07-18T18:52:49.836+0200] {processor.py:183} INFO - Processing /home/richonlinux/Documents/GitHub/AirflowTuto/venv/lib/python3.10/site-packages/airflow/example_dags/example_datasets.py took 0.149 seconds
[2024-07-18T18:53:35.198+0200] {processor.py:161} INFO - Started process (PID=271361) to work on /home/richonlinux/Documents/GitHub/AirflowTuto/venv/lib/python3.10/site-packages/airflow/example_dags/example_datasets.py
[2024-07-18T18:53:35.199+0200] {processor.py:830} INFO - Processing file /home/richonlinux/Documents/GitHub/AirflowTuto/venv/lib/python3.10/site-packages/airflow/example_dags/example_datasets.py for tasks to queue
[2024-07-18T18:53:35.201+0200] {logging_mixin.py:188} INFO - [2024-07-18T18:53:35.200+0200] {dagbag.py:545} INFO - Filling up the DagBag from /home/richonlinux/Documents/GitHub/AirflowTuto/venv/lib/python3.10/site-packages/airflow/example_dags/example_datasets.py
[2024-07-18T18:53:35.210+0200] {processor.py:840} INFO - DAG(s) 'dataset_produces_2', 'conditional_dataset_and_time_based_timetable', 'dataset_consumes_1_never_scheduled', 'dataset_consumes_unknown_never_scheduled', 'consume_1_and_2_with_dataset_expressions', 'consume_1_or_both_2_and_3_with_dataset_expressions', 'dataset_consumes_1_and_2', 'dataset_consumes_1', 'dataset_produces_1', 'consume_1_or_2_with_dataset_expressions' retrieved from /home/richonlinux/Documents/GitHub/AirflowTuto/venv/lib/python3.10/site-packages/airflow/example_dags/example_datasets.py
[2024-07-18T18:53:35.308+0200] {logging_mixin.py:188} INFO - [2024-07-18T18:53:35.307+0200] {dag.py:3089} INFO - Sync 10 DAGs
[2024-07-18T18:53:35.322+0200] {logging_mixin.py:188} INFO - [2024-07-18T18:53:35.322+0200] {dag.py:3947} INFO - Setting next_dagrun for conditional_dataset_and_time_based_timetable to 2024-07-17 01:00:00+00:00, run_after=2024-07-17 01:00:00+00:00
[2024-07-18T18:53:35.324+0200] {logging_mixin.py:188} INFO - [2024-07-18T18:53:35.323+0200] {dag.py:3947} INFO - Setting next_dagrun for consume_1_and_2_with_dataset_expressions to None, run_after=None
[2024-07-18T18:53:35.324+0200] {logging_mixin.py:188} INFO - [2024-07-18T18:53:35.324+0200] {dag.py:3947} INFO - Setting next_dagrun for consume_1_or_2_with_dataset_expressions to None, run_after=None
[2024-07-18T18:53:35.325+0200] {logging_mixin.py:188} INFO - [2024-07-18T18:53:35.325+0200] {dag.py:3947} INFO - Setting next_dagrun for consume_1_or_both_2_and_3_with_dataset_expressions to None, run_after=None
[2024-07-18T18:53:35.325+0200] {logging_mixin.py:188} INFO - [2024-07-18T18:53:35.325+0200] {dag.py:3947} INFO - Setting next_dagrun for dataset_consumes_1 to None, run_after=None
[2024-07-18T18:53:35.326+0200] {logging_mixin.py:188} INFO - [2024-07-18T18:53:35.326+0200] {dag.py:3947} INFO - Setting next_dagrun for dataset_consumes_1_and_2 to None, run_after=None
[2024-07-18T18:53:35.326+0200] {logging_mixin.py:188} INFO - [2024-07-18T18:53:35.326+0200] {dag.py:3947} INFO - Setting next_dagrun for dataset_consumes_1_never_scheduled to None, run_after=None
[2024-07-18T18:53:35.327+0200] {logging_mixin.py:188} INFO - [2024-07-18T18:53:35.327+0200] {dag.py:3947} INFO - Setting next_dagrun for dataset_consumes_unknown_never_scheduled to None, run_after=None
[2024-07-18T18:53:35.329+0200] {logging_mixin.py:188} INFO - [2024-07-18T18:53:35.329+0200] {dag.py:3947} INFO - Setting next_dagrun for dataset_produces_1 to 2024-07-17 00:00:00+00:00, run_after=2024-07-18 00:00:00+00:00
[2024-07-18T18:53:35.329+0200] {logging_mixin.py:188} INFO - [2024-07-18T18:53:35.329+0200] {dag.py:3947} INFO - Setting next_dagrun for dataset_produces_2 to None, run_after=None
[2024-07-18T18:53:35.347+0200] {processor.py:183} INFO - Processing /home/richonlinux/Documents/GitHub/AirflowTuto/venv/lib/python3.10/site-packages/airflow/example_dags/example_datasets.py took 0.154 seconds
[2024-07-18T18:54:19.787+0200] {processor.py:161} INFO - Started process (PID=272145) to work on /home/richonlinux/Documents/GitHub/AirflowTuto/venv/lib/python3.10/site-packages/airflow/example_dags/example_datasets.py
[2024-07-18T18:54:19.791+0200] {processor.py:830} INFO - Processing file /home/richonlinux/Documents/GitHub/AirflowTuto/venv/lib/python3.10/site-packages/airflow/example_dags/example_datasets.py for tasks to queue
[2024-07-18T18:54:19.793+0200] {logging_mixin.py:188} INFO - [2024-07-18T18:54:19.793+0200] {dagbag.py:545} INFO - Filling up the DagBag from /home/richonlinux/Documents/GitHub/AirflowTuto/venv/lib/python3.10/site-packages/airflow/example_dags/example_datasets.py
[2024-07-18T18:54:19.803+0200] {processor.py:840} INFO - DAG(s) 'dataset_produces_1', 'consume_1_or_both_2_and_3_with_dataset_expressions', 'consume_1_or_2_with_dataset_expressions', 'conditional_dataset_and_time_based_timetable', 'dataset_consumes_1_and_2', 'dataset_consumes_1_never_scheduled', 'dataset_produces_2', 'consume_1_and_2_with_dataset_expressions', 'dataset_consumes_unknown_never_scheduled', 'dataset_consumes_1' retrieved from /home/richonlinux/Documents/GitHub/AirflowTuto/venv/lib/python3.10/site-packages/airflow/example_dags/example_datasets.py
[2024-07-18T18:54:19.822+0200] {logging_mixin.py:188} INFO - [2024-07-18T18:54:19.822+0200] {dag.py:3089} INFO - Sync 10 DAGs
[2024-07-18T18:54:19.833+0200] {logging_mixin.py:188} INFO - [2024-07-18T18:54:19.833+0200] {dag.py:3947} INFO - Setting next_dagrun for conditional_dataset_and_time_based_timetable to 2024-07-17 01:00:00+00:00, run_after=2024-07-17 01:00:00+00:00
[2024-07-18T18:54:19.835+0200] {logging_mixin.py:188} INFO - [2024-07-18T18:54:19.835+0200] {dag.py:3947} INFO - Setting next_dagrun for consume_1_and_2_with_dataset_expressions to None, run_after=None
[2024-07-18T18:54:19.835+0200] {logging_mixin.py:188} INFO - [2024-07-18T18:54:19.835+0200] {dag.py:3947} INFO - Setting next_dagrun for consume_1_or_2_with_dataset_expressions to None, run_after=None
[2024-07-18T18:54:19.836+0200] {logging_mixin.py:188} INFO - [2024-07-18T18:54:19.836+0200] {dag.py:3947} INFO - Setting next_dagrun for consume_1_or_both_2_and_3_with_dataset_expressions to None, run_after=None
[2024-07-18T18:54:19.836+0200] {logging_mixin.py:188} INFO - [2024-07-18T18:54:19.836+0200] {dag.py:3947} INFO - Setting next_dagrun for dataset_consumes_1 to None, run_after=None
[2024-07-18T18:54:19.837+0200] {logging_mixin.py:188} INFO - [2024-07-18T18:54:19.837+0200] {dag.py:3947} INFO - Setting next_dagrun for dataset_consumes_1_and_2 to None, run_after=None
[2024-07-18T18:54:19.837+0200] {logging_mixin.py:188} INFO - [2024-07-18T18:54:19.837+0200] {dag.py:3947} INFO - Setting next_dagrun for dataset_consumes_1_never_scheduled to None, run_after=None
[2024-07-18T18:54:19.838+0200] {logging_mixin.py:188} INFO - [2024-07-18T18:54:19.837+0200] {dag.py:3947} INFO - Setting next_dagrun for dataset_consumes_unknown_never_scheduled to None, run_after=None
[2024-07-18T18:54:19.839+0200] {logging_mixin.py:188} INFO - [2024-07-18T18:54:19.838+0200] {dag.py:3947} INFO - Setting next_dagrun for dataset_produces_1 to 2024-07-17 00:00:00+00:00, run_after=2024-07-18 00:00:00+00:00
[2024-07-18T18:54:19.839+0200] {logging_mixin.py:188} INFO - [2024-07-18T18:54:19.839+0200] {dag.py:3947} INFO - Setting next_dagrun for dataset_produces_2 to None, run_after=None
[2024-07-18T18:54:19.856+0200] {processor.py:183} INFO - Processing /home/richonlinux/Documents/GitHub/AirflowTuto/venv/lib/python3.10/site-packages/airflow/example_dags/example_datasets.py took 0.076 seconds
[2024-07-18T18:55:01.691+0200] {processor.py:161} INFO - Started process (PID=272768) to work on /home/richonlinux/Documents/GitHub/AirflowTuto/venv/lib/python3.10/site-packages/airflow/example_dags/example_datasets.py
[2024-07-18T18:55:01.695+0200] {processor.py:830} INFO - Processing file /home/richonlinux/Documents/GitHub/AirflowTuto/venv/lib/python3.10/site-packages/airflow/example_dags/example_datasets.py for tasks to queue
[2024-07-18T18:55:01.697+0200] {logging_mixin.py:188} INFO - [2024-07-18T18:55:01.696+0200] {dagbag.py:545} INFO - Filling up the DagBag from /home/richonlinux/Documents/GitHub/AirflowTuto/venv/lib/python3.10/site-packages/airflow/example_dags/example_datasets.py
[2024-07-18T18:55:01.707+0200] {processor.py:840} INFO - DAG(s) 'dataset_produces_2', 'consume_1_or_2_with_dataset_expressions', 'consume_1_and_2_with_dataset_expressions', 'dataset_consumes_1', 'dataset_produces_1', 'conditional_dataset_and_time_based_timetable', 'dataset_consumes_1_never_scheduled', 'dataset_consumes_1_and_2', 'dataset_consumes_unknown_never_scheduled', 'consume_1_or_both_2_and_3_with_dataset_expressions' retrieved from /home/richonlinux/Documents/GitHub/AirflowTuto/venv/lib/python3.10/site-packages/airflow/example_dags/example_datasets.py
[2024-07-18T18:55:01.726+0200] {logging_mixin.py:188} INFO - [2024-07-18T18:55:01.726+0200] {dag.py:3089} INFO - Sync 10 DAGs
[2024-07-18T18:55:01.737+0200] {logging_mixin.py:188} INFO - [2024-07-18T18:55:01.737+0200] {dag.py:3947} INFO - Setting next_dagrun for conditional_dataset_and_time_based_timetable to 2024-07-17 01:00:00+00:00, run_after=2024-07-17 01:00:00+00:00
[2024-07-18T18:55:01.739+0200] {logging_mixin.py:188} INFO - [2024-07-18T18:55:01.739+0200] {dag.py:3947} INFO - Setting next_dagrun for consume_1_and_2_with_dataset_expressions to None, run_after=None
[2024-07-18T18:55:01.740+0200] {logging_mixin.py:188} INFO - [2024-07-18T18:55:01.739+0200] {dag.py:3947} INFO - Setting next_dagrun for consume_1_or_2_with_dataset_expressions to None, run_after=None
[2024-07-18T18:55:01.740+0200] {logging_mixin.py:188} INFO - [2024-07-18T18:55:01.740+0200] {dag.py:3947} INFO - Setting next_dagrun for consume_1_or_both_2_and_3_with_dataset_expressions to None, run_after=None
[2024-07-18T18:55:01.740+0200] {logging_mixin.py:188} INFO - [2024-07-18T18:55:01.740+0200] {dag.py:3947} INFO - Setting next_dagrun for dataset_consumes_1 to None, run_after=None
[2024-07-18T18:55:01.741+0200] {logging_mixin.py:188} INFO - [2024-07-18T18:55:01.741+0200] {dag.py:3947} INFO - Setting next_dagrun for dataset_consumes_1_and_2 to None, run_after=None
[2024-07-18T18:55:01.741+0200] {logging_mixin.py:188} INFO - [2024-07-18T18:55:01.741+0200] {dag.py:3947} INFO - Setting next_dagrun for dataset_consumes_1_never_scheduled to None, run_after=None
[2024-07-18T18:55:01.742+0200] {logging_mixin.py:188} INFO - [2024-07-18T18:55:01.742+0200] {dag.py:3947} INFO - Setting next_dagrun for dataset_consumes_unknown_never_scheduled to None, run_after=None
[2024-07-18T18:55:01.743+0200] {logging_mixin.py:188} INFO - [2024-07-18T18:55:01.743+0200] {dag.py:3947} INFO - Setting next_dagrun for dataset_produces_1 to 2024-07-17 00:00:00+00:00, run_after=2024-07-18 00:00:00+00:00
[2024-07-18T18:55:01.743+0200] {logging_mixin.py:188} INFO - [2024-07-18T18:55:01.743+0200] {dag.py:3947} INFO - Setting next_dagrun for dataset_produces_2 to None, run_after=None
[2024-07-18T18:55:01.759+0200] {processor.py:183} INFO - Processing /home/richonlinux/Documents/GitHub/AirflowTuto/venv/lib/python3.10/site-packages/airflow/example_dags/example_datasets.py took 0.078 seconds
[2024-07-18T18:55:37.760+0200] {processor.py:161} INFO - Started process (PID=273363) to work on /home/richonlinux/Documents/GitHub/AirflowTuto/venv/lib/python3.10/site-packages/airflow/example_dags/example_datasets.py
[2024-07-18T18:55:37.761+0200] {processor.py:830} INFO - Processing file /home/richonlinux/Documents/GitHub/AirflowTuto/venv/lib/python3.10/site-packages/airflow/example_dags/example_datasets.py for tasks to queue
[2024-07-18T18:55:37.763+0200] {logging_mixin.py:188} INFO - [2024-07-18T18:55:37.763+0200] {dagbag.py:545} INFO - Filling up the DagBag from /home/richonlinux/Documents/GitHub/AirflowTuto/venv/lib/python3.10/site-packages/airflow/example_dags/example_datasets.py
[2024-07-18T18:55:37.773+0200] {processor.py:840} INFO - DAG(s) 'consume_1_or_2_with_dataset_expressions', 'consume_1_and_2_with_dataset_expressions', 'consume_1_or_both_2_and_3_with_dataset_expressions', 'dataset_consumes_1_and_2', 'dataset_consumes_1', 'dataset_consumes_1_never_scheduled', 'dataset_consumes_unknown_never_scheduled', 'dataset_produces_1', 'conditional_dataset_and_time_based_timetable', 'dataset_produces_2' retrieved from /home/richonlinux/Documents/GitHub/AirflowTuto/venv/lib/python3.10/site-packages/airflow/example_dags/example_datasets.py
[2024-07-18T18:55:37.792+0200] {logging_mixin.py:188} INFO - [2024-07-18T18:55:37.792+0200] {dag.py:3089} INFO - Sync 10 DAGs
[2024-07-18T18:55:37.803+0200] {logging_mixin.py:188} INFO - [2024-07-18T18:55:37.803+0200] {dag.py:3947} INFO - Setting next_dagrun for conditional_dataset_and_time_based_timetable to 2024-07-17 01:00:00+00:00, run_after=2024-07-17 01:00:00+00:00
[2024-07-18T18:55:37.805+0200] {logging_mixin.py:188} INFO - [2024-07-18T18:55:37.805+0200] {dag.py:3947} INFO - Setting next_dagrun for consume_1_and_2_with_dataset_expressions to None, run_after=None
[2024-07-18T18:55:37.805+0200] {logging_mixin.py:188} INFO - [2024-07-18T18:55:37.805+0200] {dag.py:3947} INFO - Setting next_dagrun for consume_1_or_2_with_dataset_expressions to None, run_after=None
[2024-07-18T18:55:37.806+0200] {logging_mixin.py:188} INFO - [2024-07-18T18:55:37.806+0200] {dag.py:3947} INFO - Setting next_dagrun for consume_1_or_both_2_and_3_with_dataset_expressions to None, run_after=None
[2024-07-18T18:55:37.806+0200] {logging_mixin.py:188} INFO - [2024-07-18T18:55:37.806+0200] {dag.py:3947} INFO - Setting next_dagrun for dataset_consumes_1 to None, run_after=None
[2024-07-18T18:55:37.807+0200] {logging_mixin.py:188} INFO - [2024-07-18T18:55:37.807+0200] {dag.py:3947} INFO - Setting next_dagrun for dataset_consumes_1_and_2 to None, run_after=None
[2024-07-18T18:55:37.807+0200] {logging_mixin.py:188} INFO - [2024-07-18T18:55:37.807+0200] {dag.py:3947} INFO - Setting next_dagrun for dataset_consumes_1_never_scheduled to None, run_after=None
[2024-07-18T18:55:37.807+0200] {logging_mixin.py:188} INFO - [2024-07-18T18:55:37.807+0200] {dag.py:3947} INFO - Setting next_dagrun for dataset_consumes_unknown_never_scheduled to None, run_after=None
[2024-07-18T18:55:37.808+0200] {logging_mixin.py:188} INFO - [2024-07-18T18:55:37.808+0200] {dag.py:3947} INFO - Setting next_dagrun for dataset_produces_1 to 2024-07-17 00:00:00+00:00, run_after=2024-07-18 00:00:00+00:00
[2024-07-18T18:55:37.809+0200] {logging_mixin.py:188} INFO - [2024-07-18T18:55:37.809+0200] {dag.py:3947} INFO - Setting next_dagrun for dataset_produces_2 to None, run_after=None
[2024-07-18T18:55:37.826+0200] {processor.py:183} INFO - Processing /home/richonlinux/Documents/GitHub/AirflowTuto/venv/lib/python3.10/site-packages/airflow/example_dags/example_datasets.py took 0.073 seconds
[2024-07-18T18:56:17.153+0200] {processor.py:161} INFO - Started process (PID=274037) to work on /home/richonlinux/Documents/GitHub/AirflowTuto/venv/lib/python3.10/site-packages/airflow/example_dags/example_datasets.py
[2024-07-18T18:56:17.157+0200] {processor.py:830} INFO - Processing file /home/richonlinux/Documents/GitHub/AirflowTuto/venv/lib/python3.10/site-packages/airflow/example_dags/example_datasets.py for tasks to queue
[2024-07-18T18:56:17.159+0200] {logging_mixin.py:188} INFO - [2024-07-18T18:56:17.159+0200] {dagbag.py:545} INFO - Filling up the DagBag from /home/richonlinux/Documents/GitHub/AirflowTuto/venv/lib/python3.10/site-packages/airflow/example_dags/example_datasets.py
[2024-07-18T18:56:17.171+0200] {processor.py:840} INFO - DAG(s) 'dataset_consumes_1', 'conditional_dataset_and_time_based_timetable', 'consume_1_or_both_2_and_3_with_dataset_expressions', 'dataset_consumes_1_never_scheduled', 'dataset_produces_1', 'dataset_consumes_unknown_never_scheduled', 'consume_1_and_2_with_dataset_expressions', 'dataset_produces_2', 'dataset_consumes_1_and_2', 'consume_1_or_2_with_dataset_expressions' retrieved from /home/richonlinux/Documents/GitHub/AirflowTuto/venv/lib/python3.10/site-packages/airflow/example_dags/example_datasets.py
[2024-07-18T18:56:17.190+0200] {logging_mixin.py:188} INFO - [2024-07-18T18:56:17.190+0200] {dag.py:3089} INFO - Sync 10 DAGs
[2024-07-18T18:56:17.201+0200] {logging_mixin.py:188} INFO - [2024-07-18T18:56:17.201+0200] {dag.py:3947} INFO - Setting next_dagrun for conditional_dataset_and_time_based_timetable to 2024-07-17 01:00:00+00:00, run_after=2024-07-17 01:00:00+00:00
[2024-07-18T18:56:17.203+0200] {logging_mixin.py:188} INFO - [2024-07-18T18:56:17.203+0200] {dag.py:3947} INFO - Setting next_dagrun for consume_1_and_2_with_dataset_expressions to None, run_after=None
[2024-07-18T18:56:17.203+0200] {logging_mixin.py:188} INFO - [2024-07-18T18:56:17.203+0200] {dag.py:3947} INFO - Setting next_dagrun for consume_1_or_2_with_dataset_expressions to None, run_after=None
[2024-07-18T18:56:17.204+0200] {logging_mixin.py:188} INFO - [2024-07-18T18:56:17.204+0200] {dag.py:3947} INFO - Setting next_dagrun for consume_1_or_both_2_and_3_with_dataset_expressions to None, run_after=None
[2024-07-18T18:56:17.204+0200] {logging_mixin.py:188} INFO - [2024-07-18T18:56:17.204+0200] {dag.py:3947} INFO - Setting next_dagrun for dataset_consumes_1 to None, run_after=None
[2024-07-18T18:56:17.205+0200] {logging_mixin.py:188} INFO - [2024-07-18T18:56:17.205+0200] {dag.py:3947} INFO - Setting next_dagrun for dataset_consumes_1_and_2 to None, run_after=None
[2024-07-18T18:56:17.205+0200] {logging_mixin.py:188} INFO - [2024-07-18T18:56:17.205+0200] {dag.py:3947} INFO - Setting next_dagrun for dataset_consumes_1_never_scheduled to None, run_after=None
[2024-07-18T18:56:17.206+0200] {logging_mixin.py:188} INFO - [2024-07-18T18:56:17.206+0200] {dag.py:3947} INFO - Setting next_dagrun for dataset_consumes_unknown_never_scheduled to None, run_after=None
[2024-07-18T18:56:17.207+0200] {logging_mixin.py:188} INFO - [2024-07-18T18:56:17.207+0200] {dag.py:3947} INFO - Setting next_dagrun for dataset_produces_1 to 2024-07-17 00:00:00+00:00, run_after=2024-07-18 00:00:00+00:00
[2024-07-18T18:56:17.207+0200] {logging_mixin.py:188} INFO - [2024-07-18T18:56:17.207+0200] {dag.py:3947} INFO - Setting next_dagrun for dataset_produces_2 to None, run_after=None
[2024-07-18T18:56:17.223+0200] {processor.py:183} INFO - Processing /home/richonlinux/Documents/GitHub/AirflowTuto/venv/lib/python3.10/site-packages/airflow/example_dags/example_datasets.py took 0.077 seconds
[2024-07-18T18:56:56.100+0200] {processor.py:161} INFO - Started process (PID=274715) to work on /home/richonlinux/Documents/GitHub/AirflowTuto/venv/lib/python3.10/site-packages/airflow/example_dags/example_datasets.py
[2024-07-18T18:56:56.101+0200] {processor.py:830} INFO - Processing file /home/richonlinux/Documents/GitHub/AirflowTuto/venv/lib/python3.10/site-packages/airflow/example_dags/example_datasets.py for tasks to queue
[2024-07-18T18:56:56.102+0200] {logging_mixin.py:188} INFO - [2024-07-18T18:56:56.102+0200] {dagbag.py:545} INFO - Filling up the DagBag from /home/richonlinux/Documents/GitHub/AirflowTuto/venv/lib/python3.10/site-packages/airflow/example_dags/example_datasets.py
[2024-07-18T18:56:56.113+0200] {processor.py:840} INFO - DAG(s) 'dataset_consumes_1_and_2', 'conditional_dataset_and_time_based_timetable', 'dataset_consumes_1_never_scheduled', 'consume_1_or_both_2_and_3_with_dataset_expressions', 'dataset_consumes_unknown_never_scheduled', 'consume_1_or_2_with_dataset_expressions', 'consume_1_and_2_with_dataset_expressions', 'dataset_produces_1', 'dataset_consumes_1', 'dataset_produces_2' retrieved from /home/richonlinux/Documents/GitHub/AirflowTuto/venv/lib/python3.10/site-packages/airflow/example_dags/example_datasets.py
[2024-07-18T18:56:56.146+0200] {logging_mixin.py:188} INFO - [2024-07-18T18:56:56.146+0200] {dag.py:3089} INFO - Sync 10 DAGs
[2024-07-18T18:56:56.167+0200] {logging_mixin.py:188} INFO - [2024-07-18T18:56:56.166+0200] {dag.py:3947} INFO - Setting next_dagrun for conditional_dataset_and_time_based_timetable to 2024-07-17 01:00:00+00:00, run_after=2024-07-17 01:00:00+00:00
[2024-07-18T18:56:56.171+0200] {logging_mixin.py:188} INFO - [2024-07-18T18:56:56.170+0200] {dag.py:3947} INFO - Setting next_dagrun for consume_1_and_2_with_dataset_expressions to None, run_after=None
[2024-07-18T18:56:56.172+0200] {logging_mixin.py:188} INFO - [2024-07-18T18:56:56.172+0200] {dag.py:3947} INFO - Setting next_dagrun for consume_1_or_2_with_dataset_expressions to None, run_after=None
[2024-07-18T18:56:56.174+0200] {logging_mixin.py:188} INFO - [2024-07-18T18:56:56.174+0200] {dag.py:3947} INFO - Setting next_dagrun for consume_1_or_both_2_and_3_with_dataset_expressions to None, run_after=None
[2024-07-18T18:56:56.175+0200] {logging_mixin.py:188} INFO - [2024-07-18T18:56:56.175+0200] {dag.py:3947} INFO - Setting next_dagrun for dataset_consumes_1 to None, run_after=None
[2024-07-18T18:56:56.176+0200] {logging_mixin.py:188} INFO - [2024-07-18T18:56:56.176+0200] {dag.py:3947} INFO - Setting next_dagrun for dataset_consumes_1_and_2 to None, run_after=None
[2024-07-18T18:56:56.177+0200] {logging_mixin.py:188} INFO - [2024-07-18T18:56:56.177+0200] {dag.py:3947} INFO - Setting next_dagrun for dataset_consumes_1_never_scheduled to None, run_after=None
[2024-07-18T18:56:56.177+0200] {logging_mixin.py:188} INFO - [2024-07-18T18:56:56.177+0200] {dag.py:3947} INFO - Setting next_dagrun for dataset_consumes_unknown_never_scheduled to None, run_after=None
[2024-07-18T18:56:56.180+0200] {logging_mixin.py:188} INFO - [2024-07-18T18:56:56.180+0200] {dag.py:3947} INFO - Setting next_dagrun for dataset_produces_1 to 2024-07-17 00:00:00+00:00, run_after=2024-07-18 00:00:00+00:00
[2024-07-18T18:56:56.182+0200] {logging_mixin.py:188} INFO - [2024-07-18T18:56:56.181+0200] {dag.py:3947} INFO - Setting next_dagrun for dataset_produces_2 to None, run_after=None
[2024-07-18T18:56:56.218+0200] {processor.py:183} INFO - Processing /home/richonlinux/Documents/GitHub/AirflowTuto/venv/lib/python3.10/site-packages/airflow/example_dags/example_datasets.py took 0.123 seconds
[2024-07-18T18:57:35.226+0200] {processor.py:161} INFO - Started process (PID=275389) to work on /home/richonlinux/Documents/GitHub/AirflowTuto/venv/lib/python3.10/site-packages/airflow/example_dags/example_datasets.py
[2024-07-18T18:57:35.230+0200] {processor.py:830} INFO - Processing file /home/richonlinux/Documents/GitHub/AirflowTuto/venv/lib/python3.10/site-packages/airflow/example_dags/example_datasets.py for tasks to queue
[2024-07-18T18:57:35.232+0200] {logging_mixin.py:188} INFO - [2024-07-18T18:57:35.232+0200] {dagbag.py:545} INFO - Filling up the DagBag from /home/richonlinux/Documents/GitHub/AirflowTuto/venv/lib/python3.10/site-packages/airflow/example_dags/example_datasets.py
[2024-07-18T18:57:35.243+0200] {processor.py:840} INFO - DAG(s) 'dataset_consumes_unknown_never_scheduled', 'conditional_dataset_and_time_based_timetable', 'dataset_consumes_1_and_2', 'dataset_consumes_1', 'dataset_consumes_1_never_scheduled', 'dataset_produces_2', 'dataset_produces_1', 'consume_1_and_2_with_dataset_expressions', 'consume_1_or_both_2_and_3_with_dataset_expressions', 'consume_1_or_2_with_dataset_expressions' retrieved from /home/richonlinux/Documents/GitHub/AirflowTuto/venv/lib/python3.10/site-packages/airflow/example_dags/example_datasets.py
[2024-07-18T18:57:35.262+0200] {logging_mixin.py:188} INFO - [2024-07-18T18:57:35.262+0200] {dag.py:3089} INFO - Sync 10 DAGs
[2024-07-18T18:57:35.274+0200] {logging_mixin.py:188} INFO - [2024-07-18T18:57:35.273+0200] {dag.py:3947} INFO - Setting next_dagrun for conditional_dataset_and_time_based_timetable to 2024-07-17 01:00:00+00:00, run_after=2024-07-17 01:00:00+00:00
[2024-07-18T18:57:35.275+0200] {logging_mixin.py:188} INFO - [2024-07-18T18:57:35.275+0200] {dag.py:3947} INFO - Setting next_dagrun for consume_1_and_2_with_dataset_expressions to None, run_after=None
[2024-07-18T18:57:35.276+0200] {logging_mixin.py:188} INFO - [2024-07-18T18:57:35.276+0200] {dag.py:3947} INFO - Setting next_dagrun for consume_1_or_2_with_dataset_expressions to None, run_after=None
[2024-07-18T18:57:35.276+0200] {logging_mixin.py:188} INFO - [2024-07-18T18:57:35.276+0200] {dag.py:3947} INFO - Setting next_dagrun for consume_1_or_both_2_and_3_with_dataset_expressions to None, run_after=None
[2024-07-18T18:57:35.277+0200] {logging_mixin.py:188} INFO - [2024-07-18T18:57:35.277+0200] {dag.py:3947} INFO - Setting next_dagrun for dataset_consumes_1 to None, run_after=None
[2024-07-18T18:57:35.277+0200] {logging_mixin.py:188} INFO - [2024-07-18T18:57:35.277+0200] {dag.py:3947} INFO - Setting next_dagrun for dataset_consumes_1_and_2 to None, run_after=None
[2024-07-18T18:57:35.277+0200] {logging_mixin.py:188} INFO - [2024-07-18T18:57:35.277+0200] {dag.py:3947} INFO - Setting next_dagrun for dataset_consumes_1_never_scheduled to None, run_after=None
[2024-07-18T18:57:35.278+0200] {logging_mixin.py:188} INFO - [2024-07-18T18:57:35.278+0200] {dag.py:3947} INFO - Setting next_dagrun for dataset_consumes_unknown_never_scheduled to None, run_after=None
[2024-07-18T18:57:35.279+0200] {logging_mixin.py:188} INFO - [2024-07-18T18:57:35.279+0200] {dag.py:3947} INFO - Setting next_dagrun for dataset_produces_1 to 2024-07-17 00:00:00+00:00, run_after=2024-07-18 00:00:00+00:00
[2024-07-18T18:57:35.279+0200] {logging_mixin.py:188} INFO - [2024-07-18T18:57:35.279+0200] {dag.py:3947} INFO - Setting next_dagrun for dataset_produces_2 to None, run_after=None
[2024-07-18T18:57:35.296+0200] {processor.py:183} INFO - Processing /home/richonlinux/Documents/GitHub/AirflowTuto/venv/lib/python3.10/site-packages/airflow/example_dags/example_datasets.py took 0.077 seconds
[2024-07-18T18:58:15.032+0200] {processor.py:161} INFO - Started process (PID=275955) to work on /home/richonlinux/Documents/GitHub/AirflowTuto/venv/lib/python3.10/site-packages/airflow/example_dags/example_datasets.py
[2024-07-18T18:58:15.034+0200] {processor.py:830} INFO - Processing file /home/richonlinux/Documents/GitHub/AirflowTuto/venv/lib/python3.10/site-packages/airflow/example_dags/example_datasets.py for tasks to queue
[2024-07-18T18:58:15.035+0200] {logging_mixin.py:188} INFO - [2024-07-18T18:58:15.035+0200] {dagbag.py:545} INFO - Filling up the DagBag from /home/richonlinux/Documents/GitHub/AirflowTuto/venv/lib/python3.10/site-packages/airflow/example_dags/example_datasets.py
[2024-07-18T18:58:15.043+0200] {processor.py:840} INFO - DAG(s) 'dataset_produces_1', 'conditional_dataset_and_time_based_timetable', 'dataset_produces_2', 'dataset_consumes_unknown_never_scheduled', 'consume_1_and_2_with_dataset_expressions', 'dataset_consumes_1', 'consume_1_or_both_2_and_3_with_dataset_expressions', 'dataset_consumes_1_and_2', 'dataset_consumes_1_never_scheduled', 'consume_1_or_2_with_dataset_expressions' retrieved from /home/richonlinux/Documents/GitHub/AirflowTuto/venv/lib/python3.10/site-packages/airflow/example_dags/example_datasets.py
[2024-07-18T18:58:15.063+0200] {logging_mixin.py:188} INFO - [2024-07-18T18:58:15.063+0200] {dag.py:3089} INFO - Sync 10 DAGs
[2024-07-18T18:58:15.075+0200] {logging_mixin.py:188} INFO - [2024-07-18T18:58:15.075+0200] {dag.py:3947} INFO - Setting next_dagrun for conditional_dataset_and_time_based_timetable to 2024-07-17 01:00:00+00:00, run_after=2024-07-17 01:00:00+00:00
[2024-07-18T18:58:15.077+0200] {logging_mixin.py:188} INFO - [2024-07-18T18:58:15.077+0200] {dag.py:3947} INFO - Setting next_dagrun for consume_1_and_2_with_dataset_expressions to None, run_after=None
[2024-07-18T18:58:15.077+0200] {logging_mixin.py:188} INFO - [2024-07-18T18:58:15.077+0200] {dag.py:3947} INFO - Setting next_dagrun for consume_1_or_2_with_dataset_expressions to None, run_after=None
[2024-07-18T18:58:15.078+0200] {logging_mixin.py:188} INFO - [2024-07-18T18:58:15.078+0200] {dag.py:3947} INFO - Setting next_dagrun for consume_1_or_both_2_and_3_with_dataset_expressions to None, run_after=None
[2024-07-18T18:58:15.078+0200] {logging_mixin.py:188} INFO - [2024-07-18T18:58:15.078+0200] {dag.py:3947} INFO - Setting next_dagrun for dataset_consumes_1 to None, run_after=None
[2024-07-18T18:58:15.079+0200] {logging_mixin.py:188} INFO - [2024-07-18T18:58:15.079+0200] {dag.py:3947} INFO - Setting next_dagrun for dataset_consumes_1_and_2 to None, run_after=None
[2024-07-18T18:58:15.079+0200] {logging_mixin.py:188} INFO - [2024-07-18T18:58:15.079+0200] {dag.py:3947} INFO - Setting next_dagrun for dataset_consumes_1_never_scheduled to None, run_after=None
[2024-07-18T18:58:15.080+0200] {logging_mixin.py:188} INFO - [2024-07-18T18:58:15.080+0200] {dag.py:3947} INFO - Setting next_dagrun for dataset_consumes_unknown_never_scheduled to None, run_after=None
[2024-07-18T18:58:15.081+0200] {logging_mixin.py:188} INFO - [2024-07-18T18:58:15.081+0200] {dag.py:3947} INFO - Setting next_dagrun for dataset_produces_1 to 2024-07-17 00:00:00+00:00, run_after=2024-07-18 00:00:00+00:00
[2024-07-18T18:58:15.081+0200] {logging_mixin.py:188} INFO - [2024-07-18T18:58:15.081+0200] {dag.py:3947} INFO - Setting next_dagrun for dataset_produces_2 to None, run_after=None
[2024-07-18T18:58:15.098+0200] {processor.py:183} INFO - Processing /home/richonlinux/Documents/GitHub/AirflowTuto/venv/lib/python3.10/site-packages/airflow/example_dags/example_datasets.py took 0.074 seconds
[2024-07-18T18:58:55.507+0200] {processor.py:161} INFO - Started process (PID=276624) to work on /home/richonlinux/Documents/GitHub/AirflowTuto/venv/lib/python3.10/site-packages/airflow/example_dags/example_datasets.py
[2024-07-18T18:58:55.508+0200] {processor.py:830} INFO - Processing file /home/richonlinux/Documents/GitHub/AirflowTuto/venv/lib/python3.10/site-packages/airflow/example_dags/example_datasets.py for tasks to queue
[2024-07-18T18:58:55.509+0200] {logging_mixin.py:188} INFO - [2024-07-18T18:58:55.509+0200] {dagbag.py:545} INFO - Filling up the DagBag from /home/richonlinux/Documents/GitHub/AirflowTuto/venv/lib/python3.10/site-packages/airflow/example_dags/example_datasets.py
[2024-07-18T18:58:55.516+0200] {processor.py:840} INFO - DAG(s) 'dataset_consumes_1_never_scheduled', 'dataset_produces_1', 'consume_1_and_2_with_dataset_expressions', 'dataset_consumes_1', 'dataset_produces_2', 'conditional_dataset_and_time_based_timetable', 'consume_1_or_2_with_dataset_expressions', 'dataset_consumes_unknown_never_scheduled', 'consume_1_or_both_2_and_3_with_dataset_expressions', 'dataset_consumes_1_and_2' retrieved from /home/richonlinux/Documents/GitHub/AirflowTuto/venv/lib/python3.10/site-packages/airflow/example_dags/example_datasets.py
[2024-07-18T18:58:55.535+0200] {logging_mixin.py:188} INFO - [2024-07-18T18:58:55.535+0200] {dag.py:3089} INFO - Sync 10 DAGs
[2024-07-18T18:58:55.546+0200] {logging_mixin.py:188} INFO - [2024-07-18T18:58:55.546+0200] {dag.py:3947} INFO - Setting next_dagrun for conditional_dataset_and_time_based_timetable to 2024-07-17 01:00:00+00:00, run_after=2024-07-17 01:00:00+00:00
[2024-07-18T18:58:55.548+0200] {logging_mixin.py:188} INFO - [2024-07-18T18:58:55.548+0200] {dag.py:3947} INFO - Setting next_dagrun for consume_1_and_2_with_dataset_expressions to None, run_after=None
[2024-07-18T18:58:55.548+0200] {logging_mixin.py:188} INFO - [2024-07-18T18:58:55.548+0200] {dag.py:3947} INFO - Setting next_dagrun for consume_1_or_2_with_dataset_expressions to None, run_after=None
[2024-07-18T18:58:55.549+0200] {logging_mixin.py:188} INFO - [2024-07-18T18:58:55.549+0200] {dag.py:3947} INFO - Setting next_dagrun for consume_1_or_both_2_and_3_with_dataset_expressions to None, run_after=None
[2024-07-18T18:58:55.549+0200] {logging_mixin.py:188} INFO - [2024-07-18T18:58:55.549+0200] {dag.py:3947} INFO - Setting next_dagrun for dataset_consumes_1 to None, run_after=None
[2024-07-18T18:58:55.550+0200] {logging_mixin.py:188} INFO - [2024-07-18T18:58:55.550+0200] {dag.py:3947} INFO - Setting next_dagrun for dataset_consumes_1_and_2 to None, run_after=None
[2024-07-18T18:58:55.550+0200] {logging_mixin.py:188} INFO - [2024-07-18T18:58:55.550+0200] {dag.py:3947} INFO - Setting next_dagrun for dataset_consumes_1_never_scheduled to None, run_after=None
[2024-07-18T18:58:55.551+0200] {logging_mixin.py:188} INFO - [2024-07-18T18:58:55.550+0200] {dag.py:3947} INFO - Setting next_dagrun for dataset_consumes_unknown_never_scheduled to None, run_after=None
[2024-07-18T18:58:55.552+0200] {logging_mixin.py:188} INFO - [2024-07-18T18:58:55.551+0200] {dag.py:3947} INFO - Setting next_dagrun for dataset_produces_1 to 2024-07-17 00:00:00+00:00, run_after=2024-07-18 00:00:00+00:00
[2024-07-18T18:58:55.552+0200] {logging_mixin.py:188} INFO - [2024-07-18T18:58:55.552+0200] {dag.py:3947} INFO - Setting next_dagrun for dataset_produces_2 to None, run_after=None
[2024-07-18T18:58:55.569+0200] {processor.py:183} INFO - Processing /home/richonlinux/Documents/GitHub/AirflowTuto/venv/lib/python3.10/site-packages/airflow/example_dags/example_datasets.py took 0.066 seconds
[2024-07-18T18:59:35.619+0200] {processor.py:161} INFO - Started process (PID=277426) to work on /home/richonlinux/Documents/GitHub/AirflowTuto/venv/lib/python3.10/site-packages/airflow/example_dags/example_datasets.py
[2024-07-18T18:59:35.623+0200] {processor.py:830} INFO - Processing file /home/richonlinux/Documents/GitHub/AirflowTuto/venv/lib/python3.10/site-packages/airflow/example_dags/example_datasets.py for tasks to queue
[2024-07-18T18:59:35.625+0200] {logging_mixin.py:188} INFO - [2024-07-18T18:59:35.624+0200] {dagbag.py:545} INFO - Filling up the DagBag from /home/richonlinux/Documents/GitHub/AirflowTuto/venv/lib/python3.10/site-packages/airflow/example_dags/example_datasets.py
[2024-07-18T18:59:35.634+0200] {processor.py:840} INFO - DAG(s) 'dataset_consumes_1_never_scheduled', 'consume_1_and_2_with_dataset_expressions', 'consume_1_or_2_with_dataset_expressions', 'dataset_consumes_1', 'dataset_produces_1', 'dataset_consumes_1_and_2', 'dataset_produces_2', 'consume_1_or_both_2_and_3_with_dataset_expressions', 'conditional_dataset_and_time_based_timetable', 'dataset_consumes_unknown_never_scheduled' retrieved from /home/richonlinux/Documents/GitHub/AirflowTuto/venv/lib/python3.10/site-packages/airflow/example_dags/example_datasets.py
[2024-07-18T18:59:35.652+0200] {logging_mixin.py:188} INFO - [2024-07-18T18:59:35.652+0200] {dag.py:3089} INFO - Sync 10 DAGs
[2024-07-18T18:59:35.664+0200] {logging_mixin.py:188} INFO - [2024-07-18T18:59:35.664+0200] {dag.py:3947} INFO - Setting next_dagrun for conditional_dataset_and_time_based_timetable to 2024-07-17 01:00:00+00:00, run_after=2024-07-17 01:00:00+00:00
[2024-07-18T18:59:35.666+0200] {logging_mixin.py:188} INFO - [2024-07-18T18:59:35.665+0200] {dag.py:3947} INFO - Setting next_dagrun for consume_1_and_2_with_dataset_expressions to None, run_after=None
[2024-07-18T18:59:35.666+0200] {logging_mixin.py:188} INFO - [2024-07-18T18:59:35.666+0200] {dag.py:3947} INFO - Setting next_dagrun for consume_1_or_2_with_dataset_expressions to None, run_after=None
[2024-07-18T18:59:35.667+0200] {logging_mixin.py:188} INFO - [2024-07-18T18:59:35.667+0200] {dag.py:3947} INFO - Setting next_dagrun for consume_1_or_both_2_and_3_with_dataset_expressions to None, run_after=None
[2024-07-18T18:59:35.667+0200] {logging_mixin.py:188} INFO - [2024-07-18T18:59:35.667+0200] {dag.py:3947} INFO - Setting next_dagrun for dataset_consumes_1 to None, run_after=None
[2024-07-18T18:59:35.667+0200] {logging_mixin.py:188} INFO - [2024-07-18T18:59:35.667+0200] {dag.py:3947} INFO - Setting next_dagrun for dataset_consumes_1_and_2 to None, run_after=None
[2024-07-18T18:59:35.668+0200] {logging_mixin.py:188} INFO - [2024-07-18T18:59:35.668+0200] {dag.py:3947} INFO - Setting next_dagrun for dataset_consumes_1_never_scheduled to None, run_after=None
[2024-07-18T18:59:35.668+0200] {logging_mixin.py:188} INFO - [2024-07-18T18:59:35.668+0200] {dag.py:3947} INFO - Setting next_dagrun for dataset_consumes_unknown_never_scheduled to None, run_after=None
[2024-07-18T18:59:35.670+0200] {logging_mixin.py:188} INFO - [2024-07-18T18:59:35.670+0200] {dag.py:3947} INFO - Setting next_dagrun for dataset_produces_1 to 2024-07-17 00:00:00+00:00, run_after=2024-07-18 00:00:00+00:00
[2024-07-18T18:59:35.670+0200] {logging_mixin.py:188} INFO - [2024-07-18T18:59:35.670+0200] {dag.py:3947} INFO - Setting next_dagrun for dataset_produces_2 to None, run_after=None
[2024-07-18T18:59:35.688+0200] {processor.py:183} INFO - Processing /home/richonlinux/Documents/GitHub/AirflowTuto/venv/lib/python3.10/site-packages/airflow/example_dags/example_datasets.py took 0.075 seconds
