[2024-07-18T18:16:34.960+0200] {processor.py:161} INFO - Started process (PID=258209) to work on /home/richonlinux/Documents/GitHub/AirflowTuto/venv/lib/python3.10/site-packages/airflow/example_dags/example_task_group_decorator.py
[2024-07-18T18:16:34.961+0200] {processor.py:830} INFO - Processing file /home/richonlinux/Documents/GitHub/AirflowTuto/venv/lib/python3.10/site-packages/airflow/example_dags/example_task_group_decorator.py for tasks to queue
[2024-07-18T18:16:34.963+0200] {logging_mixin.py:188} INFO - [2024-07-18T18:16:34.962+0200] {dagbag.py:545} INFO - Filling up the DagBag from /home/richonlinux/Documents/GitHub/AirflowTuto/venv/lib/python3.10/site-packages/airflow/example_dags/example_task_group_decorator.py
[2024-07-18T18:16:34.972+0200] {processor.py:840} INFO - DAG(s) 'example_task_group_decorator' retrieved from /home/richonlinux/Documents/GitHub/AirflowTuto/venv/lib/python3.10/site-packages/airflow/example_dags/example_task_group_decorator.py
[2024-07-18T18:16:35.035+0200] {logging_mixin.py:188} INFO - [2024-07-18T18:16:35.035+0200] {override.py:1858} INFO - Created Permission View: can edit on DAG:example_task_group_decorator
[2024-07-18T18:16:35.044+0200] {logging_mixin.py:188} INFO - [2024-07-18T18:16:35.044+0200] {override.py:1858} INFO - Created Permission View: can read on DAG:example_task_group_decorator
[2024-07-18T18:16:35.050+0200] {logging_mixin.py:188} INFO - [2024-07-18T18:16:35.050+0200] {override.py:1858} INFO - Created Permission View: can delete on DAG:example_task_group_decorator
[2024-07-18T18:16:35.051+0200] {logging_mixin.py:188} INFO - [2024-07-18T18:16:35.051+0200] {dag.py:3089} INFO - Sync 1 DAGs
[2024-07-18T18:16:35.056+0200] {logging_mixin.py:188} INFO - [2024-07-18T18:16:35.056+0200] {dag.py:3111} INFO - Creating ORM DAG for example_task_group_decorator
[2024-07-18T18:16:35.061+0200] {logging_mixin.py:188} INFO - [2024-07-18T18:16:35.061+0200] {dag.py:3947} INFO - Setting next_dagrun for example_task_group_decorator to 2024-07-17 00:00:00+00:00, run_after=2024-07-18 00:00:00+00:00
[2024-07-18T18:16:35.077+0200] {processor.py:183} INFO - Processing /home/richonlinux/Documents/GitHub/AirflowTuto/venv/lib/python3.10/site-packages/airflow/example_dags/example_task_group_decorator.py took 0.125 seconds
[2024-07-18T18:17:27.514+0200] {processor.py:161} INFO - Started process (PID=259079) to work on /home/richonlinux/Documents/GitHub/AirflowTuto/venv/lib/python3.10/site-packages/airflow/example_dags/example_task_group_decorator.py
[2024-07-18T18:17:27.518+0200] {processor.py:830} INFO - Processing file /home/richonlinux/Documents/GitHub/AirflowTuto/venv/lib/python3.10/site-packages/airflow/example_dags/example_task_group_decorator.py for tasks to queue
[2024-07-18T18:17:27.520+0200] {logging_mixin.py:188} INFO - [2024-07-18T18:17:27.520+0200] {dagbag.py:545} INFO - Filling up the DagBag from /home/richonlinux/Documents/GitHub/AirflowTuto/venv/lib/python3.10/site-packages/airflow/example_dags/example_task_group_decorator.py
[2024-07-18T18:17:27.531+0200] {processor.py:840} INFO - DAG(s) 'example_task_group_decorator' retrieved from /home/richonlinux/Documents/GitHub/AirflowTuto/venv/lib/python3.10/site-packages/airflow/example_dags/example_task_group_decorator.py
[2024-07-18T18:17:27.548+0200] {logging_mixin.py:188} INFO - [2024-07-18T18:17:27.547+0200] {dag.py:3089} INFO - Sync 1 DAGs
[2024-07-18T18:17:27.561+0200] {logging_mixin.py:188} INFO - [2024-07-18T18:17:27.561+0200] {dag.py:3947} INFO - Setting next_dagrun for example_task_group_decorator to 2024-07-17 00:00:00+00:00, run_after=2024-07-18 00:00:00+00:00
[2024-07-18T18:17:27.579+0200] {processor.py:183} INFO - Processing /home/richonlinux/Documents/GitHub/AirflowTuto/venv/lib/python3.10/site-packages/airflow/example_dags/example_task_group_decorator.py took 0.073 seconds
[2024-07-18T18:44:16.295+0200] {processor.py:161} INFO - Started process (PID=260299) to work on /home/richonlinux/Documents/GitHub/AirflowTuto/venv/lib/python3.10/site-packages/airflow/example_dags/example_task_group_decorator.py
[2024-07-18T18:44:16.296+0200] {processor.py:830} INFO - Processing file /home/richonlinux/Documents/GitHub/AirflowTuto/venv/lib/python3.10/site-packages/airflow/example_dags/example_task_group_decorator.py for tasks to queue
[2024-07-18T18:44:16.297+0200] {logging_mixin.py:188} INFO - [2024-07-18T18:44:16.297+0200] {dagbag.py:545} INFO - Filling up the DagBag from /home/richonlinux/Documents/GitHub/AirflowTuto/venv/lib/python3.10/site-packages/airflow/example_dags/example_task_group_decorator.py
[2024-07-18T18:44:16.306+0200] {processor.py:840} INFO - DAG(s) 'example_task_group_decorator' retrieved from /home/richonlinux/Documents/GitHub/AirflowTuto/venv/lib/python3.10/site-packages/airflow/example_dags/example_task_group_decorator.py
[2024-07-18T18:44:16.318+0200] {logging_mixin.py:188} INFO - [2024-07-18T18:44:16.317+0200] {dag.py:3089} INFO - Sync 1 DAGs
[2024-07-18T18:44:16.390+0200] {logging_mixin.py:188} INFO - [2024-07-18T18:44:16.390+0200] {dag.py:3947} INFO - Setting next_dagrun for example_task_group_decorator to 2024-07-17 00:00:00+00:00, run_after=2024-07-18 00:00:00+00:00
[2024-07-18T18:44:16.406+0200] {processor.py:183} INFO - Processing /home/richonlinux/Documents/GitHub/AirflowTuto/venv/lib/python3.10/site-packages/airflow/example_dags/example_task_group_decorator.py took 0.115 seconds
[2024-07-18T18:45:09.140+0200] {processor.py:161} INFO - Started process (PID=261373) to work on /home/richonlinux/Documents/GitHub/AirflowTuto/venv/lib/python3.10/site-packages/airflow/example_dags/example_task_group_decorator.py
[2024-07-18T18:45:09.144+0200] {processor.py:830} INFO - Processing file /home/richonlinux/Documents/GitHub/AirflowTuto/venv/lib/python3.10/site-packages/airflow/example_dags/example_task_group_decorator.py for tasks to queue
[2024-07-18T18:45:09.145+0200] {logging_mixin.py:188} INFO - [2024-07-18T18:45:09.145+0200] {dagbag.py:545} INFO - Filling up the DagBag from /home/richonlinux/Documents/GitHub/AirflowTuto/venv/lib/python3.10/site-packages/airflow/example_dags/example_task_group_decorator.py
[2024-07-18T18:45:09.156+0200] {processor.py:840} INFO - DAG(s) 'example_task_group_decorator' retrieved from /home/richonlinux/Documents/GitHub/AirflowTuto/venv/lib/python3.10/site-packages/airflow/example_dags/example_task_group_decorator.py
[2024-07-18T18:45:09.167+0200] {logging_mixin.py:188} INFO - [2024-07-18T18:45:09.167+0200] {dag.py:3089} INFO - Sync 1 DAGs
[2024-07-18T18:45:09.178+0200] {logging_mixin.py:188} INFO - [2024-07-18T18:45:09.177+0200] {dag.py:3947} INFO - Setting next_dagrun for example_task_group_decorator to 2024-07-17 00:00:00+00:00, run_after=2024-07-18 00:00:00+00:00
[2024-07-18T18:45:09.190+0200] {processor.py:183} INFO - Processing /home/richonlinux/Documents/GitHub/AirflowTuto/venv/lib/python3.10/site-packages/airflow/example_dags/example_task_group_decorator.py took 0.054 seconds
[2024-07-18T18:45:53.262+0200] {processor.py:161} INFO - Started process (PID=262324) to work on /home/richonlinux/Documents/GitHub/AirflowTuto/venv/lib/python3.10/site-packages/airflow/example_dags/example_task_group_decorator.py
[2024-07-18T18:45:53.263+0200] {processor.py:830} INFO - Processing file /home/richonlinux/Documents/GitHub/AirflowTuto/venv/lib/python3.10/site-packages/airflow/example_dags/example_task_group_decorator.py for tasks to queue
[2024-07-18T18:45:53.264+0200] {logging_mixin.py:188} INFO - [2024-07-18T18:45:53.264+0200] {dagbag.py:545} INFO - Filling up the DagBag from /home/richonlinux/Documents/GitHub/AirflowTuto/venv/lib/python3.10/site-packages/airflow/example_dags/example_task_group_decorator.py
[2024-07-18T18:45:53.271+0200] {processor.py:840} INFO - DAG(s) 'example_task_group_decorator' retrieved from /home/richonlinux/Documents/GitHub/AirflowTuto/venv/lib/python3.10/site-packages/airflow/example_dags/example_task_group_decorator.py
[2024-07-18T18:45:53.282+0200] {logging_mixin.py:188} INFO - [2024-07-18T18:45:53.282+0200] {dag.py:3089} INFO - Sync 1 DAGs
[2024-07-18T18:45:53.292+0200] {logging_mixin.py:188} INFO - [2024-07-18T18:45:53.292+0200] {dag.py:3947} INFO - Setting next_dagrun for example_task_group_decorator to 2024-07-17 00:00:00+00:00, run_after=2024-07-18 00:00:00+00:00
[2024-07-18T18:45:53.305+0200] {processor.py:183} INFO - Processing /home/richonlinux/Documents/GitHub/AirflowTuto/venv/lib/python3.10/site-packages/airflow/example_dags/example_task_group_decorator.py took 0.046 seconds
[2024-07-18T18:49:46.544+0200] {processor.py:161} INFO - Started process (PID=266562) to work on /home/richonlinux/Documents/GitHub/AirflowTuto/venv/lib/python3.10/site-packages/airflow/example_dags/example_task_group_decorator.py
[2024-07-18T18:49:46.546+0200] {processor.py:830} INFO - Processing file /home/richonlinux/Documents/GitHub/AirflowTuto/venv/lib/python3.10/site-packages/airflow/example_dags/example_task_group_decorator.py for tasks to queue
[2024-07-18T18:49:46.547+0200] {logging_mixin.py:188} INFO - [2024-07-18T18:49:46.547+0200] {dagbag.py:545} INFO - Filling up the DagBag from /home/richonlinux/Documents/GitHub/AirflowTuto/venv/lib/python3.10/site-packages/airflow/example_dags/example_task_group_decorator.py
[2024-07-18T18:49:46.555+0200] {processor.py:840} INFO - DAG(s) 'example_task_group_decorator' retrieved from /home/richonlinux/Documents/GitHub/AirflowTuto/venv/lib/python3.10/site-packages/airflow/example_dags/example_task_group_decorator.py
[2024-07-18T18:49:46.560+0200] {logging_mixin.py:188} INFO - [2024-07-18T18:49:46.560+0200] {dag.py:3089} INFO - Sync 1 DAGs
[2024-07-18T18:49:46.574+0200] {logging_mixin.py:188} INFO - [2024-07-18T18:49:46.574+0200] {dag.py:3947} INFO - Setting next_dagrun for example_task_group_decorator to 2024-07-17 00:00:00+00:00, run_after=2024-07-18 00:00:00+00:00
[2024-07-18T18:49:46.596+0200] {processor.py:183} INFO - Processing /home/richonlinux/Documents/GitHub/AirflowTuto/venv/lib/python3.10/site-packages/airflow/example_dags/example_task_group_decorator.py took 0.059 seconds
[2024-07-18T18:51:39.931+0200] {processor.py:161} INFO - Started process (PID=268601) to work on /home/richonlinux/Documents/GitHub/AirflowTuto/venv/lib/python3.10/site-packages/airflow/example_dags/example_task_group_decorator.py
[2024-07-18T18:51:39.932+0200] {processor.py:830} INFO - Processing file /home/richonlinux/Documents/GitHub/AirflowTuto/venv/lib/python3.10/site-packages/airflow/example_dags/example_task_group_decorator.py for tasks to queue
[2024-07-18T18:51:39.933+0200] {logging_mixin.py:188} INFO - [2024-07-18T18:51:39.932+0200] {dagbag.py:545} INFO - Filling up the DagBag from /home/richonlinux/Documents/GitHub/AirflowTuto/venv/lib/python3.10/site-packages/airflow/example_dags/example_task_group_decorator.py
[2024-07-18T18:51:39.945+0200] {processor.py:840} INFO - DAG(s) 'example_task_group_decorator' retrieved from /home/richonlinux/Documents/GitHub/AirflowTuto/venv/lib/python3.10/site-packages/airflow/example_dags/example_task_group_decorator.py
[2024-07-18T18:51:39.950+0200] {logging_mixin.py:188} INFO - [2024-07-18T18:51:39.950+0200] {dag.py:3089} INFO - Sync 1 DAGs
[2024-07-18T18:51:39.965+0200] {logging_mixin.py:188} INFO - [2024-07-18T18:51:39.965+0200] {dag.py:3947} INFO - Setting next_dagrun for example_task_group_decorator to 2024-07-17 00:00:00+00:00, run_after=2024-07-18 00:00:00+00:00
[2024-07-18T18:51:39.981+0200] {processor.py:183} INFO - Processing /home/richonlinux/Documents/GitHub/AirflowTuto/venv/lib/python3.10/site-packages/airflow/example_dags/example_task_group_decorator.py took 0.054 seconds
[2024-07-18T18:52:31.769+0200] {processor.py:161} INFO - Started process (PID=269630) to work on /home/richonlinux/Documents/GitHub/AirflowTuto/venv/lib/python3.10/site-packages/airflow/example_dags/example_task_group_decorator.py
[2024-07-18T18:52:31.770+0200] {processor.py:830} INFO - Processing file /home/richonlinux/Documents/GitHub/AirflowTuto/venv/lib/python3.10/site-packages/airflow/example_dags/example_task_group_decorator.py for tasks to queue
[2024-07-18T18:52:31.771+0200] {logging_mixin.py:188} INFO - [2024-07-18T18:52:31.771+0200] {dagbag.py:545} INFO - Filling up the DagBag from /home/richonlinux/Documents/GitHub/AirflowTuto/venv/lib/python3.10/site-packages/airflow/example_dags/example_task_group_decorator.py
[2024-07-18T18:52:31.779+0200] {processor.py:840} INFO - DAG(s) 'example_task_group_decorator' retrieved from /home/richonlinux/Documents/GitHub/AirflowTuto/venv/lib/python3.10/site-packages/airflow/example_dags/example_task_group_decorator.py
[2024-07-18T18:52:31.903+0200] {logging_mixin.py:188} INFO - [2024-07-18T18:52:31.903+0200] {dag.py:3089} INFO - Sync 1 DAGs
[2024-07-18T18:52:31.911+0200] {logging_mixin.py:188} INFO - [2024-07-18T18:52:31.911+0200] {dag.py:3947} INFO - Setting next_dagrun for example_task_group_decorator to 2024-07-17 00:00:00+00:00, run_after=2024-07-18 00:00:00+00:00
[2024-07-18T18:52:31.923+0200] {processor.py:183} INFO - Processing /home/richonlinux/Documents/GitHub/AirflowTuto/venv/lib/python3.10/site-packages/airflow/example_dags/example_task_group_decorator.py took 0.159 seconds
[2024-07-18T18:53:23.474+0200] {processor.py:161} INFO - Started process (PID=270964) to work on /home/richonlinux/Documents/GitHub/AirflowTuto/venv/lib/python3.10/site-packages/airflow/example_dags/example_task_group_decorator.py
[2024-07-18T18:53:23.475+0200] {processor.py:830} INFO - Processing file /home/richonlinux/Documents/GitHub/AirflowTuto/venv/lib/python3.10/site-packages/airflow/example_dags/example_task_group_decorator.py for tasks to queue
[2024-07-18T18:53:23.477+0200] {logging_mixin.py:188} INFO - [2024-07-18T18:53:23.477+0200] {dagbag.py:545} INFO - Filling up the DagBag from /home/richonlinux/Documents/GitHub/AirflowTuto/venv/lib/python3.10/site-packages/airflow/example_dags/example_task_group_decorator.py
[2024-07-18T18:53:23.487+0200] {processor.py:840} INFO - DAG(s) 'example_task_group_decorator' retrieved from /home/richonlinux/Documents/GitHub/AirflowTuto/venv/lib/python3.10/site-packages/airflow/example_dags/example_task_group_decorator.py
[2024-07-18T18:53:23.498+0200] {logging_mixin.py:188} INFO - [2024-07-18T18:53:23.498+0200] {dag.py:3089} INFO - Sync 1 DAGs
[2024-07-18T18:53:23.569+0200] {logging_mixin.py:188} INFO - [2024-07-18T18:53:23.569+0200] {dag.py:3947} INFO - Setting next_dagrun for example_task_group_decorator to 2024-07-17 00:00:00+00:00, run_after=2024-07-18 00:00:00+00:00
[2024-07-18T18:53:23.584+0200] {processor.py:183} INFO - Processing /home/richonlinux/Documents/GitHub/AirflowTuto/venv/lib/python3.10/site-packages/airflow/example_dags/example_task_group_decorator.py took 0.119 seconds
[2024-07-18T18:54:08.386+0200] {processor.py:161} INFO - Started process (PID=271902) to work on /home/richonlinux/Documents/GitHub/AirflowTuto/venv/lib/python3.10/site-packages/airflow/example_dags/example_task_group_decorator.py
[2024-07-18T18:54:08.387+0200] {processor.py:830} INFO - Processing file /home/richonlinux/Documents/GitHub/AirflowTuto/venv/lib/python3.10/site-packages/airflow/example_dags/example_task_group_decorator.py for tasks to queue
[2024-07-18T18:54:08.388+0200] {logging_mixin.py:188} INFO - [2024-07-18T18:54:08.388+0200] {dagbag.py:545} INFO - Filling up the DagBag from /home/richonlinux/Documents/GitHub/AirflowTuto/venv/lib/python3.10/site-packages/airflow/example_dags/example_task_group_decorator.py
[2024-07-18T18:54:08.396+0200] {processor.py:840} INFO - DAG(s) 'example_task_group_decorator' retrieved from /home/richonlinux/Documents/GitHub/AirflowTuto/venv/lib/python3.10/site-packages/airflow/example_dags/example_task_group_decorator.py
[2024-07-18T18:54:08.406+0200] {logging_mixin.py:188} INFO - [2024-07-18T18:54:08.406+0200] {dag.py:3089} INFO - Sync 1 DAGs
[2024-07-18T18:54:08.416+0200] {logging_mixin.py:188} INFO - [2024-07-18T18:54:08.415+0200] {dag.py:3947} INFO - Setting next_dagrun for example_task_group_decorator to 2024-07-17 00:00:00+00:00, run_after=2024-07-18 00:00:00+00:00
[2024-07-18T18:54:08.428+0200] {processor.py:183} INFO - Processing /home/richonlinux/Documents/GitHub/AirflowTuto/venv/lib/python3.10/site-packages/airflow/example_dags/example_task_group_decorator.py took 0.047 seconds
[2024-07-18T18:54:51.290+0200] {processor.py:161} INFO - Started process (PID=272605) to work on /home/richonlinux/Documents/GitHub/AirflowTuto/venv/lib/python3.10/site-packages/airflow/example_dags/example_task_group_decorator.py
[2024-07-18T18:54:51.293+0200] {processor.py:830} INFO - Processing file /home/richonlinux/Documents/GitHub/AirflowTuto/venv/lib/python3.10/site-packages/airflow/example_dags/example_task_group_decorator.py for tasks to queue
[2024-07-18T18:54:51.296+0200] {logging_mixin.py:188} INFO - [2024-07-18T18:54:51.296+0200] {dagbag.py:545} INFO - Filling up the DagBag from /home/richonlinux/Documents/GitHub/AirflowTuto/venv/lib/python3.10/site-packages/airflow/example_dags/example_task_group_decorator.py
[2024-07-18T18:54:51.307+0200] {processor.py:840} INFO - DAG(s) 'example_task_group_decorator' retrieved from /home/richonlinux/Documents/GitHub/AirflowTuto/venv/lib/python3.10/site-packages/airflow/example_dags/example_task_group_decorator.py
[2024-07-18T18:54:51.317+0200] {logging_mixin.py:188} INFO - [2024-07-18T18:54:51.317+0200] {dag.py:3089} INFO - Sync 1 DAGs
[2024-07-18T18:54:51.327+0200] {logging_mixin.py:188} INFO - [2024-07-18T18:54:51.327+0200] {dag.py:3947} INFO - Setting next_dagrun for example_task_group_decorator to 2024-07-17 00:00:00+00:00, run_after=2024-07-18 00:00:00+00:00
[2024-07-18T18:54:51.338+0200] {processor.py:183} INFO - Processing /home/richonlinux/Documents/GitHub/AirflowTuto/venv/lib/python3.10/site-packages/airflow/example_dags/example_task_group_decorator.py took 0.052 seconds
[2024-07-18T18:55:45.213+0200] {processor.py:161} INFO - Started process (PID=273484) to work on /home/richonlinux/Documents/GitHub/AirflowTuto/venv/lib/python3.10/site-packages/airflow/example_dags/example_task_group_decorator.py
[2024-07-18T18:55:45.214+0200] {processor.py:830} INFO - Processing file /home/richonlinux/Documents/GitHub/AirflowTuto/venv/lib/python3.10/site-packages/airflow/example_dags/example_task_group_decorator.py for tasks to queue
[2024-07-18T18:55:45.216+0200] {logging_mixin.py:188} INFO - [2024-07-18T18:55:45.215+0200] {dagbag.py:545} INFO - Filling up the DagBag from /home/richonlinux/Documents/GitHub/AirflowTuto/venv/lib/python3.10/site-packages/airflow/example_dags/example_task_group_decorator.py
[2024-07-18T18:55:45.225+0200] {processor.py:840} INFO - DAG(s) 'example_task_group_decorator' retrieved from /home/richonlinux/Documents/GitHub/AirflowTuto/venv/lib/python3.10/site-packages/airflow/example_dags/example_task_group_decorator.py
[2024-07-18T18:55:45.236+0200] {logging_mixin.py:188} INFO - [2024-07-18T18:55:45.235+0200] {dag.py:3089} INFO - Sync 1 DAGs
[2024-07-18T18:55:45.245+0200] {logging_mixin.py:188} INFO - [2024-07-18T18:55:45.245+0200] {dag.py:3947} INFO - Setting next_dagrun for example_task_group_decorator to 2024-07-17 00:00:00+00:00, run_after=2024-07-18 00:00:00+00:00
[2024-07-18T18:55:45.257+0200] {processor.py:183} INFO - Processing /home/richonlinux/Documents/GitHub/AirflowTuto/venv/lib/python3.10/site-packages/airflow/example_dags/example_task_group_decorator.py took 0.053 seconds
[2024-07-18T18:56:44.572+0200] {processor.py:161} INFO - Started process (PID=274535) to work on /home/richonlinux/Documents/GitHub/AirflowTuto/venv/lib/python3.10/site-packages/airflow/example_dags/example_task_group_decorator.py
[2024-07-18T18:56:44.573+0200] {processor.py:830} INFO - Processing file /home/richonlinux/Documents/GitHub/AirflowTuto/venv/lib/python3.10/site-packages/airflow/example_dags/example_task_group_decorator.py for tasks to queue
[2024-07-18T18:56:44.574+0200] {logging_mixin.py:188} INFO - [2024-07-18T18:56:44.574+0200] {dagbag.py:545} INFO - Filling up the DagBag from /home/richonlinux/Documents/GitHub/AirflowTuto/venv/lib/python3.10/site-packages/airflow/example_dags/example_task_group_decorator.py
[2024-07-18T18:56:44.582+0200] {processor.py:840} INFO - DAG(s) 'example_task_group_decorator' retrieved from /home/richonlinux/Documents/GitHub/AirflowTuto/venv/lib/python3.10/site-packages/airflow/example_dags/example_task_group_decorator.py
[2024-07-18T18:56:44.594+0200] {logging_mixin.py:188} INFO - [2024-07-18T18:56:44.594+0200] {dag.py:3089} INFO - Sync 1 DAGs
[2024-07-18T18:56:44.604+0200] {logging_mixin.py:188} INFO - [2024-07-18T18:56:44.604+0200] {dag.py:3947} INFO - Setting next_dagrun for example_task_group_decorator to 2024-07-17 00:00:00+00:00, run_after=2024-07-18 00:00:00+00:00
[2024-07-18T18:56:44.619+0200] {processor.py:183} INFO - Processing /home/richonlinux/Documents/GitHub/AirflowTuto/venv/lib/python3.10/site-packages/airflow/example_dags/example_task_group_decorator.py took 0.050 seconds
[2024-07-18T18:57:43.548+0200] {processor.py:161} INFO - Started process (PID=275497) to work on /home/richonlinux/Documents/GitHub/AirflowTuto/venv/lib/python3.10/site-packages/airflow/example_dags/example_task_group_decorator.py
[2024-07-18T18:57:43.549+0200] {processor.py:830} INFO - Processing file /home/richonlinux/Documents/GitHub/AirflowTuto/venv/lib/python3.10/site-packages/airflow/example_dags/example_task_group_decorator.py for tasks to queue
[2024-07-18T18:57:43.550+0200] {logging_mixin.py:188} INFO - [2024-07-18T18:57:43.550+0200] {dagbag.py:545} INFO - Filling up the DagBag from /home/richonlinux/Documents/GitHub/AirflowTuto/venv/lib/python3.10/site-packages/airflow/example_dags/example_task_group_decorator.py
[2024-07-18T18:57:43.559+0200] {processor.py:840} INFO - DAG(s) 'example_task_group_decorator' retrieved from /home/richonlinux/Documents/GitHub/AirflowTuto/venv/lib/python3.10/site-packages/airflow/example_dags/example_task_group_decorator.py
[2024-07-18T18:57:43.569+0200] {logging_mixin.py:188} INFO - [2024-07-18T18:57:43.569+0200] {dag.py:3089} INFO - Sync 1 DAGs
[2024-07-18T18:57:43.579+0200] {logging_mixin.py:188} INFO - [2024-07-18T18:57:43.579+0200] {dag.py:3947} INFO - Setting next_dagrun for example_task_group_decorator to 2024-07-17 00:00:00+00:00, run_after=2024-07-18 00:00:00+00:00
[2024-07-18T18:57:43.591+0200] {processor.py:183} INFO - Processing /home/richonlinux/Documents/GitHub/AirflowTuto/venv/lib/python3.10/site-packages/airflow/example_dags/example_task_group_decorator.py took 0.053 seconds
[2024-07-18T18:58:44.080+0200] {processor.py:161} INFO - Started process (PID=276435) to work on /home/richonlinux/Documents/GitHub/AirflowTuto/venv/lib/python3.10/site-packages/airflow/example_dags/example_task_group_decorator.py
[2024-07-18T18:58:44.081+0200] {processor.py:830} INFO - Processing file /home/richonlinux/Documents/GitHub/AirflowTuto/venv/lib/python3.10/site-packages/airflow/example_dags/example_task_group_decorator.py for tasks to queue
[2024-07-18T18:58:44.082+0200] {logging_mixin.py:188} INFO - [2024-07-18T18:58:44.081+0200] {dagbag.py:545} INFO - Filling up the DagBag from /home/richonlinux/Documents/GitHub/AirflowTuto/venv/lib/python3.10/site-packages/airflow/example_dags/example_task_group_decorator.py
[2024-07-18T18:58:44.091+0200] {processor.py:840} INFO - DAG(s) 'example_task_group_decorator' retrieved from /home/richonlinux/Documents/GitHub/AirflowTuto/venv/lib/python3.10/site-packages/airflow/example_dags/example_task_group_decorator.py
[2024-07-18T18:58:44.102+0200] {logging_mixin.py:188} INFO - [2024-07-18T18:58:44.102+0200] {dag.py:3089} INFO - Sync 1 DAGs
[2024-07-18T18:58:44.112+0200] {logging_mixin.py:188} INFO - [2024-07-18T18:58:44.112+0200] {dag.py:3947} INFO - Setting next_dagrun for example_task_group_decorator to 2024-07-17 00:00:00+00:00, run_after=2024-07-18 00:00:00+00:00
[2024-07-18T18:58:44.124+0200] {processor.py:183} INFO - Processing /home/richonlinux/Documents/GitHub/AirflowTuto/venv/lib/python3.10/site-packages/airflow/example_dags/example_task_group_decorator.py took 0.051 seconds
[2024-07-18T18:59:43.928+0200] {processor.py:161} INFO - Started process (PID=277588) to work on /home/richonlinux/Documents/GitHub/AirflowTuto/venv/lib/python3.10/site-packages/airflow/example_dags/example_task_group_decorator.py
[2024-07-18T18:59:43.930+0200] {processor.py:830} INFO - Processing file /home/richonlinux/Documents/GitHub/AirflowTuto/venv/lib/python3.10/site-packages/airflow/example_dags/example_task_group_decorator.py for tasks to queue
[2024-07-18T18:59:43.931+0200] {logging_mixin.py:188} INFO - [2024-07-18T18:59:43.931+0200] {dagbag.py:545} INFO - Filling up the DagBag from /home/richonlinux/Documents/GitHub/AirflowTuto/venv/lib/python3.10/site-packages/airflow/example_dags/example_task_group_decorator.py
[2024-07-18T18:59:43.940+0200] {processor.py:840} INFO - DAG(s) 'example_task_group_decorator' retrieved from /home/richonlinux/Documents/GitHub/AirflowTuto/venv/lib/python3.10/site-packages/airflow/example_dags/example_task_group_decorator.py
[2024-07-18T18:59:43.952+0200] {logging_mixin.py:188} INFO - [2024-07-18T18:59:43.952+0200] {dag.py:3089} INFO - Sync 1 DAGs
[2024-07-18T18:59:43.962+0200] {logging_mixin.py:188} INFO - [2024-07-18T18:59:43.962+0200] {dag.py:3947} INFO - Setting next_dagrun for example_task_group_decorator to 2024-07-17 00:00:00+00:00, run_after=2024-07-18 00:00:00+00:00
[2024-07-18T18:59:43.976+0200] {processor.py:183} INFO - Processing /home/richonlinux/Documents/GitHub/AirflowTuto/venv/lib/python3.10/site-packages/airflow/example_dags/example_task_group_decorator.py took 0.057 seconds
