[2024-07-18T18:16:37.189+0200] {processor.py:161} INFO - Started process (PID=258238) to work on /home/richonlinux/Documents/GitHub/AirflowTuto/venv/lib/python3.10/site-packages/airflow/example_dags/example_trigger_controller_dag.py
[2024-07-18T18:16:37.190+0200] {processor.py:830} INFO - Processing file /home/richonlinux/Documents/GitHub/AirflowTuto/venv/lib/python3.10/site-packages/airflow/example_dags/example_trigger_controller_dag.py for tasks to queue
[2024-07-18T18:16:37.192+0200] {logging_mixin.py:188} INFO - [2024-07-18T18:16:37.192+0200] {dagbag.py:545} INFO - Filling up the DagBag from /home/richonlinux/Documents/GitHub/AirflowTuto/venv/lib/python3.10/site-packages/airflow/example_dags/example_trigger_controller_dag.py
[2024-07-18T18:16:37.196+0200] {processor.py:840} INFO - DAG(s) 'example_trigger_controller_dag' retrieved from /home/richonlinux/Documents/GitHub/AirflowTuto/venv/lib/python3.10/site-packages/airflow/example_dags/example_trigger_controller_dag.py
[2024-07-18T18:16:37.252+0200] {logging_mixin.py:188} INFO - [2024-07-18T18:16:37.251+0200] {override.py:1858} INFO - Created Permission View: can edit on DAG:example_trigger_controller_dag
[2024-07-18T18:16:37.260+0200] {logging_mixin.py:188} INFO - [2024-07-18T18:16:37.260+0200] {override.py:1858} INFO - Created Permission View: can read on DAG:example_trigger_controller_dag
[2024-07-18T18:16:37.266+0200] {logging_mixin.py:188} INFO - [2024-07-18T18:16:37.265+0200] {override.py:1858} INFO - Created Permission View: can delete on DAG:example_trigger_controller_dag
[2024-07-18T18:16:37.266+0200] {logging_mixin.py:188} INFO - [2024-07-18T18:16:37.266+0200] {dag.py:3089} INFO - Sync 1 DAGs
[2024-07-18T18:16:37.272+0200] {logging_mixin.py:188} INFO - [2024-07-18T18:16:37.272+0200] {dag.py:3111} INFO - Creating ORM DAG for example_trigger_controller_dag
[2024-07-18T18:16:37.276+0200] {logging_mixin.py:188} INFO - [2024-07-18T18:16:37.276+0200] {dag.py:3947} INFO - Setting next_dagrun for example_trigger_controller_dag to 2021-01-01 00:00:00+00:00, run_after=2021-01-01 00:00:00+00:00
[2024-07-18T18:16:37.289+0200] {processor.py:183} INFO - Processing /home/richonlinux/Documents/GitHub/AirflowTuto/venv/lib/python3.10/site-packages/airflow/example_dags/example_trigger_controller_dag.py took 0.107 seconds
[2024-07-18T18:17:29.792+0200] {processor.py:161} INFO - Started process (PID=259108) to work on /home/richonlinux/Documents/GitHub/AirflowTuto/venv/lib/python3.10/site-packages/airflow/example_dags/example_trigger_controller_dag.py
[2024-07-18T18:17:29.796+0200] {processor.py:830} INFO - Processing file /home/richonlinux/Documents/GitHub/AirflowTuto/venv/lib/python3.10/site-packages/airflow/example_dags/example_trigger_controller_dag.py for tasks to queue
[2024-07-18T18:17:29.798+0200] {logging_mixin.py:188} INFO - [2024-07-18T18:17:29.798+0200] {dagbag.py:545} INFO - Filling up the DagBag from /home/richonlinux/Documents/GitHub/AirflowTuto/venv/lib/python3.10/site-packages/airflow/example_dags/example_trigger_controller_dag.py
[2024-07-18T18:17:29.802+0200] {processor.py:840} INFO - DAG(s) 'example_trigger_controller_dag' retrieved from /home/richonlinux/Documents/GitHub/AirflowTuto/venv/lib/python3.10/site-packages/airflow/example_dags/example_trigger_controller_dag.py
[2024-07-18T18:17:29.811+0200] {logging_mixin.py:188} INFO - [2024-07-18T18:17:29.811+0200] {dag.py:3089} INFO - Sync 1 DAGs
[2024-07-18T18:17:29.820+0200] {logging_mixin.py:188} INFO - [2024-07-18T18:17:29.820+0200] {dag.py:3947} INFO - Setting next_dagrun for example_trigger_controller_dag to 2021-01-01 00:00:00+00:00, run_after=2021-01-01 00:00:00+00:00
[2024-07-18T18:17:29.832+0200] {processor.py:183} INFO - Processing /home/richonlinux/Documents/GitHub/AirflowTuto/venv/lib/python3.10/site-packages/airflow/example_dags/example_trigger_controller_dag.py took 0.049 seconds
[2024-07-18T18:44:18.776+0200] {processor.py:161} INFO - Started process (PID=260331) to work on /home/richonlinux/Documents/GitHub/AirflowTuto/venv/lib/python3.10/site-packages/airflow/example_dags/example_trigger_controller_dag.py
[2024-07-18T18:44:18.777+0200] {processor.py:830} INFO - Processing file /home/richonlinux/Documents/GitHub/AirflowTuto/venv/lib/python3.10/site-packages/airflow/example_dags/example_trigger_controller_dag.py for tasks to queue
[2024-07-18T18:44:18.779+0200] {logging_mixin.py:188} INFO - [2024-07-18T18:44:18.779+0200] {dagbag.py:545} INFO - Filling up the DagBag from /home/richonlinux/Documents/GitHub/AirflowTuto/venv/lib/python3.10/site-packages/airflow/example_dags/example_trigger_controller_dag.py
[2024-07-18T18:44:18.783+0200] {processor.py:840} INFO - DAG(s) 'example_trigger_controller_dag' retrieved from /home/richonlinux/Documents/GitHub/AirflowTuto/venv/lib/python3.10/site-packages/airflow/example_dags/example_trigger_controller_dag.py
[2024-07-18T18:44:18.791+0200] {logging_mixin.py:188} INFO - [2024-07-18T18:44:18.791+0200] {dag.py:3089} INFO - Sync 1 DAGs
[2024-07-18T18:44:18.855+0200] {logging_mixin.py:188} INFO - [2024-07-18T18:44:18.854+0200] {dag.py:3947} INFO - Setting next_dagrun for example_trigger_controller_dag to 2021-01-01 00:00:00+00:00, run_after=2021-01-01 00:00:00+00:00
[2024-07-18T18:44:18.866+0200] {processor.py:183} INFO - Processing /home/richonlinux/Documents/GitHub/AirflowTuto/venv/lib/python3.10/site-packages/airflow/example_dags/example_trigger_controller_dag.py took 0.097 seconds
[2024-07-18T18:45:11.402+0200] {processor.py:161} INFO - Started process (PID=261428) to work on /home/richonlinux/Documents/GitHub/AirflowTuto/venv/lib/python3.10/site-packages/airflow/example_dags/example_trigger_controller_dag.py
[2024-07-18T18:45:11.407+0200] {processor.py:830} INFO - Processing file /home/richonlinux/Documents/GitHub/AirflowTuto/venv/lib/python3.10/site-packages/airflow/example_dags/example_trigger_controller_dag.py for tasks to queue
[2024-07-18T18:45:11.408+0200] {logging_mixin.py:188} INFO - [2024-07-18T18:45:11.407+0200] {dagbag.py:545} INFO - Filling up the DagBag from /home/richonlinux/Documents/GitHub/AirflowTuto/venv/lib/python3.10/site-packages/airflow/example_dags/example_trigger_controller_dag.py
[2024-07-18T18:45:11.412+0200] {processor.py:840} INFO - DAG(s) 'example_trigger_controller_dag' retrieved from /home/richonlinux/Documents/GitHub/AirflowTuto/venv/lib/python3.10/site-packages/airflow/example_dags/example_trigger_controller_dag.py
[2024-07-18T18:45:11.420+0200] {logging_mixin.py:188} INFO - [2024-07-18T18:45:11.420+0200] {dag.py:3089} INFO - Sync 1 DAGs
[2024-07-18T18:45:11.433+0200] {logging_mixin.py:188} INFO - [2024-07-18T18:45:11.433+0200] {dag.py:3947} INFO - Setting next_dagrun for example_trigger_controller_dag to 2021-01-01 00:00:00+00:00, run_after=2021-01-01 00:00:00+00:00
[2024-07-18T18:45:11.447+0200] {processor.py:183} INFO - Processing /home/richonlinux/Documents/GitHub/AirflowTuto/venv/lib/python3.10/site-packages/airflow/example_dags/example_trigger_controller_dag.py took 0.053 seconds
[2024-07-18T18:46:06.544+0200] {processor.py:161} INFO - Started process (PID=262660) to work on /home/richonlinux/Documents/GitHub/AirflowTuto/venv/lib/python3.10/site-packages/airflow/example_dags/example_trigger_controller_dag.py
[2024-07-18T18:46:06.548+0200] {processor.py:830} INFO - Processing file /home/richonlinux/Documents/GitHub/AirflowTuto/venv/lib/python3.10/site-packages/airflow/example_dags/example_trigger_controller_dag.py for tasks to queue
[2024-07-18T18:46:06.549+0200] {logging_mixin.py:188} INFO - [2024-07-18T18:46:06.549+0200] {dagbag.py:545} INFO - Filling up the DagBag from /home/richonlinux/Documents/GitHub/AirflowTuto/venv/lib/python3.10/site-packages/airflow/example_dags/example_trigger_controller_dag.py
[2024-07-18T18:46:06.552+0200] {processor.py:840} INFO - DAG(s) 'example_trigger_controller_dag' retrieved from /home/richonlinux/Documents/GitHub/AirflowTuto/venv/lib/python3.10/site-packages/airflow/example_dags/example_trigger_controller_dag.py
[2024-07-18T18:46:06.561+0200] {logging_mixin.py:188} INFO - [2024-07-18T18:46:06.561+0200] {dag.py:3089} INFO - Sync 1 DAGs
[2024-07-18T18:46:06.572+0200] {logging_mixin.py:188} INFO - [2024-07-18T18:46:06.572+0200] {dag.py:3947} INFO - Setting next_dagrun for example_trigger_controller_dag to 2021-01-01 00:00:00+00:00, run_after=2021-01-01 00:00:00+00:00
[2024-07-18T18:46:06.586+0200] {processor.py:183} INFO - Processing /home/richonlinux/Documents/GitHub/AirflowTuto/venv/lib/python3.10/site-packages/airflow/example_dags/example_trigger_controller_dag.py took 0.048 seconds
[2024-07-18T18:49:48.824+0200] {processor.py:161} INFO - Started process (PID=266653) to work on /home/richonlinux/Documents/GitHub/AirflowTuto/venv/lib/python3.10/site-packages/airflow/example_dags/example_trigger_controller_dag.py
[2024-07-18T18:49:48.825+0200] {processor.py:830} INFO - Processing file /home/richonlinux/Documents/GitHub/AirflowTuto/venv/lib/python3.10/site-packages/airflow/example_dags/example_trigger_controller_dag.py for tasks to queue
[2024-07-18T18:49:48.826+0200] {logging_mixin.py:188} INFO - [2024-07-18T18:49:48.826+0200] {dagbag.py:545} INFO - Filling up the DagBag from /home/richonlinux/Documents/GitHub/AirflowTuto/venv/lib/python3.10/site-packages/airflow/example_dags/example_trigger_controller_dag.py
[2024-07-18T18:49:48.829+0200] {processor.py:840} INFO - DAG(s) 'example_trigger_controller_dag' retrieved from /home/richonlinux/Documents/GitHub/AirflowTuto/venv/lib/python3.10/site-packages/airflow/example_dags/example_trigger_controller_dag.py
[2024-07-18T18:49:48.833+0200] {logging_mixin.py:188} INFO - [2024-07-18T18:49:48.833+0200] {dag.py:3089} INFO - Sync 1 DAGs
[2024-07-18T18:49:48.844+0200] {logging_mixin.py:188} INFO - [2024-07-18T18:49:48.844+0200] {dag.py:3947} INFO - Setting next_dagrun for example_trigger_controller_dag to 2021-01-01 00:00:00+00:00, run_after=2021-01-01 00:00:00+00:00
[2024-07-18T18:49:48.856+0200] {processor.py:183} INFO - Processing /home/richonlinux/Documents/GitHub/AirflowTuto/venv/lib/python3.10/site-packages/airflow/example_dags/example_trigger_controller_dag.py took 0.037 seconds
[2024-07-18T18:51:42.232+0200] {processor.py:161} INFO - Started process (PID=268632) to work on /home/richonlinux/Documents/GitHub/AirflowTuto/venv/lib/python3.10/site-packages/airflow/example_dags/example_trigger_controller_dag.py
[2024-07-18T18:51:42.234+0200] {processor.py:830} INFO - Processing file /home/richonlinux/Documents/GitHub/AirflowTuto/venv/lib/python3.10/site-packages/airflow/example_dags/example_trigger_controller_dag.py for tasks to queue
[2024-07-18T18:51:42.235+0200] {logging_mixin.py:188} INFO - [2024-07-18T18:51:42.235+0200] {dagbag.py:545} INFO - Filling up the DagBag from /home/richonlinux/Documents/GitHub/AirflowTuto/venv/lib/python3.10/site-packages/airflow/example_dags/example_trigger_controller_dag.py
[2024-07-18T18:51:42.239+0200] {processor.py:840} INFO - DAG(s) 'example_trigger_controller_dag' retrieved from /home/richonlinux/Documents/GitHub/AirflowTuto/venv/lib/python3.10/site-packages/airflow/example_dags/example_trigger_controller_dag.py
[2024-07-18T18:51:42.244+0200] {logging_mixin.py:188} INFO - [2024-07-18T18:51:42.244+0200] {dag.py:3089} INFO - Sync 1 DAGs
[2024-07-18T18:51:42.254+0200] {logging_mixin.py:188} INFO - [2024-07-18T18:51:42.254+0200] {dag.py:3947} INFO - Setting next_dagrun for example_trigger_controller_dag to 2021-01-01 00:00:00+00:00, run_after=2021-01-01 00:00:00+00:00
[2024-07-18T18:51:42.267+0200] {processor.py:183} INFO - Processing /home/richonlinux/Documents/GitHub/AirflowTuto/venv/lib/python3.10/site-packages/airflow/example_dags/example_trigger_controller_dag.py took 0.043 seconds
[2024-07-18T18:52:34.281+0200] {processor.py:161} INFO - Started process (PID=269697) to work on /home/richonlinux/Documents/GitHub/AirflowTuto/venv/lib/python3.10/site-packages/airflow/example_dags/example_trigger_controller_dag.py
[2024-07-18T18:52:34.283+0200] {processor.py:830} INFO - Processing file /home/richonlinux/Documents/GitHub/AirflowTuto/venv/lib/python3.10/site-packages/airflow/example_dags/example_trigger_controller_dag.py for tasks to queue
[2024-07-18T18:52:34.285+0200] {logging_mixin.py:188} INFO - [2024-07-18T18:52:34.284+0200] {dagbag.py:545} INFO - Filling up the DagBag from /home/richonlinux/Documents/GitHub/AirflowTuto/venv/lib/python3.10/site-packages/airflow/example_dags/example_trigger_controller_dag.py
[2024-07-18T18:52:34.291+0200] {processor.py:840} INFO - DAG(s) 'example_trigger_controller_dag' retrieved from /home/richonlinux/Documents/GitHub/AirflowTuto/venv/lib/python3.10/site-packages/airflow/example_dags/example_trigger_controller_dag.py
[2024-07-18T18:52:34.397+0200] {logging_mixin.py:188} INFO - [2024-07-18T18:52:34.396+0200] {dag.py:3089} INFO - Sync 1 DAGs
[2024-07-18T18:52:34.404+0200] {logging_mixin.py:188} INFO - [2024-07-18T18:52:34.404+0200] {dag.py:3947} INFO - Setting next_dagrun for example_trigger_controller_dag to 2021-01-01 00:00:00+00:00, run_after=2021-01-01 00:00:00+00:00
[2024-07-18T18:52:34.416+0200] {processor.py:183} INFO - Processing /home/richonlinux/Documents/GitHub/AirflowTuto/venv/lib/python3.10/site-packages/airflow/example_dags/example_trigger_controller_dag.py took 0.143 seconds
[2024-07-18T18:53:25.950+0200] {processor.py:161} INFO - Started process (PID=271143) to work on /home/richonlinux/Documents/GitHub/AirflowTuto/venv/lib/python3.10/site-packages/airflow/example_dags/example_trigger_controller_dag.py
[2024-07-18T18:53:25.951+0200] {processor.py:830} INFO - Processing file /home/richonlinux/Documents/GitHub/AirflowTuto/venv/lib/python3.10/site-packages/airflow/example_dags/example_trigger_controller_dag.py for tasks to queue
[2024-07-18T18:53:25.952+0200] {logging_mixin.py:188} INFO - [2024-07-18T18:53:25.952+0200] {dagbag.py:545} INFO - Filling up the DagBag from /home/richonlinux/Documents/GitHub/AirflowTuto/venv/lib/python3.10/site-packages/airflow/example_dags/example_trigger_controller_dag.py
[2024-07-18T18:53:25.955+0200] {processor.py:840} INFO - DAG(s) 'example_trigger_controller_dag' retrieved from /home/richonlinux/Documents/GitHub/AirflowTuto/venv/lib/python3.10/site-packages/airflow/example_dags/example_trigger_controller_dag.py
[2024-07-18T18:53:25.963+0200] {logging_mixin.py:188} INFO - [2024-07-18T18:53:25.963+0200] {dag.py:3089} INFO - Sync 1 DAGs
[2024-07-18T18:53:26.036+0200] {logging_mixin.py:188} INFO - [2024-07-18T18:53:26.036+0200] {dag.py:3947} INFO - Setting next_dagrun for example_trigger_controller_dag to 2021-01-01 00:00:00+00:00, run_after=2021-01-01 00:00:00+00:00
[2024-07-18T18:53:26.048+0200] {processor.py:183} INFO - Processing /home/richonlinux/Documents/GitHub/AirflowTuto/venv/lib/python3.10/site-packages/airflow/example_dags/example_trigger_controller_dag.py took 0.104 seconds
[2024-07-18T18:54:32.537+0200] {processor.py:161} INFO - Started process (PID=272327) to work on /home/richonlinux/Documents/GitHub/AirflowTuto/venv/lib/python3.10/site-packages/airflow/example_dags/example_trigger_controller_dag.py
[2024-07-18T18:54:32.538+0200] {processor.py:830} INFO - Processing file /home/richonlinux/Documents/GitHub/AirflowTuto/venv/lib/python3.10/site-packages/airflow/example_dags/example_trigger_controller_dag.py for tasks to queue
[2024-07-18T18:54:32.540+0200] {logging_mixin.py:188} INFO - [2024-07-18T18:54:32.540+0200] {dagbag.py:545} INFO - Filling up the DagBag from /home/richonlinux/Documents/GitHub/AirflowTuto/venv/lib/python3.10/site-packages/airflow/example_dags/example_trigger_controller_dag.py
[2024-07-18T18:54:32.544+0200] {processor.py:840} INFO - DAG(s) 'example_trigger_controller_dag' retrieved from /home/richonlinux/Documents/GitHub/AirflowTuto/venv/lib/python3.10/site-packages/airflow/example_dags/example_trigger_controller_dag.py
[2024-07-18T18:54:32.552+0200] {logging_mixin.py:188} INFO - [2024-07-18T18:54:32.552+0200] {dag.py:3089} INFO - Sync 1 DAGs
[2024-07-18T18:54:32.561+0200] {logging_mixin.py:188} INFO - [2024-07-18T18:54:32.561+0200] {dag.py:3947} INFO - Setting next_dagrun for example_trigger_controller_dag to 2021-01-01 00:00:00+00:00, run_after=2021-01-01 00:00:00+00:00
[2024-07-18T18:54:32.573+0200] {processor.py:183} INFO - Processing /home/richonlinux/Documents/GitHub/AirflowTuto/venv/lib/python3.10/site-packages/airflow/example_dags/example_trigger_controller_dag.py took 0.043 seconds
[2024-07-18T18:55:28.427+0200] {processor.py:161} INFO - Started process (PID=273212) to work on /home/richonlinux/Documents/GitHub/AirflowTuto/venv/lib/python3.10/site-packages/airflow/example_dags/example_trigger_controller_dag.py
[2024-07-18T18:55:28.428+0200] {processor.py:830} INFO - Processing file /home/richonlinux/Documents/GitHub/AirflowTuto/venv/lib/python3.10/site-packages/airflow/example_dags/example_trigger_controller_dag.py for tasks to queue
[2024-07-18T18:55:28.429+0200] {logging_mixin.py:188} INFO - [2024-07-18T18:55:28.429+0200] {dagbag.py:545} INFO - Filling up the DagBag from /home/richonlinux/Documents/GitHub/AirflowTuto/venv/lib/python3.10/site-packages/airflow/example_dags/example_trigger_controller_dag.py
[2024-07-18T18:55:28.432+0200] {processor.py:840} INFO - DAG(s) 'example_trigger_controller_dag' retrieved from /home/richonlinux/Documents/GitHub/AirflowTuto/venv/lib/python3.10/site-packages/airflow/example_dags/example_trigger_controller_dag.py
[2024-07-18T18:55:28.441+0200] {logging_mixin.py:188} INFO - [2024-07-18T18:55:28.441+0200] {dag.py:3089} INFO - Sync 1 DAGs
[2024-07-18T18:55:28.451+0200] {logging_mixin.py:188} INFO - [2024-07-18T18:55:28.451+0200] {dag.py:3947} INFO - Setting next_dagrun for example_trigger_controller_dag to 2021-01-01 00:00:00+00:00, run_after=2021-01-01 00:00:00+00:00
[2024-07-18T18:55:28.464+0200] {processor.py:183} INFO - Processing /home/richonlinux/Documents/GitHub/AirflowTuto/venv/lib/python3.10/site-packages/airflow/example_dags/example_trigger_controller_dag.py took 0.040 seconds
[2024-07-18T18:56:28.674+0200] {processor.py:161} INFO - Started process (PID=274293) to work on /home/richonlinux/Documents/GitHub/AirflowTuto/venv/lib/python3.10/site-packages/airflow/example_dags/example_trigger_controller_dag.py
[2024-07-18T18:56:28.675+0200] {processor.py:830} INFO - Processing file /home/richonlinux/Documents/GitHub/AirflowTuto/venv/lib/python3.10/site-packages/airflow/example_dags/example_trigger_controller_dag.py for tasks to queue
[2024-07-18T18:56:28.676+0200] {logging_mixin.py:188} INFO - [2024-07-18T18:56:28.676+0200] {dagbag.py:545} INFO - Filling up the DagBag from /home/richonlinux/Documents/GitHub/AirflowTuto/venv/lib/python3.10/site-packages/airflow/example_dags/example_trigger_controller_dag.py
[2024-07-18T18:56:28.680+0200] {processor.py:840} INFO - DAG(s) 'example_trigger_controller_dag' retrieved from /home/richonlinux/Documents/GitHub/AirflowTuto/venv/lib/python3.10/site-packages/airflow/example_dags/example_trigger_controller_dag.py
[2024-07-18T18:56:28.689+0200] {logging_mixin.py:188} INFO - [2024-07-18T18:56:28.689+0200] {dag.py:3089} INFO - Sync 1 DAGs
[2024-07-18T18:56:28.701+0200] {logging_mixin.py:188} INFO - [2024-07-18T18:56:28.701+0200] {dag.py:3947} INFO - Setting next_dagrun for example_trigger_controller_dag to 2021-01-01 00:00:00+00:00, run_after=2021-01-01 00:00:00+00:00
[2024-07-18T18:56:28.716+0200] {processor.py:183} INFO - Processing /home/richonlinux/Documents/GitHub/AirflowTuto/venv/lib/python3.10/site-packages/airflow/example_dags/example_trigger_controller_dag.py took 0.046 seconds
[2024-07-18T18:57:25.857+0200] {processor.py:161} INFO - Started process (PID=275239) to work on /home/richonlinux/Documents/GitHub/AirflowTuto/venv/lib/python3.10/site-packages/airflow/example_dags/example_trigger_controller_dag.py
[2024-07-18T18:57:25.857+0200] {processor.py:830} INFO - Processing file /home/richonlinux/Documents/GitHub/AirflowTuto/venv/lib/python3.10/site-packages/airflow/example_dags/example_trigger_controller_dag.py for tasks to queue
[2024-07-18T18:57:25.858+0200] {logging_mixin.py:188} INFO - [2024-07-18T18:57:25.858+0200] {dagbag.py:545} INFO - Filling up the DagBag from /home/richonlinux/Documents/GitHub/AirflowTuto/venv/lib/python3.10/site-packages/airflow/example_dags/example_trigger_controller_dag.py
[2024-07-18T18:57:25.863+0200] {processor.py:840} INFO - DAG(s) 'example_trigger_controller_dag' retrieved from /home/richonlinux/Documents/GitHub/AirflowTuto/venv/lib/python3.10/site-packages/airflow/example_dags/example_trigger_controller_dag.py
[2024-07-18T18:57:25.871+0200] {logging_mixin.py:188} INFO - [2024-07-18T18:57:25.871+0200] {dag.py:3089} INFO - Sync 1 DAGs
[2024-07-18T18:57:25.880+0200] {logging_mixin.py:188} INFO - [2024-07-18T18:57:25.880+0200] {dag.py:3947} INFO - Setting next_dagrun for example_trigger_controller_dag to 2021-01-01 00:00:00+00:00, run_after=2021-01-01 00:00:00+00:00
[2024-07-18T18:57:25.892+0200] {processor.py:183} INFO - Processing /home/richonlinux/Documents/GitHub/AirflowTuto/venv/lib/python3.10/site-packages/airflow/example_dags/example_trigger_controller_dag.py took 0.040 seconds
[2024-07-18T18:58:25.879+0200] {processor.py:161} INFO - Started process (PID=276168) to work on /home/richonlinux/Documents/GitHub/AirflowTuto/venv/lib/python3.10/site-packages/airflow/example_dags/example_trigger_controller_dag.py
[2024-07-18T18:58:25.880+0200] {processor.py:830} INFO - Processing file /home/richonlinux/Documents/GitHub/AirflowTuto/venv/lib/python3.10/site-packages/airflow/example_dags/example_trigger_controller_dag.py for tasks to queue
[2024-07-18T18:58:25.882+0200] {logging_mixin.py:188} INFO - [2024-07-18T18:58:25.882+0200] {dagbag.py:545} INFO - Filling up the DagBag from /home/richonlinux/Documents/GitHub/AirflowTuto/venv/lib/python3.10/site-packages/airflow/example_dags/example_trigger_controller_dag.py
[2024-07-18T18:58:25.887+0200] {processor.py:840} INFO - DAG(s) 'example_trigger_controller_dag' retrieved from /home/richonlinux/Documents/GitHub/AirflowTuto/venv/lib/python3.10/site-packages/airflow/example_dags/example_trigger_controller_dag.py
[2024-07-18T18:58:25.895+0200] {logging_mixin.py:188} INFO - [2024-07-18T18:58:25.895+0200] {dag.py:3089} INFO - Sync 1 DAGs
[2024-07-18T18:58:25.905+0200] {logging_mixin.py:188} INFO - [2024-07-18T18:58:25.905+0200] {dag.py:3947} INFO - Setting next_dagrun for example_trigger_controller_dag to 2021-01-01 00:00:00+00:00, run_after=2021-01-01 00:00:00+00:00
[2024-07-18T18:58:25.917+0200] {processor.py:183} INFO - Processing /home/richonlinux/Documents/GitHub/AirflowTuto/venv/lib/python3.10/site-packages/airflow/example_dags/example_trigger_controller_dag.py took 0.045 seconds
[2024-07-18T18:59:26.357+0200] {processor.py:161} INFO - Started process (PID=277274) to work on /home/richonlinux/Documents/GitHub/AirflowTuto/venv/lib/python3.10/site-packages/airflow/example_dags/example_trigger_controller_dag.py
[2024-07-18T18:59:26.361+0200] {processor.py:830} INFO - Processing file /home/richonlinux/Documents/GitHub/AirflowTuto/venv/lib/python3.10/site-packages/airflow/example_dags/example_trigger_controller_dag.py for tasks to queue
[2024-07-18T18:59:26.363+0200] {logging_mixin.py:188} INFO - [2024-07-18T18:59:26.362+0200] {dagbag.py:545} INFO - Filling up the DagBag from /home/richonlinux/Documents/GitHub/AirflowTuto/venv/lib/python3.10/site-packages/airflow/example_dags/example_trigger_controller_dag.py
[2024-07-18T18:59:26.368+0200] {processor.py:840} INFO - DAG(s) 'example_trigger_controller_dag' retrieved from /home/richonlinux/Documents/GitHub/AirflowTuto/venv/lib/python3.10/site-packages/airflow/example_dags/example_trigger_controller_dag.py
[2024-07-18T18:59:26.377+0200] {logging_mixin.py:188} INFO - [2024-07-18T18:59:26.377+0200] {dag.py:3089} INFO - Sync 1 DAGs
[2024-07-18T18:59:26.386+0200] {logging_mixin.py:188} INFO - [2024-07-18T18:59:26.386+0200] {dag.py:3947} INFO - Setting next_dagrun for example_trigger_controller_dag to 2021-01-01 00:00:00+00:00, run_after=2021-01-01 00:00:00+00:00
[2024-07-18T18:59:26.398+0200] {processor.py:183} INFO - Processing /home/richonlinux/Documents/GitHub/AirflowTuto/venv/lib/python3.10/site-packages/airflow/example_dags/example_trigger_controller_dag.py took 0.050 seconds
