[2024-07-18T18:16:25.455+0200] {processor.py:161} INFO - Started process (PID=258073) to work on /home/richonlinux/Documents/GitHub/AirflowTuto/venv/lib/python3.10/site-packages/airflow/example_dags/example_sensors.py
[2024-07-18T18:16:25.456+0200] {processor.py:830} INFO - Processing file /home/richonlinux/Documents/GitHub/AirflowTuto/venv/lib/python3.10/site-packages/airflow/example_dags/example_sensors.py for tasks to queue
[2024-07-18T18:16:25.457+0200] {logging_mixin.py:188} INFO - [2024-07-18T18:16:25.457+0200] {dagbag.py:545} INFO - Filling up the DagBag from /home/richonlinux/Documents/GitHub/AirflowTuto/venv/lib/python3.10/site-packages/airflow/example_dags/example_sensors.py
[2024-07-18T18:16:25.463+0200] {processor.py:840} INFO - DAG(s) 'example_sensors' retrieved from /home/richonlinux/Documents/GitHub/AirflowTuto/venv/lib/python3.10/site-packages/airflow/example_dags/example_sensors.py
[2024-07-18T18:16:25.527+0200] {logging_mixin.py:188} INFO - [2024-07-18T18:16:25.526+0200] {override.py:1858} INFO - Created Permission View: can edit on DAG:example_sensors
[2024-07-18T18:16:25.534+0200] {logging_mixin.py:188} INFO - [2024-07-18T18:16:25.534+0200] {override.py:1858} INFO - Created Permission View: can read on DAG:example_sensors
[2024-07-18T18:16:25.540+0200] {logging_mixin.py:188} INFO - [2024-07-18T18:16:25.540+0200] {override.py:1858} INFO - Created Permission View: can delete on DAG:example_sensors
[2024-07-18T18:16:25.540+0200] {logging_mixin.py:188} INFO - [2024-07-18T18:16:25.540+0200] {dag.py:3089} INFO - Sync 1 DAGs
[2024-07-18T18:16:25.545+0200] {logging_mixin.py:188} INFO - [2024-07-18T18:16:25.545+0200] {dag.py:3111} INFO - Creating ORM DAG for example_sensors
[2024-07-18T18:16:25.545+0200] {logging_mixin.py:188} INFO - [2024-07-18T18:16:25.545+0200] {dag.py:3947} INFO - Setting next_dagrun for example_sensors to None, run_after=None
[2024-07-18T18:16:25.557+0200] {processor.py:183} INFO - Processing /home/richonlinux/Documents/GitHub/AirflowTuto/venv/lib/python3.10/site-packages/airflow/example_dags/example_sensors.py took 0.106 seconds
[2024-07-18T18:17:18.373+0200] {processor.py:161} INFO - Started process (PID=258929) to work on /home/richonlinux/Documents/GitHub/AirflowTuto/venv/lib/python3.10/site-packages/airflow/example_dags/example_sensors.py
[2024-07-18T18:17:18.378+0200] {processor.py:830} INFO - Processing file /home/richonlinux/Documents/GitHub/AirflowTuto/venv/lib/python3.10/site-packages/airflow/example_dags/example_sensors.py for tasks to queue
[2024-07-18T18:17:18.379+0200] {logging_mixin.py:188} INFO - [2024-07-18T18:17:18.379+0200] {dagbag.py:545} INFO - Filling up the DagBag from /home/richonlinux/Documents/GitHub/AirflowTuto/venv/lib/python3.10/site-packages/airflow/example_dags/example_sensors.py
[2024-07-18T18:17:18.387+0200] {processor.py:840} INFO - DAG(s) 'example_sensors' retrieved from /home/richonlinux/Documents/GitHub/AirflowTuto/venv/lib/python3.10/site-packages/airflow/example_dags/example_sensors.py
[2024-07-18T18:17:18.399+0200] {logging_mixin.py:188} INFO - [2024-07-18T18:17:18.399+0200] {dag.py:3089} INFO - Sync 1 DAGs
[2024-07-18T18:17:18.404+0200] {logging_mixin.py:188} INFO - [2024-07-18T18:17:18.404+0200] {dag.py:3947} INFO - Setting next_dagrun for example_sensors to None, run_after=None
[2024-07-18T18:17:18.416+0200] {processor.py:183} INFO - Processing /home/richonlinux/Documents/GitHub/AirflowTuto/venv/lib/python3.10/site-packages/airflow/example_dags/example_sensors.py took 0.051 seconds
[2024-07-18T18:44:06.238+0200] {processor.py:161} INFO - Started process (PID=260148) to work on /home/richonlinux/Documents/GitHub/AirflowTuto/venv/lib/python3.10/site-packages/airflow/example_dags/example_sensors.py
[2024-07-18T18:44:06.242+0200] {processor.py:830} INFO - Processing file /home/richonlinux/Documents/GitHub/AirflowTuto/venv/lib/python3.10/site-packages/airflow/example_dags/example_sensors.py for tasks to queue
[2024-07-18T18:44:06.245+0200] {logging_mixin.py:188} INFO - [2024-07-18T18:44:06.244+0200] {dagbag.py:545} INFO - Filling up the DagBag from /home/richonlinux/Documents/GitHub/AirflowTuto/venv/lib/python3.10/site-packages/airflow/example_dags/example_sensors.py
[2024-07-18T18:44:06.252+0200] {processor.py:840} INFO - DAG(s) 'example_sensors' retrieved from /home/richonlinux/Documents/GitHub/AirflowTuto/venv/lib/python3.10/site-packages/airflow/example_dags/example_sensors.py
[2024-07-18T18:44:06.270+0200] {logging_mixin.py:188} INFO - [2024-07-18T18:44:06.270+0200] {dag.py:3089} INFO - Sync 1 DAGs
[2024-07-18T18:44:06.277+0200] {logging_mixin.py:188} INFO - [2024-07-18T18:44:06.277+0200] {dag.py:3947} INFO - Setting next_dagrun for example_sensors to None, run_after=None
[2024-07-18T18:44:06.358+0200] {processor.py:183} INFO - Processing /home/richonlinux/Documents/GitHub/AirflowTuto/venv/lib/python3.10/site-packages/airflow/example_dags/example_sensors.py took 0.128 seconds
[2024-07-18T18:45:00.053+0200] {processor.py:161} INFO - Started process (PID=261246) to work on /home/richonlinux/Documents/GitHub/AirflowTuto/venv/lib/python3.10/site-packages/airflow/example_dags/example_sensors.py
[2024-07-18T18:45:00.054+0200] {processor.py:830} INFO - Processing file /home/richonlinux/Documents/GitHub/AirflowTuto/venv/lib/python3.10/site-packages/airflow/example_dags/example_sensors.py for tasks to queue
[2024-07-18T18:45:00.056+0200] {logging_mixin.py:188} INFO - [2024-07-18T18:45:00.055+0200] {dagbag.py:545} INFO - Filling up the DagBag from /home/richonlinux/Documents/GitHub/AirflowTuto/venv/lib/python3.10/site-packages/airflow/example_dags/example_sensors.py
[2024-07-18T18:45:00.064+0200] {processor.py:840} INFO - DAG(s) 'example_sensors' retrieved from /home/richonlinux/Documents/GitHub/AirflowTuto/venv/lib/python3.10/site-packages/airflow/example_dags/example_sensors.py
[2024-07-18T18:45:00.078+0200] {logging_mixin.py:188} INFO - [2024-07-18T18:45:00.077+0200] {dag.py:3089} INFO - Sync 1 DAGs
[2024-07-18T18:45:00.083+0200] {logging_mixin.py:188} INFO - [2024-07-18T18:45:00.083+0200] {dag.py:3947} INFO - Setting next_dagrun for example_sensors to None, run_after=None
[2024-07-18T18:45:00.096+0200] {processor.py:183} INFO - Processing /home/richonlinux/Documents/GitHub/AirflowTuto/venv/lib/python3.10/site-packages/airflow/example_dags/example_sensors.py took 0.047 seconds
[2024-07-18T18:45:44.116+0200] {processor.py:161} INFO - Started process (PID=261923) to work on /home/richonlinux/Documents/GitHub/AirflowTuto/venv/lib/python3.10/site-packages/airflow/example_dags/example_sensors.py
[2024-07-18T18:45:44.117+0200] {processor.py:830} INFO - Processing file /home/richonlinux/Documents/GitHub/AirflowTuto/venv/lib/python3.10/site-packages/airflow/example_dags/example_sensors.py for tasks to queue
[2024-07-18T18:45:44.119+0200] {logging_mixin.py:188} INFO - [2024-07-18T18:45:44.118+0200] {dagbag.py:545} INFO - Filling up the DagBag from /home/richonlinux/Documents/GitHub/AirflowTuto/venv/lib/python3.10/site-packages/airflow/example_dags/example_sensors.py
[2024-07-18T18:45:44.126+0200] {processor.py:840} INFO - DAG(s) 'example_sensors' retrieved from /home/richonlinux/Documents/GitHub/AirflowTuto/venv/lib/python3.10/site-packages/airflow/example_dags/example_sensors.py
[2024-07-18T18:45:44.138+0200] {logging_mixin.py:188} INFO - [2024-07-18T18:45:44.138+0200] {dag.py:3089} INFO - Sync 1 DAGs
[2024-07-18T18:45:44.144+0200] {logging_mixin.py:188} INFO - [2024-07-18T18:45:44.144+0200] {dag.py:3947} INFO - Setting next_dagrun for example_sensors to None, run_after=None
[2024-07-18T18:45:44.158+0200] {processor.py:183} INFO - Processing /home/richonlinux/Documents/GitHub/AirflowTuto/venv/lib/python3.10/site-packages/airflow/example_dags/example_sensors.py took 0.048 seconds
[2024-07-18T18:46:26.814+0200] {processor.py:161} INFO - Started process (PID=262958) to work on /home/richonlinux/Documents/GitHub/AirflowTuto/venv/lib/python3.10/site-packages/airflow/example_dags/example_sensors.py
[2024-07-18T18:46:26.814+0200] {processor.py:830} INFO - Processing file /home/richonlinux/Documents/GitHub/AirflowTuto/venv/lib/python3.10/site-packages/airflow/example_dags/example_sensors.py for tasks to queue
[2024-07-18T18:46:26.815+0200] {logging_mixin.py:188} INFO - [2024-07-18T18:46:26.815+0200] {dagbag.py:545} INFO - Filling up the DagBag from /home/richonlinux/Documents/GitHub/AirflowTuto/venv/lib/python3.10/site-packages/airflow/example_dags/example_sensors.py
[2024-07-18T18:46:26.820+0200] {processor.py:840} INFO - DAG(s) 'example_sensors' retrieved from /home/richonlinux/Documents/GitHub/AirflowTuto/venv/lib/python3.10/site-packages/airflow/example_dags/example_sensors.py
[2024-07-18T18:46:26.832+0200] {logging_mixin.py:188} INFO - [2024-07-18T18:46:26.832+0200] {dag.py:3089} INFO - Sync 1 DAGs
[2024-07-18T18:46:26.838+0200] {logging_mixin.py:188} INFO - [2024-07-18T18:46:26.838+0200] {dag.py:3947} INFO - Setting next_dagrun for example_sensors to None, run_after=None
[2024-07-18T18:46:26.851+0200] {processor.py:183} INFO - Processing /home/richonlinux/Documents/GitHub/AirflowTuto/venv/lib/python3.10/site-packages/airflow/example_dags/example_sensors.py took 0.041 seconds
[2024-07-18T18:49:38.537+0200] {processor.py:161} INFO - Started process (PID=266220) to work on /home/richonlinux/Documents/GitHub/AirflowTuto/venv/lib/python3.10/site-packages/airflow/example_dags/example_sensors.py
[2024-07-18T18:49:38.538+0200] {processor.py:830} INFO - Processing file /home/richonlinux/Documents/GitHub/AirflowTuto/venv/lib/python3.10/site-packages/airflow/example_dags/example_sensors.py for tasks to queue
[2024-07-18T18:49:38.539+0200] {logging_mixin.py:188} INFO - [2024-07-18T18:49:38.539+0200] {dagbag.py:545} INFO - Filling up the DagBag from /home/richonlinux/Documents/GitHub/AirflowTuto/venv/lib/python3.10/site-packages/airflow/example_dags/example_sensors.py
[2024-07-18T18:49:38.547+0200] {processor.py:840} INFO - DAG(s) 'example_sensors' retrieved from /home/richonlinux/Documents/GitHub/AirflowTuto/venv/lib/python3.10/site-packages/airflow/example_dags/example_sensors.py
[2024-07-18T18:49:38.552+0200] {logging_mixin.py:188} INFO - [2024-07-18T18:49:38.552+0200] {dag.py:3089} INFO - Sync 1 DAGs
[2024-07-18T18:49:38.557+0200] {logging_mixin.py:188} INFO - [2024-07-18T18:49:38.557+0200] {dag.py:3947} INFO - Setting next_dagrun for example_sensors to None, run_after=None
[2024-07-18T18:49:38.570+0200] {processor.py:183} INFO - Processing /home/richonlinux/Documents/GitHub/AirflowTuto/venv/lib/python3.10/site-packages/airflow/example_dags/example_sensors.py took 0.037 seconds
[2024-07-18T18:51:31.923+0200] {processor.py:161} INFO - Started process (PID=268478) to work on /home/richonlinux/Documents/GitHub/AirflowTuto/venv/lib/python3.10/site-packages/airflow/example_dags/example_sensors.py
[2024-07-18T18:51:31.924+0200] {processor.py:830} INFO - Processing file /home/richonlinux/Documents/GitHub/AirflowTuto/venv/lib/python3.10/site-packages/airflow/example_dags/example_sensors.py for tasks to queue
[2024-07-18T18:51:31.925+0200] {logging_mixin.py:188} INFO - [2024-07-18T18:51:31.925+0200] {dagbag.py:545} INFO - Filling up the DagBag from /home/richonlinux/Documents/GitHub/AirflowTuto/venv/lib/python3.10/site-packages/airflow/example_dags/example_sensors.py
[2024-07-18T18:51:31.932+0200] {processor.py:840} INFO - DAG(s) 'example_sensors' retrieved from /home/richonlinux/Documents/GitHub/AirflowTuto/venv/lib/python3.10/site-packages/airflow/example_dags/example_sensors.py
[2024-07-18T18:51:31.937+0200] {logging_mixin.py:188} INFO - [2024-07-18T18:51:31.936+0200] {dag.py:3089} INFO - Sync 1 DAGs
[2024-07-18T18:51:31.943+0200] {logging_mixin.py:188} INFO - [2024-07-18T18:51:31.943+0200] {dag.py:3947} INFO - Setting next_dagrun for example_sensors to None, run_after=None
[2024-07-18T18:51:31.958+0200] {processor.py:183} INFO - Processing /home/richonlinux/Documents/GitHub/AirflowTuto/venv/lib/python3.10/site-packages/airflow/example_dags/example_sensors.py took 0.038 seconds
[2024-07-18T18:52:22.531+0200] {processor.py:161} INFO - Started process (PID=269299) to work on /home/richonlinux/Documents/GitHub/AirflowTuto/venv/lib/python3.10/site-packages/airflow/example_dags/example_sensors.py
[2024-07-18T18:52:22.532+0200] {processor.py:830} INFO - Processing file /home/richonlinux/Documents/GitHub/AirflowTuto/venv/lib/python3.10/site-packages/airflow/example_dags/example_sensors.py for tasks to queue
[2024-07-18T18:52:22.534+0200] {logging_mixin.py:188} INFO - [2024-07-18T18:52:22.534+0200] {dagbag.py:545} INFO - Filling up the DagBag from /home/richonlinux/Documents/GitHub/AirflowTuto/venv/lib/python3.10/site-packages/airflow/example_dags/example_sensors.py
[2024-07-18T18:52:22.541+0200] {processor.py:840} INFO - DAG(s) 'example_sensors' retrieved from /home/richonlinux/Documents/GitHub/AirflowTuto/venv/lib/python3.10/site-packages/airflow/example_dags/example_sensors.py
[2024-07-18T18:52:22.643+0200] {logging_mixin.py:188} INFO - [2024-07-18T18:52:22.642+0200] {dag.py:3089} INFO - Sync 1 DAGs
[2024-07-18T18:52:22.647+0200] {logging_mixin.py:188} INFO - [2024-07-18T18:52:22.646+0200] {dag.py:3947} INFO - Setting next_dagrun for example_sensors to None, run_after=None
[2024-07-18T18:52:22.658+0200] {processor.py:183} INFO - Processing /home/richonlinux/Documents/GitHub/AirflowTuto/venv/lib/python3.10/site-packages/airflow/example_dags/example_sensors.py took 0.134 seconds
[2024-07-18T18:53:14.221+0200] {processor.py:161} INFO - Started process (PID=270729) to work on /home/richonlinux/Documents/GitHub/AirflowTuto/venv/lib/python3.10/site-packages/airflow/example_dags/example_sensors.py
[2024-07-18T18:53:14.225+0200] {processor.py:830} INFO - Processing file /home/richonlinux/Documents/GitHub/AirflowTuto/venv/lib/python3.10/site-packages/airflow/example_dags/example_sensors.py for tasks to queue
[2024-07-18T18:53:14.226+0200] {logging_mixin.py:188} INFO - [2024-07-18T18:53:14.226+0200] {dagbag.py:545} INFO - Filling up the DagBag from /home/richonlinux/Documents/GitHub/AirflowTuto/venv/lib/python3.10/site-packages/airflow/example_dags/example_sensors.py
[2024-07-18T18:53:14.232+0200] {processor.py:840} INFO - DAG(s) 'example_sensors' retrieved from /home/richonlinux/Documents/GitHub/AirflowTuto/venv/lib/python3.10/site-packages/airflow/example_dags/example_sensors.py
[2024-07-18T18:53:14.246+0200] {logging_mixin.py:188} INFO - [2024-07-18T18:53:14.246+0200] {dag.py:3089} INFO - Sync 1 DAGs
[2024-07-18T18:53:14.254+0200] {logging_mixin.py:188} INFO - [2024-07-18T18:53:14.254+0200] {dag.py:3947} INFO - Setting next_dagrun for example_sensors to None, run_after=None
[2024-07-18T18:53:14.332+0200] {processor.py:183} INFO - Processing /home/richonlinux/Documents/GitHub/AirflowTuto/venv/lib/python3.10/site-packages/airflow/example_dags/example_sensors.py took 0.118 seconds
[2024-07-18T18:53:59.366+0200] {processor.py:161} INFO - Started process (PID=271756) to work on /home/richonlinux/Documents/GitHub/AirflowTuto/venv/lib/python3.10/site-packages/airflow/example_dags/example_sensors.py
[2024-07-18T18:53:59.368+0200] {processor.py:830} INFO - Processing file /home/richonlinux/Documents/GitHub/AirflowTuto/venv/lib/python3.10/site-packages/airflow/example_dags/example_sensors.py for tasks to queue
[2024-07-18T18:53:59.369+0200] {logging_mixin.py:188} INFO - [2024-07-18T18:53:59.369+0200] {dagbag.py:545} INFO - Filling up the DagBag from /home/richonlinux/Documents/GitHub/AirflowTuto/venv/lib/python3.10/site-packages/airflow/example_dags/example_sensors.py
[2024-07-18T18:53:59.377+0200] {processor.py:840} INFO - DAG(s) 'example_sensors' retrieved from /home/richonlinux/Documents/GitHub/AirflowTuto/venv/lib/python3.10/site-packages/airflow/example_dags/example_sensors.py
[2024-07-18T18:53:59.389+0200] {logging_mixin.py:188} INFO - [2024-07-18T18:53:59.389+0200] {dag.py:3089} INFO - Sync 1 DAGs
[2024-07-18T18:53:59.395+0200] {logging_mixin.py:188} INFO - [2024-07-18T18:53:59.395+0200] {dag.py:3947} INFO - Setting next_dagrun for example_sensors to None, run_after=None
[2024-07-18T18:53:59.408+0200] {processor.py:183} INFO - Processing /home/richonlinux/Documents/GitHub/AirflowTuto/venv/lib/python3.10/site-packages/airflow/example_dags/example_sensors.py took 0.045 seconds
[2024-07-18T18:54:43.429+0200] {processor.py:161} INFO - Started process (PID=272475) to work on /home/richonlinux/Documents/GitHub/AirflowTuto/venv/lib/python3.10/site-packages/airflow/example_dags/example_sensors.py
[2024-07-18T18:54:43.433+0200] {processor.py:830} INFO - Processing file /home/richonlinux/Documents/GitHub/AirflowTuto/venv/lib/python3.10/site-packages/airflow/example_dags/example_sensors.py for tasks to queue
[2024-07-18T18:54:43.434+0200] {logging_mixin.py:188} INFO - [2024-07-18T18:54:43.434+0200] {dagbag.py:545} INFO - Filling up the DagBag from /home/richonlinux/Documents/GitHub/AirflowTuto/venv/lib/python3.10/site-packages/airflow/example_dags/example_sensors.py
[2024-07-18T18:54:43.439+0200] {processor.py:840} INFO - DAG(s) 'example_sensors' retrieved from /home/richonlinux/Documents/GitHub/AirflowTuto/venv/lib/python3.10/site-packages/airflow/example_dags/example_sensors.py
[2024-07-18T18:54:43.450+0200] {logging_mixin.py:188} INFO - [2024-07-18T18:54:43.450+0200] {dag.py:3089} INFO - Sync 1 DAGs
[2024-07-18T18:54:43.456+0200] {logging_mixin.py:188} INFO - [2024-07-18T18:54:43.456+0200] {dag.py:3947} INFO - Setting next_dagrun for example_sensors to None, run_after=None
[2024-07-18T18:54:43.470+0200] {processor.py:183} INFO - Processing /home/richonlinux/Documents/GitHub/AirflowTuto/venv/lib/python3.10/site-packages/airflow/example_dags/example_sensors.py took 0.044 seconds
[2024-07-18T18:55:22.290+0200] {processor.py:161} INFO - Started process (PID=273122) to work on /home/richonlinux/Documents/GitHub/AirflowTuto/venv/lib/python3.10/site-packages/airflow/example_dags/example_sensors.py
[2024-07-18T18:55:22.294+0200] {processor.py:830} INFO - Processing file /home/richonlinux/Documents/GitHub/AirflowTuto/venv/lib/python3.10/site-packages/airflow/example_dags/example_sensors.py for tasks to queue
[2024-07-18T18:55:22.296+0200] {logging_mixin.py:188} INFO - [2024-07-18T18:55:22.296+0200] {dagbag.py:545} INFO - Filling up the DagBag from /home/richonlinux/Documents/GitHub/AirflowTuto/venv/lib/python3.10/site-packages/airflow/example_dags/example_sensors.py
[2024-07-18T18:55:22.304+0200] {processor.py:840} INFO - DAG(s) 'example_sensors' retrieved from /home/richonlinux/Documents/GitHub/AirflowTuto/venv/lib/python3.10/site-packages/airflow/example_dags/example_sensors.py
[2024-07-18T18:55:22.315+0200] {logging_mixin.py:188} INFO - [2024-07-18T18:55:22.315+0200] {dag.py:3089} INFO - Sync 1 DAGs
[2024-07-18T18:55:22.322+0200] {logging_mixin.py:188} INFO - [2024-07-18T18:55:22.322+0200] {dag.py:3947} INFO - Setting next_dagrun for example_sensors to None, run_after=None
[2024-07-18T18:55:22.335+0200] {processor.py:183} INFO - Processing /home/richonlinux/Documents/GitHub/AirflowTuto/venv/lib/python3.10/site-packages/airflow/example_dags/example_sensors.py took 0.054 seconds
[2024-07-18T18:56:06.950+0200] {processor.py:161} INFO - Started process (PID=273822) to work on /home/richonlinux/Documents/GitHub/AirflowTuto/venv/lib/python3.10/site-packages/airflow/example_dags/example_sensors.py
[2024-07-18T18:56:06.954+0200] {processor.py:830} INFO - Processing file /home/richonlinux/Documents/GitHub/AirflowTuto/venv/lib/python3.10/site-packages/airflow/example_dags/example_sensors.py for tasks to queue
[2024-07-18T18:56:06.955+0200] {logging_mixin.py:188} INFO - [2024-07-18T18:56:06.955+0200] {dagbag.py:545} INFO - Filling up the DagBag from /home/richonlinux/Documents/GitHub/AirflowTuto/venv/lib/python3.10/site-packages/airflow/example_dags/example_sensors.py
[2024-07-18T18:56:06.960+0200] {processor.py:840} INFO - DAG(s) 'example_sensors' retrieved from /home/richonlinux/Documents/GitHub/AirflowTuto/venv/lib/python3.10/site-packages/airflow/example_dags/example_sensors.py
[2024-07-18T18:56:06.971+0200] {logging_mixin.py:188} INFO - [2024-07-18T18:56:06.971+0200] {dag.py:3089} INFO - Sync 1 DAGs
[2024-07-18T18:56:06.977+0200] {logging_mixin.py:188} INFO - [2024-07-18T18:56:06.977+0200] {dag.py:3947} INFO - Setting next_dagrun for example_sensors to None, run_after=None
[2024-07-18T18:56:06.990+0200] {processor.py:183} INFO - Processing /home/richonlinux/Documents/GitHub/AirflowTuto/venv/lib/python3.10/site-packages/airflow/example_dags/example_sensors.py took 0.043 seconds
[2024-07-18T18:57:01.259+0200] {processor.py:161} INFO - Started process (PID=274813) to work on /home/richonlinux/Documents/GitHub/AirflowTuto/venv/lib/python3.10/site-packages/airflow/example_dags/example_sensors.py
[2024-07-18T18:57:01.263+0200] {processor.py:830} INFO - Processing file /home/richonlinux/Documents/GitHub/AirflowTuto/venv/lib/python3.10/site-packages/airflow/example_dags/example_sensors.py for tasks to queue
[2024-07-18T18:57:01.265+0200] {logging_mixin.py:188} INFO - [2024-07-18T18:57:01.264+0200] {dagbag.py:545} INFO - Filling up the DagBag from /home/richonlinux/Documents/GitHub/AirflowTuto/venv/lib/python3.10/site-packages/airflow/example_dags/example_sensors.py
[2024-07-18T18:57:01.272+0200] {processor.py:840} INFO - DAG(s) 'example_sensors' retrieved from /home/richonlinux/Documents/GitHub/AirflowTuto/venv/lib/python3.10/site-packages/airflow/example_dags/example_sensors.py
[2024-07-18T18:57:01.284+0200] {logging_mixin.py:188} INFO - [2024-07-18T18:57:01.284+0200] {dag.py:3089} INFO - Sync 1 DAGs
[2024-07-18T18:57:01.293+0200] {logging_mixin.py:188} INFO - [2024-07-18T18:57:01.293+0200] {dag.py:3947} INFO - Setting next_dagrun for example_sensors to None, run_after=None
[2024-07-18T18:57:01.312+0200] {processor.py:183} INFO - Processing /home/richonlinux/Documents/GitHub/AirflowTuto/venv/lib/python3.10/site-packages/airflow/example_dags/example_sensors.py took 0.060 seconds
[2024-07-18T18:57:42.398+0200] {processor.py:161} INFO - Started process (PID=275471) to work on /home/richonlinux/Documents/GitHub/AirflowTuto/venv/lib/python3.10/site-packages/airflow/example_dags/example_sensors.py
[2024-07-18T18:57:42.399+0200] {processor.py:830} INFO - Processing file /home/richonlinux/Documents/GitHub/AirflowTuto/venv/lib/python3.10/site-packages/airflow/example_dags/example_sensors.py for tasks to queue
[2024-07-18T18:57:42.401+0200] {logging_mixin.py:188} INFO - [2024-07-18T18:57:42.401+0200] {dagbag.py:545} INFO - Filling up the DagBag from /home/richonlinux/Documents/GitHub/AirflowTuto/venv/lib/python3.10/site-packages/airflow/example_dags/example_sensors.py
[2024-07-18T18:57:42.408+0200] {processor.py:840} INFO - DAG(s) 'example_sensors' retrieved from /home/richonlinux/Documents/GitHub/AirflowTuto/venv/lib/python3.10/site-packages/airflow/example_dags/example_sensors.py
[2024-07-18T18:57:42.419+0200] {logging_mixin.py:188} INFO - [2024-07-18T18:57:42.419+0200] {dag.py:3089} INFO - Sync 1 DAGs
[2024-07-18T18:57:42.425+0200] {logging_mixin.py:188} INFO - [2024-07-18T18:57:42.424+0200] {dag.py:3947} INFO - Setting next_dagrun for example_sensors to None, run_after=None
[2024-07-18T18:57:42.437+0200] {processor.py:183} INFO - Processing /home/richonlinux/Documents/GitHub/AirflowTuto/venv/lib/python3.10/site-packages/airflow/example_dags/example_sensors.py took 0.047 seconds
[2024-07-18T18:58:40.875+0200] {processor.py:161} INFO - Started process (PID=276399) to work on /home/richonlinux/Documents/GitHub/AirflowTuto/venv/lib/python3.10/site-packages/airflow/example_dags/example_sensors.py
[2024-07-18T18:58:40.876+0200] {processor.py:830} INFO - Processing file /home/richonlinux/Documents/GitHub/AirflowTuto/venv/lib/python3.10/site-packages/airflow/example_dags/example_sensors.py for tasks to queue
[2024-07-18T18:58:40.877+0200] {logging_mixin.py:188} INFO - [2024-07-18T18:58:40.877+0200] {dagbag.py:545} INFO - Filling up the DagBag from /home/richonlinux/Documents/GitHub/AirflowTuto/venv/lib/python3.10/site-packages/airflow/example_dags/example_sensors.py
[2024-07-18T18:58:40.882+0200] {processor.py:840} INFO - DAG(s) 'example_sensors' retrieved from /home/richonlinux/Documents/GitHub/AirflowTuto/venv/lib/python3.10/site-packages/airflow/example_dags/example_sensors.py
[2024-07-18T18:58:40.893+0200] {logging_mixin.py:188} INFO - [2024-07-18T18:58:40.892+0200] {dag.py:3089} INFO - Sync 1 DAGs
[2024-07-18T18:58:40.899+0200] {logging_mixin.py:188} INFO - [2024-07-18T18:58:40.899+0200] {dag.py:3947} INFO - Setting next_dagrun for example_sensors to None, run_after=None
[2024-07-18T18:58:40.911+0200] {processor.py:183} INFO - Processing /home/richonlinux/Documents/GitHub/AirflowTuto/venv/lib/python3.10/site-packages/airflow/example_dags/example_sensors.py took 0.040 seconds
[2024-07-18T18:59:21.208+0200] {processor.py:161} INFO - Started process (PID=277173) to work on /home/richonlinux/Documents/GitHub/AirflowTuto/venv/lib/python3.10/site-packages/airflow/example_dags/example_sensors.py
[2024-07-18T18:59:21.209+0200] {processor.py:830} INFO - Processing file /home/richonlinux/Documents/GitHub/AirflowTuto/venv/lib/python3.10/site-packages/airflow/example_dags/example_sensors.py for tasks to queue
[2024-07-18T18:59:21.210+0200] {logging_mixin.py:188} INFO - [2024-07-18T18:59:21.210+0200] {dagbag.py:545} INFO - Filling up the DagBag from /home/richonlinux/Documents/GitHub/AirflowTuto/venv/lib/python3.10/site-packages/airflow/example_dags/example_sensors.py
[2024-07-18T18:59:21.216+0200] {processor.py:840} INFO - DAG(s) 'example_sensors' retrieved from /home/richonlinux/Documents/GitHub/AirflowTuto/venv/lib/python3.10/site-packages/airflow/example_dags/example_sensors.py
[2024-07-18T18:59:21.228+0200] {logging_mixin.py:188} INFO - [2024-07-18T18:59:21.227+0200] {dag.py:3089} INFO - Sync 1 DAGs
[2024-07-18T18:59:21.233+0200] {logging_mixin.py:188} INFO - [2024-07-18T18:59:21.233+0200] {dag.py:3947} INFO - Setting next_dagrun for example_sensors to None, run_after=None
[2024-07-18T18:59:21.246+0200] {processor.py:183} INFO - Processing /home/richonlinux/Documents/GitHub/AirflowTuto/venv/lib/python3.10/site-packages/airflow/example_dags/example_sensors.py took 0.041 seconds
[2024-07-18T19:00:01.938+0200] {processor.py:161} INFO - Started process (PID=277895) to work on /home/richonlinux/Documents/GitHub/AirflowTuto/venv/lib/python3.10/site-packages/airflow/example_dags/example_sensors.py
[2024-07-18T19:00:01.938+0200] {processor.py:830} INFO - Processing file /home/richonlinux/Documents/GitHub/AirflowTuto/venv/lib/python3.10/site-packages/airflow/example_dags/example_sensors.py for tasks to queue
[2024-07-18T19:00:01.939+0200] {logging_mixin.py:188} INFO - [2024-07-18T19:00:01.939+0200] {dagbag.py:545} INFO - Filling up the DagBag from /home/richonlinux/Documents/GitHub/AirflowTuto/venv/lib/python3.10/site-packages/airflow/example_dags/example_sensors.py
[2024-07-18T19:00:01.946+0200] {processor.py:840} INFO - DAG(s) 'example_sensors' retrieved from /home/richonlinux/Documents/GitHub/AirflowTuto/venv/lib/python3.10/site-packages/airflow/example_dags/example_sensors.py
[2024-07-18T19:00:01.957+0200] {logging_mixin.py:188} INFO - [2024-07-18T19:00:01.957+0200] {dag.py:3089} INFO - Sync 1 DAGs
[2024-07-18T19:00:01.963+0200] {logging_mixin.py:188} INFO - [2024-07-18T19:00:01.963+0200] {dag.py:3947} INFO - Setting next_dagrun for example_sensors to None, run_after=None
[2024-07-18T19:00:01.975+0200] {processor.py:183} INFO - Processing /home/richonlinux/Documents/GitHub/AirflowTuto/venv/lib/python3.10/site-packages/airflow/example_dags/example_sensors.py took 0.040 seconds
[2024-07-18T19:00:44.652+0200] {processor.py:161} INFO - Started process (PID=278763) to work on /home/richonlinux/Documents/GitHub/AirflowTuto/venv/lib/python3.10/site-packages/airflow/example_dags/example_sensors.py
[2024-07-18T19:00:44.653+0200] {processor.py:830} INFO - Processing file /home/richonlinux/Documents/GitHub/AirflowTuto/venv/lib/python3.10/site-packages/airflow/example_dags/example_sensors.py for tasks to queue
[2024-07-18T19:00:44.654+0200] {logging_mixin.py:188} INFO - [2024-07-18T19:00:44.654+0200] {dagbag.py:545} INFO - Filling up the DagBag from /home/richonlinux/Documents/GitHub/AirflowTuto/venv/lib/python3.10/site-packages/airflow/example_dags/example_sensors.py
[2024-07-18T19:00:44.661+0200] {processor.py:840} INFO - DAG(s) 'example_sensors' retrieved from /home/richonlinux/Documents/GitHub/AirflowTuto/venv/lib/python3.10/site-packages/airflow/example_dags/example_sensors.py
[2024-07-18T19:00:44.672+0200] {logging_mixin.py:188} INFO - [2024-07-18T19:00:44.672+0200] {dag.py:3089} INFO - Sync 1 DAGs
[2024-07-18T19:00:44.677+0200] {logging_mixin.py:188} INFO - [2024-07-18T19:00:44.677+0200] {dag.py:3947} INFO - Setting next_dagrun for example_sensors to None, run_after=None
[2024-07-18T19:00:44.690+0200] {processor.py:183} INFO - Processing /home/richonlinux/Documents/GitHub/AirflowTuto/venv/lib/python3.10/site-packages/airflow/example_dags/example_sensors.py took 0.041 seconds
[2024-07-18T19:01:25.263+0200] {processor.py:161} INFO - Started process (PID=279601) to work on /home/richonlinux/Documents/GitHub/AirflowTuto/venv/lib/python3.10/site-packages/airflow/example_dags/example_sensors.py
[2024-07-18T19:01:25.264+0200] {processor.py:830} INFO - Processing file /home/richonlinux/Documents/GitHub/AirflowTuto/venv/lib/python3.10/site-packages/airflow/example_dags/example_sensors.py for tasks to queue
[2024-07-18T19:01:25.266+0200] {logging_mixin.py:188} INFO - [2024-07-18T19:01:25.265+0200] {dagbag.py:545} INFO - Filling up the DagBag from /home/richonlinux/Documents/GitHub/AirflowTuto/venv/lib/python3.10/site-packages/airflow/example_dags/example_sensors.py
[2024-07-18T19:01:25.273+0200] {processor.py:840} INFO - DAG(s) 'example_sensors' retrieved from /home/richonlinux/Documents/GitHub/AirflowTuto/venv/lib/python3.10/site-packages/airflow/example_dags/example_sensors.py
[2024-07-18T19:01:25.284+0200] {logging_mixin.py:188} INFO - [2024-07-18T19:01:25.284+0200] {dag.py:3089} INFO - Sync 1 DAGs
[2024-07-18T19:01:25.290+0200] {logging_mixin.py:188} INFO - [2024-07-18T19:01:25.290+0200] {dag.py:3947} INFO - Setting next_dagrun for example_sensors to None, run_after=None
[2024-07-18T19:01:25.302+0200] {processor.py:183} INFO - Processing /home/richonlinux/Documents/GitHub/AirflowTuto/venv/lib/python3.10/site-packages/airflow/example_dags/example_sensors.py took 0.048 seconds
[2024-07-18T19:02:22.669+0200] {processor.py:161} INFO - Started process (PID=280644) to work on /home/richonlinux/Documents/GitHub/AirflowTuto/venv/lib/python3.10/site-packages/airflow/example_dags/example_sensors.py
[2024-07-18T19:02:22.670+0200] {processor.py:830} INFO - Processing file /home/richonlinux/Documents/GitHub/AirflowTuto/venv/lib/python3.10/site-packages/airflow/example_dags/example_sensors.py for tasks to queue
[2024-07-18T19:02:22.671+0200] {logging_mixin.py:188} INFO - [2024-07-18T19:02:22.671+0200] {dagbag.py:545} INFO - Filling up the DagBag from /home/richonlinux/Documents/GitHub/AirflowTuto/venv/lib/python3.10/site-packages/airflow/example_dags/example_sensors.py
[2024-07-18T19:02:22.678+0200] {processor.py:840} INFO - DAG(s) 'example_sensors' retrieved from /home/richonlinux/Documents/GitHub/AirflowTuto/venv/lib/python3.10/site-packages/airflow/example_dags/example_sensors.py
[2024-07-18T19:02:22.689+0200] {logging_mixin.py:188} INFO - [2024-07-18T19:02:22.689+0200] {dag.py:3089} INFO - Sync 1 DAGs
[2024-07-18T19:02:22.695+0200] {logging_mixin.py:188} INFO - [2024-07-18T19:02:22.695+0200] {dag.py:3947} INFO - Setting next_dagrun for example_sensors to None, run_after=None
[2024-07-18T19:02:22.707+0200] {processor.py:183} INFO - Processing /home/richonlinux/Documents/GitHub/AirflowTuto/venv/lib/python3.10/site-packages/airflow/example_dags/example_sensors.py took 0.047 seconds
[2024-07-18T19:03:20.963+0200] {processor.py:161} INFO - Started process (PID=281572) to work on /home/richonlinux/Documents/GitHub/AirflowTuto/venv/lib/python3.10/site-packages/airflow/example_dags/example_sensors.py
[2024-07-18T19:03:20.964+0200] {processor.py:830} INFO - Processing file /home/richonlinux/Documents/GitHub/AirflowTuto/venv/lib/python3.10/site-packages/airflow/example_dags/example_sensors.py for tasks to queue
[2024-07-18T19:03:20.966+0200] {logging_mixin.py:188} INFO - [2024-07-18T19:03:20.965+0200] {dagbag.py:545} INFO - Filling up the DagBag from /home/richonlinux/Documents/GitHub/AirflowTuto/venv/lib/python3.10/site-packages/airflow/example_dags/example_sensors.py
[2024-07-18T19:03:20.972+0200] {processor.py:840} INFO - DAG(s) 'example_sensors' retrieved from /home/richonlinux/Documents/GitHub/AirflowTuto/venv/lib/python3.10/site-packages/airflow/example_dags/example_sensors.py
[2024-07-18T19:03:20.982+0200] {logging_mixin.py:188} INFO - [2024-07-18T19:03:20.982+0200] {dag.py:3089} INFO - Sync 1 DAGs
[2024-07-18T19:03:20.988+0200] {logging_mixin.py:188} INFO - [2024-07-18T19:03:20.988+0200] {dag.py:3947} INFO - Setting next_dagrun for example_sensors to None, run_after=None
[2024-07-18T19:03:21.000+0200] {processor.py:183} INFO - Processing /home/richonlinux/Documents/GitHub/AirflowTuto/venv/lib/python3.10/site-packages/airflow/example_dags/example_sensors.py took 0.045 seconds
[2024-07-18T19:04:03.132+0200] {processor.py:161} INFO - Started process (PID=282231) to work on /home/richonlinux/Documents/GitHub/AirflowTuto/venv/lib/python3.10/site-packages/airflow/example_dags/example_sensors.py
[2024-07-18T19:04:03.134+0200] {processor.py:830} INFO - Processing file /home/richonlinux/Documents/GitHub/AirflowTuto/venv/lib/python3.10/site-packages/airflow/example_dags/example_sensors.py for tasks to queue
[2024-07-18T19:04:03.136+0200] {logging_mixin.py:188} INFO - [2024-07-18T19:04:03.135+0200] {dagbag.py:545} INFO - Filling up the DagBag from /home/richonlinux/Documents/GitHub/AirflowTuto/venv/lib/python3.10/site-packages/airflow/example_dags/example_sensors.py
[2024-07-18T19:04:03.143+0200] {processor.py:840} INFO - DAG(s) 'example_sensors' retrieved from /home/richonlinux/Documents/GitHub/AirflowTuto/venv/lib/python3.10/site-packages/airflow/example_dags/example_sensors.py
[2024-07-18T19:04:03.153+0200] {logging_mixin.py:188} INFO - [2024-07-18T19:04:03.153+0200] {dag.py:3089} INFO - Sync 1 DAGs
[2024-07-18T19:04:03.159+0200] {logging_mixin.py:188} INFO - [2024-07-18T19:04:03.159+0200] {dag.py:3947} INFO - Setting next_dagrun for example_sensors to None, run_after=None
[2024-07-18T19:04:03.171+0200] {processor.py:183} INFO - Processing /home/richonlinux/Documents/GitHub/AirflowTuto/venv/lib/python3.10/site-packages/airflow/example_dags/example_sensors.py took 0.049 seconds
[2024-07-18T19:05:00.868+0200] {processor.py:161} INFO - Started process (PID=283128) to work on /home/richonlinux/Documents/GitHub/AirflowTuto/venv/lib/python3.10/site-packages/airflow/example_dags/example_sensors.py
[2024-07-18T19:05:00.869+0200] {processor.py:830} INFO - Processing file /home/richonlinux/Documents/GitHub/AirflowTuto/venv/lib/python3.10/site-packages/airflow/example_dags/example_sensors.py for tasks to queue
[2024-07-18T19:05:00.870+0200] {logging_mixin.py:188} INFO - [2024-07-18T19:05:00.870+0200] {dagbag.py:545} INFO - Filling up the DagBag from /home/richonlinux/Documents/GitHub/AirflowTuto/venv/lib/python3.10/site-packages/airflow/example_dags/example_sensors.py
[2024-07-18T19:05:00.875+0200] {processor.py:840} INFO - DAG(s) 'example_sensors' retrieved from /home/richonlinux/Documents/GitHub/AirflowTuto/venv/lib/python3.10/site-packages/airflow/example_dags/example_sensors.py
[2024-07-18T19:05:00.887+0200] {logging_mixin.py:188} INFO - [2024-07-18T19:05:00.887+0200] {dag.py:3089} INFO - Sync 1 DAGs
[2024-07-18T19:05:00.895+0200] {logging_mixin.py:188} INFO - [2024-07-18T19:05:00.895+0200] {dag.py:3947} INFO - Setting next_dagrun for example_sensors to None, run_after=None
[2024-07-18T19:05:00.907+0200] {processor.py:183} INFO - Processing /home/richonlinux/Documents/GitHub/AirflowTuto/venv/lib/python3.10/site-packages/airflow/example_dags/example_sensors.py took 0.043 seconds
[2024-07-18T19:05:39.651+0200] {processor.py:161} INFO - Started process (PID=283887) to work on /home/richonlinux/Documents/GitHub/AirflowTuto/venv/lib/python3.10/site-packages/airflow/example_dags/example_sensors.py
[2024-07-18T19:05:39.655+0200] {processor.py:830} INFO - Processing file /home/richonlinux/Documents/GitHub/AirflowTuto/venv/lib/python3.10/site-packages/airflow/example_dags/example_sensors.py for tasks to queue
[2024-07-18T19:05:39.656+0200] {logging_mixin.py:188} INFO - [2024-07-18T19:05:39.656+0200] {dagbag.py:545} INFO - Filling up the DagBag from /home/richonlinux/Documents/GitHub/AirflowTuto/venv/lib/python3.10/site-packages/airflow/example_dags/example_sensors.py
[2024-07-18T19:05:39.662+0200] {processor.py:840} INFO - DAG(s) 'example_sensors' retrieved from /home/richonlinux/Documents/GitHub/AirflowTuto/venv/lib/python3.10/site-packages/airflow/example_dags/example_sensors.py
[2024-07-18T19:05:39.677+0200] {logging_mixin.py:188} INFO - [2024-07-18T19:05:39.677+0200] {dag.py:3089} INFO - Sync 1 DAGs
[2024-07-18T19:05:39.685+0200] {logging_mixin.py:188} INFO - [2024-07-18T19:05:39.685+0200] {dag.py:3947} INFO - Setting next_dagrun for example_sensors to None, run_after=None
[2024-07-18T19:05:39.699+0200] {processor.py:183} INFO - Processing /home/richonlinux/Documents/GitHub/AirflowTuto/venv/lib/python3.10/site-packages/airflow/example_dags/example_sensors.py took 0.052 seconds
[2024-07-18T19:06:36.809+0200] {processor.py:161} INFO - Started process (PID=284908) to work on /home/richonlinux/Documents/GitHub/AirflowTuto/venv/lib/python3.10/site-packages/airflow/example_dags/example_sensors.py
[2024-07-18T19:06:36.813+0200] {processor.py:830} INFO - Processing file /home/richonlinux/Documents/GitHub/AirflowTuto/venv/lib/python3.10/site-packages/airflow/example_dags/example_sensors.py for tasks to queue
[2024-07-18T19:06:36.814+0200] {logging_mixin.py:188} INFO - [2024-07-18T19:06:36.813+0200] {dagbag.py:545} INFO - Filling up the DagBag from /home/richonlinux/Documents/GitHub/AirflowTuto/venv/lib/python3.10/site-packages/airflow/example_dags/example_sensors.py
[2024-07-18T19:06:36.819+0200] {processor.py:840} INFO - DAG(s) 'example_sensors' retrieved from /home/richonlinux/Documents/GitHub/AirflowTuto/venv/lib/python3.10/site-packages/airflow/example_dags/example_sensors.py
[2024-07-18T19:06:36.835+0200] {logging_mixin.py:188} INFO - [2024-07-18T19:06:36.835+0200] {dag.py:3089} INFO - Sync 1 DAGs
[2024-07-18T19:06:36.841+0200] {logging_mixin.py:188} INFO - [2024-07-18T19:06:36.841+0200] {dag.py:3947} INFO - Setting next_dagrun for example_sensors to None, run_after=None
[2024-07-18T19:06:36.856+0200] {processor.py:183} INFO - Processing /home/richonlinux/Documents/GitHub/AirflowTuto/venv/lib/python3.10/site-packages/airflow/example_dags/example_sensors.py took 0.051 seconds
[2024-07-18T19:07:17.280+0200] {processor.py:161} INFO - Started process (PID=285575) to work on /home/richonlinux/Documents/GitHub/AirflowTuto/venv/lib/python3.10/site-packages/airflow/example_dags/example_sensors.py
[2024-07-18T19:07:17.285+0200] {processor.py:830} INFO - Processing file /home/richonlinux/Documents/GitHub/AirflowTuto/venv/lib/python3.10/site-packages/airflow/example_dags/example_sensors.py for tasks to queue
[2024-07-18T19:07:17.286+0200] {logging_mixin.py:188} INFO - [2024-07-18T19:07:17.286+0200] {dagbag.py:545} INFO - Filling up the DagBag from /home/richonlinux/Documents/GitHub/AirflowTuto/venv/lib/python3.10/site-packages/airflow/example_dags/example_sensors.py
[2024-07-18T19:07:17.293+0200] {processor.py:840} INFO - DAG(s) 'example_sensors' retrieved from /home/richonlinux/Documents/GitHub/AirflowTuto/venv/lib/python3.10/site-packages/airflow/example_dags/example_sensors.py
[2024-07-18T19:07:17.305+0200] {logging_mixin.py:188} INFO - [2024-07-18T19:07:17.305+0200] {dag.py:3089} INFO - Sync 1 DAGs
[2024-07-18T19:07:17.311+0200] {logging_mixin.py:188} INFO - [2024-07-18T19:07:17.311+0200] {dag.py:3947} INFO - Setting next_dagrun for example_sensors to None, run_after=None
[2024-07-18T19:07:17.324+0200] {processor.py:183} INFO - Processing /home/richonlinux/Documents/GitHub/AirflowTuto/venv/lib/python3.10/site-packages/airflow/example_dags/example_sensors.py took 0.052 seconds
[2024-07-18T19:07:57.016+0200] {processor.py:161} INFO - Started process (PID=286187) to work on /home/richonlinux/Documents/GitHub/AirflowTuto/venv/lib/python3.10/site-packages/airflow/example_dags/example_sensors.py
[2024-07-18T19:07:57.016+0200] {processor.py:830} INFO - Processing file /home/richonlinux/Documents/GitHub/AirflowTuto/venv/lib/python3.10/site-packages/airflow/example_dags/example_sensors.py for tasks to queue
[2024-07-18T19:07:57.017+0200] {logging_mixin.py:188} INFO - [2024-07-18T19:07:57.017+0200] {dagbag.py:545} INFO - Filling up the DagBag from /home/richonlinux/Documents/GitHub/AirflowTuto/venv/lib/python3.10/site-packages/airflow/example_dags/example_sensors.py
[2024-07-18T19:07:57.022+0200] {processor.py:840} INFO - DAG(s) 'example_sensors' retrieved from /home/richonlinux/Documents/GitHub/AirflowTuto/venv/lib/python3.10/site-packages/airflow/example_dags/example_sensors.py
[2024-07-18T19:07:57.034+0200] {logging_mixin.py:188} INFO - [2024-07-18T19:07:57.033+0200] {dag.py:3089} INFO - Sync 1 DAGs
[2024-07-18T19:07:57.039+0200] {logging_mixin.py:188} INFO - [2024-07-18T19:07:57.039+0200] {dag.py:3947} INFO - Setting next_dagrun for example_sensors to None, run_after=None
[2024-07-18T19:07:57.053+0200] {processor.py:183} INFO - Processing /home/richonlinux/Documents/GitHub/AirflowTuto/venv/lib/python3.10/site-packages/airflow/example_dags/example_sensors.py took 0.042 seconds
[2024-07-18T19:08:36.482+0200] {processor.py:161} INFO - Started process (PID=286870) to work on /home/richonlinux/Documents/GitHub/AirflowTuto/venv/lib/python3.10/site-packages/airflow/example_dags/example_sensors.py
[2024-07-18T19:08:36.486+0200] {processor.py:830} INFO - Processing file /home/richonlinux/Documents/GitHub/AirflowTuto/venv/lib/python3.10/site-packages/airflow/example_dags/example_sensors.py for tasks to queue
[2024-07-18T19:08:36.487+0200] {logging_mixin.py:188} INFO - [2024-07-18T19:08:36.487+0200] {dagbag.py:545} INFO - Filling up the DagBag from /home/richonlinux/Documents/GitHub/AirflowTuto/venv/lib/python3.10/site-packages/airflow/example_dags/example_sensors.py
[2024-07-18T19:08:36.493+0200] {processor.py:840} INFO - DAG(s) 'example_sensors' retrieved from /home/richonlinux/Documents/GitHub/AirflowTuto/venv/lib/python3.10/site-packages/airflow/example_dags/example_sensors.py
[2024-07-18T19:08:36.509+0200] {logging_mixin.py:188} INFO - [2024-07-18T19:08:36.509+0200] {dag.py:3089} INFO - Sync 1 DAGs
[2024-07-18T19:08:36.516+0200] {logging_mixin.py:188} INFO - [2024-07-18T19:08:36.516+0200] {dag.py:3947} INFO - Setting next_dagrun for example_sensors to None, run_after=None
[2024-07-18T19:08:36.531+0200] {processor.py:183} INFO - Processing /home/richonlinux/Documents/GitHub/AirflowTuto/venv/lib/python3.10/site-packages/airflow/example_dags/example_sensors.py took 0.052 seconds
[2024-07-18T19:09:15.273+0200] {processor.py:161} INFO - Started process (PID=287475) to work on /home/richonlinux/Documents/GitHub/AirflowTuto/venv/lib/python3.10/site-packages/airflow/example_dags/example_sensors.py
[2024-07-18T19:09:15.274+0200] {processor.py:830} INFO - Processing file /home/richonlinux/Documents/GitHub/AirflowTuto/venv/lib/python3.10/site-packages/airflow/example_dags/example_sensors.py for tasks to queue
[2024-07-18T19:09:15.275+0200] {logging_mixin.py:188} INFO - [2024-07-18T19:09:15.275+0200] {dagbag.py:545} INFO - Filling up the DagBag from /home/richonlinux/Documents/GitHub/AirflowTuto/venv/lib/python3.10/site-packages/airflow/example_dags/example_sensors.py
[2024-07-18T19:09:15.280+0200] {processor.py:840} INFO - DAG(s) 'example_sensors' retrieved from /home/richonlinux/Documents/GitHub/AirflowTuto/venv/lib/python3.10/site-packages/airflow/example_dags/example_sensors.py
[2024-07-18T19:09:15.294+0200] {logging_mixin.py:188} INFO - [2024-07-18T19:09:15.293+0200] {dag.py:3089} INFO - Sync 1 DAGs
[2024-07-18T19:09:15.301+0200] {logging_mixin.py:188} INFO - [2024-07-18T19:09:15.301+0200] {dag.py:3947} INFO - Setting next_dagrun for example_sensors to None, run_after=None
[2024-07-18T19:09:15.321+0200] {processor.py:183} INFO - Processing /home/richonlinux/Documents/GitHub/AirflowTuto/venv/lib/python3.10/site-packages/airflow/example_dags/example_sensors.py took 0.052 seconds
[2024-07-18T19:10:14.007+0200] {processor.py:161} INFO - Started process (PID=288424) to work on /home/richonlinux/Documents/GitHub/AirflowTuto/venv/lib/python3.10/site-packages/airflow/example_dags/example_sensors.py
[2024-07-18T19:10:14.008+0200] {processor.py:830} INFO - Processing file /home/richonlinux/Documents/GitHub/AirflowTuto/venv/lib/python3.10/site-packages/airflow/example_dags/example_sensors.py for tasks to queue
[2024-07-18T19:10:14.009+0200] {logging_mixin.py:188} INFO - [2024-07-18T19:10:14.009+0200] {dagbag.py:545} INFO - Filling up the DagBag from /home/richonlinux/Documents/GitHub/AirflowTuto/venv/lib/python3.10/site-packages/airflow/example_dags/example_sensors.py
[2024-07-18T19:10:14.014+0200] {processor.py:840} INFO - DAG(s) 'example_sensors' retrieved from /home/richonlinux/Documents/GitHub/AirflowTuto/venv/lib/python3.10/site-packages/airflow/example_dags/example_sensors.py
[2024-07-18T19:10:14.026+0200] {logging_mixin.py:188} INFO - [2024-07-18T19:10:14.026+0200] {dag.py:3089} INFO - Sync 1 DAGs
[2024-07-18T19:10:14.033+0200] {logging_mixin.py:188} INFO - [2024-07-18T19:10:14.033+0200] {dag.py:3947} INFO - Setting next_dagrun for example_sensors to None, run_after=None
[2024-07-18T19:10:14.046+0200] {processor.py:183} INFO - Processing /home/richonlinux/Documents/GitHub/AirflowTuto/venv/lib/python3.10/site-packages/airflow/example_dags/example_sensors.py took 0.043 seconds
[2024-07-18T19:11:06.515+0200] {processor.py:161} INFO - Started process (PID=289294) to work on /home/richonlinux/Documents/GitHub/AirflowTuto/venv/lib/python3.10/site-packages/airflow/example_dags/example_sensors.py
[2024-07-18T19:11:06.516+0200] {processor.py:830} INFO - Processing file /home/richonlinux/Documents/GitHub/AirflowTuto/venv/lib/python3.10/site-packages/airflow/example_dags/example_sensors.py for tasks to queue
[2024-07-18T19:11:06.517+0200] {logging_mixin.py:188} INFO - [2024-07-18T19:11:06.517+0200] {dagbag.py:545} INFO - Filling up the DagBag from /home/richonlinux/Documents/GitHub/AirflowTuto/venv/lib/python3.10/site-packages/airflow/example_dags/example_sensors.py
[2024-07-18T19:11:06.524+0200] {processor.py:840} INFO - DAG(s) 'example_sensors' retrieved from /home/richonlinux/Documents/GitHub/AirflowTuto/venv/lib/python3.10/site-packages/airflow/example_dags/example_sensors.py
[2024-07-18T19:11:06.536+0200] {logging_mixin.py:188} INFO - [2024-07-18T19:11:06.536+0200] {dag.py:3089} INFO - Sync 1 DAGs
[2024-07-18T19:11:06.544+0200] {logging_mixin.py:188} INFO - [2024-07-18T19:11:06.543+0200] {dag.py:3947} INFO - Setting next_dagrun for example_sensors to None, run_after=None
[2024-07-18T19:11:06.557+0200] {processor.py:183} INFO - Processing /home/richonlinux/Documents/GitHub/AirflowTuto/venv/lib/python3.10/site-packages/airflow/example_dags/example_sensors.py took 0.046 seconds
[2024-07-18T19:12:03.101+0200] {processor.py:161} INFO - Started process (PID=290266) to work on /home/richonlinux/Documents/GitHub/AirflowTuto/venv/lib/python3.10/site-packages/airflow/example_dags/example_sensors.py
[2024-07-18T19:12:03.102+0200] {processor.py:830} INFO - Processing file /home/richonlinux/Documents/GitHub/AirflowTuto/venv/lib/python3.10/site-packages/airflow/example_dags/example_sensors.py for tasks to queue
[2024-07-18T19:12:03.103+0200] {logging_mixin.py:188} INFO - [2024-07-18T19:12:03.103+0200] {dagbag.py:545} INFO - Filling up the DagBag from /home/richonlinux/Documents/GitHub/AirflowTuto/venv/lib/python3.10/site-packages/airflow/example_dags/example_sensors.py
[2024-07-18T19:12:03.110+0200] {processor.py:840} INFO - DAG(s) 'example_sensors' retrieved from /home/richonlinux/Documents/GitHub/AirflowTuto/venv/lib/python3.10/site-packages/airflow/example_dags/example_sensors.py
[2024-07-18T19:12:03.122+0200] {logging_mixin.py:188} INFO - [2024-07-18T19:12:03.121+0200] {dag.py:3089} INFO - Sync 1 DAGs
[2024-07-18T19:12:03.128+0200] {logging_mixin.py:188} INFO - [2024-07-18T19:12:03.128+0200] {dag.py:3947} INFO - Setting next_dagrun for example_sensors to None, run_after=None
[2024-07-18T19:12:03.142+0200] {processor.py:183} INFO - Processing /home/richonlinux/Documents/GitHub/AirflowTuto/venv/lib/python3.10/site-packages/airflow/example_dags/example_sensors.py took 0.049 seconds
[2024-07-18T19:13:00.957+0200] {processor.py:161} INFO - Started process (PID=291190) to work on /home/richonlinux/Documents/GitHub/AirflowTuto/venv/lib/python3.10/site-packages/airflow/example_dags/example_sensors.py
[2024-07-18T19:13:00.958+0200] {processor.py:830} INFO - Processing file /home/richonlinux/Documents/GitHub/AirflowTuto/venv/lib/python3.10/site-packages/airflow/example_dags/example_sensors.py for tasks to queue
[2024-07-18T19:13:00.960+0200] {logging_mixin.py:188} INFO - [2024-07-18T19:13:00.959+0200] {dagbag.py:545} INFO - Filling up the DagBag from /home/richonlinux/Documents/GitHub/AirflowTuto/venv/lib/python3.10/site-packages/airflow/example_dags/example_sensors.py
[2024-07-18T19:13:00.966+0200] {processor.py:840} INFO - DAG(s) 'example_sensors' retrieved from /home/richonlinux/Documents/GitHub/AirflowTuto/venv/lib/python3.10/site-packages/airflow/example_dags/example_sensors.py
[2024-07-18T19:13:00.978+0200] {logging_mixin.py:188} INFO - [2024-07-18T19:13:00.978+0200] {dag.py:3089} INFO - Sync 1 DAGs
[2024-07-18T19:13:00.985+0200] {logging_mixin.py:188} INFO - [2024-07-18T19:13:00.985+0200] {dag.py:3947} INFO - Setting next_dagrun for example_sensors to None, run_after=None
[2024-07-18T19:13:01.011+0200] {processor.py:183} INFO - Processing /home/richonlinux/Documents/GitHub/AirflowTuto/venv/lib/python3.10/site-packages/airflow/example_dags/example_sensors.py took 0.060 seconds
[2024-07-18T19:13:40.882+0200] {processor.py:161} INFO - Started process (PID=291850) to work on /home/richonlinux/Documents/GitHub/AirflowTuto/venv/lib/python3.10/site-packages/airflow/example_dags/example_sensors.py
[2024-07-18T19:13:40.883+0200] {processor.py:830} INFO - Processing file /home/richonlinux/Documents/GitHub/AirflowTuto/venv/lib/python3.10/site-packages/airflow/example_dags/example_sensors.py for tasks to queue
[2024-07-18T19:13:40.884+0200] {logging_mixin.py:188} INFO - [2024-07-18T19:13:40.884+0200] {dagbag.py:545} INFO - Filling up the DagBag from /home/richonlinux/Documents/GitHub/AirflowTuto/venv/lib/python3.10/site-packages/airflow/example_dags/example_sensors.py
[2024-07-18T19:13:40.889+0200] {processor.py:840} INFO - DAG(s) 'example_sensors' retrieved from /home/richonlinux/Documents/GitHub/AirflowTuto/venv/lib/python3.10/site-packages/airflow/example_dags/example_sensors.py
[2024-07-18T19:13:40.901+0200] {logging_mixin.py:188} INFO - [2024-07-18T19:13:40.901+0200] {dag.py:3089} INFO - Sync 1 DAGs
[2024-07-18T19:13:40.907+0200] {logging_mixin.py:188} INFO - [2024-07-18T19:13:40.907+0200] {dag.py:3947} INFO - Setting next_dagrun for example_sensors to None, run_after=None
[2024-07-18T19:13:40.921+0200] {processor.py:183} INFO - Processing /home/richonlinux/Documents/GitHub/AirflowTuto/venv/lib/python3.10/site-packages/airflow/example_dags/example_sensors.py took 0.043 seconds
[2024-07-18T19:14:39.269+0200] {processor.py:161} INFO - Started process (PID=292790) to work on /home/richonlinux/Documents/GitHub/AirflowTuto/venv/lib/python3.10/site-packages/airflow/example_dags/example_sensors.py
[2024-07-18T19:14:39.273+0200] {processor.py:830} INFO - Processing file /home/richonlinux/Documents/GitHub/AirflowTuto/venv/lib/python3.10/site-packages/airflow/example_dags/example_sensors.py for tasks to queue
[2024-07-18T19:14:39.275+0200] {logging_mixin.py:188} INFO - [2024-07-18T19:14:39.275+0200] {dagbag.py:545} INFO - Filling up the DagBag from /home/richonlinux/Documents/GitHub/AirflowTuto/venv/lib/python3.10/site-packages/airflow/example_dags/example_sensors.py
[2024-07-18T19:14:39.282+0200] {processor.py:840} INFO - DAG(s) 'example_sensors' retrieved from /home/richonlinux/Documents/GitHub/AirflowTuto/venv/lib/python3.10/site-packages/airflow/example_dags/example_sensors.py
[2024-07-18T19:14:39.294+0200] {logging_mixin.py:188} INFO - [2024-07-18T19:14:39.294+0200] {dag.py:3089} INFO - Sync 1 DAGs
[2024-07-18T19:14:39.301+0200] {logging_mixin.py:188} INFO - [2024-07-18T19:14:39.301+0200] {dag.py:3947} INFO - Setting next_dagrun for example_sensors to None, run_after=None
[2024-07-18T19:14:39.315+0200] {processor.py:183} INFO - Processing /home/richonlinux/Documents/GitHub/AirflowTuto/venv/lib/python3.10/site-packages/airflow/example_dags/example_sensors.py took 0.051 seconds
[2024-07-18T19:15:20.389+0200] {processor.py:161} INFO - Started process (PID=293456) to work on /home/richonlinux/Documents/GitHub/AirflowTuto/venv/lib/python3.10/site-packages/airflow/example_dags/example_sensors.py
[2024-07-18T19:15:20.390+0200] {processor.py:830} INFO - Processing file /home/richonlinux/Documents/GitHub/AirflowTuto/venv/lib/python3.10/site-packages/airflow/example_dags/example_sensors.py for tasks to queue
[2024-07-18T19:15:20.391+0200] {logging_mixin.py:188} INFO - [2024-07-18T19:15:20.391+0200] {dagbag.py:545} INFO - Filling up the DagBag from /home/richonlinux/Documents/GitHub/AirflowTuto/venv/lib/python3.10/site-packages/airflow/example_dags/example_sensors.py
[2024-07-18T19:15:20.398+0200] {processor.py:840} INFO - DAG(s) 'example_sensors' retrieved from /home/richonlinux/Documents/GitHub/AirflowTuto/venv/lib/python3.10/site-packages/airflow/example_dags/example_sensors.py
[2024-07-18T19:15:20.411+0200] {logging_mixin.py:188} INFO - [2024-07-18T19:15:20.411+0200] {dag.py:3089} INFO - Sync 1 DAGs
[2024-07-18T19:15:20.419+0200] {logging_mixin.py:188} INFO - [2024-07-18T19:15:20.419+0200] {dag.py:3947} INFO - Setting next_dagrun for example_sensors to None, run_after=None
[2024-07-18T19:15:20.434+0200] {processor.py:183} INFO - Processing /home/richonlinux/Documents/GitHub/AirflowTuto/venv/lib/python3.10/site-packages/airflow/example_dags/example_sensors.py took 0.047 seconds
[2024-07-18T19:16:01.279+0200] {processor.py:161} INFO - Started process (PID=294068) to work on /home/richonlinux/Documents/GitHub/AirflowTuto/venv/lib/python3.10/site-packages/airflow/example_dags/example_sensors.py
[2024-07-18T19:16:01.280+0200] {processor.py:830} INFO - Processing file /home/richonlinux/Documents/GitHub/AirflowTuto/venv/lib/python3.10/site-packages/airflow/example_dags/example_sensors.py for tasks to queue
[2024-07-18T19:16:01.281+0200] {logging_mixin.py:188} INFO - [2024-07-18T19:16:01.281+0200] {dagbag.py:545} INFO - Filling up the DagBag from /home/richonlinux/Documents/GitHub/AirflowTuto/venv/lib/python3.10/site-packages/airflow/example_dags/example_sensors.py
[2024-07-18T19:16:01.287+0200] {processor.py:840} INFO - DAG(s) 'example_sensors' retrieved from /home/richonlinux/Documents/GitHub/AirflowTuto/venv/lib/python3.10/site-packages/airflow/example_dags/example_sensors.py
[2024-07-18T19:16:01.301+0200] {logging_mixin.py:188} INFO - [2024-07-18T19:16:01.301+0200] {dag.py:3089} INFO - Sync 1 DAGs
[2024-07-18T19:16:01.309+0200] {logging_mixin.py:188} INFO - [2024-07-18T19:16:01.309+0200] {dag.py:3947} INFO - Setting next_dagrun for example_sensors to None, run_after=None
[2024-07-18T19:16:01.323+0200] {processor.py:183} INFO - Processing /home/richonlinux/Documents/GitHub/AirflowTuto/venv/lib/python3.10/site-packages/airflow/example_dags/example_sensors.py took 0.048 seconds
[2024-07-18T19:16:55.815+0200] {processor.py:161} INFO - Started process (PID=294995) to work on /home/richonlinux/Documents/GitHub/AirflowTuto/venv/lib/python3.10/site-packages/airflow/example_dags/example_sensors.py
[2024-07-18T19:16:55.817+0200] {processor.py:830} INFO - Processing file /home/richonlinux/Documents/GitHub/AirflowTuto/venv/lib/python3.10/site-packages/airflow/example_dags/example_sensors.py for tasks to queue
[2024-07-18T19:16:55.818+0200] {logging_mixin.py:188} INFO - [2024-07-18T19:16:55.817+0200] {dagbag.py:545} INFO - Filling up the DagBag from /home/richonlinux/Documents/GitHub/AirflowTuto/venv/lib/python3.10/site-packages/airflow/example_dags/example_sensors.py
[2024-07-18T19:16:55.823+0200] {processor.py:840} INFO - DAG(s) 'example_sensors' retrieved from /home/richonlinux/Documents/GitHub/AirflowTuto/venv/lib/python3.10/site-packages/airflow/example_dags/example_sensors.py
[2024-07-18T19:16:55.836+0200] {logging_mixin.py:188} INFO - [2024-07-18T19:16:55.836+0200] {dag.py:3089} INFO - Sync 1 DAGs
[2024-07-18T19:16:55.844+0200] {logging_mixin.py:188} INFO - [2024-07-18T19:16:55.844+0200] {dag.py:3947} INFO - Setting next_dagrun for example_sensors to None, run_after=None
[2024-07-18T19:16:55.860+0200] {processor.py:183} INFO - Processing /home/richonlinux/Documents/GitHub/AirflowTuto/venv/lib/python3.10/site-packages/airflow/example_dags/example_sensors.py took 0.049 seconds
[2024-07-18T19:17:52.829+0200] {processor.py:161} INFO - Started process (PID=295930) to work on /home/richonlinux/Documents/GitHub/AirflowTuto/venv/lib/python3.10/site-packages/airflow/example_dags/example_sensors.py
[2024-07-18T19:17:52.832+0200] {processor.py:830} INFO - Processing file /home/richonlinux/Documents/GitHub/AirflowTuto/venv/lib/python3.10/site-packages/airflow/example_dags/example_sensors.py for tasks to queue
[2024-07-18T19:17:52.833+0200] {logging_mixin.py:188} INFO - [2024-07-18T19:17:52.833+0200] {dagbag.py:545} INFO - Filling up the DagBag from /home/richonlinux/Documents/GitHub/AirflowTuto/venv/lib/python3.10/site-packages/airflow/example_dags/example_sensors.py
[2024-07-18T19:17:52.838+0200] {processor.py:840} INFO - DAG(s) 'example_sensors' retrieved from /home/richonlinux/Documents/GitHub/AirflowTuto/venv/lib/python3.10/site-packages/airflow/example_dags/example_sensors.py
[2024-07-18T19:17:52.851+0200] {logging_mixin.py:188} INFO - [2024-07-18T19:17:52.851+0200] {dag.py:3089} INFO - Sync 1 DAGs
[2024-07-18T19:17:52.858+0200] {logging_mixin.py:188} INFO - [2024-07-18T19:17:52.858+0200] {dag.py:3947} INFO - Setting next_dagrun for example_sensors to None, run_after=None
[2024-07-18T19:17:52.873+0200] {processor.py:183} INFO - Processing /home/richonlinux/Documents/GitHub/AirflowTuto/venv/lib/python3.10/site-packages/airflow/example_dags/example_sensors.py took 0.048 seconds
[2024-07-18T19:18:33.816+0200] {processor.py:161} INFO - Started process (PID=296601) to work on /home/richonlinux/Documents/GitHub/AirflowTuto/venv/lib/python3.10/site-packages/airflow/example_dags/example_sensors.py
[2024-07-18T19:18:33.817+0200] {processor.py:830} INFO - Processing file /home/richonlinux/Documents/GitHub/AirflowTuto/venv/lib/python3.10/site-packages/airflow/example_dags/example_sensors.py for tasks to queue
[2024-07-18T19:18:33.818+0200] {logging_mixin.py:188} INFO - [2024-07-18T19:18:33.818+0200] {dagbag.py:545} INFO - Filling up the DagBag from /home/richonlinux/Documents/GitHub/AirflowTuto/venv/lib/python3.10/site-packages/airflow/example_dags/example_sensors.py
[2024-07-18T19:18:33.823+0200] {processor.py:840} INFO - DAG(s) 'example_sensors' retrieved from /home/richonlinux/Documents/GitHub/AirflowTuto/venv/lib/python3.10/site-packages/airflow/example_dags/example_sensors.py
[2024-07-18T19:18:33.835+0200] {logging_mixin.py:188} INFO - [2024-07-18T19:18:33.835+0200] {dag.py:3089} INFO - Sync 1 DAGs
[2024-07-18T19:18:33.842+0200] {logging_mixin.py:188} INFO - [2024-07-18T19:18:33.841+0200] {dag.py:3947} INFO - Setting next_dagrun for example_sensors to None, run_after=None
[2024-07-18T19:18:33.856+0200] {processor.py:183} INFO - Processing /home/richonlinux/Documents/GitHub/AirflowTuto/venv/lib/python3.10/site-packages/airflow/example_dags/example_sensors.py took 0.044 seconds
[2024-07-18T19:19:12.751+0200] {processor.py:161} INFO - Started process (PID=297234) to work on /home/richonlinux/Documents/GitHub/AirflowTuto/venv/lib/python3.10/site-packages/airflow/example_dags/example_sensors.py
[2024-07-18T19:19:12.755+0200] {processor.py:830} INFO - Processing file /home/richonlinux/Documents/GitHub/AirflowTuto/venv/lib/python3.10/site-packages/airflow/example_dags/example_sensors.py for tasks to queue
[2024-07-18T19:19:12.756+0200] {logging_mixin.py:188} INFO - [2024-07-18T19:19:12.756+0200] {dagbag.py:545} INFO - Filling up the DagBag from /home/richonlinux/Documents/GitHub/AirflowTuto/venv/lib/python3.10/site-packages/airflow/example_dags/example_sensors.py
[2024-07-18T19:19:12.761+0200] {processor.py:840} INFO - DAG(s) 'example_sensors' retrieved from /home/richonlinux/Documents/GitHub/AirflowTuto/venv/lib/python3.10/site-packages/airflow/example_dags/example_sensors.py
[2024-07-18T19:19:12.774+0200] {logging_mixin.py:188} INFO - [2024-07-18T19:19:12.773+0200] {dag.py:3089} INFO - Sync 1 DAGs
[2024-07-18T19:19:12.781+0200] {logging_mixin.py:188} INFO - [2024-07-18T19:19:12.780+0200] {dag.py:3947} INFO - Setting next_dagrun for example_sensors to None, run_after=None
[2024-07-18T19:19:12.795+0200] {processor.py:183} INFO - Processing /home/richonlinux/Documents/GitHub/AirflowTuto/venv/lib/python3.10/site-packages/airflow/example_dags/example_sensors.py took 0.047 seconds
[2024-07-18T19:20:11.494+0200] {processor.py:161} INFO - Started process (PID=298170) to work on /home/richonlinux/Documents/GitHub/AirflowTuto/venv/lib/python3.10/site-packages/airflow/example_dags/example_sensors.py
[2024-07-18T19:20:11.495+0200] {processor.py:830} INFO - Processing file /home/richonlinux/Documents/GitHub/AirflowTuto/venv/lib/python3.10/site-packages/airflow/example_dags/example_sensors.py for tasks to queue
[2024-07-18T19:20:11.497+0200] {logging_mixin.py:188} INFO - [2024-07-18T19:20:11.496+0200] {dagbag.py:545} INFO - Filling up the DagBag from /home/richonlinux/Documents/GitHub/AirflowTuto/venv/lib/python3.10/site-packages/airflow/example_dags/example_sensors.py
[2024-07-18T19:20:11.504+0200] {processor.py:840} INFO - DAG(s) 'example_sensors' retrieved from /home/richonlinux/Documents/GitHub/AirflowTuto/venv/lib/python3.10/site-packages/airflow/example_dags/example_sensors.py
[2024-07-18T19:20:11.517+0200] {logging_mixin.py:188} INFO - [2024-07-18T19:20:11.517+0200] {dag.py:3089} INFO - Sync 1 DAGs
[2024-07-18T19:20:11.524+0200] {logging_mixin.py:188} INFO - [2024-07-18T19:20:11.524+0200] {dag.py:3947} INFO - Setting next_dagrun for example_sensors to None, run_after=None
[2024-07-18T19:20:11.539+0200] {processor.py:183} INFO - Processing /home/richonlinux/Documents/GitHub/AirflowTuto/venv/lib/python3.10/site-packages/airflow/example_dags/example_sensors.py took 0.052 seconds
[2024-07-18T19:20:53.768+0200] {processor.py:161} INFO - Started process (PID=298863) to work on /home/richonlinux/Documents/GitHub/AirflowTuto/venv/lib/python3.10/site-packages/airflow/example_dags/example_sensors.py
[2024-07-18T19:20:53.772+0200] {processor.py:830} INFO - Processing file /home/richonlinux/Documents/GitHub/AirflowTuto/venv/lib/python3.10/site-packages/airflow/example_dags/example_sensors.py for tasks to queue
[2024-07-18T19:20:53.775+0200] {logging_mixin.py:188} INFO - [2024-07-18T19:20:53.774+0200] {dagbag.py:545} INFO - Filling up the DagBag from /home/richonlinux/Documents/GitHub/AirflowTuto/venv/lib/python3.10/site-packages/airflow/example_dags/example_sensors.py
[2024-07-18T19:20:53.781+0200] {processor.py:840} INFO - DAG(s) 'example_sensors' retrieved from /home/richonlinux/Documents/GitHub/AirflowTuto/venv/lib/python3.10/site-packages/airflow/example_dags/example_sensors.py
[2024-07-18T19:20:53.799+0200] {logging_mixin.py:188} INFO - [2024-07-18T19:20:53.798+0200] {dag.py:3089} INFO - Sync 1 DAGs
[2024-07-18T19:20:53.807+0200] {logging_mixin.py:188} INFO - [2024-07-18T19:20:53.807+0200] {dag.py:3947} INFO - Setting next_dagrun for example_sensors to None, run_after=None
[2024-07-18T19:20:53.824+0200] {processor.py:183} INFO - Processing /home/richonlinux/Documents/GitHub/AirflowTuto/venv/lib/python3.10/site-packages/airflow/example_dags/example_sensors.py took 0.061 seconds
[2024-07-18T19:21:34.034+0200] {processor.py:161} INFO - Started process (PID=299614) to work on /home/richonlinux/Documents/GitHub/AirflowTuto/venv/lib/python3.10/site-packages/airflow/example_dags/example_sensors.py
[2024-07-18T19:21:34.035+0200] {processor.py:830} INFO - Processing file /home/richonlinux/Documents/GitHub/AirflowTuto/venv/lib/python3.10/site-packages/airflow/example_dags/example_sensors.py for tasks to queue
[2024-07-18T19:21:34.036+0200] {logging_mixin.py:188} INFO - [2024-07-18T19:21:34.036+0200] {dagbag.py:545} INFO - Filling up the DagBag from /home/richonlinux/Documents/GitHub/AirflowTuto/venv/lib/python3.10/site-packages/airflow/example_dags/example_sensors.py
[2024-07-18T19:21:34.043+0200] {processor.py:840} INFO - DAG(s) 'example_sensors' retrieved from /home/richonlinux/Documents/GitHub/AirflowTuto/venv/lib/python3.10/site-packages/airflow/example_dags/example_sensors.py
[2024-07-18T19:21:34.062+0200] {logging_mixin.py:188} INFO - [2024-07-18T19:21:34.062+0200] {dag.py:3089} INFO - Sync 1 DAGs
[2024-07-18T19:21:34.073+0200] {logging_mixin.py:188} INFO - [2024-07-18T19:21:34.072+0200] {dag.py:3947} INFO - Setting next_dagrun for example_sensors to None, run_after=None
[2024-07-18T19:21:34.092+0200] {processor.py:183} INFO - Processing /home/richonlinux/Documents/GitHub/AirflowTuto/venv/lib/python3.10/site-packages/airflow/example_dags/example_sensors.py took 0.062 seconds
[2024-07-18T19:22:13.365+0200] {processor.py:161} INFO - Started process (PID=300194) to work on /home/richonlinux/Documents/GitHub/AirflowTuto/venv/lib/python3.10/site-packages/airflow/example_dags/example_sensors.py
[2024-07-18T19:22:13.366+0200] {processor.py:830} INFO - Processing file /home/richonlinux/Documents/GitHub/AirflowTuto/venv/lib/python3.10/site-packages/airflow/example_dags/example_sensors.py for tasks to queue
[2024-07-18T19:22:13.367+0200] {logging_mixin.py:188} INFO - [2024-07-18T19:22:13.366+0200] {dagbag.py:545} INFO - Filling up the DagBag from /home/richonlinux/Documents/GitHub/AirflowTuto/venv/lib/python3.10/site-packages/airflow/example_dags/example_sensors.py
[2024-07-18T19:22:13.372+0200] {processor.py:840} INFO - DAG(s) 'example_sensors' retrieved from /home/richonlinux/Documents/GitHub/AirflowTuto/venv/lib/python3.10/site-packages/airflow/example_dags/example_sensors.py
[2024-07-18T19:22:13.384+0200] {logging_mixin.py:188} INFO - [2024-07-18T19:22:13.384+0200] {dag.py:3089} INFO - Sync 1 DAGs
[2024-07-18T19:22:13.392+0200] {logging_mixin.py:188} INFO - [2024-07-18T19:22:13.392+0200] {dag.py:3947} INFO - Setting next_dagrun for example_sensors to None, run_after=None
[2024-07-18T19:22:13.405+0200] {processor.py:183} INFO - Processing /home/richonlinux/Documents/GitHub/AirflowTuto/venv/lib/python3.10/site-packages/airflow/example_dags/example_sensors.py took 0.044 seconds
