[2024-07-18T18:16:29.144+0200] {processor.py:161} INFO - Started process (PID=258112) to work on /home/richonlinux/Documents/GitHub/AirflowTuto/venv/lib/python3.10/site-packages/airflow/example_dags/example_short_circuit_decorator.py
[2024-07-18T18:16:29.145+0200] {processor.py:830} INFO - Processing file /home/richonlinux/Documents/GitHub/AirflowTuto/venv/lib/python3.10/site-packages/airflow/example_dags/example_short_circuit_decorator.py for tasks to queue
[2024-07-18T18:16:29.146+0200] {logging_mixin.py:188} INFO - [2024-07-18T18:16:29.146+0200] {dagbag.py:545} INFO - Filling up the DagBag from /home/richonlinux/Documents/GitHub/AirflowTuto/venv/lib/python3.10/site-packages/airflow/example_dags/example_short_circuit_decorator.py
[2024-07-18T18:16:29.153+0200] {processor.py:840} INFO - DAG(s) 'example_short_circuit_decorator' retrieved from /home/richonlinux/Documents/GitHub/AirflowTuto/venv/lib/python3.10/site-packages/airflow/example_dags/example_short_circuit_decorator.py
[2024-07-18T18:16:29.216+0200] {logging_mixin.py:188} INFO - [2024-07-18T18:16:29.216+0200] {override.py:1858} INFO - Created Permission View: can edit on DAG:example_short_circuit_decorator
[2024-07-18T18:16:29.225+0200] {logging_mixin.py:188} INFO - [2024-07-18T18:16:29.225+0200] {override.py:1858} INFO - Created Permission View: can read on DAG:example_short_circuit_decorator
[2024-07-18T18:16:29.231+0200] {logging_mixin.py:188} INFO - [2024-07-18T18:16:29.231+0200] {override.py:1858} INFO - Created Permission View: can delete on DAG:example_short_circuit_decorator
[2024-07-18T18:16:29.231+0200] {logging_mixin.py:188} INFO - [2024-07-18T18:16:29.231+0200] {dag.py:3089} INFO - Sync 1 DAGs
[2024-07-18T18:16:29.237+0200] {logging_mixin.py:188} INFO - [2024-07-18T18:16:29.237+0200] {dag.py:3111} INFO - Creating ORM DAG for example_short_circuit_decorator
[2024-07-18T18:16:29.241+0200] {logging_mixin.py:188} INFO - [2024-07-18T18:16:29.241+0200] {dag.py:3947} INFO - Setting next_dagrun for example_short_circuit_decorator to 2024-07-17 00:00:00+00:00, run_after=2024-07-18 00:00:00+00:00
[2024-07-18T18:16:29.254+0200] {processor.py:183} INFO - Processing /home/richonlinux/Documents/GitHub/AirflowTuto/venv/lib/python3.10/site-packages/airflow/example_dags/example_short_circuit_decorator.py took 0.114 seconds
[2024-07-18T18:17:21.632+0200] {processor.py:161} INFO - Started process (PID=258986) to work on /home/richonlinux/Documents/GitHub/AirflowTuto/venv/lib/python3.10/site-packages/airflow/example_dags/example_short_circuit_decorator.py
[2024-07-18T18:17:21.636+0200] {processor.py:830} INFO - Processing file /home/richonlinux/Documents/GitHub/AirflowTuto/venv/lib/python3.10/site-packages/airflow/example_dags/example_short_circuit_decorator.py for tasks to queue
[2024-07-18T18:17:21.637+0200] {logging_mixin.py:188} INFO - [2024-07-18T18:17:21.637+0200] {dagbag.py:545} INFO - Filling up the DagBag from /home/richonlinux/Documents/GitHub/AirflowTuto/venv/lib/python3.10/site-packages/airflow/example_dags/example_short_circuit_decorator.py
[2024-07-18T18:17:21.642+0200] {processor.py:840} INFO - DAG(s) 'example_short_circuit_decorator' retrieved from /home/richonlinux/Documents/GitHub/AirflowTuto/venv/lib/python3.10/site-packages/airflow/example_dags/example_short_circuit_decorator.py
[2024-07-18T18:17:21.652+0200] {logging_mixin.py:188} INFO - [2024-07-18T18:17:21.652+0200] {dag.py:3089} INFO - Sync 1 DAGs
[2024-07-18T18:17:21.662+0200] {logging_mixin.py:188} INFO - [2024-07-18T18:17:21.662+0200] {dag.py:3947} INFO - Setting next_dagrun for example_short_circuit_decorator to 2024-07-17 00:00:00+00:00, run_after=2024-07-18 00:00:00+00:00
[2024-07-18T18:17:21.675+0200] {processor.py:183} INFO - Processing /home/richonlinux/Documents/GitHub/AirflowTuto/venv/lib/python3.10/site-packages/airflow/example_dags/example_short_circuit_decorator.py took 0.046 seconds
[2024-07-18T18:44:09.821+0200] {processor.py:161} INFO - Started process (PID=260181) to work on /home/richonlinux/Documents/GitHub/AirflowTuto/venv/lib/python3.10/site-packages/airflow/example_dags/example_short_circuit_decorator.py
[2024-07-18T18:44:09.821+0200] {processor.py:830} INFO - Processing file /home/richonlinux/Documents/GitHub/AirflowTuto/venv/lib/python3.10/site-packages/airflow/example_dags/example_short_circuit_decorator.py for tasks to queue
[2024-07-18T18:44:09.822+0200] {logging_mixin.py:188} INFO - [2024-07-18T18:44:09.822+0200] {dagbag.py:545} INFO - Filling up the DagBag from /home/richonlinux/Documents/GitHub/AirflowTuto/venv/lib/python3.10/site-packages/airflow/example_dags/example_short_circuit_decorator.py
[2024-07-18T18:44:09.828+0200] {processor.py:840} INFO - DAG(s) 'example_short_circuit_decorator' retrieved from /home/richonlinux/Documents/GitHub/AirflowTuto/venv/lib/python3.10/site-packages/airflow/example_dags/example_short_circuit_decorator.py
[2024-07-18T18:44:09.839+0200] {logging_mixin.py:188} INFO - [2024-07-18T18:44:09.838+0200] {dag.py:3089} INFO - Sync 1 DAGs
[2024-07-18T18:44:09.911+0200] {logging_mixin.py:188} INFO - [2024-07-18T18:44:09.911+0200] {dag.py:3947} INFO - Setting next_dagrun for example_short_circuit_decorator to 2024-07-17 00:00:00+00:00, run_after=2024-07-18 00:00:00+00:00
[2024-07-18T18:44:09.925+0200] {processor.py:183} INFO - Processing /home/richonlinux/Documents/GitHub/AirflowTuto/venv/lib/python3.10/site-packages/airflow/example_dags/example_short_circuit_decorator.py took 0.107 seconds
[2024-07-18T18:45:02.915+0200] {processor.py:161} INFO - Started process (PID=261285) to work on /home/richonlinux/Documents/GitHub/AirflowTuto/venv/lib/python3.10/site-packages/airflow/example_dags/example_short_circuit_decorator.py
[2024-07-18T18:45:02.919+0200] {processor.py:830} INFO - Processing file /home/richonlinux/Documents/GitHub/AirflowTuto/venv/lib/python3.10/site-packages/airflow/example_dags/example_short_circuit_decorator.py for tasks to queue
[2024-07-18T18:45:02.920+0200] {logging_mixin.py:188} INFO - [2024-07-18T18:45:02.919+0200] {dagbag.py:545} INFO - Filling up the DagBag from /home/richonlinux/Documents/GitHub/AirflowTuto/venv/lib/python3.10/site-packages/airflow/example_dags/example_short_circuit_decorator.py
[2024-07-18T18:45:02.927+0200] {processor.py:840} INFO - DAG(s) 'example_short_circuit_decorator' retrieved from /home/richonlinux/Documents/GitHub/AirflowTuto/venv/lib/python3.10/site-packages/airflow/example_dags/example_short_circuit_decorator.py
[2024-07-18T18:45:02.937+0200] {logging_mixin.py:188} INFO - [2024-07-18T18:45:02.937+0200] {dag.py:3089} INFO - Sync 1 DAGs
[2024-07-18T18:45:02.947+0200] {logging_mixin.py:188} INFO - [2024-07-18T18:45:02.947+0200] {dag.py:3947} INFO - Setting next_dagrun for example_short_circuit_decorator to 2024-07-17 00:00:00+00:00, run_after=2024-07-18 00:00:00+00:00
[2024-07-18T18:45:02.960+0200] {processor.py:183} INFO - Processing /home/richonlinux/Documents/GitHub/AirflowTuto/venv/lib/python3.10/site-packages/airflow/example_dags/example_short_circuit_decorator.py took 0.051 seconds
[2024-07-18T18:45:47.411+0200] {processor.py:161} INFO - Started process (PID=262144) to work on /home/richonlinux/Documents/GitHub/AirflowTuto/venv/lib/python3.10/site-packages/airflow/example_dags/example_short_circuit_decorator.py
[2024-07-18T18:45:47.412+0200] {processor.py:830} INFO - Processing file /home/richonlinux/Documents/GitHub/AirflowTuto/venv/lib/python3.10/site-packages/airflow/example_dags/example_short_circuit_decorator.py for tasks to queue
[2024-07-18T18:45:47.414+0200] {logging_mixin.py:188} INFO - [2024-07-18T18:45:47.413+0200] {dagbag.py:545} INFO - Filling up the DagBag from /home/richonlinux/Documents/GitHub/AirflowTuto/venv/lib/python3.10/site-packages/airflow/example_dags/example_short_circuit_decorator.py
[2024-07-18T18:45:47.421+0200] {processor.py:840} INFO - DAG(s) 'example_short_circuit_decorator' retrieved from /home/richonlinux/Documents/GitHub/AirflowTuto/venv/lib/python3.10/site-packages/airflow/example_dags/example_short_circuit_decorator.py
[2024-07-18T18:45:47.431+0200] {logging_mixin.py:188} INFO - [2024-07-18T18:45:47.430+0200] {dag.py:3089} INFO - Sync 1 DAGs
[2024-07-18T18:45:47.442+0200] {logging_mixin.py:188} INFO - [2024-07-18T18:45:47.441+0200] {dag.py:3947} INFO - Setting next_dagrun for example_short_circuit_decorator to 2024-07-17 00:00:00+00:00, run_after=2024-07-18 00:00:00+00:00
[2024-07-18T18:45:47.455+0200] {processor.py:183} INFO - Processing /home/richonlinux/Documents/GitHub/AirflowTuto/venv/lib/python3.10/site-packages/airflow/example_dags/example_short_circuit_decorator.py took 0.052 seconds
[2024-07-18T18:49:41.084+0200] {processor.py:161} INFO - Started process (PID=266370) to work on /home/richonlinux/Documents/GitHub/AirflowTuto/venv/lib/python3.10/site-packages/airflow/example_dags/example_short_circuit_decorator.py
[2024-07-18T18:49:41.084+0200] {processor.py:830} INFO - Processing file /home/richonlinux/Documents/GitHub/AirflowTuto/venv/lib/python3.10/site-packages/airflow/example_dags/example_short_circuit_decorator.py for tasks to queue
[2024-07-18T18:49:41.086+0200] {logging_mixin.py:188} INFO - [2024-07-18T18:49:41.085+0200] {dagbag.py:545} INFO - Filling up the DagBag from /home/richonlinux/Documents/GitHub/AirflowTuto/venv/lib/python3.10/site-packages/airflow/example_dags/example_short_circuit_decorator.py
[2024-07-18T18:49:41.094+0200] {processor.py:840} INFO - DAG(s) 'example_short_circuit_decorator' retrieved from /home/richonlinux/Documents/GitHub/AirflowTuto/venv/lib/python3.10/site-packages/airflow/example_dags/example_short_circuit_decorator.py
[2024-07-18T18:49:41.100+0200] {logging_mixin.py:188} INFO - [2024-07-18T18:49:41.100+0200] {dag.py:3089} INFO - Sync 1 DAGs
[2024-07-18T18:49:41.125+0200] {logging_mixin.py:188} INFO - [2024-07-18T18:49:41.124+0200] {dag.py:3947} INFO - Setting next_dagrun for example_short_circuit_decorator to 2024-07-17 00:00:00+00:00, run_after=2024-07-18 00:00:00+00:00
[2024-07-18T18:49:41.157+0200] {processor.py:183} INFO - Processing /home/richonlinux/Documents/GitHub/AirflowTuto/venv/lib/python3.10/site-packages/airflow/example_dags/example_short_circuit_decorator.py took 0.077 seconds
[2024-07-18T18:51:34.463+0200] {processor.py:161} INFO - Started process (PID=268512) to work on /home/richonlinux/Documents/GitHub/AirflowTuto/venv/lib/python3.10/site-packages/airflow/example_dags/example_short_circuit_decorator.py
[2024-07-18T18:51:34.464+0200] {processor.py:830} INFO - Processing file /home/richonlinux/Documents/GitHub/AirflowTuto/venv/lib/python3.10/site-packages/airflow/example_dags/example_short_circuit_decorator.py for tasks to queue
[2024-07-18T18:51:34.465+0200] {logging_mixin.py:188} INFO - [2024-07-18T18:51:34.465+0200] {dagbag.py:545} INFO - Filling up the DagBag from /home/richonlinux/Documents/GitHub/AirflowTuto/venv/lib/python3.10/site-packages/airflow/example_dags/example_short_circuit_decorator.py
[2024-07-18T18:51:34.471+0200] {processor.py:840} INFO - DAG(s) 'example_short_circuit_decorator' retrieved from /home/richonlinux/Documents/GitHub/AirflowTuto/venv/lib/python3.10/site-packages/airflow/example_dags/example_short_circuit_decorator.py
[2024-07-18T18:51:34.475+0200] {logging_mixin.py:188} INFO - [2024-07-18T18:51:34.475+0200] {dag.py:3089} INFO - Sync 1 DAGs
[2024-07-18T18:51:34.486+0200] {logging_mixin.py:188} INFO - [2024-07-18T18:51:34.485+0200] {dag.py:3947} INFO - Setting next_dagrun for example_short_circuit_decorator to 2024-07-17 00:00:00+00:00, run_after=2024-07-18 00:00:00+00:00
[2024-07-18T18:51:34.498+0200] {processor.py:183} INFO - Processing /home/richonlinux/Documents/GitHub/AirflowTuto/venv/lib/python3.10/site-packages/airflow/example_dags/example_short_circuit_decorator.py took 0.041 seconds
[2024-07-18T18:52:25.362+0200] {processor.py:161} INFO - Started process (PID=269332) to work on /home/richonlinux/Documents/GitHub/AirflowTuto/venv/lib/python3.10/site-packages/airflow/example_dags/example_short_circuit_decorator.py
[2024-07-18T18:52:25.363+0200] {processor.py:830} INFO - Processing file /home/richonlinux/Documents/GitHub/AirflowTuto/venv/lib/python3.10/site-packages/airflow/example_dags/example_short_circuit_decorator.py for tasks to queue
[2024-07-18T18:52:25.364+0200] {logging_mixin.py:188} INFO - [2024-07-18T18:52:25.364+0200] {dagbag.py:545} INFO - Filling up the DagBag from /home/richonlinux/Documents/GitHub/AirflowTuto/venv/lib/python3.10/site-packages/airflow/example_dags/example_short_circuit_decorator.py
[2024-07-18T18:52:25.370+0200] {processor.py:840} INFO - DAG(s) 'example_short_circuit_decorator' retrieved from /home/richonlinux/Documents/GitHub/AirflowTuto/venv/lib/python3.10/site-packages/airflow/example_dags/example_short_circuit_decorator.py
[2024-07-18T18:52:25.493+0200] {logging_mixin.py:188} INFO - [2024-07-18T18:52:25.493+0200] {dag.py:3089} INFO - Sync 1 DAGs
[2024-07-18T18:52:25.501+0200] {logging_mixin.py:188} INFO - [2024-07-18T18:52:25.501+0200] {dag.py:3947} INFO - Setting next_dagrun for example_short_circuit_decorator to 2024-07-17 00:00:00+00:00, run_after=2024-07-18 00:00:00+00:00
[2024-07-18T18:52:25.514+0200] {processor.py:183} INFO - Processing /home/richonlinux/Documents/GitHub/AirflowTuto/venv/lib/python3.10/site-packages/airflow/example_dags/example_short_circuit_decorator.py took 0.157 seconds
[2024-07-18T18:53:17.410+0200] {processor.py:161} INFO - Started process (PID=270811) to work on /home/richonlinux/Documents/GitHub/AirflowTuto/venv/lib/python3.10/site-packages/airflow/example_dags/example_short_circuit_decorator.py
[2024-07-18T18:53:17.411+0200] {processor.py:830} INFO - Processing file /home/richonlinux/Documents/GitHub/AirflowTuto/venv/lib/python3.10/site-packages/airflow/example_dags/example_short_circuit_decorator.py for tasks to queue
[2024-07-18T18:53:17.411+0200] {logging_mixin.py:188} INFO - [2024-07-18T18:53:17.411+0200] {dagbag.py:545} INFO - Filling up the DagBag from /home/richonlinux/Documents/GitHub/AirflowTuto/venv/lib/python3.10/site-packages/airflow/example_dags/example_short_circuit_decorator.py
[2024-07-18T18:53:17.416+0200] {processor.py:840} INFO - DAG(s) 'example_short_circuit_decorator' retrieved from /home/richonlinux/Documents/GitHub/AirflowTuto/venv/lib/python3.10/site-packages/airflow/example_dags/example_short_circuit_decorator.py
[2024-07-18T18:53:17.426+0200] {logging_mixin.py:188} INFO - [2024-07-18T18:53:17.425+0200] {dag.py:3089} INFO - Sync 1 DAGs
[2024-07-18T18:53:17.494+0200] {logging_mixin.py:188} INFO - [2024-07-18T18:53:17.494+0200] {dag.py:3947} INFO - Setting next_dagrun for example_short_circuit_decorator to 2024-07-17 00:00:00+00:00, run_after=2024-07-18 00:00:00+00:00
[2024-07-18T18:53:17.505+0200] {processor.py:183} INFO - Processing /home/richonlinux/Documents/GitHub/AirflowTuto/venv/lib/python3.10/site-packages/airflow/example_dags/example_short_circuit_decorator.py took 0.098 seconds
[2024-07-18T18:54:02.241+0200] {processor.py:161} INFO - Started process (PID=271796) to work on /home/richonlinux/Documents/GitHub/AirflowTuto/venv/lib/python3.10/site-packages/airflow/example_dags/example_short_circuit_decorator.py
[2024-07-18T18:54:02.242+0200] {processor.py:830} INFO - Processing file /home/richonlinux/Documents/GitHub/AirflowTuto/venv/lib/python3.10/site-packages/airflow/example_dags/example_short_circuit_decorator.py for tasks to queue
[2024-07-18T18:54:02.244+0200] {logging_mixin.py:188} INFO - [2024-07-18T18:54:02.244+0200] {dagbag.py:545} INFO - Filling up the DagBag from /home/richonlinux/Documents/GitHub/AirflowTuto/venv/lib/python3.10/site-packages/airflow/example_dags/example_short_circuit_decorator.py
[2024-07-18T18:54:02.250+0200] {processor.py:840} INFO - DAG(s) 'example_short_circuit_decorator' retrieved from /home/richonlinux/Documents/GitHub/AirflowTuto/venv/lib/python3.10/site-packages/airflow/example_dags/example_short_circuit_decorator.py
[2024-07-18T18:54:02.261+0200] {logging_mixin.py:188} INFO - [2024-07-18T18:54:02.260+0200] {dag.py:3089} INFO - Sync 1 DAGs
[2024-07-18T18:54:02.271+0200] {logging_mixin.py:188} INFO - [2024-07-18T18:54:02.271+0200] {dag.py:3947} INFO - Setting next_dagrun for example_short_circuit_decorator to 2024-07-17 00:00:00+00:00, run_after=2024-07-18 00:00:00+00:00
[2024-07-18T18:54:02.284+0200] {processor.py:183} INFO - Processing /home/richonlinux/Documents/GitHub/AirflowTuto/venv/lib/python3.10/site-packages/airflow/example_dags/example_short_circuit_decorator.py took 0.049 seconds
[2024-07-18T18:54:46.284+0200] {processor.py:161} INFO - Started process (PID=272539) to work on /home/richonlinux/Documents/GitHub/AirflowTuto/venv/lib/python3.10/site-packages/airflow/example_dags/example_short_circuit_decorator.py
[2024-07-18T18:54:46.288+0200] {processor.py:830} INFO - Processing file /home/richonlinux/Documents/GitHub/AirflowTuto/venv/lib/python3.10/site-packages/airflow/example_dags/example_short_circuit_decorator.py for tasks to queue
[2024-07-18T18:54:46.290+0200] {logging_mixin.py:188} INFO - [2024-07-18T18:54:46.290+0200] {dagbag.py:545} INFO - Filling up the DagBag from /home/richonlinux/Documents/GitHub/AirflowTuto/venv/lib/python3.10/site-packages/airflow/example_dags/example_short_circuit_decorator.py
[2024-07-18T18:54:46.299+0200] {processor.py:840} INFO - DAG(s) 'example_short_circuit_decorator' retrieved from /home/richonlinux/Documents/GitHub/AirflowTuto/venv/lib/python3.10/site-packages/airflow/example_dags/example_short_circuit_decorator.py
[2024-07-18T18:54:46.308+0200] {logging_mixin.py:188} INFO - [2024-07-18T18:54:46.308+0200] {dag.py:3089} INFO - Sync 1 DAGs
[2024-07-18T18:54:46.318+0200] {logging_mixin.py:188} INFO - [2024-07-18T18:54:46.317+0200] {dag.py:3947} INFO - Setting next_dagrun for example_short_circuit_decorator to 2024-07-17 00:00:00+00:00, run_after=2024-07-18 00:00:00+00:00
[2024-07-18T18:54:46.330+0200] {processor.py:183} INFO - Processing /home/richonlinux/Documents/GitHub/AirflowTuto/venv/lib/python3.10/site-packages/airflow/example_dags/example_short_circuit_decorator.py took 0.056 seconds
[2024-07-18T18:55:25.728+0200] {processor.py:161} INFO - Started process (PID=273182) to work on /home/richonlinux/Documents/GitHub/AirflowTuto/venv/lib/python3.10/site-packages/airflow/example_dags/example_short_circuit_decorator.py
[2024-07-18T18:55:25.729+0200] {processor.py:830} INFO - Processing file /home/richonlinux/Documents/GitHub/AirflowTuto/venv/lib/python3.10/site-packages/airflow/example_dags/example_short_circuit_decorator.py for tasks to queue
[2024-07-18T18:55:25.730+0200] {logging_mixin.py:188} INFO - [2024-07-18T18:55:25.730+0200] {dagbag.py:545} INFO - Filling up the DagBag from /home/richonlinux/Documents/GitHub/AirflowTuto/venv/lib/python3.10/site-packages/airflow/example_dags/example_short_circuit_decorator.py
[2024-07-18T18:55:25.737+0200] {processor.py:840} INFO - DAG(s) 'example_short_circuit_decorator' retrieved from /home/richonlinux/Documents/GitHub/AirflowTuto/venv/lib/python3.10/site-packages/airflow/example_dags/example_short_circuit_decorator.py
[2024-07-18T18:55:25.747+0200] {logging_mixin.py:188} INFO - [2024-07-18T18:55:25.747+0200] {dag.py:3089} INFO - Sync 1 DAGs
[2024-07-18T18:55:25.756+0200] {logging_mixin.py:188} INFO - [2024-07-18T18:55:25.756+0200] {dag.py:3947} INFO - Setting next_dagrun for example_short_circuit_decorator to 2024-07-17 00:00:00+00:00, run_after=2024-07-18 00:00:00+00:00
[2024-07-18T18:55:25.769+0200] {processor.py:183} INFO - Processing /home/richonlinux/Documents/GitHub/AirflowTuto/venv/lib/python3.10/site-packages/airflow/example_dags/example_short_circuit_decorator.py took 0.044 seconds
[2024-07-18T18:56:21.263+0200] {processor.py:161} INFO - Started process (PID=274123) to work on /home/richonlinux/Documents/GitHub/AirflowTuto/venv/lib/python3.10/site-packages/airflow/example_dags/example_short_circuit_decorator.py
[2024-07-18T18:56:21.264+0200] {processor.py:830} INFO - Processing file /home/richonlinux/Documents/GitHub/AirflowTuto/venv/lib/python3.10/site-packages/airflow/example_dags/example_short_circuit_decorator.py for tasks to queue
[2024-07-18T18:56:21.265+0200] {logging_mixin.py:188} INFO - [2024-07-18T18:56:21.265+0200] {dagbag.py:545} INFO - Filling up the DagBag from /home/richonlinux/Documents/GitHub/AirflowTuto/venv/lib/python3.10/site-packages/airflow/example_dags/example_short_circuit_decorator.py
[2024-07-18T18:56:21.270+0200] {processor.py:840} INFO - DAG(s) 'example_short_circuit_decorator' retrieved from /home/richonlinux/Documents/GitHub/AirflowTuto/venv/lib/python3.10/site-packages/airflow/example_dags/example_short_circuit_decorator.py
[2024-07-18T18:56:21.281+0200] {logging_mixin.py:188} INFO - [2024-07-18T18:56:21.281+0200] {dag.py:3089} INFO - Sync 1 DAGs
[2024-07-18T18:56:21.293+0200] {logging_mixin.py:188} INFO - [2024-07-18T18:56:21.293+0200] {dag.py:3947} INFO - Setting next_dagrun for example_short_circuit_decorator to 2024-07-17 00:00:00+00:00, run_after=2024-07-18 00:00:00+00:00
[2024-07-18T18:56:21.306+0200] {processor.py:183} INFO - Processing /home/richonlinux/Documents/GitHub/AirflowTuto/venv/lib/python3.10/site-packages/airflow/example_dags/example_short_circuit_decorator.py took 0.047 seconds
[2024-07-18T18:57:03.700+0200] {processor.py:161} INFO - Started process (PID=274847) to work on /home/richonlinux/Documents/GitHub/AirflowTuto/venv/lib/python3.10/site-packages/airflow/example_dags/example_short_circuit_decorator.py
[2024-07-18T18:57:03.704+0200] {processor.py:830} INFO - Processing file /home/richonlinux/Documents/GitHub/AirflowTuto/venv/lib/python3.10/site-packages/airflow/example_dags/example_short_circuit_decorator.py for tasks to queue
[2024-07-18T18:57:03.705+0200] {logging_mixin.py:188} INFO - [2024-07-18T18:57:03.705+0200] {dagbag.py:545} INFO - Filling up the DagBag from /home/richonlinux/Documents/GitHub/AirflowTuto/venv/lib/python3.10/site-packages/airflow/example_dags/example_short_circuit_decorator.py
[2024-07-18T18:57:03.710+0200] {processor.py:840} INFO - DAG(s) 'example_short_circuit_decorator' retrieved from /home/richonlinux/Documents/GitHub/AirflowTuto/venv/lib/python3.10/site-packages/airflow/example_dags/example_short_circuit_decorator.py
[2024-07-18T18:57:03.720+0200] {logging_mixin.py:188} INFO - [2024-07-18T18:57:03.720+0200] {dag.py:3089} INFO - Sync 1 DAGs
[2024-07-18T18:57:03.729+0200] {logging_mixin.py:188} INFO - [2024-07-18T18:57:03.729+0200] {dag.py:3947} INFO - Setting next_dagrun for example_short_circuit_decorator to 2024-07-17 00:00:00+00:00, run_after=2024-07-18 00:00:00+00:00
[2024-07-18T18:57:03.741+0200] {processor.py:183} INFO - Processing /home/richonlinux/Documents/GitHub/AirflowTuto/venv/lib/python3.10/site-packages/airflow/example_dags/example_short_circuit_decorator.py took 0.045 seconds
[2024-07-18T18:58:01.863+0200] {processor.py:161} INFO - Started process (PID=275773) to work on /home/richonlinux/Documents/GitHub/AirflowTuto/venv/lib/python3.10/site-packages/airflow/example_dags/example_short_circuit_decorator.py
[2024-07-18T18:58:01.865+0200] {processor.py:830} INFO - Processing file /home/richonlinux/Documents/GitHub/AirflowTuto/venv/lib/python3.10/site-packages/airflow/example_dags/example_short_circuit_decorator.py for tasks to queue
[2024-07-18T18:58:01.866+0200] {logging_mixin.py:188} INFO - [2024-07-18T18:58:01.866+0200] {dagbag.py:545} INFO - Filling up the DagBag from /home/richonlinux/Documents/GitHub/AirflowTuto/venv/lib/python3.10/site-packages/airflow/example_dags/example_short_circuit_decorator.py
[2024-07-18T18:58:01.872+0200] {processor.py:840} INFO - DAG(s) 'example_short_circuit_decorator' retrieved from /home/richonlinux/Documents/GitHub/AirflowTuto/venv/lib/python3.10/site-packages/airflow/example_dags/example_short_circuit_decorator.py
[2024-07-18T18:58:01.881+0200] {logging_mixin.py:188} INFO - [2024-07-18T18:58:01.881+0200] {dag.py:3089} INFO - Sync 1 DAGs
[2024-07-18T18:58:01.891+0200] {logging_mixin.py:188} INFO - [2024-07-18T18:58:01.891+0200] {dag.py:3947} INFO - Setting next_dagrun for example_short_circuit_decorator to 2024-07-17 00:00:00+00:00, run_after=2024-07-18 00:00:00+00:00
[2024-07-18T18:58:01.903+0200] {processor.py:183} INFO - Processing /home/richonlinux/Documents/GitHub/AirflowTuto/venv/lib/python3.10/site-packages/airflow/example_dags/example_short_circuit_decorator.py took 0.049 seconds
[2024-07-18T18:59:02.313+0200] {processor.py:161} INFO - Started process (PID=276808) to work on /home/richonlinux/Documents/GitHub/AirflowTuto/venv/lib/python3.10/site-packages/airflow/example_dags/example_short_circuit_decorator.py
[2024-07-18T18:59:02.317+0200] {processor.py:830} INFO - Processing file /home/richonlinux/Documents/GitHub/AirflowTuto/venv/lib/python3.10/site-packages/airflow/example_dags/example_short_circuit_decorator.py for tasks to queue
[2024-07-18T18:59:02.319+0200] {logging_mixin.py:188} INFO - [2024-07-18T18:59:02.319+0200] {dagbag.py:545} INFO - Filling up the DagBag from /home/richonlinux/Documents/GitHub/AirflowTuto/venv/lib/python3.10/site-packages/airflow/example_dags/example_short_circuit_decorator.py
[2024-07-18T18:59:02.328+0200] {processor.py:840} INFO - DAG(s) 'example_short_circuit_decorator' retrieved from /home/richonlinux/Documents/GitHub/AirflowTuto/venv/lib/python3.10/site-packages/airflow/example_dags/example_short_circuit_decorator.py
[2024-07-18T18:59:02.337+0200] {logging_mixin.py:188} INFO - [2024-07-18T18:59:02.337+0200] {dag.py:3089} INFO - Sync 1 DAGs
[2024-07-18T18:59:02.347+0200] {logging_mixin.py:188} INFO - [2024-07-18T18:59:02.346+0200] {dag.py:3947} INFO - Setting next_dagrun for example_short_circuit_decorator to 2024-07-17 00:00:00+00:00, run_after=2024-07-18 00:00:00+00:00
[2024-07-18T18:59:02.359+0200] {processor.py:183} INFO - Processing /home/richonlinux/Documents/GitHub/AirflowTuto/venv/lib/python3.10/site-packages/airflow/example_dags/example_short_circuit_decorator.py took 0.055 seconds
[2024-07-18T18:59:42.789+0200] {processor.py:161} INFO - Started process (PID=277564) to work on /home/richonlinux/Documents/GitHub/AirflowTuto/venv/lib/python3.10/site-packages/airflow/example_dags/example_short_circuit_decorator.py
[2024-07-18T18:59:42.791+0200] {processor.py:830} INFO - Processing file /home/richonlinux/Documents/GitHub/AirflowTuto/venv/lib/python3.10/site-packages/airflow/example_dags/example_short_circuit_decorator.py for tasks to queue
[2024-07-18T18:59:42.793+0200] {logging_mixin.py:188} INFO - [2024-07-18T18:59:42.793+0200] {dagbag.py:545} INFO - Filling up the DagBag from /home/richonlinux/Documents/GitHub/AirflowTuto/venv/lib/python3.10/site-packages/airflow/example_dags/example_short_circuit_decorator.py
[2024-07-18T18:59:42.801+0200] {processor.py:840} INFO - DAG(s) 'example_short_circuit_decorator' retrieved from /home/richonlinux/Documents/GitHub/AirflowTuto/venv/lib/python3.10/site-packages/airflow/example_dags/example_short_circuit_decorator.py
[2024-07-18T18:59:42.810+0200] {logging_mixin.py:188} INFO - [2024-07-18T18:59:42.810+0200] {dag.py:3089} INFO - Sync 1 DAGs
[2024-07-18T18:59:42.820+0200] {logging_mixin.py:188} INFO - [2024-07-18T18:59:42.820+0200] {dag.py:3947} INFO - Setting next_dagrun for example_short_circuit_decorator to 2024-07-17 00:00:00+00:00, run_after=2024-07-18 00:00:00+00:00
[2024-07-18T18:59:42.832+0200] {processor.py:183} INFO - Processing /home/richonlinux/Documents/GitHub/AirflowTuto/venv/lib/python3.10/site-packages/airflow/example_dags/example_short_circuit_decorator.py took 0.052 seconds
[2024-07-18T19:00:24.393+0200] {processor.py:161} INFO - Started process (PID=278336) to work on /home/richonlinux/Documents/GitHub/AirflowTuto/venv/lib/python3.10/site-packages/airflow/example_dags/example_short_circuit_decorator.py
[2024-07-18T19:00:24.394+0200] {processor.py:830} INFO - Processing file /home/richonlinux/Documents/GitHub/AirflowTuto/venv/lib/python3.10/site-packages/airflow/example_dags/example_short_circuit_decorator.py for tasks to queue
[2024-07-18T19:00:24.395+0200] {logging_mixin.py:188} INFO - [2024-07-18T19:00:24.394+0200] {dagbag.py:545} INFO - Filling up the DagBag from /home/richonlinux/Documents/GitHub/AirflowTuto/venv/lib/python3.10/site-packages/airflow/example_dags/example_short_circuit_decorator.py
[2024-07-18T19:00:24.401+0200] {processor.py:840} INFO - DAG(s) 'example_short_circuit_decorator' retrieved from /home/richonlinux/Documents/GitHub/AirflowTuto/venv/lib/python3.10/site-packages/airflow/example_dags/example_short_circuit_decorator.py
[2024-07-18T19:00:24.410+0200] {logging_mixin.py:188} INFO - [2024-07-18T19:00:24.410+0200] {dag.py:3089} INFO - Sync 1 DAGs
[2024-07-18T19:00:24.420+0200] {logging_mixin.py:188} INFO - [2024-07-18T19:00:24.420+0200] {dag.py:3947} INFO - Setting next_dagrun for example_short_circuit_decorator to 2024-07-17 00:00:00+00:00, run_after=2024-07-18 00:00:00+00:00
[2024-07-18T19:00:24.431+0200] {processor.py:183} INFO - Processing /home/richonlinux/Documents/GitHub/AirflowTuto/venv/lib/python3.10/site-packages/airflow/example_dags/example_short_circuit_decorator.py took 0.042 seconds
[2024-07-18T19:01:06.898+0200] {processor.py:161} INFO - Started process (PID=279151) to work on /home/richonlinux/Documents/GitHub/AirflowTuto/venv/lib/python3.10/site-packages/airflow/example_dags/example_short_circuit_decorator.py
[2024-07-18T19:01:06.900+0200] {processor.py:830} INFO - Processing file /home/richonlinux/Documents/GitHub/AirflowTuto/venv/lib/python3.10/site-packages/airflow/example_dags/example_short_circuit_decorator.py for tasks to queue
[2024-07-18T19:01:06.901+0200] {logging_mixin.py:188} INFO - [2024-07-18T19:01:06.901+0200] {dagbag.py:545} INFO - Filling up the DagBag from /home/richonlinux/Documents/GitHub/AirflowTuto/venv/lib/python3.10/site-packages/airflow/example_dags/example_short_circuit_decorator.py
[2024-07-18T19:01:06.909+0200] {processor.py:840} INFO - DAG(s) 'example_short_circuit_decorator' retrieved from /home/richonlinux/Documents/GitHub/AirflowTuto/venv/lib/python3.10/site-packages/airflow/example_dags/example_short_circuit_decorator.py
[2024-07-18T19:01:06.918+0200] {logging_mixin.py:188} INFO - [2024-07-18T19:01:06.918+0200] {dag.py:3089} INFO - Sync 1 DAGs
[2024-07-18T19:01:06.927+0200] {logging_mixin.py:188} INFO - [2024-07-18T19:01:06.927+0200] {dag.py:3947} INFO - Setting next_dagrun for example_short_circuit_decorator to 2024-07-17 00:00:00+00:00, run_after=2024-07-18 00:00:00+00:00
[2024-07-18T19:01:06.939+0200] {processor.py:183} INFO - Processing /home/richonlinux/Documents/GitHub/AirflowTuto/venv/lib/python3.10/site-packages/airflow/example_dags/example_short_circuit_decorator.py took 0.050 seconds
[2024-07-18T19:02:03.188+0200] {processor.py:161} INFO - Started process (PID=280305) to work on /home/richonlinux/Documents/GitHub/AirflowTuto/venv/lib/python3.10/site-packages/airflow/example_dags/example_short_circuit_decorator.py
[2024-07-18T19:02:03.189+0200] {processor.py:830} INFO - Processing file /home/richonlinux/Documents/GitHub/AirflowTuto/venv/lib/python3.10/site-packages/airflow/example_dags/example_short_circuit_decorator.py for tasks to queue
[2024-07-18T19:02:03.191+0200] {logging_mixin.py:188} INFO - [2024-07-18T19:02:03.190+0200] {dagbag.py:545} INFO - Filling up the DagBag from /home/richonlinux/Documents/GitHub/AirflowTuto/venv/lib/python3.10/site-packages/airflow/example_dags/example_short_circuit_decorator.py
[2024-07-18T19:02:03.197+0200] {processor.py:840} INFO - DAG(s) 'example_short_circuit_decorator' retrieved from /home/richonlinux/Documents/GitHub/AirflowTuto/venv/lib/python3.10/site-packages/airflow/example_dags/example_short_circuit_decorator.py
[2024-07-18T19:02:03.207+0200] {logging_mixin.py:188} INFO - [2024-07-18T19:02:03.207+0200] {dag.py:3089} INFO - Sync 1 DAGs
[2024-07-18T19:02:03.217+0200] {logging_mixin.py:188} INFO - [2024-07-18T19:02:03.217+0200] {dag.py:3947} INFO - Setting next_dagrun for example_short_circuit_decorator to 2024-07-17 00:00:00+00:00, run_after=2024-07-18 00:00:00+00:00
[2024-07-18T19:02:03.229+0200] {processor.py:183} INFO - Processing /home/richonlinux/Documents/GitHub/AirflowTuto/venv/lib/python3.10/site-packages/airflow/example_dags/example_short_circuit_decorator.py took 0.051 seconds
[2024-07-18T19:03:02.663+0200] {processor.py:161} INFO - Started process (PID=281255) to work on /home/richonlinux/Documents/GitHub/AirflowTuto/venv/lib/python3.10/site-packages/airflow/example_dags/example_short_circuit_decorator.py
[2024-07-18T19:03:02.667+0200] {processor.py:830} INFO - Processing file /home/richonlinux/Documents/GitHub/AirflowTuto/venv/lib/python3.10/site-packages/airflow/example_dags/example_short_circuit_decorator.py for tasks to queue
[2024-07-18T19:03:02.669+0200] {logging_mixin.py:188} INFO - [2024-07-18T19:03:02.669+0200] {dagbag.py:545} INFO - Filling up the DagBag from /home/richonlinux/Documents/GitHub/AirflowTuto/venv/lib/python3.10/site-packages/airflow/example_dags/example_short_circuit_decorator.py
[2024-07-18T19:03:02.678+0200] {processor.py:840} INFO - DAG(s) 'example_short_circuit_decorator' retrieved from /home/richonlinux/Documents/GitHub/AirflowTuto/venv/lib/python3.10/site-packages/airflow/example_dags/example_short_circuit_decorator.py
[2024-07-18T19:03:02.689+0200] {logging_mixin.py:188} INFO - [2024-07-18T19:03:02.689+0200] {dag.py:3089} INFO - Sync 1 DAGs
[2024-07-18T19:03:02.699+0200] {logging_mixin.py:188} INFO - [2024-07-18T19:03:02.698+0200] {dag.py:3947} INFO - Setting next_dagrun for example_short_circuit_decorator to 2024-07-17 00:00:00+00:00, run_after=2024-07-18 00:00:00+00:00
[2024-07-18T19:03:02.710+0200] {processor.py:183} INFO - Processing /home/richonlinux/Documents/GitHub/AirflowTuto/venv/lib/python3.10/site-packages/airflow/example_dags/example_short_circuit_decorator.py took 0.056 seconds
[2024-07-18T19:03:44.603+0200] {processor.py:161} INFO - Started process (PID=281947) to work on /home/richonlinux/Documents/GitHub/AirflowTuto/venv/lib/python3.10/site-packages/airflow/example_dags/example_short_circuit_decorator.py
[2024-07-18T19:03:44.603+0200] {processor.py:830} INFO - Processing file /home/richonlinux/Documents/GitHub/AirflowTuto/venv/lib/python3.10/site-packages/airflow/example_dags/example_short_circuit_decorator.py for tasks to queue
[2024-07-18T19:03:44.604+0200] {logging_mixin.py:188} INFO - [2024-07-18T19:03:44.604+0200] {dagbag.py:545} INFO - Filling up the DagBag from /home/richonlinux/Documents/GitHub/AirflowTuto/venv/lib/python3.10/site-packages/airflow/example_dags/example_short_circuit_decorator.py
[2024-07-18T19:03:44.609+0200] {processor.py:840} INFO - DAG(s) 'example_short_circuit_decorator' retrieved from /home/richonlinux/Documents/GitHub/AirflowTuto/venv/lib/python3.10/site-packages/airflow/example_dags/example_short_circuit_decorator.py
[2024-07-18T19:03:44.620+0200] {logging_mixin.py:188} INFO - [2024-07-18T19:03:44.620+0200] {dag.py:3089} INFO - Sync 1 DAGs
[2024-07-18T19:03:44.631+0200] {logging_mixin.py:188} INFO - [2024-07-18T19:03:44.631+0200] {dag.py:3947} INFO - Setting next_dagrun for example_short_circuit_decorator to 2024-07-17 00:00:00+00:00, run_after=2024-07-18 00:00:00+00:00
[2024-07-18T19:03:44.646+0200] {processor.py:183} INFO - Processing /home/richonlinux/Documents/GitHub/AirflowTuto/venv/lib/python3.10/site-packages/airflow/example_dags/example_short_circuit_decorator.py took 0.047 seconds
[2024-07-18T19:04:42.533+0200] {processor.py:161} INFO - Started process (PID=282873) to work on /home/richonlinux/Documents/GitHub/AirflowTuto/venv/lib/python3.10/site-packages/airflow/example_dags/example_short_circuit_decorator.py
[2024-07-18T19:04:42.537+0200] {processor.py:830} INFO - Processing file /home/richonlinux/Documents/GitHub/AirflowTuto/venv/lib/python3.10/site-packages/airflow/example_dags/example_short_circuit_decorator.py for tasks to queue
[2024-07-18T19:04:42.538+0200] {logging_mixin.py:188} INFO - [2024-07-18T19:04:42.538+0200] {dagbag.py:545} INFO - Filling up the DagBag from /home/richonlinux/Documents/GitHub/AirflowTuto/venv/lib/python3.10/site-packages/airflow/example_dags/example_short_circuit_decorator.py
[2024-07-18T19:04:42.545+0200] {processor.py:840} INFO - DAG(s) 'example_short_circuit_decorator' retrieved from /home/richonlinux/Documents/GitHub/AirflowTuto/venv/lib/python3.10/site-packages/airflow/example_dags/example_short_circuit_decorator.py
[2024-07-18T19:04:42.554+0200] {logging_mixin.py:188} INFO - [2024-07-18T19:04:42.554+0200] {dag.py:3089} INFO - Sync 1 DAGs
[2024-07-18T19:04:42.564+0200] {logging_mixin.py:188} INFO - [2024-07-18T19:04:42.564+0200] {dag.py:3947} INFO - Setting next_dagrun for example_short_circuit_decorator to 2024-07-17 00:00:00+00:00, run_after=2024-07-18 00:00:00+00:00
[2024-07-18T19:04:42.576+0200] {processor.py:183} INFO - Processing /home/richonlinux/Documents/GitHub/AirflowTuto/venv/lib/python3.10/site-packages/airflow/example_dags/example_short_circuit_decorator.py took 0.049 seconds
[2024-07-18T19:05:40.812+0200] {processor.py:161} INFO - Started process (PID=283913) to work on /home/richonlinux/Documents/GitHub/AirflowTuto/venv/lib/python3.10/site-packages/airflow/example_dags/example_short_circuit_decorator.py
[2024-07-18T19:05:40.813+0200] {processor.py:830} INFO - Processing file /home/richonlinux/Documents/GitHub/AirflowTuto/venv/lib/python3.10/site-packages/airflow/example_dags/example_short_circuit_decorator.py for tasks to queue
[2024-07-18T19:05:40.814+0200] {logging_mixin.py:188} INFO - [2024-07-18T19:05:40.814+0200] {dagbag.py:545} INFO - Filling up the DagBag from /home/richonlinux/Documents/GitHub/AirflowTuto/venv/lib/python3.10/site-packages/airflow/example_dags/example_short_circuit_decorator.py
[2024-07-18T19:05:40.821+0200] {processor.py:840} INFO - DAG(s) 'example_short_circuit_decorator' retrieved from /home/richonlinux/Documents/GitHub/AirflowTuto/venv/lib/python3.10/site-packages/airflow/example_dags/example_short_circuit_decorator.py
[2024-07-18T19:05:40.832+0200] {logging_mixin.py:188} INFO - [2024-07-18T19:05:40.832+0200] {dag.py:3089} INFO - Sync 1 DAGs
[2024-07-18T19:05:40.843+0200] {logging_mixin.py:188} INFO - [2024-07-18T19:05:40.843+0200] {dag.py:3947} INFO - Setting next_dagrun for example_short_circuit_decorator to 2024-07-17 00:00:00+00:00, run_after=2024-07-18 00:00:00+00:00
[2024-07-18T19:05:40.856+0200] {processor.py:183} INFO - Processing /home/richonlinux/Documents/GitHub/AirflowTuto/venv/lib/python3.10/site-packages/airflow/example_dags/example_short_circuit_decorator.py took 0.052 seconds
[2024-07-18T19:06:37.939+0200] {processor.py:161} INFO - Started process (PID=284933) to work on /home/richonlinux/Documents/GitHub/AirflowTuto/venv/lib/python3.10/site-packages/airflow/example_dags/example_short_circuit_decorator.py
[2024-07-18T19:06:37.940+0200] {processor.py:830} INFO - Processing file /home/richonlinux/Documents/GitHub/AirflowTuto/venv/lib/python3.10/site-packages/airflow/example_dags/example_short_circuit_decorator.py for tasks to queue
[2024-07-18T19:06:37.940+0200] {logging_mixin.py:188} INFO - [2024-07-18T19:06:37.940+0200] {dagbag.py:545} INFO - Filling up the DagBag from /home/richonlinux/Documents/GitHub/AirflowTuto/venv/lib/python3.10/site-packages/airflow/example_dags/example_short_circuit_decorator.py
[2024-07-18T19:06:37.945+0200] {processor.py:840} INFO - DAG(s) 'example_short_circuit_decorator' retrieved from /home/richonlinux/Documents/GitHub/AirflowTuto/venv/lib/python3.10/site-packages/airflow/example_dags/example_short_circuit_decorator.py
[2024-07-18T19:06:37.955+0200] {logging_mixin.py:188} INFO - [2024-07-18T19:06:37.955+0200] {dag.py:3089} INFO - Sync 1 DAGs
[2024-07-18T19:06:37.965+0200] {logging_mixin.py:188} INFO - [2024-07-18T19:06:37.964+0200] {dag.py:3947} INFO - Setting next_dagrun for example_short_circuit_decorator to 2024-07-17 00:00:00+00:00, run_after=2024-07-18 00:00:00+00:00
[2024-07-18T19:06:37.977+0200] {processor.py:183} INFO - Processing /home/richonlinux/Documents/GitHub/AirflowTuto/venv/lib/python3.10/site-packages/airflow/example_dags/example_short_circuit_decorator.py took 0.041 seconds
[2024-07-18T19:07:18.433+0200] {processor.py:161} INFO - Started process (PID=285605) to work on /home/richonlinux/Documents/GitHub/AirflowTuto/venv/lib/python3.10/site-packages/airflow/example_dags/example_short_circuit_decorator.py
[2024-07-18T19:07:18.434+0200] {processor.py:830} INFO - Processing file /home/richonlinux/Documents/GitHub/AirflowTuto/venv/lib/python3.10/site-packages/airflow/example_dags/example_short_circuit_decorator.py for tasks to queue
[2024-07-18T19:07:18.436+0200] {logging_mixin.py:188} INFO - [2024-07-18T19:07:18.436+0200] {dagbag.py:545} INFO - Filling up the DagBag from /home/richonlinux/Documents/GitHub/AirflowTuto/venv/lib/python3.10/site-packages/airflow/example_dags/example_short_circuit_decorator.py
[2024-07-18T19:07:18.443+0200] {processor.py:840} INFO - DAG(s) 'example_short_circuit_decorator' retrieved from /home/richonlinux/Documents/GitHub/AirflowTuto/venv/lib/python3.10/site-packages/airflow/example_dags/example_short_circuit_decorator.py
[2024-07-18T19:07:18.453+0200] {logging_mixin.py:188} INFO - [2024-07-18T19:07:18.453+0200] {dag.py:3089} INFO - Sync 1 DAGs
[2024-07-18T19:07:18.462+0200] {logging_mixin.py:188} INFO - [2024-07-18T19:07:18.462+0200] {dag.py:3947} INFO - Setting next_dagrun for example_short_circuit_decorator to 2024-07-17 00:00:00+00:00, run_after=2024-07-18 00:00:00+00:00
[2024-07-18T19:07:18.475+0200] {processor.py:183} INFO - Processing /home/richonlinux/Documents/GitHub/AirflowTuto/venv/lib/python3.10/site-packages/airflow/example_dags/example_short_circuit_decorator.py took 0.047 seconds
[2024-07-18T19:08:17.608+0200] {processor.py:161} INFO - Started process (PID=286571) to work on /home/richonlinux/Documents/GitHub/AirflowTuto/venv/lib/python3.10/site-packages/airflow/example_dags/example_short_circuit_decorator.py
[2024-07-18T19:08:17.610+0200] {processor.py:830} INFO - Processing file /home/richonlinux/Documents/GitHub/AirflowTuto/venv/lib/python3.10/site-packages/airflow/example_dags/example_short_circuit_decorator.py for tasks to queue
[2024-07-18T19:08:17.611+0200] {logging_mixin.py:188} INFO - [2024-07-18T19:08:17.611+0200] {dagbag.py:545} INFO - Filling up the DagBag from /home/richonlinux/Documents/GitHub/AirflowTuto/venv/lib/python3.10/site-packages/airflow/example_dags/example_short_circuit_decorator.py
[2024-07-18T19:08:17.618+0200] {processor.py:840} INFO - DAG(s) 'example_short_circuit_decorator' retrieved from /home/richonlinux/Documents/GitHub/AirflowTuto/venv/lib/python3.10/site-packages/airflow/example_dags/example_short_circuit_decorator.py
[2024-07-18T19:08:17.628+0200] {logging_mixin.py:188} INFO - [2024-07-18T19:08:17.628+0200] {dag.py:3089} INFO - Sync 1 DAGs
[2024-07-18T19:08:17.638+0200] {logging_mixin.py:188} INFO - [2024-07-18T19:08:17.637+0200] {dag.py:3947} INFO - Setting next_dagrun for example_short_circuit_decorator to 2024-07-17 00:00:00+00:00, run_after=2024-07-18 00:00:00+00:00
[2024-07-18T19:08:17.649+0200] {processor.py:183} INFO - Processing /home/richonlinux/Documents/GitHub/AirflowTuto/venv/lib/python3.10/site-packages/airflow/example_dags/example_short_circuit_decorator.py took 0.049 seconds
[2024-07-18T19:09:15.430+0200] {processor.py:161} INFO - Started process (PID=287476) to work on /home/richonlinux/Documents/GitHub/AirflowTuto/venv/lib/python3.10/site-packages/airflow/example_dags/example_short_circuit_decorator.py
[2024-07-18T19:09:15.431+0200] {processor.py:830} INFO - Processing file /home/richonlinux/Documents/GitHub/AirflowTuto/venv/lib/python3.10/site-packages/airflow/example_dags/example_short_circuit_decorator.py for tasks to queue
[2024-07-18T19:09:15.432+0200] {logging_mixin.py:188} INFO - [2024-07-18T19:09:15.432+0200] {dagbag.py:545} INFO - Filling up the DagBag from /home/richonlinux/Documents/GitHub/AirflowTuto/venv/lib/python3.10/site-packages/airflow/example_dags/example_short_circuit_decorator.py
[2024-07-18T19:09:15.437+0200] {processor.py:840} INFO - DAG(s) 'example_short_circuit_decorator' retrieved from /home/richonlinux/Documents/GitHub/AirflowTuto/venv/lib/python3.10/site-packages/airflow/example_dags/example_short_circuit_decorator.py
[2024-07-18T19:09:15.449+0200] {logging_mixin.py:188} INFO - [2024-07-18T19:09:15.449+0200] {dag.py:3089} INFO - Sync 1 DAGs
[2024-07-18T19:09:15.461+0200] {logging_mixin.py:188} INFO - [2024-07-18T19:09:15.461+0200] {dag.py:3947} INFO - Setting next_dagrun for example_short_circuit_decorator to 2024-07-17 00:00:00+00:00, run_after=2024-07-18 00:00:00+00:00
[2024-07-18T19:09:15.475+0200] {processor.py:183} INFO - Processing /home/richonlinux/Documents/GitHub/AirflowTuto/venv/lib/python3.10/site-packages/airflow/example_dags/example_short_circuit_decorator.py took 0.049 seconds
[2024-07-18T19:10:15.147+0200] {processor.py:161} INFO - Started process (PID=288425) to work on /home/richonlinux/Documents/GitHub/AirflowTuto/venv/lib/python3.10/site-packages/airflow/example_dags/example_short_circuit_decorator.py
[2024-07-18T19:10:15.151+0200] {processor.py:830} INFO - Processing file /home/richonlinux/Documents/GitHub/AirflowTuto/venv/lib/python3.10/site-packages/airflow/example_dags/example_short_circuit_decorator.py for tasks to queue
[2024-07-18T19:10:15.152+0200] {logging_mixin.py:188} INFO - [2024-07-18T19:10:15.152+0200] {dagbag.py:545} INFO - Filling up the DagBag from /home/richonlinux/Documents/GitHub/AirflowTuto/venv/lib/python3.10/site-packages/airflow/example_dags/example_short_circuit_decorator.py
[2024-07-18T19:10:15.157+0200] {processor.py:840} INFO - DAG(s) 'example_short_circuit_decorator' retrieved from /home/richonlinux/Documents/GitHub/AirflowTuto/venv/lib/python3.10/site-packages/airflow/example_dags/example_short_circuit_decorator.py
[2024-07-18T19:10:15.169+0200] {logging_mixin.py:188} INFO - [2024-07-18T19:10:15.169+0200] {dag.py:3089} INFO - Sync 1 DAGs
[2024-07-18T19:10:15.180+0200] {logging_mixin.py:188} INFO - [2024-07-18T19:10:15.180+0200] {dag.py:3947} INFO - Setting next_dagrun for example_short_circuit_decorator to 2024-07-17 00:00:00+00:00, run_after=2024-07-18 00:00:00+00:00
[2024-07-18T19:10:15.193+0200] {processor.py:183} INFO - Processing /home/richonlinux/Documents/GitHub/AirflowTuto/venv/lib/python3.10/site-packages/airflow/example_dags/example_short_circuit_decorator.py took 0.050 seconds
[2024-07-18T19:11:07.666+0200] {processor.py:161} INFO - Started process (PID=289295) to work on /home/richonlinux/Documents/GitHub/AirflowTuto/venv/lib/python3.10/site-packages/airflow/example_dags/example_short_circuit_decorator.py
[2024-07-18T19:11:07.670+0200] {processor.py:830} INFO - Processing file /home/richonlinux/Documents/GitHub/AirflowTuto/venv/lib/python3.10/site-packages/airflow/example_dags/example_short_circuit_decorator.py for tasks to queue
[2024-07-18T19:11:07.672+0200] {logging_mixin.py:188} INFO - [2024-07-18T19:11:07.671+0200] {dagbag.py:545} INFO - Filling up the DagBag from /home/richonlinux/Documents/GitHub/AirflowTuto/venv/lib/python3.10/site-packages/airflow/example_dags/example_short_circuit_decorator.py
[2024-07-18T19:11:07.678+0200] {processor.py:840} INFO - DAG(s) 'example_short_circuit_decorator' retrieved from /home/richonlinux/Documents/GitHub/AirflowTuto/venv/lib/python3.10/site-packages/airflow/example_dags/example_short_circuit_decorator.py
[2024-07-18T19:11:07.689+0200] {logging_mixin.py:188} INFO - [2024-07-18T19:11:07.689+0200] {dag.py:3089} INFO - Sync 1 DAGs
[2024-07-18T19:11:07.701+0200] {logging_mixin.py:188} INFO - [2024-07-18T19:11:07.701+0200] {dag.py:3947} INFO - Setting next_dagrun for example_short_circuit_decorator to 2024-07-17 00:00:00+00:00, run_after=2024-07-18 00:00:00+00:00
[2024-07-18T19:11:07.713+0200] {processor.py:183} INFO - Processing /home/richonlinux/Documents/GitHub/AirflowTuto/venv/lib/python3.10/site-packages/airflow/example_dags/example_short_circuit_decorator.py took 0.056 seconds
[2024-07-18T19:12:04.234+0200] {processor.py:161} INFO - Started process (PID=290292) to work on /home/richonlinux/Documents/GitHub/AirflowTuto/venv/lib/python3.10/site-packages/airflow/example_dags/example_short_circuit_decorator.py
[2024-07-18T19:12:04.235+0200] {processor.py:830} INFO - Processing file /home/richonlinux/Documents/GitHub/AirflowTuto/venv/lib/python3.10/site-packages/airflow/example_dags/example_short_circuit_decorator.py for tasks to queue
[2024-07-18T19:12:04.236+0200] {logging_mixin.py:188} INFO - [2024-07-18T19:12:04.236+0200] {dagbag.py:545} INFO - Filling up the DagBag from /home/richonlinux/Documents/GitHub/AirflowTuto/venv/lib/python3.10/site-packages/airflow/example_dags/example_short_circuit_decorator.py
[2024-07-18T19:12:04.244+0200] {processor.py:840} INFO - DAG(s) 'example_short_circuit_decorator' retrieved from /home/richonlinux/Documents/GitHub/AirflowTuto/venv/lib/python3.10/site-packages/airflow/example_dags/example_short_circuit_decorator.py
[2024-07-18T19:12:04.256+0200] {logging_mixin.py:188} INFO - [2024-07-18T19:12:04.256+0200] {dag.py:3089} INFO - Sync 1 DAGs
[2024-07-18T19:12:04.268+0200] {logging_mixin.py:188} INFO - [2024-07-18T19:12:04.268+0200] {dag.py:3947} INFO - Setting next_dagrun for example_short_circuit_decorator to 2024-07-17 00:00:00+00:00, run_after=2024-07-18 00:00:00+00:00
[2024-07-18T19:12:04.288+0200] {processor.py:183} INFO - Processing /home/richonlinux/Documents/GitHub/AirflowTuto/venv/lib/python3.10/site-packages/airflow/example_dags/example_short_circuit_decorator.py took 0.058 seconds
[2024-07-18T19:13:01.537+0200] {processor.py:161} INFO - Started process (PID=291199) to work on /home/richonlinux/Documents/GitHub/AirflowTuto/venv/lib/python3.10/site-packages/airflow/example_dags/example_short_circuit_decorator.py
[2024-07-18T19:13:01.538+0200] {processor.py:830} INFO - Processing file /home/richonlinux/Documents/GitHub/AirflowTuto/venv/lib/python3.10/site-packages/airflow/example_dags/example_short_circuit_decorator.py for tasks to queue
[2024-07-18T19:13:01.539+0200] {logging_mixin.py:188} INFO - [2024-07-18T19:13:01.539+0200] {dagbag.py:545} INFO - Filling up the DagBag from /home/richonlinux/Documents/GitHub/AirflowTuto/venv/lib/python3.10/site-packages/airflow/example_dags/example_short_circuit_decorator.py
[2024-07-18T19:13:01.544+0200] {processor.py:840} INFO - DAG(s) 'example_short_circuit_decorator' retrieved from /home/richonlinux/Documents/GitHub/AirflowTuto/venv/lib/python3.10/site-packages/airflow/example_dags/example_short_circuit_decorator.py
[2024-07-18T19:13:01.555+0200] {logging_mixin.py:188} INFO - [2024-07-18T19:13:01.555+0200] {dag.py:3089} INFO - Sync 1 DAGs
[2024-07-18T19:13:01.567+0200] {logging_mixin.py:188} INFO - [2024-07-18T19:13:01.567+0200] {dag.py:3947} INFO - Setting next_dagrun for example_short_circuit_decorator to 2024-07-17 00:00:00+00:00, run_after=2024-07-18 00:00:00+00:00
[2024-07-18T19:13:01.580+0200] {processor.py:183} INFO - Processing /home/richonlinux/Documents/GitHub/AirflowTuto/venv/lib/python3.10/site-packages/airflow/example_dags/example_short_circuit_decorator.py took 0.046 seconds
[2024-07-18T19:13:41.530+0200] {processor.py:161} INFO - Started process (PID=291877) to work on /home/richonlinux/Documents/GitHub/AirflowTuto/venv/lib/python3.10/site-packages/airflow/example_dags/example_short_circuit_decorator.py
[2024-07-18T19:13:41.531+0200] {processor.py:830} INFO - Processing file /home/richonlinux/Documents/GitHub/AirflowTuto/venv/lib/python3.10/site-packages/airflow/example_dags/example_short_circuit_decorator.py for tasks to queue
[2024-07-18T19:13:41.532+0200] {logging_mixin.py:188} INFO - [2024-07-18T19:13:41.531+0200] {dagbag.py:545} INFO - Filling up the DagBag from /home/richonlinux/Documents/GitHub/AirflowTuto/venv/lib/python3.10/site-packages/airflow/example_dags/example_short_circuit_decorator.py
[2024-07-18T19:13:41.537+0200] {processor.py:840} INFO - DAG(s) 'example_short_circuit_decorator' retrieved from /home/richonlinux/Documents/GitHub/AirflowTuto/venv/lib/python3.10/site-packages/airflow/example_dags/example_short_circuit_decorator.py
[2024-07-18T19:13:41.547+0200] {logging_mixin.py:188} INFO - [2024-07-18T19:13:41.547+0200] {dag.py:3089} INFO - Sync 1 DAGs
[2024-07-18T19:13:41.559+0200] {logging_mixin.py:188} INFO - [2024-07-18T19:13:41.559+0200] {dag.py:3947} INFO - Setting next_dagrun for example_short_circuit_decorator to 2024-07-17 00:00:00+00:00, run_after=2024-07-18 00:00:00+00:00
[2024-07-18T19:13:41.573+0200] {processor.py:183} INFO - Processing /home/richonlinux/Documents/GitHub/AirflowTuto/venv/lib/python3.10/site-packages/airflow/example_dags/example_short_circuit_decorator.py took 0.046 seconds
[2024-07-18T19:14:41.550+0200] {processor.py:161} INFO - Started process (PID=292822) to work on /home/richonlinux/Documents/GitHub/AirflowTuto/venv/lib/python3.10/site-packages/airflow/example_dags/example_short_circuit_decorator.py
[2024-07-18T19:14:41.551+0200] {processor.py:830} INFO - Processing file /home/richonlinux/Documents/GitHub/AirflowTuto/venv/lib/python3.10/site-packages/airflow/example_dags/example_short_circuit_decorator.py for tasks to queue
[2024-07-18T19:14:41.552+0200] {logging_mixin.py:188} INFO - [2024-07-18T19:14:41.552+0200] {dagbag.py:545} INFO - Filling up the DagBag from /home/richonlinux/Documents/GitHub/AirflowTuto/venv/lib/python3.10/site-packages/airflow/example_dags/example_short_circuit_decorator.py
[2024-07-18T19:14:41.558+0200] {processor.py:840} INFO - DAG(s) 'example_short_circuit_decorator' retrieved from /home/richonlinux/Documents/GitHub/AirflowTuto/venv/lib/python3.10/site-packages/airflow/example_dags/example_short_circuit_decorator.py
[2024-07-18T19:14:41.569+0200] {logging_mixin.py:188} INFO - [2024-07-18T19:14:41.568+0200] {dag.py:3089} INFO - Sync 1 DAGs
[2024-07-18T19:14:41.580+0200] {logging_mixin.py:188} INFO - [2024-07-18T19:14:41.579+0200] {dag.py:3947} INFO - Setting next_dagrun for example_short_circuit_decorator to 2024-07-17 00:00:00+00:00, run_after=2024-07-18 00:00:00+00:00
[2024-07-18T19:14:41.594+0200] {processor.py:183} INFO - Processing /home/richonlinux/Documents/GitHub/AirflowTuto/venv/lib/python3.10/site-packages/airflow/example_dags/example_short_circuit_decorator.py took 0.048 seconds
[2024-07-18T19:15:42.080+0200] {processor.py:161} INFO - Started process (PID=293780) to work on /home/richonlinux/Documents/GitHub/AirflowTuto/venv/lib/python3.10/site-packages/airflow/example_dags/example_short_circuit_decorator.py
[2024-07-18T19:15:42.081+0200] {processor.py:830} INFO - Processing file /home/richonlinux/Documents/GitHub/AirflowTuto/venv/lib/python3.10/site-packages/airflow/example_dags/example_short_circuit_decorator.py for tasks to queue
[2024-07-18T19:15:42.083+0200] {logging_mixin.py:188} INFO - [2024-07-18T19:15:42.082+0200] {dagbag.py:545} INFO - Filling up the DagBag from /home/richonlinux/Documents/GitHub/AirflowTuto/venv/lib/python3.10/site-packages/airflow/example_dags/example_short_circuit_decorator.py
[2024-07-18T19:15:42.088+0200] {processor.py:840} INFO - DAG(s) 'example_short_circuit_decorator' retrieved from /home/richonlinux/Documents/GitHub/AirflowTuto/venv/lib/python3.10/site-packages/airflow/example_dags/example_short_circuit_decorator.py
[2024-07-18T19:15:42.099+0200] {logging_mixin.py:188} INFO - [2024-07-18T19:15:42.099+0200] {dag.py:3089} INFO - Sync 1 DAGs
[2024-07-18T19:15:42.110+0200] {logging_mixin.py:188} INFO - [2024-07-18T19:15:42.110+0200] {dag.py:3947} INFO - Setting next_dagrun for example_short_circuit_decorator to 2024-07-17 00:00:00+00:00, run_after=2024-07-18 00:00:00+00:00
[2024-07-18T19:15:42.123+0200] {processor.py:183} INFO - Processing /home/richonlinux/Documents/GitHub/AirflowTuto/venv/lib/python3.10/site-packages/airflow/example_dags/example_short_circuit_decorator.py took 0.047 seconds
[2024-07-18T19:16:36.689+0200] {processor.py:161} INFO - Started process (PID=294692) to work on /home/richonlinux/Documents/GitHub/AirflowTuto/venv/lib/python3.10/site-packages/airflow/example_dags/example_short_circuit_decorator.py
[2024-07-18T19:16:36.689+0200] {processor.py:830} INFO - Processing file /home/richonlinux/Documents/GitHub/AirflowTuto/venv/lib/python3.10/site-packages/airflow/example_dags/example_short_circuit_decorator.py for tasks to queue
[2024-07-18T19:16:36.690+0200] {logging_mixin.py:188} INFO - [2024-07-18T19:16:36.690+0200] {dagbag.py:545} INFO - Filling up the DagBag from /home/richonlinux/Documents/GitHub/AirflowTuto/venv/lib/python3.10/site-packages/airflow/example_dags/example_short_circuit_decorator.py
[2024-07-18T19:16:36.696+0200] {processor.py:840} INFO - DAG(s) 'example_short_circuit_decorator' retrieved from /home/richonlinux/Documents/GitHub/AirflowTuto/venv/lib/python3.10/site-packages/airflow/example_dags/example_short_circuit_decorator.py
[2024-07-18T19:16:36.707+0200] {logging_mixin.py:188} INFO - [2024-07-18T19:16:36.707+0200] {dag.py:3089} INFO - Sync 1 DAGs
[2024-07-18T19:16:36.719+0200] {logging_mixin.py:188} INFO - [2024-07-18T19:16:36.719+0200] {dag.py:3947} INFO - Setting next_dagrun for example_short_circuit_decorator to 2024-07-17 00:00:00+00:00, run_after=2024-07-18 00:00:00+00:00
[2024-07-18T19:16:36.732+0200] {processor.py:183} INFO - Processing /home/richonlinux/Documents/GitHub/AirflowTuto/venv/lib/python3.10/site-packages/airflow/example_dags/example_short_circuit_decorator.py took 0.046 seconds
[2024-07-18T19:17:33.354+0200] {processor.py:161} INFO - Started process (PID=295613) to work on /home/richonlinux/Documents/GitHub/AirflowTuto/venv/lib/python3.10/site-packages/airflow/example_dags/example_short_circuit_decorator.py
[2024-07-18T19:17:33.357+0200] {processor.py:830} INFO - Processing file /home/richonlinux/Documents/GitHub/AirflowTuto/venv/lib/python3.10/site-packages/airflow/example_dags/example_short_circuit_decorator.py for tasks to queue
[2024-07-18T19:17:33.358+0200] {logging_mixin.py:188} INFO - [2024-07-18T19:17:33.358+0200] {dagbag.py:545} INFO - Filling up the DagBag from /home/richonlinux/Documents/GitHub/AirflowTuto/venv/lib/python3.10/site-packages/airflow/example_dags/example_short_circuit_decorator.py
[2024-07-18T19:17:33.363+0200] {processor.py:840} INFO - DAG(s) 'example_short_circuit_decorator' retrieved from /home/richonlinux/Documents/GitHub/AirflowTuto/venv/lib/python3.10/site-packages/airflow/example_dags/example_short_circuit_decorator.py
[2024-07-18T19:17:33.373+0200] {logging_mixin.py:188} INFO - [2024-07-18T19:17:33.373+0200] {dag.py:3089} INFO - Sync 1 DAGs
[2024-07-18T19:17:33.383+0200] {logging_mixin.py:188} INFO - [2024-07-18T19:17:33.383+0200] {dag.py:3947} INFO - Setting next_dagrun for example_short_circuit_decorator to 2024-07-17 00:00:00+00:00, run_after=2024-07-18 00:00:00+00:00
[2024-07-18T19:17:33.395+0200] {processor.py:183} INFO - Processing /home/richonlinux/Documents/GitHub/AirflowTuto/venv/lib/python3.10/site-packages/airflow/example_dags/example_short_circuit_decorator.py took 0.045 seconds
[2024-07-18T19:18:16.775+0200] {processor.py:161} INFO - Started process (PID=296296) to work on /home/richonlinux/Documents/GitHub/AirflowTuto/venv/lib/python3.10/site-packages/airflow/example_dags/example_short_circuit_decorator.py
[2024-07-18T19:18:16.776+0200] {processor.py:830} INFO - Processing file /home/richonlinux/Documents/GitHub/AirflowTuto/venv/lib/python3.10/site-packages/airflow/example_dags/example_short_circuit_decorator.py for tasks to queue
[2024-07-18T19:18:16.777+0200] {logging_mixin.py:188} INFO - [2024-07-18T19:18:16.776+0200] {dagbag.py:545} INFO - Filling up the DagBag from /home/richonlinux/Documents/GitHub/AirflowTuto/venv/lib/python3.10/site-packages/airflow/example_dags/example_short_circuit_decorator.py
[2024-07-18T19:18:16.782+0200] {processor.py:840} INFO - DAG(s) 'example_short_circuit_decorator' retrieved from /home/richonlinux/Documents/GitHub/AirflowTuto/venv/lib/python3.10/site-packages/airflow/example_dags/example_short_circuit_decorator.py
[2024-07-18T19:18:16.793+0200] {logging_mixin.py:188} INFO - [2024-07-18T19:18:16.793+0200] {dag.py:3089} INFO - Sync 1 DAGs
[2024-07-18T19:18:16.805+0200] {logging_mixin.py:188} INFO - [2024-07-18T19:18:16.805+0200] {dag.py:3947} INFO - Setting next_dagrun for example_short_circuit_decorator to 2024-07-17 00:00:00+00:00, run_after=2024-07-18 00:00:00+00:00
[2024-07-18T19:18:16.818+0200] {processor.py:183} INFO - Processing /home/richonlinux/Documents/GitHub/AirflowTuto/venv/lib/python3.10/site-packages/airflow/example_dags/example_short_circuit_decorator.py took 0.047 seconds
[2024-07-18T19:19:13.880+0200] {processor.py:161} INFO - Started process (PID=297238) to work on /home/richonlinux/Documents/GitHub/AirflowTuto/venv/lib/python3.10/site-packages/airflow/example_dags/example_short_circuit_decorator.py
[2024-07-18T19:19:13.881+0200] {processor.py:830} INFO - Processing file /home/richonlinux/Documents/GitHub/AirflowTuto/venv/lib/python3.10/site-packages/airflow/example_dags/example_short_circuit_decorator.py for tasks to queue
[2024-07-18T19:19:13.882+0200] {logging_mixin.py:188} INFO - [2024-07-18T19:19:13.882+0200] {dagbag.py:545} INFO - Filling up the DagBag from /home/richonlinux/Documents/GitHub/AirflowTuto/venv/lib/python3.10/site-packages/airflow/example_dags/example_short_circuit_decorator.py
[2024-07-18T19:19:13.889+0200] {processor.py:840} INFO - DAG(s) 'example_short_circuit_decorator' retrieved from /home/richonlinux/Documents/GitHub/AirflowTuto/venv/lib/python3.10/site-packages/airflow/example_dags/example_short_circuit_decorator.py
[2024-07-18T19:19:13.901+0200] {logging_mixin.py:188} INFO - [2024-07-18T19:19:13.900+0200] {dag.py:3089} INFO - Sync 1 DAGs
[2024-07-18T19:19:13.913+0200] {logging_mixin.py:188} INFO - [2024-07-18T19:19:13.913+0200] {dag.py:3947} INFO - Setting next_dagrun for example_short_circuit_decorator to 2024-07-17 00:00:00+00:00, run_after=2024-07-18 00:00:00+00:00
[2024-07-18T19:19:13.928+0200] {processor.py:183} INFO - Processing /home/richonlinux/Documents/GitHub/AirflowTuto/venv/lib/python3.10/site-packages/airflow/example_dags/example_short_circuit_decorator.py took 0.052 seconds
[2024-07-18T19:20:12.638+0200] {processor.py:161} INFO - Started process (PID=298181) to work on /home/richonlinux/Documents/GitHub/AirflowTuto/venv/lib/python3.10/site-packages/airflow/example_dags/example_short_circuit_decorator.py
[2024-07-18T19:20:12.642+0200] {processor.py:830} INFO - Processing file /home/richonlinux/Documents/GitHub/AirflowTuto/venv/lib/python3.10/site-packages/airflow/example_dags/example_short_circuit_decorator.py for tasks to queue
[2024-07-18T19:20:12.644+0200] {logging_mixin.py:188} INFO - [2024-07-18T19:20:12.643+0200] {dagbag.py:545} INFO - Filling up the DagBag from /home/richonlinux/Documents/GitHub/AirflowTuto/venv/lib/python3.10/site-packages/airflow/example_dags/example_short_circuit_decorator.py
[2024-07-18T19:20:12.650+0200] {processor.py:840} INFO - DAG(s) 'example_short_circuit_decorator' retrieved from /home/richonlinux/Documents/GitHub/AirflowTuto/venv/lib/python3.10/site-packages/airflow/example_dags/example_short_circuit_decorator.py
[2024-07-18T19:20:12.661+0200] {logging_mixin.py:188} INFO - [2024-07-18T19:20:12.661+0200] {dag.py:3089} INFO - Sync 1 DAGs
[2024-07-18T19:20:12.675+0200] {logging_mixin.py:188} INFO - [2024-07-18T19:20:12.675+0200] {dag.py:3947} INFO - Setting next_dagrun for example_short_circuit_decorator to 2024-07-17 00:00:00+00:00, run_after=2024-07-18 00:00:00+00:00
[2024-07-18T19:20:12.690+0200] {processor.py:183} INFO - Processing /home/richonlinux/Documents/GitHub/AirflowTuto/venv/lib/python3.10/site-packages/airflow/example_dags/example_short_circuit_decorator.py took 0.058 seconds
[2024-07-18T19:20:55.473+0200] {processor.py:161} INFO - Started process (PID=298899) to work on /home/richonlinux/Documents/GitHub/AirflowTuto/venv/lib/python3.10/site-packages/airflow/example_dags/example_short_circuit_decorator.py
[2024-07-18T19:20:55.474+0200] {processor.py:830} INFO - Processing file /home/richonlinux/Documents/GitHub/AirflowTuto/venv/lib/python3.10/site-packages/airflow/example_dags/example_short_circuit_decorator.py for tasks to queue
[2024-07-18T19:20:55.475+0200] {logging_mixin.py:188} INFO - [2024-07-18T19:20:55.474+0200] {dagbag.py:545} INFO - Filling up the DagBag from /home/richonlinux/Documents/GitHub/AirflowTuto/venv/lib/python3.10/site-packages/airflow/example_dags/example_short_circuit_decorator.py
[2024-07-18T19:20:55.480+0200] {processor.py:840} INFO - DAG(s) 'example_short_circuit_decorator' retrieved from /home/richonlinux/Documents/GitHub/AirflowTuto/venv/lib/python3.10/site-packages/airflow/example_dags/example_short_circuit_decorator.py
[2024-07-18T19:20:55.490+0200] {logging_mixin.py:188} INFO - [2024-07-18T19:20:55.490+0200] {dag.py:3089} INFO - Sync 1 DAGs
[2024-07-18T19:20:55.500+0200] {logging_mixin.py:188} INFO - [2024-07-18T19:20:55.500+0200] {dag.py:3947} INFO - Setting next_dagrun for example_short_circuit_decorator to 2024-07-17 00:00:00+00:00, run_after=2024-07-18 00:00:00+00:00
[2024-07-18T19:20:55.513+0200] {processor.py:183} INFO - Processing /home/richonlinux/Documents/GitHub/AirflowTuto/venv/lib/python3.10/site-packages/airflow/example_dags/example_short_circuit_decorator.py took 0.044 seconds
[2024-07-18T19:21:55.677+0200] {processor.py:161} INFO - Started process (PID=299950) to work on /home/richonlinux/Documents/GitHub/AirflowTuto/venv/lib/python3.10/site-packages/airflow/example_dags/example_short_circuit_decorator.py
[2024-07-18T19:21:55.677+0200] {processor.py:830} INFO - Processing file /home/richonlinux/Documents/GitHub/AirflowTuto/venv/lib/python3.10/site-packages/airflow/example_dags/example_short_circuit_decorator.py for tasks to queue
[2024-07-18T19:21:55.679+0200] {logging_mixin.py:188} INFO - [2024-07-18T19:21:55.678+0200] {dagbag.py:545} INFO - Filling up the DagBag from /home/richonlinux/Documents/GitHub/AirflowTuto/venv/lib/python3.10/site-packages/airflow/example_dags/example_short_circuit_decorator.py
[2024-07-18T19:21:55.684+0200] {processor.py:840} INFO - DAG(s) 'example_short_circuit_decorator' retrieved from /home/richonlinux/Documents/GitHub/AirflowTuto/venv/lib/python3.10/site-packages/airflow/example_dags/example_short_circuit_decorator.py
[2024-07-18T19:21:55.696+0200] {logging_mixin.py:188} INFO - [2024-07-18T19:21:55.696+0200] {dag.py:3089} INFO - Sync 1 DAGs
[2024-07-18T19:21:55.707+0200] {logging_mixin.py:188} INFO - [2024-07-18T19:21:55.707+0200] {dag.py:3947} INFO - Setting next_dagrun for example_short_circuit_decorator to 2024-07-17 00:00:00+00:00, run_after=2024-07-18 00:00:00+00:00
[2024-07-18T19:21:55.721+0200] {processor.py:183} INFO - Processing /home/richonlinux/Documents/GitHub/AirflowTuto/venv/lib/python3.10/site-packages/airflow/example_dags/example_short_circuit_decorator.py took 0.048 seconds
