[2024-07-18T18:16:14.711+0200] {processor.py:161} INFO - Started process (PID=257888) to work on /home/richonlinux/Documents/GitHub/AirflowTuto/venv/lib/python3.10/site-packages/airflow/example_dags/example_kubernetes_executor.py
[2024-07-18T18:16:14.712+0200] {processor.py:830} INFO - Processing file /home/richonlinux/Documents/GitHub/AirflowTuto/venv/lib/python3.10/site-packages/airflow/example_dags/example_kubernetes_executor.py for tasks to queue
[2024-07-18T18:16:14.714+0200] {logging_mixin.py:188} INFO - [2024-07-18T18:16:14.713+0200] {dagbag.py:545} INFO - Filling up the DagBag from /home/richonlinux/Documents/GitHub/AirflowTuto/venv/lib/python3.10/site-packages/airflow/example_dags/example_kubernetes_executor.py
[2024-07-18T18:16:14.717+0200] {logging_mixin.py:188} INFO - [2024-07-18T18:16:14.716+0200] {example_kubernetes_executor.py:39} WARNING - The example_kubernetes_executor example DAG requires the kubernetes provider. Please install it with: pip install apache-airflow[cncf.kubernetes]
[2024-07-18T18:16:14.717+0200] {processor.py:842} WARNING - No viable dags retrieved from /home/richonlinux/Documents/GitHub/AirflowTuto/venv/lib/python3.10/site-packages/airflow/example_dags/example_kubernetes_executor.py
[2024-07-18T18:16:14.723+0200] {processor.py:183} INFO - Processing /home/richonlinux/Documents/GitHub/AirflowTuto/venv/lib/python3.10/site-packages/airflow/example_dags/example_kubernetes_executor.py took 0.020 seconds
[2024-07-18T18:17:06.914+0200] {processor.py:161} INFO - Started process (PID=258765) to work on /home/richonlinux/Documents/GitHub/AirflowTuto/venv/lib/python3.10/site-packages/airflow/example_dags/example_kubernetes_executor.py
[2024-07-18T18:17:06.918+0200] {processor.py:830} INFO - Processing file /home/richonlinux/Documents/GitHub/AirflowTuto/venv/lib/python3.10/site-packages/airflow/example_dags/example_kubernetes_executor.py for tasks to queue
[2024-07-18T18:17:06.920+0200] {logging_mixin.py:188} INFO - [2024-07-18T18:17:06.919+0200] {dagbag.py:545} INFO - Filling up the DagBag from /home/richonlinux/Documents/GitHub/AirflowTuto/venv/lib/python3.10/site-packages/airflow/example_dags/example_kubernetes_executor.py
[2024-07-18T18:17:06.923+0200] {logging_mixin.py:188} INFO - [2024-07-18T18:17:06.923+0200] {example_kubernetes_executor.py:39} WARNING - The example_kubernetes_executor example DAG requires the kubernetes provider. Please install it with: pip install apache-airflow[cncf.kubernetes]
[2024-07-18T18:17:06.923+0200] {processor.py:842} WARNING - No viable dags retrieved from /home/richonlinux/Documents/GitHub/AirflowTuto/venv/lib/python3.10/site-packages/airflow/example_dags/example_kubernetes_executor.py
[2024-07-18T18:17:06.930+0200] {processor.py:183} INFO - Processing /home/richonlinux/Documents/GitHub/AirflowTuto/venv/lib/python3.10/site-packages/airflow/example_dags/example_kubernetes_executor.py took 0.025 seconds
[2024-07-18T18:43:56.143+0200] {processor.py:161} INFO - Started process (PID=259857) to work on /home/richonlinux/Documents/GitHub/AirflowTuto/venv/lib/python3.10/site-packages/airflow/example_dags/example_kubernetes_executor.py
[2024-07-18T18:43:56.145+0200] {processor.py:830} INFO - Processing file /home/richonlinux/Documents/GitHub/AirflowTuto/venv/lib/python3.10/site-packages/airflow/example_dags/example_kubernetes_executor.py for tasks to queue
[2024-07-18T18:43:56.147+0200] {logging_mixin.py:188} INFO - [2024-07-18T18:43:56.146+0200] {dagbag.py:545} INFO - Filling up the DagBag from /home/richonlinux/Documents/GitHub/AirflowTuto/venv/lib/python3.10/site-packages/airflow/example_dags/example_kubernetes_executor.py
[2024-07-18T18:43:56.149+0200] {logging_mixin.py:188} INFO - [2024-07-18T18:43:56.149+0200] {example_kubernetes_executor.py:39} WARNING - The example_kubernetes_executor example DAG requires the kubernetes provider. Please install it with: pip install apache-airflow[cncf.kubernetes]
[2024-07-18T18:43:56.150+0200] {processor.py:842} WARNING - No viable dags retrieved from /home/richonlinux/Documents/GitHub/AirflowTuto/venv/lib/python3.10/site-packages/airflow/example_dags/example_kubernetes_executor.py
[2024-07-18T18:43:56.156+0200] {processor.py:183} INFO - Processing /home/richonlinux/Documents/GitHub/AirflowTuto/venv/lib/python3.10/site-packages/airflow/example_dags/example_kubernetes_executor.py took 0.021 seconds
[2024-07-18T18:44:44.706+0200] {processor.py:161} INFO - Started process (PID=260847) to work on /home/richonlinux/Documents/GitHub/AirflowTuto/venv/lib/python3.10/site-packages/airflow/example_dags/example_kubernetes_executor.py
[2024-07-18T18:44:44.711+0200] {processor.py:830} INFO - Processing file /home/richonlinux/Documents/GitHub/AirflowTuto/venv/lib/python3.10/site-packages/airflow/example_dags/example_kubernetes_executor.py for tasks to queue
[2024-07-18T18:44:44.713+0200] {logging_mixin.py:188} INFO - [2024-07-18T18:44:44.712+0200] {dagbag.py:545} INFO - Filling up the DagBag from /home/richonlinux/Documents/GitHub/AirflowTuto/venv/lib/python3.10/site-packages/airflow/example_dags/example_kubernetes_executor.py
[2024-07-18T18:44:44.716+0200] {logging_mixin.py:188} INFO - [2024-07-18T18:44:44.716+0200] {example_kubernetes_executor.py:39} WARNING - The example_kubernetes_executor example DAG requires the kubernetes provider. Please install it with: pip install apache-airflow[cncf.kubernetes]
[2024-07-18T18:44:44.717+0200] {processor.py:842} WARNING - No viable dags retrieved from /home/richonlinux/Documents/GitHub/AirflowTuto/venv/lib/python3.10/site-packages/airflow/example_dags/example_kubernetes_executor.py
[2024-07-18T18:44:44.724+0200] {processor.py:183} INFO - Processing /home/richonlinux/Documents/GitHub/AirflowTuto/venv/lib/python3.10/site-packages/airflow/example_dags/example_kubernetes_executor.py took 0.024 seconds
[2024-07-18T18:45:27.534+0200] {processor.py:161} INFO - Started process (PID=261653) to work on /home/richonlinux/Documents/GitHub/AirflowTuto/venv/lib/python3.10/site-packages/airflow/example_dags/example_kubernetes_executor.py
[2024-07-18T18:45:27.536+0200] {processor.py:830} INFO - Processing file /home/richonlinux/Documents/GitHub/AirflowTuto/venv/lib/python3.10/site-packages/airflow/example_dags/example_kubernetes_executor.py for tasks to queue
[2024-07-18T18:45:27.537+0200] {logging_mixin.py:188} INFO - [2024-07-18T18:45:27.537+0200] {dagbag.py:545} INFO - Filling up the DagBag from /home/richonlinux/Documents/GitHub/AirflowTuto/venv/lib/python3.10/site-packages/airflow/example_dags/example_kubernetes_executor.py
[2024-07-18T18:45:27.540+0200] {logging_mixin.py:188} INFO - [2024-07-18T18:45:27.540+0200] {example_kubernetes_executor.py:39} WARNING - The example_kubernetes_executor example DAG requires the kubernetes provider. Please install it with: pip install apache-airflow[cncf.kubernetes]
[2024-07-18T18:45:27.540+0200] {processor.py:842} WARNING - No viable dags retrieved from /home/richonlinux/Documents/GitHub/AirflowTuto/venv/lib/python3.10/site-packages/airflow/example_dags/example_kubernetes_executor.py
[2024-07-18T18:45:27.546+0200] {processor.py:183} INFO - Processing /home/richonlinux/Documents/GitHub/AirflowTuto/venv/lib/python3.10/site-packages/airflow/example_dags/example_kubernetes_executor.py took 0.019 seconds
[2024-07-18T18:46:05.163+0200] {processor.py:161} INFO - Started process (PID=262631) to work on /home/richonlinux/Documents/GitHub/AirflowTuto/venv/lib/python3.10/site-packages/airflow/example_dags/example_kubernetes_executor.py
[2024-07-18T18:46:05.167+0200] {processor.py:830} INFO - Processing file /home/richonlinux/Documents/GitHub/AirflowTuto/venv/lib/python3.10/site-packages/airflow/example_dags/example_kubernetes_executor.py for tasks to queue
[2024-07-18T18:46:05.168+0200] {logging_mixin.py:188} INFO - [2024-07-18T18:46:05.168+0200] {dagbag.py:545} INFO - Filling up the DagBag from /home/richonlinux/Documents/GitHub/AirflowTuto/venv/lib/python3.10/site-packages/airflow/example_dags/example_kubernetes_executor.py
[2024-07-18T18:46:05.170+0200] {logging_mixin.py:188} INFO - [2024-07-18T18:46:05.170+0200] {example_kubernetes_executor.py:39} WARNING - The example_kubernetes_executor example DAG requires the kubernetes provider. Please install it with: pip install apache-airflow[cncf.kubernetes]
[2024-07-18T18:46:05.170+0200] {processor.py:842} WARNING - No viable dags retrieved from /home/richonlinux/Documents/GitHub/AirflowTuto/venv/lib/python3.10/site-packages/airflow/example_dags/example_kubernetes_executor.py
[2024-07-18T18:46:05.177+0200] {processor.py:183} INFO - Processing /home/richonlinux/Documents/GitHub/AirflowTuto/venv/lib/python3.10/site-packages/airflow/example_dags/example_kubernetes_executor.py took 0.018 seconds
[2024-07-18T18:49:29.390+0200] {processor.py:161} INFO - Started process (PID=266086) to work on /home/richonlinux/Documents/GitHub/AirflowTuto/venv/lib/python3.10/site-packages/airflow/example_dags/example_kubernetes_executor.py
[2024-07-18T18:49:29.391+0200] {processor.py:830} INFO - Processing file /home/richonlinux/Documents/GitHub/AirflowTuto/venv/lib/python3.10/site-packages/airflow/example_dags/example_kubernetes_executor.py for tasks to queue
[2024-07-18T18:49:29.392+0200] {logging_mixin.py:188} INFO - [2024-07-18T18:49:29.392+0200] {dagbag.py:545} INFO - Filling up the DagBag from /home/richonlinux/Documents/GitHub/AirflowTuto/venv/lib/python3.10/site-packages/airflow/example_dags/example_kubernetes_executor.py
[2024-07-18T18:49:29.393+0200] {logging_mixin.py:188} INFO - [2024-07-18T18:49:29.393+0200] {example_kubernetes_executor.py:39} WARNING - The example_kubernetes_executor example DAG requires the kubernetes provider. Please install it with: pip install apache-airflow[cncf.kubernetes]
[2024-07-18T18:49:29.394+0200] {processor.py:842} WARNING - No viable dags retrieved from /home/richonlinux/Documents/GitHub/AirflowTuto/venv/lib/python3.10/site-packages/airflow/example_dags/example_kubernetes_executor.py
[2024-07-18T18:49:29.399+0200] {processor.py:183} INFO - Processing /home/richonlinux/Documents/GitHub/AirflowTuto/venv/lib/python3.10/site-packages/airflow/example_dags/example_kubernetes_executor.py took 0.013 seconds
[2024-07-18T18:51:22.769+0200] {processor.py:161} INFO - Started process (PID=268319) to work on /home/richonlinux/Documents/GitHub/AirflowTuto/venv/lib/python3.10/site-packages/airflow/example_dags/example_kubernetes_executor.py
[2024-07-18T18:51:22.773+0200] {processor.py:830} INFO - Processing file /home/richonlinux/Documents/GitHub/AirflowTuto/venv/lib/python3.10/site-packages/airflow/example_dags/example_kubernetes_executor.py for tasks to queue
[2024-07-18T18:51:22.775+0200] {logging_mixin.py:188} INFO - [2024-07-18T18:51:22.774+0200] {dagbag.py:545} INFO - Filling up the DagBag from /home/richonlinux/Documents/GitHub/AirflowTuto/venv/lib/python3.10/site-packages/airflow/example_dags/example_kubernetes_executor.py
[2024-07-18T18:51:22.778+0200] {logging_mixin.py:188} INFO - [2024-07-18T18:51:22.777+0200] {example_kubernetes_executor.py:39} WARNING - The example_kubernetes_executor example DAG requires the kubernetes provider. Please install it with: pip install apache-airflow[cncf.kubernetes]
[2024-07-18T18:51:22.778+0200] {processor.py:842} WARNING - No viable dags retrieved from /home/richonlinux/Documents/GitHub/AirflowTuto/venv/lib/python3.10/site-packages/airflow/example_dags/example_kubernetes_executor.py
[2024-07-18T18:51:22.784+0200] {processor.py:183} INFO - Processing /home/richonlinux/Documents/GitHub/AirflowTuto/venv/lib/python3.10/site-packages/airflow/example_dags/example_kubernetes_executor.py took 0.025 seconds
[2024-07-18T18:52:11.104+0200] {processor.py:161} INFO - Started process (PID=269061) to work on /home/richonlinux/Documents/GitHub/AirflowTuto/venv/lib/python3.10/site-packages/airflow/example_dags/example_kubernetes_executor.py
[2024-07-18T18:52:11.105+0200] {processor.py:830} INFO - Processing file /home/richonlinux/Documents/GitHub/AirflowTuto/venv/lib/python3.10/site-packages/airflow/example_dags/example_kubernetes_executor.py for tasks to queue
[2024-07-18T18:52:11.106+0200] {logging_mixin.py:188} INFO - [2024-07-18T18:52:11.106+0200] {dagbag.py:545} INFO - Filling up the DagBag from /home/richonlinux/Documents/GitHub/AirflowTuto/venv/lib/python3.10/site-packages/airflow/example_dags/example_kubernetes_executor.py
[2024-07-18T18:52:11.109+0200] {logging_mixin.py:188} INFO - [2024-07-18T18:52:11.109+0200] {example_kubernetes_executor.py:39} WARNING - The example_kubernetes_executor example DAG requires the kubernetes provider. Please install it with: pip install apache-airflow[cncf.kubernetes]
[2024-07-18T18:52:11.109+0200] {processor.py:842} WARNING - No viable dags retrieved from /home/richonlinux/Documents/GitHub/AirflowTuto/venv/lib/python3.10/site-packages/airflow/example_dags/example_kubernetes_executor.py
[2024-07-18T18:52:11.116+0200] {processor.py:183} INFO - Processing /home/richonlinux/Documents/GitHub/AirflowTuto/venv/lib/python3.10/site-packages/airflow/example_dags/example_kubernetes_executor.py took 0.017 seconds
[2024-07-18T18:52:54.739+0200] {processor.py:161} INFO - Started process (PID=270170) to work on /home/richonlinux/Documents/GitHub/AirflowTuto/venv/lib/python3.10/site-packages/airflow/example_dags/example_kubernetes_executor.py
[2024-07-18T18:52:54.740+0200] {processor.py:830} INFO - Processing file /home/richonlinux/Documents/GitHub/AirflowTuto/venv/lib/python3.10/site-packages/airflow/example_dags/example_kubernetes_executor.py for tasks to queue
[2024-07-18T18:52:54.742+0200] {logging_mixin.py:188} INFO - [2024-07-18T18:52:54.741+0200] {dagbag.py:545} INFO - Filling up the DagBag from /home/richonlinux/Documents/GitHub/AirflowTuto/venv/lib/python3.10/site-packages/airflow/example_dags/example_kubernetes_executor.py
[2024-07-18T18:52:54.744+0200] {logging_mixin.py:188} INFO - [2024-07-18T18:52:54.744+0200] {example_kubernetes_executor.py:39} WARNING - The example_kubernetes_executor example DAG requires the kubernetes provider. Please install it with: pip install apache-airflow[cncf.kubernetes]
[2024-07-18T18:52:54.744+0200] {processor.py:842} WARNING - No viable dags retrieved from /home/richonlinux/Documents/GitHub/AirflowTuto/venv/lib/python3.10/site-packages/airflow/example_dags/example_kubernetes_executor.py
[2024-07-18T18:52:54.750+0200] {processor.py:183} INFO - Processing /home/richonlinux/Documents/GitHub/AirflowTuto/venv/lib/python3.10/site-packages/airflow/example_dags/example_kubernetes_executor.py took 0.015 seconds
[2024-07-18T18:53:40.274+0200] {processor.py:161} INFO - Started process (PID=271480) to work on /home/richonlinux/Documents/GitHub/AirflowTuto/venv/lib/python3.10/site-packages/airflow/example_dags/example_kubernetes_executor.py
[2024-07-18T18:53:40.275+0200] {processor.py:830} INFO - Processing file /home/richonlinux/Documents/GitHub/AirflowTuto/venv/lib/python3.10/site-packages/airflow/example_dags/example_kubernetes_executor.py for tasks to queue
[2024-07-18T18:53:40.276+0200] {logging_mixin.py:188} INFO - [2024-07-18T18:53:40.276+0200] {dagbag.py:545} INFO - Filling up the DagBag from /home/richonlinux/Documents/GitHub/AirflowTuto/venv/lib/python3.10/site-packages/airflow/example_dags/example_kubernetes_executor.py
[2024-07-18T18:53:40.278+0200] {logging_mixin.py:188} INFO - [2024-07-18T18:53:40.278+0200] {example_kubernetes_executor.py:39} WARNING - The example_kubernetes_executor example DAG requires the kubernetes provider. Please install it with: pip install apache-airflow[cncf.kubernetes]
[2024-07-18T18:53:40.278+0200] {processor.py:842} WARNING - No viable dags retrieved from /home/richonlinux/Documents/GitHub/AirflowTuto/venv/lib/python3.10/site-packages/airflow/example_dags/example_kubernetes_executor.py
[2024-07-18T18:53:40.286+0200] {processor.py:183} INFO - Processing /home/richonlinux/Documents/GitHub/AirflowTuto/venv/lib/python3.10/site-packages/airflow/example_dags/example_kubernetes_executor.py took 0.016 seconds
[2024-07-18T18:54:25.156+0200] {processor.py:161} INFO - Started process (PID=272240) to work on /home/richonlinux/Documents/GitHub/AirflowTuto/venv/lib/python3.10/site-packages/airflow/example_dags/example_kubernetes_executor.py
[2024-07-18T18:54:25.157+0200] {processor.py:830} INFO - Processing file /home/richonlinux/Documents/GitHub/AirflowTuto/venv/lib/python3.10/site-packages/airflow/example_dags/example_kubernetes_executor.py for tasks to queue
[2024-07-18T18:54:25.158+0200] {logging_mixin.py:188} INFO - [2024-07-18T18:54:25.158+0200] {dagbag.py:545} INFO - Filling up the DagBag from /home/richonlinux/Documents/GitHub/AirflowTuto/venv/lib/python3.10/site-packages/airflow/example_dags/example_kubernetes_executor.py
[2024-07-18T18:54:25.161+0200] {logging_mixin.py:188} INFO - [2024-07-18T18:54:25.161+0200] {example_kubernetes_executor.py:39} WARNING - The example_kubernetes_executor example DAG requires the kubernetes provider. Please install it with: pip install apache-airflow[cncf.kubernetes]
[2024-07-18T18:54:25.161+0200] {processor.py:842} WARNING - No viable dags retrieved from /home/richonlinux/Documents/GitHub/AirflowTuto/venv/lib/python3.10/site-packages/airflow/example_dags/example_kubernetes_executor.py
[2024-07-18T18:54:25.168+0200] {processor.py:183} INFO - Processing /home/richonlinux/Documents/GitHub/AirflowTuto/venv/lib/python3.10/site-packages/airflow/example_dags/example_kubernetes_executor.py took 0.021 seconds
[2024-07-18T18:55:06.842+0200] {processor.py:161} INFO - Started process (PID=272846) to work on /home/richonlinux/Documents/GitHub/AirflowTuto/venv/lib/python3.10/site-packages/airflow/example_dags/example_kubernetes_executor.py
[2024-07-18T18:55:06.843+0200] {processor.py:830} INFO - Processing file /home/richonlinux/Documents/GitHub/AirflowTuto/venv/lib/python3.10/site-packages/airflow/example_dags/example_kubernetes_executor.py for tasks to queue
[2024-07-18T18:55:06.845+0200] {logging_mixin.py:188} INFO - [2024-07-18T18:55:06.845+0200] {dagbag.py:545} INFO - Filling up the DagBag from /home/richonlinux/Documents/GitHub/AirflowTuto/venv/lib/python3.10/site-packages/airflow/example_dags/example_kubernetes_executor.py
[2024-07-18T18:55:06.848+0200] {logging_mixin.py:188} INFO - [2024-07-18T18:55:06.848+0200] {example_kubernetes_executor.py:39} WARNING - The example_kubernetes_executor example DAG requires the kubernetes provider. Please install it with: pip install apache-airflow[cncf.kubernetes]
[2024-07-18T18:55:06.848+0200] {processor.py:842} WARNING - No viable dags retrieved from /home/richonlinux/Documents/GitHub/AirflowTuto/venv/lib/python3.10/site-packages/airflow/example_dags/example_kubernetes_executor.py
[2024-07-18T18:55:06.855+0200] {processor.py:183} INFO - Processing /home/richonlinux/Documents/GitHub/AirflowTuto/venv/lib/python3.10/site-packages/airflow/example_dags/example_kubernetes_executor.py took 0.021 seconds
[2024-07-18T18:55:56.670+0200] {processor.py:161} INFO - Started process (PID=273658) to work on /home/richonlinux/Documents/GitHub/AirflowTuto/venv/lib/python3.10/site-packages/airflow/example_dags/example_kubernetes_executor.py
[2024-07-18T18:55:56.671+0200] {processor.py:830} INFO - Processing file /home/richonlinux/Documents/GitHub/AirflowTuto/venv/lib/python3.10/site-packages/airflow/example_dags/example_kubernetes_executor.py for tasks to queue
[2024-07-18T18:55:56.672+0200] {logging_mixin.py:188} INFO - [2024-07-18T18:55:56.672+0200] {dagbag.py:545} INFO - Filling up the DagBag from /home/richonlinux/Documents/GitHub/AirflowTuto/venv/lib/python3.10/site-packages/airflow/example_dags/example_kubernetes_executor.py
[2024-07-18T18:55:56.674+0200] {logging_mixin.py:188} INFO - [2024-07-18T18:55:56.674+0200] {example_kubernetes_executor.py:39} WARNING - The example_kubernetes_executor example DAG requires the kubernetes provider. Please install it with: pip install apache-airflow[cncf.kubernetes]
[2024-07-18T18:55:56.674+0200] {processor.py:842} WARNING - No viable dags retrieved from /home/richonlinux/Documents/GitHub/AirflowTuto/venv/lib/python3.10/site-packages/airflow/example_dags/example_kubernetes_executor.py
[2024-07-18T18:55:56.681+0200] {processor.py:183} INFO - Processing /home/richonlinux/Documents/GitHub/AirflowTuto/venv/lib/python3.10/site-packages/airflow/example_dags/example_kubernetes_executor.py took 0.014 seconds
[2024-07-18T18:56:36.577+0200] {processor.py:161} INFO - Started process (PID=274410) to work on /home/richonlinux/Documents/GitHub/AirflowTuto/venv/lib/python3.10/site-packages/airflow/example_dags/example_kubernetes_executor.py
[2024-07-18T18:56:36.581+0200] {processor.py:830} INFO - Processing file /home/richonlinux/Documents/GitHub/AirflowTuto/venv/lib/python3.10/site-packages/airflow/example_dags/example_kubernetes_executor.py for tasks to queue
[2024-07-18T18:56:36.583+0200] {logging_mixin.py:188} INFO - [2024-07-18T18:56:36.582+0200] {dagbag.py:545} INFO - Filling up the DagBag from /home/richonlinux/Documents/GitHub/AirflowTuto/venv/lib/python3.10/site-packages/airflow/example_dags/example_kubernetes_executor.py
[2024-07-18T18:56:36.587+0200] {logging_mixin.py:188} INFO - [2024-07-18T18:56:36.587+0200] {example_kubernetes_executor.py:39} WARNING - The example_kubernetes_executor example DAG requires the kubernetes provider. Please install it with: pip install apache-airflow[cncf.kubernetes]
[2024-07-18T18:56:36.587+0200] {processor.py:842} WARNING - No viable dags retrieved from /home/richonlinux/Documents/GitHub/AirflowTuto/venv/lib/python3.10/site-packages/airflow/example_dags/example_kubernetes_executor.py
[2024-07-18T18:56:36.597+0200] {processor.py:183} INFO - Processing /home/richonlinux/Documents/GitHub/AirflowTuto/venv/lib/python3.10/site-packages/airflow/example_dags/example_kubernetes_executor.py took 0.023 seconds
[2024-07-18T18:57:14.600+0200] {processor.py:161} INFO - Started process (PID=275002) to work on /home/richonlinux/Documents/GitHub/AirflowTuto/venv/lib/python3.10/site-packages/airflow/example_dags/example_kubernetes_executor.py
[2024-07-18T18:57:14.601+0200] {processor.py:830} INFO - Processing file /home/richonlinux/Documents/GitHub/AirflowTuto/venv/lib/python3.10/site-packages/airflow/example_dags/example_kubernetes_executor.py for tasks to queue
[2024-07-18T18:57:14.602+0200] {logging_mixin.py:188} INFO - [2024-07-18T18:57:14.602+0200] {dagbag.py:545} INFO - Filling up the DagBag from /home/richonlinux/Documents/GitHub/AirflowTuto/venv/lib/python3.10/site-packages/airflow/example_dags/example_kubernetes_executor.py
[2024-07-18T18:57:14.604+0200] {logging_mixin.py:188} INFO - [2024-07-18T18:57:14.604+0200] {example_kubernetes_executor.py:39} WARNING - The example_kubernetes_executor example DAG requires the kubernetes provider. Please install it with: pip install apache-airflow[cncf.kubernetes]
[2024-07-18T18:57:14.604+0200] {processor.py:842} WARNING - No viable dags retrieved from /home/richonlinux/Documents/GitHub/AirflowTuto/venv/lib/python3.10/site-packages/airflow/example_dags/example_kubernetes_executor.py
[2024-07-18T18:57:14.614+0200] {processor.py:183} INFO - Processing /home/richonlinux/Documents/GitHub/AirflowTuto/venv/lib/python3.10/site-packages/airflow/example_dags/example_kubernetes_executor.py took 0.019 seconds
[2024-07-18T18:57:53.850+0200] {processor.py:161} INFO - Started process (PID=275649) to work on /home/richonlinux/Documents/GitHub/AirflowTuto/venv/lib/python3.10/site-packages/airflow/example_dags/example_kubernetes_executor.py
[2024-07-18T18:57:53.855+0200] {processor.py:830} INFO - Processing file /home/richonlinux/Documents/GitHub/AirflowTuto/venv/lib/python3.10/site-packages/airflow/example_dags/example_kubernetes_executor.py for tasks to queue
[2024-07-18T18:57:53.856+0200] {logging_mixin.py:188} INFO - [2024-07-18T18:57:53.856+0200] {dagbag.py:545} INFO - Filling up the DagBag from /home/richonlinux/Documents/GitHub/AirflowTuto/venv/lib/python3.10/site-packages/airflow/example_dags/example_kubernetes_executor.py
[2024-07-18T18:57:53.858+0200] {logging_mixin.py:188} INFO - [2024-07-18T18:57:53.858+0200] {example_kubernetes_executor.py:39} WARNING - The example_kubernetes_executor example DAG requires the kubernetes provider. Please install it with: pip install apache-airflow[cncf.kubernetes]
[2024-07-18T18:57:53.859+0200] {processor.py:842} WARNING - No viable dags retrieved from /home/richonlinux/Documents/GitHub/AirflowTuto/venv/lib/python3.10/site-packages/airflow/example_dags/example_kubernetes_executor.py
[2024-07-18T18:57:53.865+0200] {processor.py:183} INFO - Processing /home/richonlinux/Documents/GitHub/AirflowTuto/venv/lib/python3.10/site-packages/airflow/example_dags/example_kubernetes_executor.py took 0.019 seconds
[2024-07-18T18:58:33.288+0200] {processor.py:161} INFO - Started process (PID=276281) to work on /home/richonlinux/Documents/GitHub/AirflowTuto/venv/lib/python3.10/site-packages/airflow/example_dags/example_kubernetes_executor.py
[2024-07-18T18:58:33.292+0200] {processor.py:830} INFO - Processing file /home/richonlinux/Documents/GitHub/AirflowTuto/venv/lib/python3.10/site-packages/airflow/example_dags/example_kubernetes_executor.py for tasks to queue
[2024-07-18T18:58:33.293+0200] {logging_mixin.py:188} INFO - [2024-07-18T18:58:33.292+0200] {dagbag.py:545} INFO - Filling up the DagBag from /home/richonlinux/Documents/GitHub/AirflowTuto/venv/lib/python3.10/site-packages/airflow/example_dags/example_kubernetes_executor.py
[2024-07-18T18:58:33.294+0200] {logging_mixin.py:188} INFO - [2024-07-18T18:58:33.294+0200] {example_kubernetes_executor.py:39} WARNING - The example_kubernetes_executor example DAG requires the kubernetes provider. Please install it with: pip install apache-airflow[cncf.kubernetes]
[2024-07-18T18:58:33.295+0200] {processor.py:842} WARNING - No viable dags retrieved from /home/richonlinux/Documents/GitHub/AirflowTuto/venv/lib/python3.10/site-packages/airflow/example_dags/example_kubernetes_executor.py
[2024-07-18T18:58:33.300+0200] {processor.py:183} INFO - Processing /home/richonlinux/Documents/GitHub/AirflowTuto/venv/lib/python3.10/site-packages/airflow/example_dags/example_kubernetes_executor.py took 0.016 seconds
[2024-07-18T18:59:14.746+0200] {processor.py:161} INFO - Started process (PID=277025) to work on /home/richonlinux/Documents/GitHub/AirflowTuto/venv/lib/python3.10/site-packages/airflow/example_dags/example_kubernetes_executor.py
[2024-07-18T18:59:14.748+0200] {processor.py:830} INFO - Processing file /home/richonlinux/Documents/GitHub/AirflowTuto/venv/lib/python3.10/site-packages/airflow/example_dags/example_kubernetes_executor.py for tasks to queue
[2024-07-18T18:59:14.749+0200] {logging_mixin.py:188} INFO - [2024-07-18T18:59:14.749+0200] {dagbag.py:545} INFO - Filling up the DagBag from /home/richonlinux/Documents/GitHub/AirflowTuto/venv/lib/python3.10/site-packages/airflow/example_dags/example_kubernetes_executor.py
[2024-07-18T18:59:14.752+0200] {logging_mixin.py:188} INFO - [2024-07-18T18:59:14.752+0200] {example_kubernetes_executor.py:39} WARNING - The example_kubernetes_executor example DAG requires the kubernetes provider. Please install it with: pip install apache-airflow[cncf.kubernetes]
[2024-07-18T18:59:14.752+0200] {processor.py:842} WARNING - No viable dags retrieved from /home/richonlinux/Documents/GitHub/AirflowTuto/venv/lib/python3.10/site-packages/airflow/example_dags/example_kubernetes_executor.py
[2024-07-18T18:59:14.758+0200] {processor.py:183} INFO - Processing /home/richonlinux/Documents/GitHub/AirflowTuto/venv/lib/python3.10/site-packages/airflow/example_dags/example_kubernetes_executor.py took 0.021 seconds
[2024-07-18T18:59:55.065+0200] {processor.py:161} INFO - Started process (PID=277787) to work on /home/richonlinux/Documents/GitHub/AirflowTuto/venv/lib/python3.10/site-packages/airflow/example_dags/example_kubernetes_executor.py
[2024-07-18T18:59:55.066+0200] {processor.py:830} INFO - Processing file /home/richonlinux/Documents/GitHub/AirflowTuto/venv/lib/python3.10/site-packages/airflow/example_dags/example_kubernetes_executor.py for tasks to queue
[2024-07-18T18:59:55.067+0200] {logging_mixin.py:188} INFO - [2024-07-18T18:59:55.067+0200] {dagbag.py:545} INFO - Filling up the DagBag from /home/richonlinux/Documents/GitHub/AirflowTuto/venv/lib/python3.10/site-packages/airflow/example_dags/example_kubernetes_executor.py
[2024-07-18T18:59:55.068+0200] {logging_mixin.py:188} INFO - [2024-07-18T18:59:55.068+0200] {example_kubernetes_executor.py:39} WARNING - The example_kubernetes_executor example DAG requires the kubernetes provider. Please install it with: pip install apache-airflow[cncf.kubernetes]
[2024-07-18T18:59:55.069+0200] {processor.py:842} WARNING - No viable dags retrieved from /home/richonlinux/Documents/GitHub/AirflowTuto/venv/lib/python3.10/site-packages/airflow/example_dags/example_kubernetes_executor.py
[2024-07-18T18:59:55.074+0200] {processor.py:183} INFO - Processing /home/richonlinux/Documents/GitHub/AirflowTuto/venv/lib/python3.10/site-packages/airflow/example_dags/example_kubernetes_executor.py took 0.012 seconds
[2024-07-18T19:00:37.515+0200] {processor.py:161} INFO - Started process (PID=278632) to work on /home/richonlinux/Documents/GitHub/AirflowTuto/venv/lib/python3.10/site-packages/airflow/example_dags/example_kubernetes_executor.py
[2024-07-18T19:00:37.518+0200] {processor.py:830} INFO - Processing file /home/richonlinux/Documents/GitHub/AirflowTuto/venv/lib/python3.10/site-packages/airflow/example_dags/example_kubernetes_executor.py for tasks to queue
[2024-07-18T19:00:37.520+0200] {logging_mixin.py:188} INFO - [2024-07-18T19:00:37.519+0200] {dagbag.py:545} INFO - Filling up the DagBag from /home/richonlinux/Documents/GitHub/AirflowTuto/venv/lib/python3.10/site-packages/airflow/example_dags/example_kubernetes_executor.py
[2024-07-18T19:00:37.523+0200] {logging_mixin.py:188} INFO - [2024-07-18T19:00:37.522+0200] {example_kubernetes_executor.py:39} WARNING - The example_kubernetes_executor example DAG requires the kubernetes provider. Please install it with: pip install apache-airflow[cncf.kubernetes]
[2024-07-18T19:00:37.523+0200] {processor.py:842} WARNING - No viable dags retrieved from /home/richonlinux/Documents/GitHub/AirflowTuto/venv/lib/python3.10/site-packages/airflow/example_dags/example_kubernetes_executor.py
[2024-07-18T19:00:37.529+0200] {processor.py:183} INFO - Processing /home/richonlinux/Documents/GitHub/AirflowTuto/venv/lib/python3.10/site-packages/airflow/example_dags/example_kubernetes_executor.py took 0.019 seconds
[2024-07-18T19:01:18.698+0200] {processor.py:161} INFO - Started process (PID=279428) to work on /home/richonlinux/Documents/GitHub/AirflowTuto/venv/lib/python3.10/site-packages/airflow/example_dags/example_kubernetes_executor.py
[2024-07-18T19:01:18.699+0200] {processor.py:830} INFO - Processing file /home/richonlinux/Documents/GitHub/AirflowTuto/venv/lib/python3.10/site-packages/airflow/example_dags/example_kubernetes_executor.py for tasks to queue
[2024-07-18T19:01:18.701+0200] {logging_mixin.py:188} INFO - [2024-07-18T19:01:18.701+0200] {dagbag.py:545} INFO - Filling up the DagBag from /home/richonlinux/Documents/GitHub/AirflowTuto/venv/lib/python3.10/site-packages/airflow/example_dags/example_kubernetes_executor.py
[2024-07-18T19:01:18.704+0200] {logging_mixin.py:188} INFO - [2024-07-18T19:01:18.704+0200] {example_kubernetes_executor.py:39} WARNING - The example_kubernetes_executor example DAG requires the kubernetes provider. Please install it with: pip install apache-airflow[cncf.kubernetes]
[2024-07-18T19:01:18.704+0200] {processor.py:842} WARNING - No viable dags retrieved from /home/richonlinux/Documents/GitHub/AirflowTuto/venv/lib/python3.10/site-packages/airflow/example_dags/example_kubernetes_executor.py
[2024-07-18T19:01:18.710+0200] {processor.py:183} INFO - Processing /home/richonlinux/Documents/GitHub/AirflowTuto/venv/lib/python3.10/site-packages/airflow/example_dags/example_kubernetes_executor.py took 0.021 seconds
[2024-07-18T19:01:55.744+0200] {processor.py:161} INFO - Started process (PID=280177) to work on /home/richonlinux/Documents/GitHub/AirflowTuto/venv/lib/python3.10/site-packages/airflow/example_dags/example_kubernetes_executor.py
[2024-07-18T19:01:55.746+0200] {processor.py:830} INFO - Processing file /home/richonlinux/Documents/GitHub/AirflowTuto/venv/lib/python3.10/site-packages/airflow/example_dags/example_kubernetes_executor.py for tasks to queue
[2024-07-18T19:01:55.748+0200] {logging_mixin.py:188} INFO - [2024-07-18T19:01:55.747+0200] {dagbag.py:545} INFO - Filling up the DagBag from /home/richonlinux/Documents/GitHub/AirflowTuto/venv/lib/python3.10/site-packages/airflow/example_dags/example_kubernetes_executor.py
[2024-07-18T19:01:55.751+0200] {logging_mixin.py:188} INFO - [2024-07-18T19:01:55.751+0200] {example_kubernetes_executor.py:39} WARNING - The example_kubernetes_executor example DAG requires the kubernetes provider. Please install it with: pip install apache-airflow[cncf.kubernetes]
[2024-07-18T19:01:55.751+0200] {processor.py:842} WARNING - No viable dags retrieved from /home/richonlinux/Documents/GitHub/AirflowTuto/venv/lib/python3.10/site-packages/airflow/example_dags/example_kubernetes_executor.py
[2024-07-18T19:01:55.757+0200] {processor.py:183} INFO - Processing /home/richonlinux/Documents/GitHub/AirflowTuto/venv/lib/python3.10/site-packages/airflow/example_dags/example_kubernetes_executor.py took 0.022 seconds
[2024-07-18T19:02:34.667+0200] {processor.py:161} INFO - Started process (PID=280834) to work on /home/richonlinux/Documents/GitHub/AirflowTuto/venv/lib/python3.10/site-packages/airflow/example_dags/example_kubernetes_executor.py
[2024-07-18T19:02:34.669+0200] {processor.py:830} INFO - Processing file /home/richonlinux/Documents/GitHub/AirflowTuto/venv/lib/python3.10/site-packages/airflow/example_dags/example_kubernetes_executor.py for tasks to queue
[2024-07-18T19:02:34.671+0200] {logging_mixin.py:188} INFO - [2024-07-18T19:02:34.670+0200] {dagbag.py:545} INFO - Filling up the DagBag from /home/richonlinux/Documents/GitHub/AirflowTuto/venv/lib/python3.10/site-packages/airflow/example_dags/example_kubernetes_executor.py
[2024-07-18T19:02:34.673+0200] {logging_mixin.py:188} INFO - [2024-07-18T19:02:34.673+0200] {example_kubernetes_executor.py:39} WARNING - The example_kubernetes_executor example DAG requires the kubernetes provider. Please install it with: pip install apache-airflow[cncf.kubernetes]
[2024-07-18T19:02:34.673+0200] {processor.py:842} WARNING - No viable dags retrieved from /home/richonlinux/Documents/GitHub/AirflowTuto/venv/lib/python3.10/site-packages/airflow/example_dags/example_kubernetes_executor.py
[2024-07-18T19:02:34.680+0200] {processor.py:183} INFO - Processing /home/richonlinux/Documents/GitHub/AirflowTuto/venv/lib/python3.10/site-packages/airflow/example_dags/example_kubernetes_executor.py took 0.022 seconds
[2024-07-18T19:03:15.538+0200] {processor.py:161} INFO - Started process (PID=281425) to work on /home/richonlinux/Documents/GitHub/AirflowTuto/venv/lib/python3.10/site-packages/airflow/example_dags/example_kubernetes_executor.py
[2024-07-18T19:03:15.539+0200] {processor.py:830} INFO - Processing file /home/richonlinux/Documents/GitHub/AirflowTuto/venv/lib/python3.10/site-packages/airflow/example_dags/example_kubernetes_executor.py for tasks to queue
[2024-07-18T19:03:15.541+0200] {logging_mixin.py:188} INFO - [2024-07-18T19:03:15.540+0200] {dagbag.py:545} INFO - Filling up the DagBag from /home/richonlinux/Documents/GitHub/AirflowTuto/venv/lib/python3.10/site-packages/airflow/example_dags/example_kubernetes_executor.py
[2024-07-18T19:03:15.542+0200] {logging_mixin.py:188} INFO - [2024-07-18T19:03:15.542+0200] {example_kubernetes_executor.py:39} WARNING - The example_kubernetes_executor example DAG requires the kubernetes provider. Please install it with: pip install apache-airflow[cncf.kubernetes]
[2024-07-18T19:03:15.543+0200] {processor.py:842} WARNING - No viable dags retrieved from /home/richonlinux/Documents/GitHub/AirflowTuto/venv/lib/python3.10/site-packages/airflow/example_dags/example_kubernetes_executor.py
[2024-07-18T19:03:15.548+0200] {processor.py:183} INFO - Processing /home/richonlinux/Documents/GitHub/AirflowTuto/venv/lib/python3.10/site-packages/airflow/example_dags/example_kubernetes_executor.py took 0.017 seconds
[2024-07-18T19:03:55.875+0200] {processor.py:161} INFO - Started process (PID=282130) to work on /home/richonlinux/Documents/GitHub/AirflowTuto/venv/lib/python3.10/site-packages/airflow/example_dags/example_kubernetes_executor.py
[2024-07-18T19:03:55.876+0200] {processor.py:830} INFO - Processing file /home/richonlinux/Documents/GitHub/AirflowTuto/venv/lib/python3.10/site-packages/airflow/example_dags/example_kubernetes_executor.py for tasks to queue
[2024-07-18T19:03:55.878+0200] {logging_mixin.py:188} INFO - [2024-07-18T19:03:55.877+0200] {dagbag.py:545} INFO - Filling up the DagBag from /home/richonlinux/Documents/GitHub/AirflowTuto/venv/lib/python3.10/site-packages/airflow/example_dags/example_kubernetes_executor.py
[2024-07-18T19:03:55.880+0200] {logging_mixin.py:188} INFO - [2024-07-18T19:03:55.880+0200] {example_kubernetes_executor.py:39} WARNING - The example_kubernetes_executor example DAG requires the kubernetes provider. Please install it with: pip install apache-airflow[cncf.kubernetes]
[2024-07-18T19:03:55.880+0200] {processor.py:842} WARNING - No viable dags retrieved from /home/richonlinux/Documents/GitHub/AirflowTuto/venv/lib/python3.10/site-packages/airflow/example_dags/example_kubernetes_executor.py
[2024-07-18T19:03:55.886+0200] {processor.py:183} INFO - Processing /home/richonlinux/Documents/GitHub/AirflowTuto/venv/lib/python3.10/site-packages/airflow/example_dags/example_kubernetes_executor.py took 0.019 seconds
[2024-07-18T19:04:35.214+0200] {processor.py:161} INFO - Started process (PID=282765) to work on /home/richonlinux/Documents/GitHub/AirflowTuto/venv/lib/python3.10/site-packages/airflow/example_dags/example_kubernetes_executor.py
[2024-07-18T19:04:35.215+0200] {processor.py:830} INFO - Processing file /home/richonlinux/Documents/GitHub/AirflowTuto/venv/lib/python3.10/site-packages/airflow/example_dags/example_kubernetes_executor.py for tasks to queue
[2024-07-18T19:04:35.217+0200] {logging_mixin.py:188} INFO - [2024-07-18T19:04:35.216+0200] {dagbag.py:545} INFO - Filling up the DagBag from /home/richonlinux/Documents/GitHub/AirflowTuto/venv/lib/python3.10/site-packages/airflow/example_dags/example_kubernetes_executor.py
[2024-07-18T19:04:35.220+0200] {logging_mixin.py:188} INFO - [2024-07-18T19:04:35.220+0200] {example_kubernetes_executor.py:39} WARNING - The example_kubernetes_executor example DAG requires the kubernetes provider. Please install it with: pip install apache-airflow[cncf.kubernetes]
[2024-07-18T19:04:35.220+0200] {processor.py:842} WARNING - No viable dags retrieved from /home/richonlinux/Documents/GitHub/AirflowTuto/venv/lib/python3.10/site-packages/airflow/example_dags/example_kubernetes_executor.py
[2024-07-18T19:04:35.226+0200] {processor.py:183} INFO - Processing /home/richonlinux/Documents/GitHub/AirflowTuto/venv/lib/python3.10/site-packages/airflow/example_dags/example_kubernetes_executor.py took 0.020 seconds
[2024-07-18T19:05:14.010+0200] {processor.py:161} INFO - Started process (PID=283348) to work on /home/richonlinux/Documents/GitHub/AirflowTuto/venv/lib/python3.10/site-packages/airflow/example_dags/example_kubernetes_executor.py
[2024-07-18T19:05:14.011+0200] {processor.py:830} INFO - Processing file /home/richonlinux/Documents/GitHub/AirflowTuto/venv/lib/python3.10/site-packages/airflow/example_dags/example_kubernetes_executor.py for tasks to queue
[2024-07-18T19:05:14.012+0200] {logging_mixin.py:188} INFO - [2024-07-18T19:05:14.012+0200] {dagbag.py:545} INFO - Filling up the DagBag from /home/richonlinux/Documents/GitHub/AirflowTuto/venv/lib/python3.10/site-packages/airflow/example_dags/example_kubernetes_executor.py
[2024-07-18T19:05:14.013+0200] {logging_mixin.py:188} INFO - [2024-07-18T19:05:14.013+0200] {example_kubernetes_executor.py:39} WARNING - The example_kubernetes_executor example DAG requires the kubernetes provider. Please install it with: pip install apache-airflow[cncf.kubernetes]
[2024-07-18T19:05:14.013+0200] {processor.py:842} WARNING - No viable dags retrieved from /home/richonlinux/Documents/GitHub/AirflowTuto/venv/lib/python3.10/site-packages/airflow/example_dags/example_kubernetes_executor.py
[2024-07-18T19:05:14.019+0200] {processor.py:183} INFO - Processing /home/richonlinux/Documents/GitHub/AirflowTuto/venv/lib/python3.10/site-packages/airflow/example_dags/example_kubernetes_executor.py took 0.012 seconds
[2024-07-18T19:05:52.251+0200] {processor.py:161} INFO - Started process (PID=284136) to work on /home/richonlinux/Documents/GitHub/AirflowTuto/venv/lib/python3.10/site-packages/airflow/example_dags/example_kubernetes_executor.py
[2024-07-18T19:05:52.252+0200] {processor.py:830} INFO - Processing file /home/richonlinux/Documents/GitHub/AirflowTuto/venv/lib/python3.10/site-packages/airflow/example_dags/example_kubernetes_executor.py for tasks to queue
[2024-07-18T19:05:52.254+0200] {logging_mixin.py:188} INFO - [2024-07-18T19:05:52.254+0200] {dagbag.py:545} INFO - Filling up the DagBag from /home/richonlinux/Documents/GitHub/AirflowTuto/venv/lib/python3.10/site-packages/airflow/example_dags/example_kubernetes_executor.py
[2024-07-18T19:05:52.256+0200] {logging_mixin.py:188} INFO - [2024-07-18T19:05:52.256+0200] {example_kubernetes_executor.py:39} WARNING - The example_kubernetes_executor example DAG requires the kubernetes provider. Please install it with: pip install apache-airflow[cncf.kubernetes]
[2024-07-18T19:05:52.257+0200] {processor.py:842} WARNING - No viable dags retrieved from /home/richonlinux/Documents/GitHub/AirflowTuto/venv/lib/python3.10/site-packages/airflow/example_dags/example_kubernetes_executor.py
[2024-07-18T19:05:52.263+0200] {processor.py:183} INFO - Processing /home/richonlinux/Documents/GitHub/AirflowTuto/venv/lib/python3.10/site-packages/airflow/example_dags/example_kubernetes_executor.py took 0.020 seconds
[2024-07-18T19:06:30.122+0200] {processor.py:161} INFO - Started process (PID=284819) to work on /home/richonlinux/Documents/GitHub/AirflowTuto/venv/lib/python3.10/site-packages/airflow/example_dags/example_kubernetes_executor.py
[2024-07-18T19:06:30.124+0200] {processor.py:830} INFO - Processing file /home/richonlinux/Documents/GitHub/AirflowTuto/venv/lib/python3.10/site-packages/airflow/example_dags/example_kubernetes_executor.py for tasks to queue
[2024-07-18T19:06:30.126+0200] {logging_mixin.py:188} INFO - [2024-07-18T19:06:30.125+0200] {dagbag.py:545} INFO - Filling up the DagBag from /home/richonlinux/Documents/GitHub/AirflowTuto/venv/lib/python3.10/site-packages/airflow/example_dags/example_kubernetes_executor.py
[2024-07-18T19:06:30.129+0200] {logging_mixin.py:188} INFO - [2024-07-18T19:06:30.128+0200] {example_kubernetes_executor.py:39} WARNING - The example_kubernetes_executor example DAG requires the kubernetes provider. Please install it with: pip install apache-airflow[cncf.kubernetes]
[2024-07-18T19:06:30.129+0200] {processor.py:842} WARNING - No viable dags retrieved from /home/richonlinux/Documents/GitHub/AirflowTuto/venv/lib/python3.10/site-packages/airflow/example_dags/example_kubernetes_executor.py
[2024-07-18T19:06:30.135+0200] {processor.py:183} INFO - Processing /home/richonlinux/Documents/GitHub/AirflowTuto/venv/lib/python3.10/site-packages/airflow/example_dags/example_kubernetes_executor.py took 0.021 seconds
[2024-07-18T19:07:10.523+0200] {processor.py:161} INFO - Started process (PID=285421) to work on /home/richonlinux/Documents/GitHub/AirflowTuto/venv/lib/python3.10/site-packages/airflow/example_dags/example_kubernetes_executor.py
[2024-07-18T19:07:10.525+0200] {processor.py:830} INFO - Processing file /home/richonlinux/Documents/GitHub/AirflowTuto/venv/lib/python3.10/site-packages/airflow/example_dags/example_kubernetes_executor.py for tasks to queue
[2024-07-18T19:07:10.527+0200] {logging_mixin.py:188} INFO - [2024-07-18T19:07:10.526+0200] {dagbag.py:545} INFO - Filling up the DagBag from /home/richonlinux/Documents/GitHub/AirflowTuto/venv/lib/python3.10/site-packages/airflow/example_dags/example_kubernetes_executor.py
[2024-07-18T19:07:10.529+0200] {logging_mixin.py:188} INFO - [2024-07-18T19:07:10.529+0200] {example_kubernetes_executor.py:39} WARNING - The example_kubernetes_executor example DAG requires the kubernetes provider. Please install it with: pip install apache-airflow[cncf.kubernetes]
[2024-07-18T19:07:10.529+0200] {processor.py:842} WARNING - No viable dags retrieved from /home/richonlinux/Documents/GitHub/AirflowTuto/venv/lib/python3.10/site-packages/airflow/example_dags/example_kubernetes_executor.py
[2024-07-18T19:07:10.536+0200] {processor.py:183} INFO - Processing /home/richonlinux/Documents/GitHub/AirflowTuto/venv/lib/python3.10/site-packages/airflow/example_dags/example_kubernetes_executor.py took 0.020 seconds
[2024-07-18T19:07:50.248+0200] {processor.py:161} INFO - Started process (PID=286070) to work on /home/richonlinux/Documents/GitHub/AirflowTuto/venv/lib/python3.10/site-packages/airflow/example_dags/example_kubernetes_executor.py
[2024-07-18T19:07:50.249+0200] {processor.py:830} INFO - Processing file /home/richonlinux/Documents/GitHub/AirflowTuto/venv/lib/python3.10/site-packages/airflow/example_dags/example_kubernetes_executor.py for tasks to queue
[2024-07-18T19:07:50.250+0200] {logging_mixin.py:188} INFO - [2024-07-18T19:07:50.250+0200] {dagbag.py:545} INFO - Filling up the DagBag from /home/richonlinux/Documents/GitHub/AirflowTuto/venv/lib/python3.10/site-packages/airflow/example_dags/example_kubernetes_executor.py
[2024-07-18T19:07:50.252+0200] {logging_mixin.py:188} INFO - [2024-07-18T19:07:50.251+0200] {example_kubernetes_executor.py:39} WARNING - The example_kubernetes_executor example DAG requires the kubernetes provider. Please install it with: pip install apache-airflow[cncf.kubernetes]
[2024-07-18T19:07:50.252+0200] {processor.py:842} WARNING - No viable dags retrieved from /home/richonlinux/Documents/GitHub/AirflowTuto/venv/lib/python3.10/site-packages/airflow/example_dags/example_kubernetes_executor.py
[2024-07-18T19:07:50.257+0200] {processor.py:183} INFO - Processing /home/richonlinux/Documents/GitHub/AirflowTuto/venv/lib/python3.10/site-packages/airflow/example_dags/example_kubernetes_executor.py took 0.012 seconds
[2024-07-18T19:08:29.081+0200] {processor.py:161} INFO - Started process (PID=286746) to work on /home/richonlinux/Documents/GitHub/AirflowTuto/venv/lib/python3.10/site-packages/airflow/example_dags/example_kubernetes_executor.py
[2024-07-18T19:08:29.082+0200] {processor.py:830} INFO - Processing file /home/richonlinux/Documents/GitHub/AirflowTuto/venv/lib/python3.10/site-packages/airflow/example_dags/example_kubernetes_executor.py for tasks to queue
[2024-07-18T19:08:29.084+0200] {logging_mixin.py:188} INFO - [2024-07-18T19:08:29.083+0200] {dagbag.py:545} INFO - Filling up the DagBag from /home/richonlinux/Documents/GitHub/AirflowTuto/venv/lib/python3.10/site-packages/airflow/example_dags/example_kubernetes_executor.py
[2024-07-18T19:08:29.086+0200] {logging_mixin.py:188} INFO - [2024-07-18T19:08:29.086+0200] {example_kubernetes_executor.py:39} WARNING - The example_kubernetes_executor example DAG requires the kubernetes provider. Please install it with: pip install apache-airflow[cncf.kubernetes]
[2024-07-18T19:08:29.086+0200] {processor.py:842} WARNING - No viable dags retrieved from /home/richonlinux/Documents/GitHub/AirflowTuto/venv/lib/python3.10/site-packages/airflow/example_dags/example_kubernetes_executor.py
[2024-07-18T19:08:29.093+0200] {processor.py:183} INFO - Processing /home/richonlinux/Documents/GitHub/AirflowTuto/venv/lib/python3.10/site-packages/airflow/example_dags/example_kubernetes_executor.py took 0.018 seconds
[2024-07-18T19:09:08.725+0200] {processor.py:161} INFO - Started process (PID=287383) to work on /home/richonlinux/Documents/GitHub/AirflowTuto/venv/lib/python3.10/site-packages/airflow/example_dags/example_kubernetes_executor.py
[2024-07-18T19:09:08.726+0200] {processor.py:830} INFO - Processing file /home/richonlinux/Documents/GitHub/AirflowTuto/venv/lib/python3.10/site-packages/airflow/example_dags/example_kubernetes_executor.py for tasks to queue
[2024-07-18T19:09:08.728+0200] {logging_mixin.py:188} INFO - [2024-07-18T19:09:08.728+0200] {dagbag.py:545} INFO - Filling up the DagBag from /home/richonlinux/Documents/GitHub/AirflowTuto/venv/lib/python3.10/site-packages/airflow/example_dags/example_kubernetes_executor.py
[2024-07-18T19:09:08.730+0200] {logging_mixin.py:188} INFO - [2024-07-18T19:09:08.730+0200] {example_kubernetes_executor.py:39} WARNING - The example_kubernetes_executor example DAG requires the kubernetes provider. Please install it with: pip install apache-airflow[cncf.kubernetes]
[2024-07-18T19:09:08.730+0200] {processor.py:842} WARNING - No viable dags retrieved from /home/richonlinux/Documents/GitHub/AirflowTuto/venv/lib/python3.10/site-packages/airflow/example_dags/example_kubernetes_executor.py
[2024-07-18T19:09:08.737+0200] {processor.py:183} INFO - Processing /home/richonlinux/Documents/GitHub/AirflowTuto/venv/lib/python3.10/site-packages/airflow/example_dags/example_kubernetes_executor.py took 0.015 seconds
[2024-07-18T19:09:46.060+0200] {processor.py:161} INFO - Started process (PID=287991) to work on /home/richonlinux/Documents/GitHub/AirflowTuto/venv/lib/python3.10/site-packages/airflow/example_dags/example_kubernetes_executor.py
[2024-07-18T19:09:46.061+0200] {processor.py:830} INFO - Processing file /home/richonlinux/Documents/GitHub/AirflowTuto/venv/lib/python3.10/site-packages/airflow/example_dags/example_kubernetes_executor.py for tasks to queue
[2024-07-18T19:09:46.062+0200] {logging_mixin.py:188} INFO - [2024-07-18T19:09:46.062+0200] {dagbag.py:545} INFO - Filling up the DagBag from /home/richonlinux/Documents/GitHub/AirflowTuto/venv/lib/python3.10/site-packages/airflow/example_dags/example_kubernetes_executor.py
[2024-07-18T19:09:46.064+0200] {logging_mixin.py:188} INFO - [2024-07-18T19:09:46.064+0200] {example_kubernetes_executor.py:39} WARNING - The example_kubernetes_executor example DAG requires the kubernetes provider. Please install it with: pip install apache-airflow[cncf.kubernetes]
[2024-07-18T19:09:46.064+0200] {processor.py:842} WARNING - No viable dags retrieved from /home/richonlinux/Documents/GitHub/AirflowTuto/venv/lib/python3.10/site-packages/airflow/example_dags/example_kubernetes_executor.py
[2024-07-18T19:09:46.070+0200] {processor.py:183} INFO - Processing /home/richonlinux/Documents/GitHub/AirflowTuto/venv/lib/python3.10/site-packages/airflow/example_dags/example_kubernetes_executor.py took 0.014 seconds
[2024-07-18T19:10:24.855+0200] {processor.py:161} INFO - Started process (PID=288643) to work on /home/richonlinux/Documents/GitHub/AirflowTuto/venv/lib/python3.10/site-packages/airflow/example_dags/example_kubernetes_executor.py
[2024-07-18T19:10:24.859+0200] {processor.py:830} INFO - Processing file /home/richonlinux/Documents/GitHub/AirflowTuto/venv/lib/python3.10/site-packages/airflow/example_dags/example_kubernetes_executor.py for tasks to queue
[2024-07-18T19:10:24.860+0200] {logging_mixin.py:188} INFO - [2024-07-18T19:10:24.860+0200] {dagbag.py:545} INFO - Filling up the DagBag from /home/richonlinux/Documents/GitHub/AirflowTuto/venv/lib/python3.10/site-packages/airflow/example_dags/example_kubernetes_executor.py
[2024-07-18T19:10:24.863+0200] {logging_mixin.py:188} INFO - [2024-07-18T19:10:24.862+0200] {example_kubernetes_executor.py:39} WARNING - The example_kubernetes_executor example DAG requires the kubernetes provider. Please install it with: pip install apache-airflow[cncf.kubernetes]
[2024-07-18T19:10:24.863+0200] {processor.py:842} WARNING - No viable dags retrieved from /home/richonlinux/Documents/GitHub/AirflowTuto/venv/lib/python3.10/site-packages/airflow/example_dags/example_kubernetes_executor.py
[2024-07-18T19:10:24.869+0200] {processor.py:183} INFO - Processing /home/richonlinux/Documents/GitHub/AirflowTuto/venv/lib/python3.10/site-packages/airflow/example_dags/example_kubernetes_executor.py took 0.017 seconds
[2024-07-18T19:11:00.073+0200] {processor.py:161} INFO - Started process (PID=289172) to work on /home/richonlinux/Documents/GitHub/AirflowTuto/venv/lib/python3.10/site-packages/airflow/example_dags/example_kubernetes_executor.py
[2024-07-18T19:11:00.074+0200] {processor.py:830} INFO - Processing file /home/richonlinux/Documents/GitHub/AirflowTuto/venv/lib/python3.10/site-packages/airflow/example_dags/example_kubernetes_executor.py for tasks to queue
[2024-07-18T19:11:00.075+0200] {logging_mixin.py:188} INFO - [2024-07-18T19:11:00.075+0200] {dagbag.py:545} INFO - Filling up the DagBag from /home/richonlinux/Documents/GitHub/AirflowTuto/venv/lib/python3.10/site-packages/airflow/example_dags/example_kubernetes_executor.py
[2024-07-18T19:11:00.077+0200] {logging_mixin.py:188} INFO - [2024-07-18T19:11:00.077+0200] {example_kubernetes_executor.py:39} WARNING - The example_kubernetes_executor example DAG requires the kubernetes provider. Please install it with: pip install apache-airflow[cncf.kubernetes]
[2024-07-18T19:11:00.077+0200] {processor.py:842} WARNING - No viable dags retrieved from /home/richonlinux/Documents/GitHub/AirflowTuto/venv/lib/python3.10/site-packages/airflow/example_dags/example_kubernetes_executor.py
[2024-07-18T19:11:00.084+0200] {processor.py:183} INFO - Processing /home/richonlinux/Documents/GitHub/AirflowTuto/venv/lib/python3.10/site-packages/airflow/example_dags/example_kubernetes_executor.py took 0.014 seconds
[2024-07-18T19:11:38.637+0200] {processor.py:161} INFO - Started process (PID=289889) to work on /home/richonlinux/Documents/GitHub/AirflowTuto/venv/lib/python3.10/site-packages/airflow/example_dags/example_kubernetes_executor.py
[2024-07-18T19:11:38.641+0200] {processor.py:830} INFO - Processing file /home/richonlinux/Documents/GitHub/AirflowTuto/venv/lib/python3.10/site-packages/airflow/example_dags/example_kubernetes_executor.py for tasks to queue
[2024-07-18T19:11:38.642+0200] {logging_mixin.py:188} INFO - [2024-07-18T19:11:38.642+0200] {dagbag.py:545} INFO - Filling up the DagBag from /home/richonlinux/Documents/GitHub/AirflowTuto/venv/lib/python3.10/site-packages/airflow/example_dags/example_kubernetes_executor.py
[2024-07-18T19:11:38.645+0200] {logging_mixin.py:188} INFO - [2024-07-18T19:11:38.644+0200] {example_kubernetes_executor.py:39} WARNING - The example_kubernetes_executor example DAG requires the kubernetes provider. Please install it with: pip install apache-airflow[cncf.kubernetes]
[2024-07-18T19:11:38.645+0200] {processor.py:842} WARNING - No viable dags retrieved from /home/richonlinux/Documents/GitHub/AirflowTuto/venv/lib/python3.10/site-packages/airflow/example_dags/example_kubernetes_executor.py
[2024-07-18T19:11:38.652+0200] {processor.py:183} INFO - Processing /home/richonlinux/Documents/GitHub/AirflowTuto/venv/lib/python3.10/site-packages/airflow/example_dags/example_kubernetes_executor.py took 0.019 seconds
[2024-07-18T19:12:15.271+0200] {processor.py:161} INFO - Started process (PID=290449) to work on /home/richonlinux/Documents/GitHub/AirflowTuto/venv/lib/python3.10/site-packages/airflow/example_dags/example_kubernetes_executor.py
[2024-07-18T19:12:15.272+0200] {processor.py:830} INFO - Processing file /home/richonlinux/Documents/GitHub/AirflowTuto/venv/lib/python3.10/site-packages/airflow/example_dags/example_kubernetes_executor.py for tasks to queue
[2024-07-18T19:12:15.274+0200] {logging_mixin.py:188} INFO - [2024-07-18T19:12:15.274+0200] {dagbag.py:545} INFO - Filling up the DagBag from /home/richonlinux/Documents/GitHub/AirflowTuto/venv/lib/python3.10/site-packages/airflow/example_dags/example_kubernetes_executor.py
[2024-07-18T19:12:15.277+0200] {logging_mixin.py:188} INFO - [2024-07-18T19:12:15.277+0200] {example_kubernetes_executor.py:39} WARNING - The example_kubernetes_executor example DAG requires the kubernetes provider. Please install it with: pip install apache-airflow[cncf.kubernetes]
[2024-07-18T19:12:15.277+0200] {processor.py:842} WARNING - No viable dags retrieved from /home/richonlinux/Documents/GitHub/AirflowTuto/venv/lib/python3.10/site-packages/airflow/example_dags/example_kubernetes_executor.py
[2024-07-18T19:12:15.284+0200] {processor.py:183} INFO - Processing /home/richonlinux/Documents/GitHub/AirflowTuto/venv/lib/python3.10/site-packages/airflow/example_dags/example_kubernetes_executor.py took 0.019 seconds
[2024-07-18T19:12:52.674+0200] {processor.py:161} INFO - Started process (PID=291068) to work on /home/richonlinux/Documents/GitHub/AirflowTuto/venv/lib/python3.10/site-packages/airflow/example_dags/example_kubernetes_executor.py
[2024-07-18T19:12:52.675+0200] {processor.py:830} INFO - Processing file /home/richonlinux/Documents/GitHub/AirflowTuto/venv/lib/python3.10/site-packages/airflow/example_dags/example_kubernetes_executor.py for tasks to queue
[2024-07-18T19:12:52.677+0200] {logging_mixin.py:188} INFO - [2024-07-18T19:12:52.677+0200] {dagbag.py:545} INFO - Filling up the DagBag from /home/richonlinux/Documents/GitHub/AirflowTuto/venv/lib/python3.10/site-packages/airflow/example_dags/example_kubernetes_executor.py
[2024-07-18T19:12:52.679+0200] {logging_mixin.py:188} INFO - [2024-07-18T19:12:52.679+0200] {example_kubernetes_executor.py:39} WARNING - The example_kubernetes_executor example DAG requires the kubernetes provider. Please install it with: pip install apache-airflow[cncf.kubernetes]
[2024-07-18T19:12:52.680+0200] {processor.py:842} WARNING - No viable dags retrieved from /home/richonlinux/Documents/GitHub/AirflowTuto/venv/lib/python3.10/site-packages/airflow/example_dags/example_kubernetes_executor.py
[2024-07-18T19:12:52.687+0200] {processor.py:183} INFO - Processing /home/richonlinux/Documents/GitHub/AirflowTuto/venv/lib/python3.10/site-packages/airflow/example_dags/example_kubernetes_executor.py took 0.019 seconds
[2024-07-18T19:13:32.314+0200] {processor.py:161} INFO - Started process (PID=291724) to work on /home/richonlinux/Documents/GitHub/AirflowTuto/venv/lib/python3.10/site-packages/airflow/example_dags/example_kubernetes_executor.py
[2024-07-18T19:13:32.315+0200] {processor.py:830} INFO - Processing file /home/richonlinux/Documents/GitHub/AirflowTuto/venv/lib/python3.10/site-packages/airflow/example_dags/example_kubernetes_executor.py for tasks to queue
[2024-07-18T19:13:32.316+0200] {logging_mixin.py:188} INFO - [2024-07-18T19:13:32.316+0200] {dagbag.py:545} INFO - Filling up the DagBag from /home/richonlinux/Documents/GitHub/AirflowTuto/venv/lib/python3.10/site-packages/airflow/example_dags/example_kubernetes_executor.py
[2024-07-18T19:13:32.318+0200] {logging_mixin.py:188} INFO - [2024-07-18T19:13:32.318+0200] {example_kubernetes_executor.py:39} WARNING - The example_kubernetes_executor example DAG requires the kubernetes provider. Please install it with: pip install apache-airflow[cncf.kubernetes]
[2024-07-18T19:13:32.318+0200] {processor.py:842} WARNING - No viable dags retrieved from /home/richonlinux/Documents/GitHub/AirflowTuto/venv/lib/python3.10/site-packages/airflow/example_dags/example_kubernetes_executor.py
[2024-07-18T19:13:32.324+0200] {processor.py:183} INFO - Processing /home/richonlinux/Documents/GitHub/AirflowTuto/venv/lib/python3.10/site-packages/airflow/example_dags/example_kubernetes_executor.py took 0.014 seconds
[2024-07-18T19:14:11.819+0200] {processor.py:161} INFO - Started process (PID=292308) to work on /home/richonlinux/Documents/GitHub/AirflowTuto/venv/lib/python3.10/site-packages/airflow/example_dags/example_kubernetes_executor.py
[2024-07-18T19:14:11.820+0200] {processor.py:830} INFO - Processing file /home/richonlinux/Documents/GitHub/AirflowTuto/venv/lib/python3.10/site-packages/airflow/example_dags/example_kubernetes_executor.py for tasks to queue
[2024-07-18T19:14:11.821+0200] {logging_mixin.py:188} INFO - [2024-07-18T19:14:11.821+0200] {dagbag.py:545} INFO - Filling up the DagBag from /home/richonlinux/Documents/GitHub/AirflowTuto/venv/lib/python3.10/site-packages/airflow/example_dags/example_kubernetes_executor.py
[2024-07-18T19:14:11.822+0200] {logging_mixin.py:188} INFO - [2024-07-18T19:14:11.822+0200] {example_kubernetes_executor.py:39} WARNING - The example_kubernetes_executor example DAG requires the kubernetes provider. Please install it with: pip install apache-airflow[cncf.kubernetes]
[2024-07-18T19:14:11.823+0200] {processor.py:842} WARNING - No viable dags retrieved from /home/richonlinux/Documents/GitHub/AirflowTuto/venv/lib/python3.10/site-packages/airflow/example_dags/example_kubernetes_executor.py
[2024-07-18T19:14:11.830+0200] {processor.py:183} INFO - Processing /home/richonlinux/Documents/GitHub/AirflowTuto/venv/lib/python3.10/site-packages/airflow/example_dags/example_kubernetes_executor.py took 0.014 seconds
[2024-07-18T19:14:53.011+0200] {processor.py:161} INFO - Started process (PID=292984) to work on /home/richonlinux/Documents/GitHub/AirflowTuto/venv/lib/python3.10/site-packages/airflow/example_dags/example_kubernetes_executor.py
[2024-07-18T19:14:53.012+0200] {processor.py:830} INFO - Processing file /home/richonlinux/Documents/GitHub/AirflowTuto/venv/lib/python3.10/site-packages/airflow/example_dags/example_kubernetes_executor.py for tasks to queue
[2024-07-18T19:14:53.014+0200] {logging_mixin.py:188} INFO - [2024-07-18T19:14:53.013+0200] {dagbag.py:545} INFO - Filling up the DagBag from /home/richonlinux/Documents/GitHub/AirflowTuto/venv/lib/python3.10/site-packages/airflow/example_dags/example_kubernetes_executor.py
[2024-07-18T19:14:53.016+0200] {logging_mixin.py:188} INFO - [2024-07-18T19:14:53.016+0200] {example_kubernetes_executor.py:39} WARNING - The example_kubernetes_executor example DAG requires the kubernetes provider. Please install it with: pip install apache-airflow[cncf.kubernetes]
[2024-07-18T19:14:53.017+0200] {processor.py:842} WARNING - No viable dags retrieved from /home/richonlinux/Documents/GitHub/AirflowTuto/venv/lib/python3.10/site-packages/airflow/example_dags/example_kubernetes_executor.py
[2024-07-18T19:14:53.025+0200] {processor.py:183} INFO - Processing /home/richonlinux/Documents/GitHub/AirflowTuto/venv/lib/python3.10/site-packages/airflow/example_dags/example_kubernetes_executor.py took 0.020 seconds
[2024-07-18T19:15:32.941+0200] {processor.py:161} INFO - Started process (PID=293636) to work on /home/richonlinux/Documents/GitHub/AirflowTuto/venv/lib/python3.10/site-packages/airflow/example_dags/example_kubernetes_executor.py
[2024-07-18T19:15:32.942+0200] {processor.py:830} INFO - Processing file /home/richonlinux/Documents/GitHub/AirflowTuto/venv/lib/python3.10/site-packages/airflow/example_dags/example_kubernetes_executor.py for tasks to queue
[2024-07-18T19:15:32.943+0200] {logging_mixin.py:188} INFO - [2024-07-18T19:15:32.942+0200] {dagbag.py:545} INFO - Filling up the DagBag from /home/richonlinux/Documents/GitHub/AirflowTuto/venv/lib/python3.10/site-packages/airflow/example_dags/example_kubernetes_executor.py
[2024-07-18T19:15:32.944+0200] {logging_mixin.py:188} INFO - [2024-07-18T19:15:32.944+0200] {example_kubernetes_executor.py:39} WARNING - The example_kubernetes_executor example DAG requires the kubernetes provider. Please install it with: pip install apache-airflow[cncf.kubernetes]
[2024-07-18T19:15:32.944+0200] {processor.py:842} WARNING - No viable dags retrieved from /home/richonlinux/Documents/GitHub/AirflowTuto/venv/lib/python3.10/site-packages/airflow/example_dags/example_kubernetes_executor.py
[2024-07-18T19:15:32.951+0200] {processor.py:183} INFO - Processing /home/richonlinux/Documents/GitHub/AirflowTuto/venv/lib/python3.10/site-packages/airflow/example_dags/example_kubernetes_executor.py took 0.014 seconds
[2024-07-18T19:16:12.898+0200] {processor.py:161} INFO - Started process (PID=294247) to work on /home/richonlinux/Documents/GitHub/AirflowTuto/venv/lib/python3.10/site-packages/airflow/example_dags/example_kubernetes_executor.py
[2024-07-18T19:16:12.898+0200] {processor.py:830} INFO - Processing file /home/richonlinux/Documents/GitHub/AirflowTuto/venv/lib/python3.10/site-packages/airflow/example_dags/example_kubernetes_executor.py for tasks to queue
[2024-07-18T19:16:12.900+0200] {logging_mixin.py:188} INFO - [2024-07-18T19:16:12.899+0200] {dagbag.py:545} INFO - Filling up the DagBag from /home/richonlinux/Documents/GitHub/AirflowTuto/venv/lib/python3.10/site-packages/airflow/example_dags/example_kubernetes_executor.py
[2024-07-18T19:16:12.901+0200] {logging_mixin.py:188} INFO - [2024-07-18T19:16:12.901+0200] {example_kubernetes_executor.py:39} WARNING - The example_kubernetes_executor example DAG requires the kubernetes provider. Please install it with: pip install apache-airflow[cncf.kubernetes]
[2024-07-18T19:16:12.901+0200] {processor.py:842} WARNING - No viable dags retrieved from /home/richonlinux/Documents/GitHub/AirflowTuto/venv/lib/python3.10/site-packages/airflow/example_dags/example_kubernetes_executor.py
[2024-07-18T19:16:12.909+0200] {processor.py:183} INFO - Processing /home/richonlinux/Documents/GitHub/AirflowTuto/venv/lib/python3.10/site-packages/airflow/example_dags/example_kubernetes_executor.py took 0.015 seconds
[2024-07-18T19:16:48.857+0200] {processor.py:161} INFO - Started process (PID=294873) to work on /home/richonlinux/Documents/GitHub/AirflowTuto/venv/lib/python3.10/site-packages/airflow/example_dags/example_kubernetes_executor.py
[2024-07-18T19:16:48.859+0200] {processor.py:830} INFO - Processing file /home/richonlinux/Documents/GitHub/AirflowTuto/venv/lib/python3.10/site-packages/airflow/example_dags/example_kubernetes_executor.py for tasks to queue
[2024-07-18T19:16:48.860+0200] {logging_mixin.py:188} INFO - [2024-07-18T19:16:48.860+0200] {dagbag.py:545} INFO - Filling up the DagBag from /home/richonlinux/Documents/GitHub/AirflowTuto/venv/lib/python3.10/site-packages/airflow/example_dags/example_kubernetes_executor.py
[2024-07-18T19:16:48.862+0200] {logging_mixin.py:188} INFO - [2024-07-18T19:16:48.862+0200] {example_kubernetes_executor.py:39} WARNING - The example_kubernetes_executor example DAG requires the kubernetes provider. Please install it with: pip install apache-airflow[cncf.kubernetes]
[2024-07-18T19:16:48.862+0200] {processor.py:842} WARNING - No viable dags retrieved from /home/richonlinux/Documents/GitHub/AirflowTuto/venv/lib/python3.10/site-packages/airflow/example_dags/example_kubernetes_executor.py
[2024-07-18T19:16:48.868+0200] {processor.py:183} INFO - Processing /home/richonlinux/Documents/GitHub/AirflowTuto/venv/lib/python3.10/site-packages/airflow/example_dags/example_kubernetes_executor.py took 0.014 seconds
[2024-07-18T19:17:26.204+0200] {processor.py:161} INFO - Started process (PID=295513) to work on /home/richonlinux/Documents/GitHub/AirflowTuto/venv/lib/python3.10/site-packages/airflow/example_dags/example_kubernetes_executor.py
[2024-07-18T19:17:26.205+0200] {processor.py:830} INFO - Processing file /home/richonlinux/Documents/GitHub/AirflowTuto/venv/lib/python3.10/site-packages/airflow/example_dags/example_kubernetes_executor.py for tasks to queue
[2024-07-18T19:17:26.206+0200] {logging_mixin.py:188} INFO - [2024-07-18T19:17:26.206+0200] {dagbag.py:545} INFO - Filling up the DagBag from /home/richonlinux/Documents/GitHub/AirflowTuto/venv/lib/python3.10/site-packages/airflow/example_dags/example_kubernetes_executor.py
[2024-07-18T19:17:26.208+0200] {logging_mixin.py:188} INFO - [2024-07-18T19:17:26.207+0200] {example_kubernetes_executor.py:39} WARNING - The example_kubernetes_executor example DAG requires the kubernetes provider. Please install it with: pip install apache-airflow[cncf.kubernetes]
[2024-07-18T19:17:26.208+0200] {processor.py:842} WARNING - No viable dags retrieved from /home/richonlinux/Documents/GitHub/AirflowTuto/venv/lib/python3.10/site-packages/airflow/example_dags/example_kubernetes_executor.py
[2024-07-18T19:17:26.214+0200] {processor.py:183} INFO - Processing /home/richonlinux/Documents/GitHub/AirflowTuto/venv/lib/python3.10/site-packages/airflow/example_dags/example_kubernetes_executor.py took 0.013 seconds
[2024-07-18T19:18:05.515+0200] {processor.py:161} INFO - Started process (PID=296121) to work on /home/richonlinux/Documents/GitHub/AirflowTuto/venv/lib/python3.10/site-packages/airflow/example_dags/example_kubernetes_executor.py
[2024-07-18T19:18:05.516+0200] {processor.py:830} INFO - Processing file /home/richonlinux/Documents/GitHub/AirflowTuto/venv/lib/python3.10/site-packages/airflow/example_dags/example_kubernetes_executor.py for tasks to queue
[2024-07-18T19:18:05.517+0200] {logging_mixin.py:188} INFO - [2024-07-18T19:18:05.517+0200] {dagbag.py:545} INFO - Filling up the DagBag from /home/richonlinux/Documents/GitHub/AirflowTuto/venv/lib/python3.10/site-packages/airflow/example_dags/example_kubernetes_executor.py
[2024-07-18T19:18:05.518+0200] {logging_mixin.py:188} INFO - [2024-07-18T19:18:05.518+0200] {example_kubernetes_executor.py:39} WARNING - The example_kubernetes_executor example DAG requires the kubernetes provider. Please install it with: pip install apache-airflow[cncf.kubernetes]
[2024-07-18T19:18:05.519+0200] {processor.py:842} WARNING - No viable dags retrieved from /home/richonlinux/Documents/GitHub/AirflowTuto/venv/lib/python3.10/site-packages/airflow/example_dags/example_kubernetes_executor.py
[2024-07-18T19:18:05.525+0200] {processor.py:183} INFO - Processing /home/richonlinux/Documents/GitHub/AirflowTuto/venv/lib/python3.10/site-packages/airflow/example_dags/example_kubernetes_executor.py took 0.014 seconds
[2024-07-18T19:18:47.164+0200] {processor.py:161} INFO - Started process (PID=296825) to work on /home/richonlinux/Documents/GitHub/AirflowTuto/venv/lib/python3.10/site-packages/airflow/example_dags/example_kubernetes_executor.py
[2024-07-18T19:18:47.168+0200] {processor.py:830} INFO - Processing file /home/richonlinux/Documents/GitHub/AirflowTuto/venv/lib/python3.10/site-packages/airflow/example_dags/example_kubernetes_executor.py for tasks to queue
[2024-07-18T19:18:47.169+0200] {logging_mixin.py:188} INFO - [2024-07-18T19:18:47.169+0200] {dagbag.py:545} INFO - Filling up the DagBag from /home/richonlinux/Documents/GitHub/AirflowTuto/venv/lib/python3.10/site-packages/airflow/example_dags/example_kubernetes_executor.py
[2024-07-18T19:18:47.171+0200] {logging_mixin.py:188} INFO - [2024-07-18T19:18:47.171+0200] {example_kubernetes_executor.py:39} WARNING - The example_kubernetes_executor example DAG requires the kubernetes provider. Please install it with: pip install apache-airflow[cncf.kubernetes]
[2024-07-18T19:18:47.171+0200] {processor.py:842} WARNING - No viable dags retrieved from /home/richonlinux/Documents/GitHub/AirflowTuto/venv/lib/python3.10/site-packages/airflow/example_dags/example_kubernetes_executor.py
[2024-07-18T19:18:47.178+0200] {processor.py:183} INFO - Processing /home/richonlinux/Documents/GitHub/AirflowTuto/venv/lib/python3.10/site-packages/airflow/example_dags/example_kubernetes_executor.py took 0.018 seconds
[2024-07-18T19:19:26.407+0200] {processor.py:161} INFO - Started process (PID=297515) to work on /home/richonlinux/Documents/GitHub/AirflowTuto/venv/lib/python3.10/site-packages/airflow/example_dags/example_kubernetes_executor.py
[2024-07-18T19:19:26.411+0200] {processor.py:830} INFO - Processing file /home/richonlinux/Documents/GitHub/AirflowTuto/venv/lib/python3.10/site-packages/airflow/example_dags/example_kubernetes_executor.py for tasks to queue
[2024-07-18T19:19:26.412+0200] {logging_mixin.py:188} INFO - [2024-07-18T19:19:26.412+0200] {dagbag.py:545} INFO - Filling up the DagBag from /home/richonlinux/Documents/GitHub/AirflowTuto/venv/lib/python3.10/site-packages/airflow/example_dags/example_kubernetes_executor.py
[2024-07-18T19:19:26.417+0200] {logging_mixin.py:188} INFO - [2024-07-18T19:19:26.417+0200] {example_kubernetes_executor.py:39} WARNING - The example_kubernetes_executor example DAG requires the kubernetes provider. Please install it with: pip install apache-airflow[cncf.kubernetes]
[2024-07-18T19:19:26.417+0200] {processor.py:842} WARNING - No viable dags retrieved from /home/richonlinux/Documents/GitHub/AirflowTuto/venv/lib/python3.10/site-packages/airflow/example_dags/example_kubernetes_executor.py
[2024-07-18T19:19:26.424+0200] {processor.py:183} INFO - Processing /home/richonlinux/Documents/GitHub/AirflowTuto/venv/lib/python3.10/site-packages/airflow/example_dags/example_kubernetes_executor.py took 0.020 seconds
[2024-07-18T19:20:04.123+0200] {processor.py:161} INFO - Started process (PID=298060) to work on /home/richonlinux/Documents/GitHub/AirflowTuto/venv/lib/python3.10/site-packages/airflow/example_dags/example_kubernetes_executor.py
[2024-07-18T19:20:04.124+0200] {processor.py:830} INFO - Processing file /home/richonlinux/Documents/GitHub/AirflowTuto/venv/lib/python3.10/site-packages/airflow/example_dags/example_kubernetes_executor.py for tasks to queue
[2024-07-18T19:20:04.125+0200] {logging_mixin.py:188} INFO - [2024-07-18T19:20:04.125+0200] {dagbag.py:545} INFO - Filling up the DagBag from /home/richonlinux/Documents/GitHub/AirflowTuto/venv/lib/python3.10/site-packages/airflow/example_dags/example_kubernetes_executor.py
[2024-07-18T19:20:04.127+0200] {logging_mixin.py:188} INFO - [2024-07-18T19:20:04.127+0200] {example_kubernetes_executor.py:39} WARNING - The example_kubernetes_executor example DAG requires the kubernetes provider. Please install it with: pip install apache-airflow[cncf.kubernetes]
[2024-07-18T19:20:04.127+0200] {processor.py:842} WARNING - No viable dags retrieved from /home/richonlinux/Documents/GitHub/AirflowTuto/venv/lib/python3.10/site-packages/airflow/example_dags/example_kubernetes_executor.py
[2024-07-18T19:20:04.135+0200] {processor.py:183} INFO - Processing /home/richonlinux/Documents/GitHub/AirflowTuto/venv/lib/python3.10/site-packages/airflow/example_dags/example_kubernetes_executor.py took 0.015 seconds
[2024-07-18T19:20:46.326+0200] {processor.py:161} INFO - Started process (PID=298757) to work on /home/richonlinux/Documents/GitHub/AirflowTuto/venv/lib/python3.10/site-packages/airflow/example_dags/example_kubernetes_executor.py
[2024-07-18T19:20:46.326+0200] {processor.py:830} INFO - Processing file /home/richonlinux/Documents/GitHub/AirflowTuto/venv/lib/python3.10/site-packages/airflow/example_dags/example_kubernetes_executor.py for tasks to queue
[2024-07-18T19:20:46.327+0200] {logging_mixin.py:188} INFO - [2024-07-18T19:20:46.327+0200] {dagbag.py:545} INFO - Filling up the DagBag from /home/richonlinux/Documents/GitHub/AirflowTuto/venv/lib/python3.10/site-packages/airflow/example_dags/example_kubernetes_executor.py
[2024-07-18T19:20:46.329+0200] {logging_mixin.py:188} INFO - [2024-07-18T19:20:46.329+0200] {example_kubernetes_executor.py:39} WARNING - The example_kubernetes_executor example DAG requires the kubernetes provider. Please install it with: pip install apache-airflow[cncf.kubernetes]
[2024-07-18T19:20:46.329+0200] {processor.py:842} WARNING - No viable dags retrieved from /home/richonlinux/Documents/GitHub/AirflowTuto/venv/lib/python3.10/site-packages/airflow/example_dags/example_kubernetes_executor.py
[2024-07-18T19:20:46.336+0200] {processor.py:183} INFO - Processing /home/richonlinux/Documents/GitHub/AirflowTuto/venv/lib/python3.10/site-packages/airflow/example_dags/example_kubernetes_executor.py took 0.013 seconds
[2024-07-18T19:21:27.418+0200] {processor.py:161} INFO - Started process (PID=299527) to work on /home/richonlinux/Documents/GitHub/AirflowTuto/venv/lib/python3.10/site-packages/airflow/example_dags/example_kubernetes_executor.py
[2024-07-18T19:21:27.419+0200] {processor.py:830} INFO - Processing file /home/richonlinux/Documents/GitHub/AirflowTuto/venv/lib/python3.10/site-packages/airflow/example_dags/example_kubernetes_executor.py for tasks to queue
[2024-07-18T19:21:27.420+0200] {logging_mixin.py:188} INFO - [2024-07-18T19:21:27.420+0200] {dagbag.py:545} INFO - Filling up the DagBag from /home/richonlinux/Documents/GitHub/AirflowTuto/venv/lib/python3.10/site-packages/airflow/example_dags/example_kubernetes_executor.py
[2024-07-18T19:21:27.422+0200] {logging_mixin.py:188} INFO - [2024-07-18T19:21:27.422+0200] {example_kubernetes_executor.py:39} WARNING - The example_kubernetes_executor example DAG requires the kubernetes provider. Please install it with: pip install apache-airflow[cncf.kubernetes]
[2024-07-18T19:21:27.422+0200] {processor.py:842} WARNING - No viable dags retrieved from /home/richonlinux/Documents/GitHub/AirflowTuto/venv/lib/python3.10/site-packages/airflow/example_dags/example_kubernetes_executor.py
[2024-07-18T19:21:27.428+0200] {processor.py:183} INFO - Processing /home/richonlinux/Documents/GitHub/AirflowTuto/venv/lib/python3.10/site-packages/airflow/example_dags/example_kubernetes_executor.py took 0.014 seconds
[2024-07-18T19:22:07.101+0200] {processor.py:161} INFO - Started process (PID=300102) to work on /home/richonlinux/Documents/GitHub/AirflowTuto/venv/lib/python3.10/site-packages/airflow/example_dags/example_kubernetes_executor.py
[2024-07-18T19:22:07.102+0200] {processor.py:830} INFO - Processing file /home/richonlinux/Documents/GitHub/AirflowTuto/venv/lib/python3.10/site-packages/airflow/example_dags/example_kubernetes_executor.py for tasks to queue
[2024-07-18T19:22:07.103+0200] {logging_mixin.py:188} INFO - [2024-07-18T19:22:07.103+0200] {dagbag.py:545} INFO - Filling up the DagBag from /home/richonlinux/Documents/GitHub/AirflowTuto/venv/lib/python3.10/site-packages/airflow/example_dags/example_kubernetes_executor.py
[2024-07-18T19:22:07.105+0200] {logging_mixin.py:188} INFO - [2024-07-18T19:22:07.105+0200] {example_kubernetes_executor.py:39} WARNING - The example_kubernetes_executor example DAG requires the kubernetes provider. Please install it with: pip install apache-airflow[cncf.kubernetes]
[2024-07-18T19:22:07.105+0200] {processor.py:842} WARNING - No viable dags retrieved from /home/richonlinux/Documents/GitHub/AirflowTuto/venv/lib/python3.10/site-packages/airflow/example_dags/example_kubernetes_executor.py
[2024-07-18T19:22:07.112+0200] {processor.py:183} INFO - Processing /home/richonlinux/Documents/GitHub/AirflowTuto/venv/lib/python3.10/site-packages/airflow/example_dags/example_kubernetes_executor.py took 0.015 seconds
