[2024-07-18T18:16:24.851+0200] {processor.py:161} INFO - Started process (PID=258040) to work on /home/richonlinux/Documents/GitHub/AirflowTuto/venv/lib/python3.10/site-packages/airflow/example_dags/example_sensor_decorator.py
[2024-07-18T18:16:24.852+0200] {processor.py:830} INFO - Processing file /home/richonlinux/Documents/GitHub/AirflowTuto/venv/lib/python3.10/site-packages/airflow/example_dags/example_sensor_decorator.py for tasks to queue
[2024-07-18T18:16:24.853+0200] {logging_mixin.py:188} INFO - [2024-07-18T18:16:24.852+0200] {dagbag.py:545} INFO - Filling up the DagBag from /home/richonlinux/Documents/GitHub/AirflowTuto/venv/lib/python3.10/site-packages/airflow/example_dags/example_sensor_decorator.py
[2024-07-18T18:16:24.859+0200] {processor.py:840} INFO - DAG(s) 'example_sensor_decorator' retrieved from /home/richonlinux/Documents/GitHub/AirflowTuto/venv/lib/python3.10/site-packages/airflow/example_dags/example_sensor_decorator.py
[2024-07-18T18:16:24.919+0200] {logging_mixin.py:188} INFO - [2024-07-18T18:16:24.919+0200] {override.py:1858} INFO - Created Permission View: can edit on DAG:example_sensor_decorator
[2024-07-18T18:16:24.927+0200] {logging_mixin.py:188} INFO - [2024-07-18T18:16:24.926+0200] {override.py:1858} INFO - Created Permission View: can read on DAG:example_sensor_decorator
[2024-07-18T18:16:24.932+0200] {logging_mixin.py:188} INFO - [2024-07-18T18:16:24.932+0200] {override.py:1858} INFO - Created Permission View: can delete on DAG:example_sensor_decorator
[2024-07-18T18:16:24.933+0200] {logging_mixin.py:188} INFO - [2024-07-18T18:16:24.933+0200] {dag.py:3089} INFO - Sync 1 DAGs
[2024-07-18T18:16:24.939+0200] {logging_mixin.py:188} INFO - [2024-07-18T18:16:24.939+0200] {dag.py:3111} INFO - Creating ORM DAG for example_sensor_decorator
[2024-07-18T18:16:24.939+0200] {logging_mixin.py:188} INFO - [2024-07-18T18:16:24.939+0200] {dag.py:3947} INFO - Setting next_dagrun for example_sensor_decorator to None, run_after=None
[2024-07-18T18:16:24.951+0200] {processor.py:183} INFO - Processing /home/richonlinux/Documents/GitHub/AirflowTuto/venv/lib/python3.10/site-packages/airflow/example_dags/example_sensor_decorator.py took 0.103 seconds
[2024-07-18T18:17:17.211+0200] {processor.py:161} INFO - Started process (PID=258921) to work on /home/richonlinux/Documents/GitHub/AirflowTuto/venv/lib/python3.10/site-packages/airflow/example_dags/example_sensor_decorator.py
[2024-07-18T18:17:17.212+0200] {processor.py:830} INFO - Processing file /home/richonlinux/Documents/GitHub/AirflowTuto/venv/lib/python3.10/site-packages/airflow/example_dags/example_sensor_decorator.py for tasks to queue
[2024-07-18T18:17:17.213+0200] {logging_mixin.py:188} INFO - [2024-07-18T18:17:17.213+0200] {dagbag.py:545} INFO - Filling up the DagBag from /home/richonlinux/Documents/GitHub/AirflowTuto/venv/lib/python3.10/site-packages/airflow/example_dags/example_sensor_decorator.py
[2024-07-18T18:17:17.217+0200] {processor.py:840} INFO - DAG(s) 'example_sensor_decorator' retrieved from /home/richonlinux/Documents/GitHub/AirflowTuto/venv/lib/python3.10/site-packages/airflow/example_dags/example_sensor_decorator.py
[2024-07-18T18:17:17.225+0200] {logging_mixin.py:188} INFO - [2024-07-18T18:17:17.224+0200] {dag.py:3089} INFO - Sync 1 DAGs
[2024-07-18T18:17:17.231+0200] {logging_mixin.py:188} INFO - [2024-07-18T18:17:17.230+0200] {dag.py:3947} INFO - Setting next_dagrun for example_sensor_decorator to None, run_after=None
[2024-07-18T18:17:17.242+0200] {processor.py:183} INFO - Processing /home/richonlinux/Documents/GitHub/AirflowTuto/venv/lib/python3.10/site-packages/airflow/example_dags/example_sensor_decorator.py took 0.036 seconds
[2024-07-18T18:44:05.081+0200] {processor.py:161} INFO - Started process (PID=260121) to work on /home/richonlinux/Documents/GitHub/AirflowTuto/venv/lib/python3.10/site-packages/airflow/example_dags/example_sensor_decorator.py
[2024-07-18T18:44:05.082+0200] {processor.py:830} INFO - Processing file /home/richonlinux/Documents/GitHub/AirflowTuto/venv/lib/python3.10/site-packages/airflow/example_dags/example_sensor_decorator.py for tasks to queue
[2024-07-18T18:44:05.084+0200] {logging_mixin.py:188} INFO - [2024-07-18T18:44:05.083+0200] {dagbag.py:545} INFO - Filling up the DagBag from /home/richonlinux/Documents/GitHub/AirflowTuto/venv/lib/python3.10/site-packages/airflow/example_dags/example_sensor_decorator.py
[2024-07-18T18:44:05.089+0200] {processor.py:840} INFO - DAG(s) 'example_sensor_decorator' retrieved from /home/richonlinux/Documents/GitHub/AirflowTuto/venv/lib/python3.10/site-packages/airflow/example_dags/example_sensor_decorator.py
[2024-07-18T18:44:05.100+0200] {logging_mixin.py:188} INFO - [2024-07-18T18:44:05.100+0200] {dag.py:3089} INFO - Sync 1 DAGs
[2024-07-18T18:44:05.107+0200] {logging_mixin.py:188} INFO - [2024-07-18T18:44:05.107+0200] {dag.py:3947} INFO - Setting next_dagrun for example_sensor_decorator to None, run_after=None
[2024-07-18T18:44:05.120+0200] {processor.py:183} INFO - Processing /home/richonlinux/Documents/GitHub/AirflowTuto/venv/lib/python3.10/site-packages/airflow/example_dags/example_sensor_decorator.py took 0.045 seconds
[2024-07-18T18:44:54.906+0200] {processor.py:161} INFO - Started process (PID=261097) to work on /home/richonlinux/Documents/GitHub/AirflowTuto/venv/lib/python3.10/site-packages/airflow/example_dags/example_sensor_decorator.py
[2024-07-18T18:44:54.907+0200] {processor.py:830} INFO - Processing file /home/richonlinux/Documents/GitHub/AirflowTuto/venv/lib/python3.10/site-packages/airflow/example_dags/example_sensor_decorator.py for tasks to queue
[2024-07-18T18:44:54.908+0200] {logging_mixin.py:188} INFO - [2024-07-18T18:44:54.908+0200] {dagbag.py:545} INFO - Filling up the DagBag from /home/richonlinux/Documents/GitHub/AirflowTuto/venv/lib/python3.10/site-packages/airflow/example_dags/example_sensor_decorator.py
[2024-07-18T18:44:54.913+0200] {processor.py:840} INFO - DAG(s) 'example_sensor_decorator' retrieved from /home/richonlinux/Documents/GitHub/AirflowTuto/venv/lib/python3.10/site-packages/airflow/example_dags/example_sensor_decorator.py
[2024-07-18T18:44:54.921+0200] {logging_mixin.py:188} INFO - [2024-07-18T18:44:54.921+0200] {dag.py:3089} INFO - Sync 1 DAGs
[2024-07-18T18:44:54.927+0200] {logging_mixin.py:188} INFO - [2024-07-18T18:44:54.927+0200] {dag.py:3947} INFO - Setting next_dagrun for example_sensor_decorator to None, run_after=None
[2024-07-18T18:44:54.940+0200] {processor.py:183} INFO - Processing /home/richonlinux/Documents/GitHub/AirflowTuto/venv/lib/python3.10/site-packages/airflow/example_dags/example_sensor_decorator.py took 0.038 seconds
[2024-07-18T18:45:42.981+0200] {processor.py:161} INFO - Started process (PID=261891) to work on /home/richonlinux/Documents/GitHub/AirflowTuto/venv/lib/python3.10/site-packages/airflow/example_dags/example_sensor_decorator.py
[2024-07-18T18:45:42.982+0200] {processor.py:830} INFO - Processing file /home/richonlinux/Documents/GitHub/AirflowTuto/venv/lib/python3.10/site-packages/airflow/example_dags/example_sensor_decorator.py for tasks to queue
[2024-07-18T18:45:42.984+0200] {logging_mixin.py:188} INFO - [2024-07-18T18:45:42.984+0200] {dagbag.py:545} INFO - Filling up the DagBag from /home/richonlinux/Documents/GitHub/AirflowTuto/venv/lib/python3.10/site-packages/airflow/example_dags/example_sensor_decorator.py
[2024-07-18T18:45:42.988+0200] {processor.py:840} INFO - DAG(s) 'example_sensor_decorator' retrieved from /home/richonlinux/Documents/GitHub/AirflowTuto/venv/lib/python3.10/site-packages/airflow/example_dags/example_sensor_decorator.py
[2024-07-18T18:45:42.996+0200] {logging_mixin.py:188} INFO - [2024-07-18T18:45:42.996+0200] {dag.py:3089} INFO - Sync 1 DAGs
[2024-07-18T18:45:43.002+0200] {logging_mixin.py:188} INFO - [2024-07-18T18:45:43.002+0200] {dag.py:3947} INFO - Setting next_dagrun for example_sensor_decorator to None, run_after=None
[2024-07-18T18:45:43.014+0200] {processor.py:183} INFO - Processing /home/richonlinux/Documents/GitHub/AirflowTuto/venv/lib/python3.10/site-packages/airflow/example_dags/example_sensor_decorator.py took 0.041 seconds
[2024-07-18T18:46:26.355+0200] {processor.py:161} INFO - Started process (PID=262933) to work on /home/richonlinux/Documents/GitHub/AirflowTuto/venv/lib/python3.10/site-packages/airflow/example_dags/example_sensor_decorator.py
[2024-07-18T18:46:26.355+0200] {processor.py:830} INFO - Processing file /home/richonlinux/Documents/GitHub/AirflowTuto/venv/lib/python3.10/site-packages/airflow/example_dags/example_sensor_decorator.py for tasks to queue
[2024-07-18T18:46:26.356+0200] {logging_mixin.py:188} INFO - [2024-07-18T18:46:26.356+0200] {dagbag.py:545} INFO - Filling up the DagBag from /home/richonlinux/Documents/GitHub/AirflowTuto/venv/lib/python3.10/site-packages/airflow/example_dags/example_sensor_decorator.py
[2024-07-18T18:46:26.361+0200] {processor.py:840} INFO - DAG(s) 'example_sensor_decorator' retrieved from /home/richonlinux/Documents/GitHub/AirflowTuto/venv/lib/python3.10/site-packages/airflow/example_dags/example_sensor_decorator.py
[2024-07-18T18:46:26.370+0200] {logging_mixin.py:188} INFO - [2024-07-18T18:46:26.370+0200] {dag.py:3089} INFO - Sync 1 DAGs
[2024-07-18T18:46:26.378+0200] {logging_mixin.py:188} INFO - [2024-07-18T18:46:26.378+0200] {dag.py:3947} INFO - Setting next_dagrun for example_sensor_decorator to None, run_after=None
[2024-07-18T18:46:26.394+0200] {processor.py:183} INFO - Processing /home/richonlinux/Documents/GitHub/AirflowTuto/venv/lib/python3.10/site-packages/airflow/example_dags/example_sensor_decorator.py took 0.043 seconds
[2024-07-18T18:49:37.397+0200] {processor.py:161} INFO - Started process (PID=266215) to work on /home/richonlinux/Documents/GitHub/AirflowTuto/venv/lib/python3.10/site-packages/airflow/example_dags/example_sensor_decorator.py
[2024-07-18T18:49:37.401+0200] {processor.py:830} INFO - Processing file /home/richonlinux/Documents/GitHub/AirflowTuto/venv/lib/python3.10/site-packages/airflow/example_dags/example_sensor_decorator.py for tasks to queue
[2024-07-18T18:49:37.403+0200] {logging_mixin.py:188} INFO - [2024-07-18T18:49:37.403+0200] {dagbag.py:545} INFO - Filling up the DagBag from /home/richonlinux/Documents/GitHub/AirflowTuto/venv/lib/python3.10/site-packages/airflow/example_dags/example_sensor_decorator.py
[2024-07-18T18:49:37.412+0200] {processor.py:840} INFO - DAG(s) 'example_sensor_decorator' retrieved from /home/richonlinux/Documents/GitHub/AirflowTuto/venv/lib/python3.10/site-packages/airflow/example_dags/example_sensor_decorator.py
[2024-07-18T18:49:37.416+0200] {logging_mixin.py:188} INFO - [2024-07-18T18:49:37.416+0200] {dag.py:3089} INFO - Sync 1 DAGs
[2024-07-18T18:49:37.422+0200] {logging_mixin.py:188} INFO - [2024-07-18T18:49:37.422+0200] {dag.py:3947} INFO - Setting next_dagrun for example_sensor_decorator to None, run_after=None
[2024-07-18T18:49:37.434+0200] {processor.py:183} INFO - Processing /home/richonlinux/Documents/GitHub/AirflowTuto/venv/lib/python3.10/site-packages/airflow/example_dags/example_sensor_decorator.py took 0.044 seconds
[2024-07-18T18:51:30.781+0200] {processor.py:161} INFO - Started process (PID=268451) to work on /home/richonlinux/Documents/GitHub/AirflowTuto/venv/lib/python3.10/site-packages/airflow/example_dags/example_sensor_decorator.py
[2024-07-18T18:51:30.785+0200] {processor.py:830} INFO - Processing file /home/richonlinux/Documents/GitHub/AirflowTuto/venv/lib/python3.10/site-packages/airflow/example_dags/example_sensor_decorator.py for tasks to queue
[2024-07-18T18:51:30.787+0200] {logging_mixin.py:188} INFO - [2024-07-18T18:51:30.786+0200] {dagbag.py:545} INFO - Filling up the DagBag from /home/richonlinux/Documents/GitHub/AirflowTuto/venv/lib/python3.10/site-packages/airflow/example_dags/example_sensor_decorator.py
[2024-07-18T18:51:30.795+0200] {processor.py:840} INFO - DAG(s) 'example_sensor_decorator' retrieved from /home/richonlinux/Documents/GitHub/AirflowTuto/venv/lib/python3.10/site-packages/airflow/example_dags/example_sensor_decorator.py
[2024-07-18T18:51:30.799+0200] {logging_mixin.py:188} INFO - [2024-07-18T18:51:30.799+0200] {dag.py:3089} INFO - Sync 1 DAGs
[2024-07-18T18:51:30.805+0200] {logging_mixin.py:188} INFO - [2024-07-18T18:51:30.805+0200] {dag.py:3947} INFO - Setting next_dagrun for example_sensor_decorator to None, run_after=None
[2024-07-18T18:51:30.818+0200] {processor.py:183} INFO - Processing /home/richonlinux/Documents/GitHub/AirflowTuto/venv/lib/python3.10/site-packages/airflow/example_dags/example_sensor_decorator.py took 0.041 seconds
[2024-07-18T18:52:21.290+0200] {processor.py:161} INFO - Started process (PID=269273) to work on /home/richonlinux/Documents/GitHub/AirflowTuto/venv/lib/python3.10/site-packages/airflow/example_dags/example_sensor_decorator.py
[2024-07-18T18:52:21.291+0200] {processor.py:830} INFO - Processing file /home/richonlinux/Documents/GitHub/AirflowTuto/venv/lib/python3.10/site-packages/airflow/example_dags/example_sensor_decorator.py for tasks to queue
[2024-07-18T18:52:21.292+0200] {logging_mixin.py:188} INFO - [2024-07-18T18:52:21.292+0200] {dagbag.py:545} INFO - Filling up the DagBag from /home/richonlinux/Documents/GitHub/AirflowTuto/venv/lib/python3.10/site-packages/airflow/example_dags/example_sensor_decorator.py
[2024-07-18T18:52:21.295+0200] {processor.py:840} INFO - DAG(s) 'example_sensor_decorator' retrieved from /home/richonlinux/Documents/GitHub/AirflowTuto/venv/lib/python3.10/site-packages/airflow/example_dags/example_sensor_decorator.py
[2024-07-18T18:52:21.401+0200] {logging_mixin.py:188} INFO - [2024-07-18T18:52:21.401+0200] {dag.py:3089} INFO - Sync 1 DAGs
[2024-07-18T18:52:21.405+0200] {logging_mixin.py:188} INFO - [2024-07-18T18:52:21.405+0200] {dag.py:3947} INFO - Setting next_dagrun for example_sensor_decorator to None, run_after=None
[2024-07-18T18:52:21.421+0200] {processor.py:183} INFO - Processing /home/richonlinux/Documents/GitHub/AirflowTuto/venv/lib/python3.10/site-packages/airflow/example_dags/example_sensor_decorator.py took 0.136 seconds
[2024-07-18T18:53:12.979+0200] {processor.py:161} INFO - Started process (PID=270635) to work on /home/richonlinux/Documents/GitHub/AirflowTuto/venv/lib/python3.10/site-packages/airflow/example_dags/example_sensor_decorator.py
[2024-07-18T18:53:12.980+0200] {processor.py:830} INFO - Processing file /home/richonlinux/Documents/GitHub/AirflowTuto/venv/lib/python3.10/site-packages/airflow/example_dags/example_sensor_decorator.py for tasks to queue
[2024-07-18T18:53:12.981+0200] {logging_mixin.py:188} INFO - [2024-07-18T18:53:12.981+0200] {dagbag.py:545} INFO - Filling up the DagBag from /home/richonlinux/Documents/GitHub/AirflowTuto/venv/lib/python3.10/site-packages/airflow/example_dags/example_sensor_decorator.py
[2024-07-18T18:53:12.985+0200] {processor.py:840} INFO - DAG(s) 'example_sensor_decorator' retrieved from /home/richonlinux/Documents/GitHub/AirflowTuto/venv/lib/python3.10/site-packages/airflow/example_dags/example_sensor_decorator.py
[2024-07-18T18:53:12.994+0200] {logging_mixin.py:188} INFO - [2024-07-18T18:53:12.994+0200] {dag.py:3089} INFO - Sync 1 DAGs
[2024-07-18T18:53:13.001+0200] {logging_mixin.py:188} INFO - [2024-07-18T18:53:13.000+0200] {dag.py:3947} INFO - Setting next_dagrun for example_sensor_decorator to None, run_after=None
[2024-07-18T18:53:13.076+0200] {processor.py:183} INFO - Processing /home/richonlinux/Documents/GitHub/AirflowTuto/venv/lib/python3.10/site-packages/airflow/example_dags/example_sensor_decorator.py took 0.100 seconds
[2024-07-18T18:53:58.242+0200] {processor.py:161} INFO - Started process (PID=271729) to work on /home/richonlinux/Documents/GitHub/AirflowTuto/venv/lib/python3.10/site-packages/airflow/example_dags/example_sensor_decorator.py
[2024-07-18T18:53:58.246+0200] {processor.py:830} INFO - Processing file /home/richonlinux/Documents/GitHub/AirflowTuto/venv/lib/python3.10/site-packages/airflow/example_dags/example_sensor_decorator.py for tasks to queue
[2024-07-18T18:53:58.248+0200] {logging_mixin.py:188} INFO - [2024-07-18T18:53:58.248+0200] {dagbag.py:545} INFO - Filling up the DagBag from /home/richonlinux/Documents/GitHub/AirflowTuto/venv/lib/python3.10/site-packages/airflow/example_dags/example_sensor_decorator.py
[2024-07-18T18:53:58.254+0200] {processor.py:840} INFO - DAG(s) 'example_sensor_decorator' retrieved from /home/richonlinux/Documents/GitHub/AirflowTuto/venv/lib/python3.10/site-packages/airflow/example_dags/example_sensor_decorator.py
[2024-07-18T18:53:58.263+0200] {logging_mixin.py:188} INFO - [2024-07-18T18:53:58.263+0200] {dag.py:3089} INFO - Sync 1 DAGs
[2024-07-18T18:53:58.269+0200] {logging_mixin.py:188} INFO - [2024-07-18T18:53:58.268+0200] {dag.py:3947} INFO - Setting next_dagrun for example_sensor_decorator to None, run_after=None
[2024-07-18T18:53:58.281+0200] {processor.py:183} INFO - Processing /home/richonlinux/Documents/GitHub/AirflowTuto/venv/lib/python3.10/site-packages/airflow/example_dags/example_sensor_decorator.py took 0.041 seconds
[2024-07-18T18:54:42.284+0200] {processor.py:161} INFO - Started process (PID=272473) to work on /home/richonlinux/Documents/GitHub/AirflowTuto/venv/lib/python3.10/site-packages/airflow/example_dags/example_sensor_decorator.py
[2024-07-18T18:54:42.286+0200] {processor.py:830} INFO - Processing file /home/richonlinux/Documents/GitHub/AirflowTuto/venv/lib/python3.10/site-packages/airflow/example_dags/example_sensor_decorator.py for tasks to queue
[2024-07-18T18:54:42.288+0200] {logging_mixin.py:188} INFO - [2024-07-18T18:54:42.287+0200] {dagbag.py:545} INFO - Filling up the DagBag from /home/richonlinux/Documents/GitHub/AirflowTuto/venv/lib/python3.10/site-packages/airflow/example_dags/example_sensor_decorator.py
[2024-07-18T18:54:42.293+0200] {processor.py:840} INFO - DAG(s) 'example_sensor_decorator' retrieved from /home/richonlinux/Documents/GitHub/AirflowTuto/venv/lib/python3.10/site-packages/airflow/example_dags/example_sensor_decorator.py
[2024-07-18T18:54:42.301+0200] {logging_mixin.py:188} INFO - [2024-07-18T18:54:42.301+0200] {dag.py:3089} INFO - Sync 1 DAGs
[2024-07-18T18:54:42.307+0200] {logging_mixin.py:188} INFO - [2024-07-18T18:54:42.306+0200] {dag.py:3947} INFO - Setting next_dagrun for example_sensor_decorator to None, run_after=None
[2024-07-18T18:54:42.319+0200] {processor.py:183} INFO - Processing /home/richonlinux/Documents/GitHub/AirflowTuto/venv/lib/python3.10/site-packages/airflow/example_dags/example_sensor_decorator.py took 0.044 seconds
[2024-07-18T18:55:21.730+0200] {processor.py:161} INFO - Started process (PID=273119) to work on /home/richonlinux/Documents/GitHub/AirflowTuto/venv/lib/python3.10/site-packages/airflow/example_dags/example_sensor_decorator.py
[2024-07-18T18:55:21.731+0200] {processor.py:830} INFO - Processing file /home/richonlinux/Documents/GitHub/AirflowTuto/venv/lib/python3.10/site-packages/airflow/example_dags/example_sensor_decorator.py for tasks to queue
[2024-07-18T18:55:21.733+0200] {logging_mixin.py:188} INFO - [2024-07-18T18:55:21.732+0200] {dagbag.py:545} INFO - Filling up the DagBag from /home/richonlinux/Documents/GitHub/AirflowTuto/venv/lib/python3.10/site-packages/airflow/example_dags/example_sensor_decorator.py
[2024-07-18T18:55:21.737+0200] {processor.py:840} INFO - DAG(s) 'example_sensor_decorator' retrieved from /home/richonlinux/Documents/GitHub/AirflowTuto/venv/lib/python3.10/site-packages/airflow/example_dags/example_sensor_decorator.py
[2024-07-18T18:55:21.745+0200] {logging_mixin.py:188} INFO - [2024-07-18T18:55:21.745+0200] {dag.py:3089} INFO - Sync 1 DAGs
[2024-07-18T18:55:21.753+0200] {logging_mixin.py:188} INFO - [2024-07-18T18:55:21.753+0200] {dag.py:3947} INFO - Setting next_dagrun for example_sensor_decorator to None, run_after=None
[2024-07-18T18:55:21.767+0200] {processor.py:183} INFO - Processing /home/richonlinux/Documents/GitHub/AirflowTuto/venv/lib/python3.10/site-packages/airflow/example_dags/example_sensor_decorator.py took 0.045 seconds
[2024-07-18T18:56:05.812+0200] {processor.py:161} INFO - Started process (PID=273819) to work on /home/richonlinux/Documents/GitHub/AirflowTuto/venv/lib/python3.10/site-packages/airflow/example_dags/example_sensor_decorator.py
[2024-07-18T18:56:05.816+0200] {processor.py:830} INFO - Processing file /home/richonlinux/Documents/GitHub/AirflowTuto/venv/lib/python3.10/site-packages/airflow/example_dags/example_sensor_decorator.py for tasks to queue
[2024-07-18T18:56:05.817+0200] {logging_mixin.py:188} INFO - [2024-07-18T18:56:05.817+0200] {dagbag.py:545} INFO - Filling up the DagBag from /home/richonlinux/Documents/GitHub/AirflowTuto/venv/lib/python3.10/site-packages/airflow/example_dags/example_sensor_decorator.py
[2024-07-18T18:56:05.821+0200] {processor.py:840} INFO - DAG(s) 'example_sensor_decorator' retrieved from /home/richonlinux/Documents/GitHub/AirflowTuto/venv/lib/python3.10/site-packages/airflow/example_dags/example_sensor_decorator.py
[2024-07-18T18:56:05.830+0200] {logging_mixin.py:188} INFO - [2024-07-18T18:56:05.829+0200] {dag.py:3089} INFO - Sync 1 DAGs
[2024-07-18T18:56:05.835+0200] {logging_mixin.py:188} INFO - [2024-07-18T18:56:05.835+0200] {dag.py:3947} INFO - Setting next_dagrun for example_sensor_decorator to None, run_after=None
[2024-07-18T18:56:05.848+0200] {processor.py:183} INFO - Processing /home/richonlinux/Documents/GitHub/AirflowTuto/venv/lib/python3.10/site-packages/airflow/example_dags/example_sensor_decorator.py took 0.040 seconds
[2024-07-18T18:57:00.095+0200] {processor.py:161} INFO - Started process (PID=274781) to work on /home/richonlinux/Documents/GitHub/AirflowTuto/venv/lib/python3.10/site-packages/airflow/example_dags/example_sensor_decorator.py
[2024-07-18T18:57:00.096+0200] {processor.py:830} INFO - Processing file /home/richonlinux/Documents/GitHub/AirflowTuto/venv/lib/python3.10/site-packages/airflow/example_dags/example_sensor_decorator.py for tasks to queue
[2024-07-18T18:57:00.097+0200] {logging_mixin.py:188} INFO - [2024-07-18T18:57:00.096+0200] {dagbag.py:545} INFO - Filling up the DagBag from /home/richonlinux/Documents/GitHub/AirflowTuto/venv/lib/python3.10/site-packages/airflow/example_dags/example_sensor_decorator.py
[2024-07-18T18:57:00.101+0200] {processor.py:840} INFO - DAG(s) 'example_sensor_decorator' retrieved from /home/richonlinux/Documents/GitHub/AirflowTuto/venv/lib/python3.10/site-packages/airflow/example_dags/example_sensor_decorator.py
[2024-07-18T18:57:00.110+0200] {logging_mixin.py:188} INFO - [2024-07-18T18:57:00.109+0200] {dag.py:3089} INFO - Sync 1 DAGs
[2024-07-18T18:57:00.117+0200] {logging_mixin.py:188} INFO - [2024-07-18T18:57:00.117+0200] {dag.py:3947} INFO - Setting next_dagrun for example_sensor_decorator to None, run_after=None
[2024-07-18T18:57:00.130+0200] {processor.py:183} INFO - Processing /home/richonlinux/Documents/GitHub/AirflowTuto/venv/lib/python3.10/site-packages/airflow/example_dags/example_sensor_decorator.py took 0.038 seconds
[2024-07-18T18:57:41.251+0200] {processor.py:161} INFO - Started process (PID=275442) to work on /home/richonlinux/Documents/GitHub/AirflowTuto/venv/lib/python3.10/site-packages/airflow/example_dags/example_sensor_decorator.py
[2024-07-18T18:57:41.255+0200] {processor.py:830} INFO - Processing file /home/richonlinux/Documents/GitHub/AirflowTuto/venv/lib/python3.10/site-packages/airflow/example_dags/example_sensor_decorator.py for tasks to queue
[2024-07-18T18:57:41.256+0200] {logging_mixin.py:188} INFO - [2024-07-18T18:57:41.256+0200] {dagbag.py:545} INFO - Filling up the DagBag from /home/richonlinux/Documents/GitHub/AirflowTuto/venv/lib/python3.10/site-packages/airflow/example_dags/example_sensor_decorator.py
[2024-07-18T18:57:41.261+0200] {processor.py:840} INFO - DAG(s) 'example_sensor_decorator' retrieved from /home/richonlinux/Documents/GitHub/AirflowTuto/venv/lib/python3.10/site-packages/airflow/example_dags/example_sensor_decorator.py
[2024-07-18T18:57:41.270+0200] {logging_mixin.py:188} INFO - [2024-07-18T18:57:41.270+0200] {dag.py:3089} INFO - Sync 1 DAGs
[2024-07-18T18:57:41.277+0200] {logging_mixin.py:188} INFO - [2024-07-18T18:57:41.277+0200] {dag.py:3947} INFO - Setting next_dagrun for example_sensor_decorator to None, run_after=None
[2024-07-18T18:57:41.290+0200] {processor.py:183} INFO - Processing /home/richonlinux/Documents/GitHub/AirflowTuto/venv/lib/python3.10/site-packages/airflow/example_dags/example_sensor_decorator.py took 0.048 seconds
[2024-07-18T18:58:20.595+0200] {processor.py:161} INFO - Started process (PID=276098) to work on /home/richonlinux/Documents/GitHub/AirflowTuto/venv/lib/python3.10/site-packages/airflow/example_dags/example_sensor_decorator.py
[2024-07-18T18:58:20.600+0200] {processor.py:830} INFO - Processing file /home/richonlinux/Documents/GitHub/AirflowTuto/venv/lib/python3.10/site-packages/airflow/example_dags/example_sensor_decorator.py for tasks to queue
[2024-07-18T18:58:20.601+0200] {logging_mixin.py:188} INFO - [2024-07-18T18:58:20.601+0200] {dagbag.py:545} INFO - Filling up the DagBag from /home/richonlinux/Documents/GitHub/AirflowTuto/venv/lib/python3.10/site-packages/airflow/example_dags/example_sensor_decorator.py
[2024-07-18T18:58:20.607+0200] {processor.py:840} INFO - DAG(s) 'example_sensor_decorator' retrieved from /home/richonlinux/Documents/GitHub/AirflowTuto/venv/lib/python3.10/site-packages/airflow/example_dags/example_sensor_decorator.py
[2024-07-18T18:58:20.615+0200] {logging_mixin.py:188} INFO - [2024-07-18T18:58:20.615+0200] {dag.py:3089} INFO - Sync 1 DAGs
[2024-07-18T18:58:20.621+0200] {logging_mixin.py:188} INFO - [2024-07-18T18:58:20.621+0200] {dag.py:3947} INFO - Setting next_dagrun for example_sensor_decorator to None, run_after=None
[2024-07-18T18:58:20.633+0200] {processor.py:183} INFO - Processing /home/richonlinux/Documents/GitHub/AirflowTuto/venv/lib/python3.10/site-packages/airflow/example_dags/example_sensor_decorator.py took 0.046 seconds
[2024-07-18T18:59:01.161+0200] {processor.py:161} INFO - Started process (PID=276766) to work on /home/richonlinux/Documents/GitHub/AirflowTuto/venv/lib/python3.10/site-packages/airflow/example_dags/example_sensor_decorator.py
[2024-07-18T18:59:01.162+0200] {processor.py:830} INFO - Processing file /home/richonlinux/Documents/GitHub/AirflowTuto/venv/lib/python3.10/site-packages/airflow/example_dags/example_sensor_decorator.py for tasks to queue
[2024-07-18T18:59:01.164+0200] {logging_mixin.py:188} INFO - [2024-07-18T18:59:01.163+0200] {dagbag.py:545} INFO - Filling up the DagBag from /home/richonlinux/Documents/GitHub/AirflowTuto/venv/lib/python3.10/site-packages/airflow/example_dags/example_sensor_decorator.py
[2024-07-18T18:59:01.168+0200] {processor.py:840} INFO - DAG(s) 'example_sensor_decorator' retrieved from /home/richonlinux/Documents/GitHub/AirflowTuto/venv/lib/python3.10/site-packages/airflow/example_dags/example_sensor_decorator.py
[2024-07-18T18:59:01.176+0200] {logging_mixin.py:188} INFO - [2024-07-18T18:59:01.176+0200] {dag.py:3089} INFO - Sync 1 DAGs
[2024-07-18T18:59:01.182+0200] {logging_mixin.py:188} INFO - [2024-07-18T18:59:01.182+0200] {dag.py:3947} INFO - Setting next_dagrun for example_sensor_decorator to None, run_after=None
[2024-07-18T18:59:01.195+0200] {processor.py:183} INFO - Processing /home/richonlinux/Documents/GitHub/AirflowTuto/venv/lib/python3.10/site-packages/airflow/example_dags/example_sensor_decorator.py took 0.043 seconds
[2024-07-18T18:59:41.639+0200] {processor.py:161} INFO - Started process (PID=277524) to work on /home/richonlinux/Documents/GitHub/AirflowTuto/venv/lib/python3.10/site-packages/airflow/example_dags/example_sensor_decorator.py
[2024-07-18T18:59:41.640+0200] {processor.py:830} INFO - Processing file /home/richonlinux/Documents/GitHub/AirflowTuto/venv/lib/python3.10/site-packages/airflow/example_dags/example_sensor_decorator.py for tasks to queue
[2024-07-18T18:59:41.640+0200] {logging_mixin.py:188} INFO - [2024-07-18T18:59:41.640+0200] {dagbag.py:545} INFO - Filling up the DagBag from /home/richonlinux/Documents/GitHub/AirflowTuto/venv/lib/python3.10/site-packages/airflow/example_dags/example_sensor_decorator.py
[2024-07-18T18:59:41.646+0200] {processor.py:840} INFO - DAG(s) 'example_sensor_decorator' retrieved from /home/richonlinux/Documents/GitHub/AirflowTuto/venv/lib/python3.10/site-packages/airflow/example_dags/example_sensor_decorator.py
[2024-07-18T18:59:41.655+0200] {logging_mixin.py:188} INFO - [2024-07-18T18:59:41.655+0200] {dag.py:3089} INFO - Sync 1 DAGs
[2024-07-18T18:59:41.662+0200] {logging_mixin.py:188} INFO - [2024-07-18T18:59:41.661+0200] {dag.py:3947} INFO - Setting next_dagrun for example_sensor_decorator to None, run_after=None
[2024-07-18T18:59:41.674+0200] {processor.py:183} INFO - Processing /home/richonlinux/Documents/GitHub/AirflowTuto/venv/lib/python3.10/site-packages/airflow/example_dags/example_sensor_decorator.py took 0.040 seconds
[2024-07-18T19:00:23.262+0200] {processor.py:161} INFO - Started process (PID=278324) to work on /home/richonlinux/Documents/GitHub/AirflowTuto/venv/lib/python3.10/site-packages/airflow/example_dags/example_sensor_decorator.py
[2024-07-18T19:00:23.266+0200] {processor.py:830} INFO - Processing file /home/richonlinux/Documents/GitHub/AirflowTuto/venv/lib/python3.10/site-packages/airflow/example_dags/example_sensor_decorator.py for tasks to queue
[2024-07-18T19:00:23.268+0200] {logging_mixin.py:188} INFO - [2024-07-18T19:00:23.268+0200] {dagbag.py:545} INFO - Filling up the DagBag from /home/richonlinux/Documents/GitHub/AirflowTuto/venv/lib/python3.10/site-packages/airflow/example_dags/example_sensor_decorator.py
[2024-07-18T19:00:23.274+0200] {processor.py:840} INFO - DAG(s) 'example_sensor_decorator' retrieved from /home/richonlinux/Documents/GitHub/AirflowTuto/venv/lib/python3.10/site-packages/airflow/example_dags/example_sensor_decorator.py
[2024-07-18T19:00:23.283+0200] {logging_mixin.py:188} INFO - [2024-07-18T19:00:23.283+0200] {dag.py:3089} INFO - Sync 1 DAGs
[2024-07-18T19:00:23.289+0200] {logging_mixin.py:188} INFO - [2024-07-18T19:00:23.289+0200] {dag.py:3947} INFO - Setting next_dagrun for example_sensor_decorator to None, run_after=None
[2024-07-18T19:00:23.304+0200] {processor.py:183} INFO - Processing /home/richonlinux/Documents/GitHub/AirflowTuto/venv/lib/python3.10/site-packages/airflow/example_dags/example_sensor_decorator.py took 0.052 seconds
[2024-07-18T19:01:05.767+0200] {processor.py:161} INFO - Started process (PID=279150) to work on /home/richonlinux/Documents/GitHub/AirflowTuto/venv/lib/python3.10/site-packages/airflow/example_dags/example_sensor_decorator.py
[2024-07-18T19:01:05.768+0200] {processor.py:830} INFO - Processing file /home/richonlinux/Documents/GitHub/AirflowTuto/venv/lib/python3.10/site-packages/airflow/example_dags/example_sensor_decorator.py for tasks to queue
[2024-07-18T19:01:05.770+0200] {logging_mixin.py:188} INFO - [2024-07-18T19:01:05.769+0200] {dagbag.py:545} INFO - Filling up the DagBag from /home/richonlinux/Documents/GitHub/AirflowTuto/venv/lib/python3.10/site-packages/airflow/example_dags/example_sensor_decorator.py
[2024-07-18T19:01:05.775+0200] {processor.py:840} INFO - DAG(s) 'example_sensor_decorator' retrieved from /home/richonlinux/Documents/GitHub/AirflowTuto/venv/lib/python3.10/site-packages/airflow/example_dags/example_sensor_decorator.py
[2024-07-18T19:01:05.783+0200] {logging_mixin.py:188} INFO - [2024-07-18T19:01:05.783+0200] {dag.py:3089} INFO - Sync 1 DAGs
[2024-07-18T19:01:05.788+0200] {logging_mixin.py:188} INFO - [2024-07-18T19:01:05.788+0200] {dag.py:3947} INFO - Setting next_dagrun for example_sensor_decorator to None, run_after=None
[2024-07-18T19:01:05.800+0200] {processor.py:183} INFO - Processing /home/richonlinux/Documents/GitHub/AirflowTuto/venv/lib/python3.10/site-packages/airflow/example_dags/example_sensor_decorator.py took 0.042 seconds
[2024-07-18T19:02:02.036+0200] {processor.py:161} INFO - Started process (PID=280280) to work on /home/richonlinux/Documents/GitHub/AirflowTuto/venv/lib/python3.10/site-packages/airflow/example_dags/example_sensor_decorator.py
[2024-07-18T19:02:02.037+0200] {processor.py:830} INFO - Processing file /home/richonlinux/Documents/GitHub/AirflowTuto/venv/lib/python3.10/site-packages/airflow/example_dags/example_sensor_decorator.py for tasks to queue
[2024-07-18T19:02:02.038+0200] {logging_mixin.py:188} INFO - [2024-07-18T19:02:02.038+0200] {dagbag.py:545} INFO - Filling up the DagBag from /home/richonlinux/Documents/GitHub/AirflowTuto/venv/lib/python3.10/site-packages/airflow/example_dags/example_sensor_decorator.py
[2024-07-18T19:02:02.041+0200] {processor.py:840} INFO - DAG(s) 'example_sensor_decorator' retrieved from /home/richonlinux/Documents/GitHub/AirflowTuto/venv/lib/python3.10/site-packages/airflow/example_dags/example_sensor_decorator.py
[2024-07-18T19:02:02.049+0200] {logging_mixin.py:188} INFO - [2024-07-18T19:02:02.049+0200] {dag.py:3089} INFO - Sync 1 DAGs
[2024-07-18T19:02:02.055+0200] {logging_mixin.py:188} INFO - [2024-07-18T19:02:02.055+0200] {dag.py:3947} INFO - Setting next_dagrun for example_sensor_decorator to None, run_after=None
[2024-07-18T19:02:02.068+0200] {processor.py:183} INFO - Processing /home/richonlinux/Documents/GitHub/AirflowTuto/venv/lib/python3.10/site-packages/airflow/example_dags/example_sensor_decorator.py took 0.036 seconds
[2024-07-18T19:02:40.976+0200] {processor.py:161} INFO - Started process (PID=280916) to work on /home/richonlinux/Documents/GitHub/AirflowTuto/venv/lib/python3.10/site-packages/airflow/example_dags/example_sensor_decorator.py
[2024-07-18T19:02:40.981+0200] {processor.py:830} INFO - Processing file /home/richonlinux/Documents/GitHub/AirflowTuto/venv/lib/python3.10/site-packages/airflow/example_dags/example_sensor_decorator.py for tasks to queue
[2024-07-18T19:02:40.983+0200] {logging_mixin.py:188} INFO - [2024-07-18T19:02:40.982+0200] {dagbag.py:545} INFO - Filling up the DagBag from /home/richonlinux/Documents/GitHub/AirflowTuto/venv/lib/python3.10/site-packages/airflow/example_dags/example_sensor_decorator.py
[2024-07-18T19:02:40.990+0200] {processor.py:840} INFO - DAG(s) 'example_sensor_decorator' retrieved from /home/richonlinux/Documents/GitHub/AirflowTuto/venv/lib/python3.10/site-packages/airflow/example_dags/example_sensor_decorator.py
[2024-07-18T19:02:40.998+0200] {logging_mixin.py:188} INFO - [2024-07-18T19:02:40.998+0200] {dag.py:3089} INFO - Sync 1 DAGs
[2024-07-18T19:02:41.004+0200] {logging_mixin.py:188} INFO - [2024-07-18T19:02:41.004+0200] {dag.py:3947} INFO - Setting next_dagrun for example_sensor_decorator to None, run_after=None
[2024-07-18T19:02:41.016+0200] {processor.py:183} INFO - Processing /home/richonlinux/Documents/GitHub/AirflowTuto/venv/lib/python3.10/site-packages/airflow/example_dags/example_sensor_decorator.py took 0.050 seconds
[2024-07-18T19:03:20.694+0200] {processor.py:161} INFO - Started process (PID=281548) to work on /home/richonlinux/Documents/GitHub/AirflowTuto/venv/lib/python3.10/site-packages/airflow/example_dags/example_sensor_decorator.py
[2024-07-18T19:03:20.698+0200] {processor.py:830} INFO - Processing file /home/richonlinux/Documents/GitHub/AirflowTuto/venv/lib/python3.10/site-packages/airflow/example_dags/example_sensor_decorator.py for tasks to queue
[2024-07-18T19:03:20.700+0200] {logging_mixin.py:188} INFO - [2024-07-18T19:03:20.700+0200] {dagbag.py:545} INFO - Filling up the DagBag from /home/richonlinux/Documents/GitHub/AirflowTuto/venv/lib/python3.10/site-packages/airflow/example_dags/example_sensor_decorator.py
[2024-07-18T19:03:20.707+0200] {processor.py:840} INFO - DAG(s) 'example_sensor_decorator' retrieved from /home/richonlinux/Documents/GitHub/AirflowTuto/venv/lib/python3.10/site-packages/airflow/example_dags/example_sensor_decorator.py
[2024-07-18T19:03:20.716+0200] {logging_mixin.py:188} INFO - [2024-07-18T19:03:20.716+0200] {dag.py:3089} INFO - Sync 1 DAGs
[2024-07-18T19:03:20.722+0200] {logging_mixin.py:188} INFO - [2024-07-18T19:03:20.722+0200] {dag.py:3947} INFO - Setting next_dagrun for example_sensor_decorator to None, run_after=None
[2024-07-18T19:03:20.735+0200] {processor.py:183} INFO - Processing /home/richonlinux/Documents/GitHub/AirflowTuto/venv/lib/python3.10/site-packages/airflow/example_dags/example_sensor_decorator.py took 0.049 seconds
[2024-07-18T19:04:01.972+0200] {processor.py:161} INFO - Started process (PID=282229) to work on /home/richonlinux/Documents/GitHub/AirflowTuto/venv/lib/python3.10/site-packages/airflow/example_dags/example_sensor_decorator.py
[2024-07-18T19:04:01.976+0200] {processor.py:830} INFO - Processing file /home/richonlinux/Documents/GitHub/AirflowTuto/venv/lib/python3.10/site-packages/airflow/example_dags/example_sensor_decorator.py for tasks to queue
[2024-07-18T19:04:01.977+0200] {logging_mixin.py:188} INFO - [2024-07-18T19:04:01.977+0200] {dagbag.py:545} INFO - Filling up the DagBag from /home/richonlinux/Documents/GitHub/AirflowTuto/venv/lib/python3.10/site-packages/airflow/example_dags/example_sensor_decorator.py
[2024-07-18T19:04:01.983+0200] {processor.py:840} INFO - DAG(s) 'example_sensor_decorator' retrieved from /home/richonlinux/Documents/GitHub/AirflowTuto/venv/lib/python3.10/site-packages/airflow/example_dags/example_sensor_decorator.py
[2024-07-18T19:04:01.992+0200] {logging_mixin.py:188} INFO - [2024-07-18T19:04:01.992+0200] {dag.py:3089} INFO - Sync 1 DAGs
[2024-07-18T19:04:01.998+0200] {logging_mixin.py:188} INFO - [2024-07-18T19:04:01.998+0200] {dag.py:3947} INFO - Setting next_dagrun for example_sensor_decorator to None, run_after=None
[2024-07-18T19:04:02.010+0200] {processor.py:183} INFO - Processing /home/richonlinux/Documents/GitHub/AirflowTuto/venv/lib/python3.10/site-packages/airflow/example_dags/example_sensor_decorator.py took 0.047 seconds
[2024-07-18T19:04:41.394+0200] {processor.py:161} INFO - Started process (PID=282847) to work on /home/richonlinux/Documents/GitHub/AirflowTuto/venv/lib/python3.10/site-packages/airflow/example_dags/example_sensor_decorator.py
[2024-07-18T19:04:41.395+0200] {processor.py:830} INFO - Processing file /home/richonlinux/Documents/GitHub/AirflowTuto/venv/lib/python3.10/site-packages/airflow/example_dags/example_sensor_decorator.py for tasks to queue
[2024-07-18T19:04:41.397+0200] {logging_mixin.py:188} INFO - [2024-07-18T19:04:41.396+0200] {dagbag.py:545} INFO - Filling up the DagBag from /home/richonlinux/Documents/GitHub/AirflowTuto/venv/lib/python3.10/site-packages/airflow/example_dags/example_sensor_decorator.py
[2024-07-18T19:04:41.402+0200] {processor.py:840} INFO - DAG(s) 'example_sensor_decorator' retrieved from /home/richonlinux/Documents/GitHub/AirflowTuto/venv/lib/python3.10/site-packages/airflow/example_dags/example_sensor_decorator.py
[2024-07-18T19:04:41.410+0200] {logging_mixin.py:188} INFO - [2024-07-18T19:04:41.410+0200] {dag.py:3089} INFO - Sync 1 DAGs
[2024-07-18T19:04:41.416+0200] {logging_mixin.py:188} INFO - [2024-07-18T19:04:41.415+0200] {dag.py:3947} INFO - Setting next_dagrun for example_sensor_decorator to None, run_after=None
[2024-07-18T19:04:41.431+0200] {processor.py:183} INFO - Processing /home/richonlinux/Documents/GitHub/AirflowTuto/venv/lib/python3.10/site-packages/airflow/example_dags/example_sensor_decorator.py took 0.044 seconds
[2024-07-18T19:05:20.295+0200] {processor.py:161} INFO - Started process (PID=283508) to work on /home/richonlinux/Documents/GitHub/AirflowTuto/venv/lib/python3.10/site-packages/airflow/example_dags/example_sensor_decorator.py
[2024-07-18T19:05:20.299+0200] {processor.py:830} INFO - Processing file /home/richonlinux/Documents/GitHub/AirflowTuto/venv/lib/python3.10/site-packages/airflow/example_dags/example_sensor_decorator.py for tasks to queue
[2024-07-18T19:05:20.301+0200] {logging_mixin.py:188} INFO - [2024-07-18T19:05:20.300+0200] {dagbag.py:545} INFO - Filling up the DagBag from /home/richonlinux/Documents/GitHub/AirflowTuto/venv/lib/python3.10/site-packages/airflow/example_dags/example_sensor_decorator.py
[2024-07-18T19:05:20.305+0200] {processor.py:840} INFO - DAG(s) 'example_sensor_decorator' retrieved from /home/richonlinux/Documents/GitHub/AirflowTuto/venv/lib/python3.10/site-packages/airflow/example_dags/example_sensor_decorator.py
[2024-07-18T19:05:20.315+0200] {logging_mixin.py:188} INFO - [2024-07-18T19:05:20.315+0200] {dag.py:3089} INFO - Sync 1 DAGs
[2024-07-18T19:05:20.322+0200] {logging_mixin.py:188} INFO - [2024-07-18T19:05:20.322+0200] {dag.py:3947} INFO - Setting next_dagrun for example_sensor_decorator to None, run_after=None
[2024-07-18T19:05:20.335+0200] {processor.py:183} INFO - Processing /home/richonlinux/Documents/GitHub/AirflowTuto/venv/lib/python3.10/site-packages/airflow/example_dags/example_sensor_decorator.py took 0.047 seconds
[2024-07-18T19:06:16.515+0200] {processor.py:161} INFO - Started process (PID=284542) to work on /home/richonlinux/Documents/GitHub/AirflowTuto/venv/lib/python3.10/site-packages/airflow/example_dags/example_sensor_decorator.py
[2024-07-18T19:06:16.515+0200] {processor.py:830} INFO - Processing file /home/richonlinux/Documents/GitHub/AirflowTuto/venv/lib/python3.10/site-packages/airflow/example_dags/example_sensor_decorator.py for tasks to queue
[2024-07-18T19:06:16.516+0200] {logging_mixin.py:188} INFO - [2024-07-18T19:06:16.516+0200] {dagbag.py:545} INFO - Filling up the DagBag from /home/richonlinux/Documents/GitHub/AirflowTuto/venv/lib/python3.10/site-packages/airflow/example_dags/example_sensor_decorator.py
[2024-07-18T19:06:16.520+0200] {processor.py:840} INFO - DAG(s) 'example_sensor_decorator' retrieved from /home/richonlinux/Documents/GitHub/AirflowTuto/venv/lib/python3.10/site-packages/airflow/example_dags/example_sensor_decorator.py
[2024-07-18T19:06:16.528+0200] {logging_mixin.py:188} INFO - [2024-07-18T19:06:16.528+0200] {dag.py:3089} INFO - Sync 1 DAGs
[2024-07-18T19:06:16.533+0200] {logging_mixin.py:188} INFO - [2024-07-18T19:06:16.533+0200] {dag.py:3947} INFO - Setting next_dagrun for example_sensor_decorator to None, run_after=None
[2024-07-18T19:06:16.546+0200] {processor.py:183} INFO - Processing /home/richonlinux/Documents/GitHub/AirflowTuto/venv/lib/python3.10/site-packages/airflow/example_dags/example_sensor_decorator.py took 0.034 seconds
[2024-07-18T19:06:56.694+0200] {processor.py:161} INFO - Started process (PID=285213) to work on /home/richonlinux/Documents/GitHub/AirflowTuto/venv/lib/python3.10/site-packages/airflow/example_dags/example_sensor_decorator.py
[2024-07-18T19:06:56.694+0200] {processor.py:830} INFO - Processing file /home/richonlinux/Documents/GitHub/AirflowTuto/venv/lib/python3.10/site-packages/airflow/example_dags/example_sensor_decorator.py for tasks to queue
[2024-07-18T19:06:56.695+0200] {logging_mixin.py:188} INFO - [2024-07-18T19:06:56.695+0200] {dagbag.py:545} INFO - Filling up the DagBag from /home/richonlinux/Documents/GitHub/AirflowTuto/venv/lib/python3.10/site-packages/airflow/example_dags/example_sensor_decorator.py
[2024-07-18T19:06:56.701+0200] {processor.py:840} INFO - DAG(s) 'example_sensor_decorator' retrieved from /home/richonlinux/Documents/GitHub/AirflowTuto/venv/lib/python3.10/site-packages/airflow/example_dags/example_sensor_decorator.py
[2024-07-18T19:06:56.711+0200] {logging_mixin.py:188} INFO - [2024-07-18T19:06:56.711+0200] {dag.py:3089} INFO - Sync 1 DAGs
[2024-07-18T19:06:56.719+0200] {logging_mixin.py:188} INFO - [2024-07-18T19:06:56.718+0200] {dag.py:3947} INFO - Setting next_dagrun for example_sensor_decorator to None, run_after=None
[2024-07-18T19:06:56.735+0200] {processor.py:183} INFO - Processing /home/richonlinux/Documents/GitHub/AirflowTuto/venv/lib/python3.10/site-packages/airflow/example_dags/example_sensor_decorator.py took 0.046 seconds
[2024-07-18T19:07:37.565+0200] {processor.py:161} INFO - Started process (PID=285882) to work on /home/richonlinux/Documents/GitHub/AirflowTuto/venv/lib/python3.10/site-packages/airflow/example_dags/example_sensor_decorator.py
[2024-07-18T19:07:37.566+0200] {processor.py:830} INFO - Processing file /home/richonlinux/Documents/GitHub/AirflowTuto/venv/lib/python3.10/site-packages/airflow/example_dags/example_sensor_decorator.py for tasks to queue
[2024-07-18T19:07:37.567+0200] {logging_mixin.py:188} INFO - [2024-07-18T19:07:37.567+0200] {dagbag.py:545} INFO - Filling up the DagBag from /home/richonlinux/Documents/GitHub/AirflowTuto/venv/lib/python3.10/site-packages/airflow/example_dags/example_sensor_decorator.py
[2024-07-18T19:07:37.571+0200] {processor.py:840} INFO - DAG(s) 'example_sensor_decorator' retrieved from /home/richonlinux/Documents/GitHub/AirflowTuto/venv/lib/python3.10/site-packages/airflow/example_dags/example_sensor_decorator.py
[2024-07-18T19:07:37.580+0200] {logging_mixin.py:188} INFO - [2024-07-18T19:07:37.580+0200] {dag.py:3089} INFO - Sync 1 DAGs
[2024-07-18T19:07:37.587+0200] {logging_mixin.py:188} INFO - [2024-07-18T19:07:37.587+0200] {dag.py:3947} INFO - Setting next_dagrun for example_sensor_decorator to None, run_after=None
[2024-07-18T19:07:37.601+0200] {processor.py:183} INFO - Processing /home/richonlinux/Documents/GitHub/AirflowTuto/venv/lib/python3.10/site-packages/airflow/example_dags/example_sensor_decorator.py took 0.039 seconds
[2024-07-18T19:08:15.919+0200] {processor.py:161} INFO - Started process (PID=286483) to work on /home/richonlinux/Documents/GitHub/AirflowTuto/venv/lib/python3.10/site-packages/airflow/example_dags/example_sensor_decorator.py
[2024-07-18T19:08:15.920+0200] {processor.py:830} INFO - Processing file /home/richonlinux/Documents/GitHub/AirflowTuto/venv/lib/python3.10/site-packages/airflow/example_dags/example_sensor_decorator.py for tasks to queue
[2024-07-18T19:08:15.920+0200] {logging_mixin.py:188} INFO - [2024-07-18T19:08:15.920+0200] {dagbag.py:545} INFO - Filling up the DagBag from /home/richonlinux/Documents/GitHub/AirflowTuto/venv/lib/python3.10/site-packages/airflow/example_dags/example_sensor_decorator.py
[2024-07-18T19:08:15.924+0200] {processor.py:840} INFO - DAG(s) 'example_sensor_decorator' retrieved from /home/richonlinux/Documents/GitHub/AirflowTuto/venv/lib/python3.10/site-packages/airflow/example_dags/example_sensor_decorator.py
[2024-07-18T19:08:15.932+0200] {logging_mixin.py:188} INFO - [2024-07-18T19:08:15.932+0200] {dag.py:3089} INFO - Sync 1 DAGs
[2024-07-18T19:08:15.938+0200] {logging_mixin.py:188} INFO - [2024-07-18T19:08:15.938+0200] {dag.py:3947} INFO - Setting next_dagrun for example_sensor_decorator to None, run_after=None
[2024-07-18T19:08:15.952+0200] {processor.py:183} INFO - Processing /home/richonlinux/Documents/GitHub/AirflowTuto/venv/lib/python3.10/site-packages/airflow/example_dags/example_sensor_decorator.py took 0.037 seconds
[2024-07-18T19:08:55.866+0200] {processor.py:161} INFO - Started process (PID=287185) to work on /home/richonlinux/Documents/GitHub/AirflowTuto/venv/lib/python3.10/site-packages/airflow/example_dags/example_sensor_decorator.py
[2024-07-18T19:08:55.867+0200] {processor.py:830} INFO - Processing file /home/richonlinux/Documents/GitHub/AirflowTuto/venv/lib/python3.10/site-packages/airflow/example_dags/example_sensor_decorator.py for tasks to queue
[2024-07-18T19:08:55.868+0200] {logging_mixin.py:188} INFO - [2024-07-18T19:08:55.868+0200] {dagbag.py:545} INFO - Filling up the DagBag from /home/richonlinux/Documents/GitHub/AirflowTuto/venv/lib/python3.10/site-packages/airflow/example_dags/example_sensor_decorator.py
[2024-07-18T19:08:55.871+0200] {processor.py:840} INFO - DAG(s) 'example_sensor_decorator' retrieved from /home/richonlinux/Documents/GitHub/AirflowTuto/venv/lib/python3.10/site-packages/airflow/example_dags/example_sensor_decorator.py
[2024-07-18T19:08:55.880+0200] {logging_mixin.py:188} INFO - [2024-07-18T19:08:55.880+0200] {dag.py:3089} INFO - Sync 1 DAGs
[2024-07-18T19:08:55.888+0200] {logging_mixin.py:188} INFO - [2024-07-18T19:08:55.887+0200] {dag.py:3947} INFO - Setting next_dagrun for example_sensor_decorator to None, run_after=None
[2024-07-18T19:08:55.902+0200] {processor.py:183} INFO - Processing /home/richonlinux/Documents/GitHub/AirflowTuto/venv/lib/python3.10/site-packages/airflow/example_dags/example_sensor_decorator.py took 0.039 seconds
[2024-07-18T19:09:52.335+0200] {processor.py:161} INFO - Started process (PID=288081) to work on /home/richonlinux/Documents/GitHub/AirflowTuto/venv/lib/python3.10/site-packages/airflow/example_dags/example_sensor_decorator.py
[2024-07-18T19:09:52.335+0200] {processor.py:830} INFO - Processing file /home/richonlinux/Documents/GitHub/AirflowTuto/venv/lib/python3.10/site-packages/airflow/example_dags/example_sensor_decorator.py for tasks to queue
[2024-07-18T19:09:52.336+0200] {logging_mixin.py:188} INFO - [2024-07-18T19:09:52.336+0200] {dagbag.py:545} INFO - Filling up the DagBag from /home/richonlinux/Documents/GitHub/AirflowTuto/venv/lib/python3.10/site-packages/airflow/example_dags/example_sensor_decorator.py
[2024-07-18T19:09:52.340+0200] {processor.py:840} INFO - DAG(s) 'example_sensor_decorator' retrieved from /home/richonlinux/Documents/GitHub/AirflowTuto/venv/lib/python3.10/site-packages/airflow/example_dags/example_sensor_decorator.py
[2024-07-18T19:09:52.349+0200] {logging_mixin.py:188} INFO - [2024-07-18T19:09:52.348+0200] {dag.py:3089} INFO - Sync 1 DAGs
[2024-07-18T19:09:52.356+0200] {logging_mixin.py:188} INFO - [2024-07-18T19:09:52.355+0200] {dag.py:3947} INFO - Setting next_dagrun for example_sensor_decorator to None, run_after=None
[2024-07-18T19:09:52.369+0200] {processor.py:183} INFO - Processing /home/richonlinux/Documents/GitHub/AirflowTuto/venv/lib/python3.10/site-packages/airflow/example_dags/example_sensor_decorator.py took 0.037 seconds
[2024-07-18T19:10:30.828+0200] {processor.py:161} INFO - Started process (PID=288728) to work on /home/richonlinux/Documents/GitHub/AirflowTuto/venv/lib/python3.10/site-packages/airflow/example_dags/example_sensor_decorator.py
[2024-07-18T19:10:30.829+0200] {processor.py:830} INFO - Processing file /home/richonlinux/Documents/GitHub/AirflowTuto/venv/lib/python3.10/site-packages/airflow/example_dags/example_sensor_decorator.py for tasks to queue
[2024-07-18T19:10:30.830+0200] {logging_mixin.py:188} INFO - [2024-07-18T19:10:30.830+0200] {dagbag.py:545} INFO - Filling up the DagBag from /home/richonlinux/Documents/GitHub/AirflowTuto/venv/lib/python3.10/site-packages/airflow/example_dags/example_sensor_decorator.py
[2024-07-18T19:10:30.834+0200] {processor.py:840} INFO - DAG(s) 'example_sensor_decorator' retrieved from /home/richonlinux/Documents/GitHub/AirflowTuto/venv/lib/python3.10/site-packages/airflow/example_dags/example_sensor_decorator.py
[2024-07-18T19:10:30.843+0200] {logging_mixin.py:188} INFO - [2024-07-18T19:10:30.843+0200] {dag.py:3089} INFO - Sync 1 DAGs
[2024-07-18T19:10:30.850+0200] {logging_mixin.py:188} INFO - [2024-07-18T19:10:30.850+0200] {dag.py:3947} INFO - Setting next_dagrun for example_sensor_decorator to None, run_after=None
[2024-07-18T19:10:30.864+0200] {processor.py:183} INFO - Processing /home/richonlinux/Documents/GitHub/AirflowTuto/venv/lib/python3.10/site-packages/airflow/example_dags/example_sensor_decorator.py took 0.041 seconds
[2024-07-18T19:11:26.476+0200] {processor.py:161} INFO - Started process (PID=289696) to work on /home/richonlinux/Documents/GitHub/AirflowTuto/venv/lib/python3.10/site-packages/airflow/example_dags/example_sensor_decorator.py
[2024-07-18T19:11:26.480+0200] {processor.py:830} INFO - Processing file /home/richonlinux/Documents/GitHub/AirflowTuto/venv/lib/python3.10/site-packages/airflow/example_dags/example_sensor_decorator.py for tasks to queue
[2024-07-18T19:11:26.481+0200] {logging_mixin.py:188} INFO - [2024-07-18T19:11:26.481+0200] {dagbag.py:545} INFO - Filling up the DagBag from /home/richonlinux/Documents/GitHub/AirflowTuto/venv/lib/python3.10/site-packages/airflow/example_dags/example_sensor_decorator.py
[2024-07-18T19:11:26.485+0200] {processor.py:840} INFO - DAG(s) 'example_sensor_decorator' retrieved from /home/richonlinux/Documents/GitHub/AirflowTuto/venv/lib/python3.10/site-packages/airflow/example_dags/example_sensor_decorator.py
[2024-07-18T19:11:26.494+0200] {logging_mixin.py:188} INFO - [2024-07-18T19:11:26.493+0200] {dag.py:3089} INFO - Sync 1 DAGs
[2024-07-18T19:11:26.500+0200] {logging_mixin.py:188} INFO - [2024-07-18T19:11:26.500+0200] {dag.py:3947} INFO - Setting next_dagrun for example_sensor_decorator to None, run_after=None
[2024-07-18T19:11:26.514+0200] {processor.py:183} INFO - Processing /home/richonlinux/Documents/GitHub/AirflowTuto/venv/lib/python3.10/site-packages/airflow/example_dags/example_sensor_decorator.py took 0.042 seconds
[2024-07-18T19:12:22.244+0200] {processor.py:161} INFO - Started process (PID=290620) to work on /home/richonlinux/Documents/GitHub/AirflowTuto/venv/lib/python3.10/site-packages/airflow/example_dags/example_sensor_decorator.py
[2024-07-18T19:12:22.245+0200] {processor.py:830} INFO - Processing file /home/richonlinux/Documents/GitHub/AirflowTuto/venv/lib/python3.10/site-packages/airflow/example_dags/example_sensor_decorator.py for tasks to queue
[2024-07-18T19:12:22.246+0200] {logging_mixin.py:188} INFO - [2024-07-18T19:12:22.246+0200] {dagbag.py:545} INFO - Filling up the DagBag from /home/richonlinux/Documents/GitHub/AirflowTuto/venv/lib/python3.10/site-packages/airflow/example_dags/example_sensor_decorator.py
[2024-07-18T19:12:22.251+0200] {processor.py:840} INFO - DAG(s) 'example_sensor_decorator' retrieved from /home/richonlinux/Documents/GitHub/AirflowTuto/venv/lib/python3.10/site-packages/airflow/example_dags/example_sensor_decorator.py
[2024-07-18T19:12:22.260+0200] {logging_mixin.py:188} INFO - [2024-07-18T19:12:22.260+0200] {dag.py:3089} INFO - Sync 1 DAGs
[2024-07-18T19:12:22.267+0200] {logging_mixin.py:188} INFO - [2024-07-18T19:12:22.267+0200] {dag.py:3947} INFO - Setting next_dagrun for example_sensor_decorator to None, run_after=None
[2024-07-18T19:12:22.281+0200] {processor.py:183} INFO - Processing /home/richonlinux/Documents/GitHub/AirflowTuto/venv/lib/python3.10/site-packages/airflow/example_dags/example_sensor_decorator.py took 0.045 seconds
[2024-07-18T19:13:19.164+0200] {processor.py:161} INFO - Started process (PID=291530) to work on /home/richonlinux/Documents/GitHub/AirflowTuto/venv/lib/python3.10/site-packages/airflow/example_dags/example_sensor_decorator.py
[2024-07-18T19:13:19.165+0200] {processor.py:830} INFO - Processing file /home/richonlinux/Documents/GitHub/AirflowTuto/venv/lib/python3.10/site-packages/airflow/example_dags/example_sensor_decorator.py for tasks to queue
[2024-07-18T19:13:19.167+0200] {logging_mixin.py:188} INFO - [2024-07-18T19:13:19.166+0200] {dagbag.py:545} INFO - Filling up the DagBag from /home/richonlinux/Documents/GitHub/AirflowTuto/venv/lib/python3.10/site-packages/airflow/example_dags/example_sensor_decorator.py
[2024-07-18T19:13:19.172+0200] {processor.py:840} INFO - DAG(s) 'example_sensor_decorator' retrieved from /home/richonlinux/Documents/GitHub/AirflowTuto/venv/lib/python3.10/site-packages/airflow/example_dags/example_sensor_decorator.py
[2024-07-18T19:13:19.180+0200] {logging_mixin.py:188} INFO - [2024-07-18T19:13:19.180+0200] {dag.py:3089} INFO - Sync 1 DAGs
[2024-07-18T19:13:19.186+0200] {logging_mixin.py:188} INFO - [2024-07-18T19:13:19.186+0200] {dag.py:3947} INFO - Setting next_dagrun for example_sensor_decorator to None, run_after=None
[2024-07-18T19:13:19.198+0200] {processor.py:183} INFO - Processing /home/richonlinux/Documents/GitHub/AirflowTuto/venv/lib/python3.10/site-packages/airflow/example_dags/example_sensor_decorator.py took 0.043 seconds
[2024-07-18T19:13:58.142+0200] {processor.py:161} INFO - Started process (PID=292127) to work on /home/richonlinux/Documents/GitHub/AirflowTuto/venv/lib/python3.10/site-packages/airflow/example_dags/example_sensor_decorator.py
[2024-07-18T19:13:58.143+0200] {processor.py:830} INFO - Processing file /home/richonlinux/Documents/GitHub/AirflowTuto/venv/lib/python3.10/site-packages/airflow/example_dags/example_sensor_decorator.py for tasks to queue
[2024-07-18T19:13:58.144+0200] {logging_mixin.py:188} INFO - [2024-07-18T19:13:58.144+0200] {dagbag.py:545} INFO - Filling up the DagBag from /home/richonlinux/Documents/GitHub/AirflowTuto/venv/lib/python3.10/site-packages/airflow/example_dags/example_sensor_decorator.py
[2024-07-18T19:13:58.150+0200] {processor.py:840} INFO - DAG(s) 'example_sensor_decorator' retrieved from /home/richonlinux/Documents/GitHub/AirflowTuto/venv/lib/python3.10/site-packages/airflow/example_dags/example_sensor_decorator.py
[2024-07-18T19:13:58.164+0200] {logging_mixin.py:188} INFO - [2024-07-18T19:13:58.163+0200] {dag.py:3089} INFO - Sync 1 DAGs
[2024-07-18T19:13:58.172+0200] {logging_mixin.py:188} INFO - [2024-07-18T19:13:58.172+0200] {dag.py:3947} INFO - Setting next_dagrun for example_sensor_decorator to None, run_after=None
[2024-07-18T19:13:58.188+0200] {processor.py:183} INFO - Processing /home/richonlinux/Documents/GitHub/AirflowTuto/venv/lib/python3.10/site-packages/airflow/example_dags/example_sensor_decorator.py took 0.052 seconds
[2024-07-18T19:14:38.684+0200] {processor.py:161} INFO - Started process (PID=292767) to work on /home/richonlinux/Documents/GitHub/AirflowTuto/venv/lib/python3.10/site-packages/airflow/example_dags/example_sensor_decorator.py
[2024-07-18T19:14:38.685+0200] {processor.py:830} INFO - Processing file /home/richonlinux/Documents/GitHub/AirflowTuto/venv/lib/python3.10/site-packages/airflow/example_dags/example_sensor_decorator.py for tasks to queue
[2024-07-18T19:14:38.686+0200] {logging_mixin.py:188} INFO - [2024-07-18T19:14:38.685+0200] {dagbag.py:545} INFO - Filling up the DagBag from /home/richonlinux/Documents/GitHub/AirflowTuto/venv/lib/python3.10/site-packages/airflow/example_dags/example_sensor_decorator.py
[2024-07-18T19:14:38.689+0200] {processor.py:840} INFO - DAG(s) 'example_sensor_decorator' retrieved from /home/richonlinux/Documents/GitHub/AirflowTuto/venv/lib/python3.10/site-packages/airflow/example_dags/example_sensor_decorator.py
[2024-07-18T19:14:38.702+0200] {logging_mixin.py:188} INFO - [2024-07-18T19:14:38.701+0200] {dag.py:3089} INFO - Sync 1 DAGs
[2024-07-18T19:14:38.711+0200] {logging_mixin.py:188} INFO - [2024-07-18T19:14:38.710+0200] {dag.py:3947} INFO - Setting next_dagrun for example_sensor_decorator to None, run_after=None
[2024-07-18T19:14:38.727+0200] {processor.py:183} INFO - Processing /home/richonlinux/Documents/GitHub/AirflowTuto/venv/lib/python3.10/site-packages/airflow/example_dags/example_sensor_decorator.py took 0.047 seconds
[2024-07-18T19:15:19.259+0200] {processor.py:161} INFO - Started process (PID=293430) to work on /home/richonlinux/Documents/GitHub/AirflowTuto/venv/lib/python3.10/site-packages/airflow/example_dags/example_sensor_decorator.py
[2024-07-18T19:15:19.259+0200] {processor.py:830} INFO - Processing file /home/richonlinux/Documents/GitHub/AirflowTuto/venv/lib/python3.10/site-packages/airflow/example_dags/example_sensor_decorator.py for tasks to queue
[2024-07-18T19:15:19.261+0200] {logging_mixin.py:188} INFO - [2024-07-18T19:15:19.260+0200] {dagbag.py:545} INFO - Filling up the DagBag from /home/richonlinux/Documents/GitHub/AirflowTuto/venv/lib/python3.10/site-packages/airflow/example_dags/example_sensor_decorator.py
[2024-07-18T19:15:19.265+0200] {processor.py:840} INFO - DAG(s) 'example_sensor_decorator' retrieved from /home/richonlinux/Documents/GitHub/AirflowTuto/venv/lib/python3.10/site-packages/airflow/example_dags/example_sensor_decorator.py
[2024-07-18T19:15:19.275+0200] {logging_mixin.py:188} INFO - [2024-07-18T19:15:19.275+0200] {dag.py:3089} INFO - Sync 1 DAGs
[2024-07-18T19:15:19.284+0200] {logging_mixin.py:188} INFO - [2024-07-18T19:15:19.283+0200] {dag.py:3947} INFO - Setting next_dagrun for example_sensor_decorator to None, run_after=None
[2024-07-18T19:15:19.298+0200] {processor.py:183} INFO - Processing /home/richonlinux/Documents/GitHub/AirflowTuto/venv/lib/python3.10/site-packages/airflow/example_dags/example_sensor_decorator.py took 0.044 seconds
[2024-07-18T19:16:00.151+0200] {processor.py:161} INFO - Started process (PID=294040) to work on /home/richonlinux/Documents/GitHub/AirflowTuto/venv/lib/python3.10/site-packages/airflow/example_dags/example_sensor_decorator.py
[2024-07-18T19:16:00.155+0200] {processor.py:830} INFO - Processing file /home/richonlinux/Documents/GitHub/AirflowTuto/venv/lib/python3.10/site-packages/airflow/example_dags/example_sensor_decorator.py for tasks to queue
[2024-07-18T19:16:00.156+0200] {logging_mixin.py:188} INFO - [2024-07-18T19:16:00.155+0200] {dagbag.py:545} INFO - Filling up the DagBag from /home/richonlinux/Documents/GitHub/AirflowTuto/venv/lib/python3.10/site-packages/airflow/example_dags/example_sensor_decorator.py
[2024-07-18T19:16:00.160+0200] {processor.py:840} INFO - DAG(s) 'example_sensor_decorator' retrieved from /home/richonlinux/Documents/GitHub/AirflowTuto/venv/lib/python3.10/site-packages/airflow/example_dags/example_sensor_decorator.py
[2024-07-18T19:16:00.170+0200] {logging_mixin.py:188} INFO - [2024-07-18T19:16:00.170+0200] {dag.py:3089} INFO - Sync 1 DAGs
[2024-07-18T19:16:00.178+0200] {logging_mixin.py:188} INFO - [2024-07-18T19:16:00.178+0200] {dag.py:3947} INFO - Setting next_dagrun for example_sensor_decorator to None, run_after=None
[2024-07-18T19:16:00.194+0200] {processor.py:183} INFO - Processing /home/richonlinux/Documents/GitHub/AirflowTuto/venv/lib/python3.10/site-packages/airflow/example_dags/example_sensor_decorator.py took 0.048 seconds
[2024-07-18T19:16:54.686+0200] {processor.py:161} INFO - Started process (PID=294968) to work on /home/richonlinux/Documents/GitHub/AirflowTuto/venv/lib/python3.10/site-packages/airflow/example_dags/example_sensor_decorator.py
[2024-07-18T19:16:54.687+0200] {processor.py:830} INFO - Processing file /home/richonlinux/Documents/GitHub/AirflowTuto/venv/lib/python3.10/site-packages/airflow/example_dags/example_sensor_decorator.py for tasks to queue
[2024-07-18T19:16:54.688+0200] {logging_mixin.py:188} INFO - [2024-07-18T19:16:54.688+0200] {dagbag.py:545} INFO - Filling up the DagBag from /home/richonlinux/Documents/GitHub/AirflowTuto/venv/lib/python3.10/site-packages/airflow/example_dags/example_sensor_decorator.py
[2024-07-18T19:16:54.693+0200] {processor.py:840} INFO - DAG(s) 'example_sensor_decorator' retrieved from /home/richonlinux/Documents/GitHub/AirflowTuto/venv/lib/python3.10/site-packages/airflow/example_dags/example_sensor_decorator.py
[2024-07-18T19:16:54.702+0200] {logging_mixin.py:188} INFO - [2024-07-18T19:16:54.702+0200] {dag.py:3089} INFO - Sync 1 DAGs
[2024-07-18T19:16:54.710+0200] {logging_mixin.py:188} INFO - [2024-07-18T19:16:54.710+0200] {dag.py:3947} INFO - Setting next_dagrun for example_sensor_decorator to None, run_after=None
[2024-07-18T19:16:54.724+0200] {processor.py:183} INFO - Processing /home/richonlinux/Documents/GitHub/AirflowTuto/venv/lib/python3.10/site-packages/airflow/example_dags/example_sensor_decorator.py took 0.041 seconds
[2024-07-18T19:17:32.226+0200] {processor.py:161} INFO - Started process (PID=295595) to work on /home/richonlinux/Documents/GitHub/AirflowTuto/venv/lib/python3.10/site-packages/airflow/example_dags/example_sensor_decorator.py
[2024-07-18T19:17:32.227+0200] {processor.py:830} INFO - Processing file /home/richonlinux/Documents/GitHub/AirflowTuto/venv/lib/python3.10/site-packages/airflow/example_dags/example_sensor_decorator.py for tasks to queue
[2024-07-18T19:17:32.228+0200] {logging_mixin.py:188} INFO - [2024-07-18T19:17:32.228+0200] {dagbag.py:545} INFO - Filling up the DagBag from /home/richonlinux/Documents/GitHub/AirflowTuto/venv/lib/python3.10/site-packages/airflow/example_dags/example_sensor_decorator.py
[2024-07-18T19:17:32.231+0200] {processor.py:840} INFO - DAG(s) 'example_sensor_decorator' retrieved from /home/richonlinux/Documents/GitHub/AirflowTuto/venv/lib/python3.10/site-packages/airflow/example_dags/example_sensor_decorator.py
[2024-07-18T19:17:32.239+0200] {logging_mixin.py:188} INFO - [2024-07-18T19:17:32.239+0200] {dag.py:3089} INFO - Sync 1 DAGs
[2024-07-18T19:17:32.245+0200] {logging_mixin.py:188} INFO - [2024-07-18T19:17:32.245+0200] {dag.py:3947} INFO - Setting next_dagrun for example_sensor_decorator to None, run_after=None
[2024-07-18T19:17:32.258+0200] {processor.py:183} INFO - Processing /home/richonlinux/Documents/GitHub/AirflowTuto/venv/lib/python3.10/site-packages/airflow/example_dags/example_sensor_decorator.py took 0.036 seconds
[2024-07-18T19:18:13.887+0200] {processor.py:161} INFO - Started process (PID=296240) to work on /home/richonlinux/Documents/GitHub/AirflowTuto/venv/lib/python3.10/site-packages/airflow/example_dags/example_sensor_decorator.py
[2024-07-18T19:18:13.891+0200] {processor.py:830} INFO - Processing file /home/richonlinux/Documents/GitHub/AirflowTuto/venv/lib/python3.10/site-packages/airflow/example_dags/example_sensor_decorator.py for tasks to queue
[2024-07-18T19:18:13.892+0200] {logging_mixin.py:188} INFO - [2024-07-18T19:18:13.892+0200] {dagbag.py:545} INFO - Filling up the DagBag from /home/richonlinux/Documents/GitHub/AirflowTuto/venv/lib/python3.10/site-packages/airflow/example_dags/example_sensor_decorator.py
[2024-07-18T19:18:13.897+0200] {processor.py:840} INFO - DAG(s) 'example_sensor_decorator' retrieved from /home/richonlinux/Documents/GitHub/AirflowTuto/venv/lib/python3.10/site-packages/airflow/example_dags/example_sensor_decorator.py
[2024-07-18T19:18:13.910+0200] {logging_mixin.py:188} INFO - [2024-07-18T19:18:13.910+0200] {dag.py:3089} INFO - Sync 1 DAGs
[2024-07-18T19:18:13.919+0200] {logging_mixin.py:188} INFO - [2024-07-18T19:18:13.919+0200] {dag.py:3947} INFO - Setting next_dagrun for example_sensor_decorator to None, run_after=None
[2024-07-18T19:18:13.937+0200] {processor.py:183} INFO - Processing /home/richonlinux/Documents/GitHub/AirflowTuto/venv/lib/python3.10/site-packages/airflow/example_dags/example_sensor_decorator.py took 0.053 seconds
[2024-07-18T19:18:55.494+0200] {processor.py:161} INFO - Started process (PID=296956) to work on /home/richonlinux/Documents/GitHub/AirflowTuto/venv/lib/python3.10/site-packages/airflow/example_dags/example_sensor_decorator.py
[2024-07-18T19:18:55.498+0200] {processor.py:830} INFO - Processing file /home/richonlinux/Documents/GitHub/AirflowTuto/venv/lib/python3.10/site-packages/airflow/example_dags/example_sensor_decorator.py for tasks to queue
[2024-07-18T19:18:55.499+0200] {logging_mixin.py:188} INFO - [2024-07-18T19:18:55.499+0200] {dagbag.py:545} INFO - Filling up the DagBag from /home/richonlinux/Documents/GitHub/AirflowTuto/venv/lib/python3.10/site-packages/airflow/example_dags/example_sensor_decorator.py
[2024-07-18T19:18:55.503+0200] {processor.py:840} INFO - DAG(s) 'example_sensor_decorator' retrieved from /home/richonlinux/Documents/GitHub/AirflowTuto/venv/lib/python3.10/site-packages/airflow/example_dags/example_sensor_decorator.py
[2024-07-18T19:18:55.514+0200] {logging_mixin.py:188} INFO - [2024-07-18T19:18:55.513+0200] {dag.py:3089} INFO - Sync 1 DAGs
[2024-07-18T19:18:55.521+0200] {logging_mixin.py:188} INFO - [2024-07-18T19:18:55.521+0200] {dag.py:3947} INFO - Setting next_dagrun for example_sensor_decorator to None, run_after=None
[2024-07-18T19:18:55.536+0200] {processor.py:183} INFO - Processing /home/richonlinux/Documents/GitHub/AirflowTuto/venv/lib/python3.10/site-packages/airflow/example_dags/example_sensor_decorator.py took 0.046 seconds
[2024-07-18T19:19:52.098+0200] {processor.py:161} INFO - Started process (PID=297871) to work on /home/richonlinux/Documents/GitHub/AirflowTuto/venv/lib/python3.10/site-packages/airflow/example_dags/example_sensor_decorator.py
[2024-07-18T19:19:52.099+0200] {processor.py:830} INFO - Processing file /home/richonlinux/Documents/GitHub/AirflowTuto/venv/lib/python3.10/site-packages/airflow/example_dags/example_sensor_decorator.py for tasks to queue
[2024-07-18T19:19:52.100+0200] {logging_mixin.py:188} INFO - [2024-07-18T19:19:52.100+0200] {dagbag.py:545} INFO - Filling up the DagBag from /home/richonlinux/Documents/GitHub/AirflowTuto/venv/lib/python3.10/site-packages/airflow/example_dags/example_sensor_decorator.py
[2024-07-18T19:19:52.104+0200] {processor.py:840} INFO - DAG(s) 'example_sensor_decorator' retrieved from /home/richonlinux/Documents/GitHub/AirflowTuto/venv/lib/python3.10/site-packages/airflow/example_dags/example_sensor_decorator.py
[2024-07-18T19:19:52.113+0200] {logging_mixin.py:188} INFO - [2024-07-18T19:19:52.113+0200] {dag.py:3089} INFO - Sync 1 DAGs
[2024-07-18T19:19:52.120+0200] {logging_mixin.py:188} INFO - [2024-07-18T19:19:52.120+0200] {dag.py:3947} INFO - Setting next_dagrun for example_sensor_decorator to None, run_after=None
[2024-07-18T19:19:52.134+0200] {processor.py:183} INFO - Processing /home/richonlinux/Documents/GitHub/AirflowTuto/venv/lib/python3.10/site-packages/airflow/example_dags/example_sensor_decorator.py took 0.039 seconds
[2024-07-18T19:20:32.430+0200] {processor.py:161} INFO - Started process (PID=298538) to work on /home/richonlinux/Documents/GitHub/AirflowTuto/venv/lib/python3.10/site-packages/airflow/example_dags/example_sensor_decorator.py
[2024-07-18T19:20:32.431+0200] {processor.py:830} INFO - Processing file /home/richonlinux/Documents/GitHub/AirflowTuto/venv/lib/python3.10/site-packages/airflow/example_dags/example_sensor_decorator.py for tasks to queue
[2024-07-18T19:20:32.433+0200] {logging_mixin.py:188} INFO - [2024-07-18T19:20:32.432+0200] {dagbag.py:545} INFO - Filling up the DagBag from /home/richonlinux/Documents/GitHub/AirflowTuto/venv/lib/python3.10/site-packages/airflow/example_dags/example_sensor_decorator.py
[2024-07-18T19:20:32.437+0200] {processor.py:840} INFO - DAG(s) 'example_sensor_decorator' retrieved from /home/richonlinux/Documents/GitHub/AirflowTuto/venv/lib/python3.10/site-packages/airflow/example_dags/example_sensor_decorator.py
[2024-07-18T19:20:32.446+0200] {logging_mixin.py:188} INFO - [2024-07-18T19:20:32.446+0200] {dag.py:3089} INFO - Sync 1 DAGs
[2024-07-18T19:20:32.453+0200] {logging_mixin.py:188} INFO - [2024-07-18T19:20:32.453+0200] {dag.py:3947} INFO - Setting next_dagrun for example_sensor_decorator to None, run_after=None
[2024-07-18T19:20:32.467+0200] {processor.py:183} INFO - Processing /home/richonlinux/Documents/GitHub/AirflowTuto/venv/lib/python3.10/site-packages/airflow/example_dags/example_sensor_decorator.py took 0.042 seconds
[2024-07-18T19:21:14.312+0200] {processor.py:161} INFO - Started process (PID=299187) to work on /home/richonlinux/Documents/GitHub/AirflowTuto/venv/lib/python3.10/site-packages/airflow/example_dags/example_sensor_decorator.py
[2024-07-18T19:21:14.315+0200] {processor.py:830} INFO - Processing file /home/richonlinux/Documents/GitHub/AirflowTuto/venv/lib/python3.10/site-packages/airflow/example_dags/example_sensor_decorator.py for tasks to queue
[2024-07-18T19:21:14.317+0200] {logging_mixin.py:188} INFO - [2024-07-18T19:21:14.316+0200] {dagbag.py:545} INFO - Filling up the DagBag from /home/richonlinux/Documents/GitHub/AirflowTuto/venv/lib/python3.10/site-packages/airflow/example_dags/example_sensor_decorator.py
[2024-07-18T19:21:14.322+0200] {processor.py:840} INFO - DAG(s) 'example_sensor_decorator' retrieved from /home/richonlinux/Documents/GitHub/AirflowTuto/venv/lib/python3.10/site-packages/airflow/example_dags/example_sensor_decorator.py
[2024-07-18T19:21:14.335+0200] {logging_mixin.py:188} INFO - [2024-07-18T19:21:14.335+0200] {dag.py:3089} INFO - Sync 1 DAGs
[2024-07-18T19:21:14.344+0200] {logging_mixin.py:188} INFO - [2024-07-18T19:21:14.343+0200] {dag.py:3947} INFO - Setting next_dagrun for example_sensor_decorator to None, run_after=None
[2024-07-18T19:21:14.361+0200] {processor.py:183} INFO - Processing /home/richonlinux/Documents/GitHub/AirflowTuto/venv/lib/python3.10/site-packages/airflow/example_dags/example_sensor_decorator.py took 0.053 seconds
[2024-07-18T19:21:53.936+0200] {processor.py:161} INFO - Started process (PID=299914) to work on /home/richonlinux/Documents/GitHub/AirflowTuto/venv/lib/python3.10/site-packages/airflow/example_dags/example_sensor_decorator.py
[2024-07-18T19:21:53.936+0200] {processor.py:830} INFO - Processing file /home/richonlinux/Documents/GitHub/AirflowTuto/venv/lib/python3.10/site-packages/airflow/example_dags/example_sensor_decorator.py for tasks to queue
[2024-07-18T19:21:53.937+0200] {logging_mixin.py:188} INFO - [2024-07-18T19:21:53.937+0200] {dagbag.py:545} INFO - Filling up the DagBag from /home/richonlinux/Documents/GitHub/AirflowTuto/venv/lib/python3.10/site-packages/airflow/example_dags/example_sensor_decorator.py
[2024-07-18T19:21:53.941+0200] {processor.py:840} INFO - DAG(s) 'example_sensor_decorator' retrieved from /home/richonlinux/Documents/GitHub/AirflowTuto/venv/lib/python3.10/site-packages/airflow/example_dags/example_sensor_decorator.py
[2024-07-18T19:21:53.951+0200] {logging_mixin.py:188} INFO - [2024-07-18T19:21:53.951+0200] {dag.py:3089} INFO - Sync 1 DAGs
[2024-07-18T19:21:53.958+0200] {logging_mixin.py:188} INFO - [2024-07-18T19:21:53.958+0200] {dag.py:3947} INFO - Setting next_dagrun for example_sensor_decorator to None, run_after=None
[2024-07-18T19:21:53.973+0200] {processor.py:183} INFO - Processing /home/richonlinux/Documents/GitHub/AirflowTuto/venv/lib/python3.10/site-packages/airflow/example_dags/example_sensor_decorator.py took 0.042 seconds
