[2024-07-18T18:16:04.729+0200] {processor.py:161} INFO - Started process (PID=257623) to work on /home/richonlinux/Documents/GitHub/AirflowTuto/venv/lib/python3.10/site-packages/airflow/example_dags/example_branch_python_dop_operator_3.py
[2024-07-18T18:16:04.729+0200] {processor.py:830} INFO - Processing file /home/richonlinux/Documents/GitHub/AirflowTuto/venv/lib/python3.10/site-packages/airflow/example_dags/example_branch_python_dop_operator_3.py for tasks to queue
[2024-07-18T18:16:04.730+0200] {logging_mixin.py:188} INFO - [2024-07-18T18:16:04.730+0200] {dagbag.py:545} INFO - Filling up the DagBag from /home/richonlinux/Documents/GitHub/AirflowTuto/venv/lib/python3.10/site-packages/airflow/example_dags/example_branch_python_dop_operator_3.py
[2024-07-18T18:16:04.736+0200] {processor.py:840} INFO - DAG(s) 'example_branch_dop_operator_v3' retrieved from /home/richonlinux/Documents/GitHub/AirflowTuto/venv/lib/python3.10/site-packages/airflow/example_dags/example_branch_python_dop_operator_3.py
[2024-07-18T18:16:04.801+0200] {logging_mixin.py:188} INFO - [2024-07-18T18:16:04.801+0200] {override.py:1858} INFO - Created Permission View: can edit on DAG:example_branch_dop_operator_v3
[2024-07-18T18:16:04.809+0200] {logging_mixin.py:188} INFO - [2024-07-18T18:16:04.809+0200] {override.py:1858} INFO - Created Permission View: can read on DAG:example_branch_dop_operator_v3
[2024-07-18T18:16:04.816+0200] {logging_mixin.py:188} INFO - [2024-07-18T18:16:04.816+0200] {override.py:1858} INFO - Created Permission View: can delete on DAG:example_branch_dop_operator_v3
[2024-07-18T18:16:04.816+0200] {logging_mixin.py:188} INFO - [2024-07-18T18:16:04.816+0200] {dag.py:3089} INFO - Sync 1 DAGs
[2024-07-18T18:16:04.822+0200] {logging_mixin.py:188} INFO - [2024-07-18T18:16:04.822+0200] {dag.py:3111} INFO - Creating ORM DAG for example_branch_dop_operator_v3
[2024-07-18T18:16:04.828+0200] {logging_mixin.py:188} INFO - [2024-07-18T18:16:04.828+0200] {dag.py:3947} INFO - Setting next_dagrun for example_branch_dop_operator_v3 to 2024-07-18 16:15:00+00:00, run_after=2024-07-18 16:16:00+00:00
[2024-07-18T18:16:04.839+0200] {processor.py:183} INFO - Processing /home/richonlinux/Documents/GitHub/AirflowTuto/venv/lib/python3.10/site-packages/airflow/example_dags/example_branch_python_dop_operator_3.py took 0.114 seconds
[2024-07-18T18:16:59.949+0200] {processor.py:161} INFO - Started process (PID=258574) to work on /home/richonlinux/Documents/GitHub/AirflowTuto/venv/lib/python3.10/site-packages/airflow/example_dags/example_branch_python_dop_operator_3.py
[2024-07-18T18:16:59.953+0200] {processor.py:830} INFO - Processing file /home/richonlinux/Documents/GitHub/AirflowTuto/venv/lib/python3.10/site-packages/airflow/example_dags/example_branch_python_dop_operator_3.py for tasks to queue
[2024-07-18T18:16:59.955+0200] {logging_mixin.py:188} INFO - [2024-07-18T18:16:59.954+0200] {dagbag.py:545} INFO - Filling up the DagBag from /home/richonlinux/Documents/GitHub/AirflowTuto/venv/lib/python3.10/site-packages/airflow/example_dags/example_branch_python_dop_operator_3.py
[2024-07-18T18:16:59.963+0200] {processor.py:840} INFO - DAG(s) 'example_branch_dop_operator_v3' retrieved from /home/richonlinux/Documents/GitHub/AirflowTuto/venv/lib/python3.10/site-packages/airflow/example_dags/example_branch_python_dop_operator_3.py
[2024-07-18T18:16:59.972+0200] {logging_mixin.py:188} INFO - [2024-07-18T18:16:59.971+0200] {dag.py:3089} INFO - Sync 1 DAGs
[2024-07-18T18:16:59.984+0200] {logging_mixin.py:188} INFO - [2024-07-18T18:16:59.984+0200] {dag.py:3947} INFO - Setting next_dagrun for example_branch_dop_operator_v3 to 2024-07-18 16:15:00+00:00, run_after=2024-07-18 16:16:00+00:00
[2024-07-18T18:16:59.997+0200] {processor.py:183} INFO - Processing /home/richonlinux/Documents/GitHub/AirflowTuto/venv/lib/python3.10/site-packages/airflow/example_dags/example_branch_python_dop_operator_3.py took 0.052 seconds
[2024-07-18T18:43:48.278+0200] {processor.py:161} INFO - Started process (PID=259629) to work on /home/richonlinux/Documents/GitHub/AirflowTuto/venv/lib/python3.10/site-packages/airflow/example_dags/example_branch_python_dop_operator_3.py
[2024-07-18T18:43:48.282+0200] {processor.py:830} INFO - Processing file /home/richonlinux/Documents/GitHub/AirflowTuto/venv/lib/python3.10/site-packages/airflow/example_dags/example_branch_python_dop_operator_3.py for tasks to queue
[2024-07-18T18:43:48.285+0200] {logging_mixin.py:188} INFO - [2024-07-18T18:43:48.284+0200] {dagbag.py:545} INFO - Filling up the DagBag from /home/richonlinux/Documents/GitHub/AirflowTuto/venv/lib/python3.10/site-packages/airflow/example_dags/example_branch_python_dop_operator_3.py
[2024-07-18T18:43:48.294+0200] {processor.py:840} INFO - DAG(s) 'example_branch_dop_operator_v3' retrieved from /home/richonlinux/Documents/GitHub/AirflowTuto/venv/lib/python3.10/site-packages/airflow/example_dags/example_branch_python_dop_operator_3.py
[2024-07-18T18:43:48.303+0200] {logging_mixin.py:188} INFO - [2024-07-18T18:43:48.303+0200] {dag.py:3089} INFO - Sync 1 DAGs
[2024-07-18T18:43:48.316+0200] {logging_mixin.py:188} INFO - [2024-07-18T18:43:48.316+0200] {dag.py:3947} INFO - Setting next_dagrun for example_branch_dop_operator_v3 to 2024-07-18 16:42:00+00:00, run_after=2024-07-18 16:43:00+00:00
[2024-07-18T18:43:48.328+0200] {processor.py:183} INFO - Processing /home/richonlinux/Documents/GitHub/AirflowTuto/venv/lib/python3.10/site-packages/airflow/example_dags/example_branch_python_dop_operator_3.py took 0.054 seconds
[2024-07-18T18:44:35.857+0200] {processor.py:161} INFO - Started process (PID=260700) to work on /home/richonlinux/Documents/GitHub/AirflowTuto/venv/lib/python3.10/site-packages/airflow/example_dags/example_branch_python_dop_operator_3.py
[2024-07-18T18:44:35.861+0200] {processor.py:830} INFO - Processing file /home/richonlinux/Documents/GitHub/AirflowTuto/venv/lib/python3.10/site-packages/airflow/example_dags/example_branch_python_dop_operator_3.py for tasks to queue
[2024-07-18T18:44:35.862+0200] {logging_mixin.py:188} INFO - [2024-07-18T18:44:35.861+0200] {dagbag.py:545} INFO - Filling up the DagBag from /home/richonlinux/Documents/GitHub/AirflowTuto/venv/lib/python3.10/site-packages/airflow/example_dags/example_branch_python_dop_operator_3.py
[2024-07-18T18:44:35.868+0200] {processor.py:840} INFO - DAG(s) 'example_branch_dop_operator_v3' retrieved from /home/richonlinux/Documents/GitHub/AirflowTuto/venv/lib/python3.10/site-packages/airflow/example_dags/example_branch_python_dop_operator_3.py
[2024-07-18T18:44:35.878+0200] {logging_mixin.py:188} INFO - [2024-07-18T18:44:35.878+0200] {dag.py:3089} INFO - Sync 1 DAGs
[2024-07-18T18:44:35.949+0200] {logging_mixin.py:188} INFO - [2024-07-18T18:44:35.948+0200] {dag.py:3947} INFO - Setting next_dagrun for example_branch_dop_operator_v3 to 2024-07-18 16:43:00+00:00, run_after=2024-07-18 16:44:00+00:00
[2024-07-18T18:44:35.960+0200] {processor.py:183} INFO - Processing /home/richonlinux/Documents/GitHub/AirflowTuto/venv/lib/python3.10/site-packages/airflow/example_dags/example_branch_python_dop_operator_3.py took 0.108 seconds
[2024-07-18T18:45:20.869+0200] {processor.py:161} INFO - Started process (PID=261555) to work on /home/richonlinux/Documents/GitHub/AirflowTuto/venv/lib/python3.10/site-packages/airflow/example_dags/example_branch_python_dop_operator_3.py
[2024-07-18T18:45:20.873+0200] {processor.py:830} INFO - Processing file /home/richonlinux/Documents/GitHub/AirflowTuto/venv/lib/python3.10/site-packages/airflow/example_dags/example_branch_python_dop_operator_3.py for tasks to queue
[2024-07-18T18:45:20.875+0200] {logging_mixin.py:188} INFO - [2024-07-18T18:45:20.874+0200] {dagbag.py:545} INFO - Filling up the DagBag from /home/richonlinux/Documents/GitHub/AirflowTuto/venv/lib/python3.10/site-packages/airflow/example_dags/example_branch_python_dop_operator_3.py
[2024-07-18T18:45:20.883+0200] {processor.py:840} INFO - DAG(s) 'example_branch_dop_operator_v3' retrieved from /home/richonlinux/Documents/GitHub/AirflowTuto/venv/lib/python3.10/site-packages/airflow/example_dags/example_branch_python_dop_operator_3.py
[2024-07-18T18:45:20.892+0200] {logging_mixin.py:188} INFO - [2024-07-18T18:45:20.891+0200] {dag.py:3089} INFO - Sync 1 DAGs
[2024-07-18T18:45:20.903+0200] {logging_mixin.py:188} INFO - [2024-07-18T18:45:20.903+0200] {dag.py:3947} INFO - Setting next_dagrun for example_branch_dop_operator_v3 to 2024-07-18 16:44:00+00:00, run_after=2024-07-18 16:45:00+00:00
[2024-07-18T18:45:20.915+0200] {processor.py:183} INFO - Processing /home/richonlinux/Documents/GitHub/AirflowTuto/venv/lib/python3.10/site-packages/airflow/example_dags/example_branch_python_dop_operator_3.py took 0.050 seconds
[2024-07-18T18:45:58.400+0200] {processor.py:161} INFO - Started process (PID=262409) to work on /home/richonlinux/Documents/GitHub/AirflowTuto/venv/lib/python3.10/site-packages/airflow/example_dags/example_branch_python_dop_operator_3.py
[2024-07-18T18:45:58.401+0200] {processor.py:830} INFO - Processing file /home/richonlinux/Documents/GitHub/AirflowTuto/venv/lib/python3.10/site-packages/airflow/example_dags/example_branch_python_dop_operator_3.py for tasks to queue
[2024-07-18T18:45:58.404+0200] {logging_mixin.py:188} INFO - [2024-07-18T18:45:58.403+0200] {dagbag.py:545} INFO - Filling up the DagBag from /home/richonlinux/Documents/GitHub/AirflowTuto/venv/lib/python3.10/site-packages/airflow/example_dags/example_branch_python_dop_operator_3.py
[2024-07-18T18:45:58.412+0200] {processor.py:840} INFO - DAG(s) 'example_branch_dop_operator_v3' retrieved from /home/richonlinux/Documents/GitHub/AirflowTuto/venv/lib/python3.10/site-packages/airflow/example_dags/example_branch_python_dop_operator_3.py
[2024-07-18T18:45:58.420+0200] {logging_mixin.py:188} INFO - [2024-07-18T18:45:58.420+0200] {dag.py:3089} INFO - Sync 1 DAGs
[2024-07-18T18:45:58.432+0200] {logging_mixin.py:188} INFO - [2024-07-18T18:45:58.432+0200] {dag.py:3947} INFO - Setting next_dagrun for example_branch_dop_operator_v3 to 2024-07-18 16:44:00+00:00, run_after=2024-07-18 16:45:00+00:00
[2024-07-18T18:45:58.444+0200] {processor.py:183} INFO - Processing /home/richonlinux/Documents/GitHub/AirflowTuto/venv/lib/python3.10/site-packages/airflow/example_dags/example_branch_python_dop_operator_3.py took 0.050 seconds
[2024-07-18T18:49:20.979+0200] {processor.py:161} INFO - Started process (PID=265844) to work on /home/richonlinux/Documents/GitHub/AirflowTuto/venv/lib/python3.10/site-packages/airflow/example_dags/example_branch_python_dop_operator_3.py
[2024-07-18T18:49:20.980+0200] {processor.py:830} INFO - Processing file /home/richonlinux/Documents/GitHub/AirflowTuto/venv/lib/python3.10/site-packages/airflow/example_dags/example_branch_python_dop_operator_3.py for tasks to queue
[2024-07-18T18:49:20.981+0200] {logging_mixin.py:188} INFO - [2024-07-18T18:49:20.981+0200] {dagbag.py:545} INFO - Filling up the DagBag from /home/richonlinux/Documents/GitHub/AirflowTuto/venv/lib/python3.10/site-packages/airflow/example_dags/example_branch_python_dop_operator_3.py
[2024-07-18T18:49:20.990+0200] {processor.py:840} INFO - DAG(s) 'example_branch_dop_operator_v3' retrieved from /home/richonlinux/Documents/GitHub/AirflowTuto/venv/lib/python3.10/site-packages/airflow/example_dags/example_branch_python_dop_operator_3.py
[2024-07-18T18:49:20.996+0200] {logging_mixin.py:188} INFO - [2024-07-18T18:49:20.996+0200] {dag.py:3089} INFO - Sync 1 DAGs
[2024-07-18T18:49:21.014+0200] {logging_mixin.py:188} INFO - [2024-07-18T18:49:21.014+0200] {dag.py:3947} INFO - Setting next_dagrun for example_branch_dop_operator_v3 to 2024-07-18 16:48:00+00:00, run_after=2024-07-18 16:49:00+00:00
[2024-07-18T18:49:21.031+0200] {processor.py:183} INFO - Processing /home/richonlinux/Documents/GitHub/AirflowTuto/venv/lib/python3.10/site-packages/airflow/example_dags/example_branch_python_dop_operator_3.py took 0.056 seconds
[2024-07-18T18:51:14.343+0200] {processor.py:161} INFO - Started process (PID=268088) to work on /home/richonlinux/Documents/GitHub/AirflowTuto/venv/lib/python3.10/site-packages/airflow/example_dags/example_branch_python_dop_operator_3.py
[2024-07-18T18:51:14.344+0200] {processor.py:830} INFO - Processing file /home/richonlinux/Documents/GitHub/AirflowTuto/venv/lib/python3.10/site-packages/airflow/example_dags/example_branch_python_dop_operator_3.py for tasks to queue
[2024-07-18T18:51:14.345+0200] {logging_mixin.py:188} INFO - [2024-07-18T18:51:14.345+0200] {dagbag.py:545} INFO - Filling up the DagBag from /home/richonlinux/Documents/GitHub/AirflowTuto/venv/lib/python3.10/site-packages/airflow/example_dags/example_branch_python_dop_operator_3.py
[2024-07-18T18:51:14.352+0200] {processor.py:840} INFO - DAG(s) 'example_branch_dop_operator_v3' retrieved from /home/richonlinux/Documents/GitHub/AirflowTuto/venv/lib/python3.10/site-packages/airflow/example_dags/example_branch_python_dop_operator_3.py
[2024-07-18T18:51:14.357+0200] {logging_mixin.py:188} INFO - [2024-07-18T18:51:14.357+0200] {dag.py:3089} INFO - Sync 1 DAGs
[2024-07-18T18:51:14.370+0200] {logging_mixin.py:188} INFO - [2024-07-18T18:51:14.370+0200] {dag.py:3947} INFO - Setting next_dagrun for example_branch_dop_operator_v3 to 2024-07-18 16:50:00+00:00, run_after=2024-07-18 16:51:00+00:00
[2024-07-18T18:51:14.385+0200] {processor.py:183} INFO - Processing /home/richonlinux/Documents/GitHub/AirflowTuto/venv/lib/python3.10/site-packages/airflow/example_dags/example_branch_python_dop_operator_3.py took 0.045 seconds
[2024-07-18T18:52:02.911+0200] {processor.py:161} INFO - Started process (PID=268948) to work on /home/richonlinux/Documents/GitHub/AirflowTuto/venv/lib/python3.10/site-packages/airflow/example_dags/example_branch_python_dop_operator_3.py
[2024-07-18T18:52:02.912+0200] {processor.py:830} INFO - Processing file /home/richonlinux/Documents/GitHub/AirflowTuto/venv/lib/python3.10/site-packages/airflow/example_dags/example_branch_python_dop_operator_3.py for tasks to queue
[2024-07-18T18:52:02.913+0200] {logging_mixin.py:188} INFO - [2024-07-18T18:52:02.913+0200] {dagbag.py:545} INFO - Filling up the DagBag from /home/richonlinux/Documents/GitHub/AirflowTuto/venv/lib/python3.10/site-packages/airflow/example_dags/example_branch_python_dop_operator_3.py
[2024-07-18T18:52:02.919+0200] {processor.py:840} INFO - DAG(s) 'example_branch_dop_operator_v3' retrieved from /home/richonlinux/Documents/GitHub/AirflowTuto/venv/lib/python3.10/site-packages/airflow/example_dags/example_branch_python_dop_operator_3.py
[2024-07-18T18:52:02.983+0200] {logging_mixin.py:188} INFO - [2024-07-18T18:52:02.983+0200] {dag.py:3089} INFO - Sync 1 DAGs
[2024-07-18T18:52:03.003+0200] {logging_mixin.py:188} INFO - [2024-07-18T18:52:03.003+0200] {dag.py:3947} INFO - Setting next_dagrun for example_branch_dop_operator_v3 to 2024-07-18 16:51:00+00:00, run_after=2024-07-18 16:52:00+00:00
[2024-07-18T18:52:03.084+0200] {processor.py:183} INFO - Processing /home/richonlinux/Documents/GitHub/AirflowTuto/venv/lib/python3.10/site-packages/airflow/example_dags/example_branch_python_dop_operator_3.py took 0.181 seconds
[2024-07-18T18:52:46.794+0200] {processor.py:161} INFO - Started process (PID=269988) to work on /home/richonlinux/Documents/GitHub/AirflowTuto/venv/lib/python3.10/site-packages/airflow/example_dags/example_branch_python_dop_operator_3.py
[2024-07-18T18:52:46.798+0200] {processor.py:830} INFO - Processing file /home/richonlinux/Documents/GitHub/AirflowTuto/venv/lib/python3.10/site-packages/airflow/example_dags/example_branch_python_dop_operator_3.py for tasks to queue
[2024-07-18T18:52:46.799+0200] {logging_mixin.py:188} INFO - [2024-07-18T18:52:46.799+0200] {dagbag.py:545} INFO - Filling up the DagBag from /home/richonlinux/Documents/GitHub/AirflowTuto/venv/lib/python3.10/site-packages/airflow/example_dags/example_branch_python_dop_operator_3.py
[2024-07-18T18:52:46.805+0200] {processor.py:840} INFO - DAG(s) 'example_branch_dop_operator_v3' retrieved from /home/richonlinux/Documents/GitHub/AirflowTuto/venv/lib/python3.10/site-packages/airflow/example_dags/example_branch_python_dop_operator_3.py
[2024-07-18T18:52:46.814+0200] {logging_mixin.py:188} INFO - [2024-07-18T18:52:46.813+0200] {dag.py:3089} INFO - Sync 1 DAGs
[2024-07-18T18:52:46.831+0200] {logging_mixin.py:188} INFO - [2024-07-18T18:52:46.831+0200] {dag.py:3947} INFO - Setting next_dagrun for example_branch_dop_operator_v3 to 2024-07-18 16:51:00+00:00, run_after=2024-07-18 16:52:00+00:00
[2024-07-18T18:52:46.849+0200] {processor.py:183} INFO - Processing /home/richonlinux/Documents/GitHub/AirflowTuto/venv/lib/python3.10/site-packages/airflow/example_dags/example_branch_python_dop_operator_3.py took 0.058 seconds
[2024-07-18T18:53:31.958+0200] {processor.py:161} INFO - Started process (PID=271290) to work on /home/richonlinux/Documents/GitHub/AirflowTuto/venv/lib/python3.10/site-packages/airflow/example_dags/example_branch_python_dop_operator_3.py
[2024-07-18T18:53:31.959+0200] {processor.py:830} INFO - Processing file /home/richonlinux/Documents/GitHub/AirflowTuto/venv/lib/python3.10/site-packages/airflow/example_dags/example_branch_python_dop_operator_3.py for tasks to queue
[2024-07-18T18:53:31.961+0200] {logging_mixin.py:188} INFO - [2024-07-18T18:53:31.960+0200] {dagbag.py:545} INFO - Filling up the DagBag from /home/richonlinux/Documents/GitHub/AirflowTuto/venv/lib/python3.10/site-packages/airflow/example_dags/example_branch_python_dop_operator_3.py
[2024-07-18T18:53:31.968+0200] {processor.py:840} INFO - DAG(s) 'example_branch_dop_operator_v3' retrieved from /home/richonlinux/Documents/GitHub/AirflowTuto/venv/lib/python3.10/site-packages/airflow/example_dags/example_branch_python_dop_operator_3.py
[2024-07-18T18:53:31.975+0200] {logging_mixin.py:188} INFO - [2024-07-18T18:53:31.975+0200] {dag.py:3089} INFO - Sync 1 DAGs
[2024-07-18T18:53:32.043+0200] {logging_mixin.py:188} INFO - [2024-07-18T18:53:32.043+0200] {dag.py:3947} INFO - Setting next_dagrun for example_branch_dop_operator_v3 to 2024-07-18 16:52:00+00:00, run_after=2024-07-18 16:53:00+00:00
[2024-07-18T18:53:32.054+0200] {processor.py:183} INFO - Processing /home/richonlinux/Documents/GitHub/AirflowTuto/venv/lib/python3.10/site-packages/airflow/example_dags/example_branch_python_dop_operator_3.py took 0.105 seconds
[2024-07-18T18:54:16.237+0200] {processor.py:161} INFO - Started process (PID=272055) to work on /home/richonlinux/Documents/GitHub/AirflowTuto/venv/lib/python3.10/site-packages/airflow/example_dags/example_branch_python_dop_operator_3.py
[2024-07-18T18:54:16.239+0200] {processor.py:830} INFO - Processing file /home/richonlinux/Documents/GitHub/AirflowTuto/venv/lib/python3.10/site-packages/airflow/example_dags/example_branch_python_dop_operator_3.py for tasks to queue
[2024-07-18T18:54:16.241+0200] {logging_mixin.py:188} INFO - [2024-07-18T18:54:16.240+0200] {dagbag.py:545} INFO - Filling up the DagBag from /home/richonlinux/Documents/GitHub/AirflowTuto/venv/lib/python3.10/site-packages/airflow/example_dags/example_branch_python_dop_operator_3.py
[2024-07-18T18:54:16.248+0200] {processor.py:840} INFO - DAG(s) 'example_branch_dop_operator_v3' retrieved from /home/richonlinux/Documents/GitHub/AirflowTuto/venv/lib/python3.10/site-packages/airflow/example_dags/example_branch_python_dop_operator_3.py
[2024-07-18T18:54:16.256+0200] {logging_mixin.py:188} INFO - [2024-07-18T18:54:16.256+0200] {dag.py:3089} INFO - Sync 1 DAGs
[2024-07-18T18:54:16.268+0200] {logging_mixin.py:188} INFO - [2024-07-18T18:54:16.268+0200] {dag.py:3947} INFO - Setting next_dagrun for example_branch_dop_operator_v3 to 2024-07-18 16:53:00+00:00, run_after=2024-07-18 16:54:00+00:00
[2024-07-18T18:54:16.281+0200] {processor.py:183} INFO - Processing /home/richonlinux/Documents/GitHub/AirflowTuto/venv/lib/python3.10/site-packages/airflow/example_dags/example_branch_python_dop_operator_3.py took 0.049 seconds
[2024-07-18T18:54:59.157+0200] {processor.py:161} INFO - Started process (PID=272729) to work on /home/richonlinux/Documents/GitHub/AirflowTuto/venv/lib/python3.10/site-packages/airflow/example_dags/example_branch_python_dop_operator_3.py
[2024-07-18T18:54:59.159+0200] {processor.py:830} INFO - Processing file /home/richonlinux/Documents/GitHub/AirflowTuto/venv/lib/python3.10/site-packages/airflow/example_dags/example_branch_python_dop_operator_3.py for tasks to queue
[2024-07-18T18:54:59.161+0200] {logging_mixin.py:188} INFO - [2024-07-18T18:54:59.160+0200] {dagbag.py:545} INFO - Filling up the DagBag from /home/richonlinux/Documents/GitHub/AirflowTuto/venv/lib/python3.10/site-packages/airflow/example_dags/example_branch_python_dop_operator_3.py
[2024-07-18T18:54:59.168+0200] {processor.py:840} INFO - DAG(s) 'example_branch_dop_operator_v3' retrieved from /home/richonlinux/Documents/GitHub/AirflowTuto/venv/lib/python3.10/site-packages/airflow/example_dags/example_branch_python_dop_operator_3.py
[2024-07-18T18:54:59.176+0200] {logging_mixin.py:188} INFO - [2024-07-18T18:54:59.176+0200] {dag.py:3089} INFO - Sync 1 DAGs
[2024-07-18T18:54:59.187+0200] {logging_mixin.py:188} INFO - [2024-07-18T18:54:59.187+0200] {dag.py:3947} INFO - Setting next_dagrun for example_branch_dop_operator_v3 to 2024-07-18 16:53:00+00:00, run_after=2024-07-18 16:54:00+00:00
[2024-07-18T18:54:59.200+0200] {processor.py:183} INFO - Processing /home/richonlinux/Documents/GitHub/AirflowTuto/venv/lib/python3.10/site-packages/airflow/example_dags/example_branch_python_dop_operator_3.py took 0.052 seconds
[2024-07-18T18:55:34.888+0200] {processor.py:161} INFO - Started process (PID=273333) to work on /home/richonlinux/Documents/GitHub/AirflowTuto/venv/lib/python3.10/site-packages/airflow/example_dags/example_branch_python_dop_operator_3.py
[2024-07-18T18:55:34.892+0200] {processor.py:830} INFO - Processing file /home/richonlinux/Documents/GitHub/AirflowTuto/venv/lib/python3.10/site-packages/airflow/example_dags/example_branch_python_dop_operator_3.py for tasks to queue
[2024-07-18T18:55:34.893+0200] {logging_mixin.py:188} INFO - [2024-07-18T18:55:34.893+0200] {dagbag.py:545} INFO - Filling up the DagBag from /home/richonlinux/Documents/GitHub/AirflowTuto/venv/lib/python3.10/site-packages/airflow/example_dags/example_branch_python_dop_operator_3.py
[2024-07-18T18:55:34.898+0200] {processor.py:840} INFO - DAG(s) 'example_branch_dop_operator_v3' retrieved from /home/richonlinux/Documents/GitHub/AirflowTuto/venv/lib/python3.10/site-packages/airflow/example_dags/example_branch_python_dop_operator_3.py
[2024-07-18T18:55:34.906+0200] {logging_mixin.py:188} INFO - [2024-07-18T18:55:34.906+0200] {dag.py:3089} INFO - Sync 1 DAGs
[2024-07-18T18:55:34.918+0200] {logging_mixin.py:188} INFO - [2024-07-18T18:55:34.918+0200] {dag.py:3947} INFO - Setting next_dagrun for example_branch_dop_operator_v3 to 2024-07-18 16:54:00+00:00, run_after=2024-07-18 16:55:00+00:00
[2024-07-18T18:55:34.931+0200] {processor.py:183} INFO - Processing /home/richonlinux/Documents/GitHub/AirflowTuto/venv/lib/python3.10/site-packages/airflow/example_dags/example_branch_python_dop_operator_3.py took 0.046 seconds
[2024-07-18T18:56:14.329+0200] {processor.py:161} INFO - Started process (PID=273948) to work on /home/richonlinux/Documents/GitHub/AirflowTuto/venv/lib/python3.10/site-packages/airflow/example_dags/example_branch_python_dop_operator_3.py
[2024-07-18T18:56:14.330+0200] {processor.py:830} INFO - Processing file /home/richonlinux/Documents/GitHub/AirflowTuto/venv/lib/python3.10/site-packages/airflow/example_dags/example_branch_python_dop_operator_3.py for tasks to queue
[2024-07-18T18:56:14.330+0200] {logging_mixin.py:188} INFO - [2024-07-18T18:56:14.330+0200] {dagbag.py:545} INFO - Filling up the DagBag from /home/richonlinux/Documents/GitHub/AirflowTuto/venv/lib/python3.10/site-packages/airflow/example_dags/example_branch_python_dop_operator_3.py
[2024-07-18T18:56:14.335+0200] {processor.py:840} INFO - DAG(s) 'example_branch_dop_operator_v3' retrieved from /home/richonlinux/Documents/GitHub/AirflowTuto/venv/lib/python3.10/site-packages/airflow/example_dags/example_branch_python_dop_operator_3.py
[2024-07-18T18:56:14.343+0200] {logging_mixin.py:188} INFO - [2024-07-18T18:56:14.343+0200] {dag.py:3089} INFO - Sync 1 DAGs
[2024-07-18T18:56:14.355+0200] {logging_mixin.py:188} INFO - [2024-07-18T18:56:14.355+0200] {dag.py:3947} INFO - Setting next_dagrun for example_branch_dop_operator_v3 to 2024-07-18 16:55:00+00:00, run_after=2024-07-18 16:56:00+00:00
[2024-07-18T18:56:14.368+0200] {processor.py:183} INFO - Processing /home/richonlinux/Documents/GitHub/AirflowTuto/venv/lib/python3.10/site-packages/airflow/example_dags/example_branch_python_dop_operator_3.py took 0.043 seconds
[2024-07-18T18:56:53.124+0200] {processor.py:161} INFO - Started process (PID=274675) to work on /home/richonlinux/Documents/GitHub/AirflowTuto/venv/lib/python3.10/site-packages/airflow/example_dags/example_branch_python_dop_operator_3.py
[2024-07-18T18:56:53.125+0200] {processor.py:830} INFO - Processing file /home/richonlinux/Documents/GitHub/AirflowTuto/venv/lib/python3.10/site-packages/airflow/example_dags/example_branch_python_dop_operator_3.py for tasks to queue
[2024-07-18T18:56:53.126+0200] {logging_mixin.py:188} INFO - [2024-07-18T18:56:53.126+0200] {dagbag.py:545} INFO - Filling up the DagBag from /home/richonlinux/Documents/GitHub/AirflowTuto/venv/lib/python3.10/site-packages/airflow/example_dags/example_branch_python_dop_operator_3.py
[2024-07-18T18:56:53.131+0200] {processor.py:840} INFO - DAG(s) 'example_branch_dop_operator_v3' retrieved from /home/richonlinux/Documents/GitHub/AirflowTuto/venv/lib/python3.10/site-packages/airflow/example_dags/example_branch_python_dop_operator_3.py
[2024-07-18T18:56:53.140+0200] {logging_mixin.py:188} INFO - [2024-07-18T18:56:53.140+0200] {dag.py:3089} INFO - Sync 1 DAGs
[2024-07-18T18:56:53.153+0200] {logging_mixin.py:188} INFO - [2024-07-18T18:56:53.152+0200] {dag.py:3947} INFO - Setting next_dagrun for example_branch_dop_operator_v3 to 2024-07-18 16:55:00+00:00, run_after=2024-07-18 16:56:00+00:00
[2024-07-18T18:56:53.166+0200] {processor.py:183} INFO - Processing /home/richonlinux/Documents/GitHub/AirflowTuto/venv/lib/python3.10/site-packages/airflow/example_dags/example_branch_python_dop_operator_3.py took 0.046 seconds
[2024-07-18T18:57:32.148+0200] {processor.py:161} INFO - Started process (PID=275326) to work on /home/richonlinux/Documents/GitHub/AirflowTuto/venv/lib/python3.10/site-packages/airflow/example_dags/example_branch_python_dop_operator_3.py
[2024-07-18T18:57:32.149+0200] {processor.py:830} INFO - Processing file /home/richonlinux/Documents/GitHub/AirflowTuto/venv/lib/python3.10/site-packages/airflow/example_dags/example_branch_python_dop_operator_3.py for tasks to queue
[2024-07-18T18:57:32.150+0200] {logging_mixin.py:188} INFO - [2024-07-18T18:57:32.150+0200] {dagbag.py:545} INFO - Filling up the DagBag from /home/richonlinux/Documents/GitHub/AirflowTuto/venv/lib/python3.10/site-packages/airflow/example_dags/example_branch_python_dop_operator_3.py
[2024-07-18T18:57:32.156+0200] {processor.py:840} INFO - DAG(s) 'example_branch_dop_operator_v3' retrieved from /home/richonlinux/Documents/GitHub/AirflowTuto/venv/lib/python3.10/site-packages/airflow/example_dags/example_branch_python_dop_operator_3.py
[2024-07-18T18:57:32.165+0200] {logging_mixin.py:188} INFO - [2024-07-18T18:57:32.165+0200] {dag.py:3089} INFO - Sync 1 DAGs
[2024-07-18T18:57:32.177+0200] {logging_mixin.py:188} INFO - [2024-07-18T18:57:32.177+0200] {dag.py:3947} INFO - Setting next_dagrun for example_branch_dop_operator_v3 to 2024-07-18 16:56:00+00:00, run_after=2024-07-18 16:57:00+00:00
[2024-07-18T18:57:32.189+0200] {processor.py:183} INFO - Processing /home/richonlinux/Documents/GitHub/AirflowTuto/venv/lib/python3.10/site-packages/airflow/example_dags/example_branch_python_dop_operator_3.py took 0.046 seconds
[2024-07-18T18:58:12.149+0200] {processor.py:161} INFO - Started process (PID=275920) to work on /home/richonlinux/Documents/GitHub/AirflowTuto/venv/lib/python3.10/site-packages/airflow/example_dags/example_branch_python_dop_operator_3.py
[2024-07-18T18:58:12.150+0200] {processor.py:830} INFO - Processing file /home/richonlinux/Documents/GitHub/AirflowTuto/venv/lib/python3.10/site-packages/airflow/example_dags/example_branch_python_dop_operator_3.py for tasks to queue
[2024-07-18T18:58:12.151+0200] {logging_mixin.py:188} INFO - [2024-07-18T18:58:12.151+0200] {dagbag.py:545} INFO - Filling up the DagBag from /home/richonlinux/Documents/GitHub/AirflowTuto/venv/lib/python3.10/site-packages/airflow/example_dags/example_branch_python_dop_operator_3.py
[2024-07-18T18:58:12.158+0200] {processor.py:840} INFO - DAG(s) 'example_branch_dop_operator_v3' retrieved from /home/richonlinux/Documents/GitHub/AirflowTuto/venv/lib/python3.10/site-packages/airflow/example_dags/example_branch_python_dop_operator_3.py
[2024-07-18T18:58:12.167+0200] {logging_mixin.py:188} INFO - [2024-07-18T18:58:12.167+0200] {dag.py:3089} INFO - Sync 1 DAGs
[2024-07-18T18:58:12.179+0200] {logging_mixin.py:188} INFO - [2024-07-18T18:58:12.178+0200] {dag.py:3947} INFO - Setting next_dagrun for example_branch_dop_operator_v3 to 2024-07-18 16:57:00+00:00, run_after=2024-07-18 16:58:00+00:00
[2024-07-18T18:58:12.191+0200] {processor.py:183} INFO - Processing /home/richonlinux/Documents/GitHub/AirflowTuto/venv/lib/python3.10/site-packages/airflow/example_dags/example_branch_python_dop_operator_3.py took 0.046 seconds
[2024-07-18T18:58:52.146+0200] {processor.py:161} INFO - Started process (PID=276562) to work on /home/richonlinux/Documents/GitHub/AirflowTuto/venv/lib/python3.10/site-packages/airflow/example_dags/example_branch_python_dop_operator_3.py
[2024-07-18T18:58:52.150+0200] {processor.py:830} INFO - Processing file /home/richonlinux/Documents/GitHub/AirflowTuto/venv/lib/python3.10/site-packages/airflow/example_dags/example_branch_python_dop_operator_3.py for tasks to queue
[2024-07-18T18:58:52.151+0200] {logging_mixin.py:188} INFO - [2024-07-18T18:58:52.151+0200] {dagbag.py:545} INFO - Filling up the DagBag from /home/richonlinux/Documents/GitHub/AirflowTuto/venv/lib/python3.10/site-packages/airflow/example_dags/example_branch_python_dop_operator_3.py
[2024-07-18T18:58:52.156+0200] {processor.py:840} INFO - DAG(s) 'example_branch_dop_operator_v3' retrieved from /home/richonlinux/Documents/GitHub/AirflowTuto/venv/lib/python3.10/site-packages/airflow/example_dags/example_branch_python_dop_operator_3.py
[2024-07-18T18:58:52.165+0200] {logging_mixin.py:188} INFO - [2024-07-18T18:58:52.164+0200] {dag.py:3089} INFO - Sync 1 DAGs
[2024-07-18T18:58:52.177+0200] {logging_mixin.py:188} INFO - [2024-07-18T18:58:52.177+0200] {dag.py:3947} INFO - Setting next_dagrun for example_branch_dop_operator_v3 to 2024-07-18 16:57:00+00:00, run_after=2024-07-18 16:58:00+00:00
[2024-07-18T18:58:52.190+0200] {processor.py:183} INFO - Processing /home/richonlinux/Documents/GitHub/AirflowTuto/venv/lib/python3.10/site-packages/airflow/example_dags/example_branch_python_dop_operator_3.py took 0.048 seconds
[2024-07-18T18:59:32.634+0200] {processor.py:161} INFO - Started process (PID=277387) to work on /home/richonlinux/Documents/GitHub/AirflowTuto/venv/lib/python3.10/site-packages/airflow/example_dags/example_branch_python_dop_operator_3.py
[2024-07-18T18:59:32.638+0200] {processor.py:830} INFO - Processing file /home/richonlinux/Documents/GitHub/AirflowTuto/venv/lib/python3.10/site-packages/airflow/example_dags/example_branch_python_dop_operator_3.py for tasks to queue
[2024-07-18T18:59:32.640+0200] {logging_mixin.py:188} INFO - [2024-07-18T18:59:32.640+0200] {dagbag.py:545} INFO - Filling up the DagBag from /home/richonlinux/Documents/GitHub/AirflowTuto/venv/lib/python3.10/site-packages/airflow/example_dags/example_branch_python_dop_operator_3.py
[2024-07-18T18:59:32.648+0200] {processor.py:840} INFO - DAG(s) 'example_branch_dop_operator_v3' retrieved from /home/richonlinux/Documents/GitHub/AirflowTuto/venv/lib/python3.10/site-packages/airflow/example_dags/example_branch_python_dop_operator_3.py
[2024-07-18T18:59:32.658+0200] {logging_mixin.py:188} INFO - [2024-07-18T18:59:32.658+0200] {dag.py:3089} INFO - Sync 1 DAGs
[2024-07-18T18:59:32.670+0200] {logging_mixin.py:188} INFO - [2024-07-18T18:59:32.669+0200] {dag.py:3947} INFO - Setting next_dagrun for example_branch_dop_operator_v3 to 2024-07-18 16:58:00+00:00, run_after=2024-07-18 16:59:00+00:00
[2024-07-18T18:59:32.682+0200] {processor.py:183} INFO - Processing /home/richonlinux/Documents/GitHub/AirflowTuto/venv/lib/python3.10/site-packages/airflow/example_dags/example_branch_python_dop_operator_3.py took 0.050 seconds
