[2024-07-18T18:16:38.432+0200] {processor.py:161} INFO - Started process (PID=258270) to work on /home/richonlinux/Documents/GitHub/AirflowTuto/venv/lib/python3.10/site-packages/airflow/example_dags/example_trigger_target_dag.py
[2024-07-18T18:16:38.433+0200] {processor.py:830} INFO - Processing file /home/richonlinux/Documents/GitHub/AirflowTuto/venv/lib/python3.10/site-packages/airflow/example_dags/example_trigger_target_dag.py for tasks to queue
[2024-07-18T18:16:38.435+0200] {logging_mixin.py:188} INFO - [2024-07-18T18:16:38.434+0200] {dagbag.py:545} INFO - Filling up the DagBag from /home/richonlinux/Documents/GitHub/AirflowTuto/venv/lib/python3.10/site-packages/airflow/example_dags/example_trigger_target_dag.py
[2024-07-18T18:16:38.439+0200] {processor.py:840} INFO - DAG(s) 'example_trigger_target_dag' retrieved from /home/richonlinux/Documents/GitHub/AirflowTuto/venv/lib/python3.10/site-packages/airflow/example_dags/example_trigger_target_dag.py
[2024-07-18T18:16:38.497+0200] {logging_mixin.py:188} INFO - [2024-07-18T18:16:38.497+0200] {override.py:1858} INFO - Created Permission View: can edit on DAG:example_trigger_target_dag
[2024-07-18T18:16:38.505+0200] {logging_mixin.py:188} INFO - [2024-07-18T18:16:38.505+0200] {override.py:1858} INFO - Created Permission View: can read on DAG:example_trigger_target_dag
[2024-07-18T18:16:38.511+0200] {logging_mixin.py:188} INFO - [2024-07-18T18:16:38.511+0200] {override.py:1858} INFO - Created Permission View: can delete on DAG:example_trigger_target_dag
[2024-07-18T18:16:38.511+0200] {logging_mixin.py:188} INFO - [2024-07-18T18:16:38.511+0200] {dag.py:3089} INFO - Sync 1 DAGs
[2024-07-18T18:16:38.517+0200] {logging_mixin.py:188} INFO - [2024-07-18T18:16:38.517+0200] {dag.py:3111} INFO - Creating ORM DAG for example_trigger_target_dag
[2024-07-18T18:16:38.517+0200] {logging_mixin.py:188} INFO - [2024-07-18T18:16:38.517+0200] {dag.py:3947} INFO - Setting next_dagrun for example_trigger_target_dag to None, run_after=None
[2024-07-18T18:16:38.530+0200] {processor.py:183} INFO - Processing /home/richonlinux/Documents/GitHub/AirflowTuto/venv/lib/python3.10/site-packages/airflow/example_dags/example_trigger_target_dag.py took 0.104 seconds
[2024-07-18T18:17:30.934+0200] {processor.py:161} INFO - Started process (PID=259133) to work on /home/richonlinux/Documents/GitHub/AirflowTuto/venv/lib/python3.10/site-packages/airflow/example_dags/example_trigger_target_dag.py
[2024-07-18T18:17:30.935+0200] {processor.py:830} INFO - Processing file /home/richonlinux/Documents/GitHub/AirflowTuto/venv/lib/python3.10/site-packages/airflow/example_dags/example_trigger_target_dag.py for tasks to queue
[2024-07-18T18:17:30.936+0200] {logging_mixin.py:188} INFO - [2024-07-18T18:17:30.936+0200] {dagbag.py:545} INFO - Filling up the DagBag from /home/richonlinux/Documents/GitHub/AirflowTuto/venv/lib/python3.10/site-packages/airflow/example_dags/example_trigger_target_dag.py
[2024-07-18T18:17:30.940+0200] {processor.py:840} INFO - DAG(s) 'example_trigger_target_dag' retrieved from /home/richonlinux/Documents/GitHub/AirflowTuto/venv/lib/python3.10/site-packages/airflow/example_dags/example_trigger_target_dag.py
[2024-07-18T18:17:30.949+0200] {logging_mixin.py:188} INFO - [2024-07-18T18:17:30.949+0200] {dag.py:3089} INFO - Sync 1 DAGs
[2024-07-18T18:17:30.955+0200] {logging_mixin.py:188} INFO - [2024-07-18T18:17:30.955+0200] {dag.py:3947} INFO - Setting next_dagrun for example_trigger_target_dag to None, run_after=None
[2024-07-18T18:17:30.968+0200] {processor.py:183} INFO - Processing /home/richonlinux/Documents/GitHub/AirflowTuto/venv/lib/python3.10/site-packages/airflow/example_dags/example_trigger_target_dag.py took 0.039 seconds
[2024-07-18T18:44:19.901+0200] {processor.py:161} INFO - Started process (PID=260333) to work on /home/richonlinux/Documents/GitHub/AirflowTuto/venv/lib/python3.10/site-packages/airflow/example_dags/example_trigger_target_dag.py
[2024-07-18T18:44:19.905+0200] {processor.py:830} INFO - Processing file /home/richonlinux/Documents/GitHub/AirflowTuto/venv/lib/python3.10/site-packages/airflow/example_dags/example_trigger_target_dag.py for tasks to queue
[2024-07-18T18:44:19.906+0200] {logging_mixin.py:188} INFO - [2024-07-18T18:44:19.905+0200] {dagbag.py:545} INFO - Filling up the DagBag from /home/richonlinux/Documents/GitHub/AirflowTuto/venv/lib/python3.10/site-packages/airflow/example_dags/example_trigger_target_dag.py
[2024-07-18T18:44:19.912+0200] {processor.py:840} INFO - DAG(s) 'example_trigger_target_dag' retrieved from /home/richonlinux/Documents/GitHub/AirflowTuto/venv/lib/python3.10/site-packages/airflow/example_dags/example_trigger_target_dag.py
[2024-07-18T18:44:19.921+0200] {logging_mixin.py:188} INFO - [2024-07-18T18:44:19.921+0200] {dag.py:3089} INFO - Sync 1 DAGs
[2024-07-18T18:44:19.927+0200] {logging_mixin.py:188} INFO - [2024-07-18T18:44:19.927+0200] {dag.py:3947} INFO - Setting next_dagrun for example_trigger_target_dag to None, run_after=None
[2024-07-18T18:44:19.995+0200] {processor.py:183} INFO - Processing /home/richonlinux/Documents/GitHub/AirflowTuto/venv/lib/python3.10/site-packages/airflow/example_dags/example_trigger_target_dag.py took 0.097 seconds
[2024-07-18T18:45:11.999+0200] {processor.py:161} INFO - Started process (PID=261433) to work on /home/richonlinux/Documents/GitHub/AirflowTuto/venv/lib/python3.10/site-packages/airflow/example_dags/example_trigger_target_dag.py
[2024-07-18T18:45:12.000+0200] {processor.py:830} INFO - Processing file /home/richonlinux/Documents/GitHub/AirflowTuto/venv/lib/python3.10/site-packages/airflow/example_dags/example_trigger_target_dag.py for tasks to queue
[2024-07-18T18:45:12.001+0200] {logging_mixin.py:188} INFO - [2024-07-18T18:45:12.001+0200] {dagbag.py:545} INFO - Filling up the DagBag from /home/richonlinux/Documents/GitHub/AirflowTuto/venv/lib/python3.10/site-packages/airflow/example_dags/example_trigger_target_dag.py
[2024-07-18T18:45:12.006+0200] {processor.py:840} INFO - DAG(s) 'example_trigger_target_dag' retrieved from /home/richonlinux/Documents/GitHub/AirflowTuto/venv/lib/python3.10/site-packages/airflow/example_dags/example_trigger_target_dag.py
[2024-07-18T18:45:12.017+0200] {logging_mixin.py:188} INFO - [2024-07-18T18:45:12.016+0200] {dag.py:3089} INFO - Sync 1 DAGs
[2024-07-18T18:45:12.025+0200] {logging_mixin.py:188} INFO - [2024-07-18T18:45:12.025+0200] {dag.py:3947} INFO - Setting next_dagrun for example_trigger_target_dag to None, run_after=None
[2024-07-18T18:45:12.046+0200] {processor.py:183} INFO - Processing /home/richonlinux/Documents/GitHub/AirflowTuto/venv/lib/python3.10/site-packages/airflow/example_dags/example_trigger_target_dag.py took 0.052 seconds
[2024-07-18T18:46:07.681+0200] {processor.py:161} INFO - Started process (PID=262662) to work on /home/richonlinux/Documents/GitHub/AirflowTuto/venv/lib/python3.10/site-packages/airflow/example_dags/example_trigger_target_dag.py
[2024-07-18T18:46:07.682+0200] {processor.py:830} INFO - Processing file /home/richonlinux/Documents/GitHub/AirflowTuto/venv/lib/python3.10/site-packages/airflow/example_dags/example_trigger_target_dag.py for tasks to queue
[2024-07-18T18:46:07.684+0200] {logging_mixin.py:188} INFO - [2024-07-18T18:46:07.683+0200] {dagbag.py:545} INFO - Filling up the DagBag from /home/richonlinux/Documents/GitHub/AirflowTuto/venv/lib/python3.10/site-packages/airflow/example_dags/example_trigger_target_dag.py
[2024-07-18T18:46:07.690+0200] {processor.py:840} INFO - DAG(s) 'example_trigger_target_dag' retrieved from /home/richonlinux/Documents/GitHub/AirflowTuto/venv/lib/python3.10/site-packages/airflow/example_dags/example_trigger_target_dag.py
[2024-07-18T18:46:07.699+0200] {logging_mixin.py:188} INFO - [2024-07-18T18:46:07.699+0200] {dag.py:3089} INFO - Sync 1 DAGs
[2024-07-18T18:46:07.706+0200] {logging_mixin.py:188} INFO - [2024-07-18T18:46:07.706+0200] {dag.py:3947} INFO - Setting next_dagrun for example_trigger_target_dag to None, run_after=None
[2024-07-18T18:46:07.720+0200] {processor.py:183} INFO - Processing /home/richonlinux/Documents/GitHub/AirflowTuto/venv/lib/python3.10/site-packages/airflow/example_dags/example_trigger_target_dag.py took 0.045 seconds
[2024-07-18T18:49:49.978+0200] {processor.py:161} INFO - Started process (PID=266677) to work on /home/richonlinux/Documents/GitHub/AirflowTuto/venv/lib/python3.10/site-packages/airflow/example_dags/example_trigger_target_dag.py
[2024-07-18T18:49:49.979+0200] {processor.py:830} INFO - Processing file /home/richonlinux/Documents/GitHub/AirflowTuto/venv/lib/python3.10/site-packages/airflow/example_dags/example_trigger_target_dag.py for tasks to queue
[2024-07-18T18:49:49.981+0200] {logging_mixin.py:188} INFO - [2024-07-18T18:49:49.980+0200] {dagbag.py:545} INFO - Filling up the DagBag from /home/richonlinux/Documents/GitHub/AirflowTuto/venv/lib/python3.10/site-packages/airflow/example_dags/example_trigger_target_dag.py
[2024-07-18T18:49:49.986+0200] {processor.py:840} INFO - DAG(s) 'example_trigger_target_dag' retrieved from /home/richonlinux/Documents/GitHub/AirflowTuto/venv/lib/python3.10/site-packages/airflow/example_dags/example_trigger_target_dag.py
[2024-07-18T18:49:50.041+0200] {logging_mixin.py:188} INFO - [2024-07-18T18:49:50.041+0200] {dag.py:3089} INFO - Sync 1 DAGs
[2024-07-18T18:49:50.047+0200] {logging_mixin.py:188} INFO - [2024-07-18T18:49:50.047+0200] {dag.py:3947} INFO - Setting next_dagrun for example_trigger_target_dag to None, run_after=None
[2024-07-18T18:49:50.060+0200] {processor.py:183} INFO - Processing /home/richonlinux/Documents/GitHub/AirflowTuto/venv/lib/python3.10/site-packages/airflow/example_dags/example_trigger_target_dag.py took 0.091 seconds
[2024-07-18T18:51:43.370+0200] {processor.py:161} INFO - Started process (PID=268634) to work on /home/richonlinux/Documents/GitHub/AirflowTuto/venv/lib/python3.10/site-packages/airflow/example_dags/example_trigger_target_dag.py
[2024-07-18T18:51:43.371+0200] {processor.py:830} INFO - Processing file /home/richonlinux/Documents/GitHub/AirflowTuto/venv/lib/python3.10/site-packages/airflow/example_dags/example_trigger_target_dag.py for tasks to queue
[2024-07-18T18:51:43.371+0200] {logging_mixin.py:188} INFO - [2024-07-18T18:51:43.371+0200] {dagbag.py:545} INFO - Filling up the DagBag from /home/richonlinux/Documents/GitHub/AirflowTuto/venv/lib/python3.10/site-packages/airflow/example_dags/example_trigger_target_dag.py
[2024-07-18T18:51:43.377+0200] {processor.py:840} INFO - DAG(s) 'example_trigger_target_dag' retrieved from /home/richonlinux/Documents/GitHub/AirflowTuto/venv/lib/python3.10/site-packages/airflow/example_dags/example_trigger_target_dag.py
[2024-07-18T18:51:43.422+0200] {logging_mixin.py:188} INFO - [2024-07-18T18:51:43.422+0200] {dag.py:3089} INFO - Sync 1 DAGs
[2024-07-18T18:51:43.426+0200] {logging_mixin.py:188} INFO - [2024-07-18T18:51:43.426+0200] {dag.py:3947} INFO - Setting next_dagrun for example_trigger_target_dag to None, run_after=None
[2024-07-18T18:51:43.438+0200] {processor.py:183} INFO - Processing /home/richonlinux/Documents/GitHub/AirflowTuto/venv/lib/python3.10/site-packages/airflow/example_dags/example_trigger_target_dag.py took 0.072 seconds
[2024-07-18T18:52:35.514+0200] {processor.py:161} INFO - Started process (PID=269759) to work on /home/richonlinux/Documents/GitHub/AirflowTuto/venv/lib/python3.10/site-packages/airflow/example_dags/example_trigger_target_dag.py
[2024-07-18T18:52:35.515+0200] {processor.py:830} INFO - Processing file /home/richonlinux/Documents/GitHub/AirflowTuto/venv/lib/python3.10/site-packages/airflow/example_dags/example_trigger_target_dag.py for tasks to queue
[2024-07-18T18:52:35.516+0200] {logging_mixin.py:188} INFO - [2024-07-18T18:52:35.516+0200] {dagbag.py:545} INFO - Filling up the DagBag from /home/richonlinux/Documents/GitHub/AirflowTuto/venv/lib/python3.10/site-packages/airflow/example_dags/example_trigger_target_dag.py
[2024-07-18T18:52:35.520+0200] {processor.py:840} INFO - DAG(s) 'example_trigger_target_dag' retrieved from /home/richonlinux/Documents/GitHub/AirflowTuto/venv/lib/python3.10/site-packages/airflow/example_dags/example_trigger_target_dag.py
[2024-07-18T18:52:35.528+0200] {logging_mixin.py:188} INFO - [2024-07-18T18:52:35.528+0200] {dag.py:3089} INFO - Sync 1 DAGs
[2024-07-18T18:52:35.534+0200] {logging_mixin.py:188} INFO - [2024-07-18T18:52:35.534+0200] {dag.py:3947} INFO - Setting next_dagrun for example_trigger_target_dag to None, run_after=None
[2024-07-18T18:52:35.547+0200] {processor.py:183} INFO - Processing /home/richonlinux/Documents/GitHub/AirflowTuto/venv/lib/python3.10/site-packages/airflow/example_dags/example_trigger_target_dag.py took 0.036 seconds
[2024-07-18T18:53:26.426+0200] {processor.py:161} INFO - Started process (PID=271144) to work on /home/richonlinux/Documents/GitHub/AirflowTuto/venv/lib/python3.10/site-packages/airflow/example_dags/example_trigger_target_dag.py
[2024-07-18T18:53:26.427+0200] {processor.py:830} INFO - Processing file /home/richonlinux/Documents/GitHub/AirflowTuto/venv/lib/python3.10/site-packages/airflow/example_dags/example_trigger_target_dag.py for tasks to queue
[2024-07-18T18:53:26.430+0200] {logging_mixin.py:188} INFO - [2024-07-18T18:53:26.429+0200] {dagbag.py:545} INFO - Filling up the DagBag from /home/richonlinux/Documents/GitHub/AirflowTuto/venv/lib/python3.10/site-packages/airflow/example_dags/example_trigger_target_dag.py
[2024-07-18T18:53:26.434+0200] {processor.py:840} INFO - DAG(s) 'example_trigger_target_dag' retrieved from /home/richonlinux/Documents/GitHub/AirflowTuto/venv/lib/python3.10/site-packages/airflow/example_dags/example_trigger_target_dag.py
[2024-07-18T18:53:26.442+0200] {logging_mixin.py:188} INFO - [2024-07-18T18:53:26.442+0200] {dag.py:3089} INFO - Sync 1 DAGs
[2024-07-18T18:53:26.448+0200] {logging_mixin.py:188} INFO - [2024-07-18T18:53:26.448+0200] {dag.py:3947} INFO - Setting next_dagrun for example_trigger_target_dag to None, run_after=None
[2024-07-18T18:53:26.515+0200] {processor.py:183} INFO - Processing /home/richonlinux/Documents/GitHub/AirflowTuto/venv/lib/python3.10/site-packages/airflow/example_dags/example_trigger_target_dag.py took 0.098 seconds
[2024-07-18T18:54:33.679+0200] {processor.py:161} INFO - Started process (PID=272358) to work on /home/richonlinux/Documents/GitHub/AirflowTuto/venv/lib/python3.10/site-packages/airflow/example_dags/example_trigger_target_dag.py
[2024-07-18T18:54:33.680+0200] {processor.py:830} INFO - Processing file /home/richonlinux/Documents/GitHub/AirflowTuto/venv/lib/python3.10/site-packages/airflow/example_dags/example_trigger_target_dag.py for tasks to queue
[2024-07-18T18:54:33.681+0200] {logging_mixin.py:188} INFO - [2024-07-18T18:54:33.680+0200] {dagbag.py:545} INFO - Filling up the DagBag from /home/richonlinux/Documents/GitHub/AirflowTuto/venv/lib/python3.10/site-packages/airflow/example_dags/example_trigger_target_dag.py
[2024-07-18T18:54:33.686+0200] {processor.py:840} INFO - DAG(s) 'example_trigger_target_dag' retrieved from /home/richonlinux/Documents/GitHub/AirflowTuto/venv/lib/python3.10/site-packages/airflow/example_dags/example_trigger_target_dag.py
[2024-07-18T18:54:33.695+0200] {logging_mixin.py:188} INFO - [2024-07-18T18:54:33.694+0200] {dag.py:3089} INFO - Sync 1 DAGs
[2024-07-18T18:54:33.700+0200] {logging_mixin.py:188} INFO - [2024-07-18T18:54:33.700+0200] {dag.py:3947} INFO - Setting next_dagrun for example_trigger_target_dag to None, run_after=None
[2024-07-18T18:54:33.712+0200] {processor.py:183} INFO - Processing /home/richonlinux/Documents/GitHub/AirflowTuto/venv/lib/python3.10/site-packages/airflow/example_dags/example_trigger_target_dag.py took 0.038 seconds
[2024-07-18T18:55:29.570+0200] {processor.py:161} INFO - Started process (PID=273240) to work on /home/richonlinux/Documents/GitHub/AirflowTuto/venv/lib/python3.10/site-packages/airflow/example_dags/example_trigger_target_dag.py
[2024-07-18T18:55:29.572+0200] {processor.py:830} INFO - Processing file /home/richonlinux/Documents/GitHub/AirflowTuto/venv/lib/python3.10/site-packages/airflow/example_dags/example_trigger_target_dag.py for tasks to queue
[2024-07-18T18:55:29.574+0200] {logging_mixin.py:188} INFO - [2024-07-18T18:55:29.573+0200] {dagbag.py:545} INFO - Filling up the DagBag from /home/richonlinux/Documents/GitHub/AirflowTuto/venv/lib/python3.10/site-packages/airflow/example_dags/example_trigger_target_dag.py
[2024-07-18T18:55:29.579+0200] {processor.py:840} INFO - DAG(s) 'example_trigger_target_dag' retrieved from /home/richonlinux/Documents/GitHub/AirflowTuto/venv/lib/python3.10/site-packages/airflow/example_dags/example_trigger_target_dag.py
[2024-07-18T18:55:29.588+0200] {logging_mixin.py:188} INFO - [2024-07-18T18:55:29.588+0200] {dag.py:3089} INFO - Sync 1 DAGs
[2024-07-18T18:55:29.594+0200] {logging_mixin.py:188} INFO - [2024-07-18T18:55:29.594+0200] {dag.py:3947} INFO - Setting next_dagrun for example_trigger_target_dag to None, run_after=None
[2024-07-18T18:55:29.606+0200] {processor.py:183} INFO - Processing /home/richonlinux/Documents/GitHub/AirflowTuto/venv/lib/python3.10/site-packages/airflow/example_dags/example_trigger_target_dag.py took 0.043 seconds
[2024-07-18T18:56:29.141+0200] {processor.py:161} INFO - Started process (PID=274295) to work on /home/richonlinux/Documents/GitHub/AirflowTuto/venv/lib/python3.10/site-packages/airflow/example_dags/example_trigger_target_dag.py
[2024-07-18T18:56:29.143+0200] {processor.py:830} INFO - Processing file /home/richonlinux/Documents/GitHub/AirflowTuto/venv/lib/python3.10/site-packages/airflow/example_dags/example_trigger_target_dag.py for tasks to queue
[2024-07-18T18:56:29.145+0200] {logging_mixin.py:188} INFO - [2024-07-18T18:56:29.145+0200] {dagbag.py:545} INFO - Filling up the DagBag from /home/richonlinux/Documents/GitHub/AirflowTuto/venv/lib/python3.10/site-packages/airflow/example_dags/example_trigger_target_dag.py
[2024-07-18T18:56:29.150+0200] {processor.py:840} INFO - DAG(s) 'example_trigger_target_dag' retrieved from /home/richonlinux/Documents/GitHub/AirflowTuto/venv/lib/python3.10/site-packages/airflow/example_dags/example_trigger_target_dag.py
[2024-07-18T18:56:29.158+0200] {logging_mixin.py:188} INFO - [2024-07-18T18:56:29.158+0200] {dag.py:3089} INFO - Sync 1 DAGs
[2024-07-18T18:56:29.164+0200] {logging_mixin.py:188} INFO - [2024-07-18T18:56:29.164+0200] {dag.py:3947} INFO - Setting next_dagrun for example_trigger_target_dag to None, run_after=None
[2024-07-18T18:56:29.178+0200] {processor.py:183} INFO - Processing /home/richonlinux/Documents/GitHub/AirflowTuto/venv/lib/python3.10/site-packages/airflow/example_dags/example_trigger_target_dag.py took 0.045 seconds
[2024-07-18T18:57:26.999+0200] {processor.py:161} INFO - Started process (PID=275266) to work on /home/richonlinux/Documents/GitHub/AirflowTuto/venv/lib/python3.10/site-packages/airflow/example_dags/example_trigger_target_dag.py
[2024-07-18T18:57:27.000+0200] {processor.py:830} INFO - Processing file /home/richonlinux/Documents/GitHub/AirflowTuto/venv/lib/python3.10/site-packages/airflow/example_dags/example_trigger_target_dag.py for tasks to queue
[2024-07-18T18:57:27.001+0200] {logging_mixin.py:188} INFO - [2024-07-18T18:57:27.001+0200] {dagbag.py:545} INFO - Filling up the DagBag from /home/richonlinux/Documents/GitHub/AirflowTuto/venv/lib/python3.10/site-packages/airflow/example_dags/example_trigger_target_dag.py
[2024-07-18T18:57:27.005+0200] {processor.py:840} INFO - DAG(s) 'example_trigger_target_dag' retrieved from /home/richonlinux/Documents/GitHub/AirflowTuto/venv/lib/python3.10/site-packages/airflow/example_dags/example_trigger_target_dag.py
[2024-07-18T18:57:27.015+0200] {logging_mixin.py:188} INFO - [2024-07-18T18:57:27.015+0200] {dag.py:3089} INFO - Sync 1 DAGs
[2024-07-18T18:57:27.022+0200] {logging_mixin.py:188} INFO - [2024-07-18T18:57:27.022+0200] {dag.py:3947} INFO - Setting next_dagrun for example_trigger_target_dag to None, run_after=None
[2024-07-18T18:57:27.036+0200] {processor.py:183} INFO - Processing /home/richonlinux/Documents/GitHub/AirflowTuto/venv/lib/python3.10/site-packages/airflow/example_dags/example_trigger_target_dag.py took 0.040 seconds
[2024-07-18T18:58:27.033+0200] {processor.py:161} INFO - Started process (PID=276194) to work on /home/richonlinux/Documents/GitHub/AirflowTuto/venv/lib/python3.10/site-packages/airflow/example_dags/example_trigger_target_dag.py
[2024-07-18T18:58:27.037+0200] {processor.py:830} INFO - Processing file /home/richonlinux/Documents/GitHub/AirflowTuto/venv/lib/python3.10/site-packages/airflow/example_dags/example_trigger_target_dag.py for tasks to queue
[2024-07-18T18:58:27.039+0200] {logging_mixin.py:188} INFO - [2024-07-18T18:58:27.038+0200] {dagbag.py:545} INFO - Filling up the DagBag from /home/richonlinux/Documents/GitHub/AirflowTuto/venv/lib/python3.10/site-packages/airflow/example_dags/example_trigger_target_dag.py
[2024-07-18T18:58:27.045+0200] {processor.py:840} INFO - DAG(s) 'example_trigger_target_dag' retrieved from /home/richonlinux/Documents/GitHub/AirflowTuto/venv/lib/python3.10/site-packages/airflow/example_dags/example_trigger_target_dag.py
[2024-07-18T18:58:27.053+0200] {logging_mixin.py:188} INFO - [2024-07-18T18:58:27.053+0200] {dag.py:3089} INFO - Sync 1 DAGs
[2024-07-18T18:58:27.059+0200] {logging_mixin.py:188} INFO - [2024-07-18T18:58:27.058+0200] {dag.py:3947} INFO - Setting next_dagrun for example_trigger_target_dag to None, run_after=None
[2024-07-18T18:58:27.072+0200] {processor.py:183} INFO - Processing /home/richonlinux/Documents/GitHub/AirflowTuto/venv/lib/python3.10/site-packages/airflow/example_dags/example_trigger_target_dag.py took 0.048 seconds
[2024-07-18T18:59:27.496+0200] {processor.py:161} INFO - Started process (PID=277275) to work on /home/richonlinux/Documents/GitHub/AirflowTuto/venv/lib/python3.10/site-packages/airflow/example_dags/example_trigger_target_dag.py
[2024-07-18T18:59:27.497+0200] {processor.py:830} INFO - Processing file /home/richonlinux/Documents/GitHub/AirflowTuto/venv/lib/python3.10/site-packages/airflow/example_dags/example_trigger_target_dag.py for tasks to queue
[2024-07-18T18:59:27.498+0200] {logging_mixin.py:188} INFO - [2024-07-18T18:59:27.498+0200] {dagbag.py:545} INFO - Filling up the DagBag from /home/richonlinux/Documents/GitHub/AirflowTuto/venv/lib/python3.10/site-packages/airflow/example_dags/example_trigger_target_dag.py
[2024-07-18T18:59:27.502+0200] {processor.py:840} INFO - DAG(s) 'example_trigger_target_dag' retrieved from /home/richonlinux/Documents/GitHub/AirflowTuto/venv/lib/python3.10/site-packages/airflow/example_dags/example_trigger_target_dag.py
[2024-07-18T18:59:27.511+0200] {logging_mixin.py:188} INFO - [2024-07-18T18:59:27.511+0200] {dag.py:3089} INFO - Sync 1 DAGs
[2024-07-18T18:59:27.517+0200] {logging_mixin.py:188} INFO - [2024-07-18T18:59:27.517+0200] {dag.py:3947} INFO - Setting next_dagrun for example_trigger_target_dag to None, run_after=None
[2024-07-18T18:59:27.531+0200] {processor.py:183} INFO - Processing /home/richonlinux/Documents/GitHub/AirflowTuto/venv/lib/python3.10/site-packages/airflow/example_dags/example_trigger_target_dag.py took 0.040 seconds
