[2024-07-18T18:16:30.698+0200] {processor.py:161} INFO - Started process (PID=258144) to work on /home/richonlinux/Documents/GitHub/AirflowTuto/venv/lib/python3.10/site-packages/airflow/example_dags/example_skip_dag.py
[2024-07-18T18:16:30.699+0200] {processor.py:830} INFO - Processing file /home/richonlinux/Documents/GitHub/AirflowTuto/venv/lib/python3.10/site-packages/airflow/example_dags/example_skip_dag.py for tasks to queue
[2024-07-18T18:16:30.700+0200] {logging_mixin.py:188} INFO - [2024-07-18T18:16:30.700+0200] {dagbag.py:545} INFO - Filling up the DagBag from /home/richonlinux/Documents/GitHub/AirflowTuto/venv/lib/python3.10/site-packages/airflow/example_dags/example_skip_dag.py
[2024-07-18T18:16:30.706+0200] {processor.py:840} INFO - DAG(s) 'example_skip_dag' retrieved from /home/richonlinux/Documents/GitHub/AirflowTuto/venv/lib/python3.10/site-packages/airflow/example_dags/example_skip_dag.py
[2024-07-18T18:16:30.764+0200] {logging_mixin.py:188} INFO - [2024-07-18T18:16:30.764+0200] {override.py:1858} INFO - Created Permission View: can edit on DAG:example_skip_dag
[2024-07-18T18:16:30.772+0200] {logging_mixin.py:188} INFO - [2024-07-18T18:16:30.771+0200] {override.py:1858} INFO - Created Permission View: can read on DAG:example_skip_dag
[2024-07-18T18:16:30.778+0200] {logging_mixin.py:188} INFO - [2024-07-18T18:16:30.777+0200] {override.py:1858} INFO - Created Permission View: can delete on DAG:example_skip_dag
[2024-07-18T18:16:30.778+0200] {logging_mixin.py:188} INFO - [2024-07-18T18:16:30.778+0200] {dag.py:3089} INFO - Sync 1 DAGs
[2024-07-18T18:16:30.784+0200] {logging_mixin.py:188} INFO - [2024-07-18T18:16:30.784+0200] {dag.py:3111} INFO - Creating ORM DAG for example_skip_dag
[2024-07-18T18:16:30.789+0200] {logging_mixin.py:188} INFO - [2024-07-18T18:16:30.789+0200] {dag.py:3947} INFO - Setting next_dagrun for example_skip_dag to 2024-07-17 00:00:00+00:00, run_after=2024-07-18 00:00:00+00:00
[2024-07-18T18:16:30.803+0200] {processor.py:183} INFO - Processing /home/richonlinux/Documents/GitHub/AirflowTuto/venv/lib/python3.10/site-packages/airflow/example_dags/example_skip_dag.py took 0.110 seconds
[2024-07-18T18:17:23.514+0200] {processor.py:161} INFO - Started process (PID=259017) to work on /home/richonlinux/Documents/GitHub/AirflowTuto/venv/lib/python3.10/site-packages/airflow/example_dags/example_skip_dag.py
[2024-07-18T18:17:23.518+0200] {processor.py:830} INFO - Processing file /home/richonlinux/Documents/GitHub/AirflowTuto/venv/lib/python3.10/site-packages/airflow/example_dags/example_skip_dag.py for tasks to queue
[2024-07-18T18:17:23.520+0200] {logging_mixin.py:188} INFO - [2024-07-18T18:17:23.520+0200] {dagbag.py:545} INFO - Filling up the DagBag from /home/richonlinux/Documents/GitHub/AirflowTuto/venv/lib/python3.10/site-packages/airflow/example_dags/example_skip_dag.py
[2024-07-18T18:17:23.525+0200] {processor.py:840} INFO - DAG(s) 'example_skip_dag' retrieved from /home/richonlinux/Documents/GitHub/AirflowTuto/venv/lib/python3.10/site-packages/airflow/example_dags/example_skip_dag.py
[2024-07-18T18:17:23.535+0200] {logging_mixin.py:188} INFO - [2024-07-18T18:17:23.535+0200] {dag.py:3089} INFO - Sync 1 DAGs
[2024-07-18T18:17:23.546+0200] {logging_mixin.py:188} INFO - [2024-07-18T18:17:23.546+0200] {dag.py:3947} INFO - Setting next_dagrun for example_skip_dag to 2024-07-17 00:00:00+00:00, run_after=2024-07-18 00:00:00+00:00
[2024-07-18T18:17:23.558+0200] {processor.py:183} INFO - Processing /home/richonlinux/Documents/GitHub/AirflowTuto/venv/lib/python3.10/site-packages/airflow/example_dags/example_skip_dag.py took 0.051 seconds
[2024-07-18T18:44:12.297+0200] {processor.py:161} INFO - Started process (PID=260242) to work on /home/richonlinux/Documents/GitHub/AirflowTuto/venv/lib/python3.10/site-packages/airflow/example_dags/example_skip_dag.py
[2024-07-18T18:44:12.298+0200] {processor.py:830} INFO - Processing file /home/richonlinux/Documents/GitHub/AirflowTuto/venv/lib/python3.10/site-packages/airflow/example_dags/example_skip_dag.py for tasks to queue
[2024-07-18T18:44:12.299+0200] {logging_mixin.py:188} INFO - [2024-07-18T18:44:12.299+0200] {dagbag.py:545} INFO - Filling up the DagBag from /home/richonlinux/Documents/GitHub/AirflowTuto/venv/lib/python3.10/site-packages/airflow/example_dags/example_skip_dag.py
[2024-07-18T18:44:12.303+0200] {processor.py:840} INFO - DAG(s) 'example_skip_dag' retrieved from /home/richonlinux/Documents/GitHub/AirflowTuto/venv/lib/python3.10/site-packages/airflow/example_dags/example_skip_dag.py
[2024-07-18T18:44:12.314+0200] {logging_mixin.py:188} INFO - [2024-07-18T18:44:12.314+0200] {dag.py:3089} INFO - Sync 1 DAGs
[2024-07-18T18:44:12.327+0200] {logging_mixin.py:188} INFO - [2024-07-18T18:44:12.326+0200] {dag.py:3947} INFO - Setting next_dagrun for example_skip_dag to 2024-07-17 00:00:00+00:00, run_after=2024-07-18 00:00:00+00:00
[2024-07-18T18:44:12.415+0200] {processor.py:183} INFO - Processing /home/richonlinux/Documents/GitHub/AirflowTuto/venv/lib/python3.10/site-packages/airflow/example_dags/example_skip_dag.py took 0.122 seconds
[2024-07-18T18:45:05.034+0200] {processor.py:161} INFO - Started process (PID=261316) to work on /home/richonlinux/Documents/GitHub/AirflowTuto/venv/lib/python3.10/site-packages/airflow/example_dags/example_skip_dag.py
[2024-07-18T18:45:05.039+0200] {processor.py:830} INFO - Processing file /home/richonlinux/Documents/GitHub/AirflowTuto/venv/lib/python3.10/site-packages/airflow/example_dags/example_skip_dag.py for tasks to queue
[2024-07-18T18:45:05.041+0200] {logging_mixin.py:188} INFO - [2024-07-18T18:45:05.040+0200] {dagbag.py:545} INFO - Filling up the DagBag from /home/richonlinux/Documents/GitHub/AirflowTuto/venv/lib/python3.10/site-packages/airflow/example_dags/example_skip_dag.py
[2024-07-18T18:45:05.046+0200] {processor.py:840} INFO - DAG(s) 'example_skip_dag' retrieved from /home/richonlinux/Documents/GitHub/AirflowTuto/venv/lib/python3.10/site-packages/airflow/example_dags/example_skip_dag.py
[2024-07-18T18:45:05.056+0200] {logging_mixin.py:188} INFO - [2024-07-18T18:45:05.056+0200] {dag.py:3089} INFO - Sync 1 DAGs
[2024-07-18T18:45:05.066+0200] {logging_mixin.py:188} INFO - [2024-07-18T18:45:05.066+0200] {dag.py:3947} INFO - Setting next_dagrun for example_skip_dag to 2024-07-17 00:00:00+00:00, run_after=2024-07-18 00:00:00+00:00
[2024-07-18T18:45:05.080+0200] {processor.py:183} INFO - Processing /home/richonlinux/Documents/GitHub/AirflowTuto/venv/lib/python3.10/site-packages/airflow/example_dags/example_skip_dag.py took 0.054 seconds
[2024-07-18T18:45:49.271+0200] {processor.py:161} INFO - Started process (PID=262205) to work on /home/richonlinux/Documents/GitHub/AirflowTuto/venv/lib/python3.10/site-packages/airflow/example_dags/example_skip_dag.py
[2024-07-18T18:45:49.271+0200] {processor.py:830} INFO - Processing file /home/richonlinux/Documents/GitHub/AirflowTuto/venv/lib/python3.10/site-packages/airflow/example_dags/example_skip_dag.py for tasks to queue
[2024-07-18T18:45:49.272+0200] {logging_mixin.py:188} INFO - [2024-07-18T18:45:49.272+0200] {dagbag.py:545} INFO - Filling up the DagBag from /home/richonlinux/Documents/GitHub/AirflowTuto/venv/lib/python3.10/site-packages/airflow/example_dags/example_skip_dag.py
[2024-07-18T18:45:49.277+0200] {processor.py:840} INFO - DAG(s) 'example_skip_dag' retrieved from /home/richonlinux/Documents/GitHub/AirflowTuto/venv/lib/python3.10/site-packages/airflow/example_dags/example_skip_dag.py
[2024-07-18T18:45:49.286+0200] {logging_mixin.py:188} INFO - [2024-07-18T18:45:49.286+0200] {dag.py:3089} INFO - Sync 1 DAGs
[2024-07-18T18:45:49.295+0200] {logging_mixin.py:188} INFO - [2024-07-18T18:45:49.295+0200] {dag.py:3947} INFO - Setting next_dagrun for example_skip_dag to 2024-07-17 00:00:00+00:00, run_after=2024-07-18 00:00:00+00:00
[2024-07-18T18:45:49.307+0200] {processor.py:183} INFO - Processing /home/richonlinux/Documents/GitHub/AirflowTuto/venv/lib/python3.10/site-packages/airflow/example_dags/example_skip_dag.py took 0.041 seconds
[2024-07-18T18:49:42.535+0200] {processor.py:161} INFO - Started process (PID=266448) to work on /home/richonlinux/Documents/GitHub/AirflowTuto/venv/lib/python3.10/site-packages/airflow/example_dags/example_skip_dag.py
[2024-07-18T18:49:42.537+0200] {processor.py:830} INFO - Processing file /home/richonlinux/Documents/GitHub/AirflowTuto/venv/lib/python3.10/site-packages/airflow/example_dags/example_skip_dag.py for tasks to queue
[2024-07-18T18:49:42.539+0200] {logging_mixin.py:188} INFO - [2024-07-18T18:49:42.538+0200] {dagbag.py:545} INFO - Filling up the DagBag from /home/richonlinux/Documents/GitHub/AirflowTuto/venv/lib/python3.10/site-packages/airflow/example_dags/example_skip_dag.py
[2024-07-18T18:49:42.546+0200] {processor.py:840} INFO - DAG(s) 'example_skip_dag' retrieved from /home/richonlinux/Documents/GitHub/AirflowTuto/venv/lib/python3.10/site-packages/airflow/example_dags/example_skip_dag.py
[2024-07-18T18:49:42.551+0200] {logging_mixin.py:188} INFO - [2024-07-18T18:49:42.551+0200] {dag.py:3089} INFO - Sync 1 DAGs
[2024-07-18T18:49:42.561+0200] {logging_mixin.py:188} INFO - [2024-07-18T18:49:42.561+0200] {dag.py:3947} INFO - Setting next_dagrun for example_skip_dag to 2024-07-17 00:00:00+00:00, run_after=2024-07-18 00:00:00+00:00
[2024-07-18T18:49:42.574+0200] {processor.py:183} INFO - Processing /home/richonlinux/Documents/GitHub/AirflowTuto/venv/lib/python3.10/site-packages/airflow/example_dags/example_skip_dag.py took 0.045 seconds
[2024-07-18T18:51:35.944+0200] {processor.py:161} INFO - Started process (PID=268537) to work on /home/richonlinux/Documents/GitHub/AirflowTuto/venv/lib/python3.10/site-packages/airflow/example_dags/example_skip_dag.py
[2024-07-18T18:51:35.948+0200] {processor.py:830} INFO - Processing file /home/richonlinux/Documents/GitHub/AirflowTuto/venv/lib/python3.10/site-packages/airflow/example_dags/example_skip_dag.py for tasks to queue
[2024-07-18T18:51:35.949+0200] {logging_mixin.py:188} INFO - [2024-07-18T18:51:35.949+0200] {dagbag.py:545} INFO - Filling up the DagBag from /home/richonlinux/Documents/GitHub/AirflowTuto/venv/lib/python3.10/site-packages/airflow/example_dags/example_skip_dag.py
[2024-07-18T18:51:35.956+0200] {processor.py:840} INFO - DAG(s) 'example_skip_dag' retrieved from /home/richonlinux/Documents/GitHub/AirflowTuto/venv/lib/python3.10/site-packages/airflow/example_dags/example_skip_dag.py
[2024-07-18T18:51:35.963+0200] {logging_mixin.py:188} INFO - [2024-07-18T18:51:35.962+0200] {dag.py:3089} INFO - Sync 1 DAGs
[2024-07-18T18:51:35.979+0200] {logging_mixin.py:188} INFO - [2024-07-18T18:51:35.979+0200] {dag.py:3947} INFO - Setting next_dagrun for example_skip_dag to 2024-07-17 00:00:00+00:00, run_after=2024-07-18 00:00:00+00:00
[2024-07-18T18:51:35.994+0200] {processor.py:183} INFO - Processing /home/richonlinux/Documents/GitHub/AirflowTuto/venv/lib/python3.10/site-packages/airflow/example_dags/example_skip_dag.py took 0.059 seconds
[2024-07-18T18:52:27.792+0200] {processor.py:161} INFO - Started process (PID=269481) to work on /home/richonlinux/Documents/GitHub/AirflowTuto/venv/lib/python3.10/site-packages/airflow/example_dags/example_skip_dag.py
[2024-07-18T18:52:27.793+0200] {processor.py:830} INFO - Processing file /home/richonlinux/Documents/GitHub/AirflowTuto/venv/lib/python3.10/site-packages/airflow/example_dags/example_skip_dag.py for tasks to queue
[2024-07-18T18:52:27.793+0200] {logging_mixin.py:188} INFO - [2024-07-18T18:52:27.793+0200] {dagbag.py:545} INFO - Filling up the DagBag from /home/richonlinux/Documents/GitHub/AirflowTuto/venv/lib/python3.10/site-packages/airflow/example_dags/example_skip_dag.py
[2024-07-18T18:52:27.797+0200] {processor.py:840} INFO - DAG(s) 'example_skip_dag' retrieved from /home/richonlinux/Documents/GitHub/AirflowTuto/venv/lib/python3.10/site-packages/airflow/example_dags/example_skip_dag.py
[2024-07-18T18:52:27.961+0200] {logging_mixin.py:188} INFO - [2024-07-18T18:52:27.961+0200] {dag.py:3089} INFO - Sync 1 DAGs
[2024-07-18T18:52:27.974+0200] {logging_mixin.py:188} INFO - [2024-07-18T18:52:27.974+0200] {dag.py:3947} INFO - Setting next_dagrun for example_skip_dag to 2024-07-17 00:00:00+00:00, run_after=2024-07-18 00:00:00+00:00
[2024-07-18T18:52:27.993+0200] {processor.py:183} INFO - Processing /home/richonlinux/Documents/GitHub/AirflowTuto/venv/lib/python3.10/site-packages/airflow/example_dags/example_skip_dag.py took 0.205 seconds
[2024-07-18T18:53:19.458+0200] {processor.py:161} INFO - Started process (PID=270905) to work on /home/richonlinux/Documents/GitHub/AirflowTuto/venv/lib/python3.10/site-packages/airflow/example_dags/example_skip_dag.py
[2024-07-18T18:53:19.461+0200] {processor.py:830} INFO - Processing file /home/richonlinux/Documents/GitHub/AirflowTuto/venv/lib/python3.10/site-packages/airflow/example_dags/example_skip_dag.py for tasks to queue
[2024-07-18T18:53:19.462+0200] {logging_mixin.py:188} INFO - [2024-07-18T18:53:19.462+0200] {dagbag.py:545} INFO - Filling up the DagBag from /home/richonlinux/Documents/GitHub/AirflowTuto/venv/lib/python3.10/site-packages/airflow/example_dags/example_skip_dag.py
[2024-07-18T18:53:19.466+0200] {processor.py:840} INFO - DAG(s) 'example_skip_dag' retrieved from /home/richonlinux/Documents/GitHub/AirflowTuto/venv/lib/python3.10/site-packages/airflow/example_dags/example_skip_dag.py
[2024-07-18T18:53:19.474+0200] {logging_mixin.py:188} INFO - [2024-07-18T18:53:19.474+0200] {dag.py:3089} INFO - Sync 1 DAGs
[2024-07-18T18:53:19.549+0200] {logging_mixin.py:188} INFO - [2024-07-18T18:53:19.549+0200] {dag.py:3947} INFO - Setting next_dagrun for example_skip_dag to 2024-07-17 00:00:00+00:00, run_after=2024-07-18 00:00:00+00:00
[2024-07-18T18:53:19.564+0200] {processor.py:183} INFO - Processing /home/richonlinux/Documents/GitHub/AirflowTuto/venv/lib/python3.10/site-packages/airflow/example_dags/example_skip_dag.py took 0.109 seconds
[2024-07-18T18:54:04.506+0200] {processor.py:161} INFO - Started process (PID=271827) to work on /home/richonlinux/Documents/GitHub/AirflowTuto/venv/lib/python3.10/site-packages/airflow/example_dags/example_skip_dag.py
[2024-07-18T18:54:04.510+0200] {processor.py:830} INFO - Processing file /home/richonlinux/Documents/GitHub/AirflowTuto/venv/lib/python3.10/site-packages/airflow/example_dags/example_skip_dag.py for tasks to queue
[2024-07-18T18:54:04.512+0200] {logging_mixin.py:188} INFO - [2024-07-18T18:54:04.512+0200] {dagbag.py:545} INFO - Filling up the DagBag from /home/richonlinux/Documents/GitHub/AirflowTuto/venv/lib/python3.10/site-packages/airflow/example_dags/example_skip_dag.py
[2024-07-18T18:54:04.517+0200] {processor.py:840} INFO - DAG(s) 'example_skip_dag' retrieved from /home/richonlinux/Documents/GitHub/AirflowTuto/venv/lib/python3.10/site-packages/airflow/example_dags/example_skip_dag.py
[2024-07-18T18:54:04.527+0200] {logging_mixin.py:188} INFO - [2024-07-18T18:54:04.526+0200] {dag.py:3089} INFO - Sync 1 DAGs
[2024-07-18T18:54:04.538+0200] {logging_mixin.py:188} INFO - [2024-07-18T18:54:04.537+0200] {dag.py:3947} INFO - Setting next_dagrun for example_skip_dag to 2024-07-17 00:00:00+00:00, run_after=2024-07-18 00:00:00+00:00
[2024-07-18T18:54:04.550+0200] {processor.py:183} INFO - Processing /home/richonlinux/Documents/GitHub/AirflowTuto/venv/lib/python3.10/site-packages/airflow/example_dags/example_skip_dag.py took 0.047 seconds
[2024-07-18T18:54:47.689+0200] {processor.py:161} INFO - Started process (PID=272568) to work on /home/richonlinux/Documents/GitHub/AirflowTuto/venv/lib/python3.10/site-packages/airflow/example_dags/example_skip_dag.py
[2024-07-18T18:54:47.693+0200] {processor.py:830} INFO - Processing file /home/richonlinux/Documents/GitHub/AirflowTuto/venv/lib/python3.10/site-packages/airflow/example_dags/example_skip_dag.py for tasks to queue
[2024-07-18T18:54:47.696+0200] {logging_mixin.py:188} INFO - [2024-07-18T18:54:47.695+0200] {dagbag.py:545} INFO - Filling up the DagBag from /home/richonlinux/Documents/GitHub/AirflowTuto/venv/lib/python3.10/site-packages/airflow/example_dags/example_skip_dag.py
[2024-07-18T18:54:47.702+0200] {processor.py:840} INFO - DAG(s) 'example_skip_dag' retrieved from /home/richonlinux/Documents/GitHub/AirflowTuto/venv/lib/python3.10/site-packages/airflow/example_dags/example_skip_dag.py
[2024-07-18T18:54:47.712+0200] {logging_mixin.py:188} INFO - [2024-07-18T18:54:47.712+0200] {dag.py:3089} INFO - Sync 1 DAGs
[2024-07-18T18:54:47.721+0200] {logging_mixin.py:188} INFO - [2024-07-18T18:54:47.721+0200] {dag.py:3947} INFO - Setting next_dagrun for example_skip_dag to 2024-07-17 00:00:00+00:00, run_after=2024-07-18 00:00:00+00:00
[2024-07-18T18:54:47.733+0200] {processor.py:183} INFO - Processing /home/richonlinux/Documents/GitHub/AirflowTuto/venv/lib/python3.10/site-packages/airflow/example_dags/example_skip_dag.py took 0.053 seconds
[2024-07-18T18:55:40.853+0200] {processor.py:161} INFO - Started process (PID=273417) to work on /home/richonlinux/Documents/GitHub/AirflowTuto/venv/lib/python3.10/site-packages/airflow/example_dags/example_skip_dag.py
[2024-07-18T18:55:40.854+0200] {processor.py:830} INFO - Processing file /home/richonlinux/Documents/GitHub/AirflowTuto/venv/lib/python3.10/site-packages/airflow/example_dags/example_skip_dag.py for tasks to queue
[2024-07-18T18:55:40.855+0200] {logging_mixin.py:188} INFO - [2024-07-18T18:55:40.855+0200] {dagbag.py:545} INFO - Filling up the DagBag from /home/richonlinux/Documents/GitHub/AirflowTuto/venv/lib/python3.10/site-packages/airflow/example_dags/example_skip_dag.py
[2024-07-18T18:55:40.859+0200] {processor.py:840} INFO - DAG(s) 'example_skip_dag' retrieved from /home/richonlinux/Documents/GitHub/AirflowTuto/venv/lib/python3.10/site-packages/airflow/example_dags/example_skip_dag.py
[2024-07-18T18:55:40.870+0200] {logging_mixin.py:188} INFO - [2024-07-18T18:55:40.870+0200] {dag.py:3089} INFO - Sync 1 DAGs
[2024-07-18T18:55:40.881+0200] {logging_mixin.py:188} INFO - [2024-07-18T18:55:40.881+0200] {dag.py:3947} INFO - Setting next_dagrun for example_skip_dag to 2024-07-17 00:00:00+00:00, run_after=2024-07-18 00:00:00+00:00
[2024-07-18T18:55:40.893+0200] {processor.py:183} INFO - Processing /home/richonlinux/Documents/GitHub/AirflowTuto/venv/lib/python3.10/site-packages/airflow/example_dags/example_skip_dag.py took 0.044 seconds
[2024-07-18T18:56:23.532+0200] {processor.py:161} INFO - Started process (PID=274195) to work on /home/richonlinux/Documents/GitHub/AirflowTuto/venv/lib/python3.10/site-packages/airflow/example_dags/example_skip_dag.py
[2024-07-18T18:56:23.533+0200] {processor.py:830} INFO - Processing file /home/richonlinux/Documents/GitHub/AirflowTuto/venv/lib/python3.10/site-packages/airflow/example_dags/example_skip_dag.py for tasks to queue
[2024-07-18T18:56:23.534+0200] {logging_mixin.py:188} INFO - [2024-07-18T18:56:23.534+0200] {dagbag.py:545} INFO - Filling up the DagBag from /home/richonlinux/Documents/GitHub/AirflowTuto/venv/lib/python3.10/site-packages/airflow/example_dags/example_skip_dag.py
[2024-07-18T18:56:23.538+0200] {processor.py:840} INFO - DAG(s) 'example_skip_dag' retrieved from /home/richonlinux/Documents/GitHub/AirflowTuto/venv/lib/python3.10/site-packages/airflow/example_dags/example_skip_dag.py
[2024-07-18T18:56:23.547+0200] {logging_mixin.py:188} INFO - [2024-07-18T18:56:23.546+0200] {dag.py:3089} INFO - Sync 1 DAGs
[2024-07-18T18:56:23.557+0200] {logging_mixin.py:188} INFO - [2024-07-18T18:56:23.557+0200] {dag.py:3947} INFO - Setting next_dagrun for example_skip_dag to 2024-07-17 00:00:00+00:00, run_after=2024-07-18 00:00:00+00:00
[2024-07-18T18:56:23.570+0200] {processor.py:183} INFO - Processing /home/richonlinux/Documents/GitHub/AirflowTuto/venv/lib/python3.10/site-packages/airflow/example_dags/example_skip_dag.py took 0.043 seconds
[2024-07-18T18:57:20.722+0200] {processor.py:161} INFO - Started process (PID=275145) to work on /home/richonlinux/Documents/GitHub/AirflowTuto/venv/lib/python3.10/site-packages/airflow/example_dags/example_skip_dag.py
[2024-07-18T18:57:20.723+0200] {processor.py:830} INFO - Processing file /home/richonlinux/Documents/GitHub/AirflowTuto/venv/lib/python3.10/site-packages/airflow/example_dags/example_skip_dag.py for tasks to queue
[2024-07-18T18:57:20.725+0200] {logging_mixin.py:188} INFO - [2024-07-18T18:57:20.724+0200] {dagbag.py:545} INFO - Filling up the DagBag from /home/richonlinux/Documents/GitHub/AirflowTuto/venv/lib/python3.10/site-packages/airflow/example_dags/example_skip_dag.py
[2024-07-18T18:57:20.729+0200] {processor.py:840} INFO - DAG(s) 'example_skip_dag' retrieved from /home/richonlinux/Documents/GitHub/AirflowTuto/venv/lib/python3.10/site-packages/airflow/example_dags/example_skip_dag.py
[2024-07-18T18:57:20.738+0200] {logging_mixin.py:188} INFO - [2024-07-18T18:57:20.738+0200] {dag.py:3089} INFO - Sync 1 DAGs
[2024-07-18T18:57:20.748+0200] {logging_mixin.py:188} INFO - [2024-07-18T18:57:20.747+0200] {dag.py:3947} INFO - Setting next_dagrun for example_skip_dag to 2024-07-17 00:00:00+00:00, run_after=2024-07-18 00:00:00+00:00
[2024-07-18T18:57:20.759+0200] {processor.py:183} INFO - Processing /home/richonlinux/Documents/GitHub/AirflowTuto/venv/lib/python3.10/site-packages/airflow/example_dags/example_skip_dag.py took 0.045 seconds
[2024-07-18T18:58:04.143+0200] {processor.py:161} INFO - Started process (PID=275802) to work on /home/richonlinux/Documents/GitHub/AirflowTuto/venv/lib/python3.10/site-packages/airflow/example_dags/example_skip_dag.py
[2024-07-18T18:58:04.145+0200] {processor.py:830} INFO - Processing file /home/richonlinux/Documents/GitHub/AirflowTuto/venv/lib/python3.10/site-packages/airflow/example_dags/example_skip_dag.py for tasks to queue
[2024-07-18T18:58:04.146+0200] {logging_mixin.py:188} INFO - [2024-07-18T18:58:04.146+0200] {dagbag.py:545} INFO - Filling up the DagBag from /home/richonlinux/Documents/GitHub/AirflowTuto/venv/lib/python3.10/site-packages/airflow/example_dags/example_skip_dag.py
[2024-07-18T18:58:04.152+0200] {processor.py:840} INFO - DAG(s) 'example_skip_dag' retrieved from /home/richonlinux/Documents/GitHub/AirflowTuto/venv/lib/python3.10/site-packages/airflow/example_dags/example_skip_dag.py
[2024-07-18T18:58:04.162+0200] {logging_mixin.py:188} INFO - [2024-07-18T18:58:04.162+0200] {dag.py:3089} INFO - Sync 1 DAGs
[2024-07-18T18:58:04.172+0200] {logging_mixin.py:188} INFO - [2024-07-18T18:58:04.172+0200] {dag.py:3947} INFO - Setting next_dagrun for example_skip_dag to 2024-07-17 00:00:00+00:00, run_after=2024-07-18 00:00:00+00:00
[2024-07-18T18:58:04.184+0200] {processor.py:183} INFO - Processing /home/richonlinux/Documents/GitHub/AirflowTuto/venv/lib/python3.10/site-packages/airflow/example_dags/example_skip_dag.py took 0.049 seconds
[2024-07-18T18:59:04.616+0200] {processor.py:161} INFO - Started process (PID=276838) to work on /home/richonlinux/Documents/GitHub/AirflowTuto/venv/lib/python3.10/site-packages/airflow/example_dags/example_skip_dag.py
[2024-07-18T18:59:04.617+0200] {processor.py:830} INFO - Processing file /home/richonlinux/Documents/GitHub/AirflowTuto/venv/lib/python3.10/site-packages/airflow/example_dags/example_skip_dag.py for tasks to queue
[2024-07-18T18:59:04.619+0200] {logging_mixin.py:188} INFO - [2024-07-18T18:59:04.619+0200] {dagbag.py:545} INFO - Filling up the DagBag from /home/richonlinux/Documents/GitHub/AirflowTuto/venv/lib/python3.10/site-packages/airflow/example_dags/example_skip_dag.py
[2024-07-18T18:59:04.625+0200] {processor.py:840} INFO - DAG(s) 'example_skip_dag' retrieved from /home/richonlinux/Documents/GitHub/AirflowTuto/venv/lib/python3.10/site-packages/airflow/example_dags/example_skip_dag.py
[2024-07-18T18:59:04.633+0200] {logging_mixin.py:188} INFO - [2024-07-18T18:59:04.633+0200] {dag.py:3089} INFO - Sync 1 DAGs
[2024-07-18T18:59:04.643+0200] {logging_mixin.py:188} INFO - [2024-07-18T18:59:04.643+0200] {dag.py:3947} INFO - Setting next_dagrun for example_skip_dag to 2024-07-17 00:00:00+00:00, run_after=2024-07-18 00:00:00+00:00
[2024-07-18T18:59:04.655+0200] {processor.py:183} INFO - Processing /home/richonlinux/Documents/GitHub/AirflowTuto/venv/lib/python3.10/site-packages/airflow/example_dags/example_skip_dag.py took 0.048 seconds
[2024-07-18T19:00:05.390+0200] {processor.py:161} INFO - Started process (PID=277950) to work on /home/richonlinux/Documents/GitHub/AirflowTuto/venv/lib/python3.10/site-packages/airflow/example_dags/example_skip_dag.py
[2024-07-18T19:00:05.394+0200] {processor.py:830} INFO - Processing file /home/richonlinux/Documents/GitHub/AirflowTuto/venv/lib/python3.10/site-packages/airflow/example_dags/example_skip_dag.py for tasks to queue
[2024-07-18T19:00:05.396+0200] {logging_mixin.py:188} INFO - [2024-07-18T19:00:05.396+0200] {dagbag.py:545} INFO - Filling up the DagBag from /home/richonlinux/Documents/GitHub/AirflowTuto/venv/lib/python3.10/site-packages/airflow/example_dags/example_skip_dag.py
[2024-07-18T19:00:05.403+0200] {processor.py:840} INFO - DAG(s) 'example_skip_dag' retrieved from /home/richonlinux/Documents/GitHub/AirflowTuto/venv/lib/python3.10/site-packages/airflow/example_dags/example_skip_dag.py
[2024-07-18T19:00:05.413+0200] {logging_mixin.py:188} INFO - [2024-07-18T19:00:05.413+0200] {dag.py:3089} INFO - Sync 1 DAGs
[2024-07-18T19:00:05.423+0200] {logging_mixin.py:188} INFO - [2024-07-18T19:00:05.423+0200] {dag.py:3947} INFO - Setting next_dagrun for example_skip_dag to 2024-07-17 00:00:00+00:00, run_after=2024-07-18 00:00:00+00:00
[2024-07-18T19:00:05.435+0200] {processor.py:183} INFO - Processing /home/richonlinux/Documents/GitHub/AirflowTuto/venv/lib/python3.10/site-packages/airflow/example_dags/example_skip_dag.py took 0.054 seconds
[2024-07-18T19:01:07.226+0200] {processor.py:161} INFO - Started process (PID=279152) to work on /home/richonlinux/Documents/GitHub/AirflowTuto/venv/lib/python3.10/site-packages/airflow/example_dags/example_skip_dag.py
[2024-07-18T19:01:07.230+0200] {processor.py:830} INFO - Processing file /home/richonlinux/Documents/GitHub/AirflowTuto/venv/lib/python3.10/site-packages/airflow/example_dags/example_skip_dag.py for tasks to queue
[2024-07-18T19:01:07.231+0200] {logging_mixin.py:188} INFO - [2024-07-18T19:01:07.231+0200] {dagbag.py:545} INFO - Filling up the DagBag from /home/richonlinux/Documents/GitHub/AirflowTuto/venv/lib/python3.10/site-packages/airflow/example_dags/example_skip_dag.py
[2024-07-18T19:01:07.237+0200] {processor.py:840} INFO - DAG(s) 'example_skip_dag' retrieved from /home/richonlinux/Documents/GitHub/AirflowTuto/venv/lib/python3.10/site-packages/airflow/example_dags/example_skip_dag.py
[2024-07-18T19:01:07.247+0200] {logging_mixin.py:188} INFO - [2024-07-18T19:01:07.247+0200] {dag.py:3089} INFO - Sync 1 DAGs
[2024-07-18T19:01:07.257+0200] {logging_mixin.py:188} INFO - [2024-07-18T19:01:07.257+0200] {dag.py:3947} INFO - Setting next_dagrun for example_skip_dag to 2024-07-17 00:00:00+00:00, run_after=2024-07-18 00:00:00+00:00
[2024-07-18T19:01:07.269+0200] {processor.py:183} INFO - Processing /home/richonlinux/Documents/GitHub/AirflowTuto/venv/lib/python3.10/site-packages/airflow/example_dags/example_skip_dag.py took 0.046 seconds
[2024-07-18T19:02:03.447+0200] {processor.py:161} INFO - Started process (PID=280306) to work on /home/richonlinux/Documents/GitHub/AirflowTuto/venv/lib/python3.10/site-packages/airflow/example_dags/example_skip_dag.py
[2024-07-18T19:02:03.451+0200] {processor.py:830} INFO - Processing file /home/richonlinux/Documents/GitHub/AirflowTuto/venv/lib/python3.10/site-packages/airflow/example_dags/example_skip_dag.py for tasks to queue
[2024-07-18T19:02:03.453+0200] {logging_mixin.py:188} INFO - [2024-07-18T19:02:03.452+0200] {dagbag.py:545} INFO - Filling up the DagBag from /home/richonlinux/Documents/GitHub/AirflowTuto/venv/lib/python3.10/site-packages/airflow/example_dags/example_skip_dag.py
[2024-07-18T19:02:03.459+0200] {processor.py:840} INFO - DAG(s) 'example_skip_dag' retrieved from /home/richonlinux/Documents/GitHub/AirflowTuto/venv/lib/python3.10/site-packages/airflow/example_dags/example_skip_dag.py
[2024-07-18T19:02:03.471+0200] {logging_mixin.py:188} INFO - [2024-07-18T19:02:03.471+0200] {dag.py:3089} INFO - Sync 1 DAGs
[2024-07-18T19:02:03.481+0200] {logging_mixin.py:188} INFO - [2024-07-18T19:02:03.481+0200] {dag.py:3947} INFO - Setting next_dagrun for example_skip_dag to 2024-07-17 00:00:00+00:00, run_after=2024-07-18 00:00:00+00:00
[2024-07-18T19:02:03.493+0200] {processor.py:183} INFO - Processing /home/richonlinux/Documents/GitHub/AirflowTuto/venv/lib/python3.10/site-packages/airflow/example_dags/example_skip_dag.py took 0.055 seconds
[2024-07-18T19:03:03.807+0200] {processor.py:161} INFO - Started process (PID=281257) to work on /home/richonlinux/Documents/GitHub/AirflowTuto/venv/lib/python3.10/site-packages/airflow/example_dags/example_skip_dag.py
[2024-07-18T19:03:03.808+0200] {processor.py:830} INFO - Processing file /home/richonlinux/Documents/GitHub/AirflowTuto/venv/lib/python3.10/site-packages/airflow/example_dags/example_skip_dag.py for tasks to queue
[2024-07-18T19:03:03.809+0200] {logging_mixin.py:188} INFO - [2024-07-18T19:03:03.808+0200] {dagbag.py:545} INFO - Filling up the DagBag from /home/richonlinux/Documents/GitHub/AirflowTuto/venv/lib/python3.10/site-packages/airflow/example_dags/example_skip_dag.py
[2024-07-18T19:03:03.813+0200] {processor.py:840} INFO - DAG(s) 'example_skip_dag' retrieved from /home/richonlinux/Documents/GitHub/AirflowTuto/venv/lib/python3.10/site-packages/airflow/example_dags/example_skip_dag.py
[2024-07-18T19:03:03.822+0200] {logging_mixin.py:188} INFO - [2024-07-18T19:03:03.822+0200] {dag.py:3089} INFO - Sync 1 DAGs
[2024-07-18T19:03:03.831+0200] {logging_mixin.py:188} INFO - [2024-07-18T19:03:03.831+0200] {dag.py:3947} INFO - Setting next_dagrun for example_skip_dag to 2024-07-17 00:00:00+00:00, run_after=2024-07-18 00:00:00+00:00
[2024-07-18T19:03:03.843+0200] {processor.py:183} INFO - Processing /home/richonlinux/Documents/GitHub/AirflowTuto/venv/lib/python3.10/site-packages/airflow/example_dags/example_skip_dag.py took 0.040 seconds
[2024-07-18T19:03:45.746+0200] {processor.py:161} INFO - Started process (PID=281978) to work on /home/richonlinux/Documents/GitHub/AirflowTuto/venv/lib/python3.10/site-packages/airflow/example_dags/example_skip_dag.py
[2024-07-18T19:03:45.748+0200] {processor.py:830} INFO - Processing file /home/richonlinux/Documents/GitHub/AirflowTuto/venv/lib/python3.10/site-packages/airflow/example_dags/example_skip_dag.py for tasks to queue
[2024-07-18T19:03:45.749+0200] {logging_mixin.py:188} INFO - [2024-07-18T19:03:45.749+0200] {dagbag.py:545} INFO - Filling up the DagBag from /home/richonlinux/Documents/GitHub/AirflowTuto/venv/lib/python3.10/site-packages/airflow/example_dags/example_skip_dag.py
[2024-07-18T19:03:45.754+0200] {processor.py:840} INFO - DAG(s) 'example_skip_dag' retrieved from /home/richonlinux/Documents/GitHub/AirflowTuto/venv/lib/python3.10/site-packages/airflow/example_dags/example_skip_dag.py
[2024-07-18T19:03:45.764+0200] {logging_mixin.py:188} INFO - [2024-07-18T19:03:45.764+0200] {dag.py:3089} INFO - Sync 1 DAGs
[2024-07-18T19:03:45.773+0200] {logging_mixin.py:188} INFO - [2024-07-18T19:03:45.773+0200] {dag.py:3947} INFO - Setting next_dagrun for example_skip_dag to 2024-07-17 00:00:00+00:00, run_after=2024-07-18 00:00:00+00:00
[2024-07-18T19:03:45.785+0200] {processor.py:183} INFO - Processing /home/richonlinux/Documents/GitHub/AirflowTuto/venv/lib/python3.10/site-packages/airflow/example_dags/example_skip_dag.py took 0.047 seconds
[2024-07-18T19:04:43.104+0200] {processor.py:161} INFO - Started process (PID=282874) to work on /home/richonlinux/Documents/GitHub/AirflowTuto/venv/lib/python3.10/site-packages/airflow/example_dags/example_skip_dag.py
[2024-07-18T19:04:43.105+0200] {processor.py:830} INFO - Processing file /home/richonlinux/Documents/GitHub/AirflowTuto/venv/lib/python3.10/site-packages/airflow/example_dags/example_skip_dag.py for tasks to queue
[2024-07-18T19:04:43.106+0200] {logging_mixin.py:188} INFO - [2024-07-18T19:04:43.106+0200] {dagbag.py:545} INFO - Filling up the DagBag from /home/richonlinux/Documents/GitHub/AirflowTuto/venv/lib/python3.10/site-packages/airflow/example_dags/example_skip_dag.py
[2024-07-18T19:04:43.112+0200] {processor.py:840} INFO - DAG(s) 'example_skip_dag' retrieved from /home/richonlinux/Documents/GitHub/AirflowTuto/venv/lib/python3.10/site-packages/airflow/example_dags/example_skip_dag.py
[2024-07-18T19:04:43.120+0200] {logging_mixin.py:188} INFO - [2024-07-18T19:04:43.120+0200] {dag.py:3089} INFO - Sync 1 DAGs
[2024-07-18T19:04:43.130+0200] {logging_mixin.py:188} INFO - [2024-07-18T19:04:43.130+0200] {dag.py:3947} INFO - Setting next_dagrun for example_skip_dag to 2024-07-17 00:00:00+00:00, run_after=2024-07-18 00:00:00+00:00
[2024-07-18T19:04:43.142+0200] {processor.py:183} INFO - Processing /home/richonlinux/Documents/GitHub/AirflowTuto/venv/lib/python3.10/site-packages/airflow/example_dags/example_skip_dag.py took 0.046 seconds
[2024-07-18T19:05:41.952+0200] {processor.py:161} INFO - Started process (PID=283941) to work on /home/richonlinux/Documents/GitHub/AirflowTuto/venv/lib/python3.10/site-packages/airflow/example_dags/example_skip_dag.py
[2024-07-18T19:05:41.957+0200] {processor.py:830} INFO - Processing file /home/richonlinux/Documents/GitHub/AirflowTuto/venv/lib/python3.10/site-packages/airflow/example_dags/example_skip_dag.py for tasks to queue
[2024-07-18T19:05:41.959+0200] {logging_mixin.py:188} INFO - [2024-07-18T19:05:41.958+0200] {dagbag.py:545} INFO - Filling up the DagBag from /home/richonlinux/Documents/GitHub/AirflowTuto/venv/lib/python3.10/site-packages/airflow/example_dags/example_skip_dag.py
[2024-07-18T19:05:41.965+0200] {processor.py:840} INFO - DAG(s) 'example_skip_dag' retrieved from /home/richonlinux/Documents/GitHub/AirflowTuto/venv/lib/python3.10/site-packages/airflow/example_dags/example_skip_dag.py
[2024-07-18T19:05:41.975+0200] {logging_mixin.py:188} INFO - [2024-07-18T19:05:41.974+0200] {dag.py:3089} INFO - Sync 1 DAGs
[2024-07-18T19:05:41.986+0200] {logging_mixin.py:188} INFO - [2024-07-18T19:05:41.985+0200] {dag.py:3947} INFO - Setting next_dagrun for example_skip_dag to 2024-07-17 00:00:00+00:00, run_after=2024-07-18 00:00:00+00:00
[2024-07-18T19:05:41.999+0200] {processor.py:183} INFO - Processing /home/richonlinux/Documents/GitHub/AirflowTuto/venv/lib/python3.10/site-packages/airflow/example_dags/example_skip_dag.py took 0.053 seconds
[2024-07-18T19:06:39.099+0200] {processor.py:161} INFO - Started process (PID=284965) to work on /home/richonlinux/Documents/GitHub/AirflowTuto/venv/lib/python3.10/site-packages/airflow/example_dags/example_skip_dag.py
[2024-07-18T19:06:39.103+0200] {processor.py:830} INFO - Processing file /home/richonlinux/Documents/GitHub/AirflowTuto/venv/lib/python3.10/site-packages/airflow/example_dags/example_skip_dag.py for tasks to queue
[2024-07-18T19:06:39.105+0200] {logging_mixin.py:188} INFO - [2024-07-18T19:06:39.105+0200] {dagbag.py:545} INFO - Filling up the DagBag from /home/richonlinux/Documents/GitHub/AirflowTuto/venv/lib/python3.10/site-packages/airflow/example_dags/example_skip_dag.py
[2024-07-18T19:06:39.111+0200] {processor.py:840} INFO - DAG(s) 'example_skip_dag' retrieved from /home/richonlinux/Documents/GitHub/AirflowTuto/venv/lib/python3.10/site-packages/airflow/example_dags/example_skip_dag.py
[2024-07-18T19:06:39.121+0200] {logging_mixin.py:188} INFO - [2024-07-18T19:06:39.120+0200] {dag.py:3089} INFO - Sync 1 DAGs
[2024-07-18T19:06:39.130+0200] {logging_mixin.py:188} INFO - [2024-07-18T19:06:39.130+0200] {dag.py:3947} INFO - Setting next_dagrun for example_skip_dag to 2024-07-17 00:00:00+00:00, run_after=2024-07-18 00:00:00+00:00
[2024-07-18T19:06:39.142+0200] {processor.py:183} INFO - Processing /home/richonlinux/Documents/GitHub/AirflowTuto/venv/lib/python3.10/site-packages/airflow/example_dags/example_skip_dag.py took 0.052 seconds
[2024-07-18T19:07:39.627+0200] {processor.py:161} INFO - Started process (PID=285908) to work on /home/richonlinux/Documents/GitHub/AirflowTuto/venv/lib/python3.10/site-packages/airflow/example_dags/example_skip_dag.py
[2024-07-18T19:07:39.628+0200] {processor.py:830} INFO - Processing file /home/richonlinux/Documents/GitHub/AirflowTuto/venv/lib/python3.10/site-packages/airflow/example_dags/example_skip_dag.py for tasks to queue
[2024-07-18T19:07:39.629+0200] {logging_mixin.py:188} INFO - [2024-07-18T19:07:39.628+0200] {dagbag.py:545} INFO - Filling up the DagBag from /home/richonlinux/Documents/GitHub/AirflowTuto/venv/lib/python3.10/site-packages/airflow/example_dags/example_skip_dag.py
[2024-07-18T19:07:39.633+0200] {processor.py:840} INFO - DAG(s) 'example_skip_dag' retrieved from /home/richonlinux/Documents/GitHub/AirflowTuto/venv/lib/python3.10/site-packages/airflow/example_dags/example_skip_dag.py
[2024-07-18T19:07:39.643+0200] {logging_mixin.py:188} INFO - [2024-07-18T19:07:39.642+0200] {dag.py:3089} INFO - Sync 1 DAGs
[2024-07-18T19:07:39.654+0200] {logging_mixin.py:188} INFO - [2024-07-18T19:07:39.654+0200] {dag.py:3947} INFO - Setting next_dagrun for example_skip_dag to 2024-07-17 00:00:00+00:00, run_after=2024-07-18 00:00:00+00:00
[2024-07-18T19:07:39.666+0200] {processor.py:183} INFO - Processing /home/richonlinux/Documents/GitHub/AirflowTuto/venv/lib/python3.10/site-packages/airflow/example_dags/example_skip_dag.py took 0.043 seconds
[2024-07-18T19:08:38.334+0200] {processor.py:161} INFO - Started process (PID=286898) to work on /home/richonlinux/Documents/GitHub/AirflowTuto/venv/lib/python3.10/site-packages/airflow/example_dags/example_skip_dag.py
[2024-07-18T19:08:38.334+0200] {processor.py:830} INFO - Processing file /home/richonlinux/Documents/GitHub/AirflowTuto/venv/lib/python3.10/site-packages/airflow/example_dags/example_skip_dag.py for tasks to queue
[2024-07-18T19:08:38.335+0200] {logging_mixin.py:188} INFO - [2024-07-18T19:08:38.335+0200] {dagbag.py:545} INFO - Filling up the DagBag from /home/richonlinux/Documents/GitHub/AirflowTuto/venv/lib/python3.10/site-packages/airflow/example_dags/example_skip_dag.py
[2024-07-18T19:08:38.339+0200] {processor.py:840} INFO - DAG(s) 'example_skip_dag' retrieved from /home/richonlinux/Documents/GitHub/AirflowTuto/venv/lib/python3.10/site-packages/airflow/example_dags/example_skip_dag.py
[2024-07-18T19:08:38.349+0200] {logging_mixin.py:188} INFO - [2024-07-18T19:08:38.349+0200] {dag.py:3089} INFO - Sync 1 DAGs
[2024-07-18T19:08:38.361+0200] {logging_mixin.py:188} INFO - [2024-07-18T19:08:38.360+0200] {dag.py:3947} INFO - Setting next_dagrun for example_skip_dag to 2024-07-17 00:00:00+00:00, run_after=2024-07-18 00:00:00+00:00
[2024-07-18T19:08:38.374+0200] {processor.py:183} INFO - Processing /home/richonlinux/Documents/GitHub/AirflowTuto/venv/lib/python3.10/site-packages/airflow/example_dags/example_skip_dag.py took 0.044 seconds
[2024-07-18T19:09:35.789+0200] {processor.py:161} INFO - Started process (PID=287832) to work on /home/richonlinux/Documents/GitHub/AirflowTuto/venv/lib/python3.10/site-packages/airflow/example_dags/example_skip_dag.py
[2024-07-18T19:09:35.789+0200] {processor.py:830} INFO - Processing file /home/richonlinux/Documents/GitHub/AirflowTuto/venv/lib/python3.10/site-packages/airflow/example_dags/example_skip_dag.py for tasks to queue
[2024-07-18T19:09:35.791+0200] {logging_mixin.py:188} INFO - [2024-07-18T19:09:35.790+0200] {dagbag.py:545} INFO - Filling up the DagBag from /home/richonlinux/Documents/GitHub/AirflowTuto/venv/lib/python3.10/site-packages/airflow/example_dags/example_skip_dag.py
[2024-07-18T19:09:35.795+0200] {processor.py:840} INFO - DAG(s) 'example_skip_dag' retrieved from /home/richonlinux/Documents/GitHub/AirflowTuto/venv/lib/python3.10/site-packages/airflow/example_dags/example_skip_dag.py
[2024-07-18T19:09:35.806+0200] {logging_mixin.py:188} INFO - [2024-07-18T19:09:35.806+0200] {dag.py:3089} INFO - Sync 1 DAGs
[2024-07-18T19:09:35.820+0200] {logging_mixin.py:188} INFO - [2024-07-18T19:09:35.820+0200] {dag.py:3947} INFO - Setting next_dagrun for example_skip_dag to 2024-07-17 00:00:00+00:00, run_after=2024-07-18 00:00:00+00:00
[2024-07-18T19:09:35.838+0200] {processor.py:183} INFO - Processing /home/richonlinux/Documents/GitHub/AirflowTuto/venv/lib/python3.10/site-packages/airflow/example_dags/example_skip_dag.py took 0.053 seconds
[2024-07-18T19:10:32.249+0200] {processor.py:161} INFO - Started process (PID=288755) to work on /home/richonlinux/Documents/GitHub/AirflowTuto/venv/lib/python3.10/site-packages/airflow/example_dags/example_skip_dag.py
[2024-07-18T19:10:32.250+0200] {processor.py:830} INFO - Processing file /home/richonlinux/Documents/GitHub/AirflowTuto/venv/lib/python3.10/site-packages/airflow/example_dags/example_skip_dag.py for tasks to queue
[2024-07-18T19:10:32.251+0200] {logging_mixin.py:188} INFO - [2024-07-18T19:10:32.251+0200] {dagbag.py:545} INFO - Filling up the DagBag from /home/richonlinux/Documents/GitHub/AirflowTuto/venv/lib/python3.10/site-packages/airflow/example_dags/example_skip_dag.py
[2024-07-18T19:10:32.255+0200] {processor.py:840} INFO - DAG(s) 'example_skip_dag' retrieved from /home/richonlinux/Documents/GitHub/AirflowTuto/venv/lib/python3.10/site-packages/airflow/example_dags/example_skip_dag.py
[2024-07-18T19:10:32.265+0200] {logging_mixin.py:188} INFO - [2024-07-18T19:10:32.265+0200] {dag.py:3089} INFO - Sync 1 DAGs
[2024-07-18T19:10:32.276+0200] {logging_mixin.py:188} INFO - [2024-07-18T19:10:32.276+0200] {dag.py:3947} INFO - Setting next_dagrun for example_skip_dag to 2024-07-17 00:00:00+00:00, run_after=2024-07-18 00:00:00+00:00
[2024-07-18T19:10:32.291+0200] {processor.py:183} INFO - Processing /home/richonlinux/Documents/GitHub/AirflowTuto/venv/lib/python3.10/site-packages/airflow/example_dags/example_skip_dag.py took 0.045 seconds
[2024-07-18T19:11:28.751+0200] {processor.py:161} INFO - Started process (PID=289753) to work on /home/richonlinux/Documents/GitHub/AirflowTuto/venv/lib/python3.10/site-packages/airflow/example_dags/example_skip_dag.py
[2024-07-18T19:11:28.751+0200] {processor.py:830} INFO - Processing file /home/richonlinux/Documents/GitHub/AirflowTuto/venv/lib/python3.10/site-packages/airflow/example_dags/example_skip_dag.py for tasks to queue
[2024-07-18T19:11:28.752+0200] {logging_mixin.py:188} INFO - [2024-07-18T19:11:28.752+0200] {dagbag.py:545} INFO - Filling up the DagBag from /home/richonlinux/Documents/GitHub/AirflowTuto/venv/lib/python3.10/site-packages/airflow/example_dags/example_skip_dag.py
[2024-07-18T19:11:28.756+0200] {processor.py:840} INFO - DAG(s) 'example_skip_dag' retrieved from /home/richonlinux/Documents/GitHub/AirflowTuto/venv/lib/python3.10/site-packages/airflow/example_dags/example_skip_dag.py
[2024-07-18T19:11:28.766+0200] {logging_mixin.py:188} INFO - [2024-07-18T19:11:28.766+0200] {dag.py:3089} INFO - Sync 1 DAGs
[2024-07-18T19:11:28.777+0200] {logging_mixin.py:188} INFO - [2024-07-18T19:11:28.777+0200] {dag.py:3947} INFO - Setting next_dagrun for example_skip_dag to 2024-07-17 00:00:00+00:00, run_after=2024-07-18 00:00:00+00:00
[2024-07-18T19:11:28.790+0200] {processor.py:183} INFO - Processing /home/richonlinux/Documents/GitHub/AirflowTuto/venv/lib/python3.10/site-packages/airflow/example_dags/example_skip_dag.py took 0.043 seconds
[2024-07-18T19:12:24.521+0200] {processor.py:161} INFO - Started process (PID=290652) to work on /home/richonlinux/Documents/GitHub/AirflowTuto/venv/lib/python3.10/site-packages/airflow/example_dags/example_skip_dag.py
[2024-07-18T19:12:24.522+0200] {processor.py:830} INFO - Processing file /home/richonlinux/Documents/GitHub/AirflowTuto/venv/lib/python3.10/site-packages/airflow/example_dags/example_skip_dag.py for tasks to queue
[2024-07-18T19:12:24.524+0200] {logging_mixin.py:188} INFO - [2024-07-18T19:12:24.523+0200] {dagbag.py:545} INFO - Filling up the DagBag from /home/richonlinux/Documents/GitHub/AirflowTuto/venv/lib/python3.10/site-packages/airflow/example_dags/example_skip_dag.py
[2024-07-18T19:12:24.530+0200] {processor.py:840} INFO - DAG(s) 'example_skip_dag' retrieved from /home/richonlinux/Documents/GitHub/AirflowTuto/venv/lib/python3.10/site-packages/airflow/example_dags/example_skip_dag.py
[2024-07-18T19:12:24.541+0200] {logging_mixin.py:188} INFO - [2024-07-18T19:12:24.541+0200] {dag.py:3089} INFO - Sync 1 DAGs
[2024-07-18T19:12:24.556+0200] {logging_mixin.py:188} INFO - [2024-07-18T19:12:24.556+0200] {dag.py:3947} INFO - Setting next_dagrun for example_skip_dag to 2024-07-17 00:00:00+00:00, run_after=2024-07-18 00:00:00+00:00
[2024-07-18T19:12:24.569+0200] {processor.py:183} INFO - Processing /home/richonlinux/Documents/GitHub/AirflowTuto/venv/lib/python3.10/site-packages/airflow/example_dags/example_skip_dag.py took 0.055 seconds
[2024-07-18T19:13:22.020+0200] {processor.py:161} INFO - Started process (PID=291564) to work on /home/richonlinux/Documents/GitHub/AirflowTuto/venv/lib/python3.10/site-packages/airflow/example_dags/example_skip_dag.py
[2024-07-18T19:13:22.021+0200] {processor.py:830} INFO - Processing file /home/richonlinux/Documents/GitHub/AirflowTuto/venv/lib/python3.10/site-packages/airflow/example_dags/example_skip_dag.py for tasks to queue
[2024-07-18T19:13:22.022+0200] {logging_mixin.py:188} INFO - [2024-07-18T19:13:22.022+0200] {dagbag.py:545} INFO - Filling up the DagBag from /home/richonlinux/Documents/GitHub/AirflowTuto/venv/lib/python3.10/site-packages/airflow/example_dags/example_skip_dag.py
[2024-07-18T19:13:22.027+0200] {processor.py:840} INFO - DAG(s) 'example_skip_dag' retrieved from /home/richonlinux/Documents/GitHub/AirflowTuto/venv/lib/python3.10/site-packages/airflow/example_dags/example_skip_dag.py
[2024-07-18T19:13:22.036+0200] {logging_mixin.py:188} INFO - [2024-07-18T19:13:22.036+0200] {dag.py:3089} INFO - Sync 1 DAGs
[2024-07-18T19:13:22.045+0200] {logging_mixin.py:188} INFO - [2024-07-18T19:13:22.045+0200] {dag.py:3947} INFO - Setting next_dagrun for example_skip_dag to 2024-07-17 00:00:00+00:00, run_after=2024-07-18 00:00:00+00:00
[2024-07-18T19:13:22.058+0200] {processor.py:183} INFO - Processing /home/richonlinux/Documents/GitHub/AirflowTuto/venv/lib/python3.10/site-packages/airflow/example_dags/example_skip_dag.py took 0.048 seconds
[2024-07-18T19:14:20.995+0200] {processor.py:161} INFO - Started process (PID=292517) to work on /home/richonlinux/Documents/GitHub/AirflowTuto/venv/lib/python3.10/site-packages/airflow/example_dags/example_skip_dag.py
[2024-07-18T19:14:20.996+0200] {processor.py:830} INFO - Processing file /home/richonlinux/Documents/GitHub/AirflowTuto/venv/lib/python3.10/site-packages/airflow/example_dags/example_skip_dag.py for tasks to queue
[2024-07-18T19:14:20.997+0200] {logging_mixin.py:188} INFO - [2024-07-18T19:14:20.997+0200] {dagbag.py:545} INFO - Filling up the DagBag from /home/richonlinux/Documents/GitHub/AirflowTuto/venv/lib/python3.10/site-packages/airflow/example_dags/example_skip_dag.py
[2024-07-18T19:14:21.001+0200] {processor.py:840} INFO - DAG(s) 'example_skip_dag' retrieved from /home/richonlinux/Documents/GitHub/AirflowTuto/venv/lib/python3.10/site-packages/airflow/example_dags/example_skip_dag.py
[2024-07-18T19:14:21.011+0200] {logging_mixin.py:188} INFO - [2024-07-18T19:14:21.011+0200] {dag.py:3089} INFO - Sync 1 DAGs
[2024-07-18T19:14:21.023+0200] {logging_mixin.py:188} INFO - [2024-07-18T19:14:21.022+0200] {dag.py:3947} INFO - Setting next_dagrun for example_skip_dag to 2024-07-17 00:00:00+00:00, run_after=2024-07-18 00:00:00+00:00
[2024-07-18T19:14:21.035+0200] {processor.py:183} INFO - Processing /home/richonlinux/Documents/GitHub/AirflowTuto/venv/lib/python3.10/site-packages/airflow/example_dags/example_skip_dag.py took 0.044 seconds
[2024-07-18T19:15:21.526+0200] {processor.py:161} INFO - Started process (PID=293459) to work on /home/richonlinux/Documents/GitHub/AirflowTuto/venv/lib/python3.10/site-packages/airflow/example_dags/example_skip_dag.py
[2024-07-18T19:15:21.530+0200] {processor.py:830} INFO - Processing file /home/richonlinux/Documents/GitHub/AirflowTuto/venv/lib/python3.10/site-packages/airflow/example_dags/example_skip_dag.py for tasks to queue
[2024-07-18T19:15:21.532+0200] {logging_mixin.py:188} INFO - [2024-07-18T19:15:21.531+0200] {dagbag.py:545} INFO - Filling up the DagBag from /home/richonlinux/Documents/GitHub/AirflowTuto/venv/lib/python3.10/site-packages/airflow/example_dags/example_skip_dag.py
[2024-07-18T19:15:21.536+0200] {processor.py:840} INFO - DAG(s) 'example_skip_dag' retrieved from /home/richonlinux/Documents/GitHub/AirflowTuto/venv/lib/python3.10/site-packages/airflow/example_dags/example_skip_dag.py
[2024-07-18T19:15:21.547+0200] {logging_mixin.py:188} INFO - [2024-07-18T19:15:21.547+0200] {dag.py:3089} INFO - Sync 1 DAGs
[2024-07-18T19:15:21.562+0200] {logging_mixin.py:188} INFO - [2024-07-18T19:15:21.562+0200] {dag.py:3947} INFO - Setting next_dagrun for example_skip_dag to 2024-07-17 00:00:00+00:00, run_after=2024-07-18 00:00:00+00:00
[2024-07-18T19:15:21.580+0200] {processor.py:183} INFO - Processing /home/richonlinux/Documents/GitHub/AirflowTuto/venv/lib/python3.10/site-packages/airflow/example_dags/example_skip_dag.py took 0.057 seconds
[2024-07-18T19:16:01.486+0200] {processor.py:161} INFO - Started process (PID=294069) to work on /home/richonlinux/Documents/GitHub/AirflowTuto/venv/lib/python3.10/site-packages/airflow/example_dags/example_skip_dag.py
[2024-07-18T19:16:01.487+0200] {processor.py:830} INFO - Processing file /home/richonlinux/Documents/GitHub/AirflowTuto/venv/lib/python3.10/site-packages/airflow/example_dags/example_skip_dag.py for tasks to queue
[2024-07-18T19:16:01.489+0200] {logging_mixin.py:188} INFO - [2024-07-18T19:16:01.488+0200] {dagbag.py:545} INFO - Filling up the DagBag from /home/richonlinux/Documents/GitHub/AirflowTuto/venv/lib/python3.10/site-packages/airflow/example_dags/example_skip_dag.py
[2024-07-18T19:16:01.493+0200] {processor.py:840} INFO - DAG(s) 'example_skip_dag' retrieved from /home/richonlinux/Documents/GitHub/AirflowTuto/venv/lib/python3.10/site-packages/airflow/example_dags/example_skip_dag.py
[2024-07-18T19:16:01.505+0200] {logging_mixin.py:188} INFO - [2024-07-18T19:16:01.505+0200] {dag.py:3089} INFO - Sync 1 DAGs
[2024-07-18T19:16:01.517+0200] {logging_mixin.py:188} INFO - [2024-07-18T19:16:01.517+0200] {dag.py:3947} INFO - Setting next_dagrun for example_skip_dag to 2024-07-17 00:00:00+00:00, run_after=2024-07-18 00:00:00+00:00
[2024-07-18T19:16:01.532+0200] {processor.py:183} INFO - Processing /home/richonlinux/Documents/GitHub/AirflowTuto/venv/lib/python3.10/site-packages/airflow/example_dags/example_skip_dag.py took 0.050 seconds
[2024-07-18T19:16:56.947+0200] {processor.py:161} INFO - Started process (PID=295002) to work on /home/richonlinux/Documents/GitHub/AirflowTuto/venv/lib/python3.10/site-packages/airflow/example_dags/example_skip_dag.py
[2024-07-18T19:16:56.948+0200] {processor.py:830} INFO - Processing file /home/richonlinux/Documents/GitHub/AirflowTuto/venv/lib/python3.10/site-packages/airflow/example_dags/example_skip_dag.py for tasks to queue
[2024-07-18T19:16:56.950+0200] {logging_mixin.py:188} INFO - [2024-07-18T19:16:56.949+0200] {dagbag.py:545} INFO - Filling up the DagBag from /home/richonlinux/Documents/GitHub/AirflowTuto/venv/lib/python3.10/site-packages/airflow/example_dags/example_skip_dag.py
[2024-07-18T19:16:56.954+0200] {processor.py:840} INFO - DAG(s) 'example_skip_dag' retrieved from /home/richonlinux/Documents/GitHub/AirflowTuto/venv/lib/python3.10/site-packages/airflow/example_dags/example_skip_dag.py
[2024-07-18T19:16:56.965+0200] {logging_mixin.py:188} INFO - [2024-07-18T19:16:56.965+0200] {dag.py:3089} INFO - Sync 1 DAGs
[2024-07-18T19:16:56.976+0200] {logging_mixin.py:188} INFO - [2024-07-18T19:16:56.976+0200] {dag.py:3947} INFO - Setting next_dagrun for example_skip_dag to 2024-07-17 00:00:00+00:00, run_after=2024-07-18 00:00:00+00:00
[2024-07-18T19:16:56.990+0200] {processor.py:183} INFO - Processing /home/richonlinux/Documents/GitHub/AirflowTuto/venv/lib/python3.10/site-packages/airflow/example_dags/example_skip_dag.py took 0.046 seconds
[2024-07-18T19:17:53.961+0200] {processor.py:161} INFO - Started process (PID=295933) to work on /home/richonlinux/Documents/GitHub/AirflowTuto/venv/lib/python3.10/site-packages/airflow/example_dags/example_skip_dag.py
[2024-07-18T19:17:53.965+0200] {processor.py:830} INFO - Processing file /home/richonlinux/Documents/GitHub/AirflowTuto/venv/lib/python3.10/site-packages/airflow/example_dags/example_skip_dag.py for tasks to queue
[2024-07-18T19:17:53.966+0200] {logging_mixin.py:188} INFO - [2024-07-18T19:17:53.966+0200] {dagbag.py:545} INFO - Filling up the DagBag from /home/richonlinux/Documents/GitHub/AirflowTuto/venv/lib/python3.10/site-packages/airflow/example_dags/example_skip_dag.py
[2024-07-18T19:17:53.971+0200] {processor.py:840} INFO - DAG(s) 'example_skip_dag' retrieved from /home/richonlinux/Documents/GitHub/AirflowTuto/venv/lib/python3.10/site-packages/airflow/example_dags/example_skip_dag.py
[2024-07-18T19:17:53.981+0200] {logging_mixin.py:188} INFO - [2024-07-18T19:17:53.981+0200] {dag.py:3089} INFO - Sync 1 DAGs
[2024-07-18T19:17:53.994+0200] {logging_mixin.py:188} INFO - [2024-07-18T19:17:53.994+0200] {dag.py:3947} INFO - Setting next_dagrun for example_skip_dag to 2024-07-17 00:00:00+00:00, run_after=2024-07-18 00:00:00+00:00
[2024-07-18T19:17:54.008+0200] {processor.py:183} INFO - Processing /home/richonlinux/Documents/GitHub/AirflowTuto/venv/lib/python3.10/site-packages/airflow/example_dags/example_skip_dag.py took 0.051 seconds
[2024-07-18T19:18:34.946+0200] {processor.py:161} INFO - Started process (PID=296609) to work on /home/richonlinux/Documents/GitHub/AirflowTuto/venv/lib/python3.10/site-packages/airflow/example_dags/example_skip_dag.py
[2024-07-18T19:18:34.947+0200] {processor.py:830} INFO - Processing file /home/richonlinux/Documents/GitHub/AirflowTuto/venv/lib/python3.10/site-packages/airflow/example_dags/example_skip_dag.py for tasks to queue
[2024-07-18T19:18:34.948+0200] {logging_mixin.py:188} INFO - [2024-07-18T19:18:34.948+0200] {dagbag.py:545} INFO - Filling up the DagBag from /home/richonlinux/Documents/GitHub/AirflowTuto/venv/lib/python3.10/site-packages/airflow/example_dags/example_skip_dag.py
[2024-07-18T19:18:34.953+0200] {processor.py:840} INFO - DAG(s) 'example_skip_dag' retrieved from /home/richonlinux/Documents/GitHub/AirflowTuto/venv/lib/python3.10/site-packages/airflow/example_dags/example_skip_dag.py
[2024-07-18T19:18:34.964+0200] {logging_mixin.py:188} INFO - [2024-07-18T19:18:34.964+0200] {dag.py:3089} INFO - Sync 1 DAGs
[2024-07-18T19:18:34.977+0200] {logging_mixin.py:188} INFO - [2024-07-18T19:18:34.976+0200] {dag.py:3947} INFO - Setting next_dagrun for example_skip_dag to 2024-07-17 00:00:00+00:00, run_after=2024-07-18 00:00:00+00:00
[2024-07-18T19:18:34.992+0200] {processor.py:183} INFO - Processing /home/richonlinux/Documents/GitHub/AirflowTuto/venv/lib/python3.10/site-packages/airflow/example_dags/example_skip_dag.py took 0.051 seconds
[2024-07-18T19:19:15.503+0200] {processor.py:161} INFO - Started process (PID=297274) to work on /home/richonlinux/Documents/GitHub/AirflowTuto/venv/lib/python3.10/site-packages/airflow/example_dags/example_skip_dag.py
[2024-07-18T19:19:15.504+0200] {processor.py:830} INFO - Processing file /home/richonlinux/Documents/GitHub/AirflowTuto/venv/lib/python3.10/site-packages/airflow/example_dags/example_skip_dag.py for tasks to queue
[2024-07-18T19:19:15.505+0200] {logging_mixin.py:188} INFO - [2024-07-18T19:19:15.504+0200] {dagbag.py:545} INFO - Filling up the DagBag from /home/richonlinux/Documents/GitHub/AirflowTuto/venv/lib/python3.10/site-packages/airflow/example_dags/example_skip_dag.py
[2024-07-18T19:19:15.509+0200] {processor.py:840} INFO - DAG(s) 'example_skip_dag' retrieved from /home/richonlinux/Documents/GitHub/AirflowTuto/venv/lib/python3.10/site-packages/airflow/example_dags/example_skip_dag.py
[2024-07-18T19:19:15.519+0200] {logging_mixin.py:188} INFO - [2024-07-18T19:19:15.519+0200] {dag.py:3089} INFO - Sync 1 DAGs
[2024-07-18T19:19:15.531+0200] {logging_mixin.py:188} INFO - [2024-07-18T19:19:15.530+0200] {dag.py:3947} INFO - Setting next_dagrun for example_skip_dag to 2024-07-17 00:00:00+00:00, run_after=2024-07-18 00:00:00+00:00
[2024-07-18T19:19:15.544+0200] {processor.py:183} INFO - Processing /home/richonlinux/Documents/GitHub/AirflowTuto/venv/lib/python3.10/site-packages/airflow/example_dags/example_skip_dag.py took 0.045 seconds
[2024-07-18T19:20:14.353+0200] {processor.py:161} INFO - Started process (PID=298208) to work on /home/richonlinux/Documents/GitHub/AirflowTuto/venv/lib/python3.10/site-packages/airflow/example_dags/example_skip_dag.py
[2024-07-18T19:20:14.354+0200] {processor.py:830} INFO - Processing file /home/richonlinux/Documents/GitHub/AirflowTuto/venv/lib/python3.10/site-packages/airflow/example_dags/example_skip_dag.py for tasks to queue
[2024-07-18T19:20:14.355+0200] {logging_mixin.py:188} INFO - [2024-07-18T19:20:14.355+0200] {dagbag.py:545} INFO - Filling up the DagBag from /home/richonlinux/Documents/GitHub/AirflowTuto/venv/lib/python3.10/site-packages/airflow/example_dags/example_skip_dag.py
[2024-07-18T19:20:14.360+0200] {processor.py:840} INFO - DAG(s) 'example_skip_dag' retrieved from /home/richonlinux/Documents/GitHub/AirflowTuto/venv/lib/python3.10/site-packages/airflow/example_dags/example_skip_dag.py
[2024-07-18T19:20:14.372+0200] {logging_mixin.py:188} INFO - [2024-07-18T19:20:14.372+0200] {dag.py:3089} INFO - Sync 1 DAGs
[2024-07-18T19:20:14.386+0200] {logging_mixin.py:188} INFO - [2024-07-18T19:20:14.386+0200] {dag.py:3947} INFO - Setting next_dagrun for example_skip_dag to 2024-07-17 00:00:00+00:00, run_after=2024-07-18 00:00:00+00:00
[2024-07-18T19:20:14.405+0200] {processor.py:183} INFO - Processing /home/richonlinux/Documents/GitHub/AirflowTuto/venv/lib/python3.10/site-packages/airflow/example_dags/example_skip_dag.py took 0.055 seconds
[2024-07-18T19:21:15.115+0200] {processor.py:161} INFO - Started process (PID=299219) to work on /home/richonlinux/Documents/GitHub/AirflowTuto/venv/lib/python3.10/site-packages/airflow/example_dags/example_skip_dag.py
[2024-07-18T19:21:15.115+0200] {processor.py:830} INFO - Processing file /home/richonlinux/Documents/GitHub/AirflowTuto/venv/lib/python3.10/site-packages/airflow/example_dags/example_skip_dag.py for tasks to queue
[2024-07-18T19:21:15.116+0200] {logging_mixin.py:188} INFO - [2024-07-18T19:21:15.116+0200] {dagbag.py:545} INFO - Filling up the DagBag from /home/richonlinux/Documents/GitHub/AirflowTuto/venv/lib/python3.10/site-packages/airflow/example_dags/example_skip_dag.py
[2024-07-18T19:21:15.120+0200] {processor.py:840} INFO - DAG(s) 'example_skip_dag' retrieved from /home/richonlinux/Documents/GitHub/AirflowTuto/venv/lib/python3.10/site-packages/airflow/example_dags/example_skip_dag.py
[2024-07-18T19:21:15.131+0200] {logging_mixin.py:188} INFO - [2024-07-18T19:21:15.131+0200] {dag.py:3089} INFO - Sync 1 DAGs
[2024-07-18T19:21:15.145+0200] {logging_mixin.py:188} INFO - [2024-07-18T19:21:15.145+0200] {dag.py:3947} INFO - Setting next_dagrun for example_skip_dag to 2024-07-17 00:00:00+00:00, run_after=2024-07-18 00:00:00+00:00
[2024-07-18T19:21:15.162+0200] {processor.py:183} INFO - Processing /home/richonlinux/Documents/GitHub/AirflowTuto/venv/lib/python3.10/site-packages/airflow/example_dags/example_skip_dag.py took 0.051 seconds
[2024-07-18T19:21:57.940+0200] {processor.py:161} INFO - Started process (PID=299979) to work on /home/richonlinux/Documents/GitHub/AirflowTuto/venv/lib/python3.10/site-packages/airflow/example_dags/example_skip_dag.py
[2024-07-18T19:21:57.941+0200] {processor.py:830} INFO - Processing file /home/richonlinux/Documents/GitHub/AirflowTuto/venv/lib/python3.10/site-packages/airflow/example_dags/example_skip_dag.py for tasks to queue
[2024-07-18T19:21:57.942+0200] {logging_mixin.py:188} INFO - [2024-07-18T19:21:57.942+0200] {dagbag.py:545} INFO - Filling up the DagBag from /home/richonlinux/Documents/GitHub/AirflowTuto/venv/lib/python3.10/site-packages/airflow/example_dags/example_skip_dag.py
[2024-07-18T19:21:57.947+0200] {processor.py:840} INFO - DAG(s) 'example_skip_dag' retrieved from /home/richonlinux/Documents/GitHub/AirflowTuto/venv/lib/python3.10/site-packages/airflow/example_dags/example_skip_dag.py
[2024-07-18T19:21:57.957+0200] {logging_mixin.py:188} INFO - [2024-07-18T19:21:57.957+0200] {dag.py:3089} INFO - Sync 1 DAGs
[2024-07-18T19:21:57.971+0200] {logging_mixin.py:188} INFO - [2024-07-18T19:21:57.970+0200] {dag.py:3947} INFO - Setting next_dagrun for example_skip_dag to 2024-07-17 00:00:00+00:00, run_after=2024-07-18 00:00:00+00:00
[2024-07-18T19:21:57.987+0200] {processor.py:183} INFO - Processing /home/richonlinux/Documents/GitHub/AirflowTuto/venv/lib/python3.10/site-packages/airflow/example_dags/example_skip_dag.py took 0.050 seconds
