[2024-07-18T18:16:52.601+0200] {processor.py:161} INFO - Started process (PID=258491) to work on /home/richonlinux/Documents/GitHub/AirflowTuto/venv/lib/python3.10/site-packages/airflow/example_dags/example_bash_operator.py
[2024-07-18T18:16:52.602+0200] {processor.py:830} INFO - Processing file /home/richonlinux/Documents/GitHub/AirflowTuto/venv/lib/python3.10/site-packages/airflow/example_dags/example_bash_operator.py for tasks to queue
[2024-07-18T18:16:52.603+0200] {logging_mixin.py:188} INFO - [2024-07-18T18:16:52.603+0200] {dagbag.py:545} INFO - Filling up the DagBag from /home/richonlinux/Documents/GitHub/AirflowTuto/venv/lib/python3.10/site-packages/airflow/example_dags/example_bash_operator.py
[2024-07-18T18:16:52.611+0200] {processor.py:840} INFO - DAG(s) 'example_bash_operator' retrieved from /home/richonlinux/Documents/GitHub/AirflowTuto/venv/lib/python3.10/site-packages/airflow/example_dags/example_bash_operator.py
[2024-07-18T18:16:52.669+0200] {logging_mixin.py:188} INFO - [2024-07-18T18:16:52.669+0200] {override.py:1858} INFO - Created Permission View: can edit on DAG:example_bash_operator
[2024-07-18T18:16:52.677+0200] {logging_mixin.py:188} INFO - [2024-07-18T18:16:52.676+0200] {override.py:1858} INFO - Created Permission View: can read on DAG:example_bash_operator
[2024-07-18T18:16:52.682+0200] {logging_mixin.py:188} INFO - [2024-07-18T18:16:52.682+0200] {override.py:1858} INFO - Created Permission View: can delete on DAG:example_bash_operator
[2024-07-18T18:16:52.682+0200] {logging_mixin.py:188} INFO - [2024-07-18T18:16:52.682+0200] {dag.py:3089} INFO - Sync 1 DAGs
[2024-07-18T18:16:52.688+0200] {logging_mixin.py:188} INFO - [2024-07-18T18:16:52.688+0200] {dag.py:3111} INFO - Creating ORM DAG for example_bash_operator
[2024-07-18T18:16:52.694+0200] {logging_mixin.py:188} INFO - [2024-07-18T18:16:52.694+0200] {dag.py:3947} INFO - Setting next_dagrun for example_bash_operator to 2024-07-17 00:00:00+00:00, run_after=2024-07-18 00:00:00+00:00
[2024-07-18T18:16:52.769+0200] {processor.py:183} INFO - Processing /home/richonlinux/Documents/GitHub/AirflowTuto/venv/lib/python3.10/site-packages/airflow/example_dags/example_bash_operator.py took 0.174 seconds
[2024-07-18T18:44:30.019+0200] {processor.py:161} INFO - Started process (PID=260509) to work on /home/richonlinux/Documents/GitHub/AirflowTuto/venv/lib/python3.10/site-packages/airflow/example_dags/example_bash_operator.py
[2024-07-18T18:44:30.021+0200] {processor.py:830} INFO - Processing file /home/richonlinux/Documents/GitHub/AirflowTuto/venv/lib/python3.10/site-packages/airflow/example_dags/example_bash_operator.py for tasks to queue
[2024-07-18T18:44:30.023+0200] {logging_mixin.py:188} INFO - [2024-07-18T18:44:30.022+0200] {dagbag.py:545} INFO - Filling up the DagBag from /home/richonlinux/Documents/GitHub/AirflowTuto/venv/lib/python3.10/site-packages/airflow/example_dags/example_bash_operator.py
[2024-07-18T18:44:30.030+0200] {processor.py:840} INFO - DAG(s) 'example_bash_operator' retrieved from /home/richonlinux/Documents/GitHub/AirflowTuto/venv/lib/python3.10/site-packages/airflow/example_dags/example_bash_operator.py
[2024-07-18T18:44:30.044+0200] {logging_mixin.py:188} INFO - [2024-07-18T18:44:30.044+0200] {dag.py:3089} INFO - Sync 1 DAGs
[2024-07-18T18:44:30.127+0200] {logging_mixin.py:188} INFO - [2024-07-18T18:44:30.126+0200] {dag.py:3947} INFO - Setting next_dagrun for example_bash_operator to 2024-07-17 00:00:00+00:00, run_after=2024-07-18 00:00:00+00:00
[2024-07-18T18:44:30.143+0200] {processor.py:183} INFO - Processing /home/richonlinux/Documents/GitHub/AirflowTuto/venv/lib/python3.10/site-packages/airflow/example_dags/example_bash_operator.py took 0.131 seconds
[2024-07-18T18:45:34.979+0200] {processor.py:161} INFO - Started process (PID=261778) to work on /home/richonlinux/Documents/GitHub/AirflowTuto/venv/lib/python3.10/site-packages/airflow/example_dags/example_bash_operator.py
[2024-07-18T18:45:34.980+0200] {processor.py:830} INFO - Processing file /home/richonlinux/Documents/GitHub/AirflowTuto/venv/lib/python3.10/site-packages/airflow/example_dags/example_bash_operator.py for tasks to queue
[2024-07-18T18:45:34.981+0200] {logging_mixin.py:188} INFO - [2024-07-18T18:45:34.981+0200] {dagbag.py:545} INFO - Filling up the DagBag from /home/richonlinux/Documents/GitHub/AirflowTuto/venv/lib/python3.10/site-packages/airflow/example_dags/example_bash_operator.py
[2024-07-18T18:45:34.988+0200] {processor.py:840} INFO - DAG(s) 'example_bash_operator' retrieved from /home/richonlinux/Documents/GitHub/AirflowTuto/venv/lib/python3.10/site-packages/airflow/example_dags/example_bash_operator.py
[2024-07-18T18:45:35.000+0200] {logging_mixin.py:188} INFO - [2024-07-18T18:45:35.000+0200] {dag.py:3089} INFO - Sync 1 DAGs
[2024-07-18T18:45:35.010+0200] {logging_mixin.py:188} INFO - [2024-07-18T18:45:35.010+0200] {dag.py:3947} INFO - Setting next_dagrun for example_bash_operator to 2024-07-17 00:00:00+00:00, run_after=2024-07-18 00:00:00+00:00
[2024-07-18T18:45:35.022+0200] {processor.py:183} INFO - Processing /home/richonlinux/Documents/GitHub/AirflowTuto/venv/lib/python3.10/site-packages/airflow/example_dags/example_bash_operator.py took 0.047 seconds
[2024-07-18T18:50:04.338+0200] {processor.py:161} INFO - Started process (PID=266965) to work on /home/richonlinux/Documents/GitHub/AirflowTuto/venv/lib/python3.10/site-packages/airflow/example_dags/example_bash_operator.py
[2024-07-18T18:50:04.342+0200] {processor.py:830} INFO - Processing file /home/richonlinux/Documents/GitHub/AirflowTuto/venv/lib/python3.10/site-packages/airflow/example_dags/example_bash_operator.py for tasks to queue
[2024-07-18T18:50:04.345+0200] {logging_mixin.py:188} INFO - [2024-07-18T18:50:04.345+0200] {dagbag.py:545} INFO - Filling up the DagBag from /home/richonlinux/Documents/GitHub/AirflowTuto/venv/lib/python3.10/site-packages/airflow/example_dags/example_bash_operator.py
[2024-07-18T18:50:04.356+0200] {processor.py:840} INFO - DAG(s) 'example_bash_operator' retrieved from /home/richonlinux/Documents/GitHub/AirflowTuto/venv/lib/python3.10/site-packages/airflow/example_dags/example_bash_operator.py
[2024-07-18T18:50:04.411+0200] {logging_mixin.py:188} INFO - [2024-07-18T18:50:04.411+0200] {dag.py:3089} INFO - Sync 1 DAGs
[2024-07-18T18:50:04.423+0200] {logging_mixin.py:188} INFO - [2024-07-18T18:50:04.423+0200] {dag.py:3947} INFO - Setting next_dagrun for example_bash_operator to 2024-07-17 00:00:00+00:00, run_after=2024-07-18 00:00:00+00:00
[2024-07-18T18:50:04.497+0200] {processor.py:183} INFO - Processing /home/richonlinux/Documents/GitHub/AirflowTuto/venv/lib/python3.10/site-packages/airflow/example_dags/example_bash_operator.py took 0.168 seconds
[2024-07-18T18:51:56.642+0200] {processor.py:161} INFO - Started process (PID=268849) to work on /home/richonlinux/Documents/GitHub/AirflowTuto/venv/lib/python3.10/site-packages/airflow/example_dags/example_bash_operator.py
[2024-07-18T18:51:56.646+0200] {processor.py:830} INFO - Processing file /home/richonlinux/Documents/GitHub/AirflowTuto/venv/lib/python3.10/site-packages/airflow/example_dags/example_bash_operator.py for tasks to queue
[2024-07-18T18:51:56.648+0200] {logging_mixin.py:188} INFO - [2024-07-18T18:51:56.647+0200] {dagbag.py:545} INFO - Filling up the DagBag from /home/richonlinux/Documents/GitHub/AirflowTuto/venv/lib/python3.10/site-packages/airflow/example_dags/example_bash_operator.py
[2024-07-18T18:51:56.658+0200] {processor.py:840} INFO - DAG(s) 'example_bash_operator' retrieved from /home/richonlinux/Documents/GitHub/AirflowTuto/venv/lib/python3.10/site-packages/airflow/example_dags/example_bash_operator.py
[2024-07-18T18:51:56.707+0200] {logging_mixin.py:188} INFO - [2024-07-18T18:51:56.707+0200] {dag.py:3089} INFO - Sync 1 DAGs
[2024-07-18T18:51:56.716+0200] {logging_mixin.py:188} INFO - [2024-07-18T18:51:56.716+0200] {dag.py:3947} INFO - Setting next_dagrun for example_bash_operator to 2024-07-17 00:00:00+00:00, run_after=2024-07-18 00:00:00+00:00
[2024-07-18T18:51:56.784+0200] {processor.py:183} INFO - Processing /home/richonlinux/Documents/GitHub/AirflowTuto/venv/lib/python3.10/site-packages/airflow/example_dags/example_bash_operator.py took 0.146 seconds
[2024-07-18T18:53:03.850+0200] {processor.py:161} INFO - Started process (PID=270452) to work on /home/richonlinux/Documents/GitHub/AirflowTuto/venv/lib/python3.10/site-packages/airflow/example_dags/example_bash_operator.py
[2024-07-18T18:53:03.852+0200] {processor.py:830} INFO - Processing file /home/richonlinux/Documents/GitHub/AirflowTuto/venv/lib/python3.10/site-packages/airflow/example_dags/example_bash_operator.py for tasks to queue
[2024-07-18T18:53:03.853+0200] {logging_mixin.py:188} INFO - [2024-07-18T18:53:03.853+0200] {dagbag.py:545} INFO - Filling up the DagBag from /home/richonlinux/Documents/GitHub/AirflowTuto/venv/lib/python3.10/site-packages/airflow/example_dags/example_bash_operator.py
[2024-07-18T18:53:03.860+0200] {processor.py:840} INFO - DAG(s) 'example_bash_operator' retrieved from /home/richonlinux/Documents/GitHub/AirflowTuto/venv/lib/python3.10/site-packages/airflow/example_dags/example_bash_operator.py
[2024-07-18T18:53:03.872+0200] {logging_mixin.py:188} INFO - [2024-07-18T18:53:03.872+0200] {dag.py:3089} INFO - Sync 1 DAGs
[2024-07-18T18:53:03.883+0200] {logging_mixin.py:188} INFO - [2024-07-18T18:53:03.882+0200] {dag.py:3947} INFO - Setting next_dagrun for example_bash_operator to 2024-07-17 00:00:00+00:00, run_after=2024-07-18 00:00:00+00:00
[2024-07-18T18:53:03.950+0200] {processor.py:183} INFO - Processing /home/richonlinux/Documents/GitHub/AirflowTuto/venv/lib/python3.10/site-packages/airflow/example_dags/example_bash_operator.py took 0.104 seconds
[2024-07-18T18:54:10.256+0200] {processor.py:161} INFO - Started process (PID=271931) to work on /home/richonlinux/Documents/GitHub/AirflowTuto/venv/lib/python3.10/site-packages/airflow/example_dags/example_bash_operator.py
[2024-07-18T18:54:10.257+0200] {processor.py:830} INFO - Processing file /home/richonlinux/Documents/GitHub/AirflowTuto/venv/lib/python3.10/site-packages/airflow/example_dags/example_bash_operator.py for tasks to queue
[2024-07-18T18:54:10.259+0200] {logging_mixin.py:188} INFO - [2024-07-18T18:54:10.258+0200] {dagbag.py:545} INFO - Filling up the DagBag from /home/richonlinux/Documents/GitHub/AirflowTuto/venv/lib/python3.10/site-packages/airflow/example_dags/example_bash_operator.py
[2024-07-18T18:54:10.266+0200] {processor.py:840} INFO - DAG(s) 'example_bash_operator' retrieved from /home/richonlinux/Documents/GitHub/AirflowTuto/venv/lib/python3.10/site-packages/airflow/example_dags/example_bash_operator.py
[2024-07-18T18:54:10.278+0200] {logging_mixin.py:188} INFO - [2024-07-18T18:54:10.278+0200] {dag.py:3089} INFO - Sync 1 DAGs
[2024-07-18T18:54:10.288+0200] {logging_mixin.py:188} INFO - [2024-07-18T18:54:10.288+0200] {dag.py:3947} INFO - Setting next_dagrun for example_bash_operator to 2024-07-17 00:00:00+00:00, run_after=2024-07-18 00:00:00+00:00
[2024-07-18T18:54:10.301+0200] {processor.py:183} INFO - Processing /home/richonlinux/Documents/GitHub/AirflowTuto/venv/lib/python3.10/site-packages/airflow/example_dags/example_bash_operator.py took 0.054 seconds
[2024-07-18T18:55:11.987+0200] {processor.py:161} INFO - Started process (PID=272908) to work on /home/richonlinux/Documents/GitHub/AirflowTuto/venv/lib/python3.10/site-packages/airflow/example_dags/example_bash_operator.py
[2024-07-18T18:55:11.991+0200] {processor.py:830} INFO - Processing file /home/richonlinux/Documents/GitHub/AirflowTuto/venv/lib/python3.10/site-packages/airflow/example_dags/example_bash_operator.py for tasks to queue
[2024-07-18T18:55:11.993+0200] {logging_mixin.py:188} INFO - [2024-07-18T18:55:11.993+0200] {dagbag.py:545} INFO - Filling up the DagBag from /home/richonlinux/Documents/GitHub/AirflowTuto/venv/lib/python3.10/site-packages/airflow/example_dags/example_bash_operator.py
[2024-07-18T18:55:12.002+0200] {processor.py:840} INFO - DAG(s) 'example_bash_operator' retrieved from /home/richonlinux/Documents/GitHub/AirflowTuto/venv/lib/python3.10/site-packages/airflow/example_dags/example_bash_operator.py
[2024-07-18T18:55:12.015+0200] {logging_mixin.py:188} INFO - [2024-07-18T18:55:12.014+0200] {dag.py:3089} INFO - Sync 1 DAGs
[2024-07-18T18:55:12.025+0200] {logging_mixin.py:188} INFO - [2024-07-18T18:55:12.025+0200] {dag.py:3947} INFO - Setting next_dagrun for example_bash_operator to 2024-07-17 00:00:00+00:00, run_after=2024-07-18 00:00:00+00:00
[2024-07-18T18:55:12.039+0200] {processor.py:183} INFO - Processing /home/richonlinux/Documents/GitHub/AirflowTuto/venv/lib/python3.10/site-packages/airflow/example_dags/example_bash_operator.py took 0.060 seconds
[2024-07-18T18:56:08.978+0200] {processor.py:161} INFO - Started process (PID=273853) to work on /home/richonlinux/Documents/GitHub/AirflowTuto/venv/lib/python3.10/site-packages/airflow/example_dags/example_bash_operator.py
[2024-07-18T18:56:08.979+0200] {processor.py:830} INFO - Processing file /home/richonlinux/Documents/GitHub/AirflowTuto/venv/lib/python3.10/site-packages/airflow/example_dags/example_bash_operator.py for tasks to queue
[2024-07-18T18:56:08.981+0200] {logging_mixin.py:188} INFO - [2024-07-18T18:56:08.980+0200] {dagbag.py:545} INFO - Filling up the DagBag from /home/richonlinux/Documents/GitHub/AirflowTuto/venv/lib/python3.10/site-packages/airflow/example_dags/example_bash_operator.py
[2024-07-18T18:56:08.989+0200] {processor.py:840} INFO - DAG(s) 'example_bash_operator' retrieved from /home/richonlinux/Documents/GitHub/AirflowTuto/venv/lib/python3.10/site-packages/airflow/example_dags/example_bash_operator.py
[2024-07-18T18:56:09.003+0200] {logging_mixin.py:188} INFO - [2024-07-18T18:56:09.002+0200] {dag.py:3089} INFO - Sync 1 DAGs
[2024-07-18T18:56:09.014+0200] {logging_mixin.py:188} INFO - [2024-07-18T18:56:09.014+0200] {dag.py:3947} INFO - Setting next_dagrun for example_bash_operator to 2024-07-17 00:00:00+00:00, run_after=2024-07-18 00:00:00+00:00
[2024-07-18T18:56:09.028+0200] {processor.py:183} INFO - Processing /home/richonlinux/Documents/GitHub/AirflowTuto/venv/lib/python3.10/site-packages/airflow/example_dags/example_bash_operator.py took 0.055 seconds
[2024-07-18T18:57:06.414+0200] {processor.py:161} INFO - Started process (PID=274877) to work on /home/richonlinux/Documents/GitHub/AirflowTuto/venv/lib/python3.10/site-packages/airflow/example_dags/example_bash_operator.py
[2024-07-18T18:57:06.415+0200] {processor.py:830} INFO - Processing file /home/richonlinux/Documents/GitHub/AirflowTuto/venv/lib/python3.10/site-packages/airflow/example_dags/example_bash_operator.py for tasks to queue
[2024-07-18T18:57:06.416+0200] {logging_mixin.py:188} INFO - [2024-07-18T18:57:06.416+0200] {dagbag.py:545} INFO - Filling up the DagBag from /home/richonlinux/Documents/GitHub/AirflowTuto/venv/lib/python3.10/site-packages/airflow/example_dags/example_bash_operator.py
[2024-07-18T18:57:06.424+0200] {processor.py:840} INFO - DAG(s) 'example_bash_operator' retrieved from /home/richonlinux/Documents/GitHub/AirflowTuto/venv/lib/python3.10/site-packages/airflow/example_dags/example_bash_operator.py
[2024-07-18T18:57:06.436+0200] {logging_mixin.py:188} INFO - [2024-07-18T18:57:06.436+0200] {dag.py:3089} INFO - Sync 1 DAGs
[2024-07-18T18:57:06.447+0200] {logging_mixin.py:188} INFO - [2024-07-18T18:57:06.447+0200] {dag.py:3947} INFO - Setting next_dagrun for example_bash_operator to 2024-07-17 00:00:00+00:00, run_after=2024-07-18 00:00:00+00:00
[2024-07-18T18:57:06.459+0200] {processor.py:183} INFO - Processing /home/richonlinux/Documents/GitHub/AirflowTuto/venv/lib/python3.10/site-packages/airflow/example_dags/example_bash_operator.py took 0.053 seconds
[2024-07-18T18:58:06.438+0200] {processor.py:161} INFO - Started process (PID=275832) to work on /home/richonlinux/Documents/GitHub/AirflowTuto/venv/lib/python3.10/site-packages/airflow/example_dags/example_bash_operator.py
[2024-07-18T18:58:06.439+0200] {processor.py:830} INFO - Processing file /home/richonlinux/Documents/GitHub/AirflowTuto/venv/lib/python3.10/site-packages/airflow/example_dags/example_bash_operator.py for tasks to queue
[2024-07-18T18:58:06.441+0200] {logging_mixin.py:188} INFO - [2024-07-18T18:58:06.441+0200] {dagbag.py:545} INFO - Filling up the DagBag from /home/richonlinux/Documents/GitHub/AirflowTuto/venv/lib/python3.10/site-packages/airflow/example_dags/example_bash_operator.py
[2024-07-18T18:58:06.448+0200] {processor.py:840} INFO - DAG(s) 'example_bash_operator' retrieved from /home/richonlinux/Documents/GitHub/AirflowTuto/venv/lib/python3.10/site-packages/airflow/example_dags/example_bash_operator.py
[2024-07-18T18:58:06.461+0200] {logging_mixin.py:188} INFO - [2024-07-18T18:58:06.461+0200] {dag.py:3089} INFO - Sync 1 DAGs
[2024-07-18T18:58:06.471+0200] {logging_mixin.py:188} INFO - [2024-07-18T18:58:06.471+0200] {dag.py:3947} INFO - Setting next_dagrun for example_bash_operator to 2024-07-17 00:00:00+00:00, run_after=2024-07-18 00:00:00+00:00
[2024-07-18T18:58:06.484+0200] {processor.py:183} INFO - Processing /home/richonlinux/Documents/GitHub/AirflowTuto/venv/lib/python3.10/site-packages/airflow/example_dags/example_bash_operator.py took 0.054 seconds
[2024-07-18T18:59:08.032+0200] {processor.py:161} INFO - Started process (PID=276917) to work on /home/richonlinux/Documents/GitHub/AirflowTuto/venv/lib/python3.10/site-packages/airflow/example_dags/example_bash_operator.py
[2024-07-18T18:59:08.036+0200] {processor.py:830} INFO - Processing file /home/richonlinux/Documents/GitHub/AirflowTuto/venv/lib/python3.10/site-packages/airflow/example_dags/example_bash_operator.py for tasks to queue
[2024-07-18T18:59:08.038+0200] {logging_mixin.py:188} INFO - [2024-07-18T18:59:08.037+0200] {dagbag.py:545} INFO - Filling up the DagBag from /home/richonlinux/Documents/GitHub/AirflowTuto/venv/lib/python3.10/site-packages/airflow/example_dags/example_bash_operator.py
[2024-07-18T18:59:08.047+0200] {processor.py:840} INFO - DAG(s) 'example_bash_operator' retrieved from /home/richonlinux/Documents/GitHub/AirflowTuto/venv/lib/python3.10/site-packages/airflow/example_dags/example_bash_operator.py
[2024-07-18T18:59:08.059+0200] {logging_mixin.py:188} INFO - [2024-07-18T18:59:08.059+0200] {dag.py:3089} INFO - Sync 1 DAGs
[2024-07-18T18:59:08.069+0200] {logging_mixin.py:188} INFO - [2024-07-18T18:59:08.069+0200] {dag.py:3947} INFO - Setting next_dagrun for example_bash_operator to 2024-07-17 00:00:00+00:00, run_after=2024-07-18 00:00:00+00:00
[2024-07-18T18:59:08.081+0200] {processor.py:183} INFO - Processing /home/richonlinux/Documents/GitHub/AirflowTuto/venv/lib/python3.10/site-packages/airflow/example_dags/example_bash_operator.py took 0.053 seconds
