[2024-07-18T18:16:57.671+0200] {processor.py:161} INFO - Started process (PID=258547) to work on /home/richonlinux/Documents/GitHub/AirflowTuto/venv/lib/python3.10/site-packages/airflow/example_dags/example_branch_operator.py
[2024-07-18T18:16:57.671+0200] {processor.py:830} INFO - Processing file /home/richonlinux/Documents/GitHub/AirflowTuto/venv/lib/python3.10/site-packages/airflow/example_dags/example_branch_operator.py for tasks to queue
[2024-07-18T18:16:57.673+0200] {logging_mixin.py:188} INFO - [2024-07-18T18:16:57.673+0200] {dagbag.py:545} INFO - Filling up the DagBag from /home/richonlinux/Documents/GitHub/AirflowTuto/venv/lib/python3.10/site-packages/airflow/example_dags/example_branch_operator.py
[2024-07-18T18:16:57.675+0200] {processor.py:842} WARNING - No viable dags retrieved from /home/richonlinux/Documents/GitHub/AirflowTuto/venv/lib/python3.10/site-packages/airflow/example_dags/example_branch_operator.py
[2024-07-18T18:16:57.682+0200] {processor.py:183} INFO - Processing /home/richonlinux/Documents/GitHub/AirflowTuto/venv/lib/python3.10/site-packages/airflow/example_dags/example_branch_operator.py took 0.018 seconds
[2024-07-18T18:44:34.332+0200] {processor.py:161} INFO - Started process (PID=260636) to work on /home/richonlinux/Documents/GitHub/AirflowTuto/venv/lib/python3.10/site-packages/airflow/example_dags/example_branch_operator.py
[2024-07-18T18:44:34.336+0200] {processor.py:830} INFO - Processing file /home/richonlinux/Documents/GitHub/AirflowTuto/venv/lib/python3.10/site-packages/airflow/example_dags/example_branch_operator.py for tasks to queue
[2024-07-18T18:44:34.337+0200] {logging_mixin.py:188} INFO - [2024-07-18T18:44:34.337+0200] {dagbag.py:545} INFO - Filling up the DagBag from /home/richonlinux/Documents/GitHub/AirflowTuto/venv/lib/python3.10/site-packages/airflow/example_dags/example_branch_operator.py
[2024-07-18T18:44:34.338+0200] {processor.py:842} WARNING - No viable dags retrieved from /home/richonlinux/Documents/GitHub/AirflowTuto/venv/lib/python3.10/site-packages/airflow/example_dags/example_branch_operator.py
[2024-07-18T18:44:34.344+0200] {processor.py:183} INFO - Processing /home/richonlinux/Documents/GitHub/AirflowTuto/venv/lib/python3.10/site-packages/airflow/example_dags/example_branch_operator.py took 0.016 seconds
[2024-07-18T18:45:37.832+0200] {processor.py:161} INFO - Started process (PID=261831) to work on /home/richonlinux/Documents/GitHub/AirflowTuto/venv/lib/python3.10/site-packages/airflow/example_dags/example_branch_operator.py
[2024-07-18T18:45:37.833+0200] {processor.py:830} INFO - Processing file /home/richonlinux/Documents/GitHub/AirflowTuto/venv/lib/python3.10/site-packages/airflow/example_dags/example_branch_operator.py for tasks to queue
[2024-07-18T18:45:37.834+0200] {logging_mixin.py:188} INFO - [2024-07-18T18:45:37.834+0200] {dagbag.py:545} INFO - Filling up the DagBag from /home/richonlinux/Documents/GitHub/AirflowTuto/venv/lib/python3.10/site-packages/airflow/example_dags/example_branch_operator.py
[2024-07-18T18:45:37.836+0200] {processor.py:842} WARNING - No viable dags retrieved from /home/richonlinux/Documents/GitHub/AirflowTuto/venv/lib/python3.10/site-packages/airflow/example_dags/example_branch_operator.py
[2024-07-18T18:45:37.841+0200] {processor.py:183} INFO - Processing /home/richonlinux/Documents/GitHub/AirflowTuto/venv/lib/python3.10/site-packages/airflow/example_dags/example_branch_operator.py took 0.013 seconds
[2024-07-18T18:50:08.344+0200] {processor.py:161} INFO - Started process (PID=267020) to work on /home/richonlinux/Documents/GitHub/AirflowTuto/venv/lib/python3.10/site-packages/airflow/example_dags/example_branch_operator.py
[2024-07-18T18:50:08.346+0200] {processor.py:830} INFO - Processing file /home/richonlinux/Documents/GitHub/AirflowTuto/venv/lib/python3.10/site-packages/airflow/example_dags/example_branch_operator.py for tasks to queue
[2024-07-18T18:50:08.347+0200] {logging_mixin.py:188} INFO - [2024-07-18T18:50:08.347+0200] {dagbag.py:545} INFO - Filling up the DagBag from /home/richonlinux/Documents/GitHub/AirflowTuto/venv/lib/python3.10/site-packages/airflow/example_dags/example_branch_operator.py
[2024-07-18T18:50:08.350+0200] {processor.py:842} WARNING - No viable dags retrieved from /home/richonlinux/Documents/GitHub/AirflowTuto/venv/lib/python3.10/site-packages/airflow/example_dags/example_branch_operator.py
[2024-07-18T18:50:08.356+0200] {processor.py:183} INFO - Processing /home/richonlinux/Documents/GitHub/AirflowTuto/venv/lib/python3.10/site-packages/airflow/example_dags/example_branch_operator.py took 0.020 seconds
[2024-07-18T18:52:00.631+0200] {processor.py:161} INFO - Started process (PID=268916) to work on /home/richonlinux/Documents/GitHub/AirflowTuto/venv/lib/python3.10/site-packages/airflow/example_dags/example_branch_operator.py
[2024-07-18T18:52:00.635+0200] {processor.py:830} INFO - Processing file /home/richonlinux/Documents/GitHub/AirflowTuto/venv/lib/python3.10/site-packages/airflow/example_dags/example_branch_operator.py for tasks to queue
[2024-07-18T18:52:00.636+0200] {logging_mixin.py:188} INFO - [2024-07-18T18:52:00.635+0200] {dagbag.py:545} INFO - Filling up the DagBag from /home/richonlinux/Documents/GitHub/AirflowTuto/venv/lib/python3.10/site-packages/airflow/example_dags/example_branch_operator.py
[2024-07-18T18:52:00.637+0200] {processor.py:842} WARNING - No viable dags retrieved from /home/richonlinux/Documents/GitHub/AirflowTuto/venv/lib/python3.10/site-packages/airflow/example_dags/example_branch_operator.py
[2024-07-18T18:52:00.644+0200] {processor.py:183} INFO - Processing /home/richonlinux/Documents/GitHub/AirflowTuto/venv/lib/python3.10/site-packages/airflow/example_dags/example_branch_operator.py took 0.016 seconds
[2024-07-18T18:53:07.843+0200] {processor.py:161} INFO - Started process (PID=270503) to work on /home/richonlinux/Documents/GitHub/AirflowTuto/venv/lib/python3.10/site-packages/airflow/example_dags/example_branch_operator.py
[2024-07-18T18:53:07.843+0200] {processor.py:830} INFO - Processing file /home/richonlinux/Documents/GitHub/AirflowTuto/venv/lib/python3.10/site-packages/airflow/example_dags/example_branch_operator.py for tasks to queue
[2024-07-18T18:53:07.845+0200] {logging_mixin.py:188} INFO - [2024-07-18T18:53:07.844+0200] {dagbag.py:545} INFO - Filling up the DagBag from /home/richonlinux/Documents/GitHub/AirflowTuto/venv/lib/python3.10/site-packages/airflow/example_dags/example_branch_operator.py
[2024-07-18T18:53:07.847+0200] {processor.py:842} WARNING - No viable dags retrieved from /home/richonlinux/Documents/GitHub/AirflowTuto/venv/lib/python3.10/site-packages/airflow/example_dags/example_branch_operator.py
[2024-07-18T18:53:07.854+0200] {processor.py:183} INFO - Processing /home/richonlinux/Documents/GitHub/AirflowTuto/venv/lib/python3.10/site-packages/airflow/example_dags/example_branch_operator.py took 0.015 seconds
[2024-07-18T18:54:14.463+0200] {processor.py:161} INFO - Started process (PID=272000) to work on /home/richonlinux/Documents/GitHub/AirflowTuto/venv/lib/python3.10/site-packages/airflow/example_dags/example_branch_operator.py
[2024-07-18T18:54:14.464+0200] {processor.py:830} INFO - Processing file /home/richonlinux/Documents/GitHub/AirflowTuto/venv/lib/python3.10/site-packages/airflow/example_dags/example_branch_operator.py for tasks to queue
[2024-07-18T18:54:14.465+0200] {logging_mixin.py:188} INFO - [2024-07-18T18:54:14.465+0200] {dagbag.py:545} INFO - Filling up the DagBag from /home/richonlinux/Documents/GitHub/AirflowTuto/venv/lib/python3.10/site-packages/airflow/example_dags/example_branch_operator.py
[2024-07-18T18:54:14.466+0200] {processor.py:842} WARNING - No viable dags retrieved from /home/richonlinux/Documents/GitHub/AirflowTuto/venv/lib/python3.10/site-packages/airflow/example_dags/example_branch_operator.py
[2024-07-18T18:54:14.473+0200] {processor.py:183} INFO - Processing /home/richonlinux/Documents/GitHub/AirflowTuto/venv/lib/python3.10/site-packages/airflow/example_dags/example_branch_operator.py took 0.014 seconds
[2024-07-18T18:55:14.608+0200] {processor.py:161} INFO - Started process (PID=272966) to work on /home/richonlinux/Documents/GitHub/AirflowTuto/venv/lib/python3.10/site-packages/airflow/example_dags/example_branch_operator.py
[2024-07-18T18:55:14.608+0200] {processor.py:830} INFO - Processing file /home/richonlinux/Documents/GitHub/AirflowTuto/venv/lib/python3.10/site-packages/airflow/example_dags/example_branch_operator.py for tasks to queue
[2024-07-18T18:55:14.609+0200] {logging_mixin.py:188} INFO - [2024-07-18T18:55:14.609+0200] {dagbag.py:545} INFO - Filling up the DagBag from /home/richonlinux/Documents/GitHub/AirflowTuto/venv/lib/python3.10/site-packages/airflow/example_dags/example_branch_operator.py
[2024-07-18T18:55:14.611+0200] {processor.py:842} WARNING - No viable dags retrieved from /home/richonlinux/Documents/GitHub/AirflowTuto/venv/lib/python3.10/site-packages/airflow/example_dags/example_branch_operator.py
[2024-07-18T18:55:14.616+0200] {processor.py:183} INFO - Processing /home/richonlinux/Documents/GitHub/AirflowTuto/venv/lib/python3.10/site-packages/airflow/example_dags/example_branch_operator.py took 0.012 seconds
[2024-07-18T18:56:13.546+0200] {processor.py:161} INFO - Started process (PID=273944) to work on /home/richonlinux/Documents/GitHub/AirflowTuto/venv/lib/python3.10/site-packages/airflow/example_dags/example_branch_operator.py
[2024-07-18T18:56:13.548+0200] {processor.py:830} INFO - Processing file /home/richonlinux/Documents/GitHub/AirflowTuto/venv/lib/python3.10/site-packages/airflow/example_dags/example_branch_operator.py for tasks to queue
[2024-07-18T18:56:13.549+0200] {logging_mixin.py:188} INFO - [2024-07-18T18:56:13.549+0200] {dagbag.py:545} INFO - Filling up the DagBag from /home/richonlinux/Documents/GitHub/AirflowTuto/venv/lib/python3.10/site-packages/airflow/example_dags/example_branch_operator.py
[2024-07-18T18:56:13.551+0200] {processor.py:842} WARNING - No viable dags retrieved from /home/richonlinux/Documents/GitHub/AirflowTuto/venv/lib/python3.10/site-packages/airflow/example_dags/example_branch_operator.py
[2024-07-18T18:56:13.558+0200] {processor.py:183} INFO - Processing /home/richonlinux/Documents/GitHub/AirflowTuto/venv/lib/python3.10/site-packages/airflow/example_dags/example_branch_operator.py took 0.020 seconds
[2024-07-18T18:57:10.404+0200] {processor.py:161} INFO - Started process (PID=274935) to work on /home/richonlinux/Documents/GitHub/AirflowTuto/venv/lib/python3.10/site-packages/airflow/example_dags/example_branch_operator.py
[2024-07-18T18:57:10.405+0200] {processor.py:830} INFO - Processing file /home/richonlinux/Documents/GitHub/AirflowTuto/venv/lib/python3.10/site-packages/airflow/example_dags/example_branch_operator.py for tasks to queue
[2024-07-18T18:57:10.406+0200] {logging_mixin.py:188} INFO - [2024-07-18T18:57:10.406+0200] {dagbag.py:545} INFO - Filling up the DagBag from /home/richonlinux/Documents/GitHub/AirflowTuto/venv/lib/python3.10/site-packages/airflow/example_dags/example_branch_operator.py
[2024-07-18T18:57:10.408+0200] {processor.py:842} WARNING - No viable dags retrieved from /home/richonlinux/Documents/GitHub/AirflowTuto/venv/lib/python3.10/site-packages/airflow/example_dags/example_branch_operator.py
[2024-07-18T18:57:10.414+0200] {processor.py:183} INFO - Processing /home/richonlinux/Documents/GitHub/AirflowTuto/venv/lib/python3.10/site-packages/airflow/example_dags/example_branch_operator.py took 0.013 seconds
[2024-07-18T18:58:10.452+0200] {processor.py:161} INFO - Started process (PID=275888) to work on /home/richonlinux/Documents/GitHub/AirflowTuto/venv/lib/python3.10/site-packages/airflow/example_dags/example_branch_operator.py
[2024-07-18T18:58:10.453+0200] {processor.py:830} INFO - Processing file /home/richonlinux/Documents/GitHub/AirflowTuto/venv/lib/python3.10/site-packages/airflow/example_dags/example_branch_operator.py for tasks to queue
[2024-07-18T18:58:10.454+0200] {logging_mixin.py:188} INFO - [2024-07-18T18:58:10.454+0200] {dagbag.py:545} INFO - Filling up the DagBag from /home/richonlinux/Documents/GitHub/AirflowTuto/venv/lib/python3.10/site-packages/airflow/example_dags/example_branch_operator.py
[2024-07-18T18:58:10.457+0200] {processor.py:842} WARNING - No viable dags retrieved from /home/richonlinux/Documents/GitHub/AirflowTuto/venv/lib/python3.10/site-packages/airflow/example_dags/example_branch_operator.py
[2024-07-18T18:58:10.463+0200] {processor.py:183} INFO - Processing /home/richonlinux/Documents/GitHub/AirflowTuto/venv/lib/python3.10/site-packages/airflow/example_dags/example_branch_operator.py took 0.016 seconds
[2024-07-18T18:59:11.301+0200] {processor.py:161} INFO - Started process (PID=276985) to work on /home/richonlinux/Documents/GitHub/AirflowTuto/venv/lib/python3.10/site-packages/airflow/example_dags/example_branch_operator.py
[2024-07-18T18:59:11.302+0200] {processor.py:830} INFO - Processing file /home/richonlinux/Documents/GitHub/AirflowTuto/venv/lib/python3.10/site-packages/airflow/example_dags/example_branch_operator.py for tasks to queue
[2024-07-18T18:59:11.303+0200] {logging_mixin.py:188} INFO - [2024-07-18T18:59:11.303+0200] {dagbag.py:545} INFO - Filling up the DagBag from /home/richonlinux/Documents/GitHub/AirflowTuto/venv/lib/python3.10/site-packages/airflow/example_dags/example_branch_operator.py
[2024-07-18T18:59:11.306+0200] {processor.py:842} WARNING - No viable dags retrieved from /home/richonlinux/Documents/GitHub/AirflowTuto/venv/lib/python3.10/site-packages/airflow/example_dags/example_branch_operator.py
[2024-07-18T18:59:11.313+0200] {processor.py:183} INFO - Processing /home/richonlinux/Documents/GitHub/AirflowTuto/venv/lib/python3.10/site-packages/airflow/example_dags/example_branch_operator.py took 0.015 seconds
[2024-07-18T19:00:12.083+0200] {processor.py:161} INFO - Started process (PID=278059) to work on /home/richonlinux/Documents/GitHub/AirflowTuto/venv/lib/python3.10/site-packages/airflow/example_dags/example_branch_operator.py
[2024-07-18T19:00:12.084+0200] {processor.py:830} INFO - Processing file /home/richonlinux/Documents/GitHub/AirflowTuto/venv/lib/python3.10/site-packages/airflow/example_dags/example_branch_operator.py for tasks to queue
[2024-07-18T19:00:12.086+0200] {logging_mixin.py:188} INFO - [2024-07-18T19:00:12.085+0200] {dagbag.py:545} INFO - Filling up the DagBag from /home/richonlinux/Documents/GitHub/AirflowTuto/venv/lib/python3.10/site-packages/airflow/example_dags/example_branch_operator.py
[2024-07-18T19:00:12.088+0200] {processor.py:842} WARNING - No viable dags retrieved from /home/richonlinux/Documents/GitHub/AirflowTuto/venv/lib/python3.10/site-packages/airflow/example_dags/example_branch_operator.py
[2024-07-18T19:00:12.095+0200] {processor.py:183} INFO - Processing /home/richonlinux/Documents/GitHub/AirflowTuto/venv/lib/python3.10/site-packages/airflow/example_dags/example_branch_operator.py took 0.019 seconds
[2024-07-18T19:01:14.875+0200] {processor.py:161} INFO - Started process (PID=279306) to work on /home/richonlinux/Documents/GitHub/AirflowTuto/venv/lib/python3.10/site-packages/airflow/example_dags/example_branch_operator.py
[2024-07-18T19:01:14.876+0200] {processor.py:830} INFO - Processing file /home/richonlinux/Documents/GitHub/AirflowTuto/venv/lib/python3.10/site-packages/airflow/example_dags/example_branch_operator.py for tasks to queue
[2024-07-18T19:01:14.877+0200] {logging_mixin.py:188} INFO - [2024-07-18T19:01:14.877+0200] {dagbag.py:545} INFO - Filling up the DagBag from /home/richonlinux/Documents/GitHub/AirflowTuto/venv/lib/python3.10/site-packages/airflow/example_dags/example_branch_operator.py
[2024-07-18T19:01:14.879+0200] {processor.py:842} WARNING - No viable dags retrieved from /home/richonlinux/Documents/GitHub/AirflowTuto/venv/lib/python3.10/site-packages/airflow/example_dags/example_branch_operator.py
[2024-07-18T19:01:14.886+0200] {processor.py:183} INFO - Processing /home/richonlinux/Documents/GitHub/AirflowTuto/venv/lib/python3.10/site-packages/airflow/example_dags/example_branch_operator.py took 0.015 seconds
[2024-07-18T19:02:11.201+0200] {processor.py:161} INFO - Started process (PID=280426) to work on /home/richonlinux/Documents/GitHub/AirflowTuto/venv/lib/python3.10/site-packages/airflow/example_dags/example_branch_operator.py
[2024-07-18T19:02:11.202+0200] {processor.py:830} INFO - Processing file /home/richonlinux/Documents/GitHub/AirflowTuto/venv/lib/python3.10/site-packages/airflow/example_dags/example_branch_operator.py for tasks to queue
[2024-07-18T19:02:11.204+0200] {logging_mixin.py:188} INFO - [2024-07-18T19:02:11.204+0200] {dagbag.py:545} INFO - Filling up the DagBag from /home/richonlinux/Documents/GitHub/AirflowTuto/venv/lib/python3.10/site-packages/airflow/example_dags/example_branch_operator.py
[2024-07-18T19:02:11.207+0200] {processor.py:842} WARNING - No viable dags retrieved from /home/richonlinux/Documents/GitHub/AirflowTuto/venv/lib/python3.10/site-packages/airflow/example_dags/example_branch_operator.py
[2024-07-18T19:02:11.214+0200] {processor.py:183} INFO - Processing /home/richonlinux/Documents/GitHub/AirflowTuto/venv/lib/python3.10/site-packages/airflow/example_dags/example_branch_operator.py took 0.019 seconds
[2024-07-18T19:03:12.687+0200] {processor.py:161} INFO - Started process (PID=281396) to work on /home/richonlinux/Documents/GitHub/AirflowTuto/venv/lib/python3.10/site-packages/airflow/example_dags/example_branch_operator.py
[2024-07-18T19:03:12.688+0200] {processor.py:830} INFO - Processing file /home/richonlinux/Documents/GitHub/AirflowTuto/venv/lib/python3.10/site-packages/airflow/example_dags/example_branch_operator.py for tasks to queue
[2024-07-18T19:03:12.690+0200] {logging_mixin.py:188} INFO - [2024-07-18T19:03:12.690+0200] {dagbag.py:545} INFO - Filling up the DagBag from /home/richonlinux/Documents/GitHub/AirflowTuto/venv/lib/python3.10/site-packages/airflow/example_dags/example_branch_operator.py
[2024-07-18T19:03:12.692+0200] {processor.py:842} WARNING - No viable dags retrieved from /home/richonlinux/Documents/GitHub/AirflowTuto/venv/lib/python3.10/site-packages/airflow/example_dags/example_branch_operator.py
[2024-07-18T19:03:12.698+0200] {processor.py:183} INFO - Processing /home/richonlinux/Documents/GitHub/AirflowTuto/venv/lib/python3.10/site-packages/airflow/example_dags/example_branch_operator.py took 0.020 seconds
[2024-07-18T19:04:12.289+0200] {processor.py:161} INFO - Started process (PID=282385) to work on /home/richonlinux/Documents/GitHub/AirflowTuto/venv/lib/python3.10/site-packages/airflow/example_dags/example_branch_operator.py
[2024-07-18T19:04:12.290+0200] {processor.py:830} INFO - Processing file /home/richonlinux/Documents/GitHub/AirflowTuto/venv/lib/python3.10/site-packages/airflow/example_dags/example_branch_operator.py for tasks to queue
[2024-07-18T19:04:12.292+0200] {logging_mixin.py:188} INFO - [2024-07-18T19:04:12.292+0200] {dagbag.py:545} INFO - Filling up the DagBag from /home/richonlinux/Documents/GitHub/AirflowTuto/venv/lib/python3.10/site-packages/airflow/example_dags/example_branch_operator.py
[2024-07-18T19:04:12.295+0200] {processor.py:842} WARNING - No viable dags retrieved from /home/richonlinux/Documents/GitHub/AirflowTuto/venv/lib/python3.10/site-packages/airflow/example_dags/example_branch_operator.py
[2024-07-18T19:04:12.301+0200] {processor.py:183} INFO - Processing /home/richonlinux/Documents/GitHub/AirflowTuto/venv/lib/python3.10/site-packages/airflow/example_dags/example_branch_operator.py took 0.021 seconds
[2024-07-18T19:05:10.019+0200] {processor.py:161} INFO - Started process (PID=283275) to work on /home/richonlinux/Documents/GitHub/AirflowTuto/venv/lib/python3.10/site-packages/airflow/example_dags/example_branch_operator.py
[2024-07-18T19:05:10.020+0200] {processor.py:830} INFO - Processing file /home/richonlinux/Documents/GitHub/AirflowTuto/venv/lib/python3.10/site-packages/airflow/example_dags/example_branch_operator.py for tasks to queue
[2024-07-18T19:05:10.022+0200] {logging_mixin.py:188} INFO - [2024-07-18T19:05:10.021+0200] {dagbag.py:545} INFO - Filling up the DagBag from /home/richonlinux/Documents/GitHub/AirflowTuto/venv/lib/python3.10/site-packages/airflow/example_dags/example_branch_operator.py
[2024-07-18T19:05:10.024+0200] {processor.py:842} WARNING - No viable dags retrieved from /home/richonlinux/Documents/GitHub/AirflowTuto/venv/lib/python3.10/site-packages/airflow/example_dags/example_branch_operator.py
[2024-07-18T19:05:10.030+0200] {processor.py:183} INFO - Processing /home/richonlinux/Documents/GitHub/AirflowTuto/venv/lib/python3.10/site-packages/airflow/example_dags/example_branch_operator.py took 0.019 seconds
[2024-07-18T19:06:07.518+0200] {processor.py:161} INFO - Started process (PID=284362) to work on /home/richonlinux/Documents/GitHub/AirflowTuto/venv/lib/python3.10/site-packages/airflow/example_dags/example_branch_operator.py
[2024-07-18T19:06:07.521+0200] {processor.py:830} INFO - Processing file /home/richonlinux/Documents/GitHub/AirflowTuto/venv/lib/python3.10/site-packages/airflow/example_dags/example_branch_operator.py for tasks to queue
[2024-07-18T19:06:07.522+0200] {logging_mixin.py:188} INFO - [2024-07-18T19:06:07.522+0200] {dagbag.py:545} INFO - Filling up the DagBag from /home/richonlinux/Documents/GitHub/AirflowTuto/venv/lib/python3.10/site-packages/airflow/example_dags/example_branch_operator.py
[2024-07-18T19:06:07.524+0200] {processor.py:842} WARNING - No viable dags retrieved from /home/richonlinux/Documents/GitHub/AirflowTuto/venv/lib/python3.10/site-packages/airflow/example_dags/example_branch_operator.py
[2024-07-18T19:06:07.530+0200] {processor.py:183} INFO - Processing /home/richonlinux/Documents/GitHub/AirflowTuto/venv/lib/python3.10/site-packages/airflow/example_dags/example_branch_operator.py took 0.016 seconds
[2024-07-18T19:07:06.981+0200] {processor.py:161} INFO - Started process (PID=285362) to work on /home/richonlinux/Documents/GitHub/AirflowTuto/venv/lib/python3.10/site-packages/airflow/example_dags/example_branch_operator.py
[2024-07-18T19:07:06.985+0200] {processor.py:830} INFO - Processing file /home/richonlinux/Documents/GitHub/AirflowTuto/venv/lib/python3.10/site-packages/airflow/example_dags/example_branch_operator.py for tasks to queue
[2024-07-18T19:07:06.986+0200] {logging_mixin.py:188} INFO - [2024-07-18T19:07:06.986+0200] {dagbag.py:545} INFO - Filling up the DagBag from /home/richonlinux/Documents/GitHub/AirflowTuto/venv/lib/python3.10/site-packages/airflow/example_dags/example_branch_operator.py
[2024-07-18T19:07:06.988+0200] {processor.py:842} WARNING - No viable dags retrieved from /home/richonlinux/Documents/GitHub/AirflowTuto/venv/lib/python3.10/site-packages/airflow/example_dags/example_branch_operator.py
[2024-07-18T19:07:06.994+0200] {processor.py:183} INFO - Processing /home/richonlinux/Documents/GitHub/AirflowTuto/venv/lib/python3.10/site-packages/airflow/example_dags/example_branch_operator.py took 0.020 seconds
[2024-07-18T19:08:05.672+0200] {processor.py:161} INFO - Started process (PID=286310) to work on /home/richonlinux/Documents/GitHub/AirflowTuto/venv/lib/python3.10/site-packages/airflow/example_dags/example_branch_operator.py
[2024-07-18T19:08:05.676+0200] {processor.py:830} INFO - Processing file /home/richonlinux/Documents/GitHub/AirflowTuto/venv/lib/python3.10/site-packages/airflow/example_dags/example_branch_operator.py for tasks to queue
[2024-07-18T19:08:05.677+0200] {logging_mixin.py:188} INFO - [2024-07-18T19:08:05.677+0200] {dagbag.py:545} INFO - Filling up the DagBag from /home/richonlinux/Documents/GitHub/AirflowTuto/venv/lib/python3.10/site-packages/airflow/example_dags/example_branch_operator.py
[2024-07-18T19:08:05.679+0200] {processor.py:842} WARNING - No viable dags retrieved from /home/richonlinux/Documents/GitHub/AirflowTuto/venv/lib/python3.10/site-packages/airflow/example_dags/example_branch_operator.py
[2024-07-18T19:08:05.686+0200] {processor.py:183} INFO - Processing /home/richonlinux/Documents/GitHub/AirflowTuto/venv/lib/python3.10/site-packages/airflow/example_dags/example_branch_operator.py took 0.018 seconds
[2024-07-18T19:09:04.999+0200] {processor.py:161} INFO - Started process (PID=287314) to work on /home/richonlinux/Documents/GitHub/AirflowTuto/venv/lib/python3.10/site-packages/airflow/example_dags/example_branch_operator.py
[2024-07-18T19:09:05.000+0200] {processor.py:830} INFO - Processing file /home/richonlinux/Documents/GitHub/AirflowTuto/venv/lib/python3.10/site-packages/airflow/example_dags/example_branch_operator.py for tasks to queue
[2024-07-18T19:09:05.001+0200] {logging_mixin.py:188} INFO - [2024-07-18T19:09:05.000+0200] {dagbag.py:545} INFO - Filling up the DagBag from /home/richonlinux/Documents/GitHub/AirflowTuto/venv/lib/python3.10/site-packages/airflow/example_dags/example_branch_operator.py
[2024-07-18T19:09:05.003+0200] {processor.py:842} WARNING - No viable dags retrieved from /home/richonlinux/Documents/GitHub/AirflowTuto/venv/lib/python3.10/site-packages/airflow/example_dags/example_branch_operator.py
[2024-07-18T19:09:05.009+0200] {processor.py:183} INFO - Processing /home/richonlinux/Documents/GitHub/AirflowTuto/venv/lib/python3.10/site-packages/airflow/example_dags/example_branch_operator.py took 0.014 seconds
[2024-07-18T19:10:02.607+0200] {processor.py:161} INFO - Started process (PID=288244) to work on /home/richonlinux/Documents/GitHub/AirflowTuto/venv/lib/python3.10/site-packages/airflow/example_dags/example_branch_operator.py
[2024-07-18T19:10:02.611+0200] {processor.py:830} INFO - Processing file /home/richonlinux/Documents/GitHub/AirflowTuto/venv/lib/python3.10/site-packages/airflow/example_dags/example_branch_operator.py for tasks to queue
[2024-07-18T19:10:02.612+0200] {logging_mixin.py:188} INFO - [2024-07-18T19:10:02.612+0200] {dagbag.py:545} INFO - Filling up the DagBag from /home/richonlinux/Documents/GitHub/AirflowTuto/venv/lib/python3.10/site-packages/airflow/example_dags/example_branch_operator.py
[2024-07-18T19:10:02.614+0200] {processor.py:842} WARNING - No viable dags retrieved from /home/richonlinux/Documents/GitHub/AirflowTuto/venv/lib/python3.10/site-packages/airflow/example_dags/example_branch_operator.py
[2024-07-18T19:10:02.621+0200] {processor.py:183} INFO - Processing /home/richonlinux/Documents/GitHub/AirflowTuto/venv/lib/python3.10/site-packages/airflow/example_dags/example_branch_operator.py took 0.017 seconds
[2024-07-18T19:10:56.208+0200] {processor.py:161} INFO - Started process (PID=289136) to work on /home/richonlinux/Documents/GitHub/AirflowTuto/venv/lib/python3.10/site-packages/airflow/example_dags/example_branch_operator.py
[2024-07-18T19:10:56.209+0200] {processor.py:830} INFO - Processing file /home/richonlinux/Documents/GitHub/AirflowTuto/venv/lib/python3.10/site-packages/airflow/example_dags/example_branch_operator.py for tasks to queue
[2024-07-18T19:10:56.210+0200] {logging_mixin.py:188} INFO - [2024-07-18T19:10:56.210+0200] {dagbag.py:545} INFO - Filling up the DagBag from /home/richonlinux/Documents/GitHub/AirflowTuto/venv/lib/python3.10/site-packages/airflow/example_dags/example_branch_operator.py
[2024-07-18T19:10:56.212+0200] {processor.py:842} WARNING - No viable dags retrieved from /home/richonlinux/Documents/GitHub/AirflowTuto/venv/lib/python3.10/site-packages/airflow/example_dags/example_branch_operator.py
[2024-07-18T19:10:56.219+0200] {processor.py:183} INFO - Processing /home/richonlinux/Documents/GitHub/AirflowTuto/venv/lib/python3.10/site-packages/airflow/example_dags/example_branch_operator.py took 0.016 seconds
[2024-07-18T19:11:52.944+0200] {processor.py:161} INFO - Started process (PID=290109) to work on /home/richonlinux/Documents/GitHub/AirflowTuto/venv/lib/python3.10/site-packages/airflow/example_dags/example_branch_operator.py
[2024-07-18T19:11:52.945+0200] {processor.py:830} INFO - Processing file /home/richonlinux/Documents/GitHub/AirflowTuto/venv/lib/python3.10/site-packages/airflow/example_dags/example_branch_operator.py for tasks to queue
[2024-07-18T19:11:52.946+0200] {logging_mixin.py:188} INFO - [2024-07-18T19:11:52.946+0200] {dagbag.py:545} INFO - Filling up the DagBag from /home/richonlinux/Documents/GitHub/AirflowTuto/venv/lib/python3.10/site-packages/airflow/example_dags/example_branch_operator.py
[2024-07-18T19:11:52.947+0200] {processor.py:842} WARNING - No viable dags retrieved from /home/richonlinux/Documents/GitHub/AirflowTuto/venv/lib/python3.10/site-packages/airflow/example_dags/example_branch_operator.py
[2024-07-18T19:11:52.954+0200] {processor.py:183} INFO - Processing /home/richonlinux/Documents/GitHub/AirflowTuto/venv/lib/python3.10/site-packages/airflow/example_dags/example_branch_operator.py took 0.013 seconds
[2024-07-18T19:12:49.535+0200] {processor.py:161} INFO - Started process (PID=291011) to work on /home/richonlinux/Documents/GitHub/AirflowTuto/venv/lib/python3.10/site-packages/airflow/example_dags/example_branch_operator.py
[2024-07-18T19:12:49.538+0200] {processor.py:830} INFO - Processing file /home/richonlinux/Documents/GitHub/AirflowTuto/venv/lib/python3.10/site-packages/airflow/example_dags/example_branch_operator.py for tasks to queue
[2024-07-18T19:12:49.539+0200] {logging_mixin.py:188} INFO - [2024-07-18T19:12:49.539+0200] {dagbag.py:545} INFO - Filling up the DagBag from /home/richonlinux/Documents/GitHub/AirflowTuto/venv/lib/python3.10/site-packages/airflow/example_dags/example_branch_operator.py
[2024-07-18T19:12:49.541+0200] {processor.py:842} WARNING - No viable dags retrieved from /home/richonlinux/Documents/GitHub/AirflowTuto/venv/lib/python3.10/site-packages/airflow/example_dags/example_branch_operator.py
[2024-07-18T19:12:49.547+0200] {processor.py:183} INFO - Processing /home/richonlinux/Documents/GitHub/AirflowTuto/venv/lib/python3.10/site-packages/airflow/example_dags/example_branch_operator.py took 0.016 seconds
[2024-07-18T19:13:48.913+0200] {processor.py:161} INFO - Started process (PID=291980) to work on /home/richonlinux/Documents/GitHub/AirflowTuto/venv/lib/python3.10/site-packages/airflow/example_dags/example_branch_operator.py
[2024-07-18T19:13:48.914+0200] {processor.py:830} INFO - Processing file /home/richonlinux/Documents/GitHub/AirflowTuto/venv/lib/python3.10/site-packages/airflow/example_dags/example_branch_operator.py for tasks to queue
[2024-07-18T19:13:48.915+0200] {logging_mixin.py:188} INFO - [2024-07-18T19:13:48.915+0200] {dagbag.py:545} INFO - Filling up the DagBag from /home/richonlinux/Documents/GitHub/AirflowTuto/venv/lib/python3.10/site-packages/airflow/example_dags/example_branch_operator.py
[2024-07-18T19:13:48.917+0200] {processor.py:842} WARNING - No viable dags retrieved from /home/richonlinux/Documents/GitHub/AirflowTuto/venv/lib/python3.10/site-packages/airflow/example_dags/example_branch_operator.py
[2024-07-18T19:13:48.924+0200] {processor.py:183} INFO - Processing /home/richonlinux/Documents/GitHub/AirflowTuto/venv/lib/python3.10/site-packages/airflow/example_dags/example_branch_operator.py took 0.015 seconds
[2024-07-18T19:14:48.958+0200] {processor.py:161} INFO - Started process (PID=292946) to work on /home/richonlinux/Documents/GitHub/AirflowTuto/venv/lib/python3.10/site-packages/airflow/example_dags/example_branch_operator.py
[2024-07-18T19:14:48.958+0200] {processor.py:830} INFO - Processing file /home/richonlinux/Documents/GitHub/AirflowTuto/venv/lib/python3.10/site-packages/airflow/example_dags/example_branch_operator.py for tasks to queue
[2024-07-18T19:14:48.960+0200] {logging_mixin.py:188} INFO - [2024-07-18T19:14:48.960+0200] {dagbag.py:545} INFO - Filling up the DagBag from /home/richonlinux/Documents/GitHub/AirflowTuto/venv/lib/python3.10/site-packages/airflow/example_dags/example_branch_operator.py
[2024-07-18T19:14:48.961+0200] {processor.py:842} WARNING - No viable dags retrieved from /home/richonlinux/Documents/GitHub/AirflowTuto/venv/lib/python3.10/site-packages/airflow/example_dags/example_branch_operator.py
[2024-07-18T19:14:48.967+0200] {processor.py:183} INFO - Processing /home/richonlinux/Documents/GitHub/AirflowTuto/venv/lib/python3.10/site-packages/airflow/example_dags/example_branch_operator.py took 0.013 seconds
[2024-07-18T19:15:50.604+0200] {processor.py:161} INFO - Started process (PID=293906) to work on /home/richonlinux/Documents/GitHub/AirflowTuto/venv/lib/python3.10/site-packages/airflow/example_dags/example_branch_operator.py
[2024-07-18T19:15:50.605+0200] {processor.py:830} INFO - Processing file /home/richonlinux/Documents/GitHub/AirflowTuto/venv/lib/python3.10/site-packages/airflow/example_dags/example_branch_operator.py for tasks to queue
[2024-07-18T19:15:50.606+0200] {logging_mixin.py:188} INFO - [2024-07-18T19:15:50.606+0200] {dagbag.py:545} INFO - Filling up the DagBag from /home/richonlinux/Documents/GitHub/AirflowTuto/venv/lib/python3.10/site-packages/airflow/example_dags/example_branch_operator.py
[2024-07-18T19:15:50.608+0200] {processor.py:842} WARNING - No viable dags retrieved from /home/richonlinux/Documents/GitHub/AirflowTuto/venv/lib/python3.10/site-packages/airflow/example_dags/example_branch_operator.py
[2024-07-18T19:15:50.614+0200] {processor.py:183} INFO - Processing /home/richonlinux/Documents/GitHub/AirflowTuto/venv/lib/python3.10/site-packages/airflow/example_dags/example_branch_operator.py took 0.014 seconds
[2024-07-18T19:16:44.558+0200] {processor.py:161} INFO - Started process (PID=294805) to work on /home/richonlinux/Documents/GitHub/AirflowTuto/venv/lib/python3.10/site-packages/airflow/example_dags/example_branch_operator.py
[2024-07-18T19:16:44.561+0200] {processor.py:830} INFO - Processing file /home/richonlinux/Documents/GitHub/AirflowTuto/venv/lib/python3.10/site-packages/airflow/example_dags/example_branch_operator.py for tasks to queue
[2024-07-18T19:16:44.562+0200] {logging_mixin.py:188} INFO - [2024-07-18T19:16:44.562+0200] {dagbag.py:545} INFO - Filling up the DagBag from /home/richonlinux/Documents/GitHub/AirflowTuto/venv/lib/python3.10/site-packages/airflow/example_dags/example_branch_operator.py
[2024-07-18T19:16:44.564+0200] {processor.py:842} WARNING - No viable dags retrieved from /home/richonlinux/Documents/GitHub/AirflowTuto/venv/lib/python3.10/site-packages/airflow/example_dags/example_branch_operator.py
[2024-07-18T19:16:44.571+0200] {processor.py:183} INFO - Processing /home/richonlinux/Documents/GitHub/AirflowTuto/venv/lib/python3.10/site-packages/airflow/example_dags/example_branch_operator.py took 0.017 seconds
[2024-07-18T19:17:42.527+0200] {processor.py:161} INFO - Started process (PID=295768) to work on /home/richonlinux/Documents/GitHub/AirflowTuto/venv/lib/python3.10/site-packages/airflow/example_dags/example_branch_operator.py
[2024-07-18T19:17:42.528+0200] {processor.py:830} INFO - Processing file /home/richonlinux/Documents/GitHub/AirflowTuto/venv/lib/python3.10/site-packages/airflow/example_dags/example_branch_operator.py for tasks to queue
[2024-07-18T19:17:42.529+0200] {logging_mixin.py:188} INFO - [2024-07-18T19:17:42.529+0200] {dagbag.py:545} INFO - Filling up the DagBag from /home/richonlinux/Documents/GitHub/AirflowTuto/venv/lib/python3.10/site-packages/airflow/example_dags/example_branch_operator.py
[2024-07-18T19:17:42.530+0200] {processor.py:842} WARNING - No viable dags retrieved from /home/richonlinux/Documents/GitHub/AirflowTuto/venv/lib/python3.10/site-packages/airflow/example_dags/example_branch_operator.py
[2024-07-18T19:17:42.536+0200] {processor.py:183} INFO - Processing /home/richonlinux/Documents/GitHub/AirflowTuto/venv/lib/python3.10/site-packages/airflow/example_dags/example_branch_operator.py took 0.012 seconds
[2024-07-18T19:18:44.107+0200] {processor.py:161} INFO - Started process (PID=296784) to work on /home/richonlinux/Documents/GitHub/AirflowTuto/venv/lib/python3.10/site-packages/airflow/example_dags/example_branch_operator.py
[2024-07-18T19:18:44.107+0200] {processor.py:830} INFO - Processing file /home/richonlinux/Documents/GitHub/AirflowTuto/venv/lib/python3.10/site-packages/airflow/example_dags/example_branch_operator.py for tasks to queue
[2024-07-18T19:18:44.108+0200] {logging_mixin.py:188} INFO - [2024-07-18T19:18:44.108+0200] {dagbag.py:545} INFO - Filling up the DagBag from /home/richonlinux/Documents/GitHub/AirflowTuto/venv/lib/python3.10/site-packages/airflow/example_dags/example_branch_operator.py
[2024-07-18T19:18:44.110+0200] {processor.py:842} WARNING - No viable dags retrieved from /home/richonlinux/Documents/GitHub/AirflowTuto/venv/lib/python3.10/site-packages/airflow/example_dags/example_branch_operator.py
[2024-07-18T19:18:44.116+0200] {processor.py:183} INFO - Processing /home/richonlinux/Documents/GitHub/AirflowTuto/venv/lib/python3.10/site-packages/airflow/example_dags/example_branch_operator.py took 0.013 seconds
[2024-07-18T19:19:40.685+0200] {processor.py:161} INFO - Started process (PID=297710) to work on /home/richonlinux/Documents/GitHub/AirflowTuto/venv/lib/python3.10/site-packages/airflow/example_dags/example_branch_operator.py
[2024-07-18T19:19:40.686+0200] {processor.py:830} INFO - Processing file /home/richonlinux/Documents/GitHub/AirflowTuto/venv/lib/python3.10/site-packages/airflow/example_dags/example_branch_operator.py for tasks to queue
[2024-07-18T19:19:40.687+0200] {logging_mixin.py:188} INFO - [2024-07-18T19:19:40.687+0200] {dagbag.py:545} INFO - Filling up the DagBag from /home/richonlinux/Documents/GitHub/AirflowTuto/venv/lib/python3.10/site-packages/airflow/example_dags/example_branch_operator.py
[2024-07-18T19:19:40.689+0200] {processor.py:842} WARNING - No viable dags retrieved from /home/richonlinux/Documents/GitHub/AirflowTuto/venv/lib/python3.10/site-packages/airflow/example_dags/example_branch_operator.py
[2024-07-18T19:19:40.696+0200] {processor.py:183} INFO - Processing /home/richonlinux/Documents/GitHub/AirflowTuto/venv/lib/python3.10/site-packages/airflow/example_dags/example_branch_operator.py took 0.016 seconds
[2024-07-18T19:20:42.323+0200] {processor.py:161} INFO - Started process (PID=298689) to work on /home/richonlinux/Documents/GitHub/AirflowTuto/venv/lib/python3.10/site-packages/airflow/example_dags/example_branch_operator.py
[2024-07-18T19:20:42.324+0200] {processor.py:830} INFO - Processing file /home/richonlinux/Documents/GitHub/AirflowTuto/venv/lib/python3.10/site-packages/airflow/example_dags/example_branch_operator.py for tasks to queue
[2024-07-18T19:20:42.326+0200] {logging_mixin.py:188} INFO - [2024-07-18T19:20:42.326+0200] {dagbag.py:545} INFO - Filling up the DagBag from /home/richonlinux/Documents/GitHub/AirflowTuto/venv/lib/python3.10/site-packages/airflow/example_dags/example_branch_operator.py
[2024-07-18T19:20:42.328+0200] {processor.py:842} WARNING - No viable dags retrieved from /home/richonlinux/Documents/GitHub/AirflowTuto/venv/lib/python3.10/site-packages/airflow/example_dags/example_branch_operator.py
[2024-07-18T19:20:42.335+0200] {processor.py:183} INFO - Processing /home/richonlinux/Documents/GitHub/AirflowTuto/venv/lib/python3.10/site-packages/airflow/example_dags/example_branch_operator.py took 0.018 seconds
[2024-07-18T19:21:43.662+0200] {processor.py:161} INFO - Started process (PID=299762) to work on /home/richonlinux/Documents/GitHub/AirflowTuto/venv/lib/python3.10/site-packages/airflow/example_dags/example_branch_operator.py
[2024-07-18T19:21:43.666+0200] {processor.py:830} INFO - Processing file /home/richonlinux/Documents/GitHub/AirflowTuto/venv/lib/python3.10/site-packages/airflow/example_dags/example_branch_operator.py for tasks to queue
[2024-07-18T19:21:43.667+0200] {logging_mixin.py:188} INFO - [2024-07-18T19:21:43.667+0200] {dagbag.py:545} INFO - Filling up the DagBag from /home/richonlinux/Documents/GitHub/AirflowTuto/venv/lib/python3.10/site-packages/airflow/example_dags/example_branch_operator.py
[2024-07-18T19:21:43.669+0200] {processor.py:842} WARNING - No viable dags retrieved from /home/richonlinux/Documents/GitHub/AirflowTuto/venv/lib/python3.10/site-packages/airflow/example_dags/example_branch_operator.py
[2024-07-18T19:21:43.675+0200] {processor.py:183} INFO - Processing /home/richonlinux/Documents/GitHub/AirflowTuto/venv/lib/python3.10/site-packages/airflow/example_dags/example_branch_operator.py took 0.016 seconds
[2024-07-18T19:22:38.803+0200] {processor.py:161} INFO - Started process (PID=300697) to work on /home/richonlinux/Documents/GitHub/AirflowTuto/venv/lib/python3.10/site-packages/airflow/example_dags/example_branch_operator.py
[2024-07-18T19:22:38.804+0200] {processor.py:830} INFO - Processing file /home/richonlinux/Documents/GitHub/AirflowTuto/venv/lib/python3.10/site-packages/airflow/example_dags/example_branch_operator.py for tasks to queue
[2024-07-18T19:22:38.805+0200] {logging_mixin.py:188} INFO - [2024-07-18T19:22:38.805+0200] {dagbag.py:545} INFO - Filling up the DagBag from /home/richonlinux/Documents/GitHub/AirflowTuto/venv/lib/python3.10/site-packages/airflow/example_dags/example_branch_operator.py
[2024-07-18T19:22:38.807+0200] {processor.py:842} WARNING - No viable dags retrieved from /home/richonlinux/Documents/GitHub/AirflowTuto/venv/lib/python3.10/site-packages/airflow/example_dags/example_branch_operator.py
[2024-07-18T19:22:38.812+0200] {processor.py:183} INFO - Processing /home/richonlinux/Documents/GitHub/AirflowTuto/venv/lib/python3.10/site-packages/airflow/example_dags/example_branch_operator.py took 0.013 seconds
