[2024-07-18T18:16:27.916+0200] {processor.py:161} INFO - Started process (PID=258108) to work on /home/richonlinux/Documents/GitHub/AirflowTuto/venv/lib/python3.10/site-packages/airflow/example_dags/example_setup_teardown_taskflow.py
[2024-07-18T18:16:27.916+0200] {processor.py:830} INFO - Processing file /home/richonlinux/Documents/GitHub/AirflowTuto/venv/lib/python3.10/site-packages/airflow/example_dags/example_setup_teardown_taskflow.py for tasks to queue
[2024-07-18T18:16:27.917+0200] {logging_mixin.py:188} INFO - [2024-07-18T18:16:27.917+0200] {dagbag.py:545} INFO - Filling up the DagBag from /home/richonlinux/Documents/GitHub/AirflowTuto/venv/lib/python3.10/site-packages/airflow/example_dags/example_setup_teardown_taskflow.py
[2024-07-18T18:16:27.924+0200] {processor.py:840} INFO - DAG(s) 'example_setup_teardown_taskflow' retrieved from /home/richonlinux/Documents/GitHub/AirflowTuto/venv/lib/python3.10/site-packages/airflow/example_dags/example_setup_teardown_taskflow.py
[2024-07-18T18:16:27.984+0200] {logging_mixin.py:188} INFO - [2024-07-18T18:16:27.984+0200] {override.py:1858} INFO - Created Permission View: can edit on DAG:example_setup_teardown_taskflow
[2024-07-18T18:16:27.993+0200] {logging_mixin.py:188} INFO - [2024-07-18T18:16:27.992+0200] {override.py:1858} INFO - Created Permission View: can read on DAG:example_setup_teardown_taskflow
[2024-07-18T18:16:27.999+0200] {logging_mixin.py:188} INFO - [2024-07-18T18:16:27.999+0200] {override.py:1858} INFO - Created Permission View: can delete on DAG:example_setup_teardown_taskflow
[2024-07-18T18:16:27.999+0200] {logging_mixin.py:188} INFO - [2024-07-18T18:16:27.999+0200] {dag.py:3089} INFO - Sync 1 DAGs
[2024-07-18T18:16:28.005+0200] {logging_mixin.py:188} INFO - [2024-07-18T18:16:28.004+0200] {dag.py:3111} INFO - Creating ORM DAG for example_setup_teardown_taskflow
[2024-07-18T18:16:28.009+0200] {logging_mixin.py:188} INFO - [2024-07-18T18:16:28.009+0200] {dag.py:3947} INFO - Setting next_dagrun for example_setup_teardown_taskflow to 2024-07-17 00:00:00+00:00, run_after=2024-07-18 00:00:00+00:00
[2024-07-18T18:16:28.023+0200] {processor.py:183} INFO - Processing /home/richonlinux/Documents/GitHub/AirflowTuto/venv/lib/python3.10/site-packages/airflow/example_dags/example_setup_teardown_taskflow.py took 0.110 seconds
[2024-07-18T18:17:20.489+0200] {processor.py:161} INFO - Started process (PID=258969) to work on /home/richonlinux/Documents/GitHub/AirflowTuto/venv/lib/python3.10/site-packages/airflow/example_dags/example_setup_teardown_taskflow.py
[2024-07-18T18:17:20.493+0200] {processor.py:830} INFO - Processing file /home/richonlinux/Documents/GitHub/AirflowTuto/venv/lib/python3.10/site-packages/airflow/example_dags/example_setup_teardown_taskflow.py for tasks to queue
[2024-07-18T18:17:20.494+0200] {logging_mixin.py:188} INFO - [2024-07-18T18:17:20.494+0200] {dagbag.py:545} INFO - Filling up the DagBag from /home/richonlinux/Documents/GitHub/AirflowTuto/venv/lib/python3.10/site-packages/airflow/example_dags/example_setup_teardown_taskflow.py
[2024-07-18T18:17:20.499+0200] {processor.py:840} INFO - DAG(s) 'example_setup_teardown_taskflow' retrieved from /home/richonlinux/Documents/GitHub/AirflowTuto/venv/lib/python3.10/site-packages/airflow/example_dags/example_setup_teardown_taskflow.py
[2024-07-18T18:17:20.508+0200] {logging_mixin.py:188} INFO - [2024-07-18T18:17:20.508+0200] {dag.py:3089} INFO - Sync 1 DAGs
[2024-07-18T18:17:20.518+0200] {logging_mixin.py:188} INFO - [2024-07-18T18:17:20.518+0200] {dag.py:3947} INFO - Setting next_dagrun for example_setup_teardown_taskflow to 2024-07-17 00:00:00+00:00, run_after=2024-07-18 00:00:00+00:00
[2024-07-18T18:17:20.530+0200] {processor.py:183} INFO - Processing /home/richonlinux/Documents/GitHub/AirflowTuto/venv/lib/python3.10/site-packages/airflow/example_dags/example_setup_teardown_taskflow.py took 0.044 seconds
[2024-07-18T18:44:08.593+0200] {processor.py:161} INFO - Started process (PID=260178) to work on /home/richonlinux/Documents/GitHub/AirflowTuto/venv/lib/python3.10/site-packages/airflow/example_dags/example_setup_teardown_taskflow.py
[2024-07-18T18:44:08.597+0200] {processor.py:830} INFO - Processing file /home/richonlinux/Documents/GitHub/AirflowTuto/venv/lib/python3.10/site-packages/airflow/example_dags/example_setup_teardown_taskflow.py for tasks to queue
[2024-07-18T18:44:08.598+0200] {logging_mixin.py:188} INFO - [2024-07-18T18:44:08.598+0200] {dagbag.py:545} INFO - Filling up the DagBag from /home/richonlinux/Documents/GitHub/AirflowTuto/venv/lib/python3.10/site-packages/airflow/example_dags/example_setup_teardown_taskflow.py
[2024-07-18T18:44:08.605+0200] {processor.py:840} INFO - DAG(s) 'example_setup_teardown_taskflow' retrieved from /home/richonlinux/Documents/GitHub/AirflowTuto/venv/lib/python3.10/site-packages/airflow/example_dags/example_setup_teardown_taskflow.py
[2024-07-18T18:44:08.620+0200] {logging_mixin.py:188} INFO - [2024-07-18T18:44:08.619+0200] {dag.py:3089} INFO - Sync 1 DAGs
[2024-07-18T18:44:08.710+0200] {logging_mixin.py:188} INFO - [2024-07-18T18:44:08.710+0200] {dag.py:3947} INFO - Setting next_dagrun for example_setup_teardown_taskflow to 2024-07-17 00:00:00+00:00, run_after=2024-07-18 00:00:00+00:00
[2024-07-18T18:44:08.723+0200] {processor.py:183} INFO - Processing /home/richonlinux/Documents/GitHub/AirflowTuto/venv/lib/python3.10/site-packages/airflow/example_dags/example_setup_teardown_taskflow.py took 0.135 seconds
[2024-07-18T18:45:01.777+0200] {processor.py:161} INFO - Started process (PID=261276) to work on /home/richonlinux/Documents/GitHub/AirflowTuto/venv/lib/python3.10/site-packages/airflow/example_dags/example_setup_teardown_taskflow.py
[2024-07-18T18:45:01.777+0200] {processor.py:830} INFO - Processing file /home/richonlinux/Documents/GitHub/AirflowTuto/venv/lib/python3.10/site-packages/airflow/example_dags/example_setup_teardown_taskflow.py for tasks to queue
[2024-07-18T18:45:01.778+0200] {logging_mixin.py:188} INFO - [2024-07-18T18:45:01.778+0200] {dagbag.py:545} INFO - Filling up the DagBag from /home/richonlinux/Documents/GitHub/AirflowTuto/venv/lib/python3.10/site-packages/airflow/example_dags/example_setup_teardown_taskflow.py
[2024-07-18T18:45:01.785+0200] {processor.py:840} INFO - DAG(s) 'example_setup_teardown_taskflow' retrieved from /home/richonlinux/Documents/GitHub/AirflowTuto/venv/lib/python3.10/site-packages/airflow/example_dags/example_setup_teardown_taskflow.py
[2024-07-18T18:45:01.794+0200] {logging_mixin.py:188} INFO - [2024-07-18T18:45:01.794+0200] {dag.py:3089} INFO - Sync 1 DAGs
[2024-07-18T18:45:01.805+0200] {logging_mixin.py:188} INFO - [2024-07-18T18:45:01.805+0200] {dag.py:3947} INFO - Setting next_dagrun for example_setup_teardown_taskflow to 2024-07-17 00:00:00+00:00, run_after=2024-07-18 00:00:00+00:00
[2024-07-18T18:45:01.818+0200] {processor.py:183} INFO - Processing /home/richonlinux/Documents/GitHub/AirflowTuto/venv/lib/python3.10/site-packages/airflow/example_dags/example_setup_teardown_taskflow.py took 0.048 seconds
[2024-07-18T18:45:46.267+0200] {processor.py:161} INFO - Started process (PID=262022) to work on /home/richonlinux/Documents/GitHub/AirflowTuto/venv/lib/python3.10/site-packages/airflow/example_dags/example_setup_teardown_taskflow.py
[2024-07-18T18:45:46.271+0200] {processor.py:830} INFO - Processing file /home/richonlinux/Documents/GitHub/AirflowTuto/venv/lib/python3.10/site-packages/airflow/example_dags/example_setup_teardown_taskflow.py for tasks to queue
[2024-07-18T18:45:46.272+0200] {logging_mixin.py:188} INFO - [2024-07-18T18:45:46.272+0200] {dagbag.py:545} INFO - Filling up the DagBag from /home/richonlinux/Documents/GitHub/AirflowTuto/venv/lib/python3.10/site-packages/airflow/example_dags/example_setup_teardown_taskflow.py
[2024-07-18T18:45:46.281+0200] {processor.py:840} INFO - DAG(s) 'example_setup_teardown_taskflow' retrieved from /home/richonlinux/Documents/GitHub/AirflowTuto/venv/lib/python3.10/site-packages/airflow/example_dags/example_setup_teardown_taskflow.py
[2024-07-18T18:45:46.298+0200] {logging_mixin.py:188} INFO - [2024-07-18T18:45:46.297+0200] {dag.py:3089} INFO - Sync 1 DAGs
[2024-07-18T18:45:46.317+0200] {logging_mixin.py:188} INFO - [2024-07-18T18:45:46.317+0200] {dag.py:3947} INFO - Setting next_dagrun for example_setup_teardown_taskflow to 2024-07-17 00:00:00+00:00, run_after=2024-07-18 00:00:00+00:00
[2024-07-18T18:45:46.345+0200] {processor.py:183} INFO - Processing /home/richonlinux/Documents/GitHub/AirflowTuto/venv/lib/python3.10/site-packages/airflow/example_dags/example_setup_teardown_taskflow.py took 0.081 seconds
[2024-07-18T18:49:40.803+0200] {processor.py:161} INFO - Started process (PID=266298) to work on /home/richonlinux/Documents/GitHub/AirflowTuto/venv/lib/python3.10/site-packages/airflow/example_dags/example_setup_teardown_taskflow.py
[2024-07-18T18:49:40.803+0200] {processor.py:830} INFO - Processing file /home/richonlinux/Documents/GitHub/AirflowTuto/venv/lib/python3.10/site-packages/airflow/example_dags/example_setup_teardown_taskflow.py for tasks to queue
[2024-07-18T18:49:40.804+0200] {logging_mixin.py:188} INFO - [2024-07-18T18:49:40.804+0200] {dagbag.py:545} INFO - Filling up the DagBag from /home/richonlinux/Documents/GitHub/AirflowTuto/venv/lib/python3.10/site-packages/airflow/example_dags/example_setup_teardown_taskflow.py
[2024-07-18T18:49:40.811+0200] {processor.py:840} INFO - DAG(s) 'example_setup_teardown_taskflow' retrieved from /home/richonlinux/Documents/GitHub/AirflowTuto/venv/lib/python3.10/site-packages/airflow/example_dags/example_setup_teardown_taskflow.py
[2024-07-18T18:49:40.816+0200] {logging_mixin.py:188} INFO - [2024-07-18T18:49:40.816+0200] {dag.py:3089} INFO - Sync 1 DAGs
[2024-07-18T18:49:40.826+0200] {logging_mixin.py:188} INFO - [2024-07-18T18:49:40.826+0200] {dag.py:3947} INFO - Setting next_dagrun for example_setup_teardown_taskflow to 2024-07-17 00:00:00+00:00, run_after=2024-07-18 00:00:00+00:00
[2024-07-18T18:49:40.842+0200] {processor.py:183} INFO - Processing /home/richonlinux/Documents/GitHub/AirflowTuto/venv/lib/python3.10/site-packages/airflow/example_dags/example_setup_teardown_taskflow.py took 0.042 seconds
[2024-07-18T18:51:34.222+0200] {processor.py:161} INFO - Started process (PID=268510) to work on /home/richonlinux/Documents/GitHub/AirflowTuto/venv/lib/python3.10/site-packages/airflow/example_dags/example_setup_teardown_taskflow.py
[2024-07-18T18:51:34.224+0200] {processor.py:830} INFO - Processing file /home/richonlinux/Documents/GitHub/AirflowTuto/venv/lib/python3.10/site-packages/airflow/example_dags/example_setup_teardown_taskflow.py for tasks to queue
[2024-07-18T18:51:34.225+0200] {logging_mixin.py:188} INFO - [2024-07-18T18:51:34.225+0200] {dagbag.py:545} INFO - Filling up the DagBag from /home/richonlinux/Documents/GitHub/AirflowTuto/venv/lib/python3.10/site-packages/airflow/example_dags/example_setup_teardown_taskflow.py
[2024-07-18T18:51:34.233+0200] {processor.py:840} INFO - DAG(s) 'example_setup_teardown_taskflow' retrieved from /home/richonlinux/Documents/GitHub/AirflowTuto/venv/lib/python3.10/site-packages/airflow/example_dags/example_setup_teardown_taskflow.py
[2024-07-18T18:51:34.237+0200] {logging_mixin.py:188} INFO - [2024-07-18T18:51:34.237+0200] {dag.py:3089} INFO - Sync 1 DAGs
[2024-07-18T18:51:34.247+0200] {logging_mixin.py:188} INFO - [2024-07-18T18:51:34.247+0200] {dag.py:3947} INFO - Setting next_dagrun for example_setup_teardown_taskflow to 2024-07-17 00:00:00+00:00, run_after=2024-07-18 00:00:00+00:00
[2024-07-18T18:51:34.260+0200] {processor.py:183} INFO - Processing /home/richonlinux/Documents/GitHub/AirflowTuto/venv/lib/python3.10/site-packages/airflow/example_dags/example_setup_teardown_taskflow.py took 0.047 seconds
[2024-07-18T18:52:25.006+0200] {processor.py:161} INFO - Started process (PID=269331) to work on /home/richonlinux/Documents/GitHub/AirflowTuto/venv/lib/python3.10/site-packages/airflow/example_dags/example_setup_teardown_taskflow.py
[2024-07-18T18:52:25.010+0200] {processor.py:830} INFO - Processing file /home/richonlinux/Documents/GitHub/AirflowTuto/venv/lib/python3.10/site-packages/airflow/example_dags/example_setup_teardown_taskflow.py for tasks to queue
[2024-07-18T18:52:25.012+0200] {logging_mixin.py:188} INFO - [2024-07-18T18:52:25.012+0200] {dagbag.py:545} INFO - Filling up the DagBag from /home/richonlinux/Documents/GitHub/AirflowTuto/venv/lib/python3.10/site-packages/airflow/example_dags/example_setup_teardown_taskflow.py
[2024-07-18T18:52:25.021+0200] {processor.py:840} INFO - DAG(s) 'example_setup_teardown_taskflow' retrieved from /home/richonlinux/Documents/GitHub/AirflowTuto/venv/lib/python3.10/site-packages/airflow/example_dags/example_setup_teardown_taskflow.py
[2024-07-18T18:52:25.122+0200] {logging_mixin.py:188} INFO - [2024-07-18T18:52:25.122+0200] {dag.py:3089} INFO - Sync 1 DAGs
[2024-07-18T18:52:25.130+0200] {logging_mixin.py:188} INFO - [2024-07-18T18:52:25.129+0200] {dag.py:3947} INFO - Setting next_dagrun for example_setup_teardown_taskflow to 2024-07-17 00:00:00+00:00, run_after=2024-07-18 00:00:00+00:00
[2024-07-18T18:52:25.141+0200] {processor.py:183} INFO - Processing /home/richonlinux/Documents/GitHub/AirflowTuto/venv/lib/python3.10/site-packages/airflow/example_dags/example_setup_teardown_taskflow.py took 0.138 seconds
[2024-07-18T18:53:16.178+0200] {processor.py:161} INFO - Started process (PID=270788) to work on /home/richonlinux/Documents/GitHub/AirflowTuto/venv/lib/python3.10/site-packages/airflow/example_dags/example_setup_teardown_taskflow.py
[2024-07-18T18:53:16.179+0200] {processor.py:830} INFO - Processing file /home/richonlinux/Documents/GitHub/AirflowTuto/venv/lib/python3.10/site-packages/airflow/example_dags/example_setup_teardown_taskflow.py for tasks to queue
[2024-07-18T18:53:16.180+0200] {logging_mixin.py:188} INFO - [2024-07-18T18:53:16.180+0200] {dagbag.py:545} INFO - Filling up the DagBag from /home/richonlinux/Documents/GitHub/AirflowTuto/venv/lib/python3.10/site-packages/airflow/example_dags/example_setup_teardown_taskflow.py
[2024-07-18T18:53:16.185+0200] {processor.py:840} INFO - DAG(s) 'example_setup_teardown_taskflow' retrieved from /home/richonlinux/Documents/GitHub/AirflowTuto/venv/lib/python3.10/site-packages/airflow/example_dags/example_setup_teardown_taskflow.py
[2024-07-18T18:53:16.196+0200] {logging_mixin.py:188} INFO - [2024-07-18T18:53:16.196+0200] {dag.py:3089} INFO - Sync 1 DAGs
[2024-07-18T18:53:16.286+0200] {logging_mixin.py:188} INFO - [2024-07-18T18:53:16.286+0200] {dag.py:3947} INFO - Setting next_dagrun for example_setup_teardown_taskflow to 2024-07-17 00:00:00+00:00, run_after=2024-07-18 00:00:00+00:00
[2024-07-18T18:53:16.301+0200] {processor.py:183} INFO - Processing /home/richonlinux/Documents/GitHub/AirflowTuto/venv/lib/python3.10/site-packages/airflow/example_dags/example_setup_teardown_taskflow.py took 0.128 seconds
[2024-07-18T18:54:01.087+0200] {processor.py:161} INFO - Started process (PID=271791) to work on /home/richonlinux/Documents/GitHub/AirflowTuto/venv/lib/python3.10/site-packages/airflow/example_dags/example_setup_teardown_taskflow.py
[2024-07-18T18:54:01.088+0200] {processor.py:830} INFO - Processing file /home/richonlinux/Documents/GitHub/AirflowTuto/venv/lib/python3.10/site-packages/airflow/example_dags/example_setup_teardown_taskflow.py for tasks to queue
[2024-07-18T18:54:01.089+0200] {logging_mixin.py:188} INFO - [2024-07-18T18:54:01.089+0200] {dagbag.py:545} INFO - Filling up the DagBag from /home/richonlinux/Documents/GitHub/AirflowTuto/venv/lib/python3.10/site-packages/airflow/example_dags/example_setup_teardown_taskflow.py
[2024-07-18T18:54:01.094+0200] {processor.py:840} INFO - DAG(s) 'example_setup_teardown_taskflow' retrieved from /home/richonlinux/Documents/GitHub/AirflowTuto/venv/lib/python3.10/site-packages/airflow/example_dags/example_setup_teardown_taskflow.py
[2024-07-18T18:54:01.105+0200] {logging_mixin.py:188} INFO - [2024-07-18T18:54:01.105+0200] {dag.py:3089} INFO - Sync 1 DAGs
[2024-07-18T18:54:01.115+0200] {logging_mixin.py:188} INFO - [2024-07-18T18:54:01.115+0200] {dag.py:3947} INFO - Setting next_dagrun for example_setup_teardown_taskflow to 2024-07-17 00:00:00+00:00, run_after=2024-07-18 00:00:00+00:00
[2024-07-18T18:54:01.128+0200] {processor.py:183} INFO - Processing /home/richonlinux/Documents/GitHub/AirflowTuto/venv/lib/python3.10/site-packages/airflow/example_dags/example_setup_teardown_taskflow.py took 0.044 seconds
[2024-07-18T18:54:45.714+0200] {processor.py:161} INFO - Started process (PID=272538) to work on /home/richonlinux/Documents/GitHub/AirflowTuto/venv/lib/python3.10/site-packages/airflow/example_dags/example_setup_teardown_taskflow.py
[2024-07-18T18:54:45.716+0200] {processor.py:830} INFO - Processing file /home/richonlinux/Documents/GitHub/AirflowTuto/venv/lib/python3.10/site-packages/airflow/example_dags/example_setup_teardown_taskflow.py for tasks to queue
[2024-07-18T18:54:45.717+0200] {logging_mixin.py:188} INFO - [2024-07-18T18:54:45.717+0200] {dagbag.py:545} INFO - Filling up the DagBag from /home/richonlinux/Documents/GitHub/AirflowTuto/venv/lib/python3.10/site-packages/airflow/example_dags/example_setup_teardown_taskflow.py
[2024-07-18T18:54:45.725+0200] {processor.py:840} INFO - DAG(s) 'example_setup_teardown_taskflow' retrieved from /home/richonlinux/Documents/GitHub/AirflowTuto/venv/lib/python3.10/site-packages/airflow/example_dags/example_setup_teardown_taskflow.py
[2024-07-18T18:54:45.734+0200] {logging_mixin.py:188} INFO - [2024-07-18T18:54:45.734+0200] {dag.py:3089} INFO - Sync 1 DAGs
[2024-07-18T18:54:45.743+0200] {logging_mixin.py:188} INFO - [2024-07-18T18:54:45.743+0200] {dag.py:3947} INFO - Setting next_dagrun for example_setup_teardown_taskflow to 2024-07-17 00:00:00+00:00, run_after=2024-07-18 00:00:00+00:00
[2024-07-18T18:54:45.755+0200] {processor.py:183} INFO - Processing /home/richonlinux/Documents/GitHub/AirflowTuto/venv/lib/python3.10/site-packages/airflow/example_dags/example_setup_teardown_taskflow.py took 0.049 seconds
[2024-07-18T18:55:24.578+0200] {processor.py:161} INFO - Started process (PID=273180) to work on /home/richonlinux/Documents/GitHub/AirflowTuto/venv/lib/python3.10/site-packages/airflow/example_dags/example_setup_teardown_taskflow.py
[2024-07-18T18:55:24.583+0200] {processor.py:830} INFO - Processing file /home/richonlinux/Documents/GitHub/AirflowTuto/venv/lib/python3.10/site-packages/airflow/example_dags/example_setup_teardown_taskflow.py for tasks to queue
[2024-07-18T18:55:24.585+0200] {logging_mixin.py:188} INFO - [2024-07-18T18:55:24.585+0200] {dagbag.py:545} INFO - Filling up the DagBag from /home/richonlinux/Documents/GitHub/AirflowTuto/venv/lib/python3.10/site-packages/airflow/example_dags/example_setup_teardown_taskflow.py
[2024-07-18T18:55:24.594+0200] {processor.py:840} INFO - DAG(s) 'example_setup_teardown_taskflow' retrieved from /home/richonlinux/Documents/GitHub/AirflowTuto/venv/lib/python3.10/site-packages/airflow/example_dags/example_setup_teardown_taskflow.py
[2024-07-18T18:55:24.603+0200] {logging_mixin.py:188} INFO - [2024-07-18T18:55:24.603+0200] {dag.py:3089} INFO - Sync 1 DAGs
[2024-07-18T18:55:24.613+0200] {logging_mixin.py:188} INFO - [2024-07-18T18:55:24.612+0200] {dag.py:3947} INFO - Setting next_dagrun for example_setup_teardown_taskflow to 2024-07-17 00:00:00+00:00, run_after=2024-07-18 00:00:00+00:00
[2024-07-18T18:55:24.624+0200] {processor.py:183} INFO - Processing /home/richonlinux/Documents/GitHub/AirflowTuto/venv/lib/python3.10/site-packages/airflow/example_dags/example_setup_teardown_taskflow.py took 0.053 seconds
[2024-07-18T18:56:20.128+0200] {processor.py:161} INFO - Started process (PID=274094) to work on /home/richonlinux/Documents/GitHub/AirflowTuto/venv/lib/python3.10/site-packages/airflow/example_dags/example_setup_teardown_taskflow.py
[2024-07-18T18:56:20.129+0200] {processor.py:830} INFO - Processing file /home/richonlinux/Documents/GitHub/AirflowTuto/venv/lib/python3.10/site-packages/airflow/example_dags/example_setup_teardown_taskflow.py for tasks to queue
[2024-07-18T18:56:20.129+0200] {logging_mixin.py:188} INFO - [2024-07-18T18:56:20.129+0200] {dagbag.py:545} INFO - Filling up the DagBag from /home/richonlinux/Documents/GitHub/AirflowTuto/venv/lib/python3.10/site-packages/airflow/example_dags/example_setup_teardown_taskflow.py
[2024-07-18T18:56:20.136+0200] {processor.py:840} INFO - DAG(s) 'example_setup_teardown_taskflow' retrieved from /home/richonlinux/Documents/GitHub/AirflowTuto/venv/lib/python3.10/site-packages/airflow/example_dags/example_setup_teardown_taskflow.py
[2024-07-18T18:56:20.146+0200] {logging_mixin.py:188} INFO - [2024-07-18T18:56:20.146+0200] {dag.py:3089} INFO - Sync 1 DAGs
[2024-07-18T18:56:20.158+0200] {logging_mixin.py:188} INFO - [2024-07-18T18:56:20.158+0200] {dag.py:3947} INFO - Setting next_dagrun for example_setup_teardown_taskflow to 2024-07-17 00:00:00+00:00, run_after=2024-07-18 00:00:00+00:00
[2024-07-18T18:56:20.171+0200] {processor.py:183} INFO - Processing /home/richonlinux/Documents/GitHub/AirflowTuto/venv/lib/python3.10/site-packages/airflow/example_dags/example_setup_teardown_taskflow.py took 0.046 seconds
[2024-07-18T18:57:02.562+0200] {processor.py:161} INFO - Started process (PID=274843) to work on /home/richonlinux/Documents/GitHub/AirflowTuto/venv/lib/python3.10/site-packages/airflow/example_dags/example_setup_teardown_taskflow.py
[2024-07-18T18:57:02.563+0200] {processor.py:830} INFO - Processing file /home/richonlinux/Documents/GitHub/AirflowTuto/venv/lib/python3.10/site-packages/airflow/example_dags/example_setup_teardown_taskflow.py for tasks to queue
[2024-07-18T18:57:02.564+0200] {logging_mixin.py:188} INFO - [2024-07-18T18:57:02.564+0200] {dagbag.py:545} INFO - Filling up the DagBag from /home/richonlinux/Documents/GitHub/AirflowTuto/venv/lib/python3.10/site-packages/airflow/example_dags/example_setup_teardown_taskflow.py
[2024-07-18T18:57:02.570+0200] {processor.py:840} INFO - DAG(s) 'example_setup_teardown_taskflow' retrieved from /home/richonlinux/Documents/GitHub/AirflowTuto/venv/lib/python3.10/site-packages/airflow/example_dags/example_setup_teardown_taskflow.py
[2024-07-18T18:57:02.579+0200] {logging_mixin.py:188} INFO - [2024-07-18T18:57:02.579+0200] {dag.py:3089} INFO - Sync 1 DAGs
[2024-07-18T18:57:02.590+0200] {logging_mixin.py:188} INFO - [2024-07-18T18:57:02.590+0200] {dag.py:3947} INFO - Setting next_dagrun for example_setup_teardown_taskflow to 2024-07-17 00:00:00+00:00, run_after=2024-07-18 00:00:00+00:00
[2024-07-18T18:57:02.603+0200] {processor.py:183} INFO - Processing /home/richonlinux/Documents/GitHub/AirflowTuto/venv/lib/python3.10/site-packages/airflow/example_dags/example_setup_teardown_taskflow.py took 0.045 seconds
[2024-07-18T18:58:01.546+0200] {processor.py:161} INFO - Started process (PID=275749) to work on /home/richonlinux/Documents/GitHub/AirflowTuto/venv/lib/python3.10/site-packages/airflow/example_dags/example_setup_teardown_taskflow.py
[2024-07-18T18:58:01.547+0200] {processor.py:830} INFO - Processing file /home/richonlinux/Documents/GitHub/AirflowTuto/venv/lib/python3.10/site-packages/airflow/example_dags/example_setup_teardown_taskflow.py for tasks to queue
[2024-07-18T18:58:01.548+0200] {logging_mixin.py:188} INFO - [2024-07-18T18:58:01.548+0200] {dagbag.py:545} INFO - Filling up the DagBag from /home/richonlinux/Documents/GitHub/AirflowTuto/venv/lib/python3.10/site-packages/airflow/example_dags/example_setup_teardown_taskflow.py
[2024-07-18T18:58:01.555+0200] {processor.py:840} INFO - DAG(s) 'example_setup_teardown_taskflow' retrieved from /home/richonlinux/Documents/GitHub/AirflowTuto/venv/lib/python3.10/site-packages/airflow/example_dags/example_setup_teardown_taskflow.py
[2024-07-18T18:58:01.564+0200] {logging_mixin.py:188} INFO - [2024-07-18T18:58:01.564+0200] {dag.py:3089} INFO - Sync 1 DAGs
[2024-07-18T18:58:01.574+0200] {logging_mixin.py:188} INFO - [2024-07-18T18:58:01.574+0200] {dag.py:3947} INFO - Setting next_dagrun for example_setup_teardown_taskflow to 2024-07-17 00:00:00+00:00, run_after=2024-07-18 00:00:00+00:00
[2024-07-18T18:58:01.586+0200] {processor.py:183} INFO - Processing /home/richonlinux/Documents/GitHub/AirflowTuto/venv/lib/python3.10/site-packages/airflow/example_dags/example_setup_teardown_taskflow.py took 0.045 seconds
[2024-07-18T18:58:42.940+0200] {processor.py:161} INFO - Started process (PID=276429) to work on /home/richonlinux/Documents/GitHub/AirflowTuto/venv/lib/python3.10/site-packages/airflow/example_dags/example_setup_teardown_taskflow.py
[2024-07-18T18:58:42.944+0200] {processor.py:830} INFO - Processing file /home/richonlinux/Documents/GitHub/AirflowTuto/venv/lib/python3.10/site-packages/airflow/example_dags/example_setup_teardown_taskflow.py for tasks to queue
[2024-07-18T18:58:42.945+0200] {logging_mixin.py:188} INFO - [2024-07-18T18:58:42.945+0200] {dagbag.py:545} INFO - Filling up the DagBag from /home/richonlinux/Documents/GitHub/AirflowTuto/venv/lib/python3.10/site-packages/airflow/example_dags/example_setup_teardown_taskflow.py
[2024-07-18T18:58:42.951+0200] {processor.py:840} INFO - DAG(s) 'example_setup_teardown_taskflow' retrieved from /home/richonlinux/Documents/GitHub/AirflowTuto/venv/lib/python3.10/site-packages/airflow/example_dags/example_setup_teardown_taskflow.py
[2024-07-18T18:58:42.961+0200] {logging_mixin.py:188} INFO - [2024-07-18T18:58:42.961+0200] {dag.py:3089} INFO - Sync 1 DAGs
[2024-07-18T18:58:42.971+0200] {logging_mixin.py:188} INFO - [2024-07-18T18:58:42.971+0200] {dag.py:3947} INFO - Setting next_dagrun for example_setup_teardown_taskflow to 2024-07-17 00:00:00+00:00, run_after=2024-07-18 00:00:00+00:00
[2024-07-18T18:58:42.987+0200] {processor.py:183} INFO - Processing /home/richonlinux/Documents/GitHub/AirflowTuto/venv/lib/python3.10/site-packages/airflow/example_dags/example_setup_teardown_taskflow.py took 0.050 seconds
[2024-07-18T18:59:22.597+0200] {processor.py:161} INFO - Started process (PID=277213) to work on /home/richonlinux/Documents/GitHub/AirflowTuto/venv/lib/python3.10/site-packages/airflow/example_dags/example_setup_teardown_taskflow.py
[2024-07-18T18:59:22.598+0200] {processor.py:830} INFO - Processing file /home/richonlinux/Documents/GitHub/AirflowTuto/venv/lib/python3.10/site-packages/airflow/example_dags/example_setup_teardown_taskflow.py for tasks to queue
[2024-07-18T18:59:22.600+0200] {logging_mixin.py:188} INFO - [2024-07-18T18:59:22.600+0200] {dagbag.py:545} INFO - Filling up the DagBag from /home/richonlinux/Documents/GitHub/AirflowTuto/venv/lib/python3.10/site-packages/airflow/example_dags/example_setup_teardown_taskflow.py
[2024-07-18T18:59:22.607+0200] {processor.py:840} INFO - DAG(s) 'example_setup_teardown_taskflow' retrieved from /home/richonlinux/Documents/GitHub/AirflowTuto/venv/lib/python3.10/site-packages/airflow/example_dags/example_setup_teardown_taskflow.py
[2024-07-18T18:59:22.616+0200] {logging_mixin.py:188} INFO - [2024-07-18T18:59:22.616+0200] {dag.py:3089} INFO - Sync 1 DAGs
[2024-07-18T18:59:22.626+0200] {logging_mixin.py:188} INFO - [2024-07-18T18:59:22.626+0200] {dag.py:3947} INFO - Setting next_dagrun for example_setup_teardown_taskflow to 2024-07-17 00:00:00+00:00, run_after=2024-07-18 00:00:00+00:00
[2024-07-18T18:59:22.638+0200] {processor.py:183} INFO - Processing /home/richonlinux/Documents/GitHub/AirflowTuto/venv/lib/python3.10/site-packages/airflow/example_dags/example_setup_teardown_taskflow.py took 0.050 seconds
[2024-07-18T19:00:04.046+0200] {processor.py:161} INFO - Started process (PID=277926) to work on /home/richonlinux/Documents/GitHub/AirflowTuto/venv/lib/python3.10/site-packages/airflow/example_dags/example_setup_teardown_taskflow.py
[2024-07-18T19:00:04.047+0200] {processor.py:830} INFO - Processing file /home/richonlinux/Documents/GitHub/AirflowTuto/venv/lib/python3.10/site-packages/airflow/example_dags/example_setup_teardown_taskflow.py for tasks to queue
[2024-07-18T19:00:04.049+0200] {logging_mixin.py:188} INFO - [2024-07-18T19:00:04.049+0200] {dagbag.py:545} INFO - Filling up the DagBag from /home/richonlinux/Documents/GitHub/AirflowTuto/venv/lib/python3.10/site-packages/airflow/example_dags/example_setup_teardown_taskflow.py
[2024-07-18T19:00:04.057+0200] {processor.py:840} INFO - DAG(s) 'example_setup_teardown_taskflow' retrieved from /home/richonlinux/Documents/GitHub/AirflowTuto/venv/lib/python3.10/site-packages/airflow/example_dags/example_setup_teardown_taskflow.py
[2024-07-18T19:00:04.066+0200] {logging_mixin.py:188} INFO - [2024-07-18T19:00:04.066+0200] {dag.py:3089} INFO - Sync 1 DAGs
[2024-07-18T19:00:04.075+0200] {logging_mixin.py:188} INFO - [2024-07-18T19:00:04.075+0200] {dag.py:3947} INFO - Setting next_dagrun for example_setup_teardown_taskflow to 2024-07-17 00:00:00+00:00, run_after=2024-07-18 00:00:00+00:00
[2024-07-18T19:00:04.087+0200] {processor.py:183} INFO - Processing /home/richonlinux/Documents/GitHub/AirflowTuto/venv/lib/python3.10/site-packages/airflow/example_dags/example_setup_teardown_taskflow.py took 0.049 seconds
[2024-07-18T19:00:46.667+0200] {processor.py:161} INFO - Started process (PID=278809) to work on /home/richonlinux/Documents/GitHub/AirflowTuto/venv/lib/python3.10/site-packages/airflow/example_dags/example_setup_teardown_taskflow.py
[2024-07-18T19:00:46.668+0200] {processor.py:830} INFO - Processing file /home/richonlinux/Documents/GitHub/AirflowTuto/venv/lib/python3.10/site-packages/airflow/example_dags/example_setup_teardown_taskflow.py for tasks to queue
[2024-07-18T19:00:46.669+0200] {logging_mixin.py:188} INFO - [2024-07-18T19:00:46.668+0200] {dagbag.py:545} INFO - Filling up the DagBag from /home/richonlinux/Documents/GitHub/AirflowTuto/venv/lib/python3.10/site-packages/airflow/example_dags/example_setup_teardown_taskflow.py
[2024-07-18T19:00:46.676+0200] {processor.py:840} INFO - DAG(s) 'example_setup_teardown_taskflow' retrieved from /home/richonlinux/Documents/GitHub/AirflowTuto/venv/lib/python3.10/site-packages/airflow/example_dags/example_setup_teardown_taskflow.py
[2024-07-18T19:00:46.685+0200] {logging_mixin.py:188} INFO - [2024-07-18T19:00:46.685+0200] {dag.py:3089} INFO - Sync 1 DAGs
[2024-07-18T19:00:46.694+0200] {logging_mixin.py:188} INFO - [2024-07-18T19:00:46.694+0200] {dag.py:3947} INFO - Setting next_dagrun for example_setup_teardown_taskflow to 2024-07-17 00:00:00+00:00, run_after=2024-07-18 00:00:00+00:00
[2024-07-18T19:00:46.706+0200] {processor.py:183} INFO - Processing /home/richonlinux/Documents/GitHub/AirflowTuto/venv/lib/python3.10/site-packages/airflow/example_dags/example_setup_teardown_taskflow.py took 0.044 seconds
[2024-07-18T19:01:44.306+0200] {processor.py:161} INFO - Started process (PID=279966) to work on /home/richonlinux/Documents/GitHub/AirflowTuto/venv/lib/python3.10/site-packages/airflow/example_dags/example_setup_teardown_taskflow.py
[2024-07-18T19:01:44.307+0200] {processor.py:830} INFO - Processing file /home/richonlinux/Documents/GitHub/AirflowTuto/venv/lib/python3.10/site-packages/airflow/example_dags/example_setup_teardown_taskflow.py for tasks to queue
[2024-07-18T19:01:44.308+0200] {logging_mixin.py:188} INFO - [2024-07-18T19:01:44.307+0200] {dagbag.py:545} INFO - Filling up the DagBag from /home/richonlinux/Documents/GitHub/AirflowTuto/venv/lib/python3.10/site-packages/airflow/example_dags/example_setup_teardown_taskflow.py
[2024-07-18T19:01:44.314+0200] {processor.py:840} INFO - DAG(s) 'example_setup_teardown_taskflow' retrieved from /home/richonlinux/Documents/GitHub/AirflowTuto/venv/lib/python3.10/site-packages/airflow/example_dags/example_setup_teardown_taskflow.py
[2024-07-18T19:01:44.323+0200] {logging_mixin.py:188} INFO - [2024-07-18T19:01:44.323+0200] {dag.py:3089} INFO - Sync 1 DAGs
[2024-07-18T19:01:44.333+0200] {logging_mixin.py:188} INFO - [2024-07-18T19:01:44.332+0200] {dag.py:3947} INFO - Setting next_dagrun for example_setup_teardown_taskflow to 2024-07-17 00:00:00+00:00, run_after=2024-07-18 00:00:00+00:00
[2024-07-18T19:01:44.344+0200] {processor.py:183} INFO - Processing /home/richonlinux/Documents/GitHub/AirflowTuto/venv/lib/python3.10/site-packages/airflow/example_dags/example_setup_teardown_taskflow.py took 0.043 seconds
[2024-07-18T19:02:42.109+0200] {processor.py:161} INFO - Started process (PID=280941) to work on /home/richonlinux/Documents/GitHub/AirflowTuto/venv/lib/python3.10/site-packages/airflow/example_dags/example_setup_teardown_taskflow.py
[2024-07-18T19:02:42.110+0200] {processor.py:830} INFO - Processing file /home/richonlinux/Documents/GitHub/AirflowTuto/venv/lib/python3.10/site-packages/airflow/example_dags/example_setup_teardown_taskflow.py for tasks to queue
[2024-07-18T19:02:42.111+0200] {logging_mixin.py:188} INFO - [2024-07-18T19:02:42.111+0200] {dagbag.py:545} INFO - Filling up the DagBag from /home/richonlinux/Documents/GitHub/AirflowTuto/venv/lib/python3.10/site-packages/airflow/example_dags/example_setup_teardown_taskflow.py
[2024-07-18T19:02:42.118+0200] {processor.py:840} INFO - DAG(s) 'example_setup_teardown_taskflow' retrieved from /home/richonlinux/Documents/GitHub/AirflowTuto/venv/lib/python3.10/site-packages/airflow/example_dags/example_setup_teardown_taskflow.py
[2024-07-18T19:02:42.127+0200] {logging_mixin.py:188} INFO - [2024-07-18T19:02:42.127+0200] {dag.py:3089} INFO - Sync 1 DAGs
[2024-07-18T19:02:42.136+0200] {logging_mixin.py:188} INFO - [2024-07-18T19:02:42.136+0200] {dag.py:3947} INFO - Setting next_dagrun for example_setup_teardown_taskflow to 2024-07-17 00:00:00+00:00, run_after=2024-07-18 00:00:00+00:00
[2024-07-18T19:02:42.149+0200] {processor.py:183} INFO - Processing /home/richonlinux/Documents/GitHub/AirflowTuto/venv/lib/python3.10/site-packages/airflow/example_dags/example_setup_teardown_taskflow.py took 0.049 seconds
[2024-07-18T19:03:23.255+0200] {processor.py:161} INFO - Started process (PID=281610) to work on /home/richonlinux/Documents/GitHub/AirflowTuto/venv/lib/python3.10/site-packages/airflow/example_dags/example_setup_teardown_taskflow.py
[2024-07-18T19:03:23.256+0200] {processor.py:830} INFO - Processing file /home/richonlinux/Documents/GitHub/AirflowTuto/venv/lib/python3.10/site-packages/airflow/example_dags/example_setup_teardown_taskflow.py for tasks to queue
[2024-07-18T19:03:23.258+0200] {logging_mixin.py:188} INFO - [2024-07-18T19:03:23.257+0200] {dagbag.py:545} INFO - Filling up the DagBag from /home/richonlinux/Documents/GitHub/AirflowTuto/venv/lib/python3.10/site-packages/airflow/example_dags/example_setup_teardown_taskflow.py
[2024-07-18T19:03:23.265+0200] {processor.py:840} INFO - DAG(s) 'example_setup_teardown_taskflow' retrieved from /home/richonlinux/Documents/GitHub/AirflowTuto/venv/lib/python3.10/site-packages/airflow/example_dags/example_setup_teardown_taskflow.py
[2024-07-18T19:03:23.274+0200] {logging_mixin.py:188} INFO - [2024-07-18T19:03:23.274+0200] {dag.py:3089} INFO - Sync 1 DAGs
[2024-07-18T19:03:23.284+0200] {logging_mixin.py:188} INFO - [2024-07-18T19:03:23.283+0200] {dag.py:3947} INFO - Setting next_dagrun for example_setup_teardown_taskflow to 2024-07-17 00:00:00+00:00, run_after=2024-07-18 00:00:00+00:00
[2024-07-18T19:03:23.295+0200] {processor.py:183} INFO - Processing /home/richonlinux/Documents/GitHub/AirflowTuto/venv/lib/python3.10/site-packages/airflow/example_dags/example_setup_teardown_taskflow.py took 0.050 seconds
[2024-07-18T19:04:04.876+0200] {processor.py:161} INFO - Started process (PID=282258) to work on /home/richonlinux/Documents/GitHub/AirflowTuto/venv/lib/python3.10/site-packages/airflow/example_dags/example_setup_teardown_taskflow.py
[2024-07-18T19:04:04.877+0200] {processor.py:830} INFO - Processing file /home/richonlinux/Documents/GitHub/AirflowTuto/venv/lib/python3.10/site-packages/airflow/example_dags/example_setup_teardown_taskflow.py for tasks to queue
[2024-07-18T19:04:04.880+0200] {logging_mixin.py:188} INFO - [2024-07-18T19:04:04.879+0200] {dagbag.py:545} INFO - Filling up the DagBag from /home/richonlinux/Documents/GitHub/AirflowTuto/venv/lib/python3.10/site-packages/airflow/example_dags/example_setup_teardown_taskflow.py
[2024-07-18T19:04:04.886+0200] {processor.py:840} INFO - DAG(s) 'example_setup_teardown_taskflow' retrieved from /home/richonlinux/Documents/GitHub/AirflowTuto/venv/lib/python3.10/site-packages/airflow/example_dags/example_setup_teardown_taskflow.py
[2024-07-18T19:04:04.896+0200] {logging_mixin.py:188} INFO - [2024-07-18T19:04:04.896+0200] {dag.py:3089} INFO - Sync 1 DAGs
[2024-07-18T19:04:04.906+0200] {logging_mixin.py:188} INFO - [2024-07-18T19:04:04.906+0200] {dag.py:3947} INFO - Setting next_dagrun for example_setup_teardown_taskflow to 2024-07-17 00:00:00+00:00, run_after=2024-07-18 00:00:00+00:00
[2024-07-18T19:04:04.918+0200] {processor.py:183} INFO - Processing /home/richonlinux/Documents/GitHub/AirflowTuto/venv/lib/python3.10/site-packages/airflow/example_dags/example_setup_teardown_taskflow.py took 0.051 seconds
[2024-07-18T19:05:03.162+0200] {processor.py:161} INFO - Started process (PID=283186) to work on /home/richonlinux/Documents/GitHub/AirflowTuto/venv/lib/python3.10/site-packages/airflow/example_dags/example_setup_teardown_taskflow.py
[2024-07-18T19:05:03.163+0200] {processor.py:830} INFO - Processing file /home/richonlinux/Documents/GitHub/AirflowTuto/venv/lib/python3.10/site-packages/airflow/example_dags/example_setup_teardown_taskflow.py for tasks to queue
[2024-07-18T19:05:03.165+0200] {logging_mixin.py:188} INFO - [2024-07-18T19:05:03.165+0200] {dagbag.py:545} INFO - Filling up the DagBag from /home/richonlinux/Documents/GitHub/AirflowTuto/venv/lib/python3.10/site-packages/airflow/example_dags/example_setup_teardown_taskflow.py
[2024-07-18T19:05:03.172+0200] {processor.py:840} INFO - DAG(s) 'example_setup_teardown_taskflow' retrieved from /home/richonlinux/Documents/GitHub/AirflowTuto/venv/lib/python3.10/site-packages/airflow/example_dags/example_setup_teardown_taskflow.py
[2024-07-18T19:05:03.181+0200] {logging_mixin.py:188} INFO - [2024-07-18T19:05:03.180+0200] {dag.py:3089} INFO - Sync 1 DAGs
[2024-07-18T19:05:03.190+0200] {logging_mixin.py:188} INFO - [2024-07-18T19:05:03.190+0200] {dag.py:3947} INFO - Setting next_dagrun for example_setup_teardown_taskflow to 2024-07-17 00:00:00+00:00, run_after=2024-07-18 00:00:00+00:00
[2024-07-18T19:05:03.202+0200] {processor.py:183} INFO - Processing /home/richonlinux/Documents/GitHub/AirflowTuto/venv/lib/python3.10/site-packages/airflow/example_dags/example_setup_teardown_taskflow.py took 0.048 seconds
[2024-07-18T19:05:59.644+0200] {processor.py:161} INFO - Started process (PID=284240) to work on /home/richonlinux/Documents/GitHub/AirflowTuto/venv/lib/python3.10/site-packages/airflow/example_dags/example_setup_teardown_taskflow.py
[2024-07-18T19:05:59.645+0200] {processor.py:830} INFO - Processing file /home/richonlinux/Documents/GitHub/AirflowTuto/venv/lib/python3.10/site-packages/airflow/example_dags/example_setup_teardown_taskflow.py for tasks to queue
[2024-07-18T19:05:59.646+0200] {logging_mixin.py:188} INFO - [2024-07-18T19:05:59.646+0200] {dagbag.py:545} INFO - Filling up the DagBag from /home/richonlinux/Documents/GitHub/AirflowTuto/venv/lib/python3.10/site-packages/airflow/example_dags/example_setup_teardown_taskflow.py
[2024-07-18T19:05:59.652+0200] {processor.py:840} INFO - DAG(s) 'example_setup_teardown_taskflow' retrieved from /home/richonlinux/Documents/GitHub/AirflowTuto/venv/lib/python3.10/site-packages/airflow/example_dags/example_setup_teardown_taskflow.py
[2024-07-18T19:05:59.663+0200] {logging_mixin.py:188} INFO - [2024-07-18T19:05:59.663+0200] {dag.py:3089} INFO - Sync 1 DAGs
[2024-07-18T19:05:59.676+0200] {logging_mixin.py:188} INFO - [2024-07-18T19:05:59.676+0200] {dag.py:3947} INFO - Setting next_dagrun for example_setup_teardown_taskflow to 2024-07-17 00:00:00+00:00, run_after=2024-07-18 00:00:00+00:00
[2024-07-18T19:05:59.691+0200] {processor.py:183} INFO - Processing /home/richonlinux/Documents/GitHub/AirflowTuto/venv/lib/python3.10/site-packages/airflow/example_dags/example_setup_teardown_taskflow.py took 0.053 seconds
[2024-07-18T19:06:58.203+0200] {processor.py:161} INFO - Started process (PID=285237) to work on /home/richonlinux/Documents/GitHub/AirflowTuto/venv/lib/python3.10/site-packages/airflow/example_dags/example_setup_teardown_taskflow.py
[2024-07-18T19:06:58.207+0200] {processor.py:830} INFO - Processing file /home/richonlinux/Documents/GitHub/AirflowTuto/venv/lib/python3.10/site-packages/airflow/example_dags/example_setup_teardown_taskflow.py for tasks to queue
[2024-07-18T19:06:58.208+0200] {logging_mixin.py:188} INFO - [2024-07-18T19:06:58.208+0200] {dagbag.py:545} INFO - Filling up the DagBag from /home/richonlinux/Documents/GitHub/AirflowTuto/venv/lib/python3.10/site-packages/airflow/example_dags/example_setup_teardown_taskflow.py
[2024-07-18T19:06:58.213+0200] {processor.py:840} INFO - DAG(s) 'example_setup_teardown_taskflow' retrieved from /home/richonlinux/Documents/GitHub/AirflowTuto/venv/lib/python3.10/site-packages/airflow/example_dags/example_setup_teardown_taskflow.py
[2024-07-18T19:06:58.222+0200] {logging_mixin.py:188} INFO - [2024-07-18T19:06:58.222+0200] {dag.py:3089} INFO - Sync 1 DAGs
[2024-07-18T19:06:58.231+0200] {logging_mixin.py:188} INFO - [2024-07-18T19:06:58.231+0200] {dag.py:3947} INFO - Setting next_dagrun for example_setup_teardown_taskflow to 2024-07-17 00:00:00+00:00, run_after=2024-07-18 00:00:00+00:00
[2024-07-18T19:06:58.245+0200] {processor.py:183} INFO - Processing /home/richonlinux/Documents/GitHub/AirflowTuto/venv/lib/python3.10/site-packages/airflow/example_dags/example_setup_teardown_taskflow.py took 0.047 seconds
[2024-07-18T19:07:38.498+0200] {processor.py:161} INFO - Started process (PID=285904) to work on /home/richonlinux/Documents/GitHub/AirflowTuto/venv/lib/python3.10/site-packages/airflow/example_dags/example_setup_teardown_taskflow.py
[2024-07-18T19:07:38.499+0200] {processor.py:830} INFO - Processing file /home/richonlinux/Documents/GitHub/AirflowTuto/venv/lib/python3.10/site-packages/airflow/example_dags/example_setup_teardown_taskflow.py for tasks to queue
[2024-07-18T19:07:38.500+0200] {logging_mixin.py:188} INFO - [2024-07-18T19:07:38.500+0200] {dagbag.py:545} INFO - Filling up the DagBag from /home/richonlinux/Documents/GitHub/AirflowTuto/venv/lib/python3.10/site-packages/airflow/example_dags/example_setup_teardown_taskflow.py
[2024-07-18T19:07:38.505+0200] {processor.py:840} INFO - DAG(s) 'example_setup_teardown_taskflow' retrieved from /home/richonlinux/Documents/GitHub/AirflowTuto/venv/lib/python3.10/site-packages/airflow/example_dags/example_setup_teardown_taskflow.py
[2024-07-18T19:07:38.517+0200] {logging_mixin.py:188} INFO - [2024-07-18T19:07:38.517+0200] {dag.py:3089} INFO - Sync 1 DAGs
[2024-07-18T19:07:38.530+0200] {logging_mixin.py:188} INFO - [2024-07-18T19:07:38.530+0200] {dag.py:3947} INFO - Setting next_dagrun for example_setup_teardown_taskflow to 2024-07-17 00:00:00+00:00, run_after=2024-07-18 00:00:00+00:00
[2024-07-18T19:07:38.547+0200] {processor.py:183} INFO - Processing /home/richonlinux/Documents/GitHub/AirflowTuto/venv/lib/python3.10/site-packages/airflow/example_dags/example_setup_teardown_taskflow.py took 0.052 seconds
[2024-07-18T19:08:37.610+0200] {processor.py:161} INFO - Started process (PID=286897) to work on /home/richonlinux/Documents/GitHub/AirflowTuto/venv/lib/python3.10/site-packages/airflow/example_dags/example_setup_teardown_taskflow.py
[2024-07-18T19:08:37.610+0200] {processor.py:830} INFO - Processing file /home/richonlinux/Documents/GitHub/AirflowTuto/venv/lib/python3.10/site-packages/airflow/example_dags/example_setup_teardown_taskflow.py for tasks to queue
[2024-07-18T19:08:37.611+0200] {logging_mixin.py:188} INFO - [2024-07-18T19:08:37.611+0200] {dagbag.py:545} INFO - Filling up the DagBag from /home/richonlinux/Documents/GitHub/AirflowTuto/venv/lib/python3.10/site-packages/airflow/example_dags/example_setup_teardown_taskflow.py
[2024-07-18T19:08:37.616+0200] {processor.py:840} INFO - DAG(s) 'example_setup_teardown_taskflow' retrieved from /home/richonlinux/Documents/GitHub/AirflowTuto/venv/lib/python3.10/site-packages/airflow/example_dags/example_setup_teardown_taskflow.py
[2024-07-18T19:08:37.626+0200] {logging_mixin.py:188} INFO - [2024-07-18T19:08:37.626+0200] {dag.py:3089} INFO - Sync 1 DAGs
[2024-07-18T19:08:37.638+0200] {logging_mixin.py:188} INFO - [2024-07-18T19:08:37.638+0200] {dag.py:3947} INFO - Setting next_dagrun for example_setup_teardown_taskflow to 2024-07-17 00:00:00+00:00, run_after=2024-07-18 00:00:00+00:00
[2024-07-18T19:08:37.653+0200] {processor.py:183} INFO - Processing /home/richonlinux/Documents/GitHub/AirflowTuto/venv/lib/python3.10/site-packages/airflow/example_dags/example_setup_teardown_taskflow.py took 0.046 seconds
[2024-07-18T19:09:35.172+0200] {processor.py:161} INFO - Started process (PID=287831) to work on /home/richonlinux/Documents/GitHub/AirflowTuto/venv/lib/python3.10/site-packages/airflow/example_dags/example_setup_teardown_taskflow.py
[2024-07-18T19:09:35.173+0200] {processor.py:830} INFO - Processing file /home/richonlinux/Documents/GitHub/AirflowTuto/venv/lib/python3.10/site-packages/airflow/example_dags/example_setup_teardown_taskflow.py for tasks to queue
[2024-07-18T19:09:35.174+0200] {logging_mixin.py:188} INFO - [2024-07-18T19:09:35.174+0200] {dagbag.py:545} INFO - Filling up the DagBag from /home/richonlinux/Documents/GitHub/AirflowTuto/venv/lib/python3.10/site-packages/airflow/example_dags/example_setup_teardown_taskflow.py
[2024-07-18T19:09:35.180+0200] {processor.py:840} INFO - DAG(s) 'example_setup_teardown_taskflow' retrieved from /home/richonlinux/Documents/GitHub/AirflowTuto/venv/lib/python3.10/site-packages/airflow/example_dags/example_setup_teardown_taskflow.py
[2024-07-18T19:09:35.192+0200] {logging_mixin.py:188} INFO - [2024-07-18T19:09:35.192+0200] {dag.py:3089} INFO - Sync 1 DAGs
[2024-07-18T19:09:35.207+0200] {logging_mixin.py:188} INFO - [2024-07-18T19:09:35.206+0200] {dag.py:3947} INFO - Setting next_dagrun for example_setup_teardown_taskflow to 2024-07-17 00:00:00+00:00, run_after=2024-07-18 00:00:00+00:00
[2024-07-18T19:09:35.222+0200] {processor.py:183} INFO - Processing /home/richonlinux/Documents/GitHub/AirflowTuto/venv/lib/python3.10/site-packages/airflow/example_dags/example_setup_teardown_taskflow.py took 0.053 seconds
[2024-07-18T19:10:31.958+0200] {processor.py:161} INFO - Started process (PID=288754) to work on /home/richonlinux/Documents/GitHub/AirflowTuto/venv/lib/python3.10/site-packages/airflow/example_dags/example_setup_teardown_taskflow.py
[2024-07-18T19:10:31.959+0200] {processor.py:830} INFO - Processing file /home/richonlinux/Documents/GitHub/AirflowTuto/venv/lib/python3.10/site-packages/airflow/example_dags/example_setup_teardown_taskflow.py for tasks to queue
[2024-07-18T19:10:31.960+0200] {logging_mixin.py:188} INFO - [2024-07-18T19:10:31.960+0200] {dagbag.py:545} INFO - Filling up the DagBag from /home/richonlinux/Documents/GitHub/AirflowTuto/venv/lib/python3.10/site-packages/airflow/example_dags/example_setup_teardown_taskflow.py
[2024-07-18T19:10:31.966+0200] {processor.py:840} INFO - DAG(s) 'example_setup_teardown_taskflow' retrieved from /home/richonlinux/Documents/GitHub/AirflowTuto/venv/lib/python3.10/site-packages/airflow/example_dags/example_setup_teardown_taskflow.py
[2024-07-18T19:10:31.977+0200] {logging_mixin.py:188} INFO - [2024-07-18T19:10:31.977+0200] {dag.py:3089} INFO - Sync 1 DAGs
[2024-07-18T19:10:31.987+0200] {logging_mixin.py:188} INFO - [2024-07-18T19:10:31.987+0200] {dag.py:3947} INFO - Setting next_dagrun for example_setup_teardown_taskflow to 2024-07-17 00:00:00+00:00, run_after=2024-07-18 00:00:00+00:00
[2024-07-18T19:10:32.002+0200] {processor.py:183} INFO - Processing /home/richonlinux/Documents/GitHub/AirflowTuto/venv/lib/python3.10/site-packages/airflow/example_dags/example_setup_teardown_taskflow.py took 0.047 seconds
[2024-07-18T19:11:27.627+0200] {processor.py:161} INFO - Started process (PID=289724) to work on /home/richonlinux/Documents/GitHub/AirflowTuto/venv/lib/python3.10/site-packages/airflow/example_dags/example_setup_teardown_taskflow.py
[2024-07-18T19:11:27.628+0200] {processor.py:830} INFO - Processing file /home/richonlinux/Documents/GitHub/AirflowTuto/venv/lib/python3.10/site-packages/airflow/example_dags/example_setup_teardown_taskflow.py for tasks to queue
[2024-07-18T19:11:27.629+0200] {logging_mixin.py:188} INFO - [2024-07-18T19:11:27.629+0200] {dagbag.py:545} INFO - Filling up the DagBag from /home/richonlinux/Documents/GitHub/AirflowTuto/venv/lib/python3.10/site-packages/airflow/example_dags/example_setup_teardown_taskflow.py
[2024-07-18T19:11:27.635+0200] {processor.py:840} INFO - DAG(s) 'example_setup_teardown_taskflow' retrieved from /home/richonlinux/Documents/GitHub/AirflowTuto/venv/lib/python3.10/site-packages/airflow/example_dags/example_setup_teardown_taskflow.py
[2024-07-18T19:11:27.645+0200] {logging_mixin.py:188} INFO - [2024-07-18T19:11:27.645+0200] {dag.py:3089} INFO - Sync 1 DAGs
[2024-07-18T19:11:27.656+0200] {logging_mixin.py:188} INFO - [2024-07-18T19:11:27.656+0200] {dag.py:3947} INFO - Setting next_dagrun for example_setup_teardown_taskflow to 2024-07-17 00:00:00+00:00, run_after=2024-07-18 00:00:00+00:00
[2024-07-18T19:11:27.669+0200] {processor.py:183} INFO - Processing /home/richonlinux/Documents/GitHub/AirflowTuto/venv/lib/python3.10/site-packages/airflow/example_dags/example_setup_teardown_taskflow.py took 0.050 seconds
[2024-07-18T19:12:23.384+0200] {processor.py:161} INFO - Started process (PID=290624) to work on /home/richonlinux/Documents/GitHub/AirflowTuto/venv/lib/python3.10/site-packages/airflow/example_dags/example_setup_teardown_taskflow.py
[2024-07-18T19:12:23.388+0200] {processor.py:830} INFO - Processing file /home/richonlinux/Documents/GitHub/AirflowTuto/venv/lib/python3.10/site-packages/airflow/example_dags/example_setup_teardown_taskflow.py for tasks to queue
[2024-07-18T19:12:23.389+0200] {logging_mixin.py:188} INFO - [2024-07-18T19:12:23.389+0200] {dagbag.py:545} INFO - Filling up the DagBag from /home/richonlinux/Documents/GitHub/AirflowTuto/venv/lib/python3.10/site-packages/airflow/example_dags/example_setup_teardown_taskflow.py
[2024-07-18T19:12:23.395+0200] {processor.py:840} INFO - DAG(s) 'example_setup_teardown_taskflow' retrieved from /home/richonlinux/Documents/GitHub/AirflowTuto/venv/lib/python3.10/site-packages/airflow/example_dags/example_setup_teardown_taskflow.py
[2024-07-18T19:12:23.405+0200] {logging_mixin.py:188} INFO - [2024-07-18T19:12:23.405+0200] {dag.py:3089} INFO - Sync 1 DAGs
[2024-07-18T19:12:23.416+0200] {logging_mixin.py:188} INFO - [2024-07-18T19:12:23.415+0200] {dag.py:3947} INFO - Setting next_dagrun for example_setup_teardown_taskflow to 2024-07-17 00:00:00+00:00, run_after=2024-07-18 00:00:00+00:00
[2024-07-18T19:12:23.430+0200] {processor.py:183} INFO - Processing /home/richonlinux/Documents/GitHub/AirflowTuto/venv/lib/python3.10/site-packages/airflow/example_dags/example_setup_teardown_taskflow.py took 0.050 seconds
[2024-07-18T19:13:21.432+0200] {processor.py:161} INFO - Started process (PID=291560) to work on /home/richonlinux/Documents/GitHub/AirflowTuto/venv/lib/python3.10/site-packages/airflow/example_dags/example_setup_teardown_taskflow.py
[2024-07-18T19:13:21.433+0200] {processor.py:830} INFO - Processing file /home/richonlinux/Documents/GitHub/AirflowTuto/venv/lib/python3.10/site-packages/airflow/example_dags/example_setup_teardown_taskflow.py for tasks to queue
[2024-07-18T19:13:21.435+0200] {logging_mixin.py:188} INFO - [2024-07-18T19:13:21.435+0200] {dagbag.py:545} INFO - Filling up the DagBag from /home/richonlinux/Documents/GitHub/AirflowTuto/venv/lib/python3.10/site-packages/airflow/example_dags/example_setup_teardown_taskflow.py
[2024-07-18T19:13:21.443+0200] {processor.py:840} INFO - DAG(s) 'example_setup_teardown_taskflow' retrieved from /home/richonlinux/Documents/GitHub/AirflowTuto/venv/lib/python3.10/site-packages/airflow/example_dags/example_setup_teardown_taskflow.py
[2024-07-18T19:13:21.452+0200] {logging_mixin.py:188} INFO - [2024-07-18T19:13:21.452+0200] {dag.py:3089} INFO - Sync 1 DAGs
[2024-07-18T19:13:21.462+0200] {logging_mixin.py:188} INFO - [2024-07-18T19:13:21.462+0200] {dag.py:3947} INFO - Setting next_dagrun for example_setup_teardown_taskflow to 2024-07-17 00:00:00+00:00, run_after=2024-07-18 00:00:00+00:00
[2024-07-18T19:13:21.475+0200] {processor.py:183} INFO - Processing /home/richonlinux/Documents/GitHub/AirflowTuto/venv/lib/python3.10/site-packages/airflow/example_dags/example_setup_teardown_taskflow.py took 0.047 seconds
[2024-07-18T19:14:18.722+0200] {processor.py:161} INFO - Started process (PID=292488) to work on /home/richonlinux/Documents/GitHub/AirflowTuto/venv/lib/python3.10/site-packages/airflow/example_dags/example_setup_teardown_taskflow.py
[2024-07-18T19:14:18.723+0200] {processor.py:830} INFO - Processing file /home/richonlinux/Documents/GitHub/AirflowTuto/venv/lib/python3.10/site-packages/airflow/example_dags/example_setup_teardown_taskflow.py for tasks to queue
[2024-07-18T19:14:18.724+0200] {logging_mixin.py:188} INFO - [2024-07-18T19:14:18.724+0200] {dagbag.py:545} INFO - Filling up the DagBag from /home/richonlinux/Documents/GitHub/AirflowTuto/venv/lib/python3.10/site-packages/airflow/example_dags/example_setup_teardown_taskflow.py
[2024-07-18T19:14:18.731+0200] {processor.py:840} INFO - DAG(s) 'example_setup_teardown_taskflow' retrieved from /home/richonlinux/Documents/GitHub/AirflowTuto/venv/lib/python3.10/site-packages/airflow/example_dags/example_setup_teardown_taskflow.py
[2024-07-18T19:14:18.743+0200] {logging_mixin.py:188} INFO - [2024-07-18T19:14:18.743+0200] {dag.py:3089} INFO - Sync 1 DAGs
[2024-07-18T19:14:18.755+0200] {logging_mixin.py:188} INFO - [2024-07-18T19:14:18.755+0200] {dag.py:3947} INFO - Setting next_dagrun for example_setup_teardown_taskflow to 2024-07-17 00:00:00+00:00, run_after=2024-07-18 00:00:00+00:00
[2024-07-18T19:14:18.767+0200] {processor.py:183} INFO - Processing /home/richonlinux/Documents/GitHub/AirflowTuto/venv/lib/python3.10/site-packages/airflow/example_dags/example_setup_teardown_taskflow.py took 0.049 seconds
[2024-07-18T19:14:59.547+0200] {processor.py:161} INFO - Started process (PID=293094) to work on /home/richonlinux/Documents/GitHub/AirflowTuto/venv/lib/python3.10/site-packages/airflow/example_dags/example_setup_teardown_taskflow.py
[2024-07-18T19:14:59.547+0200] {processor.py:830} INFO - Processing file /home/richonlinux/Documents/GitHub/AirflowTuto/venv/lib/python3.10/site-packages/airflow/example_dags/example_setup_teardown_taskflow.py for tasks to queue
[2024-07-18T19:14:59.549+0200] {logging_mixin.py:188} INFO - [2024-07-18T19:14:59.548+0200] {dagbag.py:545} INFO - Filling up the DagBag from /home/richonlinux/Documents/GitHub/AirflowTuto/venv/lib/python3.10/site-packages/airflow/example_dags/example_setup_teardown_taskflow.py
[2024-07-18T19:14:59.553+0200] {processor.py:840} INFO - DAG(s) 'example_setup_teardown_taskflow' retrieved from /home/richonlinux/Documents/GitHub/AirflowTuto/venv/lib/python3.10/site-packages/airflow/example_dags/example_setup_teardown_taskflow.py
[2024-07-18T19:14:59.564+0200] {logging_mixin.py:188} INFO - [2024-07-18T19:14:59.564+0200] {dag.py:3089} INFO - Sync 1 DAGs
[2024-07-18T19:14:59.575+0200] {logging_mixin.py:188} INFO - [2024-07-18T19:14:59.575+0200] {dag.py:3947} INFO - Setting next_dagrun for example_setup_teardown_taskflow to 2024-07-17 00:00:00+00:00, run_after=2024-07-18 00:00:00+00:00
[2024-07-18T19:14:59.588+0200] {processor.py:183} INFO - Processing /home/richonlinux/Documents/GitHub/AirflowTuto/venv/lib/python3.10/site-packages/airflow/example_dags/example_setup_teardown_taskflow.py took 0.045 seconds
[2024-07-18T19:15:40.943+0200] {processor.py:161} INFO - Started process (PID=293755) to work on /home/richonlinux/Documents/GitHub/AirflowTuto/venv/lib/python3.10/site-packages/airflow/example_dags/example_setup_teardown_taskflow.py
[2024-07-18T19:15:40.944+0200] {processor.py:830} INFO - Processing file /home/richonlinux/Documents/GitHub/AirflowTuto/venv/lib/python3.10/site-packages/airflow/example_dags/example_setup_teardown_taskflow.py for tasks to queue
[2024-07-18T19:15:40.945+0200] {logging_mixin.py:188} INFO - [2024-07-18T19:15:40.945+0200] {dagbag.py:545} INFO - Filling up the DagBag from /home/richonlinux/Documents/GitHub/AirflowTuto/venv/lib/python3.10/site-packages/airflow/example_dags/example_setup_teardown_taskflow.py
[2024-07-18T19:15:40.953+0200] {processor.py:840} INFO - DAG(s) 'example_setup_teardown_taskflow' retrieved from /home/richonlinux/Documents/GitHub/AirflowTuto/venv/lib/python3.10/site-packages/airflow/example_dags/example_setup_teardown_taskflow.py
[2024-07-18T19:15:40.966+0200] {logging_mixin.py:188} INFO - [2024-07-18T19:15:40.966+0200] {dag.py:3089} INFO - Sync 1 DAGs
[2024-07-18T19:15:40.977+0200] {logging_mixin.py:188} INFO - [2024-07-18T19:15:40.977+0200] {dag.py:3947} INFO - Setting next_dagrun for example_setup_teardown_taskflow to 2024-07-17 00:00:00+00:00, run_after=2024-07-18 00:00:00+00:00
[2024-07-18T19:15:40.991+0200] {processor.py:183} INFO - Processing /home/richonlinux/Documents/GitHub/AirflowTuto/venv/lib/python3.10/site-packages/airflow/example_dags/example_setup_teardown_taskflow.py took 0.051 seconds
[2024-07-18T19:16:19.386+0200] {processor.py:161} INFO - Started process (PID=294398) to work on /home/richonlinux/Documents/GitHub/AirflowTuto/venv/lib/python3.10/site-packages/airflow/example_dags/example_setup_teardown_taskflow.py
[2024-07-18T19:16:19.390+0200] {processor.py:830} INFO - Processing file /home/richonlinux/Documents/GitHub/AirflowTuto/venv/lib/python3.10/site-packages/airflow/example_dags/example_setup_teardown_taskflow.py for tasks to queue
[2024-07-18T19:16:19.390+0200] {logging_mixin.py:188} INFO - [2024-07-18T19:16:19.390+0200] {dagbag.py:545} INFO - Filling up the DagBag from /home/richonlinux/Documents/GitHub/AirflowTuto/venv/lib/python3.10/site-packages/airflow/example_dags/example_setup_teardown_taskflow.py
[2024-07-18T19:16:19.396+0200] {processor.py:840} INFO - DAG(s) 'example_setup_teardown_taskflow' retrieved from /home/richonlinux/Documents/GitHub/AirflowTuto/venv/lib/python3.10/site-packages/airflow/example_dags/example_setup_teardown_taskflow.py
[2024-07-18T19:16:19.407+0200] {logging_mixin.py:188} INFO - [2024-07-18T19:16:19.407+0200] {dag.py:3089} INFO - Sync 1 DAGs
[2024-07-18T19:16:19.418+0200] {logging_mixin.py:188} INFO - [2024-07-18T19:16:19.418+0200] {dag.py:3947} INFO - Setting next_dagrun for example_setup_teardown_taskflow to 2024-07-17 00:00:00+00:00, run_after=2024-07-18 00:00:00+00:00
[2024-07-18T19:16:19.432+0200] {processor.py:183} INFO - Processing /home/richonlinux/Documents/GitHub/AirflowTuto/venv/lib/python3.10/site-packages/airflow/example_dags/example_setup_teardown_taskflow.py took 0.049 seconds
[2024-07-18T19:17:17.117+0200] {processor.py:161} INFO - Started process (PID=295332) to work on /home/richonlinux/Documents/GitHub/AirflowTuto/venv/lib/python3.10/site-packages/airflow/example_dags/example_setup_teardown_taskflow.py
[2024-07-18T19:17:17.117+0200] {processor.py:830} INFO - Processing file /home/richonlinux/Documents/GitHub/AirflowTuto/venv/lib/python3.10/site-packages/airflow/example_dags/example_setup_teardown_taskflow.py for tasks to queue
[2024-07-18T19:17:17.118+0200] {logging_mixin.py:188} INFO - [2024-07-18T19:17:17.118+0200] {dagbag.py:545} INFO - Filling up the DagBag from /home/richonlinux/Documents/GitHub/AirflowTuto/venv/lib/python3.10/site-packages/airflow/example_dags/example_setup_teardown_taskflow.py
[2024-07-18T19:17:17.123+0200] {processor.py:840} INFO - DAG(s) 'example_setup_teardown_taskflow' retrieved from /home/richonlinux/Documents/GitHub/AirflowTuto/venv/lib/python3.10/site-packages/airflow/example_dags/example_setup_teardown_taskflow.py
[2024-07-18T19:17:17.133+0200] {logging_mixin.py:188} INFO - [2024-07-18T19:17:17.132+0200] {dag.py:3089} INFO - Sync 1 DAGs
[2024-07-18T19:17:17.142+0200] {logging_mixin.py:188} INFO - [2024-07-18T19:17:17.142+0200] {dag.py:3947} INFO - Setting next_dagrun for example_setup_teardown_taskflow to 2024-07-17 00:00:00+00:00, run_after=2024-07-18 00:00:00+00:00
[2024-07-18T19:17:17.155+0200] {processor.py:183} INFO - Processing /home/richonlinux/Documents/GitHub/AirflowTuto/venv/lib/python3.10/site-packages/airflow/example_dags/example_setup_teardown_taskflow.py took 0.042 seconds
[2024-07-18T19:18:15.645+0200] {processor.py:161} INFO - Started process (PID=296269) to work on /home/richonlinux/Documents/GitHub/AirflowTuto/venv/lib/python3.10/site-packages/airflow/example_dags/example_setup_teardown_taskflow.py
[2024-07-18T19:18:15.645+0200] {processor.py:830} INFO - Processing file /home/richonlinux/Documents/GitHub/AirflowTuto/venv/lib/python3.10/site-packages/airflow/example_dags/example_setup_teardown_taskflow.py for tasks to queue
[2024-07-18T19:18:15.646+0200] {logging_mixin.py:188} INFO - [2024-07-18T19:18:15.646+0200] {dagbag.py:545} INFO - Filling up the DagBag from /home/richonlinux/Documents/GitHub/AirflowTuto/venv/lib/python3.10/site-packages/airflow/example_dags/example_setup_teardown_taskflow.py
[2024-07-18T19:18:15.653+0200] {processor.py:840} INFO - DAG(s) 'example_setup_teardown_taskflow' retrieved from /home/richonlinux/Documents/GitHub/AirflowTuto/venv/lib/python3.10/site-packages/airflow/example_dags/example_setup_teardown_taskflow.py
[2024-07-18T19:18:15.668+0200] {logging_mixin.py:188} INFO - [2024-07-18T19:18:15.668+0200] {dag.py:3089} INFO - Sync 1 DAGs
[2024-07-18T19:18:15.681+0200] {logging_mixin.py:188} INFO - [2024-07-18T19:18:15.681+0200] {dag.py:3947} INFO - Setting next_dagrun for example_setup_teardown_taskflow to 2024-07-17 00:00:00+00:00, run_after=2024-07-18 00:00:00+00:00
[2024-07-18T19:18:15.695+0200] {processor.py:183} INFO - Processing /home/richonlinux/Documents/GitHub/AirflowTuto/venv/lib/python3.10/site-packages/airflow/example_dags/example_setup_teardown_taskflow.py took 0.055 seconds
[2024-07-18T19:18:57.244+0200] {processor.py:161} INFO - Started process (PID=296988) to work on /home/richonlinux/Documents/GitHub/AirflowTuto/venv/lib/python3.10/site-packages/airflow/example_dags/example_setup_teardown_taskflow.py
[2024-07-18T19:18:57.245+0200] {processor.py:830} INFO - Processing file /home/richonlinux/Documents/GitHub/AirflowTuto/venv/lib/python3.10/site-packages/airflow/example_dags/example_setup_teardown_taskflow.py for tasks to queue
[2024-07-18T19:18:57.246+0200] {logging_mixin.py:188} INFO - [2024-07-18T19:18:57.246+0200] {dagbag.py:545} INFO - Filling up the DagBag from /home/richonlinux/Documents/GitHub/AirflowTuto/venv/lib/python3.10/site-packages/airflow/example_dags/example_setup_teardown_taskflow.py
[2024-07-18T19:18:57.254+0200] {processor.py:840} INFO - DAG(s) 'example_setup_teardown_taskflow' retrieved from /home/richonlinux/Documents/GitHub/AirflowTuto/venv/lib/python3.10/site-packages/airflow/example_dags/example_setup_teardown_taskflow.py
[2024-07-18T19:18:57.265+0200] {logging_mixin.py:188} INFO - [2024-07-18T19:18:57.265+0200] {dag.py:3089} INFO - Sync 1 DAGs
[2024-07-18T19:18:57.279+0200] {logging_mixin.py:188} INFO - [2024-07-18T19:18:57.279+0200] {dag.py:3947} INFO - Setting next_dagrun for example_setup_teardown_taskflow to 2024-07-17 00:00:00+00:00, run_after=2024-07-18 00:00:00+00:00
[2024-07-18T19:18:57.295+0200] {processor.py:183} INFO - Processing /home/richonlinux/Documents/GitHub/AirflowTuto/venv/lib/python3.10/site-packages/airflow/example_dags/example_setup_teardown_taskflow.py took 0.055 seconds
[2024-07-18T19:19:53.840+0200] {processor.py:161} INFO - Started process (PID=297900) to work on /home/richonlinux/Documents/GitHub/AirflowTuto/venv/lib/python3.10/site-packages/airflow/example_dags/example_setup_teardown_taskflow.py
[2024-07-18T19:19:53.841+0200] {processor.py:830} INFO - Processing file /home/richonlinux/Documents/GitHub/AirflowTuto/venv/lib/python3.10/site-packages/airflow/example_dags/example_setup_teardown_taskflow.py for tasks to queue
[2024-07-18T19:19:53.842+0200] {logging_mixin.py:188} INFO - [2024-07-18T19:19:53.842+0200] {dagbag.py:545} INFO - Filling up the DagBag from /home/richonlinux/Documents/GitHub/AirflowTuto/venv/lib/python3.10/site-packages/airflow/example_dags/example_setup_teardown_taskflow.py
[2024-07-18T19:19:53.848+0200] {processor.py:840} INFO - DAG(s) 'example_setup_teardown_taskflow' retrieved from /home/richonlinux/Documents/GitHub/AirflowTuto/venv/lib/python3.10/site-packages/airflow/example_dags/example_setup_teardown_taskflow.py
[2024-07-18T19:19:53.858+0200] {logging_mixin.py:188} INFO - [2024-07-18T19:19:53.858+0200] {dag.py:3089} INFO - Sync 1 DAGs
[2024-07-18T19:19:53.870+0200] {logging_mixin.py:188} INFO - [2024-07-18T19:19:53.869+0200] {dag.py:3947} INFO - Setting next_dagrun for example_setup_teardown_taskflow to 2024-07-17 00:00:00+00:00, run_after=2024-07-18 00:00:00+00:00
[2024-07-18T19:19:53.883+0200] {processor.py:183} INFO - Processing /home/richonlinux/Documents/GitHub/AirflowTuto/venv/lib/python3.10/site-packages/airflow/example_dags/example_setup_teardown_taskflow.py took 0.046 seconds
[2024-07-18T19:20:54.324+0200] {processor.py:161} INFO - Started process (PID=298890) to work on /home/richonlinux/Documents/GitHub/AirflowTuto/venv/lib/python3.10/site-packages/airflow/example_dags/example_setup_teardown_taskflow.py
[2024-07-18T19:20:54.325+0200] {processor.py:830} INFO - Processing file /home/richonlinux/Documents/GitHub/AirflowTuto/venv/lib/python3.10/site-packages/airflow/example_dags/example_setup_teardown_taskflow.py for tasks to queue
[2024-07-18T19:20:54.326+0200] {logging_mixin.py:188} INFO - [2024-07-18T19:20:54.326+0200] {dagbag.py:545} INFO - Filling up the DagBag from /home/richonlinux/Documents/GitHub/AirflowTuto/venv/lib/python3.10/site-packages/airflow/example_dags/example_setup_teardown_taskflow.py
[2024-07-18T19:20:54.331+0200] {processor.py:840} INFO - DAG(s) 'example_setup_teardown_taskflow' retrieved from /home/richonlinux/Documents/GitHub/AirflowTuto/venv/lib/python3.10/site-packages/airflow/example_dags/example_setup_teardown_taskflow.py
[2024-07-18T19:20:54.341+0200] {logging_mixin.py:188} INFO - [2024-07-18T19:20:54.341+0200] {dag.py:3089} INFO - Sync 1 DAGs
[2024-07-18T19:20:54.352+0200] {logging_mixin.py:188} INFO - [2024-07-18T19:20:54.352+0200] {dag.py:3947} INFO - Setting next_dagrun for example_setup_teardown_taskflow to 2024-07-17 00:00:00+00:00, run_after=2024-07-18 00:00:00+00:00
[2024-07-18T19:20:54.365+0200] {processor.py:183} INFO - Processing /home/richonlinux/Documents/GitHub/AirflowTuto/venv/lib/python3.10/site-packages/airflow/example_dags/example_setup_teardown_taskflow.py took 0.044 seconds
[2024-07-18T19:21:35.165+0200] {processor.py:161} INFO - Started process (PID=299645) to work on /home/richonlinux/Documents/GitHub/AirflowTuto/venv/lib/python3.10/site-packages/airflow/example_dags/example_setup_teardown_taskflow.py
[2024-07-18T19:21:35.166+0200] {processor.py:830} INFO - Processing file /home/richonlinux/Documents/GitHub/AirflowTuto/venv/lib/python3.10/site-packages/airflow/example_dags/example_setup_teardown_taskflow.py for tasks to queue
[2024-07-18T19:21:35.167+0200] {logging_mixin.py:188} INFO - [2024-07-18T19:21:35.167+0200] {dagbag.py:545} INFO - Filling up the DagBag from /home/richonlinux/Documents/GitHub/AirflowTuto/venv/lib/python3.10/site-packages/airflow/example_dags/example_setup_teardown_taskflow.py
[2024-07-18T19:21:35.174+0200] {processor.py:840} INFO - DAG(s) 'example_setup_teardown_taskflow' retrieved from /home/richonlinux/Documents/GitHub/AirflowTuto/venv/lib/python3.10/site-packages/airflow/example_dags/example_setup_teardown_taskflow.py
[2024-07-18T19:21:35.185+0200] {logging_mixin.py:188} INFO - [2024-07-18T19:21:35.185+0200] {dag.py:3089} INFO - Sync 1 DAGs
[2024-07-18T19:21:35.197+0200] {logging_mixin.py:188} INFO - [2024-07-18T19:21:35.197+0200] {dag.py:3947} INFO - Setting next_dagrun for example_setup_teardown_taskflow to 2024-07-17 00:00:00+00:00, run_after=2024-07-18 00:00:00+00:00
[2024-07-18T19:21:35.210+0200] {processor.py:183} INFO - Processing /home/richonlinux/Documents/GitHub/AirflowTuto/venv/lib/python3.10/site-packages/airflow/example_dags/example_setup_teardown_taskflow.py took 0.049 seconds
[2024-07-18T19:22:14.506+0200] {processor.py:161} INFO - Started process (PID=300223) to work on /home/richonlinux/Documents/GitHub/AirflowTuto/venv/lib/python3.10/site-packages/airflow/example_dags/example_setup_teardown_taskflow.py
[2024-07-18T19:22:14.507+0200] {processor.py:830} INFO - Processing file /home/richonlinux/Documents/GitHub/AirflowTuto/venv/lib/python3.10/site-packages/airflow/example_dags/example_setup_teardown_taskflow.py for tasks to queue
[2024-07-18T19:22:14.508+0200] {logging_mixin.py:188} INFO - [2024-07-18T19:22:14.508+0200] {dagbag.py:545} INFO - Filling up the DagBag from /home/richonlinux/Documents/GitHub/AirflowTuto/venv/lib/python3.10/site-packages/airflow/example_dags/example_setup_teardown_taskflow.py
[2024-07-18T19:22:14.514+0200] {processor.py:840} INFO - DAG(s) 'example_setup_teardown_taskflow' retrieved from /home/richonlinux/Documents/GitHub/AirflowTuto/venv/lib/python3.10/site-packages/airflow/example_dags/example_setup_teardown_taskflow.py
[2024-07-18T19:22:14.524+0200] {logging_mixin.py:188} INFO - [2024-07-18T19:22:14.524+0200] {dag.py:3089} INFO - Sync 1 DAGs
[2024-07-18T19:22:14.536+0200] {logging_mixin.py:188} INFO - [2024-07-18T19:22:14.536+0200] {dag.py:3947} INFO - Setting next_dagrun for example_setup_teardown_taskflow to 2024-07-17 00:00:00+00:00, run_after=2024-07-18 00:00:00+00:00
[2024-07-18T19:22:14.548+0200] {processor.py:183} INFO - Processing /home/richonlinux/Documents/GitHub/AirflowTuto/venv/lib/python3.10/site-packages/airflow/example_dags/example_setup_teardown_taskflow.py took 0.049 seconds
