[2024-07-18T18:16:40.914+0200] {processor.py:161} INFO - Started process (PID=258305) to work on /home/richonlinux/Documents/GitHub/AirflowTuto/venv/lib/python3.10/site-packages/airflow/example_dags/example_xcomargs.py
[2024-07-18T18:16:40.915+0200] {processor.py:830} INFO - Processing file /home/richonlinux/Documents/GitHub/AirflowTuto/venv/lib/python3.10/site-packages/airflow/example_dags/example_xcomargs.py for tasks to queue
[2024-07-18T18:16:40.917+0200] {logging_mixin.py:188} INFO - [2024-07-18T18:16:40.917+0200] {dagbag.py:545} INFO - Filling up the DagBag from /home/richonlinux/Documents/GitHub/AirflowTuto/venv/lib/python3.10/site-packages/airflow/example_dags/example_xcomargs.py
[2024-07-18T18:16:40.924+0200] {processor.py:840} INFO - DAG(s) 'example_xcom_args_with_operators', 'example_xcom_args' retrieved from /home/richonlinux/Documents/GitHub/AirflowTuto/venv/lib/python3.10/site-packages/airflow/example_dags/example_xcomargs.py
[2024-07-18T18:16:40.980+0200] {logging_mixin.py:188} INFO - [2024-07-18T18:16:40.979+0200] {override.py:1858} INFO - Created Permission View: can edit on DAG:example_xcom_args_with_operators
[2024-07-18T18:16:40.988+0200] {logging_mixin.py:188} INFO - [2024-07-18T18:16:40.988+0200] {override.py:1858} INFO - Created Permission View: can read on DAG:example_xcom_args_with_operators
[2024-07-18T18:16:40.994+0200] {logging_mixin.py:188} INFO - [2024-07-18T18:16:40.994+0200] {override.py:1858} INFO - Created Permission View: can delete on DAG:example_xcom_args_with_operators
[2024-07-18T18:16:41.007+0200] {logging_mixin.py:188} INFO - [2024-07-18T18:16:41.007+0200] {override.py:1858} INFO - Created Permission View: can edit on DAG:example_xcom_args
[2024-07-18T18:16:41.013+0200] {logging_mixin.py:188} INFO - [2024-07-18T18:16:41.012+0200] {override.py:1858} INFO - Created Permission View: can read on DAG:example_xcom_args
[2024-07-18T18:16:41.018+0200] {logging_mixin.py:188} INFO - [2024-07-18T18:16:41.018+0200] {override.py:1858} INFO - Created Permission View: can delete on DAG:example_xcom_args
[2024-07-18T18:16:41.019+0200] {logging_mixin.py:188} INFO - [2024-07-18T18:16:41.018+0200] {dag.py:3089} INFO - Sync 2 DAGs
[2024-07-18T18:16:41.025+0200] {logging_mixin.py:188} INFO - [2024-07-18T18:16:41.024+0200] {dag.py:3111} INFO - Creating ORM DAG for example_xcom_args
[2024-07-18T18:16:41.025+0200] {logging_mixin.py:188} INFO - [2024-07-18T18:16:41.025+0200] {dag.py:3111} INFO - Creating ORM DAG for example_xcom_args_with_operators
[2024-07-18T18:16:41.025+0200] {logging_mixin.py:188} INFO - [2024-07-18T18:16:41.025+0200] {dag.py:3947} INFO - Setting next_dagrun for example_xcom_args to None, run_after=None
[2024-07-18T18:16:41.026+0200] {logging_mixin.py:188} INFO - [2024-07-18T18:16:41.026+0200] {dag.py:3947} INFO - Setting next_dagrun for example_xcom_args_with_operators to None, run_after=None
[2024-07-18T18:16:41.038+0200] {processor.py:183} INFO - Processing /home/richonlinux/Documents/GitHub/AirflowTuto/venv/lib/python3.10/site-packages/airflow/example_dags/example_xcomargs.py took 0.131 seconds
[2024-07-18T18:17:32.647+0200] {processor.py:161} INFO - Started process (PID=259143) to work on /home/richonlinux/Documents/GitHub/AirflowTuto/venv/lib/python3.10/site-packages/airflow/example_dags/example_xcomargs.py
[2024-07-18T18:17:32.648+0200] {processor.py:830} INFO - Processing file /home/richonlinux/Documents/GitHub/AirflowTuto/venv/lib/python3.10/site-packages/airflow/example_dags/example_xcomargs.py for tasks to queue
[2024-07-18T18:17:32.649+0200] {logging_mixin.py:188} INFO - [2024-07-18T18:17:32.649+0200] {dagbag.py:545} INFO - Filling up the DagBag from /home/richonlinux/Documents/GitHub/AirflowTuto/venv/lib/python3.10/site-packages/airflow/example_dags/example_xcomargs.py
[2024-07-18T18:17:32.654+0200] {processor.py:840} INFO - DAG(s) 'example_xcom_args', 'example_xcom_args_with_operators' retrieved from /home/richonlinux/Documents/GitHub/AirflowTuto/venv/lib/python3.10/site-packages/airflow/example_dags/example_xcomargs.py
[2024-07-18T18:17:32.670+0200] {logging_mixin.py:188} INFO - [2024-07-18T18:17:32.670+0200] {dag.py:3089} INFO - Sync 2 DAGs
[2024-07-18T18:17:32.677+0200] {logging_mixin.py:188} INFO - [2024-07-18T18:17:32.676+0200] {dag.py:3947} INFO - Setting next_dagrun for example_xcom_args to None, run_after=None
[2024-07-18T18:17:32.679+0200] {logging_mixin.py:188} INFO - [2024-07-18T18:17:32.678+0200] {dag.py:3947} INFO - Setting next_dagrun for example_xcom_args_with_operators to None, run_after=None
[2024-07-18T18:17:32.692+0200] {processor.py:183} INFO - Processing /home/richonlinux/Documents/GitHub/AirflowTuto/venv/lib/python3.10/site-packages/airflow/example_dags/example_xcomargs.py took 0.049 seconds
[2024-07-18T18:44:21.474+0200] {processor.py:161} INFO - Started process (PID=260366) to work on /home/richonlinux/Documents/GitHub/AirflowTuto/venv/lib/python3.10/site-packages/airflow/example_dags/example_xcomargs.py
[2024-07-18T18:44:21.474+0200] {processor.py:830} INFO - Processing file /home/richonlinux/Documents/GitHub/AirflowTuto/venv/lib/python3.10/site-packages/airflow/example_dags/example_xcomargs.py for tasks to queue
[2024-07-18T18:44:21.476+0200] {logging_mixin.py:188} INFO - [2024-07-18T18:44:21.475+0200] {dagbag.py:545} INFO - Filling up the DagBag from /home/richonlinux/Documents/GitHub/AirflowTuto/venv/lib/python3.10/site-packages/airflow/example_dags/example_xcomargs.py
[2024-07-18T18:44:21.480+0200] {processor.py:840} INFO - DAG(s) 'example_xcom_args', 'example_xcom_args_with_operators' retrieved from /home/richonlinux/Documents/GitHub/AirflowTuto/venv/lib/python3.10/site-packages/airflow/example_dags/example_xcomargs.py
[2024-07-18T18:44:21.491+0200] {logging_mixin.py:188} INFO - [2024-07-18T18:44:21.491+0200] {dag.py:3089} INFO - Sync 2 DAGs
[2024-07-18T18:44:21.497+0200] {logging_mixin.py:188} INFO - [2024-07-18T18:44:21.497+0200] {dag.py:3947} INFO - Setting next_dagrun for example_xcom_args to None, run_after=None
[2024-07-18T18:44:21.566+0200] {logging_mixin.py:188} INFO - [2024-07-18T18:44:21.566+0200] {dag.py:3947} INFO - Setting next_dagrun for example_xcom_args_with_operators to None, run_after=None
[2024-07-18T18:44:21.582+0200] {processor.py:183} INFO - Processing /home/richonlinux/Documents/GitHub/AirflowTuto/venv/lib/python3.10/site-packages/airflow/example_dags/example_xcomargs.py took 0.114 seconds
[2024-07-18T18:45:14.267+0200] {processor.py:161} INFO - Started process (PID=261472) to work on /home/richonlinux/Documents/GitHub/AirflowTuto/venv/lib/python3.10/site-packages/airflow/example_dags/example_xcomargs.py
[2024-07-18T18:45:14.268+0200] {processor.py:830} INFO - Processing file /home/richonlinux/Documents/GitHub/AirflowTuto/venv/lib/python3.10/site-packages/airflow/example_dags/example_xcomargs.py for tasks to queue
[2024-07-18T18:45:14.269+0200] {logging_mixin.py:188} INFO - [2024-07-18T18:45:14.268+0200] {dagbag.py:545} INFO - Filling up the DagBag from /home/richonlinux/Documents/GitHub/AirflowTuto/venv/lib/python3.10/site-packages/airflow/example_dags/example_xcomargs.py
[2024-07-18T18:45:14.275+0200] {processor.py:840} INFO - DAG(s) 'example_xcom_args', 'example_xcom_args_with_operators' retrieved from /home/richonlinux/Documents/GitHub/AirflowTuto/venv/lib/python3.10/site-packages/airflow/example_dags/example_xcomargs.py
[2024-07-18T18:45:14.287+0200] {logging_mixin.py:188} INFO - [2024-07-18T18:45:14.287+0200] {dag.py:3089} INFO - Sync 2 DAGs
[2024-07-18T18:45:14.295+0200] {logging_mixin.py:188} INFO - [2024-07-18T18:45:14.295+0200] {dag.py:3947} INFO - Setting next_dagrun for example_xcom_args to None, run_after=None
[2024-07-18T18:45:14.297+0200] {logging_mixin.py:188} INFO - [2024-07-18T18:45:14.297+0200] {dag.py:3947} INFO - Setting next_dagrun for example_xcom_args_with_operators to None, run_after=None
[2024-07-18T18:45:14.312+0200] {processor.py:183} INFO - Processing /home/richonlinux/Documents/GitHub/AirflowTuto/venv/lib/python3.10/site-packages/airflow/example_dags/example_xcomargs.py took 0.049 seconds
[2024-07-18T18:46:09.823+0200] {processor.py:161} INFO - Started process (PID=262691) to work on /home/richonlinux/Documents/GitHub/AirflowTuto/venv/lib/python3.10/site-packages/airflow/example_dags/example_xcomargs.py
[2024-07-18T18:46:09.824+0200] {processor.py:830} INFO - Processing file /home/richonlinux/Documents/GitHub/AirflowTuto/venv/lib/python3.10/site-packages/airflow/example_dags/example_xcomargs.py for tasks to queue
[2024-07-18T18:46:09.826+0200] {logging_mixin.py:188} INFO - [2024-07-18T18:46:09.826+0200] {dagbag.py:545} INFO - Filling up the DagBag from /home/richonlinux/Documents/GitHub/AirflowTuto/venv/lib/python3.10/site-packages/airflow/example_dags/example_xcomargs.py
[2024-07-18T18:46:09.832+0200] {processor.py:840} INFO - DAG(s) 'example_xcom_args', 'example_xcom_args_with_operators' retrieved from /home/richonlinux/Documents/GitHub/AirflowTuto/venv/lib/python3.10/site-packages/airflow/example_dags/example_xcomargs.py
[2024-07-18T18:46:09.843+0200] {logging_mixin.py:188} INFO - [2024-07-18T18:46:09.842+0200] {dag.py:3089} INFO - Sync 2 DAGs
[2024-07-18T18:46:09.849+0200] {logging_mixin.py:188} INFO - [2024-07-18T18:46:09.849+0200] {dag.py:3947} INFO - Setting next_dagrun for example_xcom_args to None, run_after=None
[2024-07-18T18:46:09.851+0200] {logging_mixin.py:188} INFO - [2024-07-18T18:46:09.851+0200] {dag.py:3947} INFO - Setting next_dagrun for example_xcom_args_with_operators to None, run_after=None
[2024-07-18T18:46:09.864+0200] {processor.py:183} INFO - Processing /home/richonlinux/Documents/GitHub/AirflowTuto/venv/lib/python3.10/site-packages/airflow/example_dags/example_xcomargs.py took 0.048 seconds
[2024-07-18T18:49:51.677+0200] {processor.py:161} INFO - Started process (PID=266705) to work on /home/richonlinux/Documents/GitHub/AirflowTuto/venv/lib/python3.10/site-packages/airflow/example_dags/example_xcomargs.py
[2024-07-18T18:49:51.678+0200] {processor.py:830} INFO - Processing file /home/richonlinux/Documents/GitHub/AirflowTuto/venv/lib/python3.10/site-packages/airflow/example_dags/example_xcomargs.py for tasks to queue
[2024-07-18T18:49:51.679+0200] {logging_mixin.py:188} INFO - [2024-07-18T18:49:51.679+0200] {dagbag.py:545} INFO - Filling up the DagBag from /home/richonlinux/Documents/GitHub/AirflowTuto/venv/lib/python3.10/site-packages/airflow/example_dags/example_xcomargs.py
[2024-07-18T18:49:51.685+0200] {processor.py:840} INFO - DAG(s) 'example_xcom_args_with_operators', 'example_xcom_args' retrieved from /home/richonlinux/Documents/GitHub/AirflowTuto/venv/lib/python3.10/site-packages/airflow/example_dags/example_xcomargs.py
[2024-07-18T18:49:51.742+0200] {logging_mixin.py:188} INFO - [2024-07-18T18:49:51.742+0200] {dag.py:3089} INFO - Sync 2 DAGs
[2024-07-18T18:49:51.748+0200] {logging_mixin.py:188} INFO - [2024-07-18T18:49:51.748+0200] {dag.py:3947} INFO - Setting next_dagrun for example_xcom_args to None, run_after=None
[2024-07-18T18:49:51.750+0200] {logging_mixin.py:188} INFO - [2024-07-18T18:49:51.750+0200] {dag.py:3947} INFO - Setting next_dagrun for example_xcom_args_with_operators to None, run_after=None
[2024-07-18T18:49:51.764+0200] {processor.py:183} INFO - Processing /home/richonlinux/Documents/GitHub/AirflowTuto/venv/lib/python3.10/site-packages/airflow/example_dags/example_xcomargs.py took 0.092 seconds
[2024-07-18T18:51:44.612+0200] {processor.py:161} INFO - Started process (PID=268665) to work on /home/richonlinux/Documents/GitHub/AirflowTuto/venv/lib/python3.10/site-packages/airflow/example_dags/example_xcomargs.py
[2024-07-18T18:51:44.617+0200] {processor.py:830} INFO - Processing file /home/richonlinux/Documents/GitHub/AirflowTuto/venv/lib/python3.10/site-packages/airflow/example_dags/example_xcomargs.py for tasks to queue
[2024-07-18T18:51:44.618+0200] {logging_mixin.py:188} INFO - [2024-07-18T18:51:44.618+0200] {dagbag.py:545} INFO - Filling up the DagBag from /home/richonlinux/Documents/GitHub/AirflowTuto/venv/lib/python3.10/site-packages/airflow/example_dags/example_xcomargs.py
[2024-07-18T18:51:44.625+0200] {processor.py:840} INFO - DAG(s) 'example_xcom_args_with_operators', 'example_xcom_args' retrieved from /home/richonlinux/Documents/GitHub/AirflowTuto/venv/lib/python3.10/site-packages/airflow/example_dags/example_xcomargs.py
[2024-07-18T18:51:44.678+0200] {logging_mixin.py:188} INFO - [2024-07-18T18:51:44.677+0200] {dag.py:3089} INFO - Sync 2 DAGs
[2024-07-18T18:51:44.683+0200] {logging_mixin.py:188} INFO - [2024-07-18T18:51:44.682+0200] {dag.py:3947} INFO - Setting next_dagrun for example_xcom_args to None, run_after=None
[2024-07-18T18:51:44.684+0200] {logging_mixin.py:188} INFO - [2024-07-18T18:51:44.684+0200] {dag.py:3947} INFO - Setting next_dagrun for example_xcom_args_with_operators to None, run_after=None
[2024-07-18T18:51:44.696+0200] {processor.py:183} INFO - Processing /home/richonlinux/Documents/GitHub/AirflowTuto/venv/lib/python3.10/site-packages/airflow/example_dags/example_xcomargs.py took 0.092 seconds
[2024-07-18T18:52:37.023+0200] {processor.py:161} INFO - Started process (PID=269789) to work on /home/richonlinux/Documents/GitHub/AirflowTuto/venv/lib/python3.10/site-packages/airflow/example_dags/example_xcomargs.py
[2024-07-18T18:52:37.024+0200] {processor.py:830} INFO - Processing file /home/richonlinux/Documents/GitHub/AirflowTuto/venv/lib/python3.10/site-packages/airflow/example_dags/example_xcomargs.py for tasks to queue
[2024-07-18T18:52:37.025+0200] {logging_mixin.py:188} INFO - [2024-07-18T18:52:37.025+0200] {dagbag.py:545} INFO - Filling up the DagBag from /home/richonlinux/Documents/GitHub/AirflowTuto/venv/lib/python3.10/site-packages/airflow/example_dags/example_xcomargs.py
[2024-07-18T18:52:37.032+0200] {processor.py:840} INFO - DAG(s) 'example_xcom_args', 'example_xcom_args_with_operators' retrieved from /home/richonlinux/Documents/GitHub/AirflowTuto/venv/lib/python3.10/site-packages/airflow/example_dags/example_xcomargs.py
[2024-07-18T18:52:37.047+0200] {logging_mixin.py:188} INFO - [2024-07-18T18:52:37.047+0200] {dag.py:3089} INFO - Sync 2 DAGs
[2024-07-18T18:52:37.055+0200] {logging_mixin.py:188} INFO - [2024-07-18T18:52:37.055+0200] {dag.py:3947} INFO - Setting next_dagrun for example_xcom_args to None, run_after=None
[2024-07-18T18:52:37.057+0200] {logging_mixin.py:188} INFO - [2024-07-18T18:52:37.057+0200] {dag.py:3947} INFO - Setting next_dagrun for example_xcom_args_with_operators to None, run_after=None
[2024-07-18T18:52:37.069+0200] {processor.py:183} INFO - Processing /home/richonlinux/Documents/GitHub/AirflowTuto/venv/lib/python3.10/site-packages/airflow/example_dags/example_xcomargs.py took 0.051 seconds
[2024-07-18T18:53:28.712+0200] {processor.py:161} INFO - Started process (PID=271174) to work on /home/richonlinux/Documents/GitHub/AirflowTuto/venv/lib/python3.10/site-packages/airflow/example_dags/example_xcomargs.py
[2024-07-18T18:53:28.713+0200] {processor.py:830} INFO - Processing file /home/richonlinux/Documents/GitHub/AirflowTuto/venv/lib/python3.10/site-packages/airflow/example_dags/example_xcomargs.py for tasks to queue
[2024-07-18T18:53:28.714+0200] {logging_mixin.py:188} INFO - [2024-07-18T18:53:28.714+0200] {dagbag.py:545} INFO - Filling up the DagBag from /home/richonlinux/Documents/GitHub/AirflowTuto/venv/lib/python3.10/site-packages/airflow/example_dags/example_xcomargs.py
[2024-07-18T18:53:28.719+0200] {processor.py:840} INFO - DAG(s) 'example_xcom_args', 'example_xcom_args_with_operators' retrieved from /home/richonlinux/Documents/GitHub/AirflowTuto/venv/lib/python3.10/site-packages/airflow/example_dags/example_xcomargs.py
[2024-07-18T18:53:28.729+0200] {logging_mixin.py:188} INFO - [2024-07-18T18:53:28.729+0200] {dag.py:3089} INFO - Sync 2 DAGs
[2024-07-18T18:53:28.735+0200] {logging_mixin.py:188} INFO - [2024-07-18T18:53:28.735+0200] {dag.py:3947} INFO - Setting next_dagrun for example_xcom_args to None, run_after=None
[2024-07-18T18:53:28.793+0200] {logging_mixin.py:188} INFO - [2024-07-18T18:53:28.793+0200] {dag.py:3947} INFO - Setting next_dagrun for example_xcom_args_with_operators to None, run_after=None
[2024-07-18T18:53:28.804+0200] {processor.py:183} INFO - Processing /home/richonlinux/Documents/GitHub/AirflowTuto/venv/lib/python3.10/site-packages/airflow/example_dags/example_xcomargs.py took 0.095 seconds
[2024-07-18T18:54:35.958+0200] {processor.py:161} INFO - Started process (PID=272387) to work on /home/richonlinux/Documents/GitHub/AirflowTuto/venv/lib/python3.10/site-packages/airflow/example_dags/example_xcomargs.py
[2024-07-18T18:54:35.959+0200] {processor.py:830} INFO - Processing file /home/richonlinux/Documents/GitHub/AirflowTuto/venv/lib/python3.10/site-packages/airflow/example_dags/example_xcomargs.py for tasks to queue
[2024-07-18T18:54:35.960+0200] {logging_mixin.py:188} INFO - [2024-07-18T18:54:35.960+0200] {dagbag.py:545} INFO - Filling up the DagBag from /home/richonlinux/Documents/GitHub/AirflowTuto/venv/lib/python3.10/site-packages/airflow/example_dags/example_xcomargs.py
[2024-07-18T18:54:35.966+0200] {processor.py:840} INFO - DAG(s) 'example_xcom_args', 'example_xcom_args_with_operators' retrieved from /home/richonlinux/Documents/GitHub/AirflowTuto/venv/lib/python3.10/site-packages/airflow/example_dags/example_xcomargs.py
[2024-07-18T18:54:35.976+0200] {logging_mixin.py:188} INFO - [2024-07-18T18:54:35.976+0200] {dag.py:3089} INFO - Sync 2 DAGs
[2024-07-18T18:54:35.982+0200] {logging_mixin.py:188} INFO - [2024-07-18T18:54:35.982+0200] {dag.py:3947} INFO - Setting next_dagrun for example_xcom_args to None, run_after=None
[2024-07-18T18:54:35.983+0200] {logging_mixin.py:188} INFO - [2024-07-18T18:54:35.983+0200] {dag.py:3947} INFO - Setting next_dagrun for example_xcom_args_with_operators to None, run_after=None
[2024-07-18T18:54:35.996+0200] {processor.py:183} INFO - Processing /home/richonlinux/Documents/GitHub/AirflowTuto/venv/lib/python3.10/site-packages/airflow/example_dags/example_xcomargs.py took 0.043 seconds
[2024-07-18T18:55:31.871+0200] {processor.py:161} INFO - Started process (PID=273270) to work on /home/richonlinux/Documents/GitHub/AirflowTuto/venv/lib/python3.10/site-packages/airflow/example_dags/example_xcomargs.py
[2024-07-18T18:55:31.872+0200] {processor.py:830} INFO - Processing file /home/richonlinux/Documents/GitHub/AirflowTuto/venv/lib/python3.10/site-packages/airflow/example_dags/example_xcomargs.py for tasks to queue
[2024-07-18T18:55:31.874+0200] {logging_mixin.py:188} INFO - [2024-07-18T18:55:31.873+0200] {dagbag.py:545} INFO - Filling up the DagBag from /home/richonlinux/Documents/GitHub/AirflowTuto/venv/lib/python3.10/site-packages/airflow/example_dags/example_xcomargs.py
[2024-07-18T18:55:31.880+0200] {processor.py:840} INFO - DAG(s) 'example_xcom_args_with_operators', 'example_xcom_args' retrieved from /home/richonlinux/Documents/GitHub/AirflowTuto/venv/lib/python3.10/site-packages/airflow/example_dags/example_xcomargs.py
[2024-07-18T18:55:31.890+0200] {logging_mixin.py:188} INFO - [2024-07-18T18:55:31.890+0200] {dag.py:3089} INFO - Sync 2 DAGs
[2024-07-18T18:55:31.896+0200] {logging_mixin.py:188} INFO - [2024-07-18T18:55:31.896+0200] {dag.py:3947} INFO - Setting next_dagrun for example_xcom_args to None, run_after=None
[2024-07-18T18:55:31.898+0200] {logging_mixin.py:188} INFO - [2024-07-18T18:55:31.898+0200] {dag.py:3947} INFO - Setting next_dagrun for example_xcom_args_with_operators to None, run_after=None
[2024-07-18T18:55:31.909+0200] {processor.py:183} INFO - Processing /home/richonlinux/Documents/GitHub/AirflowTuto/venv/lib/python3.10/site-packages/airflow/example_dags/example_xcomargs.py took 0.046 seconds
[2024-07-18T18:56:31.422+0200] {processor.py:161} INFO - Started process (PID=274322) to work on /home/richonlinux/Documents/GitHub/AirflowTuto/venv/lib/python3.10/site-packages/airflow/example_dags/example_xcomargs.py
[2024-07-18T18:56:31.423+0200] {processor.py:830} INFO - Processing file /home/richonlinux/Documents/GitHub/AirflowTuto/venv/lib/python3.10/site-packages/airflow/example_dags/example_xcomargs.py for tasks to queue
[2024-07-18T18:56:31.424+0200] {logging_mixin.py:188} INFO - [2024-07-18T18:56:31.424+0200] {dagbag.py:545} INFO - Filling up the DagBag from /home/richonlinux/Documents/GitHub/AirflowTuto/venv/lib/python3.10/site-packages/airflow/example_dags/example_xcomargs.py
[2024-07-18T18:56:31.429+0200] {processor.py:840} INFO - DAG(s) 'example_xcom_args_with_operators', 'example_xcom_args' retrieved from /home/richonlinux/Documents/GitHub/AirflowTuto/venv/lib/python3.10/site-packages/airflow/example_dags/example_xcomargs.py
[2024-07-18T18:56:31.439+0200] {logging_mixin.py:188} INFO - [2024-07-18T18:56:31.439+0200] {dag.py:3089} INFO - Sync 2 DAGs
[2024-07-18T18:56:31.445+0200] {logging_mixin.py:188} INFO - [2024-07-18T18:56:31.445+0200] {dag.py:3947} INFO - Setting next_dagrun for example_xcom_args to None, run_after=None
[2024-07-18T18:56:31.447+0200] {logging_mixin.py:188} INFO - [2024-07-18T18:56:31.447+0200] {dag.py:3947} INFO - Setting next_dagrun for example_xcom_args_with_operators to None, run_after=None
[2024-07-18T18:56:31.458+0200] {processor.py:183} INFO - Processing /home/richonlinux/Documents/GitHub/AirflowTuto/venv/lib/python3.10/site-packages/airflow/example_dags/example_xcomargs.py took 0.042 seconds
[2024-07-18T18:57:29.301+0200] {processor.py:161} INFO - Started process (PID=275295) to work on /home/richonlinux/Documents/GitHub/AirflowTuto/venv/lib/python3.10/site-packages/airflow/example_dags/example_xcomargs.py
[2024-07-18T18:57:29.302+0200] {processor.py:830} INFO - Processing file /home/richonlinux/Documents/GitHub/AirflowTuto/venv/lib/python3.10/site-packages/airflow/example_dags/example_xcomargs.py for tasks to queue
[2024-07-18T18:57:29.303+0200] {logging_mixin.py:188} INFO - [2024-07-18T18:57:29.303+0200] {dagbag.py:545} INFO - Filling up the DagBag from /home/richonlinux/Documents/GitHub/AirflowTuto/venv/lib/python3.10/site-packages/airflow/example_dags/example_xcomargs.py
[2024-07-18T18:57:29.309+0200] {processor.py:840} INFO - DAG(s) 'example_xcom_args_with_operators', 'example_xcom_args' retrieved from /home/richonlinux/Documents/GitHub/AirflowTuto/venv/lib/python3.10/site-packages/airflow/example_dags/example_xcomargs.py
[2024-07-18T18:57:29.319+0200] {logging_mixin.py:188} INFO - [2024-07-18T18:57:29.319+0200] {dag.py:3089} INFO - Sync 2 DAGs
[2024-07-18T18:57:29.325+0200] {logging_mixin.py:188} INFO - [2024-07-18T18:57:29.324+0200] {dag.py:3947} INFO - Setting next_dagrun for example_xcom_args to None, run_after=None
[2024-07-18T18:57:29.326+0200] {logging_mixin.py:188} INFO - [2024-07-18T18:57:29.326+0200] {dag.py:3947} INFO - Setting next_dagrun for example_xcom_args_with_operators to None, run_after=None
[2024-07-18T18:57:29.338+0200] {processor.py:183} INFO - Processing /home/richonlinux/Documents/GitHub/AirflowTuto/venv/lib/python3.10/site-packages/airflow/example_dags/example_xcomargs.py took 0.045 seconds
[2024-07-18T18:58:28.731+0200] {processor.py:161} INFO - Started process (PID=276224) to work on /home/richonlinux/Documents/GitHub/AirflowTuto/venv/lib/python3.10/site-packages/airflow/example_dags/example_xcomargs.py
[2024-07-18T18:58:28.732+0200] {processor.py:830} INFO - Processing file /home/richonlinux/Documents/GitHub/AirflowTuto/venv/lib/python3.10/site-packages/airflow/example_dags/example_xcomargs.py for tasks to queue
[2024-07-18T18:58:28.733+0200] {logging_mixin.py:188} INFO - [2024-07-18T18:58:28.733+0200] {dagbag.py:545} INFO - Filling up the DagBag from /home/richonlinux/Documents/GitHub/AirflowTuto/venv/lib/python3.10/site-packages/airflow/example_dags/example_xcomargs.py
[2024-07-18T18:58:28.739+0200] {processor.py:840} INFO - DAG(s) 'example_xcom_args', 'example_xcom_args_with_operators' retrieved from /home/richonlinux/Documents/GitHub/AirflowTuto/venv/lib/python3.10/site-packages/airflow/example_dags/example_xcomargs.py
[2024-07-18T18:58:28.749+0200] {logging_mixin.py:188} INFO - [2024-07-18T18:58:28.749+0200] {dag.py:3089} INFO - Sync 2 DAGs
[2024-07-18T18:58:28.756+0200] {logging_mixin.py:188} INFO - [2024-07-18T18:58:28.756+0200] {dag.py:3947} INFO - Setting next_dagrun for example_xcom_args to None, run_after=None
[2024-07-18T18:58:28.758+0200] {logging_mixin.py:188} INFO - [2024-07-18T18:58:28.758+0200] {dag.py:3947} INFO - Setting next_dagrun for example_xcom_args_with_operators to None, run_after=None
[2024-07-18T18:58:28.771+0200] {processor.py:183} INFO - Processing /home/richonlinux/Documents/GitHub/AirflowTuto/venv/lib/python3.10/site-packages/airflow/example_dags/example_xcomargs.py took 0.045 seconds
[2024-07-18T18:59:29.196+0200] {processor.py:161} INFO - Started process (PID=277311) to work on /home/richonlinux/Documents/GitHub/AirflowTuto/venv/lib/python3.10/site-packages/airflow/example_dags/example_xcomargs.py
[2024-07-18T18:59:29.198+0200] {processor.py:830} INFO - Processing file /home/richonlinux/Documents/GitHub/AirflowTuto/venv/lib/python3.10/site-packages/airflow/example_dags/example_xcomargs.py for tasks to queue
[2024-07-18T18:59:29.200+0200] {logging_mixin.py:188} INFO - [2024-07-18T18:59:29.199+0200] {dagbag.py:545} INFO - Filling up the DagBag from /home/richonlinux/Documents/GitHub/AirflowTuto/venv/lib/python3.10/site-packages/airflow/example_dags/example_xcomargs.py
[2024-07-18T18:59:29.207+0200] {processor.py:840} INFO - DAG(s) 'example_xcom_args_with_operators', 'example_xcom_args' retrieved from /home/richonlinux/Documents/GitHub/AirflowTuto/venv/lib/python3.10/site-packages/airflow/example_dags/example_xcomargs.py
[2024-07-18T18:59:29.217+0200] {logging_mixin.py:188} INFO - [2024-07-18T18:59:29.217+0200] {dag.py:3089} INFO - Sync 2 DAGs
[2024-07-18T18:59:29.223+0200] {logging_mixin.py:188} INFO - [2024-07-18T18:59:29.222+0200] {dag.py:3947} INFO - Setting next_dagrun for example_xcom_args to None, run_after=None
[2024-07-18T18:59:29.224+0200] {logging_mixin.py:188} INFO - [2024-07-18T18:59:29.224+0200] {dag.py:3947} INFO - Setting next_dagrun for example_xcom_args_with_operators to None, run_after=None
[2024-07-18T18:59:29.238+0200] {processor.py:183} INFO - Processing /home/richonlinux/Documents/GitHub/AirflowTuto/venv/lib/python3.10/site-packages/airflow/example_dags/example_xcomargs.py took 0.047 seconds
