[2024-07-18T18:16:13.467+0200] {processor.py:161} INFO - Started process (PID=257852) to work on /home/richonlinux/Documents/GitHub/AirflowTuto/venv/lib/python3.10/site-packages/airflow/example_dags/example_external_task_marker_dag.py
[2024-07-18T18:16:13.468+0200] {processor.py:830} INFO - Processing file /home/richonlinux/Documents/GitHub/AirflowTuto/venv/lib/python3.10/site-packages/airflow/example_dags/example_external_task_marker_dag.py for tasks to queue
[2024-07-18T18:16:13.469+0200] {logging_mixin.py:188} INFO - [2024-07-18T18:16:13.469+0200] {dagbag.py:545} INFO - Filling up the DagBag from /home/richonlinux/Documents/GitHub/AirflowTuto/venv/lib/python3.10/site-packages/airflow/example_dags/example_external_task_marker_dag.py
[2024-07-18T18:16:13.477+0200] {processor.py:840} INFO - DAG(s) 'example_external_task_marker_child', 'example_external_task_marker_parent' retrieved from /home/richonlinux/Documents/GitHub/AirflowTuto/venv/lib/python3.10/site-packages/airflow/example_dags/example_external_task_marker_dag.py
[2024-07-18T18:16:13.529+0200] {logging_mixin.py:188} INFO - [2024-07-18T18:16:13.529+0200] {override.py:1858} INFO - Created Permission View: can edit on DAG:example_external_task_marker_child
[2024-07-18T18:16:13.536+0200] {logging_mixin.py:188} INFO - [2024-07-18T18:16:13.536+0200] {override.py:1858} INFO - Created Permission View: can read on DAG:example_external_task_marker_child
[2024-07-18T18:16:13.541+0200] {logging_mixin.py:188} INFO - [2024-07-18T18:16:13.541+0200] {override.py:1858} INFO - Created Permission View: can delete on DAG:example_external_task_marker_child
[2024-07-18T18:16:13.552+0200] {logging_mixin.py:188} INFO - [2024-07-18T18:16:13.552+0200] {override.py:1858} INFO - Created Permission View: can edit on DAG:example_external_task_marker_parent
[2024-07-18T18:16:13.558+0200] {logging_mixin.py:188} INFO - [2024-07-18T18:16:13.557+0200] {override.py:1858} INFO - Created Permission View: can read on DAG:example_external_task_marker_parent
[2024-07-18T18:16:13.563+0200] {logging_mixin.py:188} INFO - [2024-07-18T18:16:13.563+0200] {override.py:1858} INFO - Created Permission View: can delete on DAG:example_external_task_marker_parent
[2024-07-18T18:16:13.563+0200] {logging_mixin.py:188} INFO - [2024-07-18T18:16:13.563+0200] {dag.py:3089} INFO - Sync 2 DAGs
[2024-07-18T18:16:13.569+0200] {logging_mixin.py:188} INFO - [2024-07-18T18:16:13.568+0200] {dag.py:3111} INFO - Creating ORM DAG for example_external_task_marker_parent
[2024-07-18T18:16:13.569+0200] {logging_mixin.py:188} INFO - [2024-07-18T18:16:13.569+0200] {dag.py:3111} INFO - Creating ORM DAG for example_external_task_marker_child
[2024-07-18T18:16:13.569+0200] {logging_mixin.py:188} INFO - [2024-07-18T18:16:13.569+0200] {dag.py:3947} INFO - Setting next_dagrun for example_external_task_marker_child to None, run_after=None
[2024-07-18T18:16:13.569+0200] {logging_mixin.py:188} INFO - [2024-07-18T18:16:13.569+0200] {dag.py:3947} INFO - Setting next_dagrun for example_external_task_marker_parent to None, run_after=None
[2024-07-18T18:16:13.584+0200] {processor.py:183} INFO - Processing /home/richonlinux/Documents/GitHub/AirflowTuto/venv/lib/python3.10/site-packages/airflow/example_dags/example_external_task_marker_dag.py took 0.123 seconds
[2024-07-18T18:17:06.502+0200] {processor.py:161} INFO - Started process (PID=258728) to work on /home/richonlinux/Documents/GitHub/AirflowTuto/venv/lib/python3.10/site-packages/airflow/example_dags/example_external_task_marker_dag.py
[2024-07-18T18:17:06.503+0200] {processor.py:830} INFO - Processing file /home/richonlinux/Documents/GitHub/AirflowTuto/venv/lib/python3.10/site-packages/airflow/example_dags/example_external_task_marker_dag.py for tasks to queue
[2024-07-18T18:17:06.505+0200] {logging_mixin.py:188} INFO - [2024-07-18T18:17:06.505+0200] {dagbag.py:545} INFO - Filling up the DagBag from /home/richonlinux/Documents/GitHub/AirflowTuto/venv/lib/python3.10/site-packages/airflow/example_dags/example_external_task_marker_dag.py
[2024-07-18T18:17:06.510+0200] {processor.py:840} INFO - DAG(s) 'example_external_task_marker_child', 'example_external_task_marker_parent' retrieved from /home/richonlinux/Documents/GitHub/AirflowTuto/venv/lib/python3.10/site-packages/airflow/example_dags/example_external_task_marker_dag.py
[2024-07-18T18:17:06.521+0200] {logging_mixin.py:188} INFO - [2024-07-18T18:17:06.521+0200] {dag.py:3089} INFO - Sync 2 DAGs
[2024-07-18T18:17:06.527+0200] {logging_mixin.py:188} INFO - [2024-07-18T18:17:06.527+0200] {dag.py:3947} INFO - Setting next_dagrun for example_external_task_marker_child to None, run_after=None
[2024-07-18T18:17:06.529+0200] {logging_mixin.py:188} INFO - [2024-07-18T18:17:06.529+0200] {dag.py:3947} INFO - Setting next_dagrun for example_external_task_marker_parent to None, run_after=None
[2024-07-18T18:17:06.541+0200] {processor.py:183} INFO - Processing /home/richonlinux/Documents/GitHub/AirflowTuto/venv/lib/python3.10/site-packages/airflow/example_dags/example_external_task_marker_dag.py took 0.045 seconds
[2024-07-18T18:43:54.993+0200] {processor.py:161} INFO - Started process (PID=259814) to work on /home/richonlinux/Documents/GitHub/AirflowTuto/venv/lib/python3.10/site-packages/airflow/example_dags/example_external_task_marker_dag.py
[2024-07-18T18:43:54.993+0200] {processor.py:830} INFO - Processing file /home/richonlinux/Documents/GitHub/AirflowTuto/venv/lib/python3.10/site-packages/airflow/example_dags/example_external_task_marker_dag.py for tasks to queue
[2024-07-18T18:43:54.994+0200] {logging_mixin.py:188} INFO - [2024-07-18T18:43:54.994+0200] {dagbag.py:545} INFO - Filling up the DagBag from /home/richonlinux/Documents/GitHub/AirflowTuto/venv/lib/python3.10/site-packages/airflow/example_dags/example_external_task_marker_dag.py
[2024-07-18T18:43:54.999+0200] {processor.py:840} INFO - DAG(s) 'example_external_task_marker_parent', 'example_external_task_marker_child' retrieved from /home/richonlinux/Documents/GitHub/AirflowTuto/venv/lib/python3.10/site-packages/airflow/example_dags/example_external_task_marker_dag.py
[2024-07-18T18:43:55.009+0200] {logging_mixin.py:188} INFO - [2024-07-18T18:43:55.009+0200] {dag.py:3089} INFO - Sync 2 DAGs
[2024-07-18T18:43:55.015+0200] {logging_mixin.py:188} INFO - [2024-07-18T18:43:55.015+0200] {dag.py:3947} INFO - Setting next_dagrun for example_external_task_marker_child to None, run_after=None
[2024-07-18T18:43:55.016+0200] {logging_mixin.py:188} INFO - [2024-07-18T18:43:55.016+0200] {dag.py:3947} INFO - Setting next_dagrun for example_external_task_marker_parent to None, run_after=None
[2024-07-18T18:43:55.027+0200] {processor.py:183} INFO - Processing /home/richonlinux/Documents/GitHub/AirflowTuto/venv/lib/python3.10/site-packages/airflow/example_dags/example_external_task_marker_dag.py took 0.038 seconds
[2024-07-18T18:44:43.464+0200] {processor.py:161} INFO - Started process (PID=260815) to work on /home/richonlinux/Documents/GitHub/AirflowTuto/venv/lib/python3.10/site-packages/airflow/example_dags/example_external_task_marker_dag.py
[2024-07-18T18:44:43.465+0200] {processor.py:830} INFO - Processing file /home/richonlinux/Documents/GitHub/AirflowTuto/venv/lib/python3.10/site-packages/airflow/example_dags/example_external_task_marker_dag.py for tasks to queue
[2024-07-18T18:44:43.466+0200] {logging_mixin.py:188} INFO - [2024-07-18T18:44:43.466+0200] {dagbag.py:545} INFO - Filling up the DagBag from /home/richonlinux/Documents/GitHub/AirflowTuto/venv/lib/python3.10/site-packages/airflow/example_dags/example_external_task_marker_dag.py
[2024-07-18T18:44:43.471+0200] {processor.py:840} INFO - DAG(s) 'example_external_task_marker_parent', 'example_external_task_marker_child' retrieved from /home/richonlinux/Documents/GitHub/AirflowTuto/venv/lib/python3.10/site-packages/airflow/example_dags/example_external_task_marker_dag.py
[2024-07-18T18:44:43.561+0200] {logging_mixin.py:188} INFO - [2024-07-18T18:44:43.560+0200] {dag.py:3089} INFO - Sync 2 DAGs
[2024-07-18T18:44:43.568+0200] {logging_mixin.py:188} INFO - [2024-07-18T18:44:43.567+0200] {dag.py:3947} INFO - Setting next_dagrun for example_external_task_marker_child to None, run_after=None
[2024-07-18T18:44:43.570+0200] {logging_mixin.py:188} INFO - [2024-07-18T18:44:43.569+0200] {dag.py:3947} INFO - Setting next_dagrun for example_external_task_marker_parent to None, run_after=None
[2024-07-18T18:44:43.585+0200] {processor.py:183} INFO - Processing /home/richonlinux/Documents/GitHub/AirflowTuto/venv/lib/python3.10/site-packages/airflow/example_dags/example_external_task_marker_dag.py took 0.127 seconds
[2024-07-18T18:45:27.147+0200] {processor.py:161} INFO - Started process (PID=261651) to work on /home/richonlinux/Documents/GitHub/AirflowTuto/venv/lib/python3.10/site-packages/airflow/example_dags/example_external_task_marker_dag.py
[2024-07-18T18:45:27.152+0200] {processor.py:830} INFO - Processing file /home/richonlinux/Documents/GitHub/AirflowTuto/venv/lib/python3.10/site-packages/airflow/example_dags/example_external_task_marker_dag.py for tasks to queue
[2024-07-18T18:45:27.153+0200] {logging_mixin.py:188} INFO - [2024-07-18T18:45:27.153+0200] {dagbag.py:545} INFO - Filling up the DagBag from /home/richonlinux/Documents/GitHub/AirflowTuto/venv/lib/python3.10/site-packages/airflow/example_dags/example_external_task_marker_dag.py
[2024-07-18T18:45:27.159+0200] {processor.py:840} INFO - DAG(s) 'example_external_task_marker_child', 'example_external_task_marker_parent' retrieved from /home/richonlinux/Documents/GitHub/AirflowTuto/venv/lib/python3.10/site-packages/airflow/example_dags/example_external_task_marker_dag.py
[2024-07-18T18:45:27.169+0200] {logging_mixin.py:188} INFO - [2024-07-18T18:45:27.169+0200] {dag.py:3089} INFO - Sync 2 DAGs
[2024-07-18T18:45:27.175+0200] {logging_mixin.py:188} INFO - [2024-07-18T18:45:27.175+0200] {dag.py:3947} INFO - Setting next_dagrun for example_external_task_marker_child to None, run_after=None
[2024-07-18T18:45:27.177+0200] {logging_mixin.py:188} INFO - [2024-07-18T18:45:27.177+0200] {dag.py:3947} INFO - Setting next_dagrun for example_external_task_marker_parent to None, run_after=None
[2024-07-18T18:45:27.189+0200] {processor.py:183} INFO - Processing /home/richonlinux/Documents/GitHub/AirflowTuto/venv/lib/python3.10/site-packages/airflow/example_dags/example_external_task_marker_dag.py took 0.051 seconds
[2024-07-18T18:46:04.027+0200] {processor.py:161} INFO - Started process (PID=262571) to work on /home/richonlinux/Documents/GitHub/AirflowTuto/venv/lib/python3.10/site-packages/airflow/example_dags/example_external_task_marker_dag.py
[2024-07-18T18:46:04.028+0200] {processor.py:830} INFO - Processing file /home/richonlinux/Documents/GitHub/AirflowTuto/venv/lib/python3.10/site-packages/airflow/example_dags/example_external_task_marker_dag.py for tasks to queue
[2024-07-18T18:46:04.029+0200] {logging_mixin.py:188} INFO - [2024-07-18T18:46:04.029+0200] {dagbag.py:545} INFO - Filling up the DagBag from /home/richonlinux/Documents/GitHub/AirflowTuto/venv/lib/python3.10/site-packages/airflow/example_dags/example_external_task_marker_dag.py
[2024-07-18T18:46:04.032+0200] {processor.py:840} INFO - DAG(s) 'example_external_task_marker_parent', 'example_external_task_marker_child' retrieved from /home/richonlinux/Documents/GitHub/AirflowTuto/venv/lib/python3.10/site-packages/airflow/example_dags/example_external_task_marker_dag.py
[2024-07-18T18:46:04.042+0200] {logging_mixin.py:188} INFO - [2024-07-18T18:46:04.042+0200] {dag.py:3089} INFO - Sync 2 DAGs
[2024-07-18T18:46:04.049+0200] {logging_mixin.py:188} INFO - [2024-07-18T18:46:04.049+0200] {dag.py:3947} INFO - Setting next_dagrun for example_external_task_marker_child to None, run_after=None
[2024-07-18T18:46:04.051+0200] {logging_mixin.py:188} INFO - [2024-07-18T18:46:04.050+0200] {dag.py:3947} INFO - Setting next_dagrun for example_external_task_marker_parent to None, run_after=None
[2024-07-18T18:46:04.062+0200] {processor.py:183} INFO - Processing /home/richonlinux/Documents/GitHub/AirflowTuto/venv/lib/python3.10/site-packages/airflow/example_dags/example_external_task_marker_dag.py took 0.038 seconds
[2024-07-18T18:49:28.256+0200] {processor.py:161} INFO - Started process (PID=266024) to work on /home/richonlinux/Documents/GitHub/AirflowTuto/venv/lib/python3.10/site-packages/airflow/example_dags/example_external_task_marker_dag.py
[2024-07-18T18:49:28.256+0200] {processor.py:830} INFO - Processing file /home/richonlinux/Documents/GitHub/AirflowTuto/venv/lib/python3.10/site-packages/airflow/example_dags/example_external_task_marker_dag.py for tasks to queue
[2024-07-18T18:49:28.257+0200] {logging_mixin.py:188} INFO - [2024-07-18T18:49:28.257+0200] {dagbag.py:545} INFO - Filling up the DagBag from /home/richonlinux/Documents/GitHub/AirflowTuto/venv/lib/python3.10/site-packages/airflow/example_dags/example_external_task_marker_dag.py
[2024-07-18T18:49:28.262+0200] {processor.py:840} INFO - DAG(s) 'example_external_task_marker_child', 'example_external_task_marker_parent' retrieved from /home/richonlinux/Documents/GitHub/AirflowTuto/venv/lib/python3.10/site-packages/airflow/example_dags/example_external_task_marker_dag.py
[2024-07-18T18:49:28.267+0200] {logging_mixin.py:188} INFO - [2024-07-18T18:49:28.267+0200] {dag.py:3089} INFO - Sync 2 DAGs
[2024-07-18T18:49:28.273+0200] {logging_mixin.py:188} INFO - [2024-07-18T18:49:28.273+0200] {dag.py:3947} INFO - Setting next_dagrun for example_external_task_marker_child to None, run_after=None
[2024-07-18T18:49:28.275+0200] {logging_mixin.py:188} INFO - [2024-07-18T18:49:28.275+0200] {dag.py:3947} INFO - Setting next_dagrun for example_external_task_marker_parent to None, run_after=None
[2024-07-18T18:49:28.288+0200] {processor.py:183} INFO - Processing /home/richonlinux/Documents/GitHub/AirflowTuto/venv/lib/python3.10/site-packages/airflow/example_dags/example_external_task_marker_dag.py took 0.036 seconds
[2024-07-18T18:51:21.611+0200] {processor.py:161} INFO - Started process (PID=268317) to work on /home/richonlinux/Documents/GitHub/AirflowTuto/venv/lib/python3.10/site-packages/airflow/example_dags/example_external_task_marker_dag.py
[2024-07-18T18:51:21.611+0200] {processor.py:830} INFO - Processing file /home/richonlinux/Documents/GitHub/AirflowTuto/venv/lib/python3.10/site-packages/airflow/example_dags/example_external_task_marker_dag.py for tasks to queue
[2024-07-18T18:51:21.612+0200] {logging_mixin.py:188} INFO - [2024-07-18T18:51:21.612+0200] {dagbag.py:545} INFO - Filling up the DagBag from /home/richonlinux/Documents/GitHub/AirflowTuto/venv/lib/python3.10/site-packages/airflow/example_dags/example_external_task_marker_dag.py
[2024-07-18T18:51:21.619+0200] {processor.py:840} INFO - DAG(s) 'example_external_task_marker_parent', 'example_external_task_marker_child' retrieved from /home/richonlinux/Documents/GitHub/AirflowTuto/venv/lib/python3.10/site-packages/airflow/example_dags/example_external_task_marker_dag.py
[2024-07-18T18:51:21.624+0200] {logging_mixin.py:188} INFO - [2024-07-18T18:51:21.623+0200] {dag.py:3089} INFO - Sync 2 DAGs
[2024-07-18T18:51:21.629+0200] {logging_mixin.py:188} INFO - [2024-07-18T18:51:21.629+0200] {dag.py:3947} INFO - Setting next_dagrun for example_external_task_marker_child to None, run_after=None
[2024-07-18T18:51:21.631+0200] {logging_mixin.py:188} INFO - [2024-07-18T18:51:21.631+0200] {dag.py:3947} INFO - Setting next_dagrun for example_external_task_marker_parent to None, run_after=None
[2024-07-18T18:51:21.642+0200] {processor.py:183} INFO - Processing /home/richonlinux/Documents/GitHub/AirflowTuto/venv/lib/python3.10/site-packages/airflow/example_dags/example_external_task_marker_dag.py took 0.035 seconds
[2024-07-18T18:52:10.797+0200] {processor.py:161} INFO - Started process (PID=269060) to work on /home/richonlinux/Documents/GitHub/AirflowTuto/venv/lib/python3.10/site-packages/airflow/example_dags/example_external_task_marker_dag.py
[2024-07-18T18:52:10.798+0200] {processor.py:830} INFO - Processing file /home/richonlinux/Documents/GitHub/AirflowTuto/venv/lib/python3.10/site-packages/airflow/example_dags/example_external_task_marker_dag.py for tasks to queue
[2024-07-18T18:52:10.800+0200] {logging_mixin.py:188} INFO - [2024-07-18T18:52:10.799+0200] {dagbag.py:545} INFO - Filling up the DagBag from /home/richonlinux/Documents/GitHub/AirflowTuto/venv/lib/python3.10/site-packages/airflow/example_dags/example_external_task_marker_dag.py
[2024-07-18T18:52:10.804+0200] {processor.py:840} INFO - DAG(s) 'example_external_task_marker_parent', 'example_external_task_marker_child' retrieved from /home/richonlinux/Documents/GitHub/AirflowTuto/venv/lib/python3.10/site-packages/airflow/example_dags/example_external_task_marker_dag.py
[2024-07-18T18:52:10.866+0200] {logging_mixin.py:188} INFO - [2024-07-18T18:52:10.866+0200] {dag.py:3089} INFO - Sync 2 DAGs
[2024-07-18T18:52:10.938+0200] {logging_mixin.py:188} INFO - [2024-07-18T18:52:10.938+0200] {dag.py:3947} INFO - Setting next_dagrun for example_external_task_marker_child to None, run_after=None
[2024-07-18T18:52:10.941+0200] {logging_mixin.py:188} INFO - [2024-07-18T18:52:10.941+0200] {dag.py:3947} INFO - Setting next_dagrun for example_external_task_marker_parent to None, run_after=None
[2024-07-18T18:52:10.956+0200] {processor.py:183} INFO - Processing /home/richonlinux/Documents/GitHub/AirflowTuto/venv/lib/python3.10/site-packages/airflow/example_dags/example_external_task_marker_dag.py took 0.165 seconds
[2024-07-18T18:52:53.599+0200] {processor.py:161} INFO - Started process (PID=270161) to work on /home/richonlinux/Documents/GitHub/AirflowTuto/venv/lib/python3.10/site-packages/airflow/example_dags/example_external_task_marker_dag.py
[2024-07-18T18:52:53.603+0200] {processor.py:830} INFO - Processing file /home/richonlinux/Documents/GitHub/AirflowTuto/venv/lib/python3.10/site-packages/airflow/example_dags/example_external_task_marker_dag.py for tasks to queue
[2024-07-18T18:52:53.604+0200] {logging_mixin.py:188} INFO - [2024-07-18T18:52:53.604+0200] {dagbag.py:545} INFO - Filling up the DagBag from /home/richonlinux/Documents/GitHub/AirflowTuto/venv/lib/python3.10/site-packages/airflow/example_dags/example_external_task_marker_dag.py
[2024-07-18T18:52:53.609+0200] {processor.py:840} INFO - DAG(s) 'example_external_task_marker_parent', 'example_external_task_marker_child' retrieved from /home/richonlinux/Documents/GitHub/AirflowTuto/venv/lib/python3.10/site-packages/airflow/example_dags/example_external_task_marker_dag.py
[2024-07-18T18:52:53.621+0200] {logging_mixin.py:188} INFO - [2024-07-18T18:52:53.621+0200] {dag.py:3089} INFO - Sync 2 DAGs
[2024-07-18T18:52:53.628+0200] {logging_mixin.py:188} INFO - [2024-07-18T18:52:53.627+0200] {dag.py:3947} INFO - Setting next_dagrun for example_external_task_marker_child to None, run_after=None
[2024-07-18T18:52:53.631+0200] {logging_mixin.py:188} INFO - [2024-07-18T18:52:53.631+0200] {dag.py:3947} INFO - Setting next_dagrun for example_external_task_marker_parent to None, run_after=None
[2024-07-18T18:52:53.643+0200] {processor.py:183} INFO - Processing /home/richonlinux/Documents/GitHub/AirflowTuto/venv/lib/python3.10/site-packages/airflow/example_dags/example_external_task_marker_dag.py took 0.049 seconds
[2024-07-18T18:53:39.137+0200] {processor.py:161} INFO - Started process (PID=271454) to work on /home/richonlinux/Documents/GitHub/AirflowTuto/venv/lib/python3.10/site-packages/airflow/example_dags/example_external_task_marker_dag.py
[2024-07-18T18:53:39.138+0200] {processor.py:830} INFO - Processing file /home/richonlinux/Documents/GitHub/AirflowTuto/venv/lib/python3.10/site-packages/airflow/example_dags/example_external_task_marker_dag.py for tasks to queue
[2024-07-18T18:53:39.139+0200] {logging_mixin.py:188} INFO - [2024-07-18T18:53:39.139+0200] {dagbag.py:545} INFO - Filling up the DagBag from /home/richonlinux/Documents/GitHub/AirflowTuto/venv/lib/python3.10/site-packages/airflow/example_dags/example_external_task_marker_dag.py
[2024-07-18T18:53:39.143+0200] {processor.py:840} INFO - DAG(s) 'example_external_task_marker_child', 'example_external_task_marker_parent' retrieved from /home/richonlinux/Documents/GitHub/AirflowTuto/venv/lib/python3.10/site-packages/airflow/example_dags/example_external_task_marker_dag.py
[2024-07-18T18:53:39.153+0200] {logging_mixin.py:188} INFO - [2024-07-18T18:53:39.152+0200] {dag.py:3089} INFO - Sync 2 DAGs
[2024-07-18T18:53:39.214+0200] {logging_mixin.py:188} INFO - [2024-07-18T18:53:39.214+0200] {dag.py:3947} INFO - Setting next_dagrun for example_external_task_marker_child to None, run_after=None
[2024-07-18T18:53:39.215+0200] {logging_mixin.py:188} INFO - [2024-07-18T18:53:39.215+0200] {dag.py:3947} INFO - Setting next_dagrun for example_external_task_marker_parent to None, run_after=None
[2024-07-18T18:53:39.226+0200] {processor.py:183} INFO - Processing /home/richonlinux/Documents/GitHub/AirflowTuto/venv/lib/python3.10/site-packages/airflow/example_dags/example_external_task_marker_dag.py took 0.092 seconds
[2024-07-18T18:54:24.003+0200] {processor.py:161} INFO - Started process (PID=272214) to work on /home/richonlinux/Documents/GitHub/AirflowTuto/venv/lib/python3.10/site-packages/airflow/example_dags/example_external_task_marker_dag.py
[2024-07-18T18:54:24.003+0200] {processor.py:830} INFO - Processing file /home/richonlinux/Documents/GitHub/AirflowTuto/venv/lib/python3.10/site-packages/airflow/example_dags/example_external_task_marker_dag.py for tasks to queue
[2024-07-18T18:54:24.004+0200] {logging_mixin.py:188} INFO - [2024-07-18T18:54:24.004+0200] {dagbag.py:545} INFO - Filling up the DagBag from /home/richonlinux/Documents/GitHub/AirflowTuto/venv/lib/python3.10/site-packages/airflow/example_dags/example_external_task_marker_dag.py
[2024-07-18T18:54:24.009+0200] {processor.py:840} INFO - DAG(s) 'example_external_task_marker_parent', 'example_external_task_marker_child' retrieved from /home/richonlinux/Documents/GitHub/AirflowTuto/venv/lib/python3.10/site-packages/airflow/example_dags/example_external_task_marker_dag.py
[2024-07-18T18:54:24.019+0200] {logging_mixin.py:188} INFO - [2024-07-18T18:54:24.019+0200] {dag.py:3089} INFO - Sync 2 DAGs
[2024-07-18T18:54:24.025+0200] {logging_mixin.py:188} INFO - [2024-07-18T18:54:24.025+0200] {dag.py:3947} INFO - Setting next_dagrun for example_external_task_marker_child to None, run_after=None
[2024-07-18T18:54:24.027+0200] {logging_mixin.py:188} INFO - [2024-07-18T18:54:24.027+0200] {dag.py:3947} INFO - Setting next_dagrun for example_external_task_marker_parent to None, run_after=None
[2024-07-18T18:54:24.038+0200] {processor.py:183} INFO - Processing /home/richonlinux/Documents/GitHub/AirflowTuto/venv/lib/python3.10/site-packages/airflow/example_dags/example_external_task_marker_dag.py took 0.040 seconds
[2024-07-18T18:55:06.291+0200] {processor.py:161} INFO - Started process (PID=272844) to work on /home/richonlinux/Documents/GitHub/AirflowTuto/venv/lib/python3.10/site-packages/airflow/example_dags/example_external_task_marker_dag.py
[2024-07-18T18:55:06.293+0200] {processor.py:830} INFO - Processing file /home/richonlinux/Documents/GitHub/AirflowTuto/venv/lib/python3.10/site-packages/airflow/example_dags/example_external_task_marker_dag.py for tasks to queue
[2024-07-18T18:55:06.295+0200] {logging_mixin.py:188} INFO - [2024-07-18T18:55:06.294+0200] {dagbag.py:545} INFO - Filling up the DagBag from /home/richonlinux/Documents/GitHub/AirflowTuto/venv/lib/python3.10/site-packages/airflow/example_dags/example_external_task_marker_dag.py
[2024-07-18T18:55:06.300+0200] {processor.py:840} INFO - DAG(s) 'example_external_task_marker_child', 'example_external_task_marker_parent' retrieved from /home/richonlinux/Documents/GitHub/AirflowTuto/venv/lib/python3.10/site-packages/airflow/example_dags/example_external_task_marker_dag.py
[2024-07-18T18:55:06.309+0200] {logging_mixin.py:188} INFO - [2024-07-18T18:55:06.309+0200] {dag.py:3089} INFO - Sync 2 DAGs
[2024-07-18T18:55:06.315+0200] {logging_mixin.py:188} INFO - [2024-07-18T18:55:06.315+0200] {dag.py:3947} INFO - Setting next_dagrun for example_external_task_marker_child to None, run_after=None
[2024-07-18T18:55:06.317+0200] {logging_mixin.py:188} INFO - [2024-07-18T18:55:06.317+0200] {dag.py:3947} INFO - Setting next_dagrun for example_external_task_marker_parent to None, run_after=None
[2024-07-18T18:55:06.328+0200] {processor.py:183} INFO - Processing /home/richonlinux/Documents/GitHub/AirflowTuto/venv/lib/python3.10/site-packages/airflow/example_dags/example_external_task_marker_dag.py took 0.046 seconds
[2024-07-18T18:55:55.529+0200] {processor.py:161} INFO - Started process (PID=273643) to work on /home/richonlinux/Documents/GitHub/AirflowTuto/venv/lib/python3.10/site-packages/airflow/example_dags/example_external_task_marker_dag.py
[2024-07-18T18:55:55.530+0200] {processor.py:830} INFO - Processing file /home/richonlinux/Documents/GitHub/AirflowTuto/venv/lib/python3.10/site-packages/airflow/example_dags/example_external_task_marker_dag.py for tasks to queue
[2024-07-18T18:55:55.531+0200] {logging_mixin.py:188} INFO - [2024-07-18T18:55:55.531+0200] {dagbag.py:545} INFO - Filling up the DagBag from /home/richonlinux/Documents/GitHub/AirflowTuto/venv/lib/python3.10/site-packages/airflow/example_dags/example_external_task_marker_dag.py
[2024-07-18T18:55:55.535+0200] {processor.py:840} INFO - DAG(s) 'example_external_task_marker_parent', 'example_external_task_marker_child' retrieved from /home/richonlinux/Documents/GitHub/AirflowTuto/venv/lib/python3.10/site-packages/airflow/example_dags/example_external_task_marker_dag.py
[2024-07-18T18:55:55.548+0200] {logging_mixin.py:188} INFO - [2024-07-18T18:55:55.547+0200] {dag.py:3089} INFO - Sync 2 DAGs
[2024-07-18T18:55:55.554+0200] {logging_mixin.py:188} INFO - [2024-07-18T18:55:55.554+0200] {dag.py:3947} INFO - Setting next_dagrun for example_external_task_marker_child to None, run_after=None
[2024-07-18T18:55:55.557+0200] {logging_mixin.py:188} INFO - [2024-07-18T18:55:55.557+0200] {dag.py:3947} INFO - Setting next_dagrun for example_external_task_marker_parent to None, run_after=None
[2024-07-18T18:55:55.570+0200] {processor.py:183} INFO - Processing /home/richonlinux/Documents/GitHub/AirflowTuto/venv/lib/python3.10/site-packages/airflow/example_dags/example_external_task_marker_dag.py took 0.049 seconds
[2024-07-18T18:56:35.440+0200] {processor.py:161} INFO - Started process (PID=274388) to work on /home/richonlinux/Documents/GitHub/AirflowTuto/venv/lib/python3.10/site-packages/airflow/example_dags/example_external_task_marker_dag.py
[2024-07-18T18:56:35.441+0200] {processor.py:830} INFO - Processing file /home/richonlinux/Documents/GitHub/AirflowTuto/venv/lib/python3.10/site-packages/airflow/example_dags/example_external_task_marker_dag.py for tasks to queue
[2024-07-18T18:56:35.443+0200] {logging_mixin.py:188} INFO - [2024-07-18T18:56:35.442+0200] {dagbag.py:545} INFO - Filling up the DagBag from /home/richonlinux/Documents/GitHub/AirflowTuto/venv/lib/python3.10/site-packages/airflow/example_dags/example_external_task_marker_dag.py
[2024-07-18T18:56:35.448+0200] {processor.py:840} INFO - DAG(s) 'example_external_task_marker_child', 'example_external_task_marker_parent' retrieved from /home/richonlinux/Documents/GitHub/AirflowTuto/venv/lib/python3.10/site-packages/airflow/example_dags/example_external_task_marker_dag.py
[2024-07-18T18:56:35.458+0200] {logging_mixin.py:188} INFO - [2024-07-18T18:56:35.458+0200] {dag.py:3089} INFO - Sync 2 DAGs
[2024-07-18T18:56:35.464+0200] {logging_mixin.py:188} INFO - [2024-07-18T18:56:35.464+0200] {dag.py:3947} INFO - Setting next_dagrun for example_external_task_marker_child to None, run_after=None
[2024-07-18T18:56:35.466+0200] {logging_mixin.py:188} INFO - [2024-07-18T18:56:35.466+0200] {dag.py:3947} INFO - Setting next_dagrun for example_external_task_marker_parent to None, run_after=None
[2024-07-18T18:56:35.478+0200] {processor.py:183} INFO - Processing /home/richonlinux/Documents/GitHub/AirflowTuto/venv/lib/python3.10/site-packages/airflow/example_dags/example_external_task_marker_dag.py took 0.047 seconds
[2024-07-18T18:57:13.841+0200] {processor.py:161} INFO - Started process (PID=275001) to work on /home/richonlinux/Documents/GitHub/AirflowTuto/venv/lib/python3.10/site-packages/airflow/example_dags/example_external_task_marker_dag.py
[2024-07-18T18:57:13.842+0200] {processor.py:830} INFO - Processing file /home/richonlinux/Documents/GitHub/AirflowTuto/venv/lib/python3.10/site-packages/airflow/example_dags/example_external_task_marker_dag.py for tasks to queue
[2024-07-18T18:57:13.844+0200] {logging_mixin.py:188} INFO - [2024-07-18T18:57:13.843+0200] {dagbag.py:545} INFO - Filling up the DagBag from /home/richonlinux/Documents/GitHub/AirflowTuto/venv/lib/python3.10/site-packages/airflow/example_dags/example_external_task_marker_dag.py
[2024-07-18T18:57:13.849+0200] {processor.py:840} INFO - DAG(s) 'example_external_task_marker_child', 'example_external_task_marker_parent' retrieved from /home/richonlinux/Documents/GitHub/AirflowTuto/venv/lib/python3.10/site-packages/airflow/example_dags/example_external_task_marker_dag.py
[2024-07-18T18:57:13.858+0200] {logging_mixin.py:188} INFO - [2024-07-18T18:57:13.858+0200] {dag.py:3089} INFO - Sync 2 DAGs
[2024-07-18T18:57:13.865+0200] {logging_mixin.py:188} INFO - [2024-07-18T18:57:13.864+0200] {dag.py:3947} INFO - Setting next_dagrun for example_external_task_marker_child to None, run_after=None
[2024-07-18T18:57:13.867+0200] {logging_mixin.py:188} INFO - [2024-07-18T18:57:13.867+0200] {dag.py:3947} INFO - Setting next_dagrun for example_external_task_marker_parent to None, run_after=None
[2024-07-18T18:57:13.879+0200] {processor.py:183} INFO - Processing /home/richonlinux/Documents/GitHub/AirflowTuto/venv/lib/python3.10/site-packages/airflow/example_dags/example_external_task_marker_dag.py took 0.046 seconds
[2024-07-18T18:57:52.711+0200] {processor.py:161} INFO - Started process (PID=275622) to work on /home/richonlinux/Documents/GitHub/AirflowTuto/venv/lib/python3.10/site-packages/airflow/example_dags/example_external_task_marker_dag.py
[2024-07-18T18:57:52.712+0200] {processor.py:830} INFO - Processing file /home/richonlinux/Documents/GitHub/AirflowTuto/venv/lib/python3.10/site-packages/airflow/example_dags/example_external_task_marker_dag.py for tasks to queue
[2024-07-18T18:57:52.713+0200] {logging_mixin.py:188} INFO - [2024-07-18T18:57:52.713+0200] {dagbag.py:545} INFO - Filling up the DagBag from /home/richonlinux/Documents/GitHub/AirflowTuto/venv/lib/python3.10/site-packages/airflow/example_dags/example_external_task_marker_dag.py
[2024-07-18T18:57:52.718+0200] {processor.py:840} INFO - DAG(s) 'example_external_task_marker_child', 'example_external_task_marker_parent' retrieved from /home/richonlinux/Documents/GitHub/AirflowTuto/venv/lib/python3.10/site-packages/airflow/example_dags/example_external_task_marker_dag.py
[2024-07-18T18:57:52.728+0200] {logging_mixin.py:188} INFO - [2024-07-18T18:57:52.728+0200] {dag.py:3089} INFO - Sync 2 DAGs
[2024-07-18T18:57:52.733+0200] {logging_mixin.py:188} INFO - [2024-07-18T18:57:52.733+0200] {dag.py:3947} INFO - Setting next_dagrun for example_external_task_marker_child to None, run_after=None
[2024-07-18T18:57:52.735+0200] {logging_mixin.py:188} INFO - [2024-07-18T18:57:52.735+0200] {dag.py:3947} INFO - Setting next_dagrun for example_external_task_marker_parent to None, run_after=None
[2024-07-18T18:57:52.746+0200] {processor.py:183} INFO - Processing /home/richonlinux/Documents/GitHub/AirflowTuto/venv/lib/python3.10/site-packages/airflow/example_dags/example_external_task_marker_dag.py took 0.045 seconds
[2024-07-18T18:58:32.730+0200] {processor.py:161} INFO - Started process (PID=276280) to work on /home/richonlinux/Documents/GitHub/AirflowTuto/venv/lib/python3.10/site-packages/airflow/example_dags/example_external_task_marker_dag.py
[2024-07-18T18:58:32.731+0200] {processor.py:830} INFO - Processing file /home/richonlinux/Documents/GitHub/AirflowTuto/venv/lib/python3.10/site-packages/airflow/example_dags/example_external_task_marker_dag.py for tasks to queue
[2024-07-18T18:58:32.733+0200] {logging_mixin.py:188} INFO - [2024-07-18T18:58:32.733+0200] {dagbag.py:545} INFO - Filling up the DagBag from /home/richonlinux/Documents/GitHub/AirflowTuto/venv/lib/python3.10/site-packages/airflow/example_dags/example_external_task_marker_dag.py
[2024-07-18T18:58:32.738+0200] {processor.py:840} INFO - DAG(s) 'example_external_task_marker_child', 'example_external_task_marker_parent' retrieved from /home/richonlinux/Documents/GitHub/AirflowTuto/venv/lib/python3.10/site-packages/airflow/example_dags/example_external_task_marker_dag.py
[2024-07-18T18:58:32.749+0200] {logging_mixin.py:188} INFO - [2024-07-18T18:58:32.749+0200] {dag.py:3089} INFO - Sync 2 DAGs
[2024-07-18T18:58:32.756+0200] {logging_mixin.py:188} INFO - [2024-07-18T18:58:32.755+0200] {dag.py:3947} INFO - Setting next_dagrun for example_external_task_marker_child to None, run_after=None
[2024-07-18T18:58:32.758+0200] {logging_mixin.py:188} INFO - [2024-07-18T18:58:32.758+0200] {dag.py:3947} INFO - Setting next_dagrun for example_external_task_marker_parent to None, run_after=None
[2024-07-18T18:58:32.774+0200] {processor.py:183} INFO - Processing /home/richonlinux/Documents/GitHub/AirflowTuto/venv/lib/python3.10/site-packages/airflow/example_dags/example_external_task_marker_dag.py took 0.048 seconds
[2024-07-18T18:59:13.760+0200] {processor.py:161} INFO - Started process (PID=277024) to work on /home/richonlinux/Documents/GitHub/AirflowTuto/venv/lib/python3.10/site-packages/airflow/example_dags/example_external_task_marker_dag.py
[2024-07-18T18:59:13.761+0200] {processor.py:830} INFO - Processing file /home/richonlinux/Documents/GitHub/AirflowTuto/venv/lib/python3.10/site-packages/airflow/example_dags/example_external_task_marker_dag.py for tasks to queue
[2024-07-18T18:59:13.763+0200] {logging_mixin.py:188} INFO - [2024-07-18T18:59:13.763+0200] {dagbag.py:545} INFO - Filling up the DagBag from /home/richonlinux/Documents/GitHub/AirflowTuto/venv/lib/python3.10/site-packages/airflow/example_dags/example_external_task_marker_dag.py
[2024-07-18T18:59:13.768+0200] {processor.py:840} INFO - DAG(s) 'example_external_task_marker_child', 'example_external_task_marker_parent' retrieved from /home/richonlinux/Documents/GitHub/AirflowTuto/venv/lib/python3.10/site-packages/airflow/example_dags/example_external_task_marker_dag.py
[2024-07-18T18:59:13.777+0200] {logging_mixin.py:188} INFO - [2024-07-18T18:59:13.777+0200] {dag.py:3089} INFO - Sync 2 DAGs
[2024-07-18T18:59:13.783+0200] {logging_mixin.py:188} INFO - [2024-07-18T18:59:13.783+0200] {dag.py:3947} INFO - Setting next_dagrun for example_external_task_marker_child to None, run_after=None
[2024-07-18T18:59:13.784+0200] {logging_mixin.py:188} INFO - [2024-07-18T18:59:13.784+0200] {dag.py:3947} INFO - Setting next_dagrun for example_external_task_marker_parent to None, run_after=None
[2024-07-18T18:59:13.796+0200] {processor.py:183} INFO - Processing /home/richonlinux/Documents/GitHub/AirflowTuto/venv/lib/python3.10/site-packages/airflow/example_dags/example_external_task_marker_dag.py took 0.045 seconds
