[2024-07-18T18:16:14.974+0200] {processor.py:161} INFO - Started process (PID=257889) to work on /home/richonlinux/Documents/GitHub/AirflowTuto/venv/lib/python3.10/site-packages/airflow/example_dags/example_latest_only.py
[2024-07-18T18:16:14.975+0200] {processor.py:830} INFO - Processing file /home/richonlinux/Documents/GitHub/AirflowTuto/venv/lib/python3.10/site-packages/airflow/example_dags/example_latest_only.py for tasks to queue
[2024-07-18T18:16:14.977+0200] {logging_mixin.py:188} INFO - [2024-07-18T18:16:14.977+0200] {dagbag.py:545} INFO - Filling up the DagBag from /home/richonlinux/Documents/GitHub/AirflowTuto/venv/lib/python3.10/site-packages/airflow/example_dags/example_latest_only.py
[2024-07-18T18:16:14.983+0200] {processor.py:840} INFO - DAG(s) 'latest_only' retrieved from /home/richonlinux/Documents/GitHub/AirflowTuto/venv/lib/python3.10/site-packages/airflow/example_dags/example_latest_only.py
[2024-07-18T18:16:15.033+0200] {logging_mixin.py:188} INFO - [2024-07-18T18:16:15.033+0200] {override.py:1858} INFO - Created Permission View: can edit on DAG:latest_only
[2024-07-18T18:16:15.040+0200] {logging_mixin.py:188} INFO - [2024-07-18T18:16:15.040+0200] {override.py:1858} INFO - Created Permission View: can read on DAG:latest_only
[2024-07-18T18:16:15.046+0200] {logging_mixin.py:188} INFO - [2024-07-18T18:16:15.046+0200] {override.py:1858} INFO - Created Permission View: can delete on DAG:latest_only
[2024-07-18T18:16:15.046+0200] {logging_mixin.py:188} INFO - [2024-07-18T18:16:15.046+0200] {dag.py:3089} INFO - Sync 1 DAGs
[2024-07-18T18:16:15.051+0200] {logging_mixin.py:188} INFO - [2024-07-18T18:16:15.051+0200] {dag.py:3111} INFO - Creating ORM DAG for latest_only
[2024-07-18T18:16:15.056+0200] {logging_mixin.py:188} INFO - [2024-07-18T18:16:15.056+0200] {dag.py:3947} INFO - Setting next_dagrun for latest_only to 2024-07-18 12:00:00+00:00, run_after=2024-07-18 16:00:00+00:00
[2024-07-18T18:16:15.069+0200] {processor.py:183} INFO - Processing /home/richonlinux/Documents/GitHub/AirflowTuto/venv/lib/python3.10/site-packages/airflow/example_dags/example_latest_only.py took 0.105 seconds
[2024-07-18T18:17:08.051+0200] {processor.py:161} INFO - Started process (PID=258767) to work on /home/richonlinux/Documents/GitHub/AirflowTuto/venv/lib/python3.10/site-packages/airflow/example_dags/example_latest_only.py
[2024-07-18T18:17:08.054+0200] {processor.py:830} INFO - Processing file /home/richonlinux/Documents/GitHub/AirflowTuto/venv/lib/python3.10/site-packages/airflow/example_dags/example_latest_only.py for tasks to queue
[2024-07-18T18:17:08.056+0200] {logging_mixin.py:188} INFO - [2024-07-18T18:17:08.056+0200] {dagbag.py:545} INFO - Filling up the DagBag from /home/richonlinux/Documents/GitHub/AirflowTuto/venv/lib/python3.10/site-packages/airflow/example_dags/example_latest_only.py
[2024-07-18T18:17:08.060+0200] {processor.py:840} INFO - DAG(s) 'latest_only' retrieved from /home/richonlinux/Documents/GitHub/AirflowTuto/venv/lib/python3.10/site-packages/airflow/example_dags/example_latest_only.py
[2024-07-18T18:17:08.069+0200] {logging_mixin.py:188} INFO - [2024-07-18T18:17:08.068+0200] {dag.py:3089} INFO - Sync 1 DAGs
[2024-07-18T18:17:08.079+0200] {logging_mixin.py:188} INFO - [2024-07-18T18:17:08.079+0200] {dag.py:3947} INFO - Setting next_dagrun for latest_only to 2024-07-18 12:00:00+00:00, run_after=2024-07-18 16:00:00+00:00
[2024-07-18T18:17:08.091+0200] {processor.py:183} INFO - Processing /home/richonlinux/Documents/GitHub/AirflowTuto/venv/lib/python3.10/site-packages/airflow/example_dags/example_latest_only.py took 0.044 seconds
[2024-07-18T18:43:57.285+0200] {processor.py:161} INFO - Started process (PID=259860) to work on /home/richonlinux/Documents/GitHub/AirflowTuto/venv/lib/python3.10/site-packages/airflow/example_dags/example_latest_only.py
[2024-07-18T18:43:57.290+0200] {processor.py:830} INFO - Processing file /home/richonlinux/Documents/GitHub/AirflowTuto/venv/lib/python3.10/site-packages/airflow/example_dags/example_latest_only.py for tasks to queue
[2024-07-18T18:43:57.292+0200] {logging_mixin.py:188} INFO - [2024-07-18T18:43:57.292+0200] {dagbag.py:545} INFO - Filling up the DagBag from /home/richonlinux/Documents/GitHub/AirflowTuto/venv/lib/python3.10/site-packages/airflow/example_dags/example_latest_only.py
[2024-07-18T18:43:57.297+0200] {processor.py:840} INFO - DAG(s) 'latest_only' retrieved from /home/richonlinux/Documents/GitHub/AirflowTuto/venv/lib/python3.10/site-packages/airflow/example_dags/example_latest_only.py
[2024-07-18T18:43:57.306+0200] {logging_mixin.py:188} INFO - [2024-07-18T18:43:57.306+0200] {dag.py:3089} INFO - Sync 1 DAGs
[2024-07-18T18:43:57.315+0200] {logging_mixin.py:188} INFO - [2024-07-18T18:43:57.315+0200] {dag.py:3947} INFO - Setting next_dagrun for latest_only to 2024-07-18 12:00:00+00:00, run_after=2024-07-18 16:00:00+00:00
[2024-07-18T18:43:57.327+0200] {processor.py:183} INFO - Processing /home/richonlinux/Documents/GitHub/AirflowTuto/venv/lib/python3.10/site-packages/airflow/example_dags/example_latest_only.py took 0.051 seconds
[2024-07-18T18:44:45.596+0200] {processor.py:161} INFO - Started process (PID=260913) to work on /home/richonlinux/Documents/GitHub/AirflowTuto/venv/lib/python3.10/site-packages/airflow/example_dags/example_latest_only.py
[2024-07-18T18:44:45.597+0200] {processor.py:830} INFO - Processing file /home/richonlinux/Documents/GitHub/AirflowTuto/venv/lib/python3.10/site-packages/airflow/example_dags/example_latest_only.py for tasks to queue
[2024-07-18T18:44:45.599+0200] {logging_mixin.py:188} INFO - [2024-07-18T18:44:45.599+0200] {dagbag.py:545} INFO - Filling up the DagBag from /home/richonlinux/Documents/GitHub/AirflowTuto/venv/lib/python3.10/site-packages/airflow/example_dags/example_latest_only.py
[2024-07-18T18:44:45.662+0200] {processor.py:840} INFO - DAG(s) 'latest_only' retrieved from /home/richonlinux/Documents/GitHub/AirflowTuto/venv/lib/python3.10/site-packages/airflow/example_dags/example_latest_only.py
[2024-07-18T18:44:45.669+0200] {logging_mixin.py:188} INFO - [2024-07-18T18:44:45.668+0200] {dag.py:3089} INFO - Sync 1 DAGs
[2024-07-18T18:44:45.677+0200] {logging_mixin.py:188} INFO - [2024-07-18T18:44:45.677+0200] {dag.py:3947} INFO - Setting next_dagrun for latest_only to 2024-07-18 12:00:00+00:00, run_after=2024-07-18 16:00:00+00:00
[2024-07-18T18:44:45.689+0200] {processor.py:183} INFO - Processing /home/richonlinux/Documents/GitHub/AirflowTuto/venv/lib/python3.10/site-packages/airflow/example_dags/example_latest_only.py took 0.098 seconds
[2024-07-18T18:45:28.688+0200] {processor.py:161} INFO - Started process (PID=261681) to work on /home/richonlinux/Documents/GitHub/AirflowTuto/venv/lib/python3.10/site-packages/airflow/example_dags/example_latest_only.py
[2024-07-18T18:45:28.692+0200] {processor.py:830} INFO - Processing file /home/richonlinux/Documents/GitHub/AirflowTuto/venv/lib/python3.10/site-packages/airflow/example_dags/example_latest_only.py for tasks to queue
[2024-07-18T18:45:28.694+0200] {logging_mixin.py:188} INFO - [2024-07-18T18:45:28.694+0200] {dagbag.py:545} INFO - Filling up the DagBag from /home/richonlinux/Documents/GitHub/AirflowTuto/venv/lib/python3.10/site-packages/airflow/example_dags/example_latest_only.py
[2024-07-18T18:45:28.699+0200] {processor.py:840} INFO - DAG(s) 'latest_only' retrieved from /home/richonlinux/Documents/GitHub/AirflowTuto/venv/lib/python3.10/site-packages/airflow/example_dags/example_latest_only.py
[2024-07-18T18:45:28.707+0200] {logging_mixin.py:188} INFO - [2024-07-18T18:45:28.707+0200] {dag.py:3089} INFO - Sync 1 DAGs
[2024-07-18T18:45:28.717+0200] {logging_mixin.py:188} INFO - [2024-07-18T18:45:28.717+0200] {dag.py:3947} INFO - Setting next_dagrun for latest_only to 2024-07-18 12:00:00+00:00, run_after=2024-07-18 16:00:00+00:00
[2024-07-18T18:45:28.729+0200] {processor.py:183} INFO - Processing /home/richonlinux/Documents/GitHub/AirflowTuto/venv/lib/python3.10/site-packages/airflow/example_dags/example_latest_only.py took 0.050 seconds
[2024-07-18T18:46:17.812+0200] {processor.py:161} INFO - Started process (PID=262810) to work on /home/richonlinux/Documents/GitHub/AirflowTuto/venv/lib/python3.10/site-packages/airflow/example_dags/example_latest_only.py
[2024-07-18T18:46:17.813+0200] {processor.py:830} INFO - Processing file /home/richonlinux/Documents/GitHub/AirflowTuto/venv/lib/python3.10/site-packages/airflow/example_dags/example_latest_only.py for tasks to queue
[2024-07-18T18:46:17.814+0200] {logging_mixin.py:188} INFO - [2024-07-18T18:46:17.814+0200] {dagbag.py:545} INFO - Filling up the DagBag from /home/richonlinux/Documents/GitHub/AirflowTuto/venv/lib/python3.10/site-packages/airflow/example_dags/example_latest_only.py
[2024-07-18T18:46:17.818+0200] {processor.py:840} INFO - DAG(s) 'latest_only' retrieved from /home/richonlinux/Documents/GitHub/AirflowTuto/venv/lib/python3.10/site-packages/airflow/example_dags/example_latest_only.py
[2024-07-18T18:46:17.827+0200] {logging_mixin.py:188} INFO - [2024-07-18T18:46:17.827+0200] {dag.py:3089} INFO - Sync 1 DAGs
[2024-07-18T18:46:17.839+0200] {logging_mixin.py:188} INFO - [2024-07-18T18:46:17.839+0200] {dag.py:3947} INFO - Setting next_dagrun for latest_only to 2024-07-18 12:00:00+00:00, run_after=2024-07-18 16:00:00+00:00
[2024-07-18T18:46:17.852+0200] {processor.py:183} INFO - Processing /home/richonlinux/Documents/GitHub/AirflowTuto/venv/lib/python3.10/site-packages/airflow/example_dags/example_latest_only.py took 0.045 seconds
[2024-07-18T18:49:30.523+0200] {processor.py:161} INFO - Started process (PID=266089) to work on /home/richonlinux/Documents/GitHub/AirflowTuto/venv/lib/python3.10/site-packages/airflow/example_dags/example_latest_only.py
[2024-07-18T18:49:30.527+0200] {processor.py:830} INFO - Processing file /home/richonlinux/Documents/GitHub/AirflowTuto/venv/lib/python3.10/site-packages/airflow/example_dags/example_latest_only.py for tasks to queue
[2024-07-18T18:49:30.530+0200] {logging_mixin.py:188} INFO - [2024-07-18T18:49:30.529+0200] {dagbag.py:545} INFO - Filling up the DagBag from /home/richonlinux/Documents/GitHub/AirflowTuto/venv/lib/python3.10/site-packages/airflow/example_dags/example_latest_only.py
[2024-07-18T18:49:30.538+0200] {processor.py:840} INFO - DAG(s) 'latest_only' retrieved from /home/richonlinux/Documents/GitHub/AirflowTuto/venv/lib/python3.10/site-packages/airflow/example_dags/example_latest_only.py
[2024-07-18T18:49:30.543+0200] {logging_mixin.py:188} INFO - [2024-07-18T18:49:30.543+0200] {dag.py:3089} INFO - Sync 1 DAGs
[2024-07-18T18:49:30.552+0200] {logging_mixin.py:188} INFO - [2024-07-18T18:49:30.552+0200] {dag.py:3947} INFO - Setting next_dagrun for latest_only to 2024-07-18 12:00:00+00:00, run_after=2024-07-18 16:00:00+00:00
[2024-07-18T18:49:30.564+0200] {processor.py:183} INFO - Processing /home/richonlinux/Documents/GitHub/AirflowTuto/venv/lib/python3.10/site-packages/airflow/example_dags/example_latest_only.py took 0.046 seconds
[2024-07-18T18:51:23.913+0200] {processor.py:161} INFO - Started process (PID=268349) to work on /home/richonlinux/Documents/GitHub/AirflowTuto/venv/lib/python3.10/site-packages/airflow/example_dags/example_latest_only.py
[2024-07-18T18:51:23.914+0200] {processor.py:830} INFO - Processing file /home/richonlinux/Documents/GitHub/AirflowTuto/venv/lib/python3.10/site-packages/airflow/example_dags/example_latest_only.py for tasks to queue
[2024-07-18T18:51:23.915+0200] {logging_mixin.py:188} INFO - [2024-07-18T18:51:23.915+0200] {dagbag.py:545} INFO - Filling up the DagBag from /home/richonlinux/Documents/GitHub/AirflowTuto/venv/lib/python3.10/site-packages/airflow/example_dags/example_latest_only.py
[2024-07-18T18:51:23.919+0200] {processor.py:840} INFO - DAG(s) 'latest_only' retrieved from /home/richonlinux/Documents/GitHub/AirflowTuto/venv/lib/python3.10/site-packages/airflow/example_dags/example_latest_only.py
[2024-07-18T18:51:23.925+0200] {logging_mixin.py:188} INFO - [2024-07-18T18:51:23.924+0200] {dag.py:3089} INFO - Sync 1 DAGs
[2024-07-18T18:51:23.937+0200] {logging_mixin.py:188} INFO - [2024-07-18T18:51:23.937+0200] {dag.py:3947} INFO - Setting next_dagrun for latest_only to 2024-07-18 12:00:00+00:00, run_after=2024-07-18 16:00:00+00:00
[2024-07-18T18:51:23.953+0200] {processor.py:183} INFO - Processing /home/richonlinux/Documents/GitHub/AirflowTuto/venv/lib/python3.10/site-packages/airflow/example_dags/example_latest_only.py took 0.044 seconds
[2024-07-18T18:52:12.252+0200] {processor.py:161} INFO - Started process (PID=269095) to work on /home/richonlinux/Documents/GitHub/AirflowTuto/venv/lib/python3.10/site-packages/airflow/example_dags/example_latest_only.py
[2024-07-18T18:52:12.253+0200] {processor.py:830} INFO - Processing file /home/richonlinux/Documents/GitHub/AirflowTuto/venv/lib/python3.10/site-packages/airflow/example_dags/example_latest_only.py for tasks to queue
[2024-07-18T18:52:12.255+0200] {logging_mixin.py:188} INFO - [2024-07-18T18:52:12.255+0200] {dagbag.py:545} INFO - Filling up the DagBag from /home/richonlinux/Documents/GitHub/AirflowTuto/venv/lib/python3.10/site-packages/airflow/example_dags/example_latest_only.py
[2024-07-18T18:52:12.259+0200] {processor.py:840} INFO - DAG(s) 'latest_only' retrieved from /home/richonlinux/Documents/GitHub/AirflowTuto/venv/lib/python3.10/site-packages/airflow/example_dags/example_latest_only.py
[2024-07-18T18:52:12.306+0200] {logging_mixin.py:188} INFO - [2024-07-18T18:52:12.306+0200] {dag.py:3089} INFO - Sync 1 DAGs
[2024-07-18T18:52:12.373+0200] {logging_mixin.py:188} INFO - [2024-07-18T18:52:12.373+0200] {dag.py:3947} INFO - Setting next_dagrun for latest_only to 2024-07-18 12:00:00+00:00, run_after=2024-07-18 16:00:00+00:00
[2024-07-18T18:52:12.391+0200] {processor.py:183} INFO - Processing /home/richonlinux/Documents/GitHub/AirflowTuto/venv/lib/python3.10/site-packages/airflow/example_dags/example_latest_only.py took 0.145 seconds
[2024-07-18T18:52:55.803+0200] {processor.py:161} INFO - Started process (PID=270222) to work on /home/richonlinux/Documents/GitHub/AirflowTuto/venv/lib/python3.10/site-packages/airflow/example_dags/example_latest_only.py
[2024-07-18T18:52:55.804+0200] {processor.py:830} INFO - Processing file /home/richonlinux/Documents/GitHub/AirflowTuto/venv/lib/python3.10/site-packages/airflow/example_dags/example_latest_only.py for tasks to queue
[2024-07-18T18:52:55.806+0200] {logging_mixin.py:188} INFO - [2024-07-18T18:52:55.806+0200] {dagbag.py:545} INFO - Filling up the DagBag from /home/richonlinux/Documents/GitHub/AirflowTuto/venv/lib/python3.10/site-packages/airflow/example_dags/example_latest_only.py
[2024-07-18T18:52:55.809+0200] {processor.py:840} INFO - DAG(s) 'latest_only' retrieved from /home/richonlinux/Documents/GitHub/AirflowTuto/venv/lib/python3.10/site-packages/airflow/example_dags/example_latest_only.py
[2024-07-18T18:52:55.817+0200] {logging_mixin.py:188} INFO - [2024-07-18T18:52:55.817+0200] {dag.py:3089} INFO - Sync 1 DAGs
[2024-07-18T18:52:55.827+0200] {logging_mixin.py:188} INFO - [2024-07-18T18:52:55.827+0200] {dag.py:3947} INFO - Setting next_dagrun for latest_only to 2024-07-18 12:00:00+00:00, run_after=2024-07-18 16:00:00+00:00
[2024-07-18T18:52:55.839+0200] {processor.py:183} INFO - Processing /home/richonlinux/Documents/GitHub/AirflowTuto/venv/lib/python3.10/site-packages/airflow/example_dags/example_latest_only.py took 0.043 seconds
[2024-07-18T18:53:41.411+0200] {processor.py:161} INFO - Started process (PID=271482) to work on /home/richonlinux/Documents/GitHub/AirflowTuto/venv/lib/python3.10/site-packages/airflow/example_dags/example_latest_only.py
[2024-07-18T18:53:41.412+0200] {processor.py:830} INFO - Processing file /home/richonlinux/Documents/GitHub/AirflowTuto/venv/lib/python3.10/site-packages/airflow/example_dags/example_latest_only.py for tasks to queue
[2024-07-18T18:53:41.413+0200] {logging_mixin.py:188} INFO - [2024-07-18T18:53:41.412+0200] {dagbag.py:545} INFO - Filling up the DagBag from /home/richonlinux/Documents/GitHub/AirflowTuto/venv/lib/python3.10/site-packages/airflow/example_dags/example_latest_only.py
[2024-07-18T18:53:41.416+0200] {processor.py:840} INFO - DAG(s) 'latest_only' retrieved from /home/richonlinux/Documents/GitHub/AirflowTuto/venv/lib/python3.10/site-packages/airflow/example_dags/example_latest_only.py
[2024-07-18T18:53:41.482+0200] {logging_mixin.py:188} INFO - [2024-07-18T18:53:41.482+0200] {dag.py:3089} INFO - Sync 1 DAGs
[2024-07-18T18:53:41.491+0200] {logging_mixin.py:188} INFO - [2024-07-18T18:53:41.491+0200] {dag.py:3947} INFO - Setting next_dagrun for latest_only to 2024-07-18 12:00:00+00:00, run_after=2024-07-18 16:00:00+00:00
[2024-07-18T18:53:41.502+0200] {processor.py:183} INFO - Processing /home/richonlinux/Documents/GitHub/AirflowTuto/venv/lib/python3.10/site-packages/airflow/example_dags/example_latest_only.py took 0.095 seconds
[2024-07-18T18:54:25.714+0200] {processor.py:161} INFO - Started process (PID=272241) to work on /home/richonlinux/Documents/GitHub/AirflowTuto/venv/lib/python3.10/site-packages/airflow/example_dags/example_latest_only.py
[2024-07-18T18:54:25.718+0200] {processor.py:830} INFO - Processing file /home/richonlinux/Documents/GitHub/AirflowTuto/venv/lib/python3.10/site-packages/airflow/example_dags/example_latest_only.py for tasks to queue
[2024-07-18T18:54:25.720+0200] {logging_mixin.py:188} INFO - [2024-07-18T18:54:25.720+0200] {dagbag.py:545} INFO - Filling up the DagBag from /home/richonlinux/Documents/GitHub/AirflowTuto/venv/lib/python3.10/site-packages/airflow/example_dags/example_latest_only.py
[2024-07-18T18:54:25.725+0200] {processor.py:840} INFO - DAG(s) 'latest_only' retrieved from /home/richonlinux/Documents/GitHub/AirflowTuto/venv/lib/python3.10/site-packages/airflow/example_dags/example_latest_only.py
[2024-07-18T18:54:25.734+0200] {logging_mixin.py:188} INFO - [2024-07-18T18:54:25.733+0200] {dag.py:3089} INFO - Sync 1 DAGs
[2024-07-18T18:54:25.744+0200] {logging_mixin.py:188} INFO - [2024-07-18T18:54:25.744+0200] {dag.py:3947} INFO - Setting next_dagrun for latest_only to 2024-07-18 12:00:00+00:00, run_after=2024-07-18 16:00:00+00:00
[2024-07-18T18:54:25.756+0200] {processor.py:183} INFO - Processing /home/richonlinux/Documents/GitHub/AirflowTuto/venv/lib/python3.10/site-packages/airflow/example_dags/example_latest_only.py took 0.050 seconds
[2024-07-18T18:55:07.980+0200] {processor.py:161} INFO - Started process (PID=272847) to work on /home/richonlinux/Documents/GitHub/AirflowTuto/venv/lib/python3.10/site-packages/airflow/example_dags/example_latest_only.py
[2024-07-18T18:55:07.981+0200] {processor.py:830} INFO - Processing file /home/richonlinux/Documents/GitHub/AirflowTuto/venv/lib/python3.10/site-packages/airflow/example_dags/example_latest_only.py for tasks to queue
[2024-07-18T18:55:07.982+0200] {logging_mixin.py:188} INFO - [2024-07-18T18:55:07.981+0200] {dagbag.py:545} INFO - Filling up the DagBag from /home/richonlinux/Documents/GitHub/AirflowTuto/venv/lib/python3.10/site-packages/airflow/example_dags/example_latest_only.py
[2024-07-18T18:55:07.986+0200] {processor.py:840} INFO - DAG(s) 'latest_only' retrieved from /home/richonlinux/Documents/GitHub/AirflowTuto/venv/lib/python3.10/site-packages/airflow/example_dags/example_latest_only.py
[2024-07-18T18:55:07.997+0200] {logging_mixin.py:188} INFO - [2024-07-18T18:55:07.997+0200] {dag.py:3089} INFO - Sync 1 DAGs
[2024-07-18T18:55:08.010+0200] {logging_mixin.py:188} INFO - [2024-07-18T18:55:08.009+0200] {dag.py:3947} INFO - Setting next_dagrun for latest_only to 2024-07-18 12:00:00+00:00, run_after=2024-07-18 16:00:00+00:00
[2024-07-18T18:55:08.023+0200] {processor.py:183} INFO - Processing /home/richonlinux/Documents/GitHub/AirflowTuto/venv/lib/python3.10/site-packages/airflow/example_dags/example_latest_only.py took 0.047 seconds
[2024-07-18T18:55:57.810+0200] {processor.py:161} INFO - Started process (PID=273686) to work on /home/richonlinux/Documents/GitHub/AirflowTuto/venv/lib/python3.10/site-packages/airflow/example_dags/example_latest_only.py
[2024-07-18T18:55:57.814+0200] {processor.py:830} INFO - Processing file /home/richonlinux/Documents/GitHub/AirflowTuto/venv/lib/python3.10/site-packages/airflow/example_dags/example_latest_only.py for tasks to queue
[2024-07-18T18:55:57.815+0200] {logging_mixin.py:188} INFO - [2024-07-18T18:55:57.815+0200] {dagbag.py:545} INFO - Filling up the DagBag from /home/richonlinux/Documents/GitHub/AirflowTuto/venv/lib/python3.10/site-packages/airflow/example_dags/example_latest_only.py
[2024-07-18T18:55:57.819+0200] {processor.py:840} INFO - DAG(s) 'latest_only' retrieved from /home/richonlinux/Documents/GitHub/AirflowTuto/venv/lib/python3.10/site-packages/airflow/example_dags/example_latest_only.py
[2024-07-18T18:55:57.829+0200] {logging_mixin.py:188} INFO - [2024-07-18T18:55:57.829+0200] {dag.py:3089} INFO - Sync 1 DAGs
[2024-07-18T18:55:57.841+0200] {logging_mixin.py:188} INFO - [2024-07-18T18:55:57.841+0200] {dag.py:3947} INFO - Setting next_dagrun for latest_only to 2024-07-18 12:00:00+00:00, run_after=2024-07-18 16:00:00+00:00
[2024-07-18T18:55:57.855+0200] {processor.py:183} INFO - Processing /home/richonlinux/Documents/GitHub/AirflowTuto/venv/lib/python3.10/site-packages/airflow/example_dags/example_latest_only.py took 0.049 seconds
[2024-07-18T18:56:37.725+0200] {processor.py:161} INFO - Started process (PID=274412) to work on /home/richonlinux/Documents/GitHub/AirflowTuto/venv/lib/python3.10/site-packages/airflow/example_dags/example_latest_only.py
[2024-07-18T18:56:37.727+0200] {processor.py:830} INFO - Processing file /home/richonlinux/Documents/GitHub/AirflowTuto/venv/lib/python3.10/site-packages/airflow/example_dags/example_latest_only.py for tasks to queue
[2024-07-18T18:56:37.729+0200] {logging_mixin.py:188} INFO - [2024-07-18T18:56:37.728+0200] {dagbag.py:545} INFO - Filling up the DagBag from /home/richonlinux/Documents/GitHub/AirflowTuto/venv/lib/python3.10/site-packages/airflow/example_dags/example_latest_only.py
[2024-07-18T18:56:37.733+0200] {processor.py:840} INFO - DAG(s) 'latest_only' retrieved from /home/richonlinux/Documents/GitHub/AirflowTuto/venv/lib/python3.10/site-packages/airflow/example_dags/example_latest_only.py
[2024-07-18T18:56:37.742+0200] {logging_mixin.py:188} INFO - [2024-07-18T18:56:37.741+0200] {dag.py:3089} INFO - Sync 1 DAGs
[2024-07-18T18:56:37.751+0200] {logging_mixin.py:188} INFO - [2024-07-18T18:56:37.751+0200] {dag.py:3947} INFO - Setting next_dagrun for latest_only to 2024-07-18 12:00:00+00:00, run_after=2024-07-18 16:00:00+00:00
[2024-07-18T18:56:37.764+0200] {processor.py:183} INFO - Processing /home/richonlinux/Documents/GitHub/AirflowTuto/venv/lib/python3.10/site-packages/airflow/example_dags/example_latest_only.py took 0.048 seconds
[2024-07-18T18:57:14.886+0200] {processor.py:161} INFO - Started process (PID=275025) to work on /home/richonlinux/Documents/GitHub/AirflowTuto/venv/lib/python3.10/site-packages/airflow/example_dags/example_latest_only.py
[2024-07-18T18:57:14.887+0200] {processor.py:830} INFO - Processing file /home/richonlinux/Documents/GitHub/AirflowTuto/venv/lib/python3.10/site-packages/airflow/example_dags/example_latest_only.py for tasks to queue
[2024-07-18T18:57:14.888+0200] {logging_mixin.py:188} INFO - [2024-07-18T18:57:14.888+0200] {dagbag.py:545} INFO - Filling up the DagBag from /home/richonlinux/Documents/GitHub/AirflowTuto/venv/lib/python3.10/site-packages/airflow/example_dags/example_latest_only.py
[2024-07-18T18:57:14.892+0200] {processor.py:840} INFO - DAG(s) 'latest_only' retrieved from /home/richonlinux/Documents/GitHub/AirflowTuto/venv/lib/python3.10/site-packages/airflow/example_dags/example_latest_only.py
[2024-07-18T18:57:14.903+0200] {logging_mixin.py:188} INFO - [2024-07-18T18:57:14.903+0200] {dag.py:3089} INFO - Sync 1 DAGs
[2024-07-18T18:57:14.916+0200] {logging_mixin.py:188} INFO - [2024-07-18T18:57:14.916+0200] {dag.py:3947} INFO - Setting next_dagrun for latest_only to 2024-07-18 12:00:00+00:00, run_after=2024-07-18 16:00:00+00:00
[2024-07-18T18:57:14.933+0200] {processor.py:183} INFO - Processing /home/richonlinux/Documents/GitHub/AirflowTuto/venv/lib/python3.10/site-packages/airflow/example_dags/example_latest_only.py took 0.050 seconds
[2024-07-18T18:57:54.986+0200] {processor.py:161} INFO - Started process (PID=275653) to work on /home/richonlinux/Documents/GitHub/AirflowTuto/venv/lib/python3.10/site-packages/airflow/example_dags/example_latest_only.py
[2024-07-18T18:57:54.987+0200] {processor.py:830} INFO - Processing file /home/richonlinux/Documents/GitHub/AirflowTuto/venv/lib/python3.10/site-packages/airflow/example_dags/example_latest_only.py for tasks to queue
[2024-07-18T18:57:54.988+0200] {logging_mixin.py:188} INFO - [2024-07-18T18:57:54.987+0200] {dagbag.py:545} INFO - Filling up the DagBag from /home/richonlinux/Documents/GitHub/AirflowTuto/venv/lib/python3.10/site-packages/airflow/example_dags/example_latest_only.py
[2024-07-18T18:57:54.991+0200] {processor.py:840} INFO - DAG(s) 'latest_only' retrieved from /home/richonlinux/Documents/GitHub/AirflowTuto/venv/lib/python3.10/site-packages/airflow/example_dags/example_latest_only.py
[2024-07-18T18:57:54.999+0200] {logging_mixin.py:188} INFO - [2024-07-18T18:57:54.999+0200] {dag.py:3089} INFO - Sync 1 DAGs
[2024-07-18T18:57:55.009+0200] {logging_mixin.py:188} INFO - [2024-07-18T18:57:55.009+0200] {dag.py:3947} INFO - Setting next_dagrun for latest_only to 2024-07-18 12:00:00+00:00, run_after=2024-07-18 16:00:00+00:00
[2024-07-18T18:57:55.021+0200] {processor.py:183} INFO - Processing /home/richonlinux/Documents/GitHub/AirflowTuto/venv/lib/python3.10/site-packages/airflow/example_dags/example_latest_only.py took 0.039 seconds
[2024-07-18T18:58:34.418+0200] {processor.py:161} INFO - Started process (PID=276289) to work on /home/richonlinux/Documents/GitHub/AirflowTuto/venv/lib/python3.10/site-packages/airflow/example_dags/example_latest_only.py
[2024-07-18T18:58:34.419+0200] {processor.py:830} INFO - Processing file /home/richonlinux/Documents/GitHub/AirflowTuto/venv/lib/python3.10/site-packages/airflow/example_dags/example_latest_only.py for tasks to queue
[2024-07-18T18:58:34.420+0200] {logging_mixin.py:188} INFO - [2024-07-18T18:58:34.420+0200] {dagbag.py:545} INFO - Filling up the DagBag from /home/richonlinux/Documents/GitHub/AirflowTuto/venv/lib/python3.10/site-packages/airflow/example_dags/example_latest_only.py
[2024-07-18T18:58:34.423+0200] {processor.py:840} INFO - DAG(s) 'latest_only' retrieved from /home/richonlinux/Documents/GitHub/AirflowTuto/venv/lib/python3.10/site-packages/airflow/example_dags/example_latest_only.py
[2024-07-18T18:58:34.432+0200] {logging_mixin.py:188} INFO - [2024-07-18T18:58:34.432+0200] {dag.py:3089} INFO - Sync 1 DAGs
[2024-07-18T18:58:34.443+0200] {logging_mixin.py:188} INFO - [2024-07-18T18:58:34.443+0200] {dag.py:3947} INFO - Setting next_dagrun for latest_only to 2024-07-18 12:00:00+00:00, run_after=2024-07-18 16:00:00+00:00
[2024-07-18T18:58:34.456+0200] {processor.py:183} INFO - Processing /home/richonlinux/Documents/GitHub/AirflowTuto/venv/lib/python3.10/site-packages/airflow/example_dags/example_latest_only.py took 0.042 seconds
[2024-07-18T18:59:15.181+0200] {processor.py:161} INFO - Started process (PID=277026) to work on /home/richonlinux/Documents/GitHub/AirflowTuto/venv/lib/python3.10/site-packages/airflow/example_dags/example_latest_only.py
[2024-07-18T18:59:15.185+0200] {processor.py:830} INFO - Processing file /home/richonlinux/Documents/GitHub/AirflowTuto/venv/lib/python3.10/site-packages/airflow/example_dags/example_latest_only.py for tasks to queue
[2024-07-18T18:59:15.187+0200] {logging_mixin.py:188} INFO - [2024-07-18T18:59:15.187+0200] {dagbag.py:545} INFO - Filling up the DagBag from /home/richonlinux/Documents/GitHub/AirflowTuto/venv/lib/python3.10/site-packages/airflow/example_dags/example_latest_only.py
[2024-07-18T18:59:15.193+0200] {processor.py:840} INFO - DAG(s) 'latest_only' retrieved from /home/richonlinux/Documents/GitHub/AirflowTuto/venv/lib/python3.10/site-packages/airflow/example_dags/example_latest_only.py
[2024-07-18T18:59:15.202+0200] {logging_mixin.py:188} INFO - [2024-07-18T18:59:15.202+0200] {dag.py:3089} INFO - Sync 1 DAGs
[2024-07-18T18:59:15.212+0200] {logging_mixin.py:188} INFO - [2024-07-18T18:59:15.211+0200] {dag.py:3947} INFO - Setting next_dagrun for latest_only to 2024-07-18 12:00:00+00:00, run_after=2024-07-18 16:00:00+00:00
[2024-07-18T18:59:15.223+0200] {processor.py:183} INFO - Processing /home/richonlinux/Documents/GitHub/AirflowTuto/venv/lib/python3.10/site-packages/airflow/example_dags/example_latest_only.py took 0.052 seconds
