[2024-07-18T18:16:39.668+0200] {processor.py:161} INFO - Started process (PID=258292) to work on /home/richonlinux/Documents/GitHub/AirflowTuto/venv/lib/python3.10/site-packages/airflow/example_dags/example_xcom.py
[2024-07-18T18:16:39.668+0200] {processor.py:830} INFO - Processing file /home/richonlinux/Documents/GitHub/AirflowTuto/venv/lib/python3.10/site-packages/airflow/example_dags/example_xcom.py for tasks to queue
[2024-07-18T18:16:39.669+0200] {logging_mixin.py:188} INFO - [2024-07-18T18:16:39.669+0200] {dagbag.py:545} INFO - Filling up the DagBag from /home/richonlinux/Documents/GitHub/AirflowTuto/venv/lib/python3.10/site-packages/airflow/example_dags/example_xcom.py
[2024-07-18T18:16:39.673+0200] {processor.py:840} INFO - DAG(s) 'example_xcom' retrieved from /home/richonlinux/Documents/GitHub/AirflowTuto/venv/lib/python3.10/site-packages/airflow/example_dags/example_xcom.py
[2024-07-18T18:16:39.732+0200] {logging_mixin.py:188} INFO - [2024-07-18T18:16:39.732+0200] {override.py:1858} INFO - Created Permission View: can edit on DAG:example_xcom
[2024-07-18T18:16:39.741+0200] {logging_mixin.py:188} INFO - [2024-07-18T18:16:39.741+0200] {override.py:1858} INFO - Created Permission View: can read on DAG:example_xcom
[2024-07-18T18:16:39.747+0200] {logging_mixin.py:188} INFO - [2024-07-18T18:16:39.747+0200] {override.py:1858} INFO - Created Permission View: can delete on DAG:example_xcom
[2024-07-18T18:16:39.747+0200] {logging_mixin.py:188} INFO - [2024-07-18T18:16:39.747+0200] {dag.py:3089} INFO - Sync 1 DAGs
[2024-07-18T18:16:39.753+0200] {logging_mixin.py:188} INFO - [2024-07-18T18:16:39.752+0200] {dag.py:3111} INFO - Creating ORM DAG for example_xcom
[2024-07-18T18:16:39.757+0200] {logging_mixin.py:188} INFO - [2024-07-18T18:16:39.757+0200] {dag.py:3947} INFO - Setting next_dagrun for example_xcom to 2021-01-01 00:00:00+00:00, run_after=2021-01-01 00:00:00+00:00
[2024-07-18T18:16:39.769+0200] {processor.py:183} INFO - Processing /home/richonlinux/Documents/GitHub/AirflowTuto/venv/lib/python3.10/site-packages/airflow/example_dags/example_xcom.py took 0.105 seconds
[2024-07-18T18:17:32.058+0200] {processor.py:161} INFO - Started process (PID=259139) to work on /home/richonlinux/Documents/GitHub/AirflowTuto/venv/lib/python3.10/site-packages/airflow/example_dags/example_xcom.py
[2024-07-18T18:17:32.059+0200] {processor.py:830} INFO - Processing file /home/richonlinux/Documents/GitHub/AirflowTuto/venv/lib/python3.10/site-packages/airflow/example_dags/example_xcom.py for tasks to queue
[2024-07-18T18:17:32.060+0200] {logging_mixin.py:188} INFO - [2024-07-18T18:17:32.060+0200] {dagbag.py:545} INFO - Filling up the DagBag from /home/richonlinux/Documents/GitHub/AirflowTuto/venv/lib/python3.10/site-packages/airflow/example_dags/example_xcom.py
[2024-07-18T18:17:32.064+0200] {processor.py:840} INFO - DAG(s) 'example_xcom' retrieved from /home/richonlinux/Documents/GitHub/AirflowTuto/venv/lib/python3.10/site-packages/airflow/example_dags/example_xcom.py
[2024-07-18T18:17:32.076+0200] {logging_mixin.py:188} INFO - [2024-07-18T18:17:32.076+0200] {dag.py:3089} INFO - Sync 1 DAGs
[2024-07-18T18:17:32.088+0200] {logging_mixin.py:188} INFO - [2024-07-18T18:17:32.088+0200] {dag.py:3947} INFO - Setting next_dagrun for example_xcom to 2021-01-01 00:00:00+00:00, run_after=2021-01-01 00:00:00+00:00
[2024-07-18T18:17:32.107+0200] {processor.py:183} INFO - Processing /home/richonlinux/Documents/GitHub/AirflowTuto/venv/lib/python3.10/site-packages/airflow/example_dags/example_xcom.py took 0.052 seconds
[2024-07-18T18:44:20.218+0200] {processor.py:161} INFO - Started process (PID=260335) to work on /home/richonlinux/Documents/GitHub/AirflowTuto/venv/lib/python3.10/site-packages/airflow/example_dags/example_xcom.py
[2024-07-18T18:44:20.218+0200] {processor.py:830} INFO - Processing file /home/richonlinux/Documents/GitHub/AirflowTuto/venv/lib/python3.10/site-packages/airflow/example_dags/example_xcom.py for tasks to queue
[2024-07-18T18:44:20.220+0200] {logging_mixin.py:188} INFO - [2024-07-18T18:44:20.219+0200] {dagbag.py:545} INFO - Filling up the DagBag from /home/richonlinux/Documents/GitHub/AirflowTuto/venv/lib/python3.10/site-packages/airflow/example_dags/example_xcom.py
[2024-07-18T18:44:20.224+0200] {processor.py:840} INFO - DAG(s) 'example_xcom' retrieved from /home/richonlinux/Documents/GitHub/AirflowTuto/venv/lib/python3.10/site-packages/airflow/example_dags/example_xcom.py
[2024-07-18T18:44:20.234+0200] {logging_mixin.py:188} INFO - [2024-07-18T18:44:20.234+0200] {dag.py:3089} INFO - Sync 1 DAGs
[2024-07-18T18:44:20.308+0200] {logging_mixin.py:188} INFO - [2024-07-18T18:44:20.308+0200] {dag.py:3947} INFO - Setting next_dagrun for example_xcom to 2021-01-01 00:00:00+00:00, run_after=2021-01-01 00:00:00+00:00
[2024-07-18T18:44:20.319+0200] {processor.py:183} INFO - Processing /home/richonlinux/Documents/GitHub/AirflowTuto/venv/lib/python3.10/site-packages/airflow/example_dags/example_xcom.py took 0.105 seconds
[2024-07-18T18:45:13.134+0200] {processor.py:161} INFO - Started process (PID=261442) to work on /home/richonlinux/Documents/GitHub/AirflowTuto/venv/lib/python3.10/site-packages/airflow/example_dags/example_xcom.py
[2024-07-18T18:45:13.135+0200] {processor.py:830} INFO - Processing file /home/richonlinux/Documents/GitHub/AirflowTuto/venv/lib/python3.10/site-packages/airflow/example_dags/example_xcom.py for tasks to queue
[2024-07-18T18:45:13.136+0200] {logging_mixin.py:188} INFO - [2024-07-18T18:45:13.136+0200] {dagbag.py:545} INFO - Filling up the DagBag from /home/richonlinux/Documents/GitHub/AirflowTuto/venv/lib/python3.10/site-packages/airflow/example_dags/example_xcom.py
[2024-07-18T18:45:13.143+0200] {processor.py:840} INFO - DAG(s) 'example_xcom' retrieved from /home/richonlinux/Documents/GitHub/AirflowTuto/venv/lib/python3.10/site-packages/airflow/example_dags/example_xcom.py
[2024-07-18T18:45:13.152+0200] {logging_mixin.py:188} INFO - [2024-07-18T18:45:13.152+0200] {dag.py:3089} INFO - Sync 1 DAGs
[2024-07-18T18:45:13.163+0200] {logging_mixin.py:188} INFO - [2024-07-18T18:45:13.162+0200] {dag.py:3947} INFO - Setting next_dagrun for example_xcom to 2021-01-01 00:00:00+00:00, run_after=2021-01-01 00:00:00+00:00
[2024-07-18T18:45:13.176+0200] {processor.py:183} INFO - Processing /home/richonlinux/Documents/GitHub/AirflowTuto/venv/lib/python3.10/site-packages/airflow/example_dags/example_xcom.py took 0.047 seconds
[2024-07-18T18:46:08.688+0200] {processor.py:161} INFO - Started process (PID=262689) to work on /home/richonlinux/Documents/GitHub/AirflowTuto/venv/lib/python3.10/site-packages/airflow/example_dags/example_xcom.py
[2024-07-18T18:46:08.689+0200] {processor.py:830} INFO - Processing file /home/richonlinux/Documents/GitHub/AirflowTuto/venv/lib/python3.10/site-packages/airflow/example_dags/example_xcom.py for tasks to queue
[2024-07-18T18:46:08.690+0200] {logging_mixin.py:188} INFO - [2024-07-18T18:46:08.690+0200] {dagbag.py:545} INFO - Filling up the DagBag from /home/richonlinux/Documents/GitHub/AirflowTuto/venv/lib/python3.10/site-packages/airflow/example_dags/example_xcom.py
[2024-07-18T18:46:08.695+0200] {processor.py:840} INFO - DAG(s) 'example_xcom' retrieved from /home/richonlinux/Documents/GitHub/AirflowTuto/venv/lib/python3.10/site-packages/airflow/example_dags/example_xcom.py
[2024-07-18T18:46:08.706+0200] {logging_mixin.py:188} INFO - [2024-07-18T18:46:08.706+0200] {dag.py:3089} INFO - Sync 1 DAGs
[2024-07-18T18:46:08.716+0200] {logging_mixin.py:188} INFO - [2024-07-18T18:46:08.716+0200] {dag.py:3947} INFO - Setting next_dagrun for example_xcom to 2021-01-01 00:00:00+00:00, run_after=2021-01-01 00:00:00+00:00
[2024-07-18T18:46:08.731+0200] {processor.py:183} INFO - Processing /home/richonlinux/Documents/GitHub/AirflowTuto/venv/lib/python3.10/site-packages/airflow/example_dags/example_xcom.py took 0.047 seconds
[2024-07-18T18:49:51.094+0200] {processor.py:161} INFO - Started process (PID=266679) to work on /home/richonlinux/Documents/GitHub/AirflowTuto/venv/lib/python3.10/site-packages/airflow/example_dags/example_xcom.py
[2024-07-18T18:49:51.095+0200] {processor.py:830} INFO - Processing file /home/richonlinux/Documents/GitHub/AirflowTuto/venv/lib/python3.10/site-packages/airflow/example_dags/example_xcom.py for tasks to queue
[2024-07-18T18:49:51.097+0200] {logging_mixin.py:188} INFO - [2024-07-18T18:49:51.097+0200] {dagbag.py:545} INFO - Filling up the DagBag from /home/richonlinux/Documents/GitHub/AirflowTuto/venv/lib/python3.10/site-packages/airflow/example_dags/example_xcom.py
[2024-07-18T18:49:51.103+0200] {processor.py:840} INFO - DAG(s) 'example_xcom' retrieved from /home/richonlinux/Documents/GitHub/AirflowTuto/venv/lib/python3.10/site-packages/airflow/example_dags/example_xcom.py
[2024-07-18T18:49:51.165+0200] {logging_mixin.py:188} INFO - [2024-07-18T18:49:51.164+0200] {dag.py:3089} INFO - Sync 1 DAGs
[2024-07-18T18:49:51.177+0200] {logging_mixin.py:188} INFO - [2024-07-18T18:49:51.177+0200] {dag.py:3947} INFO - Setting next_dagrun for example_xcom to 2021-01-01 00:00:00+00:00, run_after=2021-01-01 00:00:00+00:00
[2024-07-18T18:49:51.197+0200] {processor.py:183} INFO - Processing /home/richonlinux/Documents/GitHub/AirflowTuto/venv/lib/python3.10/site-packages/airflow/example_dags/example_xcom.py took 0.108 seconds
[2024-07-18T18:51:44.435+0200] {processor.py:161} INFO - Started process (PID=268664) to work on /home/richonlinux/Documents/GitHub/AirflowTuto/venv/lib/python3.10/site-packages/airflow/example_dags/example_xcom.py
[2024-07-18T18:51:44.436+0200] {processor.py:830} INFO - Processing file /home/richonlinux/Documents/GitHub/AirflowTuto/venv/lib/python3.10/site-packages/airflow/example_dags/example_xcom.py for tasks to queue
[2024-07-18T18:51:44.437+0200] {logging_mixin.py:188} INFO - [2024-07-18T18:51:44.437+0200] {dagbag.py:545} INFO - Filling up the DagBag from /home/richonlinux/Documents/GitHub/AirflowTuto/venv/lib/python3.10/site-packages/airflow/example_dags/example_xcom.py
[2024-07-18T18:51:44.444+0200] {processor.py:840} INFO - DAG(s) 'example_xcom' retrieved from /home/richonlinux/Documents/GitHub/AirflowTuto/venv/lib/python3.10/site-packages/airflow/example_dags/example_xcom.py
[2024-07-18T18:51:44.492+0200] {logging_mixin.py:188} INFO - [2024-07-18T18:51:44.492+0200] {dag.py:3089} INFO - Sync 1 DAGs
[2024-07-18T18:51:44.500+0200] {logging_mixin.py:188} INFO - [2024-07-18T18:51:44.499+0200] {dag.py:3947} INFO - Setting next_dagrun for example_xcom to 2021-01-01 00:00:00+00:00, run_after=2021-01-01 00:00:00+00:00
[2024-07-18T18:51:44.512+0200] {processor.py:183} INFO - Processing /home/richonlinux/Documents/GitHub/AirflowTuto/venv/lib/python3.10/site-packages/airflow/example_dags/example_xcom.py took 0.081 seconds
[2024-07-18T18:52:36.646+0200] {processor.py:161} INFO - Started process (PID=269776) to work on /home/richonlinux/Documents/GitHub/AirflowTuto/venv/lib/python3.10/site-packages/airflow/example_dags/example_xcom.py
[2024-07-18T18:52:36.650+0200] {processor.py:830} INFO - Processing file /home/richonlinux/Documents/GitHub/AirflowTuto/venv/lib/python3.10/site-packages/airflow/example_dags/example_xcom.py for tasks to queue
[2024-07-18T18:52:36.651+0200] {logging_mixin.py:188} INFO - [2024-07-18T18:52:36.651+0200] {dagbag.py:545} INFO - Filling up the DagBag from /home/richonlinux/Documents/GitHub/AirflowTuto/venv/lib/python3.10/site-packages/airflow/example_dags/example_xcom.py
[2024-07-18T18:52:36.655+0200] {processor.py:840} INFO - DAG(s) 'example_xcom' retrieved from /home/richonlinux/Documents/GitHub/AirflowTuto/venv/lib/python3.10/site-packages/airflow/example_dags/example_xcom.py
[2024-07-18T18:52:36.664+0200] {logging_mixin.py:188} INFO - [2024-07-18T18:52:36.664+0200] {dag.py:3089} INFO - Sync 1 DAGs
[2024-07-18T18:52:36.673+0200] {logging_mixin.py:188} INFO - [2024-07-18T18:52:36.672+0200] {dag.py:3947} INFO - Setting next_dagrun for example_xcom to 2021-01-01 00:00:00+00:00, run_after=2021-01-01 00:00:00+00:00
[2024-07-18T18:52:36.684+0200] {processor.py:183} INFO - Processing /home/richonlinux/Documents/GitHub/AirflowTuto/venv/lib/python3.10/site-packages/airflow/example_dags/example_xcom.py took 0.041 seconds
[2024-07-18T18:53:27.664+0200] {processor.py:161} INFO - Started process (PID=271146) to work on /home/richonlinux/Documents/GitHub/AirflowTuto/venv/lib/python3.10/site-packages/airflow/example_dags/example_xcom.py
[2024-07-18T18:53:27.669+0200] {processor.py:830} INFO - Processing file /home/richonlinux/Documents/GitHub/AirflowTuto/venv/lib/python3.10/site-packages/airflow/example_dags/example_xcom.py for tasks to queue
[2024-07-18T18:53:27.671+0200] {logging_mixin.py:188} INFO - [2024-07-18T18:53:27.670+0200] {dagbag.py:545} INFO - Filling up the DagBag from /home/richonlinux/Documents/GitHub/AirflowTuto/venv/lib/python3.10/site-packages/airflow/example_dags/example_xcom.py
[2024-07-18T18:53:27.676+0200] {processor.py:840} INFO - DAG(s) 'example_xcom' retrieved from /home/richonlinux/Documents/GitHub/AirflowTuto/venv/lib/python3.10/site-packages/airflow/example_dags/example_xcom.py
[2024-07-18T18:53:27.688+0200] {logging_mixin.py:188} INFO - [2024-07-18T18:53:27.688+0200] {dag.py:3089} INFO - Sync 1 DAGs
[2024-07-18T18:53:27.758+0200] {logging_mixin.py:188} INFO - [2024-07-18T18:53:27.758+0200] {dag.py:3947} INFO - Setting next_dagrun for example_xcom to 2021-01-01 00:00:00+00:00, run_after=2021-01-01 00:00:00+00:00
[2024-07-18T18:53:27.769+0200] {processor.py:183} INFO - Processing /home/richonlinux/Documents/GitHub/AirflowTuto/venv/lib/python3.10/site-packages/airflow/example_dags/example_xcom.py took 0.114 seconds
[2024-07-18T18:54:34.821+0200] {processor.py:161} INFO - Started process (PID=272360) to work on /home/richonlinux/Documents/GitHub/AirflowTuto/venv/lib/python3.10/site-packages/airflow/example_dags/example_xcom.py
[2024-07-18T18:54:34.825+0200] {processor.py:830} INFO - Processing file /home/richonlinux/Documents/GitHub/AirflowTuto/venv/lib/python3.10/site-packages/airflow/example_dags/example_xcom.py for tasks to queue
[2024-07-18T18:54:34.827+0200] {logging_mixin.py:188} INFO - [2024-07-18T18:54:34.827+0200] {dagbag.py:545} INFO - Filling up the DagBag from /home/richonlinux/Documents/GitHub/AirflowTuto/venv/lib/python3.10/site-packages/airflow/example_dags/example_xcom.py
[2024-07-18T18:54:34.834+0200] {processor.py:840} INFO - DAG(s) 'example_xcom' retrieved from /home/richonlinux/Documents/GitHub/AirflowTuto/venv/lib/python3.10/site-packages/airflow/example_dags/example_xcom.py
[2024-07-18T18:54:34.843+0200] {logging_mixin.py:188} INFO - [2024-07-18T18:54:34.843+0200] {dag.py:3089} INFO - Sync 1 DAGs
[2024-07-18T18:54:34.853+0200] {logging_mixin.py:188} INFO - [2024-07-18T18:54:34.853+0200] {dag.py:3947} INFO - Setting next_dagrun for example_xcom to 2021-01-01 00:00:00+00:00, run_after=2021-01-01 00:00:00+00:00
[2024-07-18T18:54:34.864+0200] {processor.py:183} INFO - Processing /home/richonlinux/Documents/GitHub/AirflowTuto/venv/lib/python3.10/site-packages/airflow/example_dags/example_xcom.py took 0.052 seconds
[2024-07-18T18:55:30.726+0200] {processor.py:161} INFO - Started process (PID=273268) to work on /home/richonlinux/Documents/GitHub/AirflowTuto/venv/lib/python3.10/site-packages/airflow/example_dags/example_xcom.py
[2024-07-18T18:55:30.727+0200] {processor.py:830} INFO - Processing file /home/richonlinux/Documents/GitHub/AirflowTuto/venv/lib/python3.10/site-packages/airflow/example_dags/example_xcom.py for tasks to queue
[2024-07-18T18:55:30.729+0200] {logging_mixin.py:188} INFO - [2024-07-18T18:55:30.729+0200] {dagbag.py:545} INFO - Filling up the DagBag from /home/richonlinux/Documents/GitHub/AirflowTuto/venv/lib/python3.10/site-packages/airflow/example_dags/example_xcom.py
[2024-07-18T18:55:30.735+0200] {processor.py:840} INFO - DAG(s) 'example_xcom' retrieved from /home/richonlinux/Documents/GitHub/AirflowTuto/venv/lib/python3.10/site-packages/airflow/example_dags/example_xcom.py
[2024-07-18T18:55:30.744+0200] {logging_mixin.py:188} INFO - [2024-07-18T18:55:30.744+0200] {dag.py:3089} INFO - Sync 1 DAGs
[2024-07-18T18:55:30.753+0200] {logging_mixin.py:188} INFO - [2024-07-18T18:55:30.753+0200] {dag.py:3947} INFO - Setting next_dagrun for example_xcom to 2021-01-01 00:00:00+00:00, run_after=2021-01-01 00:00:00+00:00
[2024-07-18T18:55:30.765+0200] {processor.py:183} INFO - Processing /home/richonlinux/Documents/GitHub/AirflowTuto/venv/lib/python3.10/site-packages/airflow/example_dags/example_xcom.py took 0.048 seconds
[2024-07-18T18:56:30.286+0200] {processor.py:161} INFO - Started process (PID=274321) to work on /home/richonlinux/Documents/GitHub/AirflowTuto/venv/lib/python3.10/site-packages/airflow/example_dags/example_xcom.py
[2024-07-18T18:56:30.287+0200] {processor.py:830} INFO - Processing file /home/richonlinux/Documents/GitHub/AirflowTuto/venv/lib/python3.10/site-packages/airflow/example_dags/example_xcom.py for tasks to queue
[2024-07-18T18:56:30.289+0200] {logging_mixin.py:188} INFO - [2024-07-18T18:56:30.289+0200] {dagbag.py:545} INFO - Filling up the DagBag from /home/richonlinux/Documents/GitHub/AirflowTuto/venv/lib/python3.10/site-packages/airflow/example_dags/example_xcom.py
[2024-07-18T18:56:30.295+0200] {processor.py:840} INFO - DAG(s) 'example_xcom' retrieved from /home/richonlinux/Documents/GitHub/AirflowTuto/venv/lib/python3.10/site-packages/airflow/example_dags/example_xcom.py
[2024-07-18T18:56:30.304+0200] {logging_mixin.py:188} INFO - [2024-07-18T18:56:30.304+0200] {dag.py:3089} INFO - Sync 1 DAGs
[2024-07-18T18:56:30.316+0200] {logging_mixin.py:188} INFO - [2024-07-18T18:56:30.316+0200] {dag.py:3947} INFO - Setting next_dagrun for example_xcom to 2021-01-01 00:00:00+00:00, run_after=2021-01-01 00:00:00+00:00
[2024-07-18T18:56:30.329+0200] {processor.py:183} INFO - Processing /home/richonlinux/Documents/GitHub/AirflowTuto/venv/lib/python3.10/site-packages/airflow/example_dags/example_xcom.py took 0.051 seconds
[2024-07-18T18:57:28.150+0200] {processor.py:161} INFO - Started process (PID=275268) to work on /home/richonlinux/Documents/GitHub/AirflowTuto/venv/lib/python3.10/site-packages/airflow/example_dags/example_xcom.py
[2024-07-18T18:57:28.152+0200] {processor.py:830} INFO - Processing file /home/richonlinux/Documents/GitHub/AirflowTuto/venv/lib/python3.10/site-packages/airflow/example_dags/example_xcom.py for tasks to queue
[2024-07-18T18:57:28.153+0200] {logging_mixin.py:188} INFO - [2024-07-18T18:57:28.153+0200] {dagbag.py:545} INFO - Filling up the DagBag from /home/richonlinux/Documents/GitHub/AirflowTuto/venv/lib/python3.10/site-packages/airflow/example_dags/example_xcom.py
[2024-07-18T18:57:28.159+0200] {processor.py:840} INFO - DAG(s) 'example_xcom' retrieved from /home/richonlinux/Documents/GitHub/AirflowTuto/venv/lib/python3.10/site-packages/airflow/example_dags/example_xcom.py
[2024-07-18T18:57:28.168+0200] {logging_mixin.py:188} INFO - [2024-07-18T18:57:28.168+0200] {dag.py:3089} INFO - Sync 1 DAGs
[2024-07-18T18:57:28.177+0200] {logging_mixin.py:188} INFO - [2024-07-18T18:57:28.177+0200] {dag.py:3947} INFO - Setting next_dagrun for example_xcom to 2021-01-01 00:00:00+00:00, run_after=2021-01-01 00:00:00+00:00
[2024-07-18T18:57:28.190+0200] {processor.py:183} INFO - Processing /home/richonlinux/Documents/GitHub/AirflowTuto/venv/lib/python3.10/site-packages/airflow/example_dags/example_xcom.py took 0.045 seconds
[2024-07-18T18:58:27.581+0200] {processor.py:161} INFO - Started process (PID=276195) to work on /home/richonlinux/Documents/GitHub/AirflowTuto/venv/lib/python3.10/site-packages/airflow/example_dags/example_xcom.py
[2024-07-18T18:58:27.582+0200] {processor.py:830} INFO - Processing file /home/richonlinux/Documents/GitHub/AirflowTuto/venv/lib/python3.10/site-packages/airflow/example_dags/example_xcom.py for tasks to queue
[2024-07-18T18:58:27.583+0200] {logging_mixin.py:188} INFO - [2024-07-18T18:58:27.583+0200] {dagbag.py:545} INFO - Filling up the DagBag from /home/richonlinux/Documents/GitHub/AirflowTuto/venv/lib/python3.10/site-packages/airflow/example_dags/example_xcom.py
[2024-07-18T18:58:27.587+0200] {processor.py:840} INFO - DAG(s) 'example_xcom' retrieved from /home/richonlinux/Documents/GitHub/AirflowTuto/venv/lib/python3.10/site-packages/airflow/example_dags/example_xcom.py
[2024-07-18T18:58:27.597+0200] {logging_mixin.py:188} INFO - [2024-07-18T18:58:27.597+0200] {dag.py:3089} INFO - Sync 1 DAGs
[2024-07-18T18:58:27.608+0200] {logging_mixin.py:188} INFO - [2024-07-18T18:58:27.608+0200] {dag.py:3947} INFO - Setting next_dagrun for example_xcom to 2021-01-01 00:00:00+00:00, run_after=2021-01-01 00:00:00+00:00
[2024-07-18T18:58:27.622+0200] {processor.py:183} INFO - Processing /home/richonlinux/Documents/GitHub/AirflowTuto/venv/lib/python3.10/site-packages/airflow/example_dags/example_xcom.py took 0.046 seconds
[2024-07-18T18:59:28.642+0200] {processor.py:161} INFO - Started process (PID=277304) to work on /home/richonlinux/Documents/GitHub/AirflowTuto/venv/lib/python3.10/site-packages/airflow/example_dags/example_xcom.py
[2024-07-18T18:59:28.644+0200] {processor.py:830} INFO - Processing file /home/richonlinux/Documents/GitHub/AirflowTuto/venv/lib/python3.10/site-packages/airflow/example_dags/example_xcom.py for tasks to queue
[2024-07-18T18:59:28.645+0200] {logging_mixin.py:188} INFO - [2024-07-18T18:59:28.645+0200] {dagbag.py:545} INFO - Filling up the DagBag from /home/richonlinux/Documents/GitHub/AirflowTuto/venv/lib/python3.10/site-packages/airflow/example_dags/example_xcom.py
[2024-07-18T18:59:28.652+0200] {processor.py:840} INFO - DAG(s) 'example_xcom' retrieved from /home/richonlinux/Documents/GitHub/AirflowTuto/venv/lib/python3.10/site-packages/airflow/example_dags/example_xcom.py
[2024-07-18T18:59:28.663+0200] {logging_mixin.py:188} INFO - [2024-07-18T18:59:28.663+0200] {dag.py:3089} INFO - Sync 1 DAGs
[2024-07-18T18:59:28.676+0200] {logging_mixin.py:188} INFO - [2024-07-18T18:59:28.676+0200] {dag.py:3947} INFO - Setting next_dagrun for example_xcom to 2021-01-01 00:00:00+00:00, run_after=2021-01-01 00:00:00+00:00
[2024-07-18T18:59:28.691+0200] {processor.py:183} INFO - Processing /home/richonlinux/Documents/GitHub/AirflowTuto/venv/lib/python3.10/site-packages/airflow/example_dags/example_xcom.py took 0.059 seconds
[2024-07-18T19:00:31.231+0200] {processor.py:161} INFO - Started process (PID=278535) to work on /home/richonlinux/Documents/GitHub/AirflowTuto/venv/lib/python3.10/site-packages/airflow/example_dags/example_xcom.py
[2024-07-18T19:00:31.231+0200] {processor.py:830} INFO - Processing file /home/richonlinux/Documents/GitHub/AirflowTuto/venv/lib/python3.10/site-packages/airflow/example_dags/example_xcom.py for tasks to queue
[2024-07-18T19:00:31.232+0200] {logging_mixin.py:188} INFO - [2024-07-18T19:00:31.232+0200] {dagbag.py:545} INFO - Filling up the DagBag from /home/richonlinux/Documents/GitHub/AirflowTuto/venv/lib/python3.10/site-packages/airflow/example_dags/example_xcom.py
[2024-07-18T19:00:31.236+0200] {processor.py:840} INFO - DAG(s) 'example_xcom' retrieved from /home/richonlinux/Documents/GitHub/AirflowTuto/venv/lib/python3.10/site-packages/airflow/example_dags/example_xcom.py
[2024-07-18T19:00:31.245+0200] {logging_mixin.py:188} INFO - [2024-07-18T19:00:31.245+0200] {dag.py:3089} INFO - Sync 1 DAGs
[2024-07-18T19:00:31.254+0200] {logging_mixin.py:188} INFO - [2024-07-18T19:00:31.254+0200] {dag.py:3947} INFO - Setting next_dagrun for example_xcom to 2021-01-01 00:00:00+00:00, run_after=2021-01-01 00:00:00+00:00
[2024-07-18T19:00:31.266+0200] {processor.py:183} INFO - Processing /home/richonlinux/Documents/GitHub/AirflowTuto/venv/lib/python3.10/site-packages/airflow/example_dags/example_xcom.py took 0.039 seconds
[2024-07-18T19:01:31.287+0200] {processor.py:161} INFO - Started process (PID=279700) to work on /home/richonlinux/Documents/GitHub/AirflowTuto/venv/lib/python3.10/site-packages/airflow/example_dags/example_xcom.py
[2024-07-18T19:01:31.288+0200] {processor.py:830} INFO - Processing file /home/richonlinux/Documents/GitHub/AirflowTuto/venv/lib/python3.10/site-packages/airflow/example_dags/example_xcom.py for tasks to queue
[2024-07-18T19:01:31.290+0200] {logging_mixin.py:188} INFO - [2024-07-18T19:01:31.290+0200] {dagbag.py:545} INFO - Filling up the DagBag from /home/richonlinux/Documents/GitHub/AirflowTuto/venv/lib/python3.10/site-packages/airflow/example_dags/example_xcom.py
[2024-07-18T19:01:31.296+0200] {processor.py:840} INFO - DAG(s) 'example_xcom' retrieved from /home/richonlinux/Documents/GitHub/AirflowTuto/venv/lib/python3.10/site-packages/airflow/example_dags/example_xcom.py
[2024-07-18T19:01:31.305+0200] {logging_mixin.py:188} INFO - [2024-07-18T19:01:31.305+0200] {dag.py:3089} INFO - Sync 1 DAGs
[2024-07-18T19:01:31.315+0200] {logging_mixin.py:188} INFO - [2024-07-18T19:01:31.314+0200] {dag.py:3947} INFO - Setting next_dagrun for example_xcom to 2021-01-01 00:00:00+00:00, run_after=2021-01-01 00:00:00+00:00
[2024-07-18T19:01:31.327+0200] {processor.py:183} INFO - Processing /home/richonlinux/Documents/GitHub/AirflowTuto/venv/lib/python3.10/site-packages/airflow/example_dags/example_xcom.py took 0.049 seconds
[2024-07-18T19:02:28.941+0200] {processor.py:161} INFO - Started process (PID=280738) to work on /home/richonlinux/Documents/GitHub/AirflowTuto/venv/lib/python3.10/site-packages/airflow/example_dags/example_xcom.py
[2024-07-18T19:02:28.942+0200] {processor.py:830} INFO - Processing file /home/richonlinux/Documents/GitHub/AirflowTuto/venv/lib/python3.10/site-packages/airflow/example_dags/example_xcom.py for tasks to queue
[2024-07-18T19:02:28.944+0200] {logging_mixin.py:188} INFO - [2024-07-18T19:02:28.944+0200] {dagbag.py:545} INFO - Filling up the DagBag from /home/richonlinux/Documents/GitHub/AirflowTuto/venv/lib/python3.10/site-packages/airflow/example_dags/example_xcom.py
[2024-07-18T19:02:28.951+0200] {processor.py:840} INFO - DAG(s) 'example_xcom' retrieved from /home/richonlinux/Documents/GitHub/AirflowTuto/venv/lib/python3.10/site-packages/airflow/example_dags/example_xcom.py
[2024-07-18T19:02:28.960+0200] {logging_mixin.py:188} INFO - [2024-07-18T19:02:28.960+0200] {dag.py:3089} INFO - Sync 1 DAGs
[2024-07-18T19:02:28.969+0200] {logging_mixin.py:188} INFO - [2024-07-18T19:02:28.969+0200] {dag.py:3947} INFO - Setting next_dagrun for example_xcom to 2021-01-01 00:00:00+00:00, run_after=2021-01-01 00:00:00+00:00
[2024-07-18T19:02:28.982+0200] {processor.py:183} INFO - Processing /home/richonlinux/Documents/GitHub/AirflowTuto/venv/lib/python3.10/site-packages/airflow/example_dags/example_xcom.py took 0.046 seconds
[2024-07-18T19:03:29.310+0200] {processor.py:161} INFO - Started process (PID=281698) to work on /home/richonlinux/Documents/GitHub/AirflowTuto/venv/lib/python3.10/site-packages/airflow/example_dags/example_xcom.py
[2024-07-18T19:03:29.311+0200] {processor.py:830} INFO - Processing file /home/richonlinux/Documents/GitHub/AirflowTuto/venv/lib/python3.10/site-packages/airflow/example_dags/example_xcom.py for tasks to queue
[2024-07-18T19:03:29.313+0200] {logging_mixin.py:188} INFO - [2024-07-18T19:03:29.313+0200] {dagbag.py:545} INFO - Filling up the DagBag from /home/richonlinux/Documents/GitHub/AirflowTuto/venv/lib/python3.10/site-packages/airflow/example_dags/example_xcom.py
[2024-07-18T19:03:29.319+0200] {processor.py:840} INFO - DAG(s) 'example_xcom' retrieved from /home/richonlinux/Documents/GitHub/AirflowTuto/venv/lib/python3.10/site-packages/airflow/example_dags/example_xcom.py
[2024-07-18T19:03:29.328+0200] {logging_mixin.py:188} INFO - [2024-07-18T19:03:29.328+0200] {dag.py:3089} INFO - Sync 1 DAGs
[2024-07-18T19:03:29.338+0200] {logging_mixin.py:188} INFO - [2024-07-18T19:03:29.337+0200] {dag.py:3947} INFO - Setting next_dagrun for example_xcom to 2021-01-01 00:00:00+00:00, run_after=2021-01-01 00:00:00+00:00
[2024-07-18T19:03:29.352+0200] {processor.py:183} INFO - Processing /home/richonlinux/Documents/GitHub/AirflowTuto/venv/lib/python3.10/site-packages/airflow/example_dags/example_xcom.py took 0.050 seconds
[2024-07-18T19:04:27.754+0200] {processor.py:161} INFO - Started process (PID=282652) to work on /home/richonlinux/Documents/GitHub/AirflowTuto/venv/lib/python3.10/site-packages/airflow/example_dags/example_xcom.py
[2024-07-18T19:04:27.758+0200] {processor.py:830} INFO - Processing file /home/richonlinux/Documents/GitHub/AirflowTuto/venv/lib/python3.10/site-packages/airflow/example_dags/example_xcom.py for tasks to queue
[2024-07-18T19:04:27.760+0200] {logging_mixin.py:188} INFO - [2024-07-18T19:04:27.759+0200] {dagbag.py:545} INFO - Filling up the DagBag from /home/richonlinux/Documents/GitHub/AirflowTuto/venv/lib/python3.10/site-packages/airflow/example_dags/example_xcom.py
[2024-07-18T19:04:27.765+0200] {processor.py:840} INFO - DAG(s) 'example_xcom' retrieved from /home/richonlinux/Documents/GitHub/AirflowTuto/venv/lib/python3.10/site-packages/airflow/example_dags/example_xcom.py
[2024-07-18T19:04:27.774+0200] {logging_mixin.py:188} INFO - [2024-07-18T19:04:27.773+0200] {dag.py:3089} INFO - Sync 1 DAGs
[2024-07-18T19:04:27.783+0200] {logging_mixin.py:188} INFO - [2024-07-18T19:04:27.783+0200] {dag.py:3947} INFO - Setting next_dagrun for example_xcom to 2021-01-01 00:00:00+00:00, run_after=2021-01-01 00:00:00+00:00
[2024-07-18T19:04:27.795+0200] {processor.py:183} INFO - Processing /home/richonlinux/Documents/GitHub/AirflowTuto/venv/lib/python3.10/site-packages/airflow/example_dags/example_xcom.py took 0.048 seconds
[2024-07-18T19:05:25.947+0200] {processor.py:161} INFO - Started process (PID=283692) to work on /home/richonlinux/Documents/GitHub/AirflowTuto/venv/lib/python3.10/site-packages/airflow/example_dags/example_xcom.py
[2024-07-18T19:05:25.951+0200] {processor.py:830} INFO - Processing file /home/richonlinux/Documents/GitHub/AirflowTuto/venv/lib/python3.10/site-packages/airflow/example_dags/example_xcom.py for tasks to queue
[2024-07-18T19:05:25.952+0200] {logging_mixin.py:188} INFO - [2024-07-18T19:05:25.952+0200] {dagbag.py:545} INFO - Filling up the DagBag from /home/richonlinux/Documents/GitHub/AirflowTuto/venv/lib/python3.10/site-packages/airflow/example_dags/example_xcom.py
[2024-07-18T19:05:25.958+0200] {processor.py:840} INFO - DAG(s) 'example_xcom' retrieved from /home/richonlinux/Documents/GitHub/AirflowTuto/venv/lib/python3.10/site-packages/airflow/example_dags/example_xcom.py
[2024-07-18T19:05:25.968+0200] {logging_mixin.py:188} INFO - [2024-07-18T19:05:25.968+0200] {dag.py:3089} INFO - Sync 1 DAGs
[2024-07-18T19:05:25.979+0200] {logging_mixin.py:188} INFO - [2024-07-18T19:05:25.979+0200] {dag.py:3947} INFO - Setting next_dagrun for example_xcom to 2021-01-01 00:00:00+00:00, run_after=2021-01-01 00:00:00+00:00
[2024-07-18T19:05:25.996+0200] {processor.py:183} INFO - Processing /home/richonlinux/Documents/GitHub/AirflowTuto/venv/lib/python3.10/site-packages/airflow/example_dags/example_xcom.py took 0.052 seconds
[2024-07-18T19:06:22.823+0200] {processor.py:161} INFO - Started process (PID=284732) to work on /home/richonlinux/Documents/GitHub/AirflowTuto/venv/lib/python3.10/site-packages/airflow/example_dags/example_xcom.py
[2024-07-18T19:06:22.824+0200] {processor.py:830} INFO - Processing file /home/richonlinux/Documents/GitHub/AirflowTuto/venv/lib/python3.10/site-packages/airflow/example_dags/example_xcom.py for tasks to queue
[2024-07-18T19:06:22.825+0200] {logging_mixin.py:188} INFO - [2024-07-18T19:06:22.824+0200] {dagbag.py:545} INFO - Filling up the DagBag from /home/richonlinux/Documents/GitHub/AirflowTuto/venv/lib/python3.10/site-packages/airflow/example_dags/example_xcom.py
[2024-07-18T19:06:22.830+0200] {processor.py:840} INFO - DAG(s) 'example_xcom' retrieved from /home/richonlinux/Documents/GitHub/AirflowTuto/venv/lib/python3.10/site-packages/airflow/example_dags/example_xcom.py
[2024-07-18T19:06:22.840+0200] {logging_mixin.py:188} INFO - [2024-07-18T19:06:22.840+0200] {dag.py:3089} INFO - Sync 1 DAGs
[2024-07-18T19:06:22.851+0200] {logging_mixin.py:188} INFO - [2024-07-18T19:06:22.851+0200] {dag.py:3947} INFO - Setting next_dagrun for example_xcom to 2021-01-01 00:00:00+00:00, run_after=2021-01-01 00:00:00+00:00
[2024-07-18T19:06:22.864+0200] {processor.py:183} INFO - Processing /home/richonlinux/Documents/GitHub/AirflowTuto/venv/lib/python3.10/site-packages/airflow/example_dags/example_xcom.py took 0.045 seconds
[2024-07-18T19:07:23.376+0200] {processor.py:161} INFO - Started process (PID=285668) to work on /home/richonlinux/Documents/GitHub/AirflowTuto/venv/lib/python3.10/site-packages/airflow/example_dags/example_xcom.py
[2024-07-18T19:07:23.377+0200] {processor.py:830} INFO - Processing file /home/richonlinux/Documents/GitHub/AirflowTuto/venv/lib/python3.10/site-packages/airflow/example_dags/example_xcom.py for tasks to queue
[2024-07-18T19:07:23.378+0200] {logging_mixin.py:188} INFO - [2024-07-18T19:07:23.378+0200] {dagbag.py:545} INFO - Filling up the DagBag from /home/richonlinux/Documents/GitHub/AirflowTuto/venv/lib/python3.10/site-packages/airflow/example_dags/example_xcom.py
[2024-07-18T19:07:23.384+0200] {processor.py:840} INFO - DAG(s) 'example_xcom' retrieved from /home/richonlinux/Documents/GitHub/AirflowTuto/venv/lib/python3.10/site-packages/airflow/example_dags/example_xcom.py
[2024-07-18T19:07:23.393+0200] {logging_mixin.py:188} INFO - [2024-07-18T19:07:23.393+0200] {dag.py:3089} INFO - Sync 1 DAGs
[2024-07-18T19:07:23.402+0200] {logging_mixin.py:188} INFO - [2024-07-18T19:07:23.402+0200] {dag.py:3947} INFO - Setting next_dagrun for example_xcom to 2021-01-01 00:00:00+00:00, run_after=2021-01-01 00:00:00+00:00
[2024-07-18T19:07:23.418+0200] {processor.py:183} INFO - Processing /home/richonlinux/Documents/GitHub/AirflowTuto/venv/lib/python3.10/site-packages/airflow/example_dags/example_xcom.py took 0.050 seconds
[2024-07-18T19:08:22.196+0200] {processor.py:161} INFO - Started process (PID=286638) to work on /home/richonlinux/Documents/GitHub/AirflowTuto/venv/lib/python3.10/site-packages/airflow/example_dags/example_xcom.py
[2024-07-18T19:08:22.197+0200] {processor.py:830} INFO - Processing file /home/richonlinux/Documents/GitHub/AirflowTuto/venv/lib/python3.10/site-packages/airflow/example_dags/example_xcom.py for tasks to queue
[2024-07-18T19:08:22.198+0200] {logging_mixin.py:188} INFO - [2024-07-18T19:08:22.198+0200] {dagbag.py:545} INFO - Filling up the DagBag from /home/richonlinux/Documents/GitHub/AirflowTuto/venv/lib/python3.10/site-packages/airflow/example_dags/example_xcom.py
[2024-07-18T19:08:22.203+0200] {processor.py:840} INFO - DAG(s) 'example_xcom' retrieved from /home/richonlinux/Documents/GitHub/AirflowTuto/venv/lib/python3.10/site-packages/airflow/example_dags/example_xcom.py
[2024-07-18T19:08:22.215+0200] {logging_mixin.py:188} INFO - [2024-07-18T19:08:22.214+0200] {dag.py:3089} INFO - Sync 1 DAGs
[2024-07-18T19:08:22.226+0200] {logging_mixin.py:188} INFO - [2024-07-18T19:08:22.226+0200] {dag.py:3947} INFO - Setting next_dagrun for example_xcom to 2021-01-01 00:00:00+00:00, run_after=2021-01-01 00:00:00+00:00
[2024-07-18T19:08:22.239+0200] {processor.py:183} INFO - Processing /home/richonlinux/Documents/GitHub/AirflowTuto/venv/lib/python3.10/site-packages/airflow/example_dags/example_xcom.py took 0.048 seconds
[2024-07-18T19:09:20.409+0200] {processor.py:161} INFO - Started process (PID=287617) to work on /home/richonlinux/Documents/GitHub/AirflowTuto/venv/lib/python3.10/site-packages/airflow/example_dags/example_xcom.py
[2024-07-18T19:09:20.410+0200] {processor.py:830} INFO - Processing file /home/richonlinux/Documents/GitHub/AirflowTuto/venv/lib/python3.10/site-packages/airflow/example_dags/example_xcom.py for tasks to queue
[2024-07-18T19:09:20.411+0200] {logging_mixin.py:188} INFO - [2024-07-18T19:09:20.411+0200] {dagbag.py:545} INFO - Filling up the DagBag from /home/richonlinux/Documents/GitHub/AirflowTuto/venv/lib/python3.10/site-packages/airflow/example_dags/example_xcom.py
[2024-07-18T19:09:20.415+0200] {processor.py:840} INFO - DAG(s) 'example_xcom' retrieved from /home/richonlinux/Documents/GitHub/AirflowTuto/venv/lib/python3.10/site-packages/airflow/example_dags/example_xcom.py
[2024-07-18T19:09:20.425+0200] {logging_mixin.py:188} INFO - [2024-07-18T19:09:20.425+0200] {dag.py:3089} INFO - Sync 1 DAGs
[2024-07-18T19:09:20.436+0200] {logging_mixin.py:188} INFO - [2024-07-18T19:09:20.436+0200] {dag.py:3947} INFO - Setting next_dagrun for example_xcom to 2021-01-01 00:00:00+00:00, run_after=2021-01-01 00:00:00+00:00
[2024-07-18T19:09:20.451+0200] {processor.py:183} INFO - Processing /home/richonlinux/Documents/GitHub/AirflowTuto/venv/lib/python3.10/site-packages/airflow/example_dags/example_xcom.py took 0.045 seconds
[2024-07-18T19:10:19.148+0200] {processor.py:161} INFO - Started process (PID=288545) to work on /home/richonlinux/Documents/GitHub/AirflowTuto/venv/lib/python3.10/site-packages/airflow/example_dags/example_xcom.py
[2024-07-18T19:10:19.149+0200] {processor.py:830} INFO - Processing file /home/richonlinux/Documents/GitHub/AirflowTuto/venv/lib/python3.10/site-packages/airflow/example_dags/example_xcom.py for tasks to queue
[2024-07-18T19:10:19.151+0200] {logging_mixin.py:188} INFO - [2024-07-18T19:10:19.151+0200] {dagbag.py:545} INFO - Filling up the DagBag from /home/richonlinux/Documents/GitHub/AirflowTuto/venv/lib/python3.10/site-packages/airflow/example_dags/example_xcom.py
[2024-07-18T19:10:19.156+0200] {processor.py:840} INFO - DAG(s) 'example_xcom' retrieved from /home/richonlinux/Documents/GitHub/AirflowTuto/venv/lib/python3.10/site-packages/airflow/example_dags/example_xcom.py
[2024-07-18T19:10:19.170+0200] {logging_mixin.py:188} INFO - [2024-07-18T19:10:19.169+0200] {dag.py:3089} INFO - Sync 1 DAGs
[2024-07-18T19:10:19.185+0200] {logging_mixin.py:188} INFO - [2024-07-18T19:10:19.184+0200] {dag.py:3947} INFO - Setting next_dagrun for example_xcom to 2021-01-01 00:00:00+00:00, run_after=2021-01-01 00:00:00+00:00
[2024-07-18T19:10:19.202+0200] {processor.py:183} INFO - Processing /home/richonlinux/Documents/GitHub/AirflowTuto/venv/lib/python3.10/site-packages/airflow/example_dags/example_xcom.py took 0.057 seconds
[2024-07-18T19:11:12.499+0200] {processor.py:161} INFO - Started process (PID=289388) to work on /home/richonlinux/Documents/GitHub/AirflowTuto/venv/lib/python3.10/site-packages/airflow/example_dags/example_xcom.py
[2024-07-18T19:11:12.503+0200] {processor.py:830} INFO - Processing file /home/richonlinux/Documents/GitHub/AirflowTuto/venv/lib/python3.10/site-packages/airflow/example_dags/example_xcom.py for tasks to queue
[2024-07-18T19:11:12.505+0200] {logging_mixin.py:188} INFO - [2024-07-18T19:11:12.504+0200] {dagbag.py:545} INFO - Filling up the DagBag from /home/richonlinux/Documents/GitHub/AirflowTuto/venv/lib/python3.10/site-packages/airflow/example_dags/example_xcom.py
[2024-07-18T19:11:12.510+0200] {processor.py:840} INFO - DAG(s) 'example_xcom' retrieved from /home/richonlinux/Documents/GitHub/AirflowTuto/venv/lib/python3.10/site-packages/airflow/example_dags/example_xcom.py
[2024-07-18T19:11:12.521+0200] {logging_mixin.py:188} INFO - [2024-07-18T19:11:12.521+0200] {dag.py:3089} INFO - Sync 1 DAGs
[2024-07-18T19:11:12.533+0200] {logging_mixin.py:188} INFO - [2024-07-18T19:11:12.532+0200] {dag.py:3947} INFO - Setting next_dagrun for example_xcom to 2021-01-01 00:00:00+00:00, run_after=2021-01-01 00:00:00+00:00
[2024-07-18T19:11:12.546+0200] {processor.py:183} INFO - Processing /home/richonlinux/Documents/GitHub/AirflowTuto/venv/lib/python3.10/site-packages/airflow/example_dags/example_xcom.py took 0.055 seconds
[2024-07-18T19:12:09.539+0200] {processor.py:161} INFO - Started process (PID=290353) to work on /home/richonlinux/Documents/GitHub/AirflowTuto/venv/lib/python3.10/site-packages/airflow/example_dags/example_xcom.py
[2024-07-18T19:12:09.543+0200] {processor.py:830} INFO - Processing file /home/richonlinux/Documents/GitHub/AirflowTuto/venv/lib/python3.10/site-packages/airflow/example_dags/example_xcom.py for tasks to queue
[2024-07-18T19:12:09.545+0200] {logging_mixin.py:188} INFO - [2024-07-18T19:12:09.544+0200] {dagbag.py:545} INFO - Filling up the DagBag from /home/richonlinux/Documents/GitHub/AirflowTuto/venv/lib/python3.10/site-packages/airflow/example_dags/example_xcom.py
[2024-07-18T19:12:09.551+0200] {processor.py:840} INFO - DAG(s) 'example_xcom' retrieved from /home/richonlinux/Documents/GitHub/AirflowTuto/venv/lib/python3.10/site-packages/airflow/example_dags/example_xcom.py
[2024-07-18T19:12:09.560+0200] {logging_mixin.py:188} INFO - [2024-07-18T19:12:09.560+0200] {dag.py:3089} INFO - Sync 1 DAGs
[2024-07-18T19:12:09.571+0200] {logging_mixin.py:188} INFO - [2024-07-18T19:12:09.571+0200] {dag.py:3947} INFO - Setting next_dagrun for example_xcom to 2021-01-01 00:00:00+00:00, run_after=2021-01-01 00:00:00+00:00
[2024-07-18T19:12:09.585+0200] {processor.py:183} INFO - Processing /home/richonlinux/Documents/GitHub/AirflowTuto/venv/lib/python3.10/site-packages/airflow/example_dags/example_xcom.py took 0.053 seconds
[2024-07-18T19:13:06.695+0200] {processor.py:161} INFO - Started process (PID=291259) to work on /home/richonlinux/Documents/GitHub/AirflowTuto/venv/lib/python3.10/site-packages/airflow/example_dags/example_xcom.py
[2024-07-18T19:13:06.699+0200] {processor.py:830} INFO - Processing file /home/richonlinux/Documents/GitHub/AirflowTuto/venv/lib/python3.10/site-packages/airflow/example_dags/example_xcom.py for tasks to queue
[2024-07-18T19:13:06.701+0200] {logging_mixin.py:188} INFO - [2024-07-18T19:13:06.700+0200] {dagbag.py:545} INFO - Filling up the DagBag from /home/richonlinux/Documents/GitHub/AirflowTuto/venv/lib/python3.10/site-packages/airflow/example_dags/example_xcom.py
[2024-07-18T19:13:06.707+0200] {processor.py:840} INFO - DAG(s) 'example_xcom' retrieved from /home/richonlinux/Documents/GitHub/AirflowTuto/venv/lib/python3.10/site-packages/airflow/example_dags/example_xcom.py
[2024-07-18T19:13:06.717+0200] {logging_mixin.py:188} INFO - [2024-07-18T19:13:06.717+0200] {dag.py:3089} INFO - Sync 1 DAGs
[2024-07-18T19:13:06.727+0200] {logging_mixin.py:188} INFO - [2024-07-18T19:13:06.727+0200] {dag.py:3947} INFO - Setting next_dagrun for example_xcom to 2021-01-01 00:00:00+00:00, run_after=2021-01-01 00:00:00+00:00
[2024-07-18T19:13:06.742+0200] {processor.py:183} INFO - Processing /home/richonlinux/Documents/GitHub/AirflowTuto/venv/lib/python3.10/site-packages/airflow/example_dags/example_xcom.py took 0.054 seconds
[2024-07-18T19:14:04.448+0200] {processor.py:161} INFO - Started process (PID=292217) to work on /home/richonlinux/Documents/GitHub/AirflowTuto/venv/lib/python3.10/site-packages/airflow/example_dags/example_xcom.py
[2024-07-18T19:14:04.449+0200] {processor.py:830} INFO - Processing file /home/richonlinux/Documents/GitHub/AirflowTuto/venv/lib/python3.10/site-packages/airflow/example_dags/example_xcom.py for tasks to queue
[2024-07-18T19:14:04.451+0200] {logging_mixin.py:188} INFO - [2024-07-18T19:14:04.450+0200] {dagbag.py:545} INFO - Filling up the DagBag from /home/richonlinux/Documents/GitHub/AirflowTuto/venv/lib/python3.10/site-packages/airflow/example_dags/example_xcom.py
[2024-07-18T19:14:04.455+0200] {processor.py:840} INFO - DAG(s) 'example_xcom' retrieved from /home/richonlinux/Documents/GitHub/AirflowTuto/venv/lib/python3.10/site-packages/airflow/example_dags/example_xcom.py
[2024-07-18T19:14:04.465+0200] {logging_mixin.py:188} INFO - [2024-07-18T19:14:04.465+0200] {dag.py:3089} INFO - Sync 1 DAGs
[2024-07-18T19:14:04.475+0200] {logging_mixin.py:188} INFO - [2024-07-18T19:14:04.475+0200] {dag.py:3947} INFO - Setting next_dagrun for example_xcom to 2021-01-01 00:00:00+00:00, run_after=2021-01-01 00:00:00+00:00
[2024-07-18T19:14:04.488+0200] {processor.py:183} INFO - Processing /home/richonlinux/Documents/GitHub/AirflowTuto/venv/lib/python3.10/site-packages/airflow/example_dags/example_xcom.py took 0.047 seconds
[2024-07-18T19:15:05.011+0200] {processor.py:161} INFO - Started process (PID=293158) to work on /home/richonlinux/Documents/GitHub/AirflowTuto/venv/lib/python3.10/site-packages/airflow/example_dags/example_xcom.py
[2024-07-18T19:15:05.011+0200] {processor.py:830} INFO - Processing file /home/richonlinux/Documents/GitHub/AirflowTuto/venv/lib/python3.10/site-packages/airflow/example_dags/example_xcom.py for tasks to queue
[2024-07-18T19:15:05.013+0200] {logging_mixin.py:188} INFO - [2024-07-18T19:15:05.012+0200] {dagbag.py:545} INFO - Filling up the DagBag from /home/richonlinux/Documents/GitHub/AirflowTuto/venv/lib/python3.10/site-packages/airflow/example_dags/example_xcom.py
[2024-07-18T19:15:05.019+0200] {processor.py:840} INFO - DAG(s) 'example_xcom' retrieved from /home/richonlinux/Documents/GitHub/AirflowTuto/venv/lib/python3.10/site-packages/airflow/example_dags/example_xcom.py
[2024-07-18T19:15:05.033+0200] {logging_mixin.py:188} INFO - [2024-07-18T19:15:05.033+0200] {dag.py:3089} INFO - Sync 1 DAGs
[2024-07-18T19:15:05.048+0200] {logging_mixin.py:188} INFO - [2024-07-18T19:15:05.048+0200] {dag.py:3947} INFO - Setting next_dagrun for example_xcom to 2021-01-01 00:00:00+00:00, run_after=2021-01-01 00:00:00+00:00
[2024-07-18T19:15:05.064+0200] {processor.py:183} INFO - Processing /home/richonlinux/Documents/GitHub/AirflowTuto/venv/lib/python3.10/site-packages/airflow/example_dags/example_xcom.py took 0.059 seconds
[2024-07-18T19:16:06.294+0200] {processor.py:161} INFO - Started process (PID=294131) to work on /home/richonlinux/Documents/GitHub/AirflowTuto/venv/lib/python3.10/site-packages/airflow/example_dags/example_xcom.py
[2024-07-18T19:16:06.294+0200] {processor.py:830} INFO - Processing file /home/richonlinux/Documents/GitHub/AirflowTuto/venv/lib/python3.10/site-packages/airflow/example_dags/example_xcom.py for tasks to queue
[2024-07-18T19:16:06.295+0200] {logging_mixin.py:188} INFO - [2024-07-18T19:16:06.295+0200] {dagbag.py:545} INFO - Filling up the DagBag from /home/richonlinux/Documents/GitHub/AirflowTuto/venv/lib/python3.10/site-packages/airflow/example_dags/example_xcom.py
[2024-07-18T19:16:06.301+0200] {processor.py:840} INFO - DAG(s) 'example_xcom' retrieved from /home/richonlinux/Documents/GitHub/AirflowTuto/venv/lib/python3.10/site-packages/airflow/example_dags/example_xcom.py
[2024-07-18T19:16:06.311+0200] {logging_mixin.py:188} INFO - [2024-07-18T19:16:06.311+0200] {dag.py:3089} INFO - Sync 1 DAGs
[2024-07-18T19:16:06.323+0200] {logging_mixin.py:188} INFO - [2024-07-18T19:16:06.323+0200] {dag.py:3947} INFO - Setting next_dagrun for example_xcom to 2021-01-01 00:00:00+00:00, run_after=2021-01-01 00:00:00+00:00
[2024-07-18T19:16:06.337+0200] {processor.py:183} INFO - Processing /home/richonlinux/Documents/GitHub/AirflowTuto/venv/lib/python3.10/site-packages/airflow/example_dags/example_xcom.py took 0.047 seconds
[2024-07-18T19:17:01.694+0200] {processor.py:161} INFO - Started process (PID=295096) to work on /home/richonlinux/Documents/GitHub/AirflowTuto/venv/lib/python3.10/site-packages/airflow/example_dags/example_xcom.py
[2024-07-18T19:17:01.694+0200] {processor.py:830} INFO - Processing file /home/richonlinux/Documents/GitHub/AirflowTuto/venv/lib/python3.10/site-packages/airflow/example_dags/example_xcom.py for tasks to queue
[2024-07-18T19:17:01.696+0200] {logging_mixin.py:188} INFO - [2024-07-18T19:17:01.696+0200] {dagbag.py:545} INFO - Filling up the DagBag from /home/richonlinux/Documents/GitHub/AirflowTuto/venv/lib/python3.10/site-packages/airflow/example_dags/example_xcom.py
[2024-07-18T19:17:01.701+0200] {processor.py:840} INFO - DAG(s) 'example_xcom' retrieved from /home/richonlinux/Documents/GitHub/AirflowTuto/venv/lib/python3.10/site-packages/airflow/example_dags/example_xcom.py
[2024-07-18T19:17:01.714+0200] {logging_mixin.py:188} INFO - [2024-07-18T19:17:01.713+0200] {dag.py:3089} INFO - Sync 1 DAGs
[2024-07-18T19:17:01.727+0200] {logging_mixin.py:188} INFO - [2024-07-18T19:17:01.726+0200] {dag.py:3947} INFO - Setting next_dagrun for example_xcom to 2021-01-01 00:00:00+00:00, run_after=2021-01-01 00:00:00+00:00
[2024-07-18T19:17:01.741+0200] {processor.py:183} INFO - Processing /home/richonlinux/Documents/GitHub/AirflowTuto/venv/lib/python3.10/site-packages/airflow/example_dags/example_xcom.py took 0.051 seconds
[2024-07-18T19:17:58.753+0200] {processor.py:161} INFO - Started process (PID=296024) to work on /home/richonlinux/Documents/GitHub/AirflowTuto/venv/lib/python3.10/site-packages/airflow/example_dags/example_xcom.py
[2024-07-18T19:17:58.754+0200] {processor.py:830} INFO - Processing file /home/richonlinux/Documents/GitHub/AirflowTuto/venv/lib/python3.10/site-packages/airflow/example_dags/example_xcom.py for tasks to queue
[2024-07-18T19:17:58.755+0200] {logging_mixin.py:188} INFO - [2024-07-18T19:17:58.755+0200] {dagbag.py:545} INFO - Filling up the DagBag from /home/richonlinux/Documents/GitHub/AirflowTuto/venv/lib/python3.10/site-packages/airflow/example_dags/example_xcom.py
[2024-07-18T19:17:58.762+0200] {processor.py:840} INFO - DAG(s) 'example_xcom' retrieved from /home/richonlinux/Documents/GitHub/AirflowTuto/venv/lib/python3.10/site-packages/airflow/example_dags/example_xcom.py
[2024-07-18T19:17:58.775+0200] {logging_mixin.py:188} INFO - [2024-07-18T19:17:58.775+0200] {dag.py:3089} INFO - Sync 1 DAGs
[2024-07-18T19:17:58.791+0200] {logging_mixin.py:188} INFO - [2024-07-18T19:17:58.791+0200] {dag.py:3947} INFO - Setting next_dagrun for example_xcom to 2021-01-01 00:00:00+00:00, run_after=2021-01-01 00:00:00+00:00
[2024-07-18T19:17:58.806+0200] {processor.py:183} INFO - Processing /home/richonlinux/Documents/GitHub/AirflowTuto/venv/lib/python3.10/site-packages/airflow/example_dags/example_xcom.py took 0.057 seconds
[2024-07-18T19:19:00.373+0200] {processor.py:161} INFO - Started process (PID=297040) to work on /home/richonlinux/Documents/GitHub/AirflowTuto/venv/lib/python3.10/site-packages/airflow/example_dags/example_xcom.py
[2024-07-18T19:19:00.373+0200] {processor.py:830} INFO - Processing file /home/richonlinux/Documents/GitHub/AirflowTuto/venv/lib/python3.10/site-packages/airflow/example_dags/example_xcom.py for tasks to queue
[2024-07-18T19:19:00.375+0200] {logging_mixin.py:188} INFO - [2024-07-18T19:19:00.374+0200] {dagbag.py:545} INFO - Filling up the DagBag from /home/richonlinux/Documents/GitHub/AirflowTuto/venv/lib/python3.10/site-packages/airflow/example_dags/example_xcom.py
[2024-07-18T19:19:00.380+0200] {processor.py:840} INFO - DAG(s) 'example_xcom' retrieved from /home/richonlinux/Documents/GitHub/AirflowTuto/venv/lib/python3.10/site-packages/airflow/example_dags/example_xcom.py
[2024-07-18T19:19:00.392+0200] {logging_mixin.py:188} INFO - [2024-07-18T19:19:00.392+0200] {dag.py:3089} INFO - Sync 1 DAGs
[2024-07-18T19:19:00.406+0200] {logging_mixin.py:188} INFO - [2024-07-18T19:19:00.405+0200] {dag.py:3947} INFO - Setting next_dagrun for example_xcom to 2021-01-01 00:00:00+00:00, run_after=2021-01-01 00:00:00+00:00
[2024-07-18T19:19:00.422+0200] {processor.py:183} INFO - Processing /home/richonlinux/Documents/GitHub/AirflowTuto/venv/lib/python3.10/site-packages/airflow/example_dags/example_xcom.py took 0.053 seconds
[2024-07-18T19:19:56.799+0200] {processor.py:161} INFO - Started process (PID=297937) to work on /home/richonlinux/Documents/GitHub/AirflowTuto/venv/lib/python3.10/site-packages/airflow/example_dags/example_xcom.py
[2024-07-18T19:19:56.801+0200] {processor.py:830} INFO - Processing file /home/richonlinux/Documents/GitHub/AirflowTuto/venv/lib/python3.10/site-packages/airflow/example_dags/example_xcom.py for tasks to queue
[2024-07-18T19:19:56.802+0200] {logging_mixin.py:188} INFO - [2024-07-18T19:19:56.801+0200] {dagbag.py:545} INFO - Filling up the DagBag from /home/richonlinux/Documents/GitHub/AirflowTuto/venv/lib/python3.10/site-packages/airflow/example_dags/example_xcom.py
[2024-07-18T19:19:56.806+0200] {processor.py:840} INFO - DAG(s) 'example_xcom' retrieved from /home/richonlinux/Documents/GitHub/AirflowTuto/venv/lib/python3.10/site-packages/airflow/example_dags/example_xcom.py
[2024-07-18T19:19:56.816+0200] {logging_mixin.py:188} INFO - [2024-07-18T19:19:56.816+0200] {dag.py:3089} INFO - Sync 1 DAGs
[2024-07-18T19:19:56.826+0200] {logging_mixin.py:188} INFO - [2024-07-18T19:19:56.826+0200] {dag.py:3947} INFO - Setting next_dagrun for example_xcom to 2021-01-01 00:00:00+00:00, run_after=2021-01-01 00:00:00+00:00
[2024-07-18T19:19:56.840+0200] {processor.py:183} INFO - Processing /home/richonlinux/Documents/GitHub/AirflowTuto/venv/lib/python3.10/site-packages/airflow/example_dags/example_xcom.py took 0.044 seconds
[2024-07-18T19:20:59.473+0200] {processor.py:161} INFO - Started process (PID=298960) to work on /home/richonlinux/Documents/GitHub/AirflowTuto/venv/lib/python3.10/site-packages/airflow/example_dags/example_xcom.py
[2024-07-18T19:20:59.474+0200] {processor.py:830} INFO - Processing file /home/richonlinux/Documents/GitHub/AirflowTuto/venv/lib/python3.10/site-packages/airflow/example_dags/example_xcom.py for tasks to queue
[2024-07-18T19:20:59.475+0200] {logging_mixin.py:188} INFO - [2024-07-18T19:20:59.475+0200] {dagbag.py:545} INFO - Filling up the DagBag from /home/richonlinux/Documents/GitHub/AirflowTuto/venv/lib/python3.10/site-packages/airflow/example_dags/example_xcom.py
[2024-07-18T19:20:59.481+0200] {processor.py:840} INFO - DAG(s) 'example_xcom' retrieved from /home/richonlinux/Documents/GitHub/AirflowTuto/venv/lib/python3.10/site-packages/airflow/example_dags/example_xcom.py
[2024-07-18T19:20:59.493+0200] {logging_mixin.py:188} INFO - [2024-07-18T19:20:59.493+0200] {dag.py:3089} INFO - Sync 1 DAGs
[2024-07-18T19:20:59.508+0200] {logging_mixin.py:188} INFO - [2024-07-18T19:20:59.508+0200] {dag.py:3947} INFO - Setting next_dagrun for example_xcom to 2021-01-01 00:00:00+00:00, run_after=2021-01-01 00:00:00+00:00
[2024-07-18T19:20:59.520+0200] {processor.py:183} INFO - Processing /home/richonlinux/Documents/GitHub/AirflowTuto/venv/lib/python3.10/site-packages/airflow/example_dags/example_xcom.py took 0.050 seconds
[2024-07-18T19:22:00.517+0200] {processor.py:161} INFO - Started process (PID=300011) to work on /home/richonlinux/Documents/GitHub/AirflowTuto/venv/lib/python3.10/site-packages/airflow/example_dags/example_xcom.py
[2024-07-18T19:22:00.518+0200] {processor.py:830} INFO - Processing file /home/richonlinux/Documents/GitHub/AirflowTuto/venv/lib/python3.10/site-packages/airflow/example_dags/example_xcom.py for tasks to queue
[2024-07-18T19:22:00.518+0200] {logging_mixin.py:188} INFO - [2024-07-18T19:22:00.518+0200] {dagbag.py:545} INFO - Filling up the DagBag from /home/richonlinux/Documents/GitHub/AirflowTuto/venv/lib/python3.10/site-packages/airflow/example_dags/example_xcom.py
[2024-07-18T19:22:00.524+0200] {processor.py:840} INFO - DAG(s) 'example_xcom' retrieved from /home/richonlinux/Documents/GitHub/AirflowTuto/venv/lib/python3.10/site-packages/airflow/example_dags/example_xcom.py
[2024-07-18T19:22:00.534+0200] {logging_mixin.py:188} INFO - [2024-07-18T19:22:00.534+0200] {dag.py:3089} INFO - Sync 1 DAGs
[2024-07-18T19:22:00.547+0200] {logging_mixin.py:188} INFO - [2024-07-18T19:22:00.547+0200] {dag.py:3947} INFO - Setting next_dagrun for example_xcom to 2021-01-01 00:00:00+00:00, run_after=2021-01-01 00:00:00+00:00
[2024-07-18T19:22:00.563+0200] {processor.py:183} INFO - Processing /home/richonlinux/Documents/GitHub/AirflowTuto/venv/lib/python3.10/site-packages/airflow/example_dags/example_xcom.py took 0.051 seconds
