[2024-07-18T18:16:23.839+0200] {processor.py:161} INFO - Started process (PID=258039) to work on /home/richonlinux/Documents/GitHub/AirflowTuto/venv/lib/python3.10/site-packages/airflow/example_dags/example_python_operator.py
[2024-07-18T18:16:23.839+0200] {processor.py:830} INFO - Processing file /home/richonlinux/Documents/GitHub/AirflowTuto/venv/lib/python3.10/site-packages/airflow/example_dags/example_python_operator.py for tasks to queue
[2024-07-18T18:16:23.840+0200] {logging_mixin.py:188} INFO - [2024-07-18T18:16:23.840+0200] {dagbag.py:545} INFO - Filling up the DagBag from /home/richonlinux/Documents/GitHub/AirflowTuto/venv/lib/python3.10/site-packages/airflow/example_dags/example_python_operator.py
[2024-07-18T18:16:23.844+0200] {logging_mixin.py:188} INFO - [2024-07-18T18:16:23.844+0200] {example_python_operator.py:93} WARNING - The virtalenv_python example task requires virtualenv, please install it.
[2024-07-18T18:16:23.846+0200] {processor.py:840} INFO - DAG(s) 'example_python_operator' retrieved from /home/richonlinux/Documents/GitHub/AirflowTuto/venv/lib/python3.10/site-packages/airflow/example_dags/example_python_operator.py
[2024-07-18T18:16:23.905+0200] {logging_mixin.py:188} INFO - [2024-07-18T18:16:23.904+0200] {override.py:1858} INFO - Created Permission View: can edit on DAG:example_python_operator
[2024-07-18T18:16:23.912+0200] {logging_mixin.py:188} INFO - [2024-07-18T18:16:23.912+0200] {override.py:1858} INFO - Created Permission View: can read on DAG:example_python_operator
[2024-07-18T18:16:23.918+0200] {logging_mixin.py:188} INFO - [2024-07-18T18:16:23.918+0200] {override.py:1858} INFO - Created Permission View: can delete on DAG:example_python_operator
[2024-07-18T18:16:23.918+0200] {logging_mixin.py:188} INFO - [2024-07-18T18:16:23.918+0200] {dag.py:3089} INFO - Sync 1 DAGs
[2024-07-18T18:16:23.925+0200] {logging_mixin.py:188} INFO - [2024-07-18T18:16:23.924+0200] {dag.py:3111} INFO - Creating ORM DAG for example_python_operator
[2024-07-18T18:16:23.925+0200] {logging_mixin.py:188} INFO - [2024-07-18T18:16:23.925+0200] {dag.py:3947} INFO - Setting next_dagrun for example_python_operator to None, run_after=None
[2024-07-18T18:16:23.938+0200] {processor.py:183} INFO - Processing /home/richonlinux/Documents/GitHub/AirflowTuto/venv/lib/python3.10/site-packages/airflow/example_dags/example_python_operator.py took 0.103 seconds
[2024-07-18T18:17:16.639+0200] {processor.py:161} INFO - Started process (PID=258919) to work on /home/richonlinux/Documents/GitHub/AirflowTuto/venv/lib/python3.10/site-packages/airflow/example_dags/example_python_operator.py
[2024-07-18T18:17:16.643+0200] {processor.py:830} INFO - Processing file /home/richonlinux/Documents/GitHub/AirflowTuto/venv/lib/python3.10/site-packages/airflow/example_dags/example_python_operator.py for tasks to queue
[2024-07-18T18:17:16.644+0200] {logging_mixin.py:188} INFO - [2024-07-18T18:17:16.644+0200] {dagbag.py:545} INFO - Filling up the DagBag from /home/richonlinux/Documents/GitHub/AirflowTuto/venv/lib/python3.10/site-packages/airflow/example_dags/example_python_operator.py
[2024-07-18T18:17:16.651+0200] {logging_mixin.py:188} INFO - [2024-07-18T18:17:16.651+0200] {example_python_operator.py:93} WARNING - The virtalenv_python example task requires virtualenv, please install it.
[2024-07-18T18:17:16.651+0200] {processor.py:840} INFO - DAG(s) 'example_python_operator' retrieved from /home/richonlinux/Documents/GitHub/AirflowTuto/venv/lib/python3.10/site-packages/airflow/example_dags/example_python_operator.py
[2024-07-18T18:17:16.661+0200] {logging_mixin.py:188} INFO - [2024-07-18T18:17:16.661+0200] {dag.py:3089} INFO - Sync 1 DAGs
[2024-07-18T18:17:16.667+0200] {logging_mixin.py:188} INFO - [2024-07-18T18:17:16.667+0200] {dag.py:3947} INFO - Setting next_dagrun for example_python_operator to None, run_after=None
[2024-07-18T18:17:16.679+0200] {processor.py:183} INFO - Processing /home/richonlinux/Documents/GitHub/AirflowTuto/venv/lib/python3.10/site-packages/airflow/example_dags/example_python_operator.py took 0.044 seconds
[2024-07-18T18:44:04.882+0200] {processor.py:161} INFO - Started process (PID=260120) to work on /home/richonlinux/Documents/GitHub/AirflowTuto/venv/lib/python3.10/site-packages/airflow/example_dags/example_python_operator.py
[2024-07-18T18:44:04.887+0200] {processor.py:830} INFO - Processing file /home/richonlinux/Documents/GitHub/AirflowTuto/venv/lib/python3.10/site-packages/airflow/example_dags/example_python_operator.py for tasks to queue
[2024-07-18T18:44:04.889+0200] {logging_mixin.py:188} INFO - [2024-07-18T18:44:04.888+0200] {dagbag.py:545} INFO - Filling up the DagBag from /home/richonlinux/Documents/GitHub/AirflowTuto/venv/lib/python3.10/site-packages/airflow/example_dags/example_python_operator.py
[2024-07-18T18:44:04.896+0200] {logging_mixin.py:188} INFO - [2024-07-18T18:44:04.896+0200] {example_python_operator.py:93} WARNING - The virtalenv_python example task requires virtualenv, please install it.
[2024-07-18T18:44:04.896+0200] {processor.py:840} INFO - DAG(s) 'example_python_operator' retrieved from /home/richonlinux/Documents/GitHub/AirflowTuto/venv/lib/python3.10/site-packages/airflow/example_dags/example_python_operator.py
[2024-07-18T18:44:04.905+0200] {logging_mixin.py:188} INFO - [2024-07-18T18:44:04.905+0200] {dag.py:3089} INFO - Sync 1 DAGs
[2024-07-18T18:44:04.911+0200] {logging_mixin.py:188} INFO - [2024-07-18T18:44:04.911+0200] {dag.py:3947} INFO - Setting next_dagrun for example_python_operator to None, run_after=None
[2024-07-18T18:44:04.923+0200] {processor.py:183} INFO - Processing /home/richonlinux/Documents/GitHub/AirflowTuto/venv/lib/python3.10/site-packages/airflow/example_dags/example_python_operator.py took 0.047 seconds
[2024-07-18T18:44:53.775+0200] {processor.py:161} INFO - Started process (PID=261094) to work on /home/richonlinux/Documents/GitHub/AirflowTuto/venv/lib/python3.10/site-packages/airflow/example_dags/example_python_operator.py
[2024-07-18T18:44:53.776+0200] {processor.py:830} INFO - Processing file /home/richonlinux/Documents/GitHub/AirflowTuto/venv/lib/python3.10/site-packages/airflow/example_dags/example_python_operator.py for tasks to queue
[2024-07-18T18:44:53.777+0200] {logging_mixin.py:188} INFO - [2024-07-18T18:44:53.777+0200] {dagbag.py:545} INFO - Filling up the DagBag from /home/richonlinux/Documents/GitHub/AirflowTuto/venv/lib/python3.10/site-packages/airflow/example_dags/example_python_operator.py
[2024-07-18T18:44:53.780+0200] {logging_mixin.py:188} INFO - [2024-07-18T18:44:53.780+0200] {example_python_operator.py:93} WARNING - The virtalenv_python example task requires virtualenv, please install it.
[2024-07-18T18:44:53.781+0200] {processor.py:840} INFO - DAG(s) 'example_python_operator' retrieved from /home/richonlinux/Documents/GitHub/AirflowTuto/venv/lib/python3.10/site-packages/airflow/example_dags/example_python_operator.py
[2024-07-18T18:44:53.792+0200] {logging_mixin.py:188} INFO - [2024-07-18T18:44:53.791+0200] {dag.py:3089} INFO - Sync 1 DAGs
[2024-07-18T18:44:53.798+0200] {logging_mixin.py:188} INFO - [2024-07-18T18:44:53.798+0200] {dag.py:3947} INFO - Setting next_dagrun for example_python_operator to None, run_after=None
[2024-07-18T18:44:53.811+0200] {processor.py:183} INFO - Processing /home/richonlinux/Documents/GitHub/AirflowTuto/venv/lib/python3.10/site-packages/airflow/example_dags/example_python_operator.py took 0.040 seconds
[2024-07-18T18:45:42.386+0200] {processor.py:161} INFO - Started process (PID=261890) to work on /home/richonlinux/Documents/GitHub/AirflowTuto/venv/lib/python3.10/site-packages/airflow/example_dags/example_python_operator.py
[2024-07-18T18:45:42.387+0200] {processor.py:830} INFO - Processing file /home/richonlinux/Documents/GitHub/AirflowTuto/venv/lib/python3.10/site-packages/airflow/example_dags/example_python_operator.py for tasks to queue
[2024-07-18T18:45:42.388+0200] {logging_mixin.py:188} INFO - [2024-07-18T18:45:42.388+0200] {dagbag.py:545} INFO - Filling up the DagBag from /home/richonlinux/Documents/GitHub/AirflowTuto/venv/lib/python3.10/site-packages/airflow/example_dags/example_python_operator.py
[2024-07-18T18:45:42.393+0200] {logging_mixin.py:188} INFO - [2024-07-18T18:45:42.392+0200] {example_python_operator.py:93} WARNING - The virtalenv_python example task requires virtualenv, please install it.
[2024-07-18T18:45:42.393+0200] {processor.py:840} INFO - DAG(s) 'example_python_operator' retrieved from /home/richonlinux/Documents/GitHub/AirflowTuto/venv/lib/python3.10/site-packages/airflow/example_dags/example_python_operator.py
[2024-07-18T18:45:42.402+0200] {logging_mixin.py:188} INFO - [2024-07-18T18:45:42.402+0200] {dag.py:3089} INFO - Sync 1 DAGs
[2024-07-18T18:45:42.408+0200] {logging_mixin.py:188} INFO - [2024-07-18T18:45:42.408+0200] {dag.py:3947} INFO - Setting next_dagrun for example_python_operator to None, run_after=None
[2024-07-18T18:45:42.419+0200] {processor.py:183} INFO - Processing /home/richonlinux/Documents/GitHub/AirflowTuto/venv/lib/python3.10/site-packages/airflow/example_dags/example_python_operator.py took 0.037 seconds
[2024-07-18T18:46:25.223+0200] {processor.py:161} INFO - Started process (PID=262932) to work on /home/richonlinux/Documents/GitHub/AirflowTuto/venv/lib/python3.10/site-packages/airflow/example_dags/example_python_operator.py
[2024-07-18T18:46:25.227+0200] {processor.py:830} INFO - Processing file /home/richonlinux/Documents/GitHub/AirflowTuto/venv/lib/python3.10/site-packages/airflow/example_dags/example_python_operator.py for tasks to queue
[2024-07-18T18:46:25.228+0200] {logging_mixin.py:188} INFO - [2024-07-18T18:46:25.228+0200] {dagbag.py:545} INFO - Filling up the DagBag from /home/richonlinux/Documents/GitHub/AirflowTuto/venv/lib/python3.10/site-packages/airflow/example_dags/example_python_operator.py
[2024-07-18T18:46:25.232+0200] {logging_mixin.py:188} INFO - [2024-07-18T18:46:25.232+0200] {example_python_operator.py:93} WARNING - The virtalenv_python example task requires virtualenv, please install it.
[2024-07-18T18:46:25.232+0200] {processor.py:840} INFO - DAG(s) 'example_python_operator' retrieved from /home/richonlinux/Documents/GitHub/AirflowTuto/venv/lib/python3.10/site-packages/airflow/example_dags/example_python_operator.py
[2024-07-18T18:46:25.241+0200] {logging_mixin.py:188} INFO - [2024-07-18T18:46:25.241+0200] {dag.py:3089} INFO - Sync 1 DAGs
[2024-07-18T18:46:25.247+0200] {logging_mixin.py:188} INFO - [2024-07-18T18:46:25.247+0200] {dag.py:3947} INFO - Setting next_dagrun for example_python_operator to None, run_after=None
[2024-07-18T18:46:25.260+0200] {processor.py:183} INFO - Processing /home/richonlinux/Documents/GitHub/AirflowTuto/venv/lib/python3.10/site-packages/airflow/example_dags/example_python_operator.py took 0.040 seconds
[2024-07-18T18:49:36.242+0200] {processor.py:161} INFO - Started process (PID=266189) to work on /home/richonlinux/Documents/GitHub/AirflowTuto/venv/lib/python3.10/site-packages/airflow/example_dags/example_python_operator.py
[2024-07-18T18:49:36.243+0200] {processor.py:830} INFO - Processing file /home/richonlinux/Documents/GitHub/AirflowTuto/venv/lib/python3.10/site-packages/airflow/example_dags/example_python_operator.py for tasks to queue
[2024-07-18T18:49:36.244+0200] {logging_mixin.py:188} INFO - [2024-07-18T18:49:36.244+0200] {dagbag.py:545} INFO - Filling up the DagBag from /home/richonlinux/Documents/GitHub/AirflowTuto/venv/lib/python3.10/site-packages/airflow/example_dags/example_python_operator.py
[2024-07-18T18:49:36.248+0200] {logging_mixin.py:188} INFO - [2024-07-18T18:49:36.248+0200] {example_python_operator.py:93} WARNING - The virtalenv_python example task requires virtualenv, please install it.
[2024-07-18T18:49:36.249+0200] {processor.py:840} INFO - DAG(s) 'example_python_operator' retrieved from /home/richonlinux/Documents/GitHub/AirflowTuto/venv/lib/python3.10/site-packages/airflow/example_dags/example_python_operator.py
[2024-07-18T18:49:36.254+0200] {logging_mixin.py:188} INFO - [2024-07-18T18:49:36.254+0200] {dag.py:3089} INFO - Sync 1 DAGs
[2024-07-18T18:49:36.260+0200] {logging_mixin.py:188} INFO - [2024-07-18T18:49:36.260+0200] {dag.py:3947} INFO - Setting next_dagrun for example_python_operator to None, run_after=None
[2024-07-18T18:49:36.273+0200] {processor.py:183} INFO - Processing /home/richonlinux/Documents/GitHub/AirflowTuto/venv/lib/python3.10/site-packages/airflow/example_dags/example_python_operator.py took 0.034 seconds
[2024-07-18T18:51:29.630+0200] {processor.py:161} INFO - Started process (PID=268446) to work on /home/richonlinux/Documents/GitHub/AirflowTuto/venv/lib/python3.10/site-packages/airflow/example_dags/example_python_operator.py
[2024-07-18T18:51:29.631+0200] {processor.py:830} INFO - Processing file /home/richonlinux/Documents/GitHub/AirflowTuto/venv/lib/python3.10/site-packages/airflow/example_dags/example_python_operator.py for tasks to queue
[2024-07-18T18:51:29.632+0200] {logging_mixin.py:188} INFO - [2024-07-18T18:51:29.632+0200] {dagbag.py:545} INFO - Filling up the DagBag from /home/richonlinux/Documents/GitHub/AirflowTuto/venv/lib/python3.10/site-packages/airflow/example_dags/example_python_operator.py
[2024-07-18T18:51:29.638+0200] {logging_mixin.py:188} INFO - [2024-07-18T18:51:29.637+0200] {example_python_operator.py:93} WARNING - The virtalenv_python example task requires virtualenv, please install it.
[2024-07-18T18:51:29.639+0200] {processor.py:840} INFO - DAG(s) 'example_python_operator' retrieved from /home/richonlinux/Documents/GitHub/AirflowTuto/venv/lib/python3.10/site-packages/airflow/example_dags/example_python_operator.py
[2024-07-18T18:51:29.643+0200] {logging_mixin.py:188} INFO - [2024-07-18T18:51:29.643+0200] {dag.py:3089} INFO - Sync 1 DAGs
[2024-07-18T18:51:29.650+0200] {logging_mixin.py:188} INFO - [2024-07-18T18:51:29.649+0200] {dag.py:3947} INFO - Setting next_dagrun for example_python_operator to None, run_after=None
[2024-07-18T18:51:29.662+0200] {processor.py:183} INFO - Processing /home/richonlinux/Documents/GitHub/AirflowTuto/venv/lib/python3.10/site-packages/airflow/example_dags/example_python_operator.py took 0.041 seconds
[2024-07-18T18:52:19.994+0200] {processor.py:161} INFO - Started process (PID=269246) to work on /home/richonlinux/Documents/GitHub/AirflowTuto/venv/lib/python3.10/site-packages/airflow/example_dags/example_python_operator.py
[2024-07-18T18:52:19.998+0200] {processor.py:830} INFO - Processing file /home/richonlinux/Documents/GitHub/AirflowTuto/venv/lib/python3.10/site-packages/airflow/example_dags/example_python_operator.py for tasks to queue
[2024-07-18T18:52:19.999+0200] {logging_mixin.py:188} INFO - [2024-07-18T18:52:19.999+0200] {dagbag.py:545} INFO - Filling up the DagBag from /home/richonlinux/Documents/GitHub/AirflowTuto/venv/lib/python3.10/site-packages/airflow/example_dags/example_python_operator.py
[2024-07-18T18:52:20.003+0200] {logging_mixin.py:188} INFO - [2024-07-18T18:52:20.003+0200] {example_python_operator.py:93} WARNING - The virtalenv_python example task requires virtualenv, please install it.
[2024-07-18T18:52:20.003+0200] {processor.py:840} INFO - DAG(s) 'example_python_operator' retrieved from /home/richonlinux/Documents/GitHub/AirflowTuto/venv/lib/python3.10/site-packages/airflow/example_dags/example_python_operator.py
[2024-07-18T18:52:20.107+0200] {logging_mixin.py:188} INFO - [2024-07-18T18:52:20.107+0200] {dag.py:3089} INFO - Sync 1 DAGs
[2024-07-18T18:52:20.112+0200] {logging_mixin.py:188} INFO - [2024-07-18T18:52:20.111+0200] {dag.py:3947} INFO - Setting next_dagrun for example_python_operator to None, run_after=None
[2024-07-18T18:52:20.126+0200] {processor.py:183} INFO - Processing /home/richonlinux/Documents/GitHub/AirflowTuto/venv/lib/python3.10/site-packages/airflow/example_dags/example_python_operator.py took 0.135 seconds
[2024-07-18T18:53:12.489+0200] {processor.py:161} INFO - Started process (PID=270631) to work on /home/richonlinux/Documents/GitHub/AirflowTuto/venv/lib/python3.10/site-packages/airflow/example_dags/example_python_operator.py
[2024-07-18T18:53:12.491+0200] {processor.py:830} INFO - Processing file /home/richonlinux/Documents/GitHub/AirflowTuto/venv/lib/python3.10/site-packages/airflow/example_dags/example_python_operator.py for tasks to queue
[2024-07-18T18:53:12.492+0200] {logging_mixin.py:188} INFO - [2024-07-18T18:53:12.492+0200] {dagbag.py:545} INFO - Filling up the DagBag from /home/richonlinux/Documents/GitHub/AirflowTuto/venv/lib/python3.10/site-packages/airflow/example_dags/example_python_operator.py
[2024-07-18T18:53:12.498+0200] {logging_mixin.py:188} INFO - [2024-07-18T18:53:12.498+0200] {example_python_operator.py:93} WARNING - The virtalenv_python example task requires virtualenv, please install it.
[2024-07-18T18:53:12.498+0200] {processor.py:840} INFO - DAG(s) 'example_python_operator' retrieved from /home/richonlinux/Documents/GitHub/AirflowTuto/venv/lib/python3.10/site-packages/airflow/example_dags/example_python_operator.py
[2024-07-18T18:53:12.510+0200] {logging_mixin.py:188} INFO - [2024-07-18T18:53:12.510+0200] {dag.py:3089} INFO - Sync 1 DAGs
[2024-07-18T18:53:12.517+0200] {logging_mixin.py:188} INFO - [2024-07-18T18:53:12.517+0200] {dag.py:3947} INFO - Setting next_dagrun for example_python_operator to None, run_after=None
[2024-07-18T18:53:12.598+0200] {processor.py:183} INFO - Processing /home/richonlinux/Documents/GitHub/AirflowTuto/venv/lib/python3.10/site-packages/airflow/example_dags/example_python_operator.py took 0.118 seconds
[2024-07-18T18:53:57.102+0200] {processor.py:161} INFO - Started process (PID=271726) to work on /home/richonlinux/Documents/GitHub/AirflowTuto/venv/lib/python3.10/site-packages/airflow/example_dags/example_python_operator.py
[2024-07-18T18:53:57.103+0200] {processor.py:830} INFO - Processing file /home/richonlinux/Documents/GitHub/AirflowTuto/venv/lib/python3.10/site-packages/airflow/example_dags/example_python_operator.py for tasks to queue
[2024-07-18T18:53:57.104+0200] {logging_mixin.py:188} INFO - [2024-07-18T18:53:57.103+0200] {dagbag.py:545} INFO - Filling up the DagBag from /home/richonlinux/Documents/GitHub/AirflowTuto/venv/lib/python3.10/site-packages/airflow/example_dags/example_python_operator.py
[2024-07-18T18:53:57.107+0200] {logging_mixin.py:188} INFO - [2024-07-18T18:53:57.107+0200] {example_python_operator.py:93} WARNING - The virtalenv_python example task requires virtualenv, please install it.
[2024-07-18T18:53:57.108+0200] {processor.py:840} INFO - DAG(s) 'example_python_operator' retrieved from /home/richonlinux/Documents/GitHub/AirflowTuto/venv/lib/python3.10/site-packages/airflow/example_dags/example_python_operator.py
[2024-07-18T18:53:57.117+0200] {logging_mixin.py:188} INFO - [2024-07-18T18:53:57.117+0200] {dag.py:3089} INFO - Sync 1 DAGs
[2024-07-18T18:53:57.124+0200] {logging_mixin.py:188} INFO - [2024-07-18T18:53:57.123+0200] {dag.py:3947} INFO - Setting next_dagrun for example_python_operator to None, run_after=None
[2024-07-18T18:53:57.137+0200] {processor.py:183} INFO - Processing /home/richonlinux/Documents/GitHub/AirflowTuto/venv/lib/python3.10/site-packages/airflow/example_dags/example_python_operator.py took 0.039 seconds
[2024-07-18T18:54:41.123+0200] {processor.py:161} INFO - Started process (PID=272447) to work on /home/richonlinux/Documents/GitHub/AirflowTuto/venv/lib/python3.10/site-packages/airflow/example_dags/example_python_operator.py
[2024-07-18T18:54:41.127+0200] {processor.py:830} INFO - Processing file /home/richonlinux/Documents/GitHub/AirflowTuto/venv/lib/python3.10/site-packages/airflow/example_dags/example_python_operator.py for tasks to queue
[2024-07-18T18:54:41.129+0200] {logging_mixin.py:188} INFO - [2024-07-18T18:54:41.128+0200] {dagbag.py:545} INFO - Filling up the DagBag from /home/richonlinux/Documents/GitHub/AirflowTuto/venv/lib/python3.10/site-packages/airflow/example_dags/example_python_operator.py
[2024-07-18T18:54:41.135+0200] {logging_mixin.py:188} INFO - [2024-07-18T18:54:41.135+0200] {example_python_operator.py:93} WARNING - The virtalenv_python example task requires virtualenv, please install it.
[2024-07-18T18:54:41.135+0200] {processor.py:840} INFO - DAG(s) 'example_python_operator' retrieved from /home/richonlinux/Documents/GitHub/AirflowTuto/venv/lib/python3.10/site-packages/airflow/example_dags/example_python_operator.py
[2024-07-18T18:54:41.144+0200] {logging_mixin.py:188} INFO - [2024-07-18T18:54:41.144+0200] {dag.py:3089} INFO - Sync 1 DAGs
[2024-07-18T18:54:41.150+0200] {logging_mixin.py:188} INFO - [2024-07-18T18:54:41.150+0200] {dag.py:3947} INFO - Setting next_dagrun for example_python_operator to None, run_after=None
[2024-07-18T18:54:41.162+0200] {processor.py:183} INFO - Processing /home/richonlinux/Documents/GitHub/AirflowTuto/venv/lib/python3.10/site-packages/airflow/example_dags/example_python_operator.py took 0.047 seconds
[2024-07-18T18:55:20.574+0200] {processor.py:161} INFO - Started process (PID=273117) to work on /home/richonlinux/Documents/GitHub/AirflowTuto/venv/lib/python3.10/site-packages/airflow/example_dags/example_python_operator.py
[2024-07-18T18:55:20.575+0200] {processor.py:830} INFO - Processing file /home/richonlinux/Documents/GitHub/AirflowTuto/venv/lib/python3.10/site-packages/airflow/example_dags/example_python_operator.py for tasks to queue
[2024-07-18T18:55:20.575+0200] {logging_mixin.py:188} INFO - [2024-07-18T18:55:20.575+0200] {dagbag.py:545} INFO - Filling up the DagBag from /home/richonlinux/Documents/GitHub/AirflowTuto/venv/lib/python3.10/site-packages/airflow/example_dags/example_python_operator.py
[2024-07-18T18:55:20.579+0200] {logging_mixin.py:188} INFO - [2024-07-18T18:55:20.579+0200] {example_python_operator.py:93} WARNING - The virtalenv_python example task requires virtualenv, please install it.
[2024-07-18T18:55:20.579+0200] {processor.py:840} INFO - DAG(s) 'example_python_operator' retrieved from /home/richonlinux/Documents/GitHub/AirflowTuto/venv/lib/python3.10/site-packages/airflow/example_dags/example_python_operator.py
[2024-07-18T18:55:20.588+0200] {logging_mixin.py:188} INFO - [2024-07-18T18:55:20.588+0200] {dag.py:3089} INFO - Sync 1 DAGs
[2024-07-18T18:55:20.594+0200] {logging_mixin.py:188} INFO - [2024-07-18T18:55:20.594+0200] {dag.py:3947} INFO - Setting next_dagrun for example_python_operator to None, run_after=None
[2024-07-18T18:55:20.606+0200] {processor.py:183} INFO - Processing /home/richonlinux/Documents/GitHub/AirflowTuto/venv/lib/python3.10/site-packages/airflow/example_dags/example_python_operator.py took 0.036 seconds
[2024-07-18T18:56:04.683+0200] {processor.py:161} INFO - Started process (PID=273792) to work on /home/richonlinux/Documents/GitHub/AirflowTuto/venv/lib/python3.10/site-packages/airflow/example_dags/example_python_operator.py
[2024-07-18T18:56:04.684+0200] {processor.py:830} INFO - Processing file /home/richonlinux/Documents/GitHub/AirflowTuto/venv/lib/python3.10/site-packages/airflow/example_dags/example_python_operator.py for tasks to queue
[2024-07-18T18:56:04.685+0200] {logging_mixin.py:188} INFO - [2024-07-18T18:56:04.685+0200] {dagbag.py:545} INFO - Filling up the DagBag from /home/richonlinux/Documents/GitHub/AirflowTuto/venv/lib/python3.10/site-packages/airflow/example_dags/example_python_operator.py
[2024-07-18T18:56:04.689+0200] {logging_mixin.py:188} INFO - [2024-07-18T18:56:04.689+0200] {example_python_operator.py:93} WARNING - The virtalenv_python example task requires virtualenv, please install it.
[2024-07-18T18:56:04.689+0200] {processor.py:840} INFO - DAG(s) 'example_python_operator' retrieved from /home/richonlinux/Documents/GitHub/AirflowTuto/venv/lib/python3.10/site-packages/airflow/example_dags/example_python_operator.py
[2024-07-18T18:56:04.701+0200] {logging_mixin.py:188} INFO - [2024-07-18T18:56:04.701+0200] {dag.py:3089} INFO - Sync 1 DAGs
[2024-07-18T18:56:04.708+0200] {logging_mixin.py:188} INFO - [2024-07-18T18:56:04.708+0200] {dag.py:3947} INFO - Setting next_dagrun for example_python_operator to None, run_after=None
[2024-07-18T18:56:04.721+0200] {processor.py:183} INFO - Processing /home/richonlinux/Documents/GitHub/AirflowTuto/venv/lib/python3.10/site-packages/airflow/example_dags/example_python_operator.py took 0.043 seconds
[2024-07-18T18:56:59.552+0200] {processor.py:161} INFO - Started process (PID=274779) to work on /home/richonlinux/Documents/GitHub/AirflowTuto/venv/lib/python3.10/site-packages/airflow/example_dags/example_python_operator.py
[2024-07-18T18:56:59.553+0200] {processor.py:830} INFO - Processing file /home/richonlinux/Documents/GitHub/AirflowTuto/venv/lib/python3.10/site-packages/airflow/example_dags/example_python_operator.py for tasks to queue
[2024-07-18T18:56:59.554+0200] {logging_mixin.py:188} INFO - [2024-07-18T18:56:59.554+0200] {dagbag.py:545} INFO - Filling up the DagBag from /home/richonlinux/Documents/GitHub/AirflowTuto/venv/lib/python3.10/site-packages/airflow/example_dags/example_python_operator.py
[2024-07-18T18:56:59.560+0200] {logging_mixin.py:188} INFO - [2024-07-18T18:56:59.559+0200] {example_python_operator.py:93} WARNING - The virtalenv_python example task requires virtualenv, please install it.
[2024-07-18T18:56:59.560+0200] {processor.py:840} INFO - DAG(s) 'example_python_operator' retrieved from /home/richonlinux/Documents/GitHub/AirflowTuto/venv/lib/python3.10/site-packages/airflow/example_dags/example_python_operator.py
[2024-07-18T18:56:59.569+0200] {logging_mixin.py:188} INFO - [2024-07-18T18:56:59.568+0200] {dag.py:3089} INFO - Sync 1 DAGs
[2024-07-18T18:56:59.574+0200] {logging_mixin.py:188} INFO - [2024-07-18T18:56:59.574+0200] {dag.py:3947} INFO - Setting next_dagrun for example_python_operator to None, run_after=None
[2024-07-18T18:56:59.587+0200] {processor.py:183} INFO - Processing /home/richonlinux/Documents/GitHub/AirflowTuto/venv/lib/python3.10/site-packages/airflow/example_dags/example_python_operator.py took 0.043 seconds
[2024-07-18T18:57:40.093+0200] {processor.py:161} INFO - Started process (PID=275441) to work on /home/richonlinux/Documents/GitHub/AirflowTuto/venv/lib/python3.10/site-packages/airflow/example_dags/example_python_operator.py
[2024-07-18T18:57:40.094+0200] {processor.py:830} INFO - Processing file /home/richonlinux/Documents/GitHub/AirflowTuto/venv/lib/python3.10/site-packages/airflow/example_dags/example_python_operator.py for tasks to queue
[2024-07-18T18:57:40.095+0200] {logging_mixin.py:188} INFO - [2024-07-18T18:57:40.095+0200] {dagbag.py:545} INFO - Filling up the DagBag from /home/richonlinux/Documents/GitHub/AirflowTuto/venv/lib/python3.10/site-packages/airflow/example_dags/example_python_operator.py
[2024-07-18T18:57:40.100+0200] {logging_mixin.py:188} INFO - [2024-07-18T18:57:40.100+0200] {example_python_operator.py:93} WARNING - The virtalenv_python example task requires virtualenv, please install it.
[2024-07-18T18:57:40.101+0200] {processor.py:840} INFO - DAG(s) 'example_python_operator' retrieved from /home/richonlinux/Documents/GitHub/AirflowTuto/venv/lib/python3.10/site-packages/airflow/example_dags/example_python_operator.py
[2024-07-18T18:57:40.110+0200] {logging_mixin.py:188} INFO - [2024-07-18T18:57:40.109+0200] {dag.py:3089} INFO - Sync 1 DAGs
[2024-07-18T18:57:40.115+0200] {logging_mixin.py:188} INFO - [2024-07-18T18:57:40.115+0200] {dag.py:3947} INFO - Setting next_dagrun for example_python_operator to None, run_after=None
[2024-07-18T18:57:40.127+0200] {processor.py:183} INFO - Processing /home/richonlinux/Documents/GitHub/AirflowTuto/venv/lib/python3.10/site-packages/airflow/example_dags/example_python_operator.py took 0.041 seconds
[2024-07-18T18:58:20.421+0200] {processor.py:161} INFO - Started process (PID=276097) to work on /home/richonlinux/Documents/GitHub/AirflowTuto/venv/lib/python3.10/site-packages/airflow/example_dags/example_python_operator.py
[2024-07-18T18:58:20.422+0200] {processor.py:830} INFO - Processing file /home/richonlinux/Documents/GitHub/AirflowTuto/venv/lib/python3.10/site-packages/airflow/example_dags/example_python_operator.py for tasks to queue
[2024-07-18T18:58:20.423+0200] {logging_mixin.py:188} INFO - [2024-07-18T18:58:20.423+0200] {dagbag.py:545} INFO - Filling up the DagBag from /home/richonlinux/Documents/GitHub/AirflowTuto/venv/lib/python3.10/site-packages/airflow/example_dags/example_python_operator.py
[2024-07-18T18:58:20.429+0200] {logging_mixin.py:188} INFO - [2024-07-18T18:58:20.429+0200] {example_python_operator.py:93} WARNING - The virtalenv_python example task requires virtualenv, please install it.
[2024-07-18T18:58:20.429+0200] {processor.py:840} INFO - DAG(s) 'example_python_operator' retrieved from /home/richonlinux/Documents/GitHub/AirflowTuto/venv/lib/python3.10/site-packages/airflow/example_dags/example_python_operator.py
[2024-07-18T18:58:20.438+0200] {logging_mixin.py:188} INFO - [2024-07-18T18:58:20.438+0200] {dag.py:3089} INFO - Sync 1 DAGs
[2024-07-18T18:58:20.444+0200] {logging_mixin.py:188} INFO - [2024-07-18T18:58:20.444+0200] {dag.py:3947} INFO - Setting next_dagrun for example_python_operator to None, run_after=None
[2024-07-18T18:58:20.457+0200] {processor.py:183} INFO - Processing /home/richonlinux/Documents/GitHub/AirflowTuto/venv/lib/python3.10/site-packages/airflow/example_dags/example_python_operator.py took 0.039 seconds
[2024-07-18T18:59:00.664+0200] {processor.py:161} INFO - Started process (PID=276704) to work on /home/richonlinux/Documents/GitHub/AirflowTuto/venv/lib/python3.10/site-packages/airflow/example_dags/example_python_operator.py
[2024-07-18T18:59:00.665+0200] {processor.py:830} INFO - Processing file /home/richonlinux/Documents/GitHub/AirflowTuto/venv/lib/python3.10/site-packages/airflow/example_dags/example_python_operator.py for tasks to queue
[2024-07-18T18:59:00.666+0200] {logging_mixin.py:188} INFO - [2024-07-18T18:59:00.666+0200] {dagbag.py:545} INFO - Filling up the DagBag from /home/richonlinux/Documents/GitHub/AirflowTuto/venv/lib/python3.10/site-packages/airflow/example_dags/example_python_operator.py
[2024-07-18T18:59:00.671+0200] {logging_mixin.py:188} INFO - [2024-07-18T18:59:00.671+0200] {example_python_operator.py:93} WARNING - The virtalenv_python example task requires virtualenv, please install it.
[2024-07-18T18:59:00.672+0200] {processor.py:840} INFO - DAG(s) 'example_python_operator' retrieved from /home/richonlinux/Documents/GitHub/AirflowTuto/venv/lib/python3.10/site-packages/airflow/example_dags/example_python_operator.py
[2024-07-18T18:59:00.684+0200] {logging_mixin.py:188} INFO - [2024-07-18T18:59:00.684+0200] {dag.py:3089} INFO - Sync 1 DAGs
[2024-07-18T18:59:00.692+0200] {logging_mixin.py:188} INFO - [2024-07-18T18:59:00.692+0200] {dag.py:3947} INFO - Setting next_dagrun for example_python_operator to None, run_after=None
[2024-07-18T18:59:00.707+0200] {processor.py:183} INFO - Processing /home/richonlinux/Documents/GitHub/AirflowTuto/venv/lib/python3.10/site-packages/airflow/example_dags/example_python_operator.py took 0.050 seconds
[2024-07-18T18:59:40.768+0200] {processor.py:161} INFO - Started process (PID=277523) to work on /home/richonlinux/Documents/GitHub/AirflowTuto/venv/lib/python3.10/site-packages/airflow/example_dags/example_python_operator.py
[2024-07-18T18:59:40.772+0200] {processor.py:830} INFO - Processing file /home/richonlinux/Documents/GitHub/AirflowTuto/venv/lib/python3.10/site-packages/airflow/example_dags/example_python_operator.py for tasks to queue
[2024-07-18T18:59:40.774+0200] {logging_mixin.py:188} INFO - [2024-07-18T18:59:40.774+0200] {dagbag.py:545} INFO - Filling up the DagBag from /home/richonlinux/Documents/GitHub/AirflowTuto/venv/lib/python3.10/site-packages/airflow/example_dags/example_python_operator.py
[2024-07-18T18:59:40.781+0200] {logging_mixin.py:188} INFO - [2024-07-18T18:59:40.781+0200] {example_python_operator.py:93} WARNING - The virtalenv_python example task requires virtualenv, please install it.
[2024-07-18T18:59:40.782+0200] {processor.py:840} INFO - DAG(s) 'example_python_operator' retrieved from /home/richonlinux/Documents/GitHub/AirflowTuto/venv/lib/python3.10/site-packages/airflow/example_dags/example_python_operator.py
[2024-07-18T18:59:40.792+0200] {logging_mixin.py:188} INFO - [2024-07-18T18:59:40.792+0200] {dag.py:3089} INFO - Sync 1 DAGs
[2024-07-18T18:59:40.798+0200] {logging_mixin.py:188} INFO - [2024-07-18T18:59:40.798+0200] {dag.py:3947} INFO - Setting next_dagrun for example_python_operator to None, run_after=None
[2024-07-18T18:59:40.810+0200] {processor.py:183} INFO - Processing /home/richonlinux/Documents/GitHub/AirflowTuto/venv/lib/python3.10/site-packages/airflow/example_dags/example_python_operator.py took 0.046 seconds
