[2024-07-18T18:16:26.687+0200] {processor.py:161} INFO - Started process (PID=258082) to work on /home/richonlinux/Documents/GitHub/AirflowTuto/venv/lib/python3.10/site-packages/airflow/example_dags/example_setup_teardown.py
[2024-07-18T18:16:26.688+0200] {processor.py:830} INFO - Processing file /home/richonlinux/Documents/GitHub/AirflowTuto/venv/lib/python3.10/site-packages/airflow/example_dags/example_setup_teardown.py for tasks to queue
[2024-07-18T18:16:26.688+0200] {logging_mixin.py:188} INFO - [2024-07-18T18:16:26.688+0200] {dagbag.py:545} INFO - Filling up the DagBag from /home/richonlinux/Documents/GitHub/AirflowTuto/venv/lib/python3.10/site-packages/airflow/example_dags/example_setup_teardown.py
[2024-07-18T18:16:26.695+0200] {processor.py:840} INFO - DAG(s) 'example_setup_teardown' retrieved from /home/richonlinux/Documents/GitHub/AirflowTuto/venv/lib/python3.10/site-packages/airflow/example_dags/example_setup_teardown.py
[2024-07-18T18:16:26.752+0200] {logging_mixin.py:188} INFO - [2024-07-18T18:16:26.751+0200] {override.py:1858} INFO - Created Permission View: can edit on DAG:example_setup_teardown
[2024-07-18T18:16:26.759+0200] {logging_mixin.py:188} INFO - [2024-07-18T18:16:26.759+0200] {override.py:1858} INFO - Created Permission View: can read on DAG:example_setup_teardown
[2024-07-18T18:16:26.767+0200] {logging_mixin.py:188} INFO - [2024-07-18T18:16:26.767+0200] {override.py:1858} INFO - Created Permission View: can delete on DAG:example_setup_teardown
[2024-07-18T18:16:26.767+0200] {logging_mixin.py:188} INFO - [2024-07-18T18:16:26.767+0200] {dag.py:3089} INFO - Sync 1 DAGs
[2024-07-18T18:16:26.773+0200] {logging_mixin.py:188} INFO - [2024-07-18T18:16:26.772+0200] {dag.py:3111} INFO - Creating ORM DAG for example_setup_teardown
[2024-07-18T18:16:26.779+0200] {logging_mixin.py:188} INFO - [2024-07-18T18:16:26.779+0200] {dag.py:3947} INFO - Setting next_dagrun for example_setup_teardown to 2024-07-17 00:00:00+00:00, run_after=2024-07-18 00:00:00+00:00
[2024-07-18T18:16:26.792+0200] {processor.py:183} INFO - Processing /home/richonlinux/Documents/GitHub/AirflowTuto/venv/lib/python3.10/site-packages/airflow/example_dags/example_setup_teardown.py took 0.109 seconds
[2024-07-18T18:17:19.507+0200] {processor.py:161} INFO - Started process (PID=258955) to work on /home/richonlinux/Documents/GitHub/AirflowTuto/venv/lib/python3.10/site-packages/airflow/example_dags/example_setup_teardown.py
[2024-07-18T18:17:19.512+0200] {processor.py:830} INFO - Processing file /home/richonlinux/Documents/GitHub/AirflowTuto/venv/lib/python3.10/site-packages/airflow/example_dags/example_setup_teardown.py for tasks to queue
[2024-07-18T18:17:19.513+0200] {logging_mixin.py:188} INFO - [2024-07-18T18:17:19.513+0200] {dagbag.py:545} INFO - Filling up the DagBag from /home/richonlinux/Documents/GitHub/AirflowTuto/venv/lib/python3.10/site-packages/airflow/example_dags/example_setup_teardown.py
[2024-07-18T18:17:19.519+0200] {processor.py:840} INFO - DAG(s) 'example_setup_teardown' retrieved from /home/richonlinux/Documents/GitHub/AirflowTuto/venv/lib/python3.10/site-packages/airflow/example_dags/example_setup_teardown.py
[2024-07-18T18:17:19.528+0200] {logging_mixin.py:188} INFO - [2024-07-18T18:17:19.528+0200] {dag.py:3089} INFO - Sync 1 DAGs
[2024-07-18T18:17:19.537+0200] {logging_mixin.py:188} INFO - [2024-07-18T18:17:19.537+0200] {dag.py:3947} INFO - Setting next_dagrun for example_setup_teardown to 2024-07-17 00:00:00+00:00, run_after=2024-07-18 00:00:00+00:00
[2024-07-18T18:17:19.549+0200] {processor.py:183} INFO - Processing /home/richonlinux/Documents/GitHub/AirflowTuto/venv/lib/python3.10/site-packages/airflow/example_dags/example_setup_teardown.py took 0.050 seconds
[2024-07-18T18:44:07.459+0200] {processor.py:161} INFO - Started process (PID=260151) to work on /home/richonlinux/Documents/GitHub/AirflowTuto/venv/lib/python3.10/site-packages/airflow/example_dags/example_setup_teardown.py
[2024-07-18T18:44:07.460+0200] {processor.py:830} INFO - Processing file /home/richonlinux/Documents/GitHub/AirflowTuto/venv/lib/python3.10/site-packages/airflow/example_dags/example_setup_teardown.py for tasks to queue
[2024-07-18T18:44:07.462+0200] {logging_mixin.py:188} INFO - [2024-07-18T18:44:07.461+0200] {dagbag.py:545} INFO - Filling up the DagBag from /home/richonlinux/Documents/GitHub/AirflowTuto/venv/lib/python3.10/site-packages/airflow/example_dags/example_setup_teardown.py
[2024-07-18T18:44:07.465+0200] {processor.py:840} INFO - DAG(s) 'example_setup_teardown' retrieved from /home/richonlinux/Documents/GitHub/AirflowTuto/venv/lib/python3.10/site-packages/airflow/example_dags/example_setup_teardown.py
[2024-07-18T18:44:07.474+0200] {logging_mixin.py:188} INFO - [2024-07-18T18:44:07.474+0200] {dag.py:3089} INFO - Sync 1 DAGs
[2024-07-18T18:44:07.542+0200] {logging_mixin.py:188} INFO - [2024-07-18T18:44:07.542+0200] {dag.py:3947} INFO - Setting next_dagrun for example_setup_teardown to 2024-07-17 00:00:00+00:00, run_after=2024-07-18 00:00:00+00:00
[2024-07-18T18:44:07.554+0200] {processor.py:183} INFO - Processing /home/richonlinux/Documents/GitHub/AirflowTuto/venv/lib/python3.10/site-packages/airflow/example_dags/example_setup_teardown.py took 0.098 seconds
[2024-07-18T18:45:01.194+0200] {processor.py:161} INFO - Started process (PID=261275) to work on /home/richonlinux/Documents/GitHub/AirflowTuto/venv/lib/python3.10/site-packages/airflow/example_dags/example_setup_teardown.py
[2024-07-18T18:45:01.195+0200] {processor.py:830} INFO - Processing file /home/richonlinux/Documents/GitHub/AirflowTuto/venv/lib/python3.10/site-packages/airflow/example_dags/example_setup_teardown.py for tasks to queue
[2024-07-18T18:45:01.197+0200] {logging_mixin.py:188} INFO - [2024-07-18T18:45:01.197+0200] {dagbag.py:545} INFO - Filling up the DagBag from /home/richonlinux/Documents/GitHub/AirflowTuto/venv/lib/python3.10/site-packages/airflow/example_dags/example_setup_teardown.py
[2024-07-18T18:45:01.202+0200] {processor.py:840} INFO - DAG(s) 'example_setup_teardown' retrieved from /home/richonlinux/Documents/GitHub/AirflowTuto/venv/lib/python3.10/site-packages/airflow/example_dags/example_setup_teardown.py
[2024-07-18T18:45:01.212+0200] {logging_mixin.py:188} INFO - [2024-07-18T18:45:01.211+0200] {dag.py:3089} INFO - Sync 1 DAGs
[2024-07-18T18:45:01.222+0200] {logging_mixin.py:188} INFO - [2024-07-18T18:45:01.222+0200] {dag.py:3947} INFO - Setting next_dagrun for example_setup_teardown to 2024-07-17 00:00:00+00:00, run_after=2024-07-18 00:00:00+00:00
[2024-07-18T18:45:01.235+0200] {processor.py:183} INFO - Processing /home/richonlinux/Documents/GitHub/AirflowTuto/venv/lib/python3.10/site-packages/airflow/example_dags/example_setup_teardown.py took 0.048 seconds
[2024-07-18T18:45:45.267+0200] {processor.py:161} INFO - Started process (PID=261961) to work on /home/richonlinux/Documents/GitHub/AirflowTuto/venv/lib/python3.10/site-packages/airflow/example_dags/example_setup_teardown.py
[2024-07-18T18:45:45.268+0200] {processor.py:830} INFO - Processing file /home/richonlinux/Documents/GitHub/AirflowTuto/venv/lib/python3.10/site-packages/airflow/example_dags/example_setup_teardown.py for tasks to queue
[2024-07-18T18:45:45.269+0200] {logging_mixin.py:188} INFO - [2024-07-18T18:45:45.269+0200] {dagbag.py:545} INFO - Filling up the DagBag from /home/richonlinux/Documents/GitHub/AirflowTuto/venv/lib/python3.10/site-packages/airflow/example_dags/example_setup_teardown.py
[2024-07-18T18:45:45.274+0200] {processor.py:840} INFO - DAG(s) 'example_setup_teardown' retrieved from /home/richonlinux/Documents/GitHub/AirflowTuto/venv/lib/python3.10/site-packages/airflow/example_dags/example_setup_teardown.py
[2024-07-18T18:45:45.282+0200] {logging_mixin.py:188} INFO - [2024-07-18T18:45:45.282+0200] {dag.py:3089} INFO - Sync 1 DAGs
[2024-07-18T18:45:45.292+0200] {logging_mixin.py:188} INFO - [2024-07-18T18:45:45.292+0200] {dag.py:3947} INFO - Setting next_dagrun for example_setup_teardown to 2024-07-17 00:00:00+00:00, run_after=2024-07-18 00:00:00+00:00
[2024-07-18T18:45:45.305+0200] {processor.py:183} INFO - Processing /home/richonlinux/Documents/GitHub/AirflowTuto/venv/lib/python3.10/site-packages/airflow/example_dags/example_setup_teardown.py took 0.045 seconds
[2024-07-18T18:46:27.957+0200] {processor.py:161} INFO - Started process (PID=262960) to work on /home/richonlinux/Documents/GitHub/AirflowTuto/venv/lib/python3.10/site-packages/airflow/example_dags/example_setup_teardown.py
[2024-07-18T18:46:27.958+0200] {processor.py:830} INFO - Processing file /home/richonlinux/Documents/GitHub/AirflowTuto/venv/lib/python3.10/site-packages/airflow/example_dags/example_setup_teardown.py for tasks to queue
[2024-07-18T18:46:27.960+0200] {logging_mixin.py:188} INFO - [2024-07-18T18:46:27.960+0200] {dagbag.py:545} INFO - Filling up the DagBag from /home/richonlinux/Documents/GitHub/AirflowTuto/venv/lib/python3.10/site-packages/airflow/example_dags/example_setup_teardown.py
[2024-07-18T18:46:27.966+0200] {processor.py:840} INFO - DAG(s) 'example_setup_teardown' retrieved from /home/richonlinux/Documents/GitHub/AirflowTuto/venv/lib/python3.10/site-packages/airflow/example_dags/example_setup_teardown.py
[2024-07-18T18:46:27.975+0200] {logging_mixin.py:188} INFO - [2024-07-18T18:46:27.975+0200] {dag.py:3089} INFO - Sync 1 DAGs
[2024-07-18T18:46:27.985+0200] {logging_mixin.py:188} INFO - [2024-07-18T18:46:27.984+0200] {dag.py:3947} INFO - Setting next_dagrun for example_setup_teardown to 2024-07-17 00:00:00+00:00, run_after=2024-07-18 00:00:00+00:00
[2024-07-18T18:46:27.997+0200] {processor.py:183} INFO - Processing /home/richonlinux/Documents/GitHub/AirflowTuto/venv/lib/python3.10/site-packages/airflow/example_dags/example_setup_teardown.py took 0.048 seconds
[2024-07-18T18:49:39.676+0200] {processor.py:161} INFO - Started process (PID=266246) to work on /home/richonlinux/Documents/GitHub/AirflowTuto/venv/lib/python3.10/site-packages/airflow/example_dags/example_setup_teardown.py
[2024-07-18T18:49:39.677+0200] {processor.py:830} INFO - Processing file /home/richonlinux/Documents/GitHub/AirflowTuto/venv/lib/python3.10/site-packages/airflow/example_dags/example_setup_teardown.py for tasks to queue
[2024-07-18T18:49:39.679+0200] {logging_mixin.py:188} INFO - [2024-07-18T18:49:39.678+0200] {dagbag.py:545} INFO - Filling up the DagBag from /home/richonlinux/Documents/GitHub/AirflowTuto/venv/lib/python3.10/site-packages/airflow/example_dags/example_setup_teardown.py
[2024-07-18T18:49:39.685+0200] {processor.py:840} INFO - DAG(s) 'example_setup_teardown' retrieved from /home/richonlinux/Documents/GitHub/AirflowTuto/venv/lib/python3.10/site-packages/airflow/example_dags/example_setup_teardown.py
[2024-07-18T18:49:39.689+0200] {logging_mixin.py:188} INFO - [2024-07-18T18:49:39.689+0200] {dag.py:3089} INFO - Sync 1 DAGs
[2024-07-18T18:49:39.700+0200] {logging_mixin.py:188} INFO - [2024-07-18T18:49:39.699+0200] {dag.py:3947} INFO - Setting next_dagrun for example_setup_teardown to 2024-07-17 00:00:00+00:00, run_after=2024-07-18 00:00:00+00:00
[2024-07-18T18:49:39.713+0200] {processor.py:183} INFO - Processing /home/richonlinux/Documents/GitHub/AirflowTuto/venv/lib/python3.10/site-packages/airflow/example_dags/example_setup_teardown.py took 0.042 seconds
[2024-07-18T18:51:33.074+0200] {processor.py:161} INFO - Started process (PID=268481) to work on /home/richonlinux/Documents/GitHub/AirflowTuto/venv/lib/python3.10/site-packages/airflow/example_dags/example_setup_teardown.py
[2024-07-18T18:51:33.076+0200] {processor.py:830} INFO - Processing file /home/richonlinux/Documents/GitHub/AirflowTuto/venv/lib/python3.10/site-packages/airflow/example_dags/example_setup_teardown.py for tasks to queue
[2024-07-18T18:51:33.077+0200] {logging_mixin.py:188} INFO - [2024-07-18T18:51:33.077+0200] {dagbag.py:545} INFO - Filling up the DagBag from /home/richonlinux/Documents/GitHub/AirflowTuto/venv/lib/python3.10/site-packages/airflow/example_dags/example_setup_teardown.py
[2024-07-18T18:51:33.084+0200] {processor.py:840} INFO - DAG(s) 'example_setup_teardown' retrieved from /home/richonlinux/Documents/GitHub/AirflowTuto/venv/lib/python3.10/site-packages/airflow/example_dags/example_setup_teardown.py
[2024-07-18T18:51:33.088+0200] {logging_mixin.py:188} INFO - [2024-07-18T18:51:33.088+0200] {dag.py:3089} INFO - Sync 1 DAGs
[2024-07-18T18:51:33.098+0200] {logging_mixin.py:188} INFO - [2024-07-18T18:51:33.097+0200] {dag.py:3947} INFO - Setting next_dagrun for example_setup_teardown to 2024-07-17 00:00:00+00:00, run_after=2024-07-18 00:00:00+00:00
[2024-07-18T18:51:33.110+0200] {processor.py:183} INFO - Processing /home/richonlinux/Documents/GitHub/AirflowTuto/venv/lib/python3.10/site-packages/airflow/example_dags/example_setup_teardown.py took 0.043 seconds
[2024-07-18T18:52:23.771+0200] {processor.py:161} INFO - Started process (PID=269307) to work on /home/richonlinux/Documents/GitHub/AirflowTuto/venv/lib/python3.10/site-packages/airflow/example_dags/example_setup_teardown.py
[2024-07-18T18:52:23.772+0200] {processor.py:830} INFO - Processing file /home/richonlinux/Documents/GitHub/AirflowTuto/venv/lib/python3.10/site-packages/airflow/example_dags/example_setup_teardown.py for tasks to queue
[2024-07-18T18:52:23.773+0200] {logging_mixin.py:188} INFO - [2024-07-18T18:52:23.772+0200] {dagbag.py:545} INFO - Filling up the DagBag from /home/richonlinux/Documents/GitHub/AirflowTuto/venv/lib/python3.10/site-packages/airflow/example_dags/example_setup_teardown.py
[2024-07-18T18:52:23.777+0200] {processor.py:840} INFO - DAG(s) 'example_setup_teardown' retrieved from /home/richonlinux/Documents/GitHub/AirflowTuto/venv/lib/python3.10/site-packages/airflow/example_dags/example_setup_teardown.py
[2024-07-18T18:52:23.881+0200] {logging_mixin.py:188} INFO - [2024-07-18T18:52:23.881+0200] {dag.py:3089} INFO - Sync 1 DAGs
[2024-07-18T18:52:23.889+0200] {logging_mixin.py:188} INFO - [2024-07-18T18:52:23.889+0200] {dag.py:3947} INFO - Setting next_dagrun for example_setup_teardown to 2024-07-17 00:00:00+00:00, run_after=2024-07-18 00:00:00+00:00
[2024-07-18T18:52:23.905+0200] {processor.py:183} INFO - Processing /home/richonlinux/Documents/GitHub/AirflowTuto/venv/lib/python3.10/site-packages/airflow/example_dags/example_setup_teardown.py took 0.139 seconds
[2024-07-18T18:53:15.459+0200] {processor.py:161} INFO - Started process (PID=270783) to work on /home/richonlinux/Documents/GitHub/AirflowTuto/venv/lib/python3.10/site-packages/airflow/example_dags/example_setup_teardown.py
[2024-07-18T18:53:15.460+0200] {processor.py:830} INFO - Processing file /home/richonlinux/Documents/GitHub/AirflowTuto/venv/lib/python3.10/site-packages/airflow/example_dags/example_setup_teardown.py for tasks to queue
[2024-07-18T18:53:15.461+0200] {logging_mixin.py:188} INFO - [2024-07-18T18:53:15.461+0200] {dagbag.py:545} INFO - Filling up the DagBag from /home/richonlinux/Documents/GitHub/AirflowTuto/venv/lib/python3.10/site-packages/airflow/example_dags/example_setup_teardown.py
[2024-07-18T18:53:15.467+0200] {processor.py:840} INFO - DAG(s) 'example_setup_teardown' retrieved from /home/richonlinux/Documents/GitHub/AirflowTuto/venv/lib/python3.10/site-packages/airflow/example_dags/example_setup_teardown.py
[2024-07-18T18:53:15.482+0200] {logging_mixin.py:188} INFO - [2024-07-18T18:53:15.482+0200] {dag.py:3089} INFO - Sync 1 DAGs
[2024-07-18T18:53:15.579+0200] {logging_mixin.py:188} INFO - [2024-07-18T18:53:15.579+0200] {dag.py:3947} INFO - Setting next_dagrun for example_setup_teardown to 2024-07-17 00:00:00+00:00, run_after=2024-07-18 00:00:00+00:00
[2024-07-18T18:53:15.596+0200] {processor.py:183} INFO - Processing /home/richonlinux/Documents/GitHub/AirflowTuto/venv/lib/python3.10/site-packages/airflow/example_dags/example_setup_teardown.py took 0.142 seconds
[2024-07-18T18:53:59.951+0200] {processor.py:161} INFO - Started process (PID=271758) to work on /home/richonlinux/Documents/GitHub/AirflowTuto/venv/lib/python3.10/site-packages/airflow/example_dags/example_setup_teardown.py
[2024-07-18T18:53:59.955+0200] {processor.py:830} INFO - Processing file /home/richonlinux/Documents/GitHub/AirflowTuto/venv/lib/python3.10/site-packages/airflow/example_dags/example_setup_teardown.py for tasks to queue
[2024-07-18T18:53:59.956+0200] {logging_mixin.py:188} INFO - [2024-07-18T18:53:59.955+0200] {dagbag.py:545} INFO - Filling up the DagBag from /home/richonlinux/Documents/GitHub/AirflowTuto/venv/lib/python3.10/site-packages/airflow/example_dags/example_setup_teardown.py
[2024-07-18T18:53:59.960+0200] {processor.py:840} INFO - DAG(s) 'example_setup_teardown' retrieved from /home/richonlinux/Documents/GitHub/AirflowTuto/venv/lib/python3.10/site-packages/airflow/example_dags/example_setup_teardown.py
[2024-07-18T18:53:59.969+0200] {logging_mixin.py:188} INFO - [2024-07-18T18:53:59.969+0200] {dag.py:3089} INFO - Sync 1 DAGs
[2024-07-18T18:53:59.980+0200] {logging_mixin.py:188} INFO - [2024-07-18T18:53:59.980+0200] {dag.py:3947} INFO - Setting next_dagrun for example_setup_teardown to 2024-07-17 00:00:00+00:00, run_after=2024-07-18 00:00:00+00:00
[2024-07-18T18:53:59.992+0200] {processor.py:183} INFO - Processing /home/richonlinux/Documents/GitHub/AirflowTuto/venv/lib/python3.10/site-packages/airflow/example_dags/example_setup_teardown.py took 0.045 seconds
[2024-07-18T18:54:44.559+0200] {processor.py:161} INFO - Started process (PID=272510) to work on /home/richonlinux/Documents/GitHub/AirflowTuto/venv/lib/python3.10/site-packages/airflow/example_dags/example_setup_teardown.py
[2024-07-18T18:54:44.560+0200] {processor.py:830} INFO - Processing file /home/richonlinux/Documents/GitHub/AirflowTuto/venv/lib/python3.10/site-packages/airflow/example_dags/example_setup_teardown.py for tasks to queue
[2024-07-18T18:54:44.561+0200] {logging_mixin.py:188} INFO - [2024-07-18T18:54:44.560+0200] {dagbag.py:545} INFO - Filling up the DagBag from /home/richonlinux/Documents/GitHub/AirflowTuto/venv/lib/python3.10/site-packages/airflow/example_dags/example_setup_teardown.py
[2024-07-18T18:54:44.566+0200] {processor.py:840} INFO - DAG(s) 'example_setup_teardown' retrieved from /home/richonlinux/Documents/GitHub/AirflowTuto/venv/lib/python3.10/site-packages/airflow/example_dags/example_setup_teardown.py
[2024-07-18T18:54:44.575+0200] {logging_mixin.py:188} INFO - [2024-07-18T18:54:44.575+0200] {dag.py:3089} INFO - Sync 1 DAGs
[2024-07-18T18:54:44.584+0200] {logging_mixin.py:188} INFO - [2024-07-18T18:54:44.584+0200] {dag.py:3947} INFO - Setting next_dagrun for example_setup_teardown to 2024-07-17 00:00:00+00:00, run_after=2024-07-18 00:00:00+00:00
[2024-07-18T18:54:44.596+0200] {processor.py:183} INFO - Processing /home/richonlinux/Documents/GitHub/AirflowTuto/venv/lib/python3.10/site-packages/airflow/example_dags/example_setup_teardown.py took 0.041 seconds
[2024-07-18T18:55:23.447+0200] {processor.py:161} INFO - Started process (PID=273155) to work on /home/richonlinux/Documents/GitHub/AirflowTuto/venv/lib/python3.10/site-packages/airflow/example_dags/example_setup_teardown.py
[2024-07-18T18:55:23.448+0200] {processor.py:830} INFO - Processing file /home/richonlinux/Documents/GitHub/AirflowTuto/venv/lib/python3.10/site-packages/airflow/example_dags/example_setup_teardown.py for tasks to queue
[2024-07-18T18:55:23.449+0200] {logging_mixin.py:188} INFO - [2024-07-18T18:55:23.449+0200] {dagbag.py:545} INFO - Filling up the DagBag from /home/richonlinux/Documents/GitHub/AirflowTuto/venv/lib/python3.10/site-packages/airflow/example_dags/example_setup_teardown.py
[2024-07-18T18:55:23.454+0200] {processor.py:840} INFO - DAG(s) 'example_setup_teardown' retrieved from /home/richonlinux/Documents/GitHub/AirflowTuto/venv/lib/python3.10/site-packages/airflow/example_dags/example_setup_teardown.py
[2024-07-18T18:55:23.463+0200] {logging_mixin.py:188} INFO - [2024-07-18T18:55:23.463+0200] {dag.py:3089} INFO - Sync 1 DAGs
[2024-07-18T18:55:23.473+0200] {logging_mixin.py:188} INFO - [2024-07-18T18:55:23.473+0200] {dag.py:3947} INFO - Setting next_dagrun for example_setup_teardown to 2024-07-17 00:00:00+00:00, run_after=2024-07-18 00:00:00+00:00
[2024-07-18T18:55:23.485+0200] {processor.py:183} INFO - Processing /home/richonlinux/Documents/GitHub/AirflowTuto/venv/lib/python3.10/site-packages/airflow/example_dags/example_setup_teardown.py took 0.048 seconds
[2024-07-18T18:56:08.097+0200] {processor.py:161} INFO - Started process (PID=273848) to work on /home/richonlinux/Documents/GitHub/AirflowTuto/venv/lib/python3.10/site-packages/airflow/example_dags/example_setup_teardown.py
[2024-07-18T18:56:08.098+0200] {processor.py:830} INFO - Processing file /home/richonlinux/Documents/GitHub/AirflowTuto/venv/lib/python3.10/site-packages/airflow/example_dags/example_setup_teardown.py for tasks to queue
[2024-07-18T18:56:08.099+0200] {logging_mixin.py:188} INFO - [2024-07-18T18:56:08.099+0200] {dagbag.py:545} INFO - Filling up the DagBag from /home/richonlinux/Documents/GitHub/AirflowTuto/venv/lib/python3.10/site-packages/airflow/example_dags/example_setup_teardown.py
[2024-07-18T18:56:08.103+0200] {processor.py:840} INFO - DAG(s) 'example_setup_teardown' retrieved from /home/richonlinux/Documents/GitHub/AirflowTuto/venv/lib/python3.10/site-packages/airflow/example_dags/example_setup_teardown.py
[2024-07-18T18:56:08.112+0200] {logging_mixin.py:188} INFO - [2024-07-18T18:56:08.112+0200] {dag.py:3089} INFO - Sync 1 DAGs
[2024-07-18T18:56:08.122+0200] {logging_mixin.py:188} INFO - [2024-07-18T18:56:08.122+0200] {dag.py:3947} INFO - Setting next_dagrun for example_setup_teardown to 2024-07-17 00:00:00+00:00, run_after=2024-07-18 00:00:00+00:00
[2024-07-18T18:56:08.135+0200] {processor.py:183} INFO - Processing /home/richonlinux/Documents/GitHub/AirflowTuto/venv/lib/python3.10/site-packages/airflow/example_dags/example_setup_teardown.py took 0.043 seconds
[2024-07-18T18:57:02.383+0200] {processor.py:161} INFO - Started process (PID=274819) to work on /home/richonlinux/Documents/GitHub/AirflowTuto/venv/lib/python3.10/site-packages/airflow/example_dags/example_setup_teardown.py
[2024-07-18T18:57:02.384+0200] {processor.py:830} INFO - Processing file /home/richonlinux/Documents/GitHub/AirflowTuto/venv/lib/python3.10/site-packages/airflow/example_dags/example_setup_teardown.py for tasks to queue
[2024-07-18T18:57:02.385+0200] {logging_mixin.py:188} INFO - [2024-07-18T18:57:02.385+0200] {dagbag.py:545} INFO - Filling up the DagBag from /home/richonlinux/Documents/GitHub/AirflowTuto/venv/lib/python3.10/site-packages/airflow/example_dags/example_setup_teardown.py
[2024-07-18T18:57:02.390+0200] {processor.py:840} INFO - DAG(s) 'example_setup_teardown' retrieved from /home/richonlinux/Documents/GitHub/AirflowTuto/venv/lib/python3.10/site-packages/airflow/example_dags/example_setup_teardown.py
[2024-07-18T18:57:02.399+0200] {logging_mixin.py:188} INFO - [2024-07-18T18:57:02.399+0200] {dag.py:3089} INFO - Sync 1 DAGs
[2024-07-18T18:57:02.411+0200] {logging_mixin.py:188} INFO - [2024-07-18T18:57:02.411+0200] {dag.py:3947} INFO - Setting next_dagrun for example_setup_teardown to 2024-07-17 00:00:00+00:00, run_after=2024-07-18 00:00:00+00:00
[2024-07-18T18:57:02.426+0200] {processor.py:183} INFO - Processing /home/richonlinux/Documents/GitHub/AirflowTuto/venv/lib/python3.10/site-packages/airflow/example_dags/example_setup_teardown.py took 0.047 seconds
[2024-07-18T18:58:00.398+0200] {processor.py:161} INFO - Started process (PID=275740) to work on /home/richonlinux/Documents/GitHub/AirflowTuto/venv/lib/python3.10/site-packages/airflow/example_dags/example_setup_teardown.py
[2024-07-18T18:58:00.399+0200] {processor.py:830} INFO - Processing file /home/richonlinux/Documents/GitHub/AirflowTuto/venv/lib/python3.10/site-packages/airflow/example_dags/example_setup_teardown.py for tasks to queue
[2024-07-18T18:58:00.401+0200] {logging_mixin.py:188} INFO - [2024-07-18T18:58:00.400+0200] {dagbag.py:545} INFO - Filling up the DagBag from /home/richonlinux/Documents/GitHub/AirflowTuto/venv/lib/python3.10/site-packages/airflow/example_dags/example_setup_teardown.py
[2024-07-18T18:58:00.405+0200] {processor.py:840} INFO - DAG(s) 'example_setup_teardown' retrieved from /home/richonlinux/Documents/GitHub/AirflowTuto/venv/lib/python3.10/site-packages/airflow/example_dags/example_setup_teardown.py
[2024-07-18T18:58:00.415+0200] {logging_mixin.py:188} INFO - [2024-07-18T18:58:00.415+0200] {dag.py:3089} INFO - Sync 1 DAGs
[2024-07-18T18:58:00.426+0200] {logging_mixin.py:188} INFO - [2024-07-18T18:58:00.426+0200] {dag.py:3947} INFO - Setting next_dagrun for example_setup_teardown to 2024-07-17 00:00:00+00:00, run_after=2024-07-18 00:00:00+00:00
[2024-07-18T18:58:00.438+0200] {processor.py:183} INFO - Processing /home/richonlinux/Documents/GitHub/AirflowTuto/venv/lib/python3.10/site-packages/airflow/example_dags/example_setup_teardown.py took 0.047 seconds
[2024-07-18T18:58:42.006+0200] {processor.py:161} INFO - Started process (PID=276405) to work on /home/richonlinux/Documents/GitHub/AirflowTuto/venv/lib/python3.10/site-packages/airflow/example_dags/example_setup_teardown.py
[2024-07-18T18:58:42.007+0200] {processor.py:830} INFO - Processing file /home/richonlinux/Documents/GitHub/AirflowTuto/venv/lib/python3.10/site-packages/airflow/example_dags/example_setup_teardown.py for tasks to queue
[2024-07-18T18:58:42.008+0200] {logging_mixin.py:188} INFO - [2024-07-18T18:58:42.008+0200] {dagbag.py:545} INFO - Filling up the DagBag from /home/richonlinux/Documents/GitHub/AirflowTuto/venv/lib/python3.10/site-packages/airflow/example_dags/example_setup_teardown.py
[2024-07-18T18:58:42.013+0200] {processor.py:840} INFO - DAG(s) 'example_setup_teardown' retrieved from /home/richonlinux/Documents/GitHub/AirflowTuto/venv/lib/python3.10/site-packages/airflow/example_dags/example_setup_teardown.py
[2024-07-18T18:58:42.025+0200] {logging_mixin.py:188} INFO - [2024-07-18T18:58:42.025+0200] {dag.py:3089} INFO - Sync 1 DAGs
[2024-07-18T18:58:42.039+0200] {logging_mixin.py:188} INFO - [2024-07-18T18:58:42.039+0200] {dag.py:3947} INFO - Setting next_dagrun for example_setup_teardown to 2024-07-17 00:00:00+00:00, run_after=2024-07-18 00:00:00+00:00
[2024-07-18T18:58:42.053+0200] {processor.py:183} INFO - Processing /home/richonlinux/Documents/GitHub/AirflowTuto/venv/lib/python3.10/site-packages/airflow/example_dags/example_setup_teardown.py took 0.050 seconds
[2024-07-18T18:59:21.443+0200] {processor.py:161} INFO - Started process (PID=277207) to work on /home/richonlinux/Documents/GitHub/AirflowTuto/venv/lib/python3.10/site-packages/airflow/example_dags/example_setup_teardown.py
[2024-07-18T18:59:21.447+0200] {processor.py:830} INFO - Processing file /home/richonlinux/Documents/GitHub/AirflowTuto/venv/lib/python3.10/site-packages/airflow/example_dags/example_setup_teardown.py for tasks to queue
[2024-07-18T18:59:21.448+0200] {logging_mixin.py:188} INFO - [2024-07-18T18:59:21.447+0200] {dagbag.py:545} INFO - Filling up the DagBag from /home/richonlinux/Documents/GitHub/AirflowTuto/venv/lib/python3.10/site-packages/airflow/example_dags/example_setup_teardown.py
[2024-07-18T18:59:21.452+0200] {processor.py:840} INFO - DAG(s) 'example_setup_teardown' retrieved from /home/richonlinux/Documents/GitHub/AirflowTuto/venv/lib/python3.10/site-packages/airflow/example_dags/example_setup_teardown.py
[2024-07-18T18:59:21.460+0200] {logging_mixin.py:188} INFO - [2024-07-18T18:59:21.460+0200] {dag.py:3089} INFO - Sync 1 DAGs
[2024-07-18T18:59:21.471+0200] {logging_mixin.py:188} INFO - [2024-07-18T18:59:21.470+0200] {dag.py:3947} INFO - Setting next_dagrun for example_setup_teardown to 2024-07-17 00:00:00+00:00, run_after=2024-07-18 00:00:00+00:00
[2024-07-18T18:59:21.482+0200] {processor.py:183} INFO - Processing /home/richonlinux/Documents/GitHub/AirflowTuto/venv/lib/python3.10/site-packages/airflow/example_dags/example_setup_teardown.py took 0.042 seconds
