[2024-07-18T18:16:10.972+0200] {processor.py:161} INFO - Started process (PID=257773) to work on /home/richonlinux/Documents/GitHub/AirflowTuto/venv/lib/python3.10/site-packages/airflow/example_dags/example_dynamic_task_mapping.py
[2024-07-18T18:16:10.973+0200] {processor.py:830} INFO - Processing file /home/richonlinux/Documents/GitHub/AirflowTuto/venv/lib/python3.10/site-packages/airflow/example_dags/example_dynamic_task_mapping.py for tasks to queue
[2024-07-18T18:16:10.975+0200] {logging_mixin.py:188} INFO - [2024-07-18T18:16:10.974+0200] {dagbag.py:545} INFO - Filling up the DagBag from /home/richonlinux/Documents/GitHub/AirflowTuto/venv/lib/python3.10/site-packages/airflow/example_dags/example_dynamic_task_mapping.py
[2024-07-18T18:16:10.981+0200] {processor.py:840} INFO - DAG(s) 'example_dynamic_task_mapping' retrieved from /home/richonlinux/Documents/GitHub/AirflowTuto/venv/lib/python3.10/site-packages/airflow/example_dags/example_dynamic_task_mapping.py
[2024-07-18T18:16:11.035+0200] {logging_mixin.py:188} INFO - [2024-07-18T18:16:11.035+0200] {override.py:1858} INFO - Created Permission View: can edit on DAG:example_dynamic_task_mapping
[2024-07-18T18:16:11.042+0200] {logging_mixin.py:188} INFO - [2024-07-18T18:16:11.042+0200] {override.py:1858} INFO - Created Permission View: can read on DAG:example_dynamic_task_mapping
[2024-07-18T18:16:11.048+0200] {logging_mixin.py:188} INFO - [2024-07-18T18:16:11.048+0200] {override.py:1858} INFO - Created Permission View: can delete on DAG:example_dynamic_task_mapping
[2024-07-18T18:16:11.048+0200] {logging_mixin.py:188} INFO - [2024-07-18T18:16:11.048+0200] {dag.py:3089} INFO - Sync 1 DAGs
[2024-07-18T18:16:11.055+0200] {logging_mixin.py:188} INFO - [2024-07-18T18:16:11.054+0200] {dag.py:3111} INFO - Creating ORM DAG for example_dynamic_task_mapping
[2024-07-18T18:16:11.060+0200] {logging_mixin.py:188} INFO - [2024-07-18T18:16:11.059+0200] {dag.py:3947} INFO - Setting next_dagrun for example_dynamic_task_mapping to 2022-03-04 00:00:00+00:00, run_after=2022-03-05 00:00:00+00:00
[2024-07-18T18:16:11.070+0200] {processor.py:183} INFO - Processing /home/richonlinux/Documents/GitHub/AirflowTuto/venv/lib/python3.10/site-packages/airflow/example_dags/example_dynamic_task_mapping.py took 0.106 seconds
[2024-07-18T18:17:04.694+0200] {processor.py:161} INFO - Started process (PID=258674) to work on /home/richonlinux/Documents/GitHub/AirflowTuto/venv/lib/python3.10/site-packages/airflow/example_dags/example_dynamic_task_mapping.py
[2024-07-18T18:17:04.698+0200] {processor.py:830} INFO - Processing file /home/richonlinux/Documents/GitHub/AirflowTuto/venv/lib/python3.10/site-packages/airflow/example_dags/example_dynamic_task_mapping.py for tasks to queue
[2024-07-18T18:17:04.699+0200] {logging_mixin.py:188} INFO - [2024-07-18T18:17:04.699+0200] {dagbag.py:545} INFO - Filling up the DagBag from /home/richonlinux/Documents/GitHub/AirflowTuto/venv/lib/python3.10/site-packages/airflow/example_dags/example_dynamic_task_mapping.py
[2024-07-18T18:17:04.702+0200] {processor.py:840} INFO - DAG(s) 'example_dynamic_task_mapping' retrieved from /home/richonlinux/Documents/GitHub/AirflowTuto/venv/lib/python3.10/site-packages/airflow/example_dags/example_dynamic_task_mapping.py
[2024-07-18T18:17:04.711+0200] {logging_mixin.py:188} INFO - [2024-07-18T18:17:04.711+0200] {dag.py:3089} INFO - Sync 1 DAGs
[2024-07-18T18:17:04.721+0200] {logging_mixin.py:188} INFO - [2024-07-18T18:17:04.721+0200] {dag.py:3947} INFO - Setting next_dagrun for example_dynamic_task_mapping to 2022-03-04 00:00:00+00:00, run_after=2022-03-05 00:00:00+00:00
[2024-07-18T18:17:04.734+0200] {processor.py:183} INFO - Processing /home/richonlinux/Documents/GitHub/AirflowTuto/venv/lib/python3.10/site-packages/airflow/example_dags/example_dynamic_task_mapping.py took 0.043 seconds
[2024-07-18T18:43:53.472+0200] {processor.py:161} INFO - Started process (PID=259783) to work on /home/richonlinux/Documents/GitHub/AirflowTuto/venv/lib/python3.10/site-packages/airflow/example_dags/example_dynamic_task_mapping.py
[2024-07-18T18:43:53.473+0200] {processor.py:830} INFO - Processing file /home/richonlinux/Documents/GitHub/AirflowTuto/venv/lib/python3.10/site-packages/airflow/example_dags/example_dynamic_task_mapping.py for tasks to queue
[2024-07-18T18:43:53.475+0200] {logging_mixin.py:188} INFO - [2024-07-18T18:43:53.475+0200] {dagbag.py:545} INFO - Filling up the DagBag from /home/richonlinux/Documents/GitHub/AirflowTuto/venv/lib/python3.10/site-packages/airflow/example_dags/example_dynamic_task_mapping.py
[2024-07-18T18:43:53.481+0200] {processor.py:840} INFO - DAG(s) 'example_dynamic_task_mapping' retrieved from /home/richonlinux/Documents/GitHub/AirflowTuto/venv/lib/python3.10/site-packages/airflow/example_dags/example_dynamic_task_mapping.py
[2024-07-18T18:43:53.489+0200] {logging_mixin.py:188} INFO - [2024-07-18T18:43:53.488+0200] {dag.py:3089} INFO - Sync 1 DAGs
[2024-07-18T18:43:53.498+0200] {logging_mixin.py:188} INFO - [2024-07-18T18:43:53.498+0200] {dag.py:3947} INFO - Setting next_dagrun for example_dynamic_task_mapping to 2022-03-04 00:00:00+00:00, run_after=2022-03-05 00:00:00+00:00
[2024-07-18T18:43:53.511+0200] {processor.py:183} INFO - Processing /home/richonlinux/Documents/GitHub/AirflowTuto/venv/lib/python3.10/site-packages/airflow/example_dags/example_dynamic_task_mapping.py took 0.047 seconds
[2024-07-18T18:44:41.100+0200] {processor.py:161} INFO - Started process (PID=260784) to work on /home/richonlinux/Documents/GitHub/AirflowTuto/venv/lib/python3.10/site-packages/airflow/example_dags/example_dynamic_task_mapping.py
[2024-07-18T18:44:41.101+0200] {processor.py:830} INFO - Processing file /home/richonlinux/Documents/GitHub/AirflowTuto/venv/lib/python3.10/site-packages/airflow/example_dags/example_dynamic_task_mapping.py for tasks to queue
[2024-07-18T18:44:41.103+0200] {logging_mixin.py:188} INFO - [2024-07-18T18:44:41.102+0200] {dagbag.py:545} INFO - Filling up the DagBag from /home/richonlinux/Documents/GitHub/AirflowTuto/venv/lib/python3.10/site-packages/airflow/example_dags/example_dynamic_task_mapping.py
[2024-07-18T18:44:41.107+0200] {processor.py:840} INFO - DAG(s) 'example_dynamic_task_mapping' retrieved from /home/richonlinux/Documents/GitHub/AirflowTuto/venv/lib/python3.10/site-packages/airflow/example_dags/example_dynamic_task_mapping.py
[2024-07-18T18:44:41.170+0200] {logging_mixin.py:188} INFO - [2024-07-18T18:44:41.170+0200] {dag.py:3089} INFO - Sync 1 DAGs
[2024-07-18T18:44:41.178+0200] {logging_mixin.py:188} INFO - [2024-07-18T18:44:41.177+0200] {dag.py:3947} INFO - Setting next_dagrun for example_dynamic_task_mapping to 2022-03-04 00:00:00+00:00, run_after=2022-03-05 00:00:00+00:00
[2024-07-18T18:44:41.188+0200] {processor.py:183} INFO - Processing /home/richonlinux/Documents/GitHub/AirflowTuto/venv/lib/python3.10/site-packages/airflow/example_dags/example_dynamic_task_mapping.py took 0.095 seconds
[2024-07-18T18:45:25.816+0200] {processor.py:161} INFO - Started process (PID=261647) to work on /home/richonlinux/Documents/GitHub/AirflowTuto/venv/lib/python3.10/site-packages/airflow/example_dags/example_dynamic_task_mapping.py
[2024-07-18T18:45:25.817+0200] {processor.py:830} INFO - Processing file /home/richonlinux/Documents/GitHub/AirflowTuto/venv/lib/python3.10/site-packages/airflow/example_dags/example_dynamic_task_mapping.py for tasks to queue
[2024-07-18T18:45:25.818+0200] {logging_mixin.py:188} INFO - [2024-07-18T18:45:25.818+0200] {dagbag.py:545} INFO - Filling up the DagBag from /home/richonlinux/Documents/GitHub/AirflowTuto/venv/lib/python3.10/site-packages/airflow/example_dags/example_dynamic_task_mapping.py
[2024-07-18T18:45:25.823+0200] {processor.py:840} INFO - DAG(s) 'example_dynamic_task_mapping' retrieved from /home/richonlinux/Documents/GitHub/AirflowTuto/venv/lib/python3.10/site-packages/airflow/example_dags/example_dynamic_task_mapping.py
[2024-07-18T18:45:25.831+0200] {logging_mixin.py:188} INFO - [2024-07-18T18:45:25.831+0200] {dag.py:3089} INFO - Sync 1 DAGs
[2024-07-18T18:45:25.841+0200] {logging_mixin.py:188} INFO - [2024-07-18T18:45:25.840+0200] {dag.py:3947} INFO - Setting next_dagrun for example_dynamic_task_mapping to 2022-03-04 00:00:00+00:00, run_after=2022-03-05 00:00:00+00:00
[2024-07-18T18:45:25.852+0200] {processor.py:183} INFO - Processing /home/richonlinux/Documents/GitHub/AirflowTuto/venv/lib/python3.10/site-packages/airflow/example_dags/example_dynamic_task_mapping.py took 0.039 seconds
[2024-07-18T18:46:03.553+0200] {processor.py:161} INFO - Started process (PID=262569) to work on /home/richonlinux/Documents/GitHub/AirflowTuto/venv/lib/python3.10/site-packages/airflow/example_dags/example_dynamic_task_mapping.py
[2024-07-18T18:46:03.554+0200] {processor.py:830} INFO - Processing file /home/richonlinux/Documents/GitHub/AirflowTuto/venv/lib/python3.10/site-packages/airflow/example_dags/example_dynamic_task_mapping.py for tasks to queue
[2024-07-18T18:46:03.556+0200] {logging_mixin.py:188} INFO - [2024-07-18T18:46:03.556+0200] {dagbag.py:545} INFO - Filling up the DagBag from /home/richonlinux/Documents/GitHub/AirflowTuto/venv/lib/python3.10/site-packages/airflow/example_dags/example_dynamic_task_mapping.py
[2024-07-18T18:46:03.562+0200] {processor.py:840} INFO - DAG(s) 'example_dynamic_task_mapping' retrieved from /home/richonlinux/Documents/GitHub/AirflowTuto/venv/lib/python3.10/site-packages/airflow/example_dags/example_dynamic_task_mapping.py
[2024-07-18T18:46:03.570+0200] {logging_mixin.py:188} INFO - [2024-07-18T18:46:03.570+0200] {dag.py:3089} INFO - Sync 1 DAGs
[2024-07-18T18:46:03.581+0200] {logging_mixin.py:188} INFO - [2024-07-18T18:46:03.581+0200] {dag.py:3947} INFO - Setting next_dagrun for example_dynamic_task_mapping to 2022-03-04 00:00:00+00:00, run_after=2022-03-05 00:00:00+00:00
[2024-07-18T18:46:03.596+0200] {processor.py:183} INFO - Processing /home/richonlinux/Documents/GitHub/AirflowTuto/venv/lib/python3.10/site-packages/airflow/example_dags/example_dynamic_task_mapping.py took 0.049 seconds
[2024-07-18T18:49:25.956+0200] {processor.py:161} INFO - Started process (PID=265970) to work on /home/richonlinux/Documents/GitHub/AirflowTuto/venv/lib/python3.10/site-packages/airflow/example_dags/example_dynamic_task_mapping.py
[2024-07-18T18:49:25.957+0200] {processor.py:830} INFO - Processing file /home/richonlinux/Documents/GitHub/AirflowTuto/venv/lib/python3.10/site-packages/airflow/example_dags/example_dynamic_task_mapping.py for tasks to queue
[2024-07-18T18:49:25.959+0200] {logging_mixin.py:188} INFO - [2024-07-18T18:49:25.958+0200] {dagbag.py:545} INFO - Filling up the DagBag from /home/richonlinux/Documents/GitHub/AirflowTuto/venv/lib/python3.10/site-packages/airflow/example_dags/example_dynamic_task_mapping.py
[2024-07-18T18:49:25.965+0200] {processor.py:840} INFO - DAG(s) 'example_dynamic_task_mapping' retrieved from /home/richonlinux/Documents/GitHub/AirflowTuto/venv/lib/python3.10/site-packages/airflow/example_dags/example_dynamic_task_mapping.py
[2024-07-18T18:49:25.969+0200] {logging_mixin.py:188} INFO - [2024-07-18T18:49:25.969+0200] {dag.py:3089} INFO - Sync 1 DAGs
[2024-07-18T18:49:25.978+0200] {logging_mixin.py:188} INFO - [2024-07-18T18:49:25.978+0200] {dag.py:3947} INFO - Setting next_dagrun for example_dynamic_task_mapping to 2022-03-04 00:00:00+00:00, run_after=2022-03-05 00:00:00+00:00
[2024-07-18T18:49:25.990+0200] {processor.py:183} INFO - Processing /home/richonlinux/Documents/GitHub/AirflowTuto/venv/lib/python3.10/site-packages/airflow/example_dags/example_dynamic_task_mapping.py took 0.043 seconds
[2024-07-18T18:51:19.316+0200] {processor.py:161} INFO - Started process (PID=268233) to work on /home/richonlinux/Documents/GitHub/AirflowTuto/venv/lib/python3.10/site-packages/airflow/example_dags/example_dynamic_task_mapping.py
[2024-07-18T18:51:19.320+0200] {processor.py:830} INFO - Processing file /home/richonlinux/Documents/GitHub/AirflowTuto/venv/lib/python3.10/site-packages/airflow/example_dags/example_dynamic_task_mapping.py for tasks to queue
[2024-07-18T18:51:19.321+0200] {logging_mixin.py:188} INFO - [2024-07-18T18:51:19.321+0200] {dagbag.py:545} INFO - Filling up the DagBag from /home/richonlinux/Documents/GitHub/AirflowTuto/venv/lib/python3.10/site-packages/airflow/example_dags/example_dynamic_task_mapping.py
[2024-07-18T18:51:19.333+0200] {processor.py:840} INFO - DAG(s) 'example_dynamic_task_mapping' retrieved from /home/richonlinux/Documents/GitHub/AirflowTuto/venv/lib/python3.10/site-packages/airflow/example_dags/example_dynamic_task_mapping.py
[2024-07-18T18:51:19.340+0200] {logging_mixin.py:188} INFO - [2024-07-18T18:51:19.340+0200] {dag.py:3089} INFO - Sync 1 DAGs
[2024-07-18T18:51:19.354+0200] {logging_mixin.py:188} INFO - [2024-07-18T18:51:19.353+0200] {dag.py:3947} INFO - Setting next_dagrun for example_dynamic_task_mapping to 2022-03-04 00:00:00+00:00, run_after=2022-03-05 00:00:00+00:00
[2024-07-18T18:51:19.366+0200] {processor.py:183} INFO - Processing /home/richonlinux/Documents/GitHub/AirflowTuto/venv/lib/python3.10/site-packages/airflow/example_dags/example_dynamic_task_mapping.py took 0.059 seconds
[2024-07-18T18:52:08.336+0200] {processor.py:161} INFO - Started process (PID=269032) to work on /home/richonlinux/Documents/GitHub/AirflowTuto/venv/lib/python3.10/site-packages/airflow/example_dags/example_dynamic_task_mapping.py
[2024-07-18T18:52:08.337+0200] {processor.py:830} INFO - Processing file /home/richonlinux/Documents/GitHub/AirflowTuto/venv/lib/python3.10/site-packages/airflow/example_dags/example_dynamic_task_mapping.py for tasks to queue
[2024-07-18T18:52:08.337+0200] {logging_mixin.py:188} INFO - [2024-07-18T18:52:08.337+0200] {dagbag.py:545} INFO - Filling up the DagBag from /home/richonlinux/Documents/GitHub/AirflowTuto/venv/lib/python3.10/site-packages/airflow/example_dags/example_dynamic_task_mapping.py
[2024-07-18T18:52:08.341+0200] {processor.py:840} INFO - DAG(s) 'example_dynamic_task_mapping' retrieved from /home/richonlinux/Documents/GitHub/AirflowTuto/venv/lib/python3.10/site-packages/airflow/example_dags/example_dynamic_task_mapping.py
[2024-07-18T18:52:08.386+0200] {logging_mixin.py:188} INFO - [2024-07-18T18:52:08.386+0200] {dag.py:3089} INFO - Sync 1 DAGs
[2024-07-18T18:52:08.449+0200] {logging_mixin.py:188} INFO - [2024-07-18T18:52:08.449+0200] {dag.py:3947} INFO - Setting next_dagrun for example_dynamic_task_mapping to 2022-03-04 00:00:00+00:00, run_after=2022-03-05 00:00:00+00:00
[2024-07-18T18:52:08.463+0200] {processor.py:183} INFO - Processing /home/richonlinux/Documents/GitHub/AirflowTuto/venv/lib/python3.10/site-packages/airflow/example_dags/example_dynamic_task_mapping.py took 0.130 seconds
[2024-07-18T18:52:52.061+0200] {processor.py:161} INFO - Started process (PID=270131) to work on /home/richonlinux/Documents/GitHub/AirflowTuto/venv/lib/python3.10/site-packages/airflow/example_dags/example_dynamic_task_mapping.py
[2024-07-18T18:52:52.065+0200] {processor.py:830} INFO - Processing file /home/richonlinux/Documents/GitHub/AirflowTuto/venv/lib/python3.10/site-packages/airflow/example_dags/example_dynamic_task_mapping.py for tasks to queue
[2024-07-18T18:52:52.066+0200] {logging_mixin.py:188} INFO - [2024-07-18T18:52:52.066+0200] {dagbag.py:545} INFO - Filling up the DagBag from /home/richonlinux/Documents/GitHub/AirflowTuto/venv/lib/python3.10/site-packages/airflow/example_dags/example_dynamic_task_mapping.py
[2024-07-18T18:52:52.070+0200] {processor.py:840} INFO - DAG(s) 'example_dynamic_task_mapping' retrieved from /home/richonlinux/Documents/GitHub/AirflowTuto/venv/lib/python3.10/site-packages/airflow/example_dags/example_dynamic_task_mapping.py
[2024-07-18T18:52:52.078+0200] {logging_mixin.py:188} INFO - [2024-07-18T18:52:52.078+0200] {dag.py:3089} INFO - Sync 1 DAGs
[2024-07-18T18:52:52.089+0200] {logging_mixin.py:188} INFO - [2024-07-18T18:52:52.089+0200] {dag.py:3947} INFO - Setting next_dagrun for example_dynamic_task_mapping to 2022-03-04 00:00:00+00:00, run_after=2022-03-05 00:00:00+00:00
[2024-07-18T18:52:52.107+0200] {processor.py:183} INFO - Processing /home/richonlinux/Documents/GitHub/AirflowTuto/venv/lib/python3.10/site-packages/airflow/example_dags/example_dynamic_task_mapping.py took 0.050 seconds
[2024-07-18T18:53:36.647+0200] {processor.py:161} INFO - Started process (PID=271426) to work on /home/richonlinux/Documents/GitHub/AirflowTuto/venv/lib/python3.10/site-packages/airflow/example_dags/example_dynamic_task_mapping.py
[2024-07-18T18:53:36.651+0200] {processor.py:830} INFO - Processing file /home/richonlinux/Documents/GitHub/AirflowTuto/venv/lib/python3.10/site-packages/airflow/example_dags/example_dynamic_task_mapping.py for tasks to queue
[2024-07-18T18:53:36.652+0200] {logging_mixin.py:188} INFO - [2024-07-18T18:53:36.652+0200] {dagbag.py:545} INFO - Filling up the DagBag from /home/richonlinux/Documents/GitHub/AirflowTuto/venv/lib/python3.10/site-packages/airflow/example_dags/example_dynamic_task_mapping.py
[2024-07-18T18:53:36.656+0200] {processor.py:840} INFO - DAG(s) 'example_dynamic_task_mapping' retrieved from /home/richonlinux/Documents/GitHub/AirflowTuto/venv/lib/python3.10/site-packages/airflow/example_dags/example_dynamic_task_mapping.py
[2024-07-18T18:53:36.667+0200] {logging_mixin.py:188} INFO - [2024-07-18T18:53:36.666+0200] {dag.py:3089} INFO - Sync 1 DAGs
[2024-07-18T18:53:36.739+0200] {logging_mixin.py:188} INFO - [2024-07-18T18:53:36.739+0200] {dag.py:3947} INFO - Setting next_dagrun for example_dynamic_task_mapping to 2022-03-04 00:00:00+00:00, run_after=2022-03-05 00:00:00+00:00
[2024-07-18T18:53:36.752+0200] {processor.py:183} INFO - Processing /home/richonlinux/Documents/GitHub/AirflowTuto/venv/lib/python3.10/site-packages/airflow/example_dags/example_dynamic_task_mapping.py took 0.108 seconds
[2024-07-18T18:54:21.717+0200] {processor.py:161} INFO - Started process (PID=272174) to work on /home/richonlinux/Documents/GitHub/AirflowTuto/venv/lib/python3.10/site-packages/airflow/example_dags/example_dynamic_task_mapping.py
[2024-07-18T18:54:21.719+0200] {processor.py:830} INFO - Processing file /home/richonlinux/Documents/GitHub/AirflowTuto/venv/lib/python3.10/site-packages/airflow/example_dags/example_dynamic_task_mapping.py for tasks to queue
[2024-07-18T18:54:21.720+0200] {logging_mixin.py:188} INFO - [2024-07-18T18:54:21.720+0200] {dagbag.py:545} INFO - Filling up the DagBag from /home/richonlinux/Documents/GitHub/AirflowTuto/venv/lib/python3.10/site-packages/airflow/example_dags/example_dynamic_task_mapping.py
[2024-07-18T18:54:21.725+0200] {processor.py:840} INFO - DAG(s) 'example_dynamic_task_mapping' retrieved from /home/richonlinux/Documents/GitHub/AirflowTuto/venv/lib/python3.10/site-packages/airflow/example_dags/example_dynamic_task_mapping.py
[2024-07-18T18:54:21.733+0200] {logging_mixin.py:188} INFO - [2024-07-18T18:54:21.733+0200] {dag.py:3089} INFO - Sync 1 DAGs
[2024-07-18T18:54:21.744+0200] {logging_mixin.py:188} INFO - [2024-07-18T18:54:21.744+0200] {dag.py:3947} INFO - Setting next_dagrun for example_dynamic_task_mapping to 2022-03-04 00:00:00+00:00, run_after=2022-03-05 00:00:00+00:00
[2024-07-18T18:54:21.756+0200] {processor.py:183} INFO - Processing /home/richonlinux/Documents/GitHub/AirflowTuto/venv/lib/python3.10/site-packages/airflow/example_dags/example_dynamic_task_mapping.py took 0.048 seconds
[2024-07-18T18:55:03.994+0200] {processor.py:161} INFO - Started process (PID=272816) to work on /home/richonlinux/Documents/GitHub/AirflowTuto/venv/lib/python3.10/site-packages/airflow/example_dags/example_dynamic_task_mapping.py
[2024-07-18T18:55:03.995+0200] {processor.py:830} INFO - Processing file /home/richonlinux/Documents/GitHub/AirflowTuto/venv/lib/python3.10/site-packages/airflow/example_dags/example_dynamic_task_mapping.py for tasks to queue
[2024-07-18T18:55:03.997+0200] {logging_mixin.py:188} INFO - [2024-07-18T18:55:03.996+0200] {dagbag.py:545} INFO - Filling up the DagBag from /home/richonlinux/Documents/GitHub/AirflowTuto/venv/lib/python3.10/site-packages/airflow/example_dags/example_dynamic_task_mapping.py
[2024-07-18T18:55:04.002+0200] {processor.py:840} INFO - DAG(s) 'example_dynamic_task_mapping' retrieved from /home/richonlinux/Documents/GitHub/AirflowTuto/venv/lib/python3.10/site-packages/airflow/example_dags/example_dynamic_task_mapping.py
[2024-07-18T18:55:04.010+0200] {logging_mixin.py:188} INFO - [2024-07-18T18:55:04.010+0200] {dag.py:3089} INFO - Sync 1 DAGs
[2024-07-18T18:55:04.019+0200] {logging_mixin.py:188} INFO - [2024-07-18T18:55:04.019+0200] {dag.py:3947} INFO - Setting next_dagrun for example_dynamic_task_mapping to 2022-03-04 00:00:00+00:00, run_after=2022-03-05 00:00:00+00:00
[2024-07-18T18:55:04.031+0200] {processor.py:183} INFO - Processing /home/richonlinux/Documents/GitHub/AirflowTuto/venv/lib/python3.10/site-packages/airflow/example_dags/example_dynamic_task_mapping.py took 0.046 seconds
[2024-07-18T18:55:39.717+0200] {processor.py:161} INFO - Started process (PID=273392) to work on /home/richonlinux/Documents/GitHub/AirflowTuto/venv/lib/python3.10/site-packages/airflow/example_dags/example_dynamic_task_mapping.py
[2024-07-18T18:55:39.719+0200] {processor.py:830} INFO - Processing file /home/richonlinux/Documents/GitHub/AirflowTuto/venv/lib/python3.10/site-packages/airflow/example_dags/example_dynamic_task_mapping.py for tasks to queue
[2024-07-18T18:55:39.720+0200] {logging_mixin.py:188} INFO - [2024-07-18T18:55:39.720+0200] {dagbag.py:545} INFO - Filling up the DagBag from /home/richonlinux/Documents/GitHub/AirflowTuto/venv/lib/python3.10/site-packages/airflow/example_dags/example_dynamic_task_mapping.py
[2024-07-18T18:55:39.726+0200] {processor.py:840} INFO - DAG(s) 'example_dynamic_task_mapping' retrieved from /home/richonlinux/Documents/GitHub/AirflowTuto/venv/lib/python3.10/site-packages/airflow/example_dags/example_dynamic_task_mapping.py
[2024-07-18T18:55:39.734+0200] {logging_mixin.py:188} INFO - [2024-07-18T18:55:39.734+0200] {dag.py:3089} INFO - Sync 1 DAGs
[2024-07-18T18:55:39.744+0200] {logging_mixin.py:188} INFO - [2024-07-18T18:55:39.743+0200] {dag.py:3947} INFO - Setting next_dagrun for example_dynamic_task_mapping to 2022-03-04 00:00:00+00:00, run_after=2022-03-05 00:00:00+00:00
[2024-07-18T18:55:39.755+0200] {processor.py:183} INFO - Processing /home/richonlinux/Documents/GitHub/AirflowTuto/venv/lib/python3.10/site-packages/airflow/example_dags/example_dynamic_task_mapping.py took 0.047 seconds
[2024-07-18T18:56:18.984+0200] {processor.py:161} INFO - Started process (PID=274067) to work on /home/richonlinux/Documents/GitHub/AirflowTuto/venv/lib/python3.10/site-packages/airflow/example_dags/example_dynamic_task_mapping.py
[2024-07-18T18:56:18.985+0200] {processor.py:830} INFO - Processing file /home/richonlinux/Documents/GitHub/AirflowTuto/venv/lib/python3.10/site-packages/airflow/example_dags/example_dynamic_task_mapping.py for tasks to queue
[2024-07-18T18:56:18.987+0200] {logging_mixin.py:188} INFO - [2024-07-18T18:56:18.987+0200] {dagbag.py:545} INFO - Filling up the DagBag from /home/richonlinux/Documents/GitHub/AirflowTuto/venv/lib/python3.10/site-packages/airflow/example_dags/example_dynamic_task_mapping.py
[2024-07-18T18:56:18.996+0200] {processor.py:840} INFO - DAG(s) 'example_dynamic_task_mapping' retrieved from /home/richonlinux/Documents/GitHub/AirflowTuto/venv/lib/python3.10/site-packages/airflow/example_dags/example_dynamic_task_mapping.py
[2024-07-18T18:56:19.005+0200] {logging_mixin.py:188} INFO - [2024-07-18T18:56:19.005+0200] {dag.py:3089} INFO - Sync 1 DAGs
[2024-07-18T18:56:19.015+0200] {logging_mixin.py:188} INFO - [2024-07-18T18:56:19.015+0200] {dag.py:3947} INFO - Setting next_dagrun for example_dynamic_task_mapping to 2022-03-04 00:00:00+00:00, run_after=2022-03-05 00:00:00+00:00
[2024-07-18T18:56:19.027+0200] {processor.py:183} INFO - Processing /home/richonlinux/Documents/GitHub/AirflowTuto/venv/lib/python3.10/site-packages/airflow/example_dags/example_dynamic_task_mapping.py took 0.052 seconds
[2024-07-18T18:56:58.479+0200] {processor.py:161} INFO - Started process (PID=274776) to work on /home/richonlinux/Documents/GitHub/AirflowTuto/venv/lib/python3.10/site-packages/airflow/example_dags/example_dynamic_task_mapping.py
[2024-07-18T18:56:58.483+0200] {processor.py:830} INFO - Processing file /home/richonlinux/Documents/GitHub/AirflowTuto/venv/lib/python3.10/site-packages/airflow/example_dags/example_dynamic_task_mapping.py for tasks to queue
[2024-07-18T18:56:58.484+0200] {logging_mixin.py:188} INFO - [2024-07-18T18:56:58.484+0200] {dagbag.py:545} INFO - Filling up the DagBag from /home/richonlinux/Documents/GitHub/AirflowTuto/venv/lib/python3.10/site-packages/airflow/example_dags/example_dynamic_task_mapping.py
[2024-07-18T18:56:58.488+0200] {processor.py:840} INFO - DAG(s) 'example_dynamic_task_mapping' retrieved from /home/richonlinux/Documents/GitHub/AirflowTuto/venv/lib/python3.10/site-packages/airflow/example_dags/example_dynamic_task_mapping.py
[2024-07-18T18:56:58.497+0200] {logging_mixin.py:188} INFO - [2024-07-18T18:56:58.497+0200] {dag.py:3089} INFO - Sync 1 DAGs
[2024-07-18T18:56:58.507+0200] {logging_mixin.py:188} INFO - [2024-07-18T18:56:58.506+0200] {dag.py:3947} INFO - Setting next_dagrun for example_dynamic_task_mapping to 2022-03-04 00:00:00+00:00, run_after=2022-03-05 00:00:00+00:00
[2024-07-18T18:56:58.519+0200] {processor.py:183} INFO - Processing /home/richonlinux/Documents/GitHub/AirflowTuto/venv/lib/python3.10/site-packages/airflow/example_dags/example_dynamic_task_mapping.py took 0.043 seconds
[2024-07-18T18:57:37.316+0200] {processor.py:161} INFO - Started process (PID=275412) to work on /home/richonlinux/Documents/GitHub/AirflowTuto/venv/lib/python3.10/site-packages/airflow/example_dags/example_dynamic_task_mapping.py
[2024-07-18T18:57:37.317+0200] {processor.py:830} INFO - Processing file /home/richonlinux/Documents/GitHub/AirflowTuto/venv/lib/python3.10/site-packages/airflow/example_dags/example_dynamic_task_mapping.py for tasks to queue
[2024-07-18T18:57:37.319+0200] {logging_mixin.py:188} INFO - [2024-07-18T18:57:37.318+0200] {dagbag.py:545} INFO - Filling up the DagBag from /home/richonlinux/Documents/GitHub/AirflowTuto/venv/lib/python3.10/site-packages/airflow/example_dags/example_dynamic_task_mapping.py
[2024-07-18T18:57:37.323+0200] {processor.py:840} INFO - DAG(s) 'example_dynamic_task_mapping' retrieved from /home/richonlinux/Documents/GitHub/AirflowTuto/venv/lib/python3.10/site-packages/airflow/example_dags/example_dynamic_task_mapping.py
[2024-07-18T18:57:37.332+0200] {logging_mixin.py:188} INFO - [2024-07-18T18:57:37.332+0200] {dag.py:3089} INFO - Sync 1 DAGs
[2024-07-18T18:57:37.341+0200] {logging_mixin.py:188} INFO - [2024-07-18T18:57:37.341+0200] {dag.py:3947} INFO - Setting next_dagrun for example_dynamic_task_mapping to 2022-03-04 00:00:00+00:00, run_after=2022-03-05 00:00:00+00:00
[2024-07-18T18:57:37.353+0200] {processor.py:183} INFO - Processing /home/richonlinux/Documents/GitHub/AirflowTuto/venv/lib/python3.10/site-packages/airflow/example_dags/example_dynamic_task_mapping.py took 0.045 seconds
[2024-07-18T18:58:17.300+0200] {processor.py:161} INFO - Started process (PID=276042) to work on /home/richonlinux/Documents/GitHub/AirflowTuto/venv/lib/python3.10/site-packages/airflow/example_dags/example_dynamic_task_mapping.py
[2024-07-18T18:58:17.301+0200] {processor.py:830} INFO - Processing file /home/richonlinux/Documents/GitHub/AirflowTuto/venv/lib/python3.10/site-packages/airflow/example_dags/example_dynamic_task_mapping.py for tasks to queue
[2024-07-18T18:58:17.303+0200] {logging_mixin.py:188} INFO - [2024-07-18T18:58:17.303+0200] {dagbag.py:545} INFO - Filling up the DagBag from /home/richonlinux/Documents/GitHub/AirflowTuto/venv/lib/python3.10/site-packages/airflow/example_dags/example_dynamic_task_mapping.py
[2024-07-18T18:58:17.308+0200] {processor.py:840} INFO - DAG(s) 'example_dynamic_task_mapping' retrieved from /home/richonlinux/Documents/GitHub/AirflowTuto/venv/lib/python3.10/site-packages/airflow/example_dags/example_dynamic_task_mapping.py
[2024-07-18T18:58:17.316+0200] {logging_mixin.py:188} INFO - [2024-07-18T18:58:17.315+0200] {dag.py:3089} INFO - Sync 1 DAGs
[2024-07-18T18:58:17.325+0200] {logging_mixin.py:188} INFO - [2024-07-18T18:58:17.325+0200] {dag.py:3947} INFO - Setting next_dagrun for example_dynamic_task_mapping to 2022-03-04 00:00:00+00:00, run_after=2022-03-05 00:00:00+00:00
[2024-07-18T18:58:17.338+0200] {processor.py:183} INFO - Processing /home/richonlinux/Documents/GitHub/AirflowTuto/venv/lib/python3.10/site-packages/airflow/example_dags/example_dynamic_task_mapping.py took 0.048 seconds
[2024-07-18T18:58:57.776+0200] {processor.py:161} INFO - Started process (PID=276656) to work on /home/richonlinux/Documents/GitHub/AirflowTuto/venv/lib/python3.10/site-packages/airflow/example_dags/example_dynamic_task_mapping.py
[2024-07-18T18:58:57.777+0200] {processor.py:830} INFO - Processing file /home/richonlinux/Documents/GitHub/AirflowTuto/venv/lib/python3.10/site-packages/airflow/example_dags/example_dynamic_task_mapping.py for tasks to queue
[2024-07-18T18:58:57.778+0200] {logging_mixin.py:188} INFO - [2024-07-18T18:58:57.777+0200] {dagbag.py:545} INFO - Filling up the DagBag from /home/richonlinux/Documents/GitHub/AirflowTuto/venv/lib/python3.10/site-packages/airflow/example_dags/example_dynamic_task_mapping.py
[2024-07-18T18:58:57.783+0200] {processor.py:840} INFO - DAG(s) 'example_dynamic_task_mapping' retrieved from /home/richonlinux/Documents/GitHub/AirflowTuto/venv/lib/python3.10/site-packages/airflow/example_dags/example_dynamic_task_mapping.py
[2024-07-18T18:58:57.793+0200] {logging_mixin.py:188} INFO - [2024-07-18T18:58:57.793+0200] {dag.py:3089} INFO - Sync 1 DAGs
[2024-07-18T18:58:57.805+0200] {logging_mixin.py:188} INFO - [2024-07-18T18:58:57.805+0200] {dag.py:3947} INFO - Setting next_dagrun for example_dynamic_task_mapping to 2022-03-04 00:00:00+00:00, run_after=2022-03-05 00:00:00+00:00
[2024-07-18T18:58:57.818+0200] {processor.py:183} INFO - Processing /home/richonlinux/Documents/GitHub/AirflowTuto/venv/lib/python3.10/site-packages/airflow/example_dags/example_dynamic_task_mapping.py took 0.047 seconds
[2024-07-18T18:59:37.899+0200] {processor.py:161} INFO - Started process (PID=277490) to work on /home/richonlinux/Documents/GitHub/AirflowTuto/venv/lib/python3.10/site-packages/airflow/example_dags/example_dynamic_task_mapping.py
[2024-07-18T18:59:37.900+0200] {processor.py:830} INFO - Processing file /home/richonlinux/Documents/GitHub/AirflowTuto/venv/lib/python3.10/site-packages/airflow/example_dags/example_dynamic_task_mapping.py for tasks to queue
[2024-07-18T18:59:37.902+0200] {logging_mixin.py:188} INFO - [2024-07-18T18:59:37.902+0200] {dagbag.py:545} INFO - Filling up the DagBag from /home/richonlinux/Documents/GitHub/AirflowTuto/venv/lib/python3.10/site-packages/airflow/example_dags/example_dynamic_task_mapping.py
[2024-07-18T18:59:37.908+0200] {processor.py:840} INFO - DAG(s) 'example_dynamic_task_mapping' retrieved from /home/richonlinux/Documents/GitHub/AirflowTuto/venv/lib/python3.10/site-packages/airflow/example_dags/example_dynamic_task_mapping.py
[2024-07-18T18:59:37.915+0200] {logging_mixin.py:188} INFO - [2024-07-18T18:59:37.915+0200] {dag.py:3089} INFO - Sync 1 DAGs
[2024-07-18T18:59:37.925+0200] {logging_mixin.py:188} INFO - [2024-07-18T18:59:37.925+0200] {dag.py:3947} INFO - Setting next_dagrun for example_dynamic_task_mapping to 2022-03-04 00:00:00+00:00, run_after=2022-03-05 00:00:00+00:00
[2024-07-18T18:59:37.937+0200] {processor.py:183} INFO - Processing /home/richonlinux/Documents/GitHub/AirflowTuto/venv/lib/python3.10/site-packages/airflow/example_dags/example_dynamic_task_mapping.py took 0.047 seconds
[2024-07-18T19:00:19.190+0200] {processor.py:161} INFO - Started process (PID=278250) to work on /home/richonlinux/Documents/GitHub/AirflowTuto/venv/lib/python3.10/site-packages/airflow/example_dags/example_dynamic_task_mapping.py
[2024-07-18T19:00:19.191+0200] {processor.py:830} INFO - Processing file /home/richonlinux/Documents/GitHub/AirflowTuto/venv/lib/python3.10/site-packages/airflow/example_dags/example_dynamic_task_mapping.py for tasks to queue
[2024-07-18T19:00:19.193+0200] {logging_mixin.py:188} INFO - [2024-07-18T19:00:19.193+0200] {dagbag.py:545} INFO - Filling up the DagBag from /home/richonlinux/Documents/GitHub/AirflowTuto/venv/lib/python3.10/site-packages/airflow/example_dags/example_dynamic_task_mapping.py
[2024-07-18T19:00:19.199+0200] {processor.py:840} INFO - DAG(s) 'example_dynamic_task_mapping' retrieved from /home/richonlinux/Documents/GitHub/AirflowTuto/venv/lib/python3.10/site-packages/airflow/example_dags/example_dynamic_task_mapping.py
[2024-07-18T19:00:19.206+0200] {logging_mixin.py:188} INFO - [2024-07-18T19:00:19.206+0200] {dag.py:3089} INFO - Sync 1 DAGs
[2024-07-18T19:00:19.217+0200] {logging_mixin.py:188} INFO - [2024-07-18T19:00:19.217+0200] {dag.py:3947} INFO - Setting next_dagrun for example_dynamic_task_mapping to 2022-03-04 00:00:00+00:00, run_after=2022-03-05 00:00:00+00:00
[2024-07-18T19:00:19.229+0200] {processor.py:183} INFO - Processing /home/richonlinux/Documents/GitHub/AirflowTuto/venv/lib/python3.10/site-packages/airflow/example_dags/example_dynamic_task_mapping.py took 0.046 seconds
[2024-07-18T19:01:02.077+0200] {processor.py:161} INFO - Started process (PID=279079) to work on /home/richonlinux/Documents/GitHub/AirflowTuto/venv/lib/python3.10/site-packages/airflow/example_dags/example_dynamic_task_mapping.py
[2024-07-18T19:01:02.078+0200] {processor.py:830} INFO - Processing file /home/richonlinux/Documents/GitHub/AirflowTuto/venv/lib/python3.10/site-packages/airflow/example_dags/example_dynamic_task_mapping.py for tasks to queue
[2024-07-18T19:01:02.079+0200] {logging_mixin.py:188} INFO - [2024-07-18T19:01:02.079+0200] {dagbag.py:545} INFO - Filling up the DagBag from /home/richonlinux/Documents/GitHub/AirflowTuto/venv/lib/python3.10/site-packages/airflow/example_dags/example_dynamic_task_mapping.py
[2024-07-18T19:01:02.084+0200] {processor.py:840} INFO - DAG(s) 'example_dynamic_task_mapping' retrieved from /home/richonlinux/Documents/GitHub/AirflowTuto/venv/lib/python3.10/site-packages/airflow/example_dags/example_dynamic_task_mapping.py
[2024-07-18T19:01:02.092+0200] {logging_mixin.py:188} INFO - [2024-07-18T19:01:02.092+0200] {dag.py:3089} INFO - Sync 1 DAGs
[2024-07-18T19:01:02.101+0200] {logging_mixin.py:188} INFO - [2024-07-18T19:01:02.101+0200] {dag.py:3947} INFO - Setting next_dagrun for example_dynamic_task_mapping to 2022-03-04 00:00:00+00:00, run_after=2022-03-05 00:00:00+00:00
[2024-07-18T19:01:02.112+0200] {processor.py:183} INFO - Processing /home/richonlinux/Documents/GitHub/AirflowTuto/venv/lib/python3.10/site-packages/airflow/example_dags/example_dynamic_task_mapping.py took 0.038 seconds
[2024-07-18T19:01:40.452+0200] {processor.py:161} INFO - Started process (PID=279889) to work on /home/richonlinux/Documents/GitHub/AirflowTuto/venv/lib/python3.10/site-packages/airflow/example_dags/example_dynamic_task_mapping.py
[2024-07-18T19:01:40.453+0200] {processor.py:830} INFO - Processing file /home/richonlinux/Documents/GitHub/AirflowTuto/venv/lib/python3.10/site-packages/airflow/example_dags/example_dynamic_task_mapping.py for tasks to queue
[2024-07-18T19:01:40.454+0200] {logging_mixin.py:188} INFO - [2024-07-18T19:01:40.454+0200] {dagbag.py:545} INFO - Filling up the DagBag from /home/richonlinux/Documents/GitHub/AirflowTuto/venv/lib/python3.10/site-packages/airflow/example_dags/example_dynamic_task_mapping.py
[2024-07-18T19:01:40.458+0200] {processor.py:840} INFO - DAG(s) 'example_dynamic_task_mapping' retrieved from /home/richonlinux/Documents/GitHub/AirflowTuto/venv/lib/python3.10/site-packages/airflow/example_dags/example_dynamic_task_mapping.py
[2024-07-18T19:01:40.467+0200] {logging_mixin.py:188} INFO - [2024-07-18T19:01:40.467+0200] {dag.py:3089} INFO - Sync 1 DAGs
[2024-07-18T19:01:40.478+0200] {logging_mixin.py:188} INFO - [2024-07-18T19:01:40.478+0200] {dag.py:3947} INFO - Setting next_dagrun for example_dynamic_task_mapping to 2022-03-04 00:00:00+00:00, run_after=2022-03-05 00:00:00+00:00
[2024-07-18T19:01:40.489+0200] {processor.py:183} INFO - Processing /home/richonlinux/Documents/GitHub/AirflowTuto/venv/lib/python3.10/site-packages/airflow/example_dags/example_dynamic_task_mapping.py took 0.041 seconds
[2024-07-18T19:02:17.906+0200] {processor.py:161} INFO - Started process (PID=280584) to work on /home/richonlinux/Documents/GitHub/AirflowTuto/venv/lib/python3.10/site-packages/airflow/example_dags/example_dynamic_task_mapping.py
[2024-07-18T19:02:17.908+0200] {processor.py:830} INFO - Processing file /home/richonlinux/Documents/GitHub/AirflowTuto/venv/lib/python3.10/site-packages/airflow/example_dags/example_dynamic_task_mapping.py for tasks to queue
[2024-07-18T19:02:17.909+0200] {logging_mixin.py:188} INFO - [2024-07-18T19:02:17.909+0200] {dagbag.py:545} INFO - Filling up the DagBag from /home/richonlinux/Documents/GitHub/AirflowTuto/venv/lib/python3.10/site-packages/airflow/example_dags/example_dynamic_task_mapping.py
[2024-07-18T19:02:17.915+0200] {processor.py:840} INFO - DAG(s) 'example_dynamic_task_mapping' retrieved from /home/richonlinux/Documents/GitHub/AirflowTuto/venv/lib/python3.10/site-packages/airflow/example_dags/example_dynamic_task_mapping.py
[2024-07-18T19:02:17.923+0200] {logging_mixin.py:188} INFO - [2024-07-18T19:02:17.923+0200] {dag.py:3089} INFO - Sync 1 DAGs
[2024-07-18T19:02:17.933+0200] {logging_mixin.py:188} INFO - [2024-07-18T19:02:17.933+0200] {dag.py:3947} INFO - Setting next_dagrun for example_dynamic_task_mapping to 2022-03-04 00:00:00+00:00, run_after=2022-03-05 00:00:00+00:00
[2024-07-18T19:02:17.944+0200] {processor.py:183} INFO - Processing /home/richonlinux/Documents/GitHub/AirflowTuto/venv/lib/python3.10/site-packages/airflow/example_dags/example_dynamic_task_mapping.py took 0.046 seconds
[2024-07-18T19:02:57.520+0200] {processor.py:161} INFO - Started process (PID=281164) to work on /home/richonlinux/Documents/GitHub/AirflowTuto/venv/lib/python3.10/site-packages/airflow/example_dags/example_dynamic_task_mapping.py
[2024-07-18T19:02:57.521+0200] {processor.py:830} INFO - Processing file /home/richonlinux/Documents/GitHub/AirflowTuto/venv/lib/python3.10/site-packages/airflow/example_dags/example_dynamic_task_mapping.py for tasks to queue
[2024-07-18T19:02:57.523+0200] {logging_mixin.py:188} INFO - [2024-07-18T19:02:57.523+0200] {dagbag.py:545} INFO - Filling up the DagBag from /home/richonlinux/Documents/GitHub/AirflowTuto/venv/lib/python3.10/site-packages/airflow/example_dags/example_dynamic_task_mapping.py
[2024-07-18T19:02:57.529+0200] {processor.py:840} INFO - DAG(s) 'example_dynamic_task_mapping' retrieved from /home/richonlinux/Documents/GitHub/AirflowTuto/venv/lib/python3.10/site-packages/airflow/example_dags/example_dynamic_task_mapping.py
[2024-07-18T19:02:57.537+0200] {logging_mixin.py:188} INFO - [2024-07-18T19:02:57.537+0200] {dag.py:3089} INFO - Sync 1 DAGs
[2024-07-18T19:02:57.546+0200] {logging_mixin.py:188} INFO - [2024-07-18T19:02:57.546+0200] {dag.py:3947} INFO - Setting next_dagrun for example_dynamic_task_mapping to 2022-03-04 00:00:00+00:00, run_after=2022-03-05 00:00:00+00:00
[2024-07-18T19:02:57.559+0200] {processor.py:183} INFO - Processing /home/richonlinux/Documents/GitHub/AirflowTuto/venv/lib/python3.10/site-packages/airflow/example_dags/example_dynamic_task_mapping.py took 0.048 seconds
[2024-07-18T19:03:39.624+0200] {processor.py:161} INFO - Started process (PID=281886) to work on /home/richonlinux/Documents/GitHub/AirflowTuto/venv/lib/python3.10/site-packages/airflow/example_dags/example_dynamic_task_mapping.py
[2024-07-18T19:03:39.626+0200] {processor.py:830} INFO - Processing file /home/richonlinux/Documents/GitHub/AirflowTuto/venv/lib/python3.10/site-packages/airflow/example_dags/example_dynamic_task_mapping.py for tasks to queue
[2024-07-18T19:03:39.628+0200] {logging_mixin.py:188} INFO - [2024-07-18T19:03:39.627+0200] {dagbag.py:545} INFO - Filling up the DagBag from /home/richonlinux/Documents/GitHub/AirflowTuto/venv/lib/python3.10/site-packages/airflow/example_dags/example_dynamic_task_mapping.py
[2024-07-18T19:03:39.633+0200] {processor.py:840} INFO - DAG(s) 'example_dynamic_task_mapping' retrieved from /home/richonlinux/Documents/GitHub/AirflowTuto/venv/lib/python3.10/site-packages/airflow/example_dags/example_dynamic_task_mapping.py
[2024-07-18T19:03:39.641+0200] {logging_mixin.py:188} INFO - [2024-07-18T19:03:39.641+0200] {dag.py:3089} INFO - Sync 1 DAGs
[2024-07-18T19:03:39.652+0200] {logging_mixin.py:188} INFO - [2024-07-18T19:03:39.651+0200] {dag.py:3947} INFO - Setting next_dagrun for example_dynamic_task_mapping to 2022-03-04 00:00:00+00:00, run_after=2022-03-05 00:00:00+00:00
[2024-07-18T19:03:39.665+0200] {processor.py:183} INFO - Processing /home/richonlinux/Documents/GitHub/AirflowTuto/venv/lib/python3.10/site-packages/airflow/example_dags/example_dynamic_task_mapping.py took 0.048 seconds
[2024-07-18T19:04:18.604+0200] {processor.py:161} INFO - Started process (PID=282530) to work on /home/richonlinux/Documents/GitHub/AirflowTuto/venv/lib/python3.10/site-packages/airflow/example_dags/example_dynamic_task_mapping.py
[2024-07-18T19:04:18.608+0200] {processor.py:830} INFO - Processing file /home/richonlinux/Documents/GitHub/AirflowTuto/venv/lib/python3.10/site-packages/airflow/example_dags/example_dynamic_task_mapping.py for tasks to queue
[2024-07-18T19:04:18.610+0200] {logging_mixin.py:188} INFO - [2024-07-18T19:04:18.610+0200] {dagbag.py:545} INFO - Filling up the DagBag from /home/richonlinux/Documents/GitHub/AirflowTuto/venv/lib/python3.10/site-packages/airflow/example_dags/example_dynamic_task_mapping.py
[2024-07-18T19:04:18.618+0200] {processor.py:840} INFO - DAG(s) 'example_dynamic_task_mapping' retrieved from /home/richonlinux/Documents/GitHub/AirflowTuto/venv/lib/python3.10/site-packages/airflow/example_dags/example_dynamic_task_mapping.py
[2024-07-18T19:04:18.628+0200] {logging_mixin.py:188} INFO - [2024-07-18T19:04:18.628+0200] {dag.py:3089} INFO - Sync 1 DAGs
[2024-07-18T19:04:18.637+0200] {logging_mixin.py:188} INFO - [2024-07-18T19:04:18.637+0200] {dag.py:3947} INFO - Setting next_dagrun for example_dynamic_task_mapping to 2022-03-04 00:00:00+00:00, run_after=2022-03-05 00:00:00+00:00
[2024-07-18T19:04:18.650+0200] {processor.py:183} INFO - Processing /home/richonlinux/Documents/GitHub/AirflowTuto/venv/lib/python3.10/site-packages/airflow/example_dags/example_dynamic_task_mapping.py took 0.055 seconds
[2024-07-18T19:04:56.671+0200] {processor.py:161} INFO - Started process (PID=283065) to work on /home/richonlinux/Documents/GitHub/AirflowTuto/venv/lib/python3.10/site-packages/airflow/example_dags/example_dynamic_task_mapping.py
[2024-07-18T19:04:56.673+0200] {processor.py:830} INFO - Processing file /home/richonlinux/Documents/GitHub/AirflowTuto/venv/lib/python3.10/site-packages/airflow/example_dags/example_dynamic_task_mapping.py for tasks to queue
[2024-07-18T19:04:56.674+0200] {logging_mixin.py:188} INFO - [2024-07-18T19:04:56.674+0200] {dagbag.py:545} INFO - Filling up the DagBag from /home/richonlinux/Documents/GitHub/AirflowTuto/venv/lib/python3.10/site-packages/airflow/example_dags/example_dynamic_task_mapping.py
[2024-07-18T19:04:56.680+0200] {processor.py:840} INFO - DAG(s) 'example_dynamic_task_mapping' retrieved from /home/richonlinux/Documents/GitHub/AirflowTuto/venv/lib/python3.10/site-packages/airflow/example_dags/example_dynamic_task_mapping.py
[2024-07-18T19:04:56.688+0200] {logging_mixin.py:188} INFO - [2024-07-18T19:04:56.688+0200] {dag.py:3089} INFO - Sync 1 DAGs
[2024-07-18T19:04:56.697+0200] {logging_mixin.py:188} INFO - [2024-07-18T19:04:56.697+0200] {dag.py:3947} INFO - Setting next_dagrun for example_dynamic_task_mapping to 2022-03-04 00:00:00+00:00, run_after=2022-03-05 00:00:00+00:00
[2024-07-18T19:04:56.709+0200] {processor.py:183} INFO - Processing /home/richonlinux/Documents/GitHub/AirflowTuto/venv/lib/python3.10/site-packages/airflow/example_dags/example_dynamic_task_mapping.py took 0.047 seconds
[2024-07-18T19:05:36.091+0200] {processor.py:161} INFO - Started process (PID=283851) to work on /home/richonlinux/Documents/GitHub/AirflowTuto/venv/lib/python3.10/site-packages/airflow/example_dags/example_dynamic_task_mapping.py
[2024-07-18T19:05:36.095+0200] {processor.py:830} INFO - Processing file /home/richonlinux/Documents/GitHub/AirflowTuto/venv/lib/python3.10/site-packages/airflow/example_dags/example_dynamic_task_mapping.py for tasks to queue
[2024-07-18T19:05:36.097+0200] {logging_mixin.py:188} INFO - [2024-07-18T19:05:36.096+0200] {dagbag.py:545} INFO - Filling up the DagBag from /home/richonlinux/Documents/GitHub/AirflowTuto/venv/lib/python3.10/site-packages/airflow/example_dags/example_dynamic_task_mapping.py
[2024-07-18T19:05:36.102+0200] {processor.py:840} INFO - DAG(s) 'example_dynamic_task_mapping' retrieved from /home/richonlinux/Documents/GitHub/AirflowTuto/venv/lib/python3.10/site-packages/airflow/example_dags/example_dynamic_task_mapping.py
[2024-07-18T19:05:36.111+0200] {logging_mixin.py:188} INFO - [2024-07-18T19:05:36.111+0200] {dag.py:3089} INFO - Sync 1 DAGs
[2024-07-18T19:05:36.127+0200] {logging_mixin.py:188} INFO - [2024-07-18T19:05:36.127+0200] {dag.py:3947} INFO - Setting next_dagrun for example_dynamic_task_mapping to 2022-03-04 00:00:00+00:00, run_after=2022-03-05 00:00:00+00:00
[2024-07-18T19:05:36.147+0200] {processor.py:183} INFO - Processing /home/richonlinux/Documents/GitHub/AirflowTuto/venv/lib/python3.10/site-packages/airflow/example_dags/example_dynamic_task_mapping.py took 0.063 seconds
[2024-07-18T19:06:13.974+0200] {processor.py:161} INFO - Started process (PID=284464) to work on /home/richonlinux/Documents/GitHub/AirflowTuto/venv/lib/python3.10/site-packages/airflow/example_dags/example_dynamic_task_mapping.py
[2024-07-18T19:06:13.979+0200] {processor.py:830} INFO - Processing file /home/richonlinux/Documents/GitHub/AirflowTuto/venv/lib/python3.10/site-packages/airflow/example_dags/example_dynamic_task_mapping.py for tasks to queue
[2024-07-18T19:06:13.981+0200] {logging_mixin.py:188} INFO - [2024-07-18T19:06:13.980+0200] {dagbag.py:545} INFO - Filling up the DagBag from /home/richonlinux/Documents/GitHub/AirflowTuto/venv/lib/python3.10/site-packages/airflow/example_dags/example_dynamic_task_mapping.py
[2024-07-18T19:06:13.987+0200] {processor.py:840} INFO - DAG(s) 'example_dynamic_task_mapping' retrieved from /home/richonlinux/Documents/GitHub/AirflowTuto/venv/lib/python3.10/site-packages/airflow/example_dags/example_dynamic_task_mapping.py
[2024-07-18T19:06:13.996+0200] {logging_mixin.py:188} INFO - [2024-07-18T19:06:13.996+0200] {dag.py:3089} INFO - Sync 1 DAGs
[2024-07-18T19:06:14.006+0200] {logging_mixin.py:188} INFO - [2024-07-18T19:06:14.006+0200] {dag.py:3947} INFO - Setting next_dagrun for example_dynamic_task_mapping to 2022-03-04 00:00:00+00:00, run_after=2022-03-05 00:00:00+00:00
[2024-07-18T19:06:14.018+0200] {processor.py:183} INFO - Processing /home/richonlinux/Documents/GitHub/AirflowTuto/venv/lib/python3.10/site-packages/airflow/example_dags/example_dynamic_task_mapping.py took 0.052 seconds
[2024-07-18T19:06:53.081+0200] {processor.py:161} INFO - Started process (PID=285153) to work on /home/richonlinux/Documents/GitHub/AirflowTuto/venv/lib/python3.10/site-packages/airflow/example_dags/example_dynamic_task_mapping.py
[2024-07-18T19:06:53.082+0200] {processor.py:830} INFO - Processing file /home/richonlinux/Documents/GitHub/AirflowTuto/venv/lib/python3.10/site-packages/airflow/example_dags/example_dynamic_task_mapping.py for tasks to queue
[2024-07-18T19:06:53.083+0200] {logging_mixin.py:188} INFO - [2024-07-18T19:06:53.082+0200] {dagbag.py:545} INFO - Filling up the DagBag from /home/richonlinux/Documents/GitHub/AirflowTuto/venv/lib/python3.10/site-packages/airflow/example_dags/example_dynamic_task_mapping.py
[2024-07-18T19:06:53.087+0200] {processor.py:840} INFO - DAG(s) 'example_dynamic_task_mapping' retrieved from /home/richonlinux/Documents/GitHub/AirflowTuto/venv/lib/python3.10/site-packages/airflow/example_dags/example_dynamic_task_mapping.py
[2024-07-18T19:06:53.096+0200] {logging_mixin.py:188} INFO - [2024-07-18T19:06:53.095+0200] {dag.py:3089} INFO - Sync 1 DAGs
[2024-07-18T19:06:53.106+0200] {logging_mixin.py:188} INFO - [2024-07-18T19:06:53.106+0200] {dag.py:3947} INFO - Setting next_dagrun for example_dynamic_task_mapping to 2022-03-04 00:00:00+00:00, run_after=2022-03-05 00:00:00+00:00
[2024-07-18T19:06:53.119+0200] {processor.py:183} INFO - Processing /home/richonlinux/Documents/GitHub/AirflowTuto/venv/lib/python3.10/site-packages/airflow/example_dags/example_dynamic_task_mapping.py took 0.042 seconds
[2024-07-18T19:07:33.735+0200] {processor.py:161} INFO - Started process (PID=285820) to work on /home/richonlinux/Documents/GitHub/AirflowTuto/venv/lib/python3.10/site-packages/airflow/example_dags/example_dynamic_task_mapping.py
[2024-07-18T19:07:33.736+0200] {processor.py:830} INFO - Processing file /home/richonlinux/Documents/GitHub/AirflowTuto/venv/lib/python3.10/site-packages/airflow/example_dags/example_dynamic_task_mapping.py for tasks to queue
[2024-07-18T19:07:33.738+0200] {logging_mixin.py:188} INFO - [2024-07-18T19:07:33.737+0200] {dagbag.py:545} INFO - Filling up the DagBag from /home/richonlinux/Documents/GitHub/AirflowTuto/venv/lib/python3.10/site-packages/airflow/example_dags/example_dynamic_task_mapping.py
[2024-07-18T19:07:33.742+0200] {processor.py:840} INFO - DAG(s) 'example_dynamic_task_mapping' retrieved from /home/richonlinux/Documents/GitHub/AirflowTuto/venv/lib/python3.10/site-packages/airflow/example_dags/example_dynamic_task_mapping.py
[2024-07-18T19:07:33.750+0200] {logging_mixin.py:188} INFO - [2024-07-18T19:07:33.750+0200] {dag.py:3089} INFO - Sync 1 DAGs
[2024-07-18T19:07:33.760+0200] {logging_mixin.py:188} INFO - [2024-07-18T19:07:33.760+0200] {dag.py:3947} INFO - Setting next_dagrun for example_dynamic_task_mapping to 2022-03-04 00:00:00+00:00, run_after=2022-03-05 00:00:00+00:00
[2024-07-18T19:07:33.772+0200] {processor.py:183} INFO - Processing /home/richonlinux/Documents/GitHub/AirflowTuto/venv/lib/python3.10/site-packages/airflow/example_dags/example_dynamic_task_mapping.py took 0.045 seconds
[2024-07-18T19:08:12.249+0200] {processor.py:161} INFO - Started process (PID=286422) to work on /home/richonlinux/Documents/GitHub/AirflowTuto/venv/lib/python3.10/site-packages/airflow/example_dags/example_dynamic_task_mapping.py
[2024-07-18T19:08:12.251+0200] {processor.py:830} INFO - Processing file /home/richonlinux/Documents/GitHub/AirflowTuto/venv/lib/python3.10/site-packages/airflow/example_dags/example_dynamic_task_mapping.py for tasks to queue
[2024-07-18T19:08:12.253+0200] {logging_mixin.py:188} INFO - [2024-07-18T19:08:12.252+0200] {dagbag.py:545} INFO - Filling up the DagBag from /home/richonlinux/Documents/GitHub/AirflowTuto/venv/lib/python3.10/site-packages/airflow/example_dags/example_dynamic_task_mapping.py
[2024-07-18T19:08:12.258+0200] {processor.py:840} INFO - DAG(s) 'example_dynamic_task_mapping' retrieved from /home/richonlinux/Documents/GitHub/AirflowTuto/venv/lib/python3.10/site-packages/airflow/example_dags/example_dynamic_task_mapping.py
[2024-07-18T19:08:12.270+0200] {logging_mixin.py:188} INFO - [2024-07-18T19:08:12.270+0200] {dag.py:3089} INFO - Sync 1 DAGs
[2024-07-18T19:08:12.286+0200] {logging_mixin.py:188} INFO - [2024-07-18T19:08:12.285+0200] {dag.py:3947} INFO - Setting next_dagrun for example_dynamic_task_mapping to 2022-03-04 00:00:00+00:00, run_after=2022-03-05 00:00:00+00:00
[2024-07-18T19:08:12.303+0200] {processor.py:183} INFO - Processing /home/richonlinux/Documents/GitHub/AirflowTuto/venv/lib/python3.10/site-packages/airflow/example_dags/example_dynamic_task_mapping.py took 0.058 seconds
[2024-07-18T19:08:51.860+0200] {processor.py:161} INFO - Started process (PID=287118) to work on /home/richonlinux/Documents/GitHub/AirflowTuto/venv/lib/python3.10/site-packages/airflow/example_dags/example_dynamic_task_mapping.py
[2024-07-18T19:08:51.860+0200] {processor.py:830} INFO - Processing file /home/richonlinux/Documents/GitHub/AirflowTuto/venv/lib/python3.10/site-packages/airflow/example_dags/example_dynamic_task_mapping.py for tasks to queue
[2024-07-18T19:08:51.862+0200] {logging_mixin.py:188} INFO - [2024-07-18T19:08:51.862+0200] {dagbag.py:545} INFO - Filling up the DagBag from /home/richonlinux/Documents/GitHub/AirflowTuto/venv/lib/python3.10/site-packages/airflow/example_dags/example_dynamic_task_mapping.py
[2024-07-18T19:08:51.866+0200] {processor.py:840} INFO - DAG(s) 'example_dynamic_task_mapping' retrieved from /home/richonlinux/Documents/GitHub/AirflowTuto/venv/lib/python3.10/site-packages/airflow/example_dags/example_dynamic_task_mapping.py
[2024-07-18T19:08:51.875+0200] {logging_mixin.py:188} INFO - [2024-07-18T19:08:51.875+0200] {dag.py:3089} INFO - Sync 1 DAGs
[2024-07-18T19:08:51.886+0200] {logging_mixin.py:188} INFO - [2024-07-18T19:08:51.886+0200] {dag.py:3947} INFO - Setting next_dagrun for example_dynamic_task_mapping to 2022-03-04 00:00:00+00:00, run_after=2022-03-05 00:00:00+00:00
[2024-07-18T19:08:51.900+0200] {processor.py:183} INFO - Processing /home/richonlinux/Documents/GitHub/AirflowTuto/venv/lib/python3.10/site-packages/airflow/example_dags/example_dynamic_task_mapping.py took 0.044 seconds
[2024-07-18T19:09:30.652+0200] {processor.py:161} INFO - Started process (PID=287769) to work on /home/richonlinux/Documents/GitHub/AirflowTuto/venv/lib/python3.10/site-packages/airflow/example_dags/example_dynamic_task_mapping.py
[2024-07-18T19:09:30.656+0200] {processor.py:830} INFO - Processing file /home/richonlinux/Documents/GitHub/AirflowTuto/venv/lib/python3.10/site-packages/airflow/example_dags/example_dynamic_task_mapping.py for tasks to queue
[2024-07-18T19:09:30.657+0200] {logging_mixin.py:188} INFO - [2024-07-18T19:09:30.656+0200] {dagbag.py:545} INFO - Filling up the DagBag from /home/richonlinux/Documents/GitHub/AirflowTuto/venv/lib/python3.10/site-packages/airflow/example_dags/example_dynamic_task_mapping.py
[2024-07-18T19:09:30.662+0200] {processor.py:840} INFO - DAG(s) 'example_dynamic_task_mapping' retrieved from /home/richonlinux/Documents/GitHub/AirflowTuto/venv/lib/python3.10/site-packages/airflow/example_dags/example_dynamic_task_mapping.py
[2024-07-18T19:09:30.671+0200] {logging_mixin.py:188} INFO - [2024-07-18T19:09:30.671+0200] {dag.py:3089} INFO - Sync 1 DAGs
[2024-07-18T19:09:30.682+0200] {logging_mixin.py:188} INFO - [2024-07-18T19:09:30.682+0200] {dag.py:3947} INFO - Setting next_dagrun for example_dynamic_task_mapping to 2022-03-04 00:00:00+00:00, run_after=2022-03-05 00:00:00+00:00
[2024-07-18T19:09:30.696+0200] {processor.py:183} INFO - Processing /home/richonlinux/Documents/GitHub/AirflowTuto/venv/lib/python3.10/site-packages/airflow/example_dags/example_dynamic_task_mapping.py took 0.048 seconds
[2024-07-18T19:10:09.438+0200] {processor.py:161} INFO - Started process (PID=288356) to work on /home/richonlinux/Documents/GitHub/AirflowTuto/venv/lib/python3.10/site-packages/airflow/example_dags/example_dynamic_task_mapping.py
[2024-07-18T19:10:09.439+0200] {processor.py:830} INFO - Processing file /home/richonlinux/Documents/GitHub/AirflowTuto/venv/lib/python3.10/site-packages/airflow/example_dags/example_dynamic_task_mapping.py for tasks to queue
[2024-07-18T19:10:09.440+0200] {logging_mixin.py:188} INFO - [2024-07-18T19:10:09.440+0200] {dagbag.py:545} INFO - Filling up the DagBag from /home/richonlinux/Documents/GitHub/AirflowTuto/venv/lib/python3.10/site-packages/airflow/example_dags/example_dynamic_task_mapping.py
[2024-07-18T19:10:09.443+0200] {processor.py:840} INFO - DAG(s) 'example_dynamic_task_mapping' retrieved from /home/richonlinux/Documents/GitHub/AirflowTuto/venv/lib/python3.10/site-packages/airflow/example_dags/example_dynamic_task_mapping.py
[2024-07-18T19:10:09.453+0200] {logging_mixin.py:188} INFO - [2024-07-18T19:10:09.453+0200] {dag.py:3089} INFO - Sync 1 DAGs
[2024-07-18T19:10:09.464+0200] {logging_mixin.py:188} INFO - [2024-07-18T19:10:09.464+0200] {dag.py:3947} INFO - Setting next_dagrun for example_dynamic_task_mapping to 2022-03-04 00:00:00+00:00, run_after=2022-03-05 00:00:00+00:00
[2024-07-18T19:10:09.478+0200] {processor.py:183} INFO - Processing /home/richonlinux/Documents/GitHub/AirflowTuto/venv/lib/python3.10/site-packages/airflow/example_dags/example_dynamic_task_mapping.py took 0.043 seconds
[2024-07-18T19:10:44.816+0200] {processor.py:161} INFO - Started process (PID=288946) to work on /home/richonlinux/Documents/GitHub/AirflowTuto/venv/lib/python3.10/site-packages/airflow/example_dags/example_dynamic_task_mapping.py
[2024-07-18T19:10:44.818+0200] {processor.py:830} INFO - Processing file /home/richonlinux/Documents/GitHub/AirflowTuto/venv/lib/python3.10/site-packages/airflow/example_dags/example_dynamic_task_mapping.py for tasks to queue
[2024-07-18T19:10:44.819+0200] {logging_mixin.py:188} INFO - [2024-07-18T19:10:44.819+0200] {dagbag.py:545} INFO - Filling up the DagBag from /home/richonlinux/Documents/GitHub/AirflowTuto/venv/lib/python3.10/site-packages/airflow/example_dags/example_dynamic_task_mapping.py
[2024-07-18T19:10:44.824+0200] {processor.py:840} INFO - DAG(s) 'example_dynamic_task_mapping' retrieved from /home/richonlinux/Documents/GitHub/AirflowTuto/venv/lib/python3.10/site-packages/airflow/example_dags/example_dynamic_task_mapping.py
[2024-07-18T19:10:44.834+0200] {logging_mixin.py:188} INFO - [2024-07-18T19:10:44.833+0200] {dag.py:3089} INFO - Sync 1 DAGs
[2024-07-18T19:10:44.845+0200] {logging_mixin.py:188} INFO - [2024-07-18T19:10:44.845+0200] {dag.py:3947} INFO - Setting next_dagrun for example_dynamic_task_mapping to 2022-03-04 00:00:00+00:00, run_after=2022-03-05 00:00:00+00:00
[2024-07-18T19:10:44.859+0200] {processor.py:183} INFO - Processing /home/richonlinux/Documents/GitHub/AirflowTuto/venv/lib/python3.10/site-packages/airflow/example_dags/example_dynamic_task_mapping.py took 0.052 seconds
[2024-07-18T19:11:21.489+0200] {processor.py:161} INFO - Started process (PID=289592) to work on /home/richonlinux/Documents/GitHub/AirflowTuto/venv/lib/python3.10/site-packages/airflow/example_dags/example_dynamic_task_mapping.py
[2024-07-18T19:11:21.490+0200] {processor.py:830} INFO - Processing file /home/richonlinux/Documents/GitHub/AirflowTuto/venv/lib/python3.10/site-packages/airflow/example_dags/example_dynamic_task_mapping.py for tasks to queue
[2024-07-18T19:11:21.490+0200] {logging_mixin.py:188} INFO - [2024-07-18T19:11:21.490+0200] {dagbag.py:545} INFO - Filling up the DagBag from /home/richonlinux/Documents/GitHub/AirflowTuto/venv/lib/python3.10/site-packages/airflow/example_dags/example_dynamic_task_mapping.py
[2024-07-18T19:11:21.495+0200] {processor.py:840} INFO - DAG(s) 'example_dynamic_task_mapping' retrieved from /home/richonlinux/Documents/GitHub/AirflowTuto/venv/lib/python3.10/site-packages/airflow/example_dags/example_dynamic_task_mapping.py
[2024-07-18T19:11:21.504+0200] {logging_mixin.py:188} INFO - [2024-07-18T19:11:21.504+0200] {dag.py:3089} INFO - Sync 1 DAGs
[2024-07-18T19:11:21.515+0200] {logging_mixin.py:188} INFO - [2024-07-18T19:11:21.515+0200] {dag.py:3947} INFO - Setting next_dagrun for example_dynamic_task_mapping to 2022-03-04 00:00:00+00:00, run_after=2022-03-05 00:00:00+00:00
[2024-07-18T19:11:21.530+0200] {processor.py:183} INFO - Processing /home/richonlinux/Documents/GitHub/AirflowTuto/venv/lib/python3.10/site-packages/airflow/example_dags/example_dynamic_task_mapping.py took 0.045 seconds
[2024-07-18T19:11:59.812+0200] {processor.py:161} INFO - Started process (PID=290227) to work on /home/richonlinux/Documents/GitHub/AirflowTuto/venv/lib/python3.10/site-packages/airflow/example_dags/example_dynamic_task_mapping.py
[2024-07-18T19:11:59.813+0200] {processor.py:830} INFO - Processing file /home/richonlinux/Documents/GitHub/AirflowTuto/venv/lib/python3.10/site-packages/airflow/example_dags/example_dynamic_task_mapping.py for tasks to queue
[2024-07-18T19:11:59.814+0200] {logging_mixin.py:188} INFO - [2024-07-18T19:11:59.814+0200] {dagbag.py:545} INFO - Filling up the DagBag from /home/richonlinux/Documents/GitHub/AirflowTuto/venv/lib/python3.10/site-packages/airflow/example_dags/example_dynamic_task_mapping.py
[2024-07-18T19:11:59.820+0200] {processor.py:840} INFO - DAG(s) 'example_dynamic_task_mapping' retrieved from /home/richonlinux/Documents/GitHub/AirflowTuto/venv/lib/python3.10/site-packages/airflow/example_dags/example_dynamic_task_mapping.py
[2024-07-18T19:11:59.829+0200] {logging_mixin.py:188} INFO - [2024-07-18T19:11:59.829+0200] {dag.py:3089} INFO - Sync 1 DAGs
[2024-07-18T19:11:59.839+0200] {logging_mixin.py:188} INFO - [2024-07-18T19:11:59.839+0200] {dag.py:3947} INFO - Setting next_dagrun for example_dynamic_task_mapping to 2022-03-04 00:00:00+00:00, run_after=2022-03-05 00:00:00+00:00
[2024-07-18T19:11:59.852+0200] {processor.py:183} INFO - Processing /home/richonlinux/Documents/GitHub/AirflowTuto/venv/lib/python3.10/site-packages/airflow/example_dags/example_dynamic_task_mapping.py took 0.048 seconds
[2024-07-18T19:12:38.166+0200] {processor.py:161} INFO - Started process (PID=290833) to work on /home/richonlinux/Documents/GitHub/AirflowTuto/venv/lib/python3.10/site-packages/airflow/example_dags/example_dynamic_task_mapping.py
[2024-07-18T19:12:38.170+0200] {processor.py:830} INFO - Processing file /home/richonlinux/Documents/GitHub/AirflowTuto/venv/lib/python3.10/site-packages/airflow/example_dags/example_dynamic_task_mapping.py for tasks to queue
[2024-07-18T19:12:38.171+0200] {logging_mixin.py:188} INFO - [2024-07-18T19:12:38.171+0200] {dagbag.py:545} INFO - Filling up the DagBag from /home/richonlinux/Documents/GitHub/AirflowTuto/venv/lib/python3.10/site-packages/airflow/example_dags/example_dynamic_task_mapping.py
[2024-07-18T19:12:38.176+0200] {processor.py:840} INFO - DAG(s) 'example_dynamic_task_mapping' retrieved from /home/richonlinux/Documents/GitHub/AirflowTuto/venv/lib/python3.10/site-packages/airflow/example_dags/example_dynamic_task_mapping.py
[2024-07-18T19:12:38.185+0200] {logging_mixin.py:188} INFO - [2024-07-18T19:12:38.185+0200] {dag.py:3089} INFO - Sync 1 DAGs
[2024-07-18T19:12:38.197+0200] {logging_mixin.py:188} INFO - [2024-07-18T19:12:38.197+0200] {dag.py:3947} INFO - Setting next_dagrun for example_dynamic_task_mapping to 2022-03-04 00:00:00+00:00, run_after=2022-03-05 00:00:00+00:00
[2024-07-18T19:12:38.210+0200] {processor.py:183} INFO - Processing /home/richonlinux/Documents/GitHub/AirflowTuto/venv/lib/python3.10/site-packages/airflow/example_dags/example_dynamic_task_mapping.py took 0.048 seconds
[2024-07-18T19:13:15.719+0200] {processor.py:161} INFO - Started process (PID=291413) to work on /home/richonlinux/Documents/GitHub/AirflowTuto/venv/lib/python3.10/site-packages/airflow/example_dags/example_dynamic_task_mapping.py
[2024-07-18T19:13:15.723+0200] {processor.py:830} INFO - Processing file /home/richonlinux/Documents/GitHub/AirflowTuto/venv/lib/python3.10/site-packages/airflow/example_dags/example_dynamic_task_mapping.py for tasks to queue
[2024-07-18T19:13:15.725+0200] {logging_mixin.py:188} INFO - [2024-07-18T19:13:15.724+0200] {dagbag.py:545} INFO - Filling up the DagBag from /home/richonlinux/Documents/GitHub/AirflowTuto/venv/lib/python3.10/site-packages/airflow/example_dags/example_dynamic_task_mapping.py
[2024-07-18T19:13:15.730+0200] {processor.py:840} INFO - DAG(s) 'example_dynamic_task_mapping' retrieved from /home/richonlinux/Documents/GitHub/AirflowTuto/venv/lib/python3.10/site-packages/airflow/example_dags/example_dynamic_task_mapping.py
[2024-07-18T19:13:15.739+0200] {logging_mixin.py:188} INFO - [2024-07-18T19:13:15.739+0200] {dag.py:3089} INFO - Sync 1 DAGs
[2024-07-18T19:13:15.749+0200] {logging_mixin.py:188} INFO - [2024-07-18T19:13:15.748+0200] {dag.py:3947} INFO - Setting next_dagrun for example_dynamic_task_mapping to 2022-03-04 00:00:00+00:00, run_after=2022-03-05 00:00:00+00:00
[2024-07-18T19:13:15.760+0200] {processor.py:183} INFO - Processing /home/richonlinux/Documents/GitHub/AirflowTuto/venv/lib/python3.10/site-packages/airflow/example_dags/example_dynamic_task_mapping.py took 0.050 seconds
[2024-07-18T19:13:56.424+0200] {processor.py:161} INFO - Started process (PID=292099) to work on /home/richonlinux/Documents/GitHub/AirflowTuto/venv/lib/python3.10/site-packages/airflow/example_dags/example_dynamic_task_mapping.py
[2024-07-18T19:13:56.425+0200] {processor.py:830} INFO - Processing file /home/richonlinux/Documents/GitHub/AirflowTuto/venv/lib/python3.10/site-packages/airflow/example_dags/example_dynamic_task_mapping.py for tasks to queue
[2024-07-18T19:13:56.427+0200] {logging_mixin.py:188} INFO - [2024-07-18T19:13:56.427+0200] {dagbag.py:545} INFO - Filling up the DagBag from /home/richonlinux/Documents/GitHub/AirflowTuto/venv/lib/python3.10/site-packages/airflow/example_dags/example_dynamic_task_mapping.py
[2024-07-18T19:13:56.432+0200] {processor.py:840} INFO - DAG(s) 'example_dynamic_task_mapping' retrieved from /home/richonlinux/Documents/GitHub/AirflowTuto/venv/lib/python3.10/site-packages/airflow/example_dags/example_dynamic_task_mapping.py
[2024-07-18T19:13:56.441+0200] {logging_mixin.py:188} INFO - [2024-07-18T19:13:56.440+0200] {dag.py:3089} INFO - Sync 1 DAGs
[2024-07-18T19:13:56.452+0200] {logging_mixin.py:188} INFO - [2024-07-18T19:13:56.452+0200] {dag.py:3947} INFO - Setting next_dagrun for example_dynamic_task_mapping to 2022-03-04 00:00:00+00:00, run_after=2022-03-05 00:00:00+00:00
[2024-07-18T19:13:56.465+0200] {processor.py:183} INFO - Processing /home/richonlinux/Documents/GitHub/AirflowTuto/venv/lib/python3.10/site-packages/airflow/example_dags/example_dynamic_task_mapping.py took 0.046 seconds
[2024-07-18T19:14:34.117+0200] {processor.py:161} INFO - Started process (PID=292706) to work on /home/richonlinux/Documents/GitHub/AirflowTuto/venv/lib/python3.10/site-packages/airflow/example_dags/example_dynamic_task_mapping.py
[2024-07-18T19:14:34.118+0200] {processor.py:830} INFO - Processing file /home/richonlinux/Documents/GitHub/AirflowTuto/venv/lib/python3.10/site-packages/airflow/example_dags/example_dynamic_task_mapping.py for tasks to queue
[2024-07-18T19:14:34.120+0200] {logging_mixin.py:188} INFO - [2024-07-18T19:14:34.120+0200] {dagbag.py:545} INFO - Filling up the DagBag from /home/richonlinux/Documents/GitHub/AirflowTuto/venv/lib/python3.10/site-packages/airflow/example_dags/example_dynamic_task_mapping.py
[2024-07-18T19:14:34.125+0200] {processor.py:840} INFO - DAG(s) 'example_dynamic_task_mapping' retrieved from /home/richonlinux/Documents/GitHub/AirflowTuto/venv/lib/python3.10/site-packages/airflow/example_dags/example_dynamic_task_mapping.py
[2024-07-18T19:14:34.133+0200] {logging_mixin.py:188} INFO - [2024-07-18T19:14:34.133+0200] {dag.py:3089} INFO - Sync 1 DAGs
[2024-07-18T19:14:34.145+0200] {logging_mixin.py:188} INFO - [2024-07-18T19:14:34.144+0200] {dag.py:3947} INFO - Setting next_dagrun for example_dynamic_task_mapping to 2022-03-04 00:00:00+00:00, run_after=2022-03-05 00:00:00+00:00
[2024-07-18T19:14:34.158+0200] {processor.py:183} INFO - Processing /home/richonlinux/Documents/GitHub/AirflowTuto/venv/lib/python3.10/site-packages/airflow/example_dags/example_dynamic_task_mapping.py took 0.048 seconds
[2024-07-18T19:15:15.279+0200] {processor.py:161} INFO - Started process (PID=293309) to work on /home/richonlinux/Documents/GitHub/AirflowTuto/venv/lib/python3.10/site-packages/airflow/example_dags/example_dynamic_task_mapping.py
[2024-07-18T19:15:15.280+0200] {processor.py:830} INFO - Processing file /home/richonlinux/Documents/GitHub/AirflowTuto/venv/lib/python3.10/site-packages/airflow/example_dags/example_dynamic_task_mapping.py for tasks to queue
[2024-07-18T19:15:15.281+0200] {logging_mixin.py:188} INFO - [2024-07-18T19:15:15.281+0200] {dagbag.py:545} INFO - Filling up the DagBag from /home/richonlinux/Documents/GitHub/AirflowTuto/venv/lib/python3.10/site-packages/airflow/example_dags/example_dynamic_task_mapping.py
[2024-07-18T19:15:15.286+0200] {processor.py:840} INFO - DAG(s) 'example_dynamic_task_mapping' retrieved from /home/richonlinux/Documents/GitHub/AirflowTuto/venv/lib/python3.10/site-packages/airflow/example_dags/example_dynamic_task_mapping.py
[2024-07-18T19:15:15.294+0200] {logging_mixin.py:188} INFO - [2024-07-18T19:15:15.294+0200] {dag.py:3089} INFO - Sync 1 DAGs
[2024-07-18T19:15:15.306+0200] {logging_mixin.py:188} INFO - [2024-07-18T19:15:15.306+0200] {dag.py:3947} INFO - Setting next_dagrun for example_dynamic_task_mapping to 2022-03-04 00:00:00+00:00, run_after=2022-03-05 00:00:00+00:00
[2024-07-18T19:15:15.319+0200] {processor.py:183} INFO - Processing /home/richonlinux/Documents/GitHub/AirflowTuto/venv/lib/python3.10/site-packages/airflow/example_dags/example_dynamic_task_mapping.py took 0.043 seconds
[2024-07-18T19:15:56.351+0200] {processor.py:161} INFO - Started process (PID=294003) to work on /home/richonlinux/Documents/GitHub/AirflowTuto/venv/lib/python3.10/site-packages/airflow/example_dags/example_dynamic_task_mapping.py
[2024-07-18T19:15:56.351+0200] {processor.py:830} INFO - Processing file /home/richonlinux/Documents/GitHub/AirflowTuto/venv/lib/python3.10/site-packages/airflow/example_dags/example_dynamic_task_mapping.py for tasks to queue
[2024-07-18T19:15:56.352+0200] {logging_mixin.py:188} INFO - [2024-07-18T19:15:56.352+0200] {dagbag.py:545} INFO - Filling up the DagBag from /home/richonlinux/Documents/GitHub/AirflowTuto/venv/lib/python3.10/site-packages/airflow/example_dags/example_dynamic_task_mapping.py
[2024-07-18T19:15:56.356+0200] {processor.py:840} INFO - DAG(s) 'example_dynamic_task_mapping' retrieved from /home/richonlinux/Documents/GitHub/AirflowTuto/venv/lib/python3.10/site-packages/airflow/example_dags/example_dynamic_task_mapping.py
[2024-07-18T19:15:56.366+0200] {logging_mixin.py:188} INFO - [2024-07-18T19:15:56.366+0200] {dag.py:3089} INFO - Sync 1 DAGs
[2024-07-18T19:15:56.376+0200] {logging_mixin.py:188} INFO - [2024-07-18T19:15:56.376+0200] {dag.py:3947} INFO - Setting next_dagrun for example_dynamic_task_mapping to 2022-03-04 00:00:00+00:00, run_after=2022-03-05 00:00:00+00:00
[2024-07-18T19:15:56.389+0200] {processor.py:183} INFO - Processing /home/richonlinux/Documents/GitHub/AirflowTuto/venv/lib/python3.10/site-packages/airflow/example_dags/example_dynamic_task_mapping.py took 0.042 seconds
[2024-07-18T19:16:33.440+0200] {processor.py:161} INFO - Started process (PID=294657) to work on /home/richonlinux/Documents/GitHub/AirflowTuto/venv/lib/python3.10/site-packages/airflow/example_dags/example_dynamic_task_mapping.py
[2024-07-18T19:16:33.441+0200] {processor.py:830} INFO - Processing file /home/richonlinux/Documents/GitHub/AirflowTuto/venv/lib/python3.10/site-packages/airflow/example_dags/example_dynamic_task_mapping.py for tasks to queue
[2024-07-18T19:16:33.442+0200] {logging_mixin.py:188} INFO - [2024-07-18T19:16:33.442+0200] {dagbag.py:545} INFO - Filling up the DagBag from /home/richonlinux/Documents/GitHub/AirflowTuto/venv/lib/python3.10/site-packages/airflow/example_dags/example_dynamic_task_mapping.py
[2024-07-18T19:16:33.446+0200] {processor.py:840} INFO - DAG(s) 'example_dynamic_task_mapping' retrieved from /home/richonlinux/Documents/GitHub/AirflowTuto/venv/lib/python3.10/site-packages/airflow/example_dags/example_dynamic_task_mapping.py
[2024-07-18T19:16:33.455+0200] {logging_mixin.py:188} INFO - [2024-07-18T19:16:33.455+0200] {dag.py:3089} INFO - Sync 1 DAGs
[2024-07-18T19:16:33.467+0200] {logging_mixin.py:188} INFO - [2024-07-18T19:16:33.467+0200] {dag.py:3947} INFO - Setting next_dagrun for example_dynamic_task_mapping to 2022-03-04 00:00:00+00:00, run_after=2022-03-05 00:00:00+00:00
[2024-07-18T19:16:33.481+0200] {processor.py:183} INFO - Processing /home/richonlinux/Documents/GitHub/AirflowTuto/venv/lib/python3.10/site-packages/airflow/example_dags/example_dynamic_task_mapping.py took 0.044 seconds
[2024-07-18T19:17:11.690+0200] {processor.py:161} INFO - Started process (PID=295231) to work on /home/richonlinux/Documents/GitHub/AirflowTuto/venv/lib/python3.10/site-packages/airflow/example_dags/example_dynamic_task_mapping.py
[2024-07-18T19:17:11.694+0200] {processor.py:830} INFO - Processing file /home/richonlinux/Documents/GitHub/AirflowTuto/venv/lib/python3.10/site-packages/airflow/example_dags/example_dynamic_task_mapping.py for tasks to queue
[2024-07-18T19:17:11.695+0200] {logging_mixin.py:188} INFO - [2024-07-18T19:17:11.694+0200] {dagbag.py:545} INFO - Filling up the DagBag from /home/richonlinux/Documents/GitHub/AirflowTuto/venv/lib/python3.10/site-packages/airflow/example_dags/example_dynamic_task_mapping.py
[2024-07-18T19:17:11.699+0200] {processor.py:840} INFO - DAG(s) 'example_dynamic_task_mapping' retrieved from /home/richonlinux/Documents/GitHub/AirflowTuto/venv/lib/python3.10/site-packages/airflow/example_dags/example_dynamic_task_mapping.py
[2024-07-18T19:17:11.707+0200] {logging_mixin.py:188} INFO - [2024-07-18T19:17:11.707+0200] {dag.py:3089} INFO - Sync 1 DAGs
[2024-07-18T19:17:11.717+0200] {logging_mixin.py:188} INFO - [2024-07-18T19:17:11.717+0200] {dag.py:3947} INFO - Setting next_dagrun for example_dynamic_task_mapping to 2022-03-04 00:00:00+00:00, run_after=2022-03-05 00:00:00+00:00
[2024-07-18T19:17:11.729+0200] {processor.py:183} INFO - Processing /home/richonlinux/Documents/GitHub/AirflowTuto/venv/lib/python3.10/site-packages/airflow/example_dags/example_dynamic_task_mapping.py took 0.043 seconds
[2024-07-18T19:17:49.402+0200] {processor.py:161} INFO - Started process (PID=295874) to work on /home/richonlinux/Documents/GitHub/AirflowTuto/venv/lib/python3.10/site-packages/airflow/example_dags/example_dynamic_task_mapping.py
[2024-07-18T19:17:49.403+0200] {processor.py:830} INFO - Processing file /home/richonlinux/Documents/GitHub/AirflowTuto/venv/lib/python3.10/site-packages/airflow/example_dags/example_dynamic_task_mapping.py for tasks to queue
[2024-07-18T19:17:49.405+0200] {logging_mixin.py:188} INFO - [2024-07-18T19:17:49.404+0200] {dagbag.py:545} INFO - Filling up the DagBag from /home/richonlinux/Documents/GitHub/AirflowTuto/venv/lib/python3.10/site-packages/airflow/example_dags/example_dynamic_task_mapping.py
[2024-07-18T19:17:49.410+0200] {processor.py:840} INFO - DAG(s) 'example_dynamic_task_mapping' retrieved from /home/richonlinux/Documents/GitHub/AirflowTuto/venv/lib/python3.10/site-packages/airflow/example_dags/example_dynamic_task_mapping.py
[2024-07-18T19:17:49.419+0200] {logging_mixin.py:188} INFO - [2024-07-18T19:17:49.419+0200] {dag.py:3089} INFO - Sync 1 DAGs
[2024-07-18T19:17:49.429+0200] {logging_mixin.py:188} INFO - [2024-07-18T19:17:49.429+0200] {dag.py:3947} INFO - Setting next_dagrun for example_dynamic_task_mapping to 2022-03-04 00:00:00+00:00, run_after=2022-03-05 00:00:00+00:00
[2024-07-18T19:17:49.442+0200] {processor.py:183} INFO - Processing /home/richonlinux/Documents/GitHub/AirflowTuto/venv/lib/python3.10/site-packages/airflow/example_dags/example_dynamic_task_mapping.py took 0.046 seconds
[2024-07-18T19:18:30.421+0200] {processor.py:161} INFO - Started process (PID=296541) to work on /home/richonlinux/Documents/GitHub/AirflowTuto/venv/lib/python3.10/site-packages/airflow/example_dags/example_dynamic_task_mapping.py
[2024-07-18T19:18:30.422+0200] {processor.py:830} INFO - Processing file /home/richonlinux/Documents/GitHub/AirflowTuto/venv/lib/python3.10/site-packages/airflow/example_dags/example_dynamic_task_mapping.py for tasks to queue
[2024-07-18T19:18:30.423+0200] {logging_mixin.py:188} INFO - [2024-07-18T19:18:30.422+0200] {dagbag.py:545} INFO - Filling up the DagBag from /home/richonlinux/Documents/GitHub/AirflowTuto/venv/lib/python3.10/site-packages/airflow/example_dags/example_dynamic_task_mapping.py
[2024-07-18T19:18:30.427+0200] {processor.py:840} INFO - DAG(s) 'example_dynamic_task_mapping' retrieved from /home/richonlinux/Documents/GitHub/AirflowTuto/venv/lib/python3.10/site-packages/airflow/example_dags/example_dynamic_task_mapping.py
[2024-07-18T19:18:30.435+0200] {logging_mixin.py:188} INFO - [2024-07-18T19:18:30.435+0200] {dag.py:3089} INFO - Sync 1 DAGs
[2024-07-18T19:18:30.446+0200] {logging_mixin.py:188} INFO - [2024-07-18T19:18:30.446+0200] {dag.py:3947} INFO - Setting next_dagrun for example_dynamic_task_mapping to 2022-03-04 00:00:00+00:00, run_after=2022-03-05 00:00:00+00:00
[2024-07-18T19:18:30.459+0200] {processor.py:183} INFO - Processing /home/richonlinux/Documents/GitHub/AirflowTuto/venv/lib/python3.10/site-packages/airflow/example_dags/example_dynamic_task_mapping.py took 0.041 seconds
[2024-07-18T19:19:09.872+0200] {processor.py:161} INFO - Started process (PID=297172) to work on /home/richonlinux/Documents/GitHub/AirflowTuto/venv/lib/python3.10/site-packages/airflow/example_dags/example_dynamic_task_mapping.py
[2024-07-18T19:19:09.875+0200] {processor.py:830} INFO - Processing file /home/richonlinux/Documents/GitHub/AirflowTuto/venv/lib/python3.10/site-packages/airflow/example_dags/example_dynamic_task_mapping.py for tasks to queue
[2024-07-18T19:19:09.877+0200] {logging_mixin.py:188} INFO - [2024-07-18T19:19:09.876+0200] {dagbag.py:545} INFO - Filling up the DagBag from /home/richonlinux/Documents/GitHub/AirflowTuto/venv/lib/python3.10/site-packages/airflow/example_dags/example_dynamic_task_mapping.py
[2024-07-18T19:19:09.881+0200] {processor.py:840} INFO - DAG(s) 'example_dynamic_task_mapping' retrieved from /home/richonlinux/Documents/GitHub/AirflowTuto/venv/lib/python3.10/site-packages/airflow/example_dags/example_dynamic_task_mapping.py
[2024-07-18T19:19:09.890+0200] {logging_mixin.py:188} INFO - [2024-07-18T19:19:09.890+0200] {dag.py:3089} INFO - Sync 1 DAGs
[2024-07-18T19:19:09.902+0200] {logging_mixin.py:188} INFO - [2024-07-18T19:19:09.902+0200] {dag.py:3947} INFO - Setting next_dagrun for example_dynamic_task_mapping to 2022-03-04 00:00:00+00:00, run_after=2022-03-05 00:00:00+00:00
[2024-07-18T19:19:09.915+0200] {processor.py:183} INFO - Processing /home/richonlinux/Documents/GitHub/AirflowTuto/venv/lib/python3.10/site-packages/airflow/example_dags/example_dynamic_task_mapping.py took 0.046 seconds
[2024-07-18T19:19:47.560+0200] {processor.py:161} INFO - Started process (PID=297805) to work on /home/richonlinux/Documents/GitHub/AirflowTuto/venv/lib/python3.10/site-packages/airflow/example_dags/example_dynamic_task_mapping.py
[2024-07-18T19:19:47.561+0200] {processor.py:830} INFO - Processing file /home/richonlinux/Documents/GitHub/AirflowTuto/venv/lib/python3.10/site-packages/airflow/example_dags/example_dynamic_task_mapping.py for tasks to queue
[2024-07-18T19:19:47.562+0200] {logging_mixin.py:188} INFO - [2024-07-18T19:19:47.562+0200] {dagbag.py:545} INFO - Filling up the DagBag from /home/richonlinux/Documents/GitHub/AirflowTuto/venv/lib/python3.10/site-packages/airflow/example_dags/example_dynamic_task_mapping.py
[2024-07-18T19:19:47.566+0200] {processor.py:840} INFO - DAG(s) 'example_dynamic_task_mapping' retrieved from /home/richonlinux/Documents/GitHub/AirflowTuto/venv/lib/python3.10/site-packages/airflow/example_dags/example_dynamic_task_mapping.py
[2024-07-18T19:19:47.577+0200] {logging_mixin.py:188} INFO - [2024-07-18T19:19:47.577+0200] {dag.py:3089} INFO - Sync 1 DAGs
[2024-07-18T19:19:47.590+0200] {logging_mixin.py:188} INFO - [2024-07-18T19:19:47.590+0200] {dag.py:3947} INFO - Setting next_dagrun for example_dynamic_task_mapping to 2022-03-04 00:00:00+00:00, run_after=2022-03-05 00:00:00+00:00
[2024-07-18T19:19:47.604+0200] {processor.py:183} INFO - Processing /home/richonlinux/Documents/GitHub/AirflowTuto/venv/lib/python3.10/site-packages/airflow/example_dags/example_dynamic_task_mapping.py took 0.048 seconds
[2024-07-18T19:20:28.631+0200] {processor.py:161} INFO - Started process (PID=298474) to work on /home/richonlinux/Documents/GitHub/AirflowTuto/venv/lib/python3.10/site-packages/airflow/example_dags/example_dynamic_task_mapping.py
[2024-07-18T19:20:28.632+0200] {processor.py:830} INFO - Processing file /home/richonlinux/Documents/GitHub/AirflowTuto/venv/lib/python3.10/site-packages/airflow/example_dags/example_dynamic_task_mapping.py for tasks to queue
[2024-07-18T19:20:28.633+0200] {logging_mixin.py:188} INFO - [2024-07-18T19:20:28.632+0200] {dagbag.py:545} INFO - Filling up the DagBag from /home/richonlinux/Documents/GitHub/AirflowTuto/venv/lib/python3.10/site-packages/airflow/example_dags/example_dynamic_task_mapping.py
[2024-07-18T19:20:28.638+0200] {processor.py:840} INFO - DAG(s) 'example_dynamic_task_mapping' retrieved from /home/richonlinux/Documents/GitHub/AirflowTuto/venv/lib/python3.10/site-packages/airflow/example_dags/example_dynamic_task_mapping.py
[2024-07-18T19:20:28.649+0200] {logging_mixin.py:188} INFO - [2024-07-18T19:20:28.648+0200] {dag.py:3089} INFO - Sync 1 DAGs
[2024-07-18T19:20:28.661+0200] {logging_mixin.py:188} INFO - [2024-07-18T19:20:28.660+0200] {dag.py:3947} INFO - Setting next_dagrun for example_dynamic_task_mapping to 2022-03-04 00:00:00+00:00, run_after=2022-03-05 00:00:00+00:00
[2024-07-18T19:20:28.676+0200] {processor.py:183} INFO - Processing /home/richonlinux/Documents/GitHub/AirflowTuto/venv/lib/python3.10/site-packages/airflow/example_dags/example_dynamic_task_mapping.py took 0.049 seconds
[2024-07-18T19:21:09.771+0200] {processor.py:161} INFO - Started process (PID=299116) to work on /home/richonlinux/Documents/GitHub/AirflowTuto/venv/lib/python3.10/site-packages/airflow/example_dags/example_dynamic_task_mapping.py
[2024-07-18T19:21:09.772+0200] {processor.py:830} INFO - Processing file /home/richonlinux/Documents/GitHub/AirflowTuto/venv/lib/python3.10/site-packages/airflow/example_dags/example_dynamic_task_mapping.py for tasks to queue
[2024-07-18T19:21:09.773+0200] {logging_mixin.py:188} INFO - [2024-07-18T19:21:09.773+0200] {dagbag.py:545} INFO - Filling up the DagBag from /home/richonlinux/Documents/GitHub/AirflowTuto/venv/lib/python3.10/site-packages/airflow/example_dags/example_dynamic_task_mapping.py
[2024-07-18T19:21:09.777+0200] {processor.py:840} INFO - DAG(s) 'example_dynamic_task_mapping' retrieved from /home/richonlinux/Documents/GitHub/AirflowTuto/venv/lib/python3.10/site-packages/airflow/example_dags/example_dynamic_task_mapping.py
[2024-07-18T19:21:09.785+0200] {logging_mixin.py:188} INFO - [2024-07-18T19:21:09.785+0200] {dag.py:3089} INFO - Sync 1 DAGs
[2024-07-18T19:21:09.795+0200] {logging_mixin.py:188} INFO - [2024-07-18T19:21:09.795+0200] {dag.py:3947} INFO - Setting next_dagrun for example_dynamic_task_mapping to 2022-03-04 00:00:00+00:00, run_after=2022-03-05 00:00:00+00:00
[2024-07-18T19:21:09.811+0200] {processor.py:183} INFO - Processing /home/richonlinux/Documents/GitHub/AirflowTuto/venv/lib/python3.10/site-packages/airflow/example_dags/example_dynamic_task_mapping.py took 0.043 seconds
[2024-07-18T19:21:50.386+0200] {processor.py:161} INFO - Started process (PID=299853) to work on /home/richonlinux/Documents/GitHub/AirflowTuto/venv/lib/python3.10/site-packages/airflow/example_dags/example_dynamic_task_mapping.py
[2024-07-18T19:21:50.389+0200] {processor.py:830} INFO - Processing file /home/richonlinux/Documents/GitHub/AirflowTuto/venv/lib/python3.10/site-packages/airflow/example_dags/example_dynamic_task_mapping.py for tasks to queue
[2024-07-18T19:21:50.390+0200] {logging_mixin.py:188} INFO - [2024-07-18T19:21:50.390+0200] {dagbag.py:545} INFO - Filling up the DagBag from /home/richonlinux/Documents/GitHub/AirflowTuto/venv/lib/python3.10/site-packages/airflow/example_dags/example_dynamic_task_mapping.py
[2024-07-18T19:21:50.395+0200] {processor.py:840} INFO - DAG(s) 'example_dynamic_task_mapping' retrieved from /home/richonlinux/Documents/GitHub/AirflowTuto/venv/lib/python3.10/site-packages/airflow/example_dags/example_dynamic_task_mapping.py
[2024-07-18T19:21:50.403+0200] {logging_mixin.py:188} INFO - [2024-07-18T19:21:50.403+0200] {dag.py:3089} INFO - Sync 1 DAGs
[2024-07-18T19:21:50.414+0200] {logging_mixin.py:188} INFO - [2024-07-18T19:21:50.414+0200] {dag.py:3947} INFO - Setting next_dagrun for example_dynamic_task_mapping to 2022-03-04 00:00:00+00:00, run_after=2022-03-05 00:00:00+00:00
[2024-07-18T19:21:50.427+0200] {processor.py:183} INFO - Processing /home/richonlinux/Documents/GitHub/AirflowTuto/venv/lib/python3.10/site-packages/airflow/example_dags/example_dynamic_task_mapping.py took 0.045 seconds
[2024-07-18T19:22:28.658+0200] {processor.py:161} INFO - Started process (PID=300485) to work on /home/richonlinux/Documents/GitHub/AirflowTuto/venv/lib/python3.10/site-packages/airflow/example_dags/example_dynamic_task_mapping.py
[2024-07-18T19:22:28.659+0200] {processor.py:830} INFO - Processing file /home/richonlinux/Documents/GitHub/AirflowTuto/venv/lib/python3.10/site-packages/airflow/example_dags/example_dynamic_task_mapping.py for tasks to queue
[2024-07-18T19:22:28.660+0200] {logging_mixin.py:188} INFO - [2024-07-18T19:22:28.660+0200] {dagbag.py:545} INFO - Filling up the DagBag from /home/richonlinux/Documents/GitHub/AirflowTuto/venv/lib/python3.10/site-packages/airflow/example_dags/example_dynamic_task_mapping.py
[2024-07-18T19:22:28.664+0200] {processor.py:840} INFO - DAG(s) 'example_dynamic_task_mapping' retrieved from /home/richonlinux/Documents/GitHub/AirflowTuto/venv/lib/python3.10/site-packages/airflow/example_dags/example_dynamic_task_mapping.py
[2024-07-18T19:22:28.672+0200] {logging_mixin.py:188} INFO - [2024-07-18T19:22:28.672+0200] {dag.py:3089} INFO - Sync 1 DAGs
[2024-07-18T19:22:28.682+0200] {logging_mixin.py:188} INFO - [2024-07-18T19:22:28.682+0200] {dag.py:3947} INFO - Setting next_dagrun for example_dynamic_task_mapping to 2022-03-04 00:00:00+00:00, run_after=2022-03-05 00:00:00+00:00
[2024-07-18T19:22:28.694+0200] {processor.py:183} INFO - Processing /home/richonlinux/Documents/GitHub/AirflowTuto/venv/lib/python3.10/site-packages/airflow/example_dags/example_dynamic_task_mapping.py took 0.039 seconds
