[2024-07-18T18:16:07.231+0200] {processor.py:161} INFO - Started process (PID=257677) to work on /home/richonlinux/Documents/GitHub/AirflowTuto/venv/lib/python3.10/site-packages/airflow/example_dags/example_dag_decorator.py
[2024-07-18T18:16:07.231+0200] {processor.py:830} INFO - Processing file /home/richonlinux/Documents/GitHub/AirflowTuto/venv/lib/python3.10/site-packages/airflow/example_dags/example_dag_decorator.py for tasks to queue
[2024-07-18T18:16:07.232+0200] {logging_mixin.py:188} INFO - [2024-07-18T18:16:07.232+0200] {dagbag.py:545} INFO - Filling up the DagBag from /home/richonlinux/Documents/GitHub/AirflowTuto/venv/lib/python3.10/site-packages/airflow/example_dags/example_dag_decorator.py
[2024-07-18T18:16:07.292+0200] {processor.py:840} INFO - DAG(s) 'example_dag_decorator' retrieved from /home/richonlinux/Documents/GitHub/AirflowTuto/venv/lib/python3.10/site-packages/airflow/example_dags/example_dag_decorator.py
[2024-07-18T18:16:07.395+0200] {logging_mixin.py:188} INFO - [2024-07-18T18:16:07.395+0200] {override.py:1858} INFO - Created Permission View: can edit on DAG:example_dag_decorator
[2024-07-18T18:16:07.404+0200] {logging_mixin.py:188} INFO - [2024-07-18T18:16:07.403+0200] {override.py:1858} INFO - Created Permission View: can read on DAG:example_dag_decorator
[2024-07-18T18:16:07.480+0200] {logging_mixin.py:188} INFO - [2024-07-18T18:16:07.480+0200] {override.py:1858} INFO - Created Permission View: can delete on DAG:example_dag_decorator
[2024-07-18T18:16:07.480+0200] {logging_mixin.py:188} INFO - [2024-07-18T18:16:07.480+0200] {dag.py:3089} INFO - Sync 1 DAGs
[2024-07-18T18:16:07.487+0200] {logging_mixin.py:188} INFO - [2024-07-18T18:16:07.487+0200] {dag.py:3111} INFO - Creating ORM DAG for example_dag_decorator
[2024-07-18T18:16:07.487+0200] {logging_mixin.py:188} INFO - [2024-07-18T18:16:07.487+0200] {dag.py:3947} INFO - Setting next_dagrun for example_dag_decorator to None, run_after=None
[2024-07-18T18:16:07.530+0200] {processor.py:183} INFO - Processing /home/richonlinux/Documents/GitHub/AirflowTuto/venv/lib/python3.10/site-packages/airflow/example_dags/example_dag_decorator.py took 0.302 seconds
[2024-07-18T18:17:01.670+0200] {processor.py:161} INFO - Started process (PID=258604) to work on /home/richonlinux/Documents/GitHub/AirflowTuto/venv/lib/python3.10/site-packages/airflow/example_dags/example_dag_decorator.py
[2024-07-18T18:17:01.671+0200] {processor.py:830} INFO - Processing file /home/richonlinux/Documents/GitHub/AirflowTuto/venv/lib/python3.10/site-packages/airflow/example_dags/example_dag_decorator.py for tasks to queue
[2024-07-18T18:17:01.673+0200] {logging_mixin.py:188} INFO - [2024-07-18T18:17:01.672+0200] {dagbag.py:545} INFO - Filling up the DagBag from /home/richonlinux/Documents/GitHub/AirflowTuto/venv/lib/python3.10/site-packages/airflow/example_dags/example_dag_decorator.py
[2024-07-18T18:17:01.716+0200] {processor.py:840} INFO - DAG(s) 'example_dag_decorator' retrieved from /home/richonlinux/Documents/GitHub/AirflowTuto/venv/lib/python3.10/site-packages/airflow/example_dags/example_dag_decorator.py
[2024-07-18T18:17:01.825+0200] {logging_mixin.py:188} INFO - [2024-07-18T18:17:01.825+0200] {dag.py:3089} INFO - Sync 1 DAGs
[2024-07-18T18:17:01.830+0200] {logging_mixin.py:188} INFO - [2024-07-18T18:17:01.830+0200] {dag.py:3947} INFO - Setting next_dagrun for example_dag_decorator to None, run_after=None
[2024-07-18T18:17:01.847+0200] {processor.py:183} INFO - Processing /home/richonlinux/Documents/GitHub/AirflowTuto/venv/lib/python3.10/site-packages/airflow/example_dags/example_dag_decorator.py took 0.184 seconds
[2024-07-18T18:43:49.829+0200] {processor.py:161} INFO - Started process (PID=259702) to work on /home/richonlinux/Documents/GitHub/AirflowTuto/venv/lib/python3.10/site-packages/airflow/example_dags/example_dag_decorator.py
[2024-07-18T18:43:49.833+0200] {processor.py:830} INFO - Processing file /home/richonlinux/Documents/GitHub/AirflowTuto/venv/lib/python3.10/site-packages/airflow/example_dags/example_dag_decorator.py for tasks to queue
[2024-07-18T18:43:49.834+0200] {logging_mixin.py:188} INFO - [2024-07-18T18:43:49.834+0200] {dagbag.py:545} INFO - Filling up the DagBag from /home/richonlinux/Documents/GitHub/AirflowTuto/venv/lib/python3.10/site-packages/airflow/example_dags/example_dag_decorator.py
[2024-07-18T18:43:49.930+0200] {processor.py:840} INFO - DAG(s) 'example_dag_decorator' retrieved from /home/richonlinux/Documents/GitHub/AirflowTuto/venv/lib/python3.10/site-packages/airflow/example_dags/example_dag_decorator.py
[2024-07-18T18:43:49.971+0200] {logging_mixin.py:188} INFO - [2024-07-18T18:43:49.971+0200] {dag.py:3089} INFO - Sync 1 DAGs
[2024-07-18T18:43:49.975+0200] {logging_mixin.py:188} INFO - [2024-07-18T18:43:49.975+0200] {dag.py:3947} INFO - Setting next_dagrun for example_dag_decorator to None, run_after=None
[2024-07-18T18:43:49.986+0200] {processor.py:183} INFO - Processing /home/richonlinux/Documents/GitHub/AirflowTuto/venv/lib/python3.10/site-packages/airflow/example_dags/example_dag_decorator.py took 0.161 seconds
[2024-07-18T18:44:38.322+0200] {processor.py:161} INFO - Started process (PID=260730) to work on /home/richonlinux/Documents/GitHub/AirflowTuto/venv/lib/python3.10/site-packages/airflow/example_dags/example_dag_decorator.py
[2024-07-18T18:44:38.326+0200] {processor.py:830} INFO - Processing file /home/richonlinux/Documents/GitHub/AirflowTuto/venv/lib/python3.10/site-packages/airflow/example_dags/example_dag_decorator.py for tasks to queue
[2024-07-18T18:44:38.327+0200] {logging_mixin.py:188} INFO - [2024-07-18T18:44:38.327+0200] {dagbag.py:545} INFO - Filling up the DagBag from /home/richonlinux/Documents/GitHub/AirflowTuto/venv/lib/python3.10/site-packages/airflow/example_dags/example_dag_decorator.py
[2024-07-18T18:44:38.435+0200] {processor.py:840} INFO - DAG(s) 'example_dag_decorator' retrieved from /home/richonlinux/Documents/GitHub/AirflowTuto/venv/lib/python3.10/site-packages/airflow/example_dags/example_dag_decorator.py
[2024-07-18T18:44:38.488+0200] {logging_mixin.py:188} INFO - [2024-07-18T18:44:38.488+0200] {dag.py:3089} INFO - Sync 1 DAGs
[2024-07-18T18:44:38.495+0200] {logging_mixin.py:188} INFO - [2024-07-18T18:44:38.495+0200] {dag.py:3947} INFO - Setting next_dagrun for example_dag_decorator to None, run_after=None
[2024-07-18T18:44:38.508+0200] {processor.py:183} INFO - Processing /home/richonlinux/Documents/GitHub/AirflowTuto/venv/lib/python3.10/site-packages/airflow/example_dags/example_dag_decorator.py took 0.189 seconds
[2024-07-18T18:45:22.278+0200] {processor.py:161} INFO - Started process (PID=261586) to work on /home/richonlinux/Documents/GitHub/AirflowTuto/venv/lib/python3.10/site-packages/airflow/example_dags/example_dag_decorator.py
[2024-07-18T18:45:22.279+0200] {processor.py:830} INFO - Processing file /home/richonlinux/Documents/GitHub/AirflowTuto/venv/lib/python3.10/site-packages/airflow/example_dags/example_dag_decorator.py for tasks to queue
[2024-07-18T18:45:22.281+0200] {logging_mixin.py:188} INFO - [2024-07-18T18:45:22.281+0200] {dagbag.py:545} INFO - Filling up the DagBag from /home/richonlinux/Documents/GitHub/AirflowTuto/venv/lib/python3.10/site-packages/airflow/example_dags/example_dag_decorator.py
[2024-07-18T18:45:22.323+0200] {processor.py:840} INFO - DAG(s) 'example_dag_decorator' retrieved from /home/richonlinux/Documents/GitHub/AirflowTuto/venv/lib/python3.10/site-packages/airflow/example_dags/example_dag_decorator.py
[2024-07-18T18:45:22.371+0200] {logging_mixin.py:188} INFO - [2024-07-18T18:45:22.371+0200] {dag.py:3089} INFO - Sync 1 DAGs
[2024-07-18T18:45:22.376+0200] {logging_mixin.py:188} INFO - [2024-07-18T18:45:22.376+0200] {dag.py:3947} INFO - Setting next_dagrun for example_dag_decorator to None, run_after=None
[2024-07-18T18:45:22.389+0200] {processor.py:183} INFO - Processing /home/richonlinux/Documents/GitHub/AirflowTuto/venv/lib/python3.10/site-packages/airflow/example_dags/example_dag_decorator.py took 0.119 seconds
[2024-07-18T18:46:00.676+0200] {processor.py:161} INFO - Started process (PID=262509) to work on /home/richonlinux/Documents/GitHub/AirflowTuto/venv/lib/python3.10/site-packages/airflow/example_dags/example_dag_decorator.py
[2024-07-18T18:46:00.678+0200] {processor.py:830} INFO - Processing file /home/richonlinux/Documents/GitHub/AirflowTuto/venv/lib/python3.10/site-packages/airflow/example_dags/example_dag_decorator.py for tasks to queue
[2024-07-18T18:46:00.679+0200] {logging_mixin.py:188} INFO - [2024-07-18T18:46:00.678+0200] {dagbag.py:545} INFO - Filling up the DagBag from /home/richonlinux/Documents/GitHub/AirflowTuto/venv/lib/python3.10/site-packages/airflow/example_dags/example_dag_decorator.py
[2024-07-18T18:46:00.748+0200] {processor.py:840} INFO - DAG(s) 'example_dag_decorator' retrieved from /home/richonlinux/Documents/GitHub/AirflowTuto/venv/lib/python3.10/site-packages/airflow/example_dags/example_dag_decorator.py
[2024-07-18T18:46:00.762+0200] {logging_mixin.py:188} INFO - [2024-07-18T18:46:00.762+0200] {dag.py:3089} INFO - Sync 1 DAGs
[2024-07-18T18:46:00.772+0200] {logging_mixin.py:188} INFO - [2024-07-18T18:46:00.772+0200] {dag.py:3947} INFO - Setting next_dagrun for example_dag_decorator to None, run_after=None
[2024-07-18T18:46:00.799+0200] {processor.py:183} INFO - Processing /home/richonlinux/Documents/GitHub/AirflowTuto/venv/lib/python3.10/site-packages/airflow/example_dags/example_dag_decorator.py took 0.127 seconds
[2024-07-18T18:49:23.265+0200] {processor.py:161} INFO - Started process (PID=265905) to work on /home/richonlinux/Documents/GitHub/AirflowTuto/venv/lib/python3.10/site-packages/airflow/example_dags/example_dag_decorator.py
[2024-07-18T18:49:23.269+0200] {processor.py:830} INFO - Processing file /home/richonlinux/Documents/GitHub/AirflowTuto/venv/lib/python3.10/site-packages/airflow/example_dags/example_dag_decorator.py for tasks to queue
[2024-07-18T18:49:23.271+0200] {logging_mixin.py:188} INFO - [2024-07-18T18:49:23.270+0200] {dagbag.py:545} INFO - Filling up the DagBag from /home/richonlinux/Documents/GitHub/AirflowTuto/venv/lib/python3.10/site-packages/airflow/example_dags/example_dag_decorator.py
[2024-07-18T18:49:23.317+0200] {processor.py:840} INFO - DAG(s) 'example_dag_decorator' retrieved from /home/richonlinux/Documents/GitHub/AirflowTuto/venv/lib/python3.10/site-packages/airflow/example_dags/example_dag_decorator.py
[2024-07-18T18:49:23.320+0200] {logging_mixin.py:188} INFO - [2024-07-18T18:49:23.320+0200] {dag.py:3089} INFO - Sync 1 DAGs
[2024-07-18T18:49:23.326+0200] {logging_mixin.py:188} INFO - [2024-07-18T18:49:23.326+0200] {dag.py:3947} INFO - Setting next_dagrun for example_dag_decorator to None, run_after=None
[2024-07-18T18:49:23.338+0200] {processor.py:183} INFO - Processing /home/richonlinux/Documents/GitHub/AirflowTuto/venv/lib/python3.10/site-packages/airflow/example_dags/example_dag_decorator.py took 0.076 seconds
[2024-07-18T18:51:16.623+0200] {processor.py:161} INFO - Started process (PID=268176) to work on /home/richonlinux/Documents/GitHub/AirflowTuto/venv/lib/python3.10/site-packages/airflow/example_dags/example_dag_decorator.py
[2024-07-18T18:51:16.627+0200] {processor.py:830} INFO - Processing file /home/richonlinux/Documents/GitHub/AirflowTuto/venv/lib/python3.10/site-packages/airflow/example_dags/example_dag_decorator.py for tasks to queue
[2024-07-18T18:51:16.629+0200] {logging_mixin.py:188} INFO - [2024-07-18T18:51:16.629+0200] {dagbag.py:545} INFO - Filling up the DagBag from /home/richonlinux/Documents/GitHub/AirflowTuto/venv/lib/python3.10/site-packages/airflow/example_dags/example_dag_decorator.py
[2024-07-18T18:51:16.675+0200] {processor.py:840} INFO - DAG(s) 'example_dag_decorator' retrieved from /home/richonlinux/Documents/GitHub/AirflowTuto/venv/lib/python3.10/site-packages/airflow/example_dags/example_dag_decorator.py
[2024-07-18T18:51:16.679+0200] {logging_mixin.py:188} INFO - [2024-07-18T18:51:16.679+0200] {dag.py:3089} INFO - Sync 1 DAGs
[2024-07-18T18:51:16.684+0200] {logging_mixin.py:188} INFO - [2024-07-18T18:51:16.684+0200] {dag.py:3947} INFO - Setting next_dagrun for example_dag_decorator to None, run_after=None
[2024-07-18T18:51:16.696+0200] {processor.py:183} INFO - Processing /home/richonlinux/Documents/GitHub/AirflowTuto/venv/lib/python3.10/site-packages/airflow/example_dags/example_dag_decorator.py took 0.077 seconds
[2024-07-18T18:52:04.876+0200] {processor.py:161} INFO - Started process (PID=268977) to work on /home/richonlinux/Documents/GitHub/AirflowTuto/venv/lib/python3.10/site-packages/airflow/example_dags/example_dag_decorator.py
[2024-07-18T18:52:04.877+0200] {processor.py:830} INFO - Processing file /home/richonlinux/Documents/GitHub/AirflowTuto/venv/lib/python3.10/site-packages/airflow/example_dags/example_dag_decorator.py for tasks to queue
[2024-07-18T18:52:04.878+0200] {logging_mixin.py:188} INFO - [2024-07-18T18:52:04.878+0200] {dagbag.py:545} INFO - Filling up the DagBag from /home/richonlinux/Documents/GitHub/AirflowTuto/venv/lib/python3.10/site-packages/airflow/example_dags/example_dag_decorator.py
[2024-07-18T18:52:04.919+0200] {processor.py:840} INFO - DAG(s) 'example_dag_decorator' retrieved from /home/richonlinux/Documents/GitHub/AirflowTuto/venv/lib/python3.10/site-packages/airflow/example_dags/example_dag_decorator.py
[2024-07-18T18:52:05.020+0200] {logging_mixin.py:188} INFO - [2024-07-18T18:52:05.020+0200] {dag.py:3089} INFO - Sync 1 DAGs
[2024-07-18T18:52:05.025+0200] {logging_mixin.py:188} INFO - [2024-07-18T18:52:05.025+0200] {dag.py:3947} INFO - Setting next_dagrun for example_dag_decorator to None, run_after=None
[2024-07-18T18:52:05.037+0200] {processor.py:183} INFO - Processing /home/richonlinux/Documents/GitHub/AirflowTuto/venv/lib/python3.10/site-packages/airflow/example_dags/example_dag_decorator.py took 0.163 seconds
[2024-07-18T18:52:48.456+0200] {processor.py:161} INFO - Started process (PID=270041) to work on /home/richonlinux/Documents/GitHub/AirflowTuto/venv/lib/python3.10/site-packages/airflow/example_dags/example_dag_decorator.py
[2024-07-18T18:52:48.457+0200] {processor.py:830} INFO - Processing file /home/richonlinux/Documents/GitHub/AirflowTuto/venv/lib/python3.10/site-packages/airflow/example_dags/example_dag_decorator.py for tasks to queue
[2024-07-18T18:52:48.458+0200] {logging_mixin.py:188} INFO - [2024-07-18T18:52:48.458+0200] {dagbag.py:545} INFO - Filling up the DagBag from /home/richonlinux/Documents/GitHub/AirflowTuto/venv/lib/python3.10/site-packages/airflow/example_dags/example_dag_decorator.py
[2024-07-18T18:52:48.565+0200] {processor.py:840} INFO - DAG(s) 'example_dag_decorator' retrieved from /home/richonlinux/Documents/GitHub/AirflowTuto/venv/lib/python3.10/site-packages/airflow/example_dags/example_dag_decorator.py
[2024-07-18T18:52:48.611+0200] {logging_mixin.py:188} INFO - [2024-07-18T18:52:48.611+0200] {dag.py:3089} INFO - Sync 1 DAGs
[2024-07-18T18:52:48.617+0200] {logging_mixin.py:188} INFO - [2024-07-18T18:52:48.616+0200] {dag.py:3947} INFO - Setting next_dagrun for example_dag_decorator to None, run_after=None
[2024-07-18T18:52:48.632+0200] {processor.py:183} INFO - Processing /home/richonlinux/Documents/GitHub/AirflowTuto/venv/lib/python3.10/site-packages/airflow/example_dags/example_dag_decorator.py took 0.180 seconds
[2024-07-18T18:53:33.851+0200] {processor.py:161} INFO - Started process (PID=271335) to work on /home/richonlinux/Documents/GitHub/AirflowTuto/venv/lib/python3.10/site-packages/airflow/example_dags/example_dag_decorator.py
[2024-07-18T18:53:33.852+0200] {processor.py:830} INFO - Processing file /home/richonlinux/Documents/GitHub/AirflowTuto/venv/lib/python3.10/site-packages/airflow/example_dags/example_dag_decorator.py for tasks to queue
[2024-07-18T18:53:33.853+0200] {logging_mixin.py:188} INFO - [2024-07-18T18:53:33.853+0200] {dagbag.py:545} INFO - Filling up the DagBag from /home/richonlinux/Documents/GitHub/AirflowTuto/venv/lib/python3.10/site-packages/airflow/example_dags/example_dag_decorator.py
[2024-07-18T18:53:33.977+0200] {processor.py:840} INFO - DAG(s) 'example_dag_decorator' retrieved from /home/richonlinux/Documents/GitHub/AirflowTuto/venv/lib/python3.10/site-packages/airflow/example_dags/example_dag_decorator.py
[2024-07-18T18:53:34.030+0200] {logging_mixin.py:188} INFO - [2024-07-18T18:53:34.030+0200] {dag.py:3089} INFO - Sync 1 DAGs
[2024-07-18T18:53:34.035+0200] {logging_mixin.py:188} INFO - [2024-07-18T18:53:34.035+0200] {dag.py:3947} INFO - Setting next_dagrun for example_dag_decorator to None, run_after=None
[2024-07-18T18:53:34.051+0200] {processor.py:183} INFO - Processing /home/richonlinux/Documents/GitHub/AirflowTuto/venv/lib/python3.10/site-packages/airflow/example_dags/example_dag_decorator.py took 0.204 seconds
[2024-07-18T18:54:18.536+0200] {processor.py:161} INFO - Started process (PID=272122) to work on /home/richonlinux/Documents/GitHub/AirflowTuto/venv/lib/python3.10/site-packages/airflow/example_dags/example_dag_decorator.py
[2024-07-18T18:54:18.540+0200] {processor.py:830} INFO - Processing file /home/richonlinux/Documents/GitHub/AirflowTuto/venv/lib/python3.10/site-packages/airflow/example_dags/example_dag_decorator.py for tasks to queue
[2024-07-18T18:54:18.541+0200] {logging_mixin.py:188} INFO - [2024-07-18T18:54:18.541+0200] {dagbag.py:545} INFO - Filling up the DagBag from /home/richonlinux/Documents/GitHub/AirflowTuto/venv/lib/python3.10/site-packages/airflow/example_dags/example_dag_decorator.py
[2024-07-18T18:54:18.581+0200] {processor.py:840} INFO - DAG(s) 'example_dag_decorator' retrieved from /home/richonlinux/Documents/GitHub/AirflowTuto/venv/lib/python3.10/site-packages/airflow/example_dags/example_dag_decorator.py
[2024-07-18T18:54:18.626+0200] {logging_mixin.py:188} INFO - [2024-07-18T18:54:18.626+0200] {dag.py:3089} INFO - Sync 1 DAGs
[2024-07-18T18:54:18.631+0200] {logging_mixin.py:188} INFO - [2024-07-18T18:54:18.631+0200] {dag.py:3947} INFO - Setting next_dagrun for example_dag_decorator to None, run_after=None
[2024-07-18T18:54:18.644+0200] {processor.py:183} INFO - Processing /home/richonlinux/Documents/GitHub/AirflowTuto/venv/lib/python3.10/site-packages/airflow/example_dags/example_dag_decorator.py took 0.112 seconds
[2024-07-18T18:55:01.448+0200] {processor.py:161} INFO - Started process (PID=272767) to work on /home/richonlinux/Documents/GitHub/AirflowTuto/venv/lib/python3.10/site-packages/airflow/example_dags/example_dag_decorator.py
[2024-07-18T18:55:01.449+0200] {processor.py:830} INFO - Processing file /home/richonlinux/Documents/GitHub/AirflowTuto/venv/lib/python3.10/site-packages/airflow/example_dags/example_dag_decorator.py for tasks to queue
[2024-07-18T18:55:01.450+0200] {logging_mixin.py:188} INFO - [2024-07-18T18:55:01.450+0200] {dagbag.py:545} INFO - Filling up the DagBag from /home/richonlinux/Documents/GitHub/AirflowTuto/venv/lib/python3.10/site-packages/airflow/example_dags/example_dag_decorator.py
[2024-07-18T18:55:01.493+0200] {processor.py:840} INFO - DAG(s) 'example_dag_decorator' retrieved from /home/richonlinux/Documents/GitHub/AirflowTuto/venv/lib/python3.10/site-packages/airflow/example_dags/example_dag_decorator.py
[2024-07-18T18:55:01.502+0200] {logging_mixin.py:188} INFO - [2024-07-18T18:55:01.502+0200] {dag.py:3089} INFO - Sync 1 DAGs
[2024-07-18T18:55:01.508+0200] {logging_mixin.py:188} INFO - [2024-07-18T18:55:01.508+0200] {dag.py:3947} INFO - Setting next_dagrun for example_dag_decorator to None, run_after=None
[2024-07-18T18:55:01.520+0200] {processor.py:183} INFO - Processing /home/richonlinux/Documents/GitHub/AirflowTuto/venv/lib/python3.10/site-packages/airflow/example_dags/example_dag_decorator.py took 0.082 seconds
[2024-07-18T18:55:37.192+0200] {processor.py:161} INFO - Started process (PID=273361) to work on /home/richonlinux/Documents/GitHub/AirflowTuto/venv/lib/python3.10/site-packages/airflow/example_dags/example_dag_decorator.py
[2024-07-18T18:55:37.194+0200] {processor.py:830} INFO - Processing file /home/richonlinux/Documents/GitHub/AirflowTuto/venv/lib/python3.10/site-packages/airflow/example_dags/example_dag_decorator.py for tasks to queue
[2024-07-18T18:55:37.196+0200] {logging_mixin.py:188} INFO - [2024-07-18T18:55:37.195+0200] {dagbag.py:545} INFO - Filling up the DagBag from /home/richonlinux/Documents/GitHub/AirflowTuto/venv/lib/python3.10/site-packages/airflow/example_dags/example_dag_decorator.py
[2024-07-18T18:55:37.237+0200] {processor.py:840} INFO - DAG(s) 'example_dag_decorator' retrieved from /home/richonlinux/Documents/GitHub/AirflowTuto/venv/lib/python3.10/site-packages/airflow/example_dags/example_dag_decorator.py
[2024-07-18T18:55:37.283+0200] {logging_mixin.py:188} INFO - [2024-07-18T18:55:37.283+0200] {dag.py:3089} INFO - Sync 1 DAGs
[2024-07-18T18:55:37.287+0200] {logging_mixin.py:188} INFO - [2024-07-18T18:55:37.287+0200] {dag.py:3947} INFO - Setting next_dagrun for example_dag_decorator to None, run_after=None
[2024-07-18T18:55:37.303+0200] {processor.py:183} INFO - Processing /home/richonlinux/Documents/GitHub/AirflowTuto/venv/lib/python3.10/site-packages/airflow/example_dags/example_dag_decorator.py took 0.123 seconds
[2024-07-18T18:56:15.903+0200] {processor.py:161} INFO - Started process (PID=273999) to work on /home/richonlinux/Documents/GitHub/AirflowTuto/venv/lib/python3.10/site-packages/airflow/example_dags/example_dag_decorator.py
[2024-07-18T18:56:15.904+0200] {processor.py:830} INFO - Processing file /home/richonlinux/Documents/GitHub/AirflowTuto/venv/lib/python3.10/site-packages/airflow/example_dags/example_dag_decorator.py for tasks to queue
[2024-07-18T18:56:15.905+0200] {logging_mixin.py:188} INFO - [2024-07-18T18:56:15.905+0200] {dagbag.py:545} INFO - Filling up the DagBag from /home/richonlinux/Documents/GitHub/AirflowTuto/venv/lib/python3.10/site-packages/airflow/example_dags/example_dag_decorator.py
[2024-07-18T18:56:15.948+0200] {processor.py:840} INFO - DAG(s) 'example_dag_decorator' retrieved from /home/richonlinux/Documents/GitHub/AirflowTuto/venv/lib/python3.10/site-packages/airflow/example_dags/example_dag_decorator.py
[2024-07-18T18:56:15.993+0200] {logging_mixin.py:188} INFO - [2024-07-18T18:56:15.993+0200] {dag.py:3089} INFO - Sync 1 DAGs
[2024-07-18T18:56:15.998+0200] {logging_mixin.py:188} INFO - [2024-07-18T18:56:15.998+0200] {dag.py:3947} INFO - Setting next_dagrun for example_dag_decorator to None, run_after=None
[2024-07-18T18:56:16.010+0200] {processor.py:183} INFO - Processing /home/richonlinux/Documents/GitHub/AirflowTuto/venv/lib/python3.10/site-packages/airflow/example_dags/example_dag_decorator.py took 0.115 seconds
[2024-07-18T18:56:54.856+0200] {processor.py:161} INFO - Started process (PID=274704) to work on /home/richonlinux/Documents/GitHub/AirflowTuto/venv/lib/python3.10/site-packages/airflow/example_dags/example_dag_decorator.py
[2024-07-18T18:56:54.857+0200] {processor.py:830} INFO - Processing file /home/richonlinux/Documents/GitHub/AirflowTuto/venv/lib/python3.10/site-packages/airflow/example_dags/example_dag_decorator.py for tasks to queue
[2024-07-18T18:56:54.859+0200] {logging_mixin.py:188} INFO - [2024-07-18T18:56:54.858+0200] {dagbag.py:545} INFO - Filling up the DagBag from /home/richonlinux/Documents/GitHub/AirflowTuto/venv/lib/python3.10/site-packages/airflow/example_dags/example_dag_decorator.py
[2024-07-18T18:56:54.908+0200] {processor.py:840} INFO - DAG(s) 'example_dag_decorator' retrieved from /home/richonlinux/Documents/GitHub/AirflowTuto/venv/lib/python3.10/site-packages/airflow/example_dags/example_dag_decorator.py
[2024-07-18T18:56:54.954+0200] {logging_mixin.py:188} INFO - [2024-07-18T18:56:54.953+0200] {dag.py:3089} INFO - Sync 1 DAGs
[2024-07-18T18:56:54.958+0200] {logging_mixin.py:188} INFO - [2024-07-18T18:56:54.958+0200] {dag.py:3947} INFO - Setting next_dagrun for example_dag_decorator to None, run_after=None
[2024-07-18T18:56:54.970+0200] {processor.py:183} INFO - Processing /home/richonlinux/Documents/GitHub/AirflowTuto/venv/lib/python3.10/site-packages/airflow/example_dags/example_dag_decorator.py took 0.122 seconds
[2024-07-18T18:57:33.976+0200] {processor.py:161} INFO - Started process (PID=275357) to work on /home/richonlinux/Documents/GitHub/AirflowTuto/venv/lib/python3.10/site-packages/airflow/example_dags/example_dag_decorator.py
[2024-07-18T18:57:33.977+0200] {processor.py:830} INFO - Processing file /home/richonlinux/Documents/GitHub/AirflowTuto/venv/lib/python3.10/site-packages/airflow/example_dags/example_dag_decorator.py for tasks to queue
[2024-07-18T18:57:33.978+0200] {logging_mixin.py:188} INFO - [2024-07-18T18:57:33.978+0200] {dagbag.py:545} INFO - Filling up the DagBag from /home/richonlinux/Documents/GitHub/AirflowTuto/venv/lib/python3.10/site-packages/airflow/example_dags/example_dag_decorator.py
[2024-07-18T18:57:34.024+0200] {processor.py:840} INFO - DAG(s) 'example_dag_decorator' retrieved from /home/richonlinux/Documents/GitHub/AirflowTuto/venv/lib/python3.10/site-packages/airflow/example_dags/example_dag_decorator.py
[2024-07-18T18:57:34.073+0200] {logging_mixin.py:188} INFO - [2024-07-18T18:57:34.073+0200] {dag.py:3089} INFO - Sync 1 DAGs
[2024-07-18T18:57:34.078+0200] {logging_mixin.py:188} INFO - [2024-07-18T18:57:34.078+0200] {dag.py:3947} INFO - Setting next_dagrun for example_dag_decorator to None, run_after=None
[2024-07-18T18:57:34.091+0200] {processor.py:183} INFO - Processing /home/richonlinux/Documents/GitHub/AirflowTuto/venv/lib/python3.10/site-packages/airflow/example_dags/example_dag_decorator.py took 0.119 seconds
[2024-07-18T18:58:14.431+0200] {processor.py:161} INFO - Started process (PID=275953) to work on /home/richonlinux/Documents/GitHub/AirflowTuto/venv/lib/python3.10/site-packages/airflow/example_dags/example_dag_decorator.py
[2024-07-18T18:58:14.436+0200] {processor.py:830} INFO - Processing file /home/richonlinux/Documents/GitHub/AirflowTuto/venv/lib/python3.10/site-packages/airflow/example_dags/example_dag_decorator.py for tasks to queue
[2024-07-18T18:58:14.437+0200] {logging_mixin.py:188} INFO - [2024-07-18T18:58:14.437+0200] {dagbag.py:545} INFO - Filling up the DagBag from /home/richonlinux/Documents/GitHub/AirflowTuto/venv/lib/python3.10/site-packages/airflow/example_dags/example_dag_decorator.py
[2024-07-18T18:58:14.481+0200] {processor.py:840} INFO - DAG(s) 'example_dag_decorator' retrieved from /home/richonlinux/Documents/GitHub/AirflowTuto/venv/lib/python3.10/site-packages/airflow/example_dags/example_dag_decorator.py
[2024-07-18T18:58:14.491+0200] {logging_mixin.py:188} INFO - [2024-07-18T18:58:14.491+0200] {dag.py:3089} INFO - Sync 1 DAGs
[2024-07-18T18:58:14.497+0200] {logging_mixin.py:188} INFO - [2024-07-18T18:58:14.497+0200] {dag.py:3947} INFO - Setting next_dagrun for example_dag_decorator to None, run_after=None
[2024-07-18T18:58:14.508+0200] {processor.py:183} INFO - Processing /home/richonlinux/Documents/GitHub/AirflowTuto/venv/lib/python3.10/site-packages/airflow/example_dags/example_dag_decorator.py took 0.086 seconds
[2024-07-18T18:58:54.381+0200] {processor.py:161} INFO - Started process (PID=276598) to work on /home/richonlinux/Documents/GitHub/AirflowTuto/venv/lib/python3.10/site-packages/airflow/example_dags/example_dag_decorator.py
[2024-07-18T18:58:54.382+0200] {processor.py:830} INFO - Processing file /home/richonlinux/Documents/GitHub/AirflowTuto/venv/lib/python3.10/site-packages/airflow/example_dags/example_dag_decorator.py for tasks to queue
[2024-07-18T18:58:54.384+0200] {logging_mixin.py:188} INFO - [2024-07-18T18:58:54.384+0200] {dagbag.py:545} INFO - Filling up the DagBag from /home/richonlinux/Documents/GitHub/AirflowTuto/venv/lib/python3.10/site-packages/airflow/example_dags/example_dag_decorator.py
[2024-07-18T18:58:54.428+0200] {processor.py:840} INFO - DAG(s) 'example_dag_decorator' retrieved from /home/richonlinux/Documents/GitHub/AirflowTuto/venv/lib/python3.10/site-packages/airflow/example_dags/example_dag_decorator.py
[2024-07-18T18:58:54.438+0200] {logging_mixin.py:188} INFO - [2024-07-18T18:58:54.438+0200] {dag.py:3089} INFO - Sync 1 DAGs
[2024-07-18T18:58:54.444+0200] {logging_mixin.py:188} INFO - [2024-07-18T18:58:54.444+0200] {dag.py:3947} INFO - Setting next_dagrun for example_dag_decorator to None, run_after=None
[2024-07-18T18:58:54.457+0200] {processor.py:183} INFO - Processing /home/richonlinux/Documents/GitHub/AirflowTuto/venv/lib/python3.10/site-packages/airflow/example_dags/example_dag_decorator.py took 0.085 seconds
[2024-07-18T18:59:34.353+0200] {processor.py:161} INFO - Started process (PID=277417) to work on /home/richonlinux/Documents/GitHub/AirflowTuto/venv/lib/python3.10/site-packages/airflow/example_dags/example_dag_decorator.py
[2024-07-18T18:59:34.353+0200] {processor.py:830} INFO - Processing file /home/richonlinux/Documents/GitHub/AirflowTuto/venv/lib/python3.10/site-packages/airflow/example_dags/example_dag_decorator.py for tasks to queue
[2024-07-18T18:59:34.354+0200] {logging_mixin.py:188} INFO - [2024-07-18T18:59:34.354+0200] {dagbag.py:545} INFO - Filling up the DagBag from /home/richonlinux/Documents/GitHub/AirflowTuto/venv/lib/python3.10/site-packages/airflow/example_dags/example_dag_decorator.py
[2024-07-18T18:59:34.397+0200] {processor.py:840} INFO - DAG(s) 'example_dag_decorator' retrieved from /home/richonlinux/Documents/GitHub/AirflowTuto/venv/lib/python3.10/site-packages/airflow/example_dags/example_dag_decorator.py
[2024-07-18T18:59:34.450+0200] {logging_mixin.py:188} INFO - [2024-07-18T18:59:34.450+0200] {dag.py:3089} INFO - Sync 1 DAGs
[2024-07-18T18:59:34.456+0200] {logging_mixin.py:188} INFO - [2024-07-18T18:59:34.456+0200] {dag.py:3947} INFO - Setting next_dagrun for example_dag_decorator to None, run_after=None
[2024-07-18T18:59:34.470+0200] {processor.py:183} INFO - Processing /home/richonlinux/Documents/GitHub/AirflowTuto/venv/lib/python3.10/site-packages/airflow/example_dags/example_dag_decorator.py took 0.121 seconds
[2024-07-18T19:00:15.702+0200] {processor.py:161} INFO - Started process (PID=278132) to work on /home/richonlinux/Documents/GitHub/AirflowTuto/venv/lib/python3.10/site-packages/airflow/example_dags/example_dag_decorator.py
[2024-07-18T19:00:15.707+0200] {processor.py:830} INFO - Processing file /home/richonlinux/Documents/GitHub/AirflowTuto/venv/lib/python3.10/site-packages/airflow/example_dags/example_dag_decorator.py for tasks to queue
[2024-07-18T19:00:15.708+0200] {logging_mixin.py:188} INFO - [2024-07-18T19:00:15.708+0200] {dagbag.py:545} INFO - Filling up the DagBag from /home/richonlinux/Documents/GitHub/AirflowTuto/venv/lib/python3.10/site-packages/airflow/example_dags/example_dag_decorator.py
[2024-07-18T19:00:15.749+0200] {processor.py:840} INFO - DAG(s) 'example_dag_decorator' retrieved from /home/richonlinux/Documents/GitHub/AirflowTuto/venv/lib/python3.10/site-packages/airflow/example_dags/example_dag_decorator.py
[2024-07-18T19:00:15.794+0200] {logging_mixin.py:188} INFO - [2024-07-18T19:00:15.794+0200] {dag.py:3089} INFO - Sync 1 DAGs
[2024-07-18T19:00:15.799+0200] {logging_mixin.py:188} INFO - [2024-07-18T19:00:15.799+0200] {dag.py:3947} INFO - Setting next_dagrun for example_dag_decorator to None, run_after=None
[2024-07-18T19:00:15.811+0200] {processor.py:183} INFO - Processing /home/richonlinux/Documents/GitHub/AirflowTuto/venv/lib/python3.10/site-packages/airflow/example_dags/example_dag_decorator.py took 0.117 seconds
[2024-07-18T19:00:59.220+0200] {processor.py:161} INFO - Started process (PID=279020) to work on /home/richonlinux/Documents/GitHub/AirflowTuto/venv/lib/python3.10/site-packages/airflow/example_dags/example_dag_decorator.py
[2024-07-18T19:00:59.224+0200] {processor.py:830} INFO - Processing file /home/richonlinux/Documents/GitHub/AirflowTuto/venv/lib/python3.10/site-packages/airflow/example_dags/example_dag_decorator.py for tasks to queue
[2024-07-18T19:00:59.226+0200] {logging_mixin.py:188} INFO - [2024-07-18T19:00:59.225+0200] {dagbag.py:545} INFO - Filling up the DagBag from /home/richonlinux/Documents/GitHub/AirflowTuto/venv/lib/python3.10/site-packages/airflow/example_dags/example_dag_decorator.py
[2024-07-18T19:00:59.269+0200] {processor.py:840} INFO - DAG(s) 'example_dag_decorator' retrieved from /home/richonlinux/Documents/GitHub/AirflowTuto/venv/lib/python3.10/site-packages/airflow/example_dags/example_dag_decorator.py
[2024-07-18T19:00:59.280+0200] {logging_mixin.py:188} INFO - [2024-07-18T19:00:59.280+0200] {dag.py:3089} INFO - Sync 1 DAGs
[2024-07-18T19:00:59.287+0200] {logging_mixin.py:188} INFO - [2024-07-18T19:00:59.286+0200] {dag.py:3947} INFO - Setting next_dagrun for example_dag_decorator to None, run_after=None
[2024-07-18T19:00:59.300+0200] {processor.py:183} INFO - Processing /home/richonlinux/Documents/GitHub/AirflowTuto/venv/lib/python3.10/site-packages/airflow/example_dags/example_dag_decorator.py took 0.089 seconds
[2024-07-18T19:01:37.210+0200] {processor.py:161} INFO - Started process (PID=279830) to work on /home/richonlinux/Documents/GitHub/AirflowTuto/venv/lib/python3.10/site-packages/airflow/example_dags/example_dag_decorator.py
[2024-07-18T19:01:37.214+0200] {processor.py:830} INFO - Processing file /home/richonlinux/Documents/GitHub/AirflowTuto/venv/lib/python3.10/site-packages/airflow/example_dags/example_dag_decorator.py for tasks to queue
[2024-07-18T19:01:37.216+0200] {logging_mixin.py:188} INFO - [2024-07-18T19:01:37.216+0200] {dagbag.py:545} INFO - Filling up the DagBag from /home/richonlinux/Documents/GitHub/AirflowTuto/venv/lib/python3.10/site-packages/airflow/example_dags/example_dag_decorator.py
[2024-07-18T19:01:37.259+0200] {processor.py:840} INFO - DAG(s) 'example_dag_decorator' retrieved from /home/richonlinux/Documents/GitHub/AirflowTuto/venv/lib/python3.10/site-packages/airflow/example_dags/example_dag_decorator.py
[2024-07-18T19:01:37.268+0200] {logging_mixin.py:188} INFO - [2024-07-18T19:01:37.268+0200] {dag.py:3089} INFO - Sync 1 DAGs
[2024-07-18T19:01:37.274+0200] {logging_mixin.py:188} INFO - [2024-07-18T19:01:37.274+0200] {dag.py:3947} INFO - Setting next_dagrun for example_dag_decorator to None, run_after=None
[2024-07-18T19:01:37.285+0200] {processor.py:183} INFO - Processing /home/richonlinux/Documents/GitHub/AirflowTuto/venv/lib/python3.10/site-packages/airflow/example_dags/example_dag_decorator.py took 0.082 seconds
[2024-07-18T19:02:15.207+0200] {processor.py:161} INFO - Started process (PID=280464) to work on /home/richonlinux/Documents/GitHub/AirflowTuto/venv/lib/python3.10/site-packages/airflow/example_dags/example_dag_decorator.py
[2024-07-18T19:02:15.208+0200] {processor.py:830} INFO - Processing file /home/richonlinux/Documents/GitHub/AirflowTuto/venv/lib/python3.10/site-packages/airflow/example_dags/example_dag_decorator.py for tasks to queue
[2024-07-18T19:02:15.210+0200] {logging_mixin.py:188} INFO - [2024-07-18T19:02:15.210+0200] {dagbag.py:545} INFO - Filling up the DagBag from /home/richonlinux/Documents/GitHub/AirflowTuto/venv/lib/python3.10/site-packages/airflow/example_dags/example_dag_decorator.py
[2024-07-18T19:02:15.258+0200] {processor.py:840} INFO - DAG(s) 'example_dag_decorator' retrieved from /home/richonlinux/Documents/GitHub/AirflowTuto/venv/lib/python3.10/site-packages/airflow/example_dags/example_dag_decorator.py
[2024-07-18T19:02:15.269+0200] {logging_mixin.py:188} INFO - [2024-07-18T19:02:15.268+0200] {dag.py:3089} INFO - Sync 1 DAGs
[2024-07-18T19:02:15.274+0200] {logging_mixin.py:188} INFO - [2024-07-18T19:02:15.274+0200] {dag.py:3947} INFO - Setting next_dagrun for example_dag_decorator to None, run_after=None
[2024-07-18T19:02:15.286+0200] {processor.py:183} INFO - Processing /home/richonlinux/Documents/GitHub/AirflowTuto/venv/lib/python3.10/site-packages/airflow/example_dags/example_dag_decorator.py took 0.084 seconds
[2024-07-18T19:02:54.075+0200] {processor.py:161} INFO - Started process (PID=281101) to work on /home/richonlinux/Documents/GitHub/AirflowTuto/venv/lib/python3.10/site-packages/airflow/example_dags/example_dag_decorator.py
[2024-07-18T19:02:54.077+0200] {processor.py:830} INFO - Processing file /home/richonlinux/Documents/GitHub/AirflowTuto/venv/lib/python3.10/site-packages/airflow/example_dags/example_dag_decorator.py for tasks to queue
[2024-07-18T19:02:54.078+0200] {logging_mixin.py:188} INFO - [2024-07-18T19:02:54.078+0200] {dagbag.py:545} INFO - Filling up the DagBag from /home/richonlinux/Documents/GitHub/AirflowTuto/venv/lib/python3.10/site-packages/airflow/example_dags/example_dag_decorator.py
[2024-07-18T19:02:54.121+0200] {processor.py:840} INFO - DAG(s) 'example_dag_decorator' retrieved from /home/richonlinux/Documents/GitHub/AirflowTuto/venv/lib/python3.10/site-packages/airflow/example_dags/example_dag_decorator.py
[2024-07-18T19:02:54.132+0200] {logging_mixin.py:188} INFO - [2024-07-18T19:02:54.131+0200] {dag.py:3089} INFO - Sync 1 DAGs
[2024-07-18T19:02:54.138+0200] {logging_mixin.py:188} INFO - [2024-07-18T19:02:54.138+0200] {dag.py:3947} INFO - Setting next_dagrun for example_dag_decorator to None, run_after=None
[2024-07-18T19:02:54.152+0200] {processor.py:183} INFO - Processing /home/richonlinux/Documents/GitHub/AirflowTuto/venv/lib/python3.10/site-packages/airflow/example_dags/example_dag_decorator.py took 0.083 seconds
[2024-07-18T19:03:36.110+0200] {processor.py:161} INFO - Started process (PID=281792) to work on /home/richonlinux/Documents/GitHub/AirflowTuto/venv/lib/python3.10/site-packages/airflow/example_dags/example_dag_decorator.py
[2024-07-18T19:03:36.115+0200] {processor.py:830} INFO - Processing file /home/richonlinux/Documents/GitHub/AirflowTuto/venv/lib/python3.10/site-packages/airflow/example_dags/example_dag_decorator.py for tasks to queue
[2024-07-18T19:03:36.117+0200] {logging_mixin.py:188} INFO - [2024-07-18T19:03:36.116+0200] {dagbag.py:545} INFO - Filling up the DagBag from /home/richonlinux/Documents/GitHub/AirflowTuto/venv/lib/python3.10/site-packages/airflow/example_dags/example_dag_decorator.py
[2024-07-18T19:03:36.160+0200] {processor.py:840} INFO - DAG(s) 'example_dag_decorator' retrieved from /home/richonlinux/Documents/GitHub/AirflowTuto/venv/lib/python3.10/site-packages/airflow/example_dags/example_dag_decorator.py
[2024-07-18T19:03:36.210+0200] {logging_mixin.py:188} INFO - [2024-07-18T19:03:36.210+0200] {dag.py:3089} INFO - Sync 1 DAGs
[2024-07-18T19:03:36.215+0200] {logging_mixin.py:188} INFO - [2024-07-18T19:03:36.215+0200] {dag.py:3947} INFO - Setting next_dagrun for example_dag_decorator to None, run_after=None
[2024-07-18T19:03:36.227+0200] {processor.py:183} INFO - Processing /home/richonlinux/Documents/GitHub/AirflowTuto/venv/lib/python3.10/site-packages/airflow/example_dags/example_dag_decorator.py took 0.125 seconds
[2024-07-18T19:04:15.908+0200] {processor.py:161} INFO - Started process (PID=282418) to work on /home/richonlinux/Documents/GitHub/AirflowTuto/venv/lib/python3.10/site-packages/airflow/example_dags/example_dag_decorator.py
[2024-07-18T19:04:15.909+0200] {processor.py:830} INFO - Processing file /home/richonlinux/Documents/GitHub/AirflowTuto/venv/lib/python3.10/site-packages/airflow/example_dags/example_dag_decorator.py for tasks to queue
[2024-07-18T19:04:15.911+0200] {logging_mixin.py:188} INFO - [2024-07-18T19:04:15.910+0200] {dagbag.py:545} INFO - Filling up the DagBag from /home/richonlinux/Documents/GitHub/AirflowTuto/venv/lib/python3.10/site-packages/airflow/example_dags/example_dag_decorator.py
[2024-07-18T19:04:15.957+0200] {processor.py:840} INFO - DAG(s) 'example_dag_decorator' retrieved from /home/richonlinux/Documents/GitHub/AirflowTuto/venv/lib/python3.10/site-packages/airflow/example_dags/example_dag_decorator.py
[2024-07-18T19:04:15.967+0200] {logging_mixin.py:188} INFO - [2024-07-18T19:04:15.967+0200] {dag.py:3089} INFO - Sync 1 DAGs
[2024-07-18T19:04:15.973+0200] {logging_mixin.py:188} INFO - [2024-07-18T19:04:15.973+0200] {dag.py:3947} INFO - Setting next_dagrun for example_dag_decorator to None, run_after=None
[2024-07-18T19:04:15.985+0200] {processor.py:183} INFO - Processing /home/richonlinux/Documents/GitHub/AirflowTuto/venv/lib/python3.10/site-packages/airflow/example_dags/example_dag_decorator.py took 0.086 seconds
[2024-07-18T19:04:53.427+0200] {processor.py:161} INFO - Started process (PID=283025) to work on /home/richonlinux/Documents/GitHub/AirflowTuto/venv/lib/python3.10/site-packages/airflow/example_dags/example_dag_decorator.py
[2024-07-18T19:04:53.431+0200] {processor.py:830} INFO - Processing file /home/richonlinux/Documents/GitHub/AirflowTuto/venv/lib/python3.10/site-packages/airflow/example_dags/example_dag_decorator.py for tasks to queue
[2024-07-18T19:04:53.434+0200] {logging_mixin.py:188} INFO - [2024-07-18T19:04:53.433+0200] {dagbag.py:545} INFO - Filling up the DagBag from /home/richonlinux/Documents/GitHub/AirflowTuto/venv/lib/python3.10/site-packages/airflow/example_dags/example_dag_decorator.py
[2024-07-18T19:04:53.478+0200] {processor.py:840} INFO - DAG(s) 'example_dag_decorator' retrieved from /home/richonlinux/Documents/GitHub/AirflowTuto/venv/lib/python3.10/site-packages/airflow/example_dags/example_dag_decorator.py
[2024-07-18T19:04:53.487+0200] {logging_mixin.py:188} INFO - [2024-07-18T19:04:53.487+0200] {dag.py:3089} INFO - Sync 1 DAGs
[2024-07-18T19:04:53.493+0200] {logging_mixin.py:188} INFO - [2024-07-18T19:04:53.493+0200] {dag.py:3947} INFO - Setting next_dagrun for example_dag_decorator to None, run_after=None
[2024-07-18T19:04:53.506+0200] {processor.py:183} INFO - Processing /home/richonlinux/Documents/GitHub/AirflowTuto/venv/lib/python3.10/site-packages/airflow/example_dags/example_dag_decorator.py took 0.088 seconds
[2024-07-18T19:05:33.949+0200] {processor.py:161} INFO - Started process (PID=283813) to work on /home/richonlinux/Documents/GitHub/AirflowTuto/venv/lib/python3.10/site-packages/airflow/example_dags/example_dag_decorator.py
[2024-07-18T19:05:33.953+0200] {processor.py:830} INFO - Processing file /home/richonlinux/Documents/GitHub/AirflowTuto/venv/lib/python3.10/site-packages/airflow/example_dags/example_dag_decorator.py for tasks to queue
[2024-07-18T19:05:33.955+0200] {logging_mixin.py:188} INFO - [2024-07-18T19:05:33.955+0200] {dagbag.py:545} INFO - Filling up the DagBag from /home/richonlinux/Documents/GitHub/AirflowTuto/venv/lib/python3.10/site-packages/airflow/example_dags/example_dag_decorator.py
[2024-07-18T19:05:34.003+0200] {processor.py:840} INFO - DAG(s) 'example_dag_decorator' retrieved from /home/richonlinux/Documents/GitHub/AirflowTuto/venv/lib/python3.10/site-packages/airflow/example_dags/example_dag_decorator.py
[2024-07-18T19:05:34.014+0200] {logging_mixin.py:188} INFO - [2024-07-18T19:05:34.014+0200] {dag.py:3089} INFO - Sync 1 DAGs
[2024-07-18T19:05:34.020+0200] {logging_mixin.py:188} INFO - [2024-07-18T19:05:34.020+0200] {dag.py:3947} INFO - Setting next_dagrun for example_dag_decorator to None, run_after=None
[2024-07-18T19:05:34.034+0200] {processor.py:183} INFO - Processing /home/richonlinux/Documents/GitHub/AirflowTuto/venv/lib/python3.10/site-packages/airflow/example_dags/example_dag_decorator.py took 0.093 seconds
[2024-07-18T19:06:10.535+0200] {processor.py:161} INFO - Started process (PID=284420) to work on /home/richonlinux/Documents/GitHub/AirflowTuto/venv/lib/python3.10/site-packages/airflow/example_dags/example_dag_decorator.py
[2024-07-18T19:06:10.536+0200] {processor.py:830} INFO - Processing file /home/richonlinux/Documents/GitHub/AirflowTuto/venv/lib/python3.10/site-packages/airflow/example_dags/example_dag_decorator.py for tasks to queue
[2024-07-18T19:06:10.537+0200] {logging_mixin.py:188} INFO - [2024-07-18T19:06:10.537+0200] {dagbag.py:545} INFO - Filling up the DagBag from /home/richonlinux/Documents/GitHub/AirflowTuto/venv/lib/python3.10/site-packages/airflow/example_dags/example_dag_decorator.py
[2024-07-18T19:06:10.581+0200] {processor.py:840} INFO - DAG(s) 'example_dag_decorator' retrieved from /home/richonlinux/Documents/GitHub/AirflowTuto/venv/lib/python3.10/site-packages/airflow/example_dags/example_dag_decorator.py
[2024-07-18T19:06:10.590+0200] {logging_mixin.py:188} INFO - [2024-07-18T19:06:10.590+0200] {dag.py:3089} INFO - Sync 1 DAGs
[2024-07-18T19:06:10.598+0200] {logging_mixin.py:188} INFO - [2024-07-18T19:06:10.597+0200] {dag.py:3947} INFO - Setting next_dagrun for example_dag_decorator to None, run_after=None
[2024-07-18T19:06:10.609+0200] {processor.py:183} INFO - Processing /home/richonlinux/Documents/GitHub/AirflowTuto/venv/lib/python3.10/site-packages/airflow/example_dags/example_dag_decorator.py took 0.078 seconds
[2024-07-18T19:06:50.331+0200] {processor.py:161} INFO - Started process (PID=285123) to work on /home/richonlinux/Documents/GitHub/AirflowTuto/venv/lib/python3.10/site-packages/airflow/example_dags/example_dag_decorator.py
[2024-07-18T19:06:50.332+0200] {processor.py:830} INFO - Processing file /home/richonlinux/Documents/GitHub/AirflowTuto/venv/lib/python3.10/site-packages/airflow/example_dags/example_dag_decorator.py for tasks to queue
[2024-07-18T19:06:50.333+0200] {logging_mixin.py:188} INFO - [2024-07-18T19:06:50.333+0200] {dagbag.py:545} INFO - Filling up the DagBag from /home/richonlinux/Documents/GitHub/AirflowTuto/venv/lib/python3.10/site-packages/airflow/example_dags/example_dag_decorator.py
[2024-07-18T19:06:50.386+0200] {processor.py:840} INFO - DAG(s) 'example_dag_decorator' retrieved from /home/richonlinux/Documents/GitHub/AirflowTuto/venv/lib/python3.10/site-packages/airflow/example_dags/example_dag_decorator.py
[2024-07-18T19:06:50.443+0200] {logging_mixin.py:188} INFO - [2024-07-18T19:06:50.443+0200] {dag.py:3089} INFO - Sync 1 DAGs
[2024-07-18T19:06:50.450+0200] {logging_mixin.py:188} INFO - [2024-07-18T19:06:50.449+0200] {dag.py:3947} INFO - Setting next_dagrun for example_dag_decorator to None, run_after=None
[2024-07-18T19:06:50.466+0200] {processor.py:183} INFO - Processing /home/richonlinux/Documents/GitHub/AirflowTuto/venv/lib/python3.10/site-packages/airflow/example_dags/example_dag_decorator.py took 0.138 seconds
[2024-07-18T19:07:30.863+0200] {processor.py:161} INFO - Started process (PID=285788) to work on /home/richonlinux/Documents/GitHub/AirflowTuto/venv/lib/python3.10/site-packages/airflow/example_dags/example_dag_decorator.py
[2024-07-18T19:07:30.864+0200] {processor.py:830} INFO - Processing file /home/richonlinux/Documents/GitHub/AirflowTuto/venv/lib/python3.10/site-packages/airflow/example_dags/example_dag_decorator.py for tasks to queue
[2024-07-18T19:07:30.866+0200] {logging_mixin.py:188} INFO - [2024-07-18T19:07:30.866+0200] {dagbag.py:545} INFO - Filling up the DagBag from /home/richonlinux/Documents/GitHub/AirflowTuto/venv/lib/python3.10/site-packages/airflow/example_dags/example_dag_decorator.py
[2024-07-18T19:07:30.908+0200] {processor.py:840} INFO - DAG(s) 'example_dag_decorator' retrieved from /home/richonlinux/Documents/GitHub/AirflowTuto/venv/lib/python3.10/site-packages/airflow/example_dags/example_dag_decorator.py
[2024-07-18T19:07:30.957+0200] {logging_mixin.py:188} INFO - [2024-07-18T19:07:30.957+0200] {dag.py:3089} INFO - Sync 1 DAGs
[2024-07-18T19:07:30.961+0200] {logging_mixin.py:188} INFO - [2024-07-18T19:07:30.961+0200] {dag.py:3947} INFO - Setting next_dagrun for example_dag_decorator to None, run_after=None
[2024-07-18T19:07:30.973+0200] {processor.py:183} INFO - Processing /home/richonlinux/Documents/GitHub/AirflowTuto/venv/lib/python3.10/site-packages/airflow/example_dags/example_dag_decorator.py took 0.119 seconds
[2024-07-18T19:08:08.758+0200] {processor.py:161} INFO - Started process (PID=286355) to work on /home/richonlinux/Documents/GitHub/AirflowTuto/venv/lib/python3.10/site-packages/airflow/example_dags/example_dag_decorator.py
[2024-07-18T19:08:08.759+0200] {processor.py:830} INFO - Processing file /home/richonlinux/Documents/GitHub/AirflowTuto/venv/lib/python3.10/site-packages/airflow/example_dags/example_dag_decorator.py for tasks to queue
[2024-07-18T19:08:08.760+0200] {logging_mixin.py:188} INFO - [2024-07-18T19:08:08.759+0200] {dagbag.py:545} INFO - Filling up the DagBag from /home/richonlinux/Documents/GitHub/AirflowTuto/venv/lib/python3.10/site-packages/airflow/example_dags/example_dag_decorator.py
[2024-07-18T19:08:08.802+0200] {processor.py:840} INFO - DAG(s) 'example_dag_decorator' retrieved from /home/richonlinux/Documents/GitHub/AirflowTuto/venv/lib/python3.10/site-packages/airflow/example_dags/example_dag_decorator.py
[2024-07-18T19:08:08.852+0200] {logging_mixin.py:188} INFO - [2024-07-18T19:08:08.852+0200] {dag.py:3089} INFO - Sync 1 DAGs
[2024-07-18T19:08:08.858+0200] {logging_mixin.py:188} INFO - [2024-07-18T19:08:08.858+0200] {dag.py:3947} INFO - Setting next_dagrun for example_dag_decorator to None, run_after=None
[2024-07-18T19:08:08.871+0200] {processor.py:183} INFO - Processing /home/richonlinux/Documents/GitHub/AirflowTuto/venv/lib/python3.10/site-packages/airflow/example_dags/example_dag_decorator.py took 0.117 seconds
[2024-07-18T19:08:48.464+0200] {processor.py:161} INFO - Started process (PID=287060) to work on /home/richonlinux/Documents/GitHub/AirflowTuto/venv/lib/python3.10/site-packages/airflow/example_dags/example_dag_decorator.py
[2024-07-18T19:08:48.468+0200] {processor.py:830} INFO - Processing file /home/richonlinux/Documents/GitHub/AirflowTuto/venv/lib/python3.10/site-packages/airflow/example_dags/example_dag_decorator.py for tasks to queue
[2024-07-18T19:08:48.469+0200] {logging_mixin.py:188} INFO - [2024-07-18T19:08:48.469+0200] {dagbag.py:545} INFO - Filling up the DagBag from /home/richonlinux/Documents/GitHub/AirflowTuto/venv/lib/python3.10/site-packages/airflow/example_dags/example_dag_decorator.py
[2024-07-18T19:08:48.516+0200] {processor.py:840} INFO - DAG(s) 'example_dag_decorator' retrieved from /home/richonlinux/Documents/GitHub/AirflowTuto/venv/lib/python3.10/site-packages/airflow/example_dags/example_dag_decorator.py
[2024-07-18T19:08:48.526+0200] {logging_mixin.py:188} INFO - [2024-07-18T19:08:48.526+0200] {dag.py:3089} INFO - Sync 1 DAGs
[2024-07-18T19:08:48.533+0200] {logging_mixin.py:188} INFO - [2024-07-18T19:08:48.533+0200] {dag.py:3947} INFO - Setting next_dagrun for example_dag_decorator to None, run_after=None
[2024-07-18T19:08:48.546+0200] {processor.py:183} INFO - Processing /home/richonlinux/Documents/GitHub/AirflowTuto/venv/lib/python3.10/site-packages/airflow/example_dags/example_dag_decorator.py took 0.086 seconds
[2024-07-18T19:09:27.785+0200] {processor.py:161} INFO - Started process (PID=287713) to work on /home/richonlinux/Documents/GitHub/AirflowTuto/venv/lib/python3.10/site-packages/airflow/example_dags/example_dag_decorator.py
[2024-07-18T19:09:27.786+0200] {processor.py:830} INFO - Processing file /home/richonlinux/Documents/GitHub/AirflowTuto/venv/lib/python3.10/site-packages/airflow/example_dags/example_dag_decorator.py for tasks to queue
[2024-07-18T19:09:27.787+0200] {logging_mixin.py:188} INFO - [2024-07-18T19:09:27.787+0200] {dagbag.py:545} INFO - Filling up the DagBag from /home/richonlinux/Documents/GitHub/AirflowTuto/venv/lib/python3.10/site-packages/airflow/example_dags/example_dag_decorator.py
[2024-07-18T19:09:27.834+0200] {processor.py:840} INFO - DAG(s) 'example_dag_decorator' retrieved from /home/richonlinux/Documents/GitHub/AirflowTuto/venv/lib/python3.10/site-packages/airflow/example_dags/example_dag_decorator.py
[2024-07-18T19:09:27.846+0200] {logging_mixin.py:188} INFO - [2024-07-18T19:09:27.845+0200] {dag.py:3089} INFO - Sync 1 DAGs
[2024-07-18T19:09:27.853+0200] {logging_mixin.py:188} INFO - [2024-07-18T19:09:27.853+0200] {dag.py:3947} INFO - Setting next_dagrun for example_dag_decorator to None, run_after=None
[2024-07-18T19:09:27.867+0200] {processor.py:183} INFO - Processing /home/richonlinux/Documents/GitHub/AirflowTuto/venv/lib/python3.10/site-packages/airflow/example_dags/example_dag_decorator.py took 0.087 seconds
[2024-07-18T19:10:06.608+0200] {processor.py:161} INFO - Started process (PID=288299) to work on /home/richonlinux/Documents/GitHub/AirflowTuto/venv/lib/python3.10/site-packages/airflow/example_dags/example_dag_decorator.py
[2024-07-18T19:10:06.608+0200] {processor.py:830} INFO - Processing file /home/richonlinux/Documents/GitHub/AirflowTuto/venv/lib/python3.10/site-packages/airflow/example_dags/example_dag_decorator.py for tasks to queue
[2024-07-18T19:10:06.609+0200] {logging_mixin.py:188} INFO - [2024-07-18T19:10:06.609+0200] {dagbag.py:545} INFO - Filling up the DagBag from /home/richonlinux/Documents/GitHub/AirflowTuto/venv/lib/python3.10/site-packages/airflow/example_dags/example_dag_decorator.py
[2024-07-18T19:10:06.659+0200] {processor.py:840} INFO - DAG(s) 'example_dag_decorator' retrieved from /home/richonlinux/Documents/GitHub/AirflowTuto/venv/lib/python3.10/site-packages/airflow/example_dags/example_dag_decorator.py
[2024-07-18T19:10:06.671+0200] {logging_mixin.py:188} INFO - [2024-07-18T19:10:06.671+0200] {dag.py:3089} INFO - Sync 1 DAGs
[2024-07-18T19:10:06.678+0200] {logging_mixin.py:188} INFO - [2024-07-18T19:10:06.678+0200] {dag.py:3947} INFO - Setting next_dagrun for example_dag_decorator to None, run_after=None
[2024-07-18T19:10:06.691+0200] {processor.py:183} INFO - Processing /home/richonlinux/Documents/GitHub/AirflowTuto/venv/lib/python3.10/site-packages/airflow/example_dags/example_dag_decorator.py took 0.088 seconds
[2024-07-18T19:10:42.248+0200] {processor.py:161} INFO - Started process (PID=288912) to work on /home/richonlinux/Documents/GitHub/AirflowTuto/venv/lib/python3.10/site-packages/airflow/example_dags/example_dag_decorator.py
[2024-07-18T19:10:42.249+0200] {processor.py:830} INFO - Processing file /home/richonlinux/Documents/GitHub/AirflowTuto/venv/lib/python3.10/site-packages/airflow/example_dags/example_dag_decorator.py for tasks to queue
[2024-07-18T19:10:42.250+0200] {logging_mixin.py:188} INFO - [2024-07-18T19:10:42.250+0200] {dagbag.py:545} INFO - Filling up the DagBag from /home/richonlinux/Documents/GitHub/AirflowTuto/venv/lib/python3.10/site-packages/airflow/example_dags/example_dag_decorator.py
[2024-07-18T19:10:42.298+0200] {processor.py:840} INFO - DAG(s) 'example_dag_decorator' retrieved from /home/richonlinux/Documents/GitHub/AirflowTuto/venv/lib/python3.10/site-packages/airflow/example_dags/example_dag_decorator.py
[2024-07-18T19:10:42.351+0200] {logging_mixin.py:188} INFO - [2024-07-18T19:10:42.351+0200] {dag.py:3089} INFO - Sync 1 DAGs
[2024-07-18T19:10:42.356+0200] {logging_mixin.py:188} INFO - [2024-07-18T19:10:42.356+0200] {dag.py:3947} INFO - Setting next_dagrun for example_dag_decorator to None, run_after=None
[2024-07-18T19:10:42.373+0200] {processor.py:183} INFO - Processing /home/richonlinux/Documents/GitHub/AirflowTuto/venv/lib/python3.10/site-packages/airflow/example_dags/example_dag_decorator.py took 0.127 seconds
[2024-07-18T19:11:18.539+0200] {processor.py:161} INFO - Started process (PID=289538) to work on /home/richonlinux/Documents/GitHub/AirflowTuto/venv/lib/python3.10/site-packages/airflow/example_dags/example_dag_decorator.py
[2024-07-18T19:11:18.540+0200] {processor.py:830} INFO - Processing file /home/richonlinux/Documents/GitHub/AirflowTuto/venv/lib/python3.10/site-packages/airflow/example_dags/example_dag_decorator.py for tasks to queue
[2024-07-18T19:11:18.541+0200] {logging_mixin.py:188} INFO - [2024-07-18T19:11:18.540+0200] {dagbag.py:545} INFO - Filling up the DagBag from /home/richonlinux/Documents/GitHub/AirflowTuto/venv/lib/python3.10/site-packages/airflow/example_dags/example_dag_decorator.py
[2024-07-18T19:11:18.589+0200] {processor.py:840} INFO - DAG(s) 'example_dag_decorator' retrieved from /home/richonlinux/Documents/GitHub/AirflowTuto/venv/lib/python3.10/site-packages/airflow/example_dags/example_dag_decorator.py
[2024-07-18T19:11:18.643+0200] {logging_mixin.py:188} INFO - [2024-07-18T19:11:18.643+0200] {dag.py:3089} INFO - Sync 1 DAGs
[2024-07-18T19:11:18.649+0200] {logging_mixin.py:188} INFO - [2024-07-18T19:11:18.649+0200] {dag.py:3947} INFO - Setting next_dagrun for example_dag_decorator to None, run_after=None
[2024-07-18T19:11:18.664+0200] {processor.py:183} INFO - Processing /home/richonlinux/Documents/GitHub/AirflowTuto/venv/lib/python3.10/site-packages/airflow/example_dags/example_dag_decorator.py took 0.129 seconds
[2024-07-18T19:11:56.667+0200] {processor.py:161} INFO - Started process (PID=290172) to work on /home/richonlinux/Documents/GitHub/AirflowTuto/venv/lib/python3.10/site-packages/airflow/example_dags/example_dag_decorator.py
[2024-07-18T19:11:56.668+0200] {processor.py:830} INFO - Processing file /home/richonlinux/Documents/GitHub/AirflowTuto/venv/lib/python3.10/site-packages/airflow/example_dags/example_dag_decorator.py for tasks to queue
[2024-07-18T19:11:56.669+0200] {logging_mixin.py:188} INFO - [2024-07-18T19:11:56.668+0200] {dagbag.py:545} INFO - Filling up the DagBag from /home/richonlinux/Documents/GitHub/AirflowTuto/venv/lib/python3.10/site-packages/airflow/example_dags/example_dag_decorator.py
[2024-07-18T19:11:56.731+0200] {processor.py:840} INFO - DAG(s) 'example_dag_decorator' retrieved from /home/richonlinux/Documents/GitHub/AirflowTuto/venv/lib/python3.10/site-packages/airflow/example_dags/example_dag_decorator.py
[2024-07-18T19:11:56.782+0200] {logging_mixin.py:188} INFO - [2024-07-18T19:11:56.782+0200] {dag.py:3089} INFO - Sync 1 DAGs
[2024-07-18T19:11:56.787+0200] {logging_mixin.py:188} INFO - [2024-07-18T19:11:56.787+0200] {dag.py:3947} INFO - Setting next_dagrun for example_dag_decorator to None, run_after=None
[2024-07-18T19:11:56.803+0200] {processor.py:183} INFO - Processing /home/richonlinux/Documents/GitHub/AirflowTuto/venv/lib/python3.10/site-packages/airflow/example_dags/example_dag_decorator.py took 0.140 seconds
[2024-07-18T19:12:34.679+0200] {processor.py:161} INFO - Started process (PID=290799) to work on /home/richonlinux/Documents/GitHub/AirflowTuto/venv/lib/python3.10/site-packages/airflow/example_dags/example_dag_decorator.py
[2024-07-18T19:12:34.680+0200] {processor.py:830} INFO - Processing file /home/richonlinux/Documents/GitHub/AirflowTuto/venv/lib/python3.10/site-packages/airflow/example_dags/example_dag_decorator.py for tasks to queue
[2024-07-18T19:12:34.682+0200] {logging_mixin.py:188} INFO - [2024-07-18T19:12:34.682+0200] {dagbag.py:545} INFO - Filling up the DagBag from /home/richonlinux/Documents/GitHub/AirflowTuto/venv/lib/python3.10/site-packages/airflow/example_dags/example_dag_decorator.py
[2024-07-18T19:12:34.734+0200] {processor.py:840} INFO - DAG(s) 'example_dag_decorator' retrieved from /home/richonlinux/Documents/GitHub/AirflowTuto/venv/lib/python3.10/site-packages/airflow/example_dags/example_dag_decorator.py
[2024-07-18T19:12:34.786+0200] {logging_mixin.py:188} INFO - [2024-07-18T19:12:34.786+0200] {dag.py:3089} INFO - Sync 1 DAGs
[2024-07-18T19:12:34.791+0200] {logging_mixin.py:188} INFO - [2024-07-18T19:12:34.790+0200] {dag.py:3947} INFO - Setting next_dagrun for example_dag_decorator to None, run_after=None
[2024-07-18T19:12:34.805+0200] {processor.py:183} INFO - Processing /home/richonlinux/Documents/GitHub/AirflowTuto/venv/lib/python3.10/site-packages/airflow/example_dags/example_dag_decorator.py took 0.132 seconds
[2024-07-18T19:13:12.991+0200] {processor.py:161} INFO - Started process (PID=291379) to work on /home/richonlinux/Documents/GitHub/AirflowTuto/venv/lib/python3.10/site-packages/airflow/example_dags/example_dag_decorator.py
[2024-07-18T19:13:12.995+0200] {processor.py:830} INFO - Processing file /home/richonlinux/Documents/GitHub/AirflowTuto/venv/lib/python3.10/site-packages/airflow/example_dags/example_dag_decorator.py for tasks to queue
[2024-07-18T19:13:12.997+0200] {logging_mixin.py:188} INFO - [2024-07-18T19:13:12.997+0200] {dagbag.py:545} INFO - Filling up the DagBag from /home/richonlinux/Documents/GitHub/AirflowTuto/venv/lib/python3.10/site-packages/airflow/example_dags/example_dag_decorator.py
[2024-07-18T19:13:13.041+0200] {processor.py:840} INFO - DAG(s) 'example_dag_decorator' retrieved from /home/richonlinux/Documents/GitHub/AirflowTuto/venv/lib/python3.10/site-packages/airflow/example_dags/example_dag_decorator.py
[2024-07-18T19:13:13.088+0200] {logging_mixin.py:188} INFO - [2024-07-18T19:13:13.088+0200] {dag.py:3089} INFO - Sync 1 DAGs
[2024-07-18T19:13:13.094+0200] {logging_mixin.py:188} INFO - [2024-07-18T19:13:13.094+0200] {dag.py:3947} INFO - Setting next_dagrun for example_dag_decorator to None, run_after=None
[2024-07-18T19:13:13.109+0200] {processor.py:183} INFO - Processing /home/richonlinux/Documents/GitHub/AirflowTuto/venv/lib/python3.10/site-packages/airflow/example_dags/example_dag_decorator.py took 0.126 seconds
[2024-07-18T19:13:52.906+0200] {processor.py:161} INFO - Started process (PID=292034) to work on /home/richonlinux/Documents/GitHub/AirflowTuto/venv/lib/python3.10/site-packages/airflow/example_dags/example_dag_decorator.py
[2024-07-18T19:13:52.907+0200] {processor.py:830} INFO - Processing file /home/richonlinux/Documents/GitHub/AirflowTuto/venv/lib/python3.10/site-packages/airflow/example_dags/example_dag_decorator.py for tasks to queue
[2024-07-18T19:13:52.908+0200] {logging_mixin.py:188} INFO - [2024-07-18T19:13:52.908+0200] {dagbag.py:545} INFO - Filling up the DagBag from /home/richonlinux/Documents/GitHub/AirflowTuto/venv/lib/python3.10/site-packages/airflow/example_dags/example_dag_decorator.py
[2024-07-18T19:13:52.956+0200] {processor.py:840} INFO - DAG(s) 'example_dag_decorator' retrieved from /home/richonlinux/Documents/GitHub/AirflowTuto/venv/lib/python3.10/site-packages/airflow/example_dags/example_dag_decorator.py
[2024-07-18T19:13:53.024+0200] {logging_mixin.py:188} INFO - [2024-07-18T19:13:53.024+0200] {dag.py:3089} INFO - Sync 1 DAGs
[2024-07-18T19:13:53.030+0200] {logging_mixin.py:188} INFO - [2024-07-18T19:13:53.030+0200] {dag.py:3947} INFO - Setting next_dagrun for example_dag_decorator to None, run_after=None
[2024-07-18T19:13:53.046+0200] {processor.py:183} INFO - Processing /home/richonlinux/Documents/GitHub/AirflowTuto/venv/lib/python3.10/site-packages/airflow/example_dags/example_dag_decorator.py took 0.145 seconds
[2024-07-18T19:14:32.399+0200] {processor.py:161} INFO - Started process (PID=292680) to work on /home/richonlinux/Documents/GitHub/AirflowTuto/venv/lib/python3.10/site-packages/airflow/example_dags/example_dag_decorator.py
[2024-07-18T19:14:32.403+0200] {processor.py:830} INFO - Processing file /home/richonlinux/Documents/GitHub/AirflowTuto/venv/lib/python3.10/site-packages/airflow/example_dags/example_dag_decorator.py for tasks to queue
[2024-07-18T19:14:32.404+0200] {logging_mixin.py:188} INFO - [2024-07-18T19:14:32.404+0200] {dagbag.py:545} INFO - Filling up the DagBag from /home/richonlinux/Documents/GitHub/AirflowTuto/venv/lib/python3.10/site-packages/airflow/example_dags/example_dag_decorator.py
[2024-07-18T19:14:32.454+0200] {processor.py:840} INFO - DAG(s) 'example_dag_decorator' retrieved from /home/richonlinux/Documents/GitHub/AirflowTuto/venv/lib/python3.10/site-packages/airflow/example_dags/example_dag_decorator.py
[2024-07-18T19:14:32.509+0200] {logging_mixin.py:188} INFO - [2024-07-18T19:14:32.508+0200] {dag.py:3089} INFO - Sync 1 DAGs
[2024-07-18T19:14:32.514+0200] {logging_mixin.py:188} INFO - [2024-07-18T19:14:32.514+0200] {dag.py:3947} INFO - Setting next_dagrun for example_dag_decorator to None, run_after=None
[2024-07-18T19:14:32.532+0200] {processor.py:183} INFO - Processing /home/richonlinux/Documents/GitHub/AirflowTuto/venv/lib/python3.10/site-packages/airflow/example_dags/example_dag_decorator.py took 0.140 seconds
[2024-07-18T19:15:12.397+0200] {processor.py:161} INFO - Started process (PID=293277) to work on /home/richonlinux/Documents/GitHub/AirflowTuto/venv/lib/python3.10/site-packages/airflow/example_dags/example_dag_decorator.py
[2024-07-18T19:15:12.397+0200] {processor.py:830} INFO - Processing file /home/richonlinux/Documents/GitHub/AirflowTuto/venv/lib/python3.10/site-packages/airflow/example_dags/example_dag_decorator.py for tasks to queue
[2024-07-18T19:15:12.398+0200] {logging_mixin.py:188} INFO - [2024-07-18T19:15:12.398+0200] {dagbag.py:545} INFO - Filling up the DagBag from /home/richonlinux/Documents/GitHub/AirflowTuto/venv/lib/python3.10/site-packages/airflow/example_dags/example_dag_decorator.py
[2024-07-18T19:15:12.446+0200] {processor.py:840} INFO - DAG(s) 'example_dag_decorator' retrieved from /home/richonlinux/Documents/GitHub/AirflowTuto/venv/lib/python3.10/site-packages/airflow/example_dags/example_dag_decorator.py
[2024-07-18T19:15:12.501+0200] {logging_mixin.py:188} INFO - [2024-07-18T19:15:12.501+0200] {dag.py:3089} INFO - Sync 1 DAGs
[2024-07-18T19:15:12.507+0200] {logging_mixin.py:188} INFO - [2024-07-18T19:15:12.507+0200] {dag.py:3947} INFO - Setting next_dagrun for example_dag_decorator to None, run_after=None
[2024-07-18T19:15:12.522+0200] {processor.py:183} INFO - Processing /home/richonlinux/Documents/GitHub/AirflowTuto/venv/lib/python3.10/site-packages/airflow/example_dags/example_dag_decorator.py took 0.130 seconds
[2024-07-18T19:15:53.804+0200] {processor.py:161} INFO - Started process (PID=293941) to work on /home/richonlinux/Documents/GitHub/AirflowTuto/venv/lib/python3.10/site-packages/airflow/example_dags/example_dag_decorator.py
[2024-07-18T19:15:53.808+0200] {processor.py:830} INFO - Processing file /home/richonlinux/Documents/GitHub/AirflowTuto/venv/lib/python3.10/site-packages/airflow/example_dags/example_dag_decorator.py for tasks to queue
[2024-07-18T19:15:53.809+0200] {logging_mixin.py:188} INFO - [2024-07-18T19:15:53.809+0200] {dagbag.py:545} INFO - Filling up the DagBag from /home/richonlinux/Documents/GitHub/AirflowTuto/venv/lib/python3.10/site-packages/airflow/example_dags/example_dag_decorator.py
[2024-07-18T19:15:53.855+0200] {processor.py:840} INFO - DAG(s) 'example_dag_decorator' retrieved from /home/richonlinux/Documents/GitHub/AirflowTuto/venv/lib/python3.10/site-packages/airflow/example_dags/example_dag_decorator.py
[2024-07-18T19:15:53.911+0200] {logging_mixin.py:188} INFO - [2024-07-18T19:15:53.911+0200] {dag.py:3089} INFO - Sync 1 DAGs
[2024-07-18T19:15:53.917+0200] {logging_mixin.py:188} INFO - [2024-07-18T19:15:53.917+0200] {dag.py:3947} INFO - Setting next_dagrun for example_dag_decorator to None, run_after=None
[2024-07-18T19:15:53.933+0200] {processor.py:183} INFO - Processing /home/richonlinux/Documents/GitHub/AirflowTuto/venv/lib/python3.10/site-packages/airflow/example_dags/example_dag_decorator.py took 0.132 seconds
[2024-07-18T19:16:30.292+0200] {processor.py:161} INFO - Started process (PID=294603) to work on /home/richonlinux/Documents/GitHub/AirflowTuto/venv/lib/python3.10/site-packages/airflow/example_dags/example_dag_decorator.py
[2024-07-18T19:16:30.296+0200] {processor.py:830} INFO - Processing file /home/richonlinux/Documents/GitHub/AirflowTuto/venv/lib/python3.10/site-packages/airflow/example_dags/example_dag_decorator.py for tasks to queue
[2024-07-18T19:16:30.297+0200] {logging_mixin.py:188} INFO - [2024-07-18T19:16:30.297+0200] {dagbag.py:545} INFO - Filling up the DagBag from /home/richonlinux/Documents/GitHub/AirflowTuto/venv/lib/python3.10/site-packages/airflow/example_dags/example_dag_decorator.py
[2024-07-18T19:16:30.343+0200] {processor.py:840} INFO - DAG(s) 'example_dag_decorator' retrieved from /home/richonlinux/Documents/GitHub/AirflowTuto/venv/lib/python3.10/site-packages/airflow/example_dags/example_dag_decorator.py
[2024-07-18T19:16:30.400+0200] {logging_mixin.py:188} INFO - [2024-07-18T19:16:30.400+0200] {dag.py:3089} INFO - Sync 1 DAGs
[2024-07-18T19:16:30.405+0200] {logging_mixin.py:188} INFO - [2024-07-18T19:16:30.405+0200] {dag.py:3947} INFO - Setting next_dagrun for example_dag_decorator to None, run_after=None
[2024-07-18T19:16:30.419+0200] {processor.py:183} INFO - Processing /home/richonlinux/Documents/GitHub/AirflowTuto/venv/lib/python3.10/site-packages/airflow/example_dags/example_dag_decorator.py took 0.130 seconds
[2024-07-18T19:17:08.198+0200] {processor.py:161} INFO - Started process (PID=295184) to work on /home/richonlinux/Documents/GitHub/AirflowTuto/venv/lib/python3.10/site-packages/airflow/example_dags/example_dag_decorator.py
[2024-07-18T19:17:08.199+0200] {processor.py:830} INFO - Processing file /home/richonlinux/Documents/GitHub/AirflowTuto/venv/lib/python3.10/site-packages/airflow/example_dags/example_dag_decorator.py for tasks to queue
[2024-07-18T19:17:08.200+0200] {logging_mixin.py:188} INFO - [2024-07-18T19:17:08.200+0200] {dagbag.py:545} INFO - Filling up the DagBag from /home/richonlinux/Documents/GitHub/AirflowTuto/venv/lib/python3.10/site-packages/airflow/example_dags/example_dag_decorator.py
[2024-07-18T19:17:08.246+0200] {processor.py:840} INFO - DAG(s) 'example_dag_decorator' retrieved from /home/richonlinux/Documents/GitHub/AirflowTuto/venv/lib/python3.10/site-packages/airflow/example_dags/example_dag_decorator.py
[2024-07-18T19:17:08.315+0200] {logging_mixin.py:188} INFO - [2024-07-18T19:17:08.315+0200] {dag.py:3089} INFO - Sync 1 DAGs
[2024-07-18T19:17:08.321+0200] {logging_mixin.py:188} INFO - [2024-07-18T19:17:08.320+0200] {dag.py:3947} INFO - Setting next_dagrun for example_dag_decorator to None, run_after=None
[2024-07-18T19:17:08.334+0200] {processor.py:183} INFO - Processing /home/richonlinux/Documents/GitHub/AirflowTuto/venv/lib/python3.10/site-packages/airflow/example_dags/example_dag_decorator.py took 0.139 seconds
[2024-07-18T19:17:46.384+0200] {processor.py:161} INFO - Started process (PID=295837) to work on /home/richonlinux/Documents/GitHub/AirflowTuto/venv/lib/python3.10/site-packages/airflow/example_dags/example_dag_decorator.py
[2024-07-18T19:17:46.386+0200] {processor.py:830} INFO - Processing file /home/richonlinux/Documents/GitHub/AirflowTuto/venv/lib/python3.10/site-packages/airflow/example_dags/example_dag_decorator.py for tasks to queue
[2024-07-18T19:17:46.387+0200] {logging_mixin.py:188} INFO - [2024-07-18T19:17:46.387+0200] {dagbag.py:545} INFO - Filling up the DagBag from /home/richonlinux/Documents/GitHub/AirflowTuto/venv/lib/python3.10/site-packages/airflow/example_dags/example_dag_decorator.py
[2024-07-18T19:17:46.435+0200] {processor.py:840} INFO - DAG(s) 'example_dag_decorator' retrieved from /home/richonlinux/Documents/GitHub/AirflowTuto/venv/lib/python3.10/site-packages/airflow/example_dags/example_dag_decorator.py
[2024-07-18T19:17:46.496+0200] {logging_mixin.py:188} INFO - [2024-07-18T19:17:46.496+0200] {dag.py:3089} INFO - Sync 1 DAGs
[2024-07-18T19:17:46.504+0200] {logging_mixin.py:188} INFO - [2024-07-18T19:17:46.503+0200] {dag.py:3947} INFO - Setting next_dagrun for example_dag_decorator to None, run_after=None
[2024-07-18T19:17:46.524+0200] {processor.py:183} INFO - Processing /home/richonlinux/Documents/GitHub/AirflowTuto/venv/lib/python3.10/site-packages/airflow/example_dags/example_dag_decorator.py took 0.145 seconds
[2024-07-18T19:18:28.036+0200] {processor.py:161} INFO - Started process (PID=296507) to work on /home/richonlinux/Documents/GitHub/AirflowTuto/venv/lib/python3.10/site-packages/airflow/example_dags/example_dag_decorator.py
[2024-07-18T19:18:28.039+0200] {processor.py:830} INFO - Processing file /home/richonlinux/Documents/GitHub/AirflowTuto/venv/lib/python3.10/site-packages/airflow/example_dags/example_dag_decorator.py for tasks to queue
[2024-07-18T19:18:28.040+0200] {logging_mixin.py:188} INFO - [2024-07-18T19:18:28.040+0200] {dagbag.py:545} INFO - Filling up the DagBag from /home/richonlinux/Documents/GitHub/AirflowTuto/venv/lib/python3.10/site-packages/airflow/example_dags/example_dag_decorator.py
[2024-07-18T19:18:28.089+0200] {processor.py:840} INFO - DAG(s) 'example_dag_decorator' retrieved from /home/richonlinux/Documents/GitHub/AirflowTuto/venv/lib/python3.10/site-packages/airflow/example_dags/example_dag_decorator.py
[2024-07-18T19:18:28.148+0200] {logging_mixin.py:188} INFO - [2024-07-18T19:18:28.148+0200] {dag.py:3089} INFO - Sync 1 DAGs
[2024-07-18T19:18:28.155+0200] {logging_mixin.py:188} INFO - [2024-07-18T19:18:28.155+0200] {dag.py:3947} INFO - Setting next_dagrun for example_dag_decorator to None, run_after=None
[2024-07-18T19:18:28.174+0200] {processor.py:183} INFO - Processing /home/richonlinux/Documents/GitHub/AirflowTuto/venv/lib/python3.10/site-packages/airflow/example_dags/example_dag_decorator.py took 0.142 seconds
[2024-07-18T19:19:06.377+0200] {processor.py:161} INFO - Started process (PID=297140) to work on /home/richonlinux/Documents/GitHub/AirflowTuto/venv/lib/python3.10/site-packages/airflow/example_dags/example_dag_decorator.py
[2024-07-18T19:19:06.378+0200] {processor.py:830} INFO - Processing file /home/richonlinux/Documents/GitHub/AirflowTuto/venv/lib/python3.10/site-packages/airflow/example_dags/example_dag_decorator.py for tasks to queue
[2024-07-18T19:19:06.380+0200] {logging_mixin.py:188} INFO - [2024-07-18T19:19:06.379+0200] {dagbag.py:545} INFO - Filling up the DagBag from /home/richonlinux/Documents/GitHub/AirflowTuto/venv/lib/python3.10/site-packages/airflow/example_dags/example_dag_decorator.py
[2024-07-18T19:19:06.438+0200] {processor.py:840} INFO - DAG(s) 'example_dag_decorator' retrieved from /home/richonlinux/Documents/GitHub/AirflowTuto/venv/lib/python3.10/site-packages/airflow/example_dags/example_dag_decorator.py
[2024-07-18T19:19:06.500+0200] {logging_mixin.py:188} INFO - [2024-07-18T19:19:06.500+0200] {dag.py:3089} INFO - Sync 1 DAGs
[2024-07-18T19:19:06.505+0200] {logging_mixin.py:188} INFO - [2024-07-18T19:19:06.505+0200] {dag.py:3947} INFO - Setting next_dagrun for example_dag_decorator to None, run_after=None
[2024-07-18T19:19:06.520+0200] {processor.py:183} INFO - Processing /home/richonlinux/Documents/GitHub/AirflowTuto/venv/lib/python3.10/site-packages/airflow/example_dags/example_dag_decorator.py took 0.147 seconds
[2024-07-18T19:19:44.635+0200] {processor.py:161} INFO - Started process (PID=297773) to work on /home/richonlinux/Documents/GitHub/AirflowTuto/venv/lib/python3.10/site-packages/airflow/example_dags/example_dag_decorator.py
[2024-07-18T19:19:44.635+0200] {processor.py:830} INFO - Processing file /home/richonlinux/Documents/GitHub/AirflowTuto/venv/lib/python3.10/site-packages/airflow/example_dags/example_dag_decorator.py for tasks to queue
[2024-07-18T19:19:44.637+0200] {logging_mixin.py:188} INFO - [2024-07-18T19:19:44.636+0200] {dagbag.py:545} INFO - Filling up the DagBag from /home/richonlinux/Documents/GitHub/AirflowTuto/venv/lib/python3.10/site-packages/airflow/example_dags/example_dag_decorator.py
[2024-07-18T19:19:44.684+0200] {processor.py:840} INFO - DAG(s) 'example_dag_decorator' retrieved from /home/richonlinux/Documents/GitHub/AirflowTuto/venv/lib/python3.10/site-packages/airflow/example_dags/example_dag_decorator.py
[2024-07-18T19:19:44.737+0200] {logging_mixin.py:188} INFO - [2024-07-18T19:19:44.737+0200] {dag.py:3089} INFO - Sync 1 DAGs
[2024-07-18T19:19:44.743+0200] {logging_mixin.py:188} INFO - [2024-07-18T19:19:44.742+0200] {dag.py:3947} INFO - Setting next_dagrun for example_dag_decorator to None, run_after=None
[2024-07-18T19:19:44.757+0200] {processor.py:183} INFO - Processing /home/richonlinux/Documents/GitHub/AirflowTuto/venv/lib/python3.10/site-packages/airflow/example_dags/example_dag_decorator.py took 0.126 seconds
[2024-07-18T19:20:25.758+0200] {processor.py:161} INFO - Started process (PID=298443) to work on /home/richonlinux/Documents/GitHub/AirflowTuto/venv/lib/python3.10/site-packages/airflow/example_dags/example_dag_decorator.py
[2024-07-18T19:20:25.762+0200] {processor.py:830} INFO - Processing file /home/richonlinux/Documents/GitHub/AirflowTuto/venv/lib/python3.10/site-packages/airflow/example_dags/example_dag_decorator.py for tasks to queue
[2024-07-18T19:20:25.763+0200] {logging_mixin.py:188} INFO - [2024-07-18T19:20:25.763+0200] {dagbag.py:545} INFO - Filling up the DagBag from /home/richonlinux/Documents/GitHub/AirflowTuto/venv/lib/python3.10/site-packages/airflow/example_dags/example_dag_decorator.py
[2024-07-18T19:20:25.816+0200] {processor.py:840} INFO - DAG(s) 'example_dag_decorator' retrieved from /home/richonlinux/Documents/GitHub/AirflowTuto/venv/lib/python3.10/site-packages/airflow/example_dags/example_dag_decorator.py
[2024-07-18T19:20:25.876+0200] {logging_mixin.py:188} INFO - [2024-07-18T19:20:25.876+0200] {dag.py:3089} INFO - Sync 1 DAGs
[2024-07-18T19:20:25.883+0200] {logging_mixin.py:188} INFO - [2024-07-18T19:20:25.882+0200] {dag.py:3947} INFO - Setting next_dagrun for example_dag_decorator to None, run_after=None
[2024-07-18T19:20:25.897+0200] {processor.py:183} INFO - Processing /home/richonlinux/Documents/GitHub/AirflowTuto/venv/lib/python3.10/site-packages/airflow/example_dags/example_dag_decorator.py took 0.143 seconds
[2024-07-18T19:21:06.907+0200] {processor.py:161} INFO - Started process (PID=299086) to work on /home/richonlinux/Documents/GitHub/AirflowTuto/venv/lib/python3.10/site-packages/airflow/example_dags/example_dag_decorator.py
[2024-07-18T19:21:06.908+0200] {processor.py:830} INFO - Processing file /home/richonlinux/Documents/GitHub/AirflowTuto/venv/lib/python3.10/site-packages/airflow/example_dags/example_dag_decorator.py for tasks to queue
[2024-07-18T19:21:06.908+0200] {logging_mixin.py:188} INFO - [2024-07-18T19:21:06.908+0200] {dagbag.py:545} INFO - Filling up the DagBag from /home/richonlinux/Documents/GitHub/AirflowTuto/venv/lib/python3.10/site-packages/airflow/example_dags/example_dag_decorator.py
[2024-07-18T19:21:06.948+0200] {processor.py:840} INFO - DAG(s) 'example_dag_decorator' retrieved from /home/richonlinux/Documents/GitHub/AirflowTuto/venv/lib/python3.10/site-packages/airflow/example_dags/example_dag_decorator.py
[2024-07-18T19:21:06.995+0200] {logging_mixin.py:188} INFO - [2024-07-18T19:21:06.995+0200] {dag.py:3089} INFO - Sync 1 DAGs
[2024-07-18T19:21:07.000+0200] {logging_mixin.py:188} INFO - [2024-07-18T19:21:07.000+0200] {dag.py:3947} INFO - Setting next_dagrun for example_dag_decorator to None, run_after=None
[2024-07-18T19:21:07.012+0200] {processor.py:183} INFO - Processing /home/richonlinux/Documents/GitHub/AirflowTuto/venv/lib/python3.10/site-packages/airflow/example_dags/example_dag_decorator.py took 0.108 seconds
[2024-07-18T19:21:46.895+0200] {processor.py:161} INFO - Started process (PID=299797) to work on /home/richonlinux/Documents/GitHub/AirflowTuto/venv/lib/python3.10/site-packages/airflow/example_dags/example_dag_decorator.py
[2024-07-18T19:21:46.899+0200] {processor.py:830} INFO - Processing file /home/richonlinux/Documents/GitHub/AirflowTuto/venv/lib/python3.10/site-packages/airflow/example_dags/example_dag_decorator.py for tasks to queue
[2024-07-18T19:21:46.900+0200] {logging_mixin.py:188} INFO - [2024-07-18T19:21:46.900+0200] {dagbag.py:545} INFO - Filling up the DagBag from /home/richonlinux/Documents/GitHub/AirflowTuto/venv/lib/python3.10/site-packages/airflow/example_dags/example_dag_decorator.py
[2024-07-18T19:21:46.946+0200] {processor.py:840} INFO - DAG(s) 'example_dag_decorator' retrieved from /home/richonlinux/Documents/GitHub/AirflowTuto/venv/lib/python3.10/site-packages/airflow/example_dags/example_dag_decorator.py
[2024-07-18T19:21:46.998+0200] {logging_mixin.py:188} INFO - [2024-07-18T19:21:46.998+0200] {dag.py:3089} INFO - Sync 1 DAGs
[2024-07-18T19:21:47.005+0200] {logging_mixin.py:188} INFO - [2024-07-18T19:21:47.005+0200] {dag.py:3947} INFO - Setting next_dagrun for example_dag_decorator to None, run_after=None
[2024-07-18T19:21:47.019+0200] {processor.py:183} INFO - Processing /home/richonlinux/Documents/GitHub/AirflowTuto/venv/lib/python3.10/site-packages/airflow/example_dags/example_dag_decorator.py took 0.127 seconds
[2024-07-18T19:22:25.956+0200] {processor.py:161} INFO - Started process (PID=300453) to work on /home/richonlinux/Documents/GitHub/AirflowTuto/venv/lib/python3.10/site-packages/airflow/example_dags/example_dag_decorator.py
[2024-07-18T19:22:25.959+0200] {processor.py:830} INFO - Processing file /home/richonlinux/Documents/GitHub/AirflowTuto/venv/lib/python3.10/site-packages/airflow/example_dags/example_dag_decorator.py for tasks to queue
[2024-07-18T19:22:25.961+0200] {logging_mixin.py:188} INFO - [2024-07-18T19:22:25.961+0200] {dagbag.py:545} INFO - Filling up the DagBag from /home/richonlinux/Documents/GitHub/AirflowTuto/venv/lib/python3.10/site-packages/airflow/example_dags/example_dag_decorator.py
[2024-07-18T19:22:26.007+0200] {processor.py:840} INFO - DAG(s) 'example_dag_decorator' retrieved from /home/richonlinux/Documents/GitHub/AirflowTuto/venv/lib/python3.10/site-packages/airflow/example_dags/example_dag_decorator.py
[2024-07-18T19:22:26.062+0200] {logging_mixin.py:188} INFO - [2024-07-18T19:22:26.062+0200] {dag.py:3089} INFO - Sync 1 DAGs
[2024-07-18T19:22:26.068+0200] {logging_mixin.py:188} INFO - [2024-07-18T19:22:26.068+0200] {dag.py:3947} INFO - Setting next_dagrun for example_dag_decorator to None, run_after=None
[2024-07-18T19:22:26.080+0200] {processor.py:183} INFO - Processing /home/richonlinux/Documents/GitHub/AirflowTuto/venv/lib/python3.10/site-packages/airflow/example_dags/example_dag_decorator.py took 0.129 seconds
