[2024-07-18T18:16:09.701+0200] {processor.py:161} INFO - Started process (PID=257770) to work on /home/richonlinux/Documents/GitHub/AirflowTuto/venv/lib/python3.10/site-packages/airflow/example_dags/example_display_name.py
[2024-07-18T18:16:09.702+0200] {processor.py:830} INFO - Processing file /home/richonlinux/Documents/GitHub/AirflowTuto/venv/lib/python3.10/site-packages/airflow/example_dags/example_display_name.py for tasks to queue
[2024-07-18T18:16:09.704+0200] {logging_mixin.py:188} INFO - [2024-07-18T18:16:09.703+0200] {dagbag.py:545} INFO - Filling up the DagBag from /home/richonlinux/Documents/GitHub/AirflowTuto/venv/lib/python3.10/site-packages/airflow/example_dags/example_display_name.py
[2024-07-18T18:16:09.710+0200] {processor.py:840} INFO - DAG(s) 'example_display_name' retrieved from /home/richonlinux/Documents/GitHub/AirflowTuto/venv/lib/python3.10/site-packages/airflow/example_dags/example_display_name.py
[2024-07-18T18:16:09.764+0200] {logging_mixin.py:188} INFO - [2024-07-18T18:16:09.764+0200] {override.py:1858} INFO - Created Permission View: can edit on DAG:example_display_name
[2024-07-18T18:16:09.771+0200] {logging_mixin.py:188} INFO - [2024-07-18T18:16:09.771+0200] {override.py:1858} INFO - Created Permission View: can read on DAG:example_display_name
[2024-07-18T18:16:09.777+0200] {logging_mixin.py:188} INFO - [2024-07-18T18:16:09.777+0200] {override.py:1858} INFO - Created Permission View: can delete on DAG:example_display_name
[2024-07-18T18:16:09.777+0200] {logging_mixin.py:188} INFO - [2024-07-18T18:16:09.777+0200] {dag.py:3089} INFO - Sync 1 DAGs
[2024-07-18T18:16:09.783+0200] {logging_mixin.py:188} INFO - [2024-07-18T18:16:09.782+0200] {dag.py:3111} INFO - Creating ORM DAG for example_display_name
[2024-07-18T18:16:09.783+0200] {logging_mixin.py:188} INFO - [2024-07-18T18:16:09.783+0200] {dag.py:3947} INFO - Setting next_dagrun for example_display_name to None, run_after=None
[2024-07-18T18:16:09.798+0200] {processor.py:183} INFO - Processing /home/richonlinux/Documents/GitHub/AirflowTuto/venv/lib/python3.10/site-packages/airflow/example_dags/example_display_name.py took 0.105 seconds
[2024-07-18T18:17:04.045+0200] {processor.py:161} INFO - Started process (PID=258648) to work on /home/richonlinux/Documents/GitHub/AirflowTuto/venv/lib/python3.10/site-packages/airflow/example_dags/example_display_name.py
[2024-07-18T18:17:04.046+0200] {processor.py:830} INFO - Processing file /home/richonlinux/Documents/GitHub/AirflowTuto/venv/lib/python3.10/site-packages/airflow/example_dags/example_display_name.py for tasks to queue
[2024-07-18T18:17:04.047+0200] {logging_mixin.py:188} INFO - [2024-07-18T18:17:04.047+0200] {dagbag.py:545} INFO - Filling up the DagBag from /home/richonlinux/Documents/GitHub/AirflowTuto/venv/lib/python3.10/site-packages/airflow/example_dags/example_display_name.py
[2024-07-18T18:17:04.050+0200] {processor.py:840} INFO - DAG(s) 'example_display_name' retrieved from /home/richonlinux/Documents/GitHub/AirflowTuto/venv/lib/python3.10/site-packages/airflow/example_dags/example_display_name.py
[2024-07-18T18:17:04.059+0200] {logging_mixin.py:188} INFO - [2024-07-18T18:17:04.058+0200] {dag.py:3089} INFO - Sync 1 DAGs
[2024-07-18T18:17:04.065+0200] {logging_mixin.py:188} INFO - [2024-07-18T18:17:04.065+0200] {dag.py:3947} INFO - Setting next_dagrun for example_display_name to None, run_after=None
[2024-07-18T18:17:04.078+0200] {processor.py:183} INFO - Processing /home/richonlinux/Documents/GitHub/AirflowTuto/venv/lib/python3.10/site-packages/airflow/example_dags/example_display_name.py took 0.037 seconds
[2024-07-18T18:43:52.325+0200] {processor.py:161} INFO - Started process (PID=259777) to work on /home/richonlinux/Documents/GitHub/AirflowTuto/venv/lib/python3.10/site-packages/airflow/example_dags/example_display_name.py
[2024-07-18T18:43:52.325+0200] {processor.py:830} INFO - Processing file /home/richonlinux/Documents/GitHub/AirflowTuto/venv/lib/python3.10/site-packages/airflow/example_dags/example_display_name.py for tasks to queue
[2024-07-18T18:43:52.326+0200] {logging_mixin.py:188} INFO - [2024-07-18T18:43:52.326+0200] {dagbag.py:545} INFO - Filling up the DagBag from /home/richonlinux/Documents/GitHub/AirflowTuto/venv/lib/python3.10/site-packages/airflow/example_dags/example_display_name.py
[2024-07-18T18:43:52.330+0200] {processor.py:840} INFO - DAG(s) 'example_display_name' retrieved from /home/richonlinux/Documents/GitHub/AirflowTuto/venv/lib/python3.10/site-packages/airflow/example_dags/example_display_name.py
[2024-07-18T18:43:52.337+0200] {logging_mixin.py:188} INFO - [2024-07-18T18:43:52.337+0200] {dag.py:3089} INFO - Sync 1 DAGs
[2024-07-18T18:43:52.344+0200] {logging_mixin.py:188} INFO - [2024-07-18T18:43:52.344+0200] {dag.py:3947} INFO - Setting next_dagrun for example_display_name to None, run_after=None
[2024-07-18T18:43:52.356+0200] {processor.py:183} INFO - Processing /home/richonlinux/Documents/GitHub/AirflowTuto/venv/lib/python3.10/site-packages/airflow/example_dags/example_display_name.py took 0.034 seconds
[2024-07-18T18:44:40.793+0200] {processor.py:161} INFO - Started process (PID=260783) to work on /home/richonlinux/Documents/GitHub/AirflowTuto/venv/lib/python3.10/site-packages/airflow/example_dags/example_display_name.py
[2024-07-18T18:44:40.794+0200] {processor.py:830} INFO - Processing file /home/richonlinux/Documents/GitHub/AirflowTuto/venv/lib/python3.10/site-packages/airflow/example_dags/example_display_name.py for tasks to queue
[2024-07-18T18:44:40.795+0200] {logging_mixin.py:188} INFO - [2024-07-18T18:44:40.795+0200] {dagbag.py:545} INFO - Filling up the DagBag from /home/richonlinux/Documents/GitHub/AirflowTuto/venv/lib/python3.10/site-packages/airflow/example_dags/example_display_name.py
[2024-07-18T18:44:40.798+0200] {processor.py:840} INFO - DAG(s) 'example_display_name' retrieved from /home/richonlinux/Documents/GitHub/AirflowTuto/venv/lib/python3.10/site-packages/airflow/example_dags/example_display_name.py
[2024-07-18T18:44:40.862+0200] {logging_mixin.py:188} INFO - [2024-07-18T18:44:40.862+0200] {dag.py:3089} INFO - Sync 1 DAGs
[2024-07-18T18:44:40.867+0200] {logging_mixin.py:188} INFO - [2024-07-18T18:44:40.867+0200] {dag.py:3947} INFO - Setting next_dagrun for example_display_name to None, run_after=None
[2024-07-18T18:44:40.879+0200] {processor.py:183} INFO - Processing /home/richonlinux/Documents/GitHub/AirflowTuto/venv/lib/python3.10/site-packages/airflow/example_dags/example_display_name.py took 0.089 seconds
[2024-07-18T18:45:24.674+0200] {processor.py:161} INFO - Started process (PID=261622) to work on /home/richonlinux/Documents/GitHub/AirflowTuto/venv/lib/python3.10/site-packages/airflow/example_dags/example_display_name.py
[2024-07-18T18:45:24.675+0200] {processor.py:830} INFO - Processing file /home/richonlinux/Documents/GitHub/AirflowTuto/venv/lib/python3.10/site-packages/airflow/example_dags/example_display_name.py for tasks to queue
[2024-07-18T18:45:24.676+0200] {logging_mixin.py:188} INFO - [2024-07-18T18:45:24.676+0200] {dagbag.py:545} INFO - Filling up the DagBag from /home/richonlinux/Documents/GitHub/AirflowTuto/venv/lib/python3.10/site-packages/airflow/example_dags/example_display_name.py
[2024-07-18T18:45:24.680+0200] {processor.py:840} INFO - DAG(s) 'example_display_name' retrieved from /home/richonlinux/Documents/GitHub/AirflowTuto/venv/lib/python3.10/site-packages/airflow/example_dags/example_display_name.py
[2024-07-18T18:45:24.688+0200] {logging_mixin.py:188} INFO - [2024-07-18T18:45:24.688+0200] {dag.py:3089} INFO - Sync 1 DAGs
[2024-07-18T18:45:24.694+0200] {logging_mixin.py:188} INFO - [2024-07-18T18:45:24.694+0200] {dag.py:3947} INFO - Setting next_dagrun for example_display_name to None, run_after=None
[2024-07-18T18:45:24.706+0200] {processor.py:183} INFO - Processing /home/richonlinux/Documents/GitHub/AirflowTuto/venv/lib/python3.10/site-packages/airflow/example_dags/example_display_name.py took 0.041 seconds
[2024-07-18T18:46:03.035+0200] {processor.py:161} INFO - Started process (PID=262542) to work on /home/richonlinux/Documents/GitHub/AirflowTuto/venv/lib/python3.10/site-packages/airflow/example_dags/example_display_name.py
[2024-07-18T18:46:03.038+0200] {processor.py:830} INFO - Processing file /home/richonlinux/Documents/GitHub/AirflowTuto/venv/lib/python3.10/site-packages/airflow/example_dags/example_display_name.py for tasks to queue
[2024-07-18T18:46:03.040+0200] {logging_mixin.py:188} INFO - [2024-07-18T18:46:03.040+0200] {dagbag.py:545} INFO - Filling up the DagBag from /home/richonlinux/Documents/GitHub/AirflowTuto/venv/lib/python3.10/site-packages/airflow/example_dags/example_display_name.py
[2024-07-18T18:46:03.046+0200] {processor.py:840} INFO - DAG(s) 'example_display_name' retrieved from /home/richonlinux/Documents/GitHub/AirflowTuto/venv/lib/python3.10/site-packages/airflow/example_dags/example_display_name.py
[2024-07-18T18:46:03.054+0200] {logging_mixin.py:188} INFO - [2024-07-18T18:46:03.054+0200] {dag.py:3089} INFO - Sync 1 DAGs
[2024-07-18T18:46:03.061+0200] {logging_mixin.py:188} INFO - [2024-07-18T18:46:03.060+0200] {dag.py:3947} INFO - Setting next_dagrun for example_display_name to None, run_after=None
[2024-07-18T18:46:03.074+0200] {processor.py:183} INFO - Processing /home/richonlinux/Documents/GitHub/AirflowTuto/venv/lib/python3.10/site-packages/airflow/example_dags/example_display_name.py took 0.043 seconds
[2024-07-18T18:49:25.548+0200] {processor.py:161} INFO - Started process (PID=265969) to work on /home/richonlinux/Documents/GitHub/AirflowTuto/venv/lib/python3.10/site-packages/airflow/example_dags/example_display_name.py
[2024-07-18T18:49:25.552+0200] {processor.py:830} INFO - Processing file /home/richonlinux/Documents/GitHub/AirflowTuto/venv/lib/python3.10/site-packages/airflow/example_dags/example_display_name.py for tasks to queue
[2024-07-18T18:49:25.554+0200] {logging_mixin.py:188} INFO - [2024-07-18T18:49:25.554+0200] {dagbag.py:545} INFO - Filling up the DagBag from /home/richonlinux/Documents/GitHub/AirflowTuto/venv/lib/python3.10/site-packages/airflow/example_dags/example_display_name.py
[2024-07-18T18:49:25.562+0200] {processor.py:840} INFO - DAG(s) 'example_display_name' retrieved from /home/richonlinux/Documents/GitHub/AirflowTuto/venv/lib/python3.10/site-packages/airflow/example_dags/example_display_name.py
[2024-07-18T18:49:25.566+0200] {logging_mixin.py:188} INFO - [2024-07-18T18:49:25.566+0200] {dag.py:3089} INFO - Sync 1 DAGs
[2024-07-18T18:49:25.572+0200] {logging_mixin.py:188} INFO - [2024-07-18T18:49:25.572+0200] {dag.py:3947} INFO - Setting next_dagrun for example_display_name to None, run_after=None
[2024-07-18T18:49:25.584+0200] {processor.py:183} INFO - Processing /home/richonlinux/Documents/GitHub/AirflowTuto/venv/lib/python3.10/site-packages/airflow/example_dags/example_display_name.py took 0.040 seconds
[2024-07-18T18:51:18.898+0200] {processor.py:161} INFO - Started process (PID=268206) to work on /home/richonlinux/Documents/GitHub/AirflowTuto/venv/lib/python3.10/site-packages/airflow/example_dags/example_display_name.py
[2024-07-18T18:51:18.898+0200] {processor.py:830} INFO - Processing file /home/richonlinux/Documents/GitHub/AirflowTuto/venv/lib/python3.10/site-packages/airflow/example_dags/example_display_name.py for tasks to queue
[2024-07-18T18:51:18.900+0200] {logging_mixin.py:188} INFO - [2024-07-18T18:51:18.899+0200] {dagbag.py:545} INFO - Filling up the DagBag from /home/richonlinux/Documents/GitHub/AirflowTuto/venv/lib/python3.10/site-packages/airflow/example_dags/example_display_name.py
[2024-07-18T18:51:18.905+0200] {processor.py:840} INFO - DAG(s) 'example_display_name' retrieved from /home/richonlinux/Documents/GitHub/AirflowTuto/venv/lib/python3.10/site-packages/airflow/example_dags/example_display_name.py
[2024-07-18T18:51:18.909+0200] {logging_mixin.py:188} INFO - [2024-07-18T18:51:18.908+0200] {dag.py:3089} INFO - Sync 1 DAGs
[2024-07-18T18:51:18.915+0200] {logging_mixin.py:188} INFO - [2024-07-18T18:51:18.915+0200] {dag.py:3947} INFO - Setting next_dagrun for example_display_name to None, run_after=None
[2024-07-18T18:51:18.927+0200] {processor.py:183} INFO - Processing /home/richonlinux/Documents/GitHub/AirflowTuto/venv/lib/python3.10/site-packages/airflow/example_dags/example_display_name.py took 0.034 seconds
[2024-07-18T18:52:07.106+0200] {processor.py:161} INFO - Started process (PID=269005) to work on /home/richonlinux/Documents/GitHub/AirflowTuto/venv/lib/python3.10/site-packages/airflow/example_dags/example_display_name.py
[2024-07-18T18:52:07.110+0200] {processor.py:830} INFO - Processing file /home/richonlinux/Documents/GitHub/AirflowTuto/venv/lib/python3.10/site-packages/airflow/example_dags/example_display_name.py for tasks to queue
[2024-07-18T18:52:07.112+0200] {logging_mixin.py:188} INFO - [2024-07-18T18:52:07.111+0200] {dagbag.py:545} INFO - Filling up the DagBag from /home/richonlinux/Documents/GitHub/AirflowTuto/venv/lib/python3.10/site-packages/airflow/example_dags/example_display_name.py
[2024-07-18T18:52:07.117+0200] {processor.py:840} INFO - DAG(s) 'example_display_name' retrieved from /home/richonlinux/Documents/GitHub/AirflowTuto/venv/lib/python3.10/site-packages/airflow/example_dags/example_display_name.py
[2024-07-18T18:52:07.166+0200] {logging_mixin.py:188} INFO - [2024-07-18T18:52:07.165+0200] {dag.py:3089} INFO - Sync 1 DAGs
[2024-07-18T18:52:07.171+0200] {logging_mixin.py:188} INFO - [2024-07-18T18:52:07.171+0200] {dag.py:3947} INFO - Setting next_dagrun for example_display_name to None, run_after=None
[2024-07-18T18:52:07.242+0200] {processor.py:183} INFO - Processing /home/richonlinux/Documents/GitHub/AirflowTuto/venv/lib/python3.10/site-packages/airflow/example_dags/example_display_name.py took 0.141 seconds
[2024-07-18T18:52:50.926+0200] {processor.py:161} INFO - Started process (PID=270116) to work on /home/richonlinux/Documents/GitHub/AirflowTuto/venv/lib/python3.10/site-packages/airflow/example_dags/example_display_name.py
[2024-07-18T18:52:50.926+0200] {processor.py:830} INFO - Processing file /home/richonlinux/Documents/GitHub/AirflowTuto/venv/lib/python3.10/site-packages/airflow/example_dags/example_display_name.py for tasks to queue
[2024-07-18T18:52:50.928+0200] {logging_mixin.py:188} INFO - [2024-07-18T18:52:50.927+0200] {dagbag.py:545} INFO - Filling up the DagBag from /home/richonlinux/Documents/GitHub/AirflowTuto/venv/lib/python3.10/site-packages/airflow/example_dags/example_display_name.py
[2024-07-18T18:52:50.932+0200] {processor.py:840} INFO - DAG(s) 'example_display_name' retrieved from /home/richonlinux/Documents/GitHub/AirflowTuto/venv/lib/python3.10/site-packages/airflow/example_dags/example_display_name.py
[2024-07-18T18:52:50.941+0200] {logging_mixin.py:188} INFO - [2024-07-18T18:52:50.941+0200] {dag.py:3089} INFO - Sync 1 DAGs
[2024-07-18T18:52:50.947+0200] {logging_mixin.py:188} INFO - [2024-07-18T18:52:50.947+0200] {dag.py:3947} INFO - Setting next_dagrun for example_display_name to None, run_after=None
[2024-07-18T18:52:50.959+0200] {processor.py:183} INFO - Processing /home/richonlinux/Documents/GitHub/AirflowTuto/venv/lib/python3.10/site-packages/airflow/example_dags/example_display_name.py took 0.037 seconds
[2024-07-18T18:53:36.423+0200] {processor.py:161} INFO - Started process (PID=271425) to work on /home/richonlinux/Documents/GitHub/AirflowTuto/venv/lib/python3.10/site-packages/airflow/example_dags/example_display_name.py
[2024-07-18T18:53:36.424+0200] {processor.py:830} INFO - Processing file /home/richonlinux/Documents/GitHub/AirflowTuto/venv/lib/python3.10/site-packages/airflow/example_dags/example_display_name.py for tasks to queue
[2024-07-18T18:53:36.424+0200] {logging_mixin.py:188} INFO - [2024-07-18T18:53:36.424+0200] {dagbag.py:545} INFO - Filling up the DagBag from /home/richonlinux/Documents/GitHub/AirflowTuto/venv/lib/python3.10/site-packages/airflow/example_dags/example_display_name.py
[2024-07-18T18:53:36.428+0200] {processor.py:840} INFO - DAG(s) 'example_display_name' retrieved from /home/richonlinux/Documents/GitHub/AirflowTuto/venv/lib/python3.10/site-packages/airflow/example_dags/example_display_name.py
[2024-07-18T18:53:36.436+0200] {logging_mixin.py:188} INFO - [2024-07-18T18:53:36.436+0200] {dag.py:3089} INFO - Sync 1 DAGs
[2024-07-18T18:53:36.500+0200] {logging_mixin.py:188} INFO - [2024-07-18T18:53:36.500+0200] {dag.py:3947} INFO - Setting next_dagrun for example_display_name to None, run_after=None
[2024-07-18T18:53:36.513+0200] {processor.py:183} INFO - Processing /home/richonlinux/Documents/GitHub/AirflowTuto/venv/lib/python3.10/site-packages/airflow/example_dags/example_display_name.py took 0.093 seconds
[2024-07-18T18:54:20.559+0200] {processor.py:161} INFO - Started process (PID=272148) to work on /home/richonlinux/Documents/GitHub/AirflowTuto/venv/lib/python3.10/site-packages/airflow/example_dags/example_display_name.py
[2024-07-18T18:54:20.560+0200] {processor.py:830} INFO - Processing file /home/richonlinux/Documents/GitHub/AirflowTuto/venv/lib/python3.10/site-packages/airflow/example_dags/example_display_name.py for tasks to queue
[2024-07-18T18:54:20.562+0200] {logging_mixin.py:188} INFO - [2024-07-18T18:54:20.562+0200] {dagbag.py:545} INFO - Filling up the DagBag from /home/richonlinux/Documents/GitHub/AirflowTuto/venv/lib/python3.10/site-packages/airflow/example_dags/example_display_name.py
[2024-07-18T18:54:20.567+0200] {processor.py:840} INFO - DAG(s) 'example_display_name' retrieved from /home/richonlinux/Documents/GitHub/AirflowTuto/venv/lib/python3.10/site-packages/airflow/example_dags/example_display_name.py
[2024-07-18T18:54:20.575+0200] {logging_mixin.py:188} INFO - [2024-07-18T18:54:20.574+0200] {dag.py:3089} INFO - Sync 1 DAGs
[2024-07-18T18:54:20.580+0200] {logging_mixin.py:188} INFO - [2024-07-18T18:54:20.580+0200] {dag.py:3947} INFO - Setting next_dagrun for example_display_name to None, run_after=None
[2024-07-18T18:54:20.593+0200] {processor.py:183} INFO - Processing /home/richonlinux/Documents/GitHub/AirflowTuto/venv/lib/python3.10/site-packages/airflow/example_dags/example_display_name.py took 0.043 seconds
[2024-07-18T18:55:02.842+0200] {processor.py:161} INFO - Started process (PID=272795) to work on /home/richonlinux/Documents/GitHub/AirflowTuto/venv/lib/python3.10/site-packages/airflow/example_dags/example_display_name.py
[2024-07-18T18:55:02.843+0200] {processor.py:830} INFO - Processing file /home/richonlinux/Documents/GitHub/AirflowTuto/venv/lib/python3.10/site-packages/airflow/example_dags/example_display_name.py for tasks to queue
[2024-07-18T18:55:02.845+0200] {logging_mixin.py:188} INFO - [2024-07-18T18:55:02.845+0200] {dagbag.py:545} INFO - Filling up the DagBag from /home/richonlinux/Documents/GitHub/AirflowTuto/venv/lib/python3.10/site-packages/airflow/example_dags/example_display_name.py
[2024-07-18T18:55:02.850+0200] {processor.py:840} INFO - DAG(s) 'example_display_name' retrieved from /home/richonlinux/Documents/GitHub/AirflowTuto/venv/lib/python3.10/site-packages/airflow/example_dags/example_display_name.py
[2024-07-18T18:55:02.858+0200] {logging_mixin.py:188} INFO - [2024-07-18T18:55:02.858+0200] {dag.py:3089} INFO - Sync 1 DAGs
[2024-07-18T18:55:02.863+0200] {logging_mixin.py:188} INFO - [2024-07-18T18:55:02.863+0200] {dag.py:3947} INFO - Setting next_dagrun for example_display_name to None, run_after=None
[2024-07-18T18:55:02.876+0200] {processor.py:183} INFO - Processing /home/richonlinux/Documents/GitHub/AirflowTuto/venv/lib/python3.10/site-packages/airflow/example_dags/example_display_name.py took 0.043 seconds
[2024-07-18T18:55:38.580+0200] {processor.py:161} INFO - Started process (PID=273366) to work on /home/richonlinux/Documents/GitHub/AirflowTuto/venv/lib/python3.10/site-packages/airflow/example_dags/example_display_name.py
[2024-07-18T18:55:38.582+0200] {processor.py:830} INFO - Processing file /home/richonlinux/Documents/GitHub/AirflowTuto/venv/lib/python3.10/site-packages/airflow/example_dags/example_display_name.py for tasks to queue
[2024-07-18T18:55:38.583+0200] {logging_mixin.py:188} INFO - [2024-07-18T18:55:38.583+0200] {dagbag.py:545} INFO - Filling up the DagBag from /home/richonlinux/Documents/GitHub/AirflowTuto/venv/lib/python3.10/site-packages/airflow/example_dags/example_display_name.py
[2024-07-18T18:55:38.588+0200] {processor.py:840} INFO - DAG(s) 'example_display_name' retrieved from /home/richonlinux/Documents/GitHub/AirflowTuto/venv/lib/python3.10/site-packages/airflow/example_dags/example_display_name.py
[2024-07-18T18:55:38.596+0200] {logging_mixin.py:188} INFO - [2024-07-18T18:55:38.596+0200] {dag.py:3089} INFO - Sync 1 DAGs
[2024-07-18T18:55:38.602+0200] {logging_mixin.py:188} INFO - [2024-07-18T18:55:38.602+0200] {dag.py:3947} INFO - Setting next_dagrun for example_display_name to None, run_after=None
[2024-07-18T18:55:38.614+0200] {processor.py:183} INFO - Processing /home/richonlinux/Documents/GitHub/AirflowTuto/venv/lib/python3.10/site-packages/airflow/example_dags/example_display_name.py took 0.043 seconds
[2024-07-18T18:56:18.298+0200] {processor.py:161} INFO - Started process (PID=274064) to work on /home/richonlinux/Documents/GitHub/AirflowTuto/venv/lib/python3.10/site-packages/airflow/example_dags/example_display_name.py
[2024-07-18T18:56:18.303+0200] {processor.py:830} INFO - Processing file /home/richonlinux/Documents/GitHub/AirflowTuto/venv/lib/python3.10/site-packages/airflow/example_dags/example_display_name.py for tasks to queue
[2024-07-18T18:56:18.304+0200] {logging_mixin.py:188} INFO - [2024-07-18T18:56:18.304+0200] {dagbag.py:545} INFO - Filling up the DagBag from /home/richonlinux/Documents/GitHub/AirflowTuto/venv/lib/python3.10/site-packages/airflow/example_dags/example_display_name.py
[2024-07-18T18:56:18.309+0200] {processor.py:840} INFO - DAG(s) 'example_display_name' retrieved from /home/richonlinux/Documents/GitHub/AirflowTuto/venv/lib/python3.10/site-packages/airflow/example_dags/example_display_name.py
[2024-07-18T18:56:18.317+0200] {logging_mixin.py:188} INFO - [2024-07-18T18:56:18.317+0200] {dag.py:3089} INFO - Sync 1 DAGs
[2024-07-18T18:56:18.322+0200] {logging_mixin.py:188} INFO - [2024-07-18T18:56:18.322+0200] {dag.py:3947} INFO - Setting next_dagrun for example_display_name to None, run_after=None
[2024-07-18T18:56:18.335+0200] {processor.py:183} INFO - Processing /home/richonlinux/Documents/GitHub/AirflowTuto/venv/lib/python3.10/site-packages/airflow/example_dags/example_display_name.py took 0.044 seconds
[2024-07-18T18:56:57.343+0200] {processor.py:161} INFO - Started process (PID=274743) to work on /home/richonlinux/Documents/GitHub/AirflowTuto/venv/lib/python3.10/site-packages/airflow/example_dags/example_display_name.py
[2024-07-18T18:56:57.345+0200] {processor.py:830} INFO - Processing file /home/richonlinux/Documents/GitHub/AirflowTuto/venv/lib/python3.10/site-packages/airflow/example_dags/example_display_name.py for tasks to queue
[2024-07-18T18:56:57.346+0200] {logging_mixin.py:188} INFO - [2024-07-18T18:56:57.346+0200] {dagbag.py:545} INFO - Filling up the DagBag from /home/richonlinux/Documents/GitHub/AirflowTuto/venv/lib/python3.10/site-packages/airflow/example_dags/example_display_name.py
[2024-07-18T18:56:57.350+0200] {processor.py:840} INFO - DAG(s) 'example_display_name' retrieved from /home/richonlinux/Documents/GitHub/AirflowTuto/venv/lib/python3.10/site-packages/airflow/example_dags/example_display_name.py
[2024-07-18T18:56:57.358+0200] {logging_mixin.py:188} INFO - [2024-07-18T18:56:57.358+0200] {dag.py:3089} INFO - Sync 1 DAGs
[2024-07-18T18:56:57.365+0200] {logging_mixin.py:188} INFO - [2024-07-18T18:56:57.365+0200] {dag.py:3947} INFO - Setting next_dagrun for example_display_name to None, run_after=None
[2024-07-18T18:56:57.378+0200] {processor.py:183} INFO - Processing /home/richonlinux/Documents/GitHub/AirflowTuto/venv/lib/python3.10/site-packages/airflow/example_dags/example_display_name.py took 0.041 seconds
[2024-07-18T18:57:36.157+0200] {processor.py:161} INFO - Started process (PID=275390) to work on /home/richonlinux/Documents/GitHub/AirflowTuto/venv/lib/python3.10/site-packages/airflow/example_dags/example_display_name.py
[2024-07-18T18:57:36.162+0200] {processor.py:830} INFO - Processing file /home/richonlinux/Documents/GitHub/AirflowTuto/venv/lib/python3.10/site-packages/airflow/example_dags/example_display_name.py for tasks to queue
[2024-07-18T18:57:36.163+0200] {logging_mixin.py:188} INFO - [2024-07-18T18:57:36.163+0200] {dagbag.py:545} INFO - Filling up the DagBag from /home/richonlinux/Documents/GitHub/AirflowTuto/venv/lib/python3.10/site-packages/airflow/example_dags/example_display_name.py
[2024-07-18T18:57:36.169+0200] {processor.py:840} INFO - DAG(s) 'example_display_name' retrieved from /home/richonlinux/Documents/GitHub/AirflowTuto/venv/lib/python3.10/site-packages/airflow/example_dags/example_display_name.py
[2024-07-18T18:57:36.177+0200] {logging_mixin.py:188} INFO - [2024-07-18T18:57:36.177+0200] {dag.py:3089} INFO - Sync 1 DAGs
[2024-07-18T18:57:36.183+0200] {logging_mixin.py:188} INFO - [2024-07-18T18:57:36.183+0200] {dag.py:3947} INFO - Setting next_dagrun for example_display_name to None, run_after=None
[2024-07-18T18:57:36.195+0200] {processor.py:183} INFO - Processing /home/richonlinux/Documents/GitHub/AirflowTuto/venv/lib/python3.10/site-packages/airflow/example_dags/example_display_name.py took 0.046 seconds
[2024-07-18T18:58:16.182+0200] {processor.py:161} INFO - Started process (PID=276004) to work on /home/richonlinux/Documents/GitHub/AirflowTuto/venv/lib/python3.10/site-packages/airflow/example_dags/example_display_name.py
[2024-07-18T18:58:16.183+0200] {processor.py:830} INFO - Processing file /home/richonlinux/Documents/GitHub/AirflowTuto/venv/lib/python3.10/site-packages/airflow/example_dags/example_display_name.py for tasks to queue
[2024-07-18T18:58:16.185+0200] {logging_mixin.py:188} INFO - [2024-07-18T18:58:16.185+0200] {dagbag.py:545} INFO - Filling up the DagBag from /home/richonlinux/Documents/GitHub/AirflowTuto/venv/lib/python3.10/site-packages/airflow/example_dags/example_display_name.py
[2024-07-18T18:58:16.191+0200] {processor.py:840} INFO - DAG(s) 'example_display_name' retrieved from /home/richonlinux/Documents/GitHub/AirflowTuto/venv/lib/python3.10/site-packages/airflow/example_dags/example_display_name.py
[2024-07-18T18:58:16.199+0200] {logging_mixin.py:188} INFO - [2024-07-18T18:58:16.198+0200] {dag.py:3089} INFO - Sync 1 DAGs
[2024-07-18T18:58:16.204+0200] {logging_mixin.py:188} INFO - [2024-07-18T18:58:16.204+0200] {dag.py:3947} INFO - Setting next_dagrun for example_display_name to None, run_after=None
[2024-07-18T18:58:16.219+0200] {processor.py:183} INFO - Processing /home/richonlinux/Documents/GitHub/AirflowTuto/venv/lib/python3.10/site-packages/airflow/example_dags/example_display_name.py took 0.045 seconds
[2024-07-18T18:58:56.652+0200] {processor.py:161} INFO - Started process (PID=276632) to work on /home/richonlinux/Documents/GitHub/AirflowTuto/venv/lib/python3.10/site-packages/airflow/example_dags/example_display_name.py
[2024-07-18T18:58:56.654+0200] {processor.py:830} INFO - Processing file /home/richonlinux/Documents/GitHub/AirflowTuto/venv/lib/python3.10/site-packages/airflow/example_dags/example_display_name.py for tasks to queue
[2024-07-18T18:58:56.655+0200] {logging_mixin.py:188} INFO - [2024-07-18T18:58:56.655+0200] {dagbag.py:545} INFO - Filling up the DagBag from /home/richonlinux/Documents/GitHub/AirflowTuto/venv/lib/python3.10/site-packages/airflow/example_dags/example_display_name.py
[2024-07-18T18:58:56.660+0200] {processor.py:840} INFO - DAG(s) 'example_display_name' retrieved from /home/richonlinux/Documents/GitHub/AirflowTuto/venv/lib/python3.10/site-packages/airflow/example_dags/example_display_name.py
[2024-07-18T18:58:56.668+0200] {logging_mixin.py:188} INFO - [2024-07-18T18:58:56.668+0200] {dag.py:3089} INFO - Sync 1 DAGs
[2024-07-18T18:58:56.675+0200] {logging_mixin.py:188} INFO - [2024-07-18T18:58:56.675+0200] {dag.py:3947} INFO - Setting next_dagrun for example_display_name to None, run_after=None
[2024-07-18T18:58:56.687+0200] {processor.py:183} INFO - Processing /home/richonlinux/Documents/GitHub/AirflowTuto/venv/lib/python3.10/site-packages/airflow/example_dags/example_display_name.py took 0.043 seconds
[2024-07-18T18:59:36.760+0200] {processor.py:161} INFO - Started process (PID=277455) to work on /home/richonlinux/Documents/GitHub/AirflowTuto/venv/lib/python3.10/site-packages/airflow/example_dags/example_display_name.py
[2024-07-18T18:59:36.762+0200] {processor.py:830} INFO - Processing file /home/richonlinux/Documents/GitHub/AirflowTuto/venv/lib/python3.10/site-packages/airflow/example_dags/example_display_name.py for tasks to queue
[2024-07-18T18:59:36.764+0200] {logging_mixin.py:188} INFO - [2024-07-18T18:59:36.763+0200] {dagbag.py:545} INFO - Filling up the DagBag from /home/richonlinux/Documents/GitHub/AirflowTuto/venv/lib/python3.10/site-packages/airflow/example_dags/example_display_name.py
[2024-07-18T18:59:36.769+0200] {processor.py:840} INFO - DAG(s) 'example_display_name' retrieved from /home/richonlinux/Documents/GitHub/AirflowTuto/venv/lib/python3.10/site-packages/airflow/example_dags/example_display_name.py
[2024-07-18T18:59:36.777+0200] {logging_mixin.py:188} INFO - [2024-07-18T18:59:36.777+0200] {dag.py:3089} INFO - Sync 1 DAGs
[2024-07-18T18:59:36.783+0200] {logging_mixin.py:188} INFO - [2024-07-18T18:59:36.783+0200] {dag.py:3947} INFO - Setting next_dagrun for example_display_name to None, run_after=None
[2024-07-18T18:59:36.797+0200] {processor.py:183} INFO - Processing /home/richonlinux/Documents/GitHub/AirflowTuto/venv/lib/python3.10/site-packages/airflow/example_dags/example_display_name.py took 0.046 seconds
