[2024-07-18T18:16:58.809+0200] {processor.py:161} INFO - Started process (PID=258572) to work on /home/richonlinux/Documents/GitHub/AirflowTuto/venv/lib/python3.10/site-packages/airflow/example_dags/example_branch_operator_decorator.py
[2024-07-18T18:16:58.810+0200] {processor.py:830} INFO - Processing file /home/richonlinux/Documents/GitHub/AirflowTuto/venv/lib/python3.10/site-packages/airflow/example_dags/example_branch_operator_decorator.py for tasks to queue
[2024-07-18T18:16:58.812+0200] {logging_mixin.py:188} INFO - [2024-07-18T18:16:58.812+0200] {dagbag.py:545} INFO - Filling up the DagBag from /home/richonlinux/Documents/GitHub/AirflowTuto/venv/lib/python3.10/site-packages/airflow/example_dags/example_branch_operator_decorator.py
[2024-07-18T18:16:58.815+0200] {processor.py:842} WARNING - No viable dags retrieved from /home/richonlinux/Documents/GitHub/AirflowTuto/venv/lib/python3.10/site-packages/airflow/example_dags/example_branch_operator_decorator.py
[2024-07-18T18:16:58.821+0200] {processor.py:183} INFO - Processing /home/richonlinux/Documents/GitHub/AirflowTuto/venv/lib/python3.10/site-packages/airflow/example_dags/example_branch_operator_decorator.py took 0.020 seconds
[2024-07-18T18:44:35.442+0200] {processor.py:161} INFO - Started process (PID=260698) to work on /home/richonlinux/Documents/GitHub/AirflowTuto/venv/lib/python3.10/site-packages/airflow/example_dags/example_branch_operator_decorator.py
[2024-07-18T18:44:35.443+0200] {processor.py:830} INFO - Processing file /home/richonlinux/Documents/GitHub/AirflowTuto/venv/lib/python3.10/site-packages/airflow/example_dags/example_branch_operator_decorator.py for tasks to queue
[2024-07-18T18:44:35.444+0200] {logging_mixin.py:188} INFO - [2024-07-18T18:44:35.444+0200] {dagbag.py:545} INFO - Filling up the DagBag from /home/richonlinux/Documents/GitHub/AirflowTuto/venv/lib/python3.10/site-packages/airflow/example_dags/example_branch_operator_decorator.py
[2024-07-18T18:44:35.446+0200] {processor.py:842} WARNING - No viable dags retrieved from /home/richonlinux/Documents/GitHub/AirflowTuto/venv/lib/python3.10/site-packages/airflow/example_dags/example_branch_operator_decorator.py
[2024-07-18T18:44:35.453+0200] {processor.py:183} INFO - Processing /home/richonlinux/Documents/GitHub/AirflowTuto/venv/lib/python3.10/site-packages/airflow/example_dags/example_branch_operator_decorator.py took 0.016 seconds
[2024-07-18T18:45:38.968+0200] {processor.py:161} INFO - Started process (PID=261838) to work on /home/richonlinux/Documents/GitHub/AirflowTuto/venv/lib/python3.10/site-packages/airflow/example_dags/example_branch_operator_decorator.py
[2024-07-18T18:45:38.969+0200] {processor.py:830} INFO - Processing file /home/richonlinux/Documents/GitHub/AirflowTuto/venv/lib/python3.10/site-packages/airflow/example_dags/example_branch_operator_decorator.py for tasks to queue
[2024-07-18T18:45:38.970+0200] {logging_mixin.py:188} INFO - [2024-07-18T18:45:38.970+0200] {dagbag.py:545} INFO - Filling up the DagBag from /home/richonlinux/Documents/GitHub/AirflowTuto/venv/lib/python3.10/site-packages/airflow/example_dags/example_branch_operator_decorator.py
[2024-07-18T18:45:38.973+0200] {processor.py:842} WARNING - No viable dags retrieved from /home/richonlinux/Documents/GitHub/AirflowTuto/venv/lib/python3.10/site-packages/airflow/example_dags/example_branch_operator_decorator.py
[2024-07-18T18:45:38.980+0200] {processor.py:183} INFO - Processing /home/richonlinux/Documents/GitHub/AirflowTuto/venv/lib/python3.10/site-packages/airflow/example_dags/example_branch_operator_decorator.py took 0.015 seconds
[2024-07-18T18:52:01.768+0200] {processor.py:161} INFO - Started process (PID=268926) to work on /home/richonlinux/Documents/GitHub/AirflowTuto/venv/lib/python3.10/site-packages/airflow/example_dags/example_branch_operator_decorator.py
[2024-07-18T18:52:01.769+0200] {processor.py:830} INFO - Processing file /home/richonlinux/Documents/GitHub/AirflowTuto/venv/lib/python3.10/site-packages/airflow/example_dags/example_branch_operator_decorator.py for tasks to queue
[2024-07-18T18:52:01.770+0200] {logging_mixin.py:188} INFO - [2024-07-18T18:52:01.770+0200] {dagbag.py:545} INFO - Filling up the DagBag from /home/richonlinux/Documents/GitHub/AirflowTuto/venv/lib/python3.10/site-packages/airflow/example_dags/example_branch_operator_decorator.py
[2024-07-18T18:52:01.772+0200] {processor.py:842} WARNING - No viable dags retrieved from /home/richonlinux/Documents/GitHub/AirflowTuto/venv/lib/python3.10/site-packages/airflow/example_dags/example_branch_operator_decorator.py
[2024-07-18T18:52:01.779+0200] {processor.py:183} INFO - Processing /home/richonlinux/Documents/GitHub/AirflowTuto/venv/lib/python3.10/site-packages/airflow/example_dags/example_branch_operator_decorator.py took 0.014 seconds
[2024-07-18T18:53:08.980+0200] {processor.py:161} INFO - Started process (PID=270532) to work on /home/richonlinux/Documents/GitHub/AirflowTuto/venv/lib/python3.10/site-packages/airflow/example_dags/example_branch_operator_decorator.py
[2024-07-18T18:53:08.981+0200] {processor.py:830} INFO - Processing file /home/richonlinux/Documents/GitHub/AirflowTuto/venv/lib/python3.10/site-packages/airflow/example_dags/example_branch_operator_decorator.py for tasks to queue
[2024-07-18T18:53:08.982+0200] {logging_mixin.py:188} INFO - [2024-07-18T18:53:08.981+0200] {dagbag.py:545} INFO - Filling up the DagBag from /home/richonlinux/Documents/GitHub/AirflowTuto/venv/lib/python3.10/site-packages/airflow/example_dags/example_branch_operator_decorator.py
[2024-07-18T18:53:08.983+0200] {processor.py:842} WARNING - No viable dags retrieved from /home/richonlinux/Documents/GitHub/AirflowTuto/venv/lib/python3.10/site-packages/airflow/example_dags/example_branch_operator_decorator.py
[2024-07-18T18:53:08.989+0200] {processor.py:183} INFO - Processing /home/richonlinux/Documents/GitHub/AirflowTuto/venv/lib/python3.10/site-packages/airflow/example_dags/example_branch_operator_decorator.py took 0.012 seconds
[2024-07-18T18:54:15.397+0200] {processor.py:161} INFO - Started process (PID=272027) to work on /home/richonlinux/Documents/GitHub/AirflowTuto/venv/lib/python3.10/site-packages/airflow/example_dags/example_branch_operator_decorator.py
[2024-07-18T18:54:15.397+0200] {processor.py:830} INFO - Processing file /home/richonlinux/Documents/GitHub/AirflowTuto/venv/lib/python3.10/site-packages/airflow/example_dags/example_branch_operator_decorator.py for tasks to queue
[2024-07-18T18:54:15.398+0200] {logging_mixin.py:188} INFO - [2024-07-18T18:54:15.398+0200] {dagbag.py:545} INFO - Filling up the DagBag from /home/richonlinux/Documents/GitHub/AirflowTuto/venv/lib/python3.10/site-packages/airflow/example_dags/example_branch_operator_decorator.py
[2024-07-18T18:54:15.400+0200] {processor.py:842} WARNING - No viable dags retrieved from /home/richonlinux/Documents/GitHub/AirflowTuto/venv/lib/python3.10/site-packages/airflow/example_dags/example_branch_operator_decorator.py
[2024-07-18T18:54:15.407+0200] {processor.py:183} INFO - Processing /home/richonlinux/Documents/GitHub/AirflowTuto/venv/lib/python3.10/site-packages/airflow/example_dags/example_branch_operator_decorator.py took 0.015 seconds
[2024-07-18T18:55:15.758+0200] {processor.py:161} INFO - Started process (PID=272996) to work on /home/richonlinux/Documents/GitHub/AirflowTuto/venv/lib/python3.10/site-packages/airflow/example_dags/example_branch_operator_decorator.py
[2024-07-18T18:55:15.759+0200] {processor.py:830} INFO - Processing file /home/richonlinux/Documents/GitHub/AirflowTuto/venv/lib/python3.10/site-packages/airflow/example_dags/example_branch_operator_decorator.py for tasks to queue
[2024-07-18T18:55:15.761+0200] {logging_mixin.py:188} INFO - [2024-07-18T18:55:15.761+0200] {dagbag.py:545} INFO - Filling up the DagBag from /home/richonlinux/Documents/GitHub/AirflowTuto/venv/lib/python3.10/site-packages/airflow/example_dags/example_branch_operator_decorator.py
[2024-07-18T18:55:15.763+0200] {processor.py:842} WARNING - No viable dags retrieved from /home/richonlinux/Documents/GitHub/AirflowTuto/venv/lib/python3.10/site-packages/airflow/example_dags/example_branch_operator_decorator.py
[2024-07-18T18:55:15.769+0200] {processor.py:183} INFO - Processing /home/richonlinux/Documents/GitHub/AirflowTuto/venv/lib/python3.10/site-packages/airflow/example_dags/example_branch_operator_decorator.py took 0.019 seconds
[2024-07-18T18:56:13.825+0200] {processor.py:161} INFO - Started process (PID=273945) to work on /home/richonlinux/Documents/GitHub/AirflowTuto/venv/lib/python3.10/site-packages/airflow/example_dags/example_branch_operator_decorator.py
[2024-07-18T18:56:13.826+0200] {processor.py:830} INFO - Processing file /home/richonlinux/Documents/GitHub/AirflowTuto/venv/lib/python3.10/site-packages/airflow/example_dags/example_branch_operator_decorator.py for tasks to queue
[2024-07-18T18:56:13.828+0200] {logging_mixin.py:188} INFO - [2024-07-18T18:56:13.828+0200] {dagbag.py:545} INFO - Filling up the DagBag from /home/richonlinux/Documents/GitHub/AirflowTuto/venv/lib/python3.10/site-packages/airflow/example_dags/example_branch_operator_decorator.py
[2024-07-18T18:56:13.830+0200] {processor.py:842} WARNING - No viable dags retrieved from /home/richonlinux/Documents/GitHub/AirflowTuto/venv/lib/python3.10/site-packages/airflow/example_dags/example_branch_operator_decorator.py
[2024-07-18T18:56:13.836+0200] {processor.py:183} INFO - Processing /home/richonlinux/Documents/GitHub/AirflowTuto/venv/lib/python3.10/site-packages/airflow/example_dags/example_branch_operator_decorator.py took 0.019 seconds
[2024-07-18T18:57:11.559+0200] {processor.py:161} INFO - Started process (PID=274963) to work on /home/richonlinux/Documents/GitHub/AirflowTuto/venv/lib/python3.10/site-packages/airflow/example_dags/example_branch_operator_decorator.py
[2024-07-18T18:57:11.563+0200] {processor.py:830} INFO - Processing file /home/richonlinux/Documents/GitHub/AirflowTuto/venv/lib/python3.10/site-packages/airflow/example_dags/example_branch_operator_decorator.py for tasks to queue
[2024-07-18T18:57:11.565+0200] {logging_mixin.py:188} INFO - [2024-07-18T18:57:11.564+0200] {dagbag.py:545} INFO - Filling up the DagBag from /home/richonlinux/Documents/GitHub/AirflowTuto/venv/lib/python3.10/site-packages/airflow/example_dags/example_branch_operator_decorator.py
[2024-07-18T18:57:11.567+0200] {processor.py:842} WARNING - No viable dags retrieved from /home/richonlinux/Documents/GitHub/AirflowTuto/venv/lib/python3.10/site-packages/airflow/example_dags/example_branch_operator_decorator.py
[2024-07-18T18:57:11.573+0200] {processor.py:183} INFO - Processing /home/richonlinux/Documents/GitHub/AirflowTuto/venv/lib/python3.10/site-packages/airflow/example_dags/example_branch_operator_decorator.py took 0.019 seconds
[2024-07-18T18:58:11.584+0200] {processor.py:161} INFO - Started process (PID=275896) to work on /home/richonlinux/Documents/GitHub/AirflowTuto/venv/lib/python3.10/site-packages/airflow/example_dags/example_branch_operator_decorator.py
[2024-07-18T18:58:11.585+0200] {processor.py:830} INFO - Processing file /home/richonlinux/Documents/GitHub/AirflowTuto/venv/lib/python3.10/site-packages/airflow/example_dags/example_branch_operator_decorator.py for tasks to queue
[2024-07-18T18:58:11.587+0200] {logging_mixin.py:188} INFO - [2024-07-18T18:58:11.586+0200] {dagbag.py:545} INFO - Filling up the DagBag from /home/richonlinux/Documents/GitHub/AirflowTuto/venv/lib/python3.10/site-packages/airflow/example_dags/example_branch_operator_decorator.py
[2024-07-18T18:58:11.589+0200] {processor.py:842} WARNING - No viable dags retrieved from /home/richonlinux/Documents/GitHub/AirflowTuto/venv/lib/python3.10/site-packages/airflow/example_dags/example_branch_operator_decorator.py
[2024-07-18T18:58:11.595+0200] {processor.py:183} INFO - Processing /home/richonlinux/Documents/GitHub/AirflowTuto/venv/lib/python3.10/site-packages/airflow/example_dags/example_branch_operator_decorator.py took 0.015 seconds
[2024-07-18T18:59:12.458+0200] {processor.py:161} INFO - Started process (PID=276998) to work on /home/richonlinux/Documents/GitHub/AirflowTuto/venv/lib/python3.10/site-packages/airflow/example_dags/example_branch_operator_decorator.py
[2024-07-18T18:59:12.459+0200] {processor.py:830} INFO - Processing file /home/richonlinux/Documents/GitHub/AirflowTuto/venv/lib/python3.10/site-packages/airflow/example_dags/example_branch_operator_decorator.py for tasks to queue
[2024-07-18T18:59:12.460+0200] {logging_mixin.py:188} INFO - [2024-07-18T18:59:12.459+0200] {dagbag.py:545} INFO - Filling up the DagBag from /home/richonlinux/Documents/GitHub/AirflowTuto/venv/lib/python3.10/site-packages/airflow/example_dags/example_branch_operator_decorator.py
[2024-07-18T18:59:12.462+0200] {processor.py:842} WARNING - No viable dags retrieved from /home/richonlinux/Documents/GitHub/AirflowTuto/venv/lib/python3.10/site-packages/airflow/example_dags/example_branch_operator_decorator.py
[2024-07-18T18:59:12.468+0200] {processor.py:183} INFO - Processing /home/richonlinux/Documents/GitHub/AirflowTuto/venv/lib/python3.10/site-packages/airflow/example_dags/example_branch_operator_decorator.py took 0.013 seconds
