[2024-07-18T18:16:30.378+0200] {processor.py:161} INFO - Started process (PID=258143) to work on /home/richonlinux/Documents/GitHub/AirflowTuto/venv/lib/python3.10/site-packages/airflow/example_dags/example_short_circuit_operator.py
[2024-07-18T18:16:30.378+0200] {processor.py:830} INFO - Processing file /home/richonlinux/Documents/GitHub/AirflowTuto/venv/lib/python3.10/site-packages/airflow/example_dags/example_short_circuit_operator.py for tasks to queue
[2024-07-18T18:16:30.379+0200] {logging_mixin.py:188} INFO - [2024-07-18T18:16:30.379+0200] {dagbag.py:545} INFO - Filling up the DagBag from /home/richonlinux/Documents/GitHub/AirflowTuto/venv/lib/python3.10/site-packages/airflow/example_dags/example_short_circuit_operator.py
[2024-07-18T18:16:30.385+0200] {processor.py:840} INFO - DAG(s) 'example_short_circuit_operator' retrieved from /home/richonlinux/Documents/GitHub/AirflowTuto/venv/lib/python3.10/site-packages/airflow/example_dags/example_short_circuit_operator.py
[2024-07-18T18:16:30.443+0200] {logging_mixin.py:188} INFO - [2024-07-18T18:16:30.442+0200] {override.py:1858} INFO - Created Permission View: can edit on DAG:example_short_circuit_operator
[2024-07-18T18:16:30.451+0200] {logging_mixin.py:188} INFO - [2024-07-18T18:16:30.451+0200] {override.py:1858} INFO - Created Permission View: can read on DAG:example_short_circuit_operator
[2024-07-18T18:16:30.457+0200] {logging_mixin.py:188} INFO - [2024-07-18T18:16:30.456+0200] {override.py:1858} INFO - Created Permission View: can delete on DAG:example_short_circuit_operator
[2024-07-18T18:16:30.457+0200] {logging_mixin.py:188} INFO - [2024-07-18T18:16:30.457+0200] {dag.py:3089} INFO - Sync 1 DAGs
[2024-07-18T18:16:30.464+0200] {logging_mixin.py:188} INFO - [2024-07-18T18:16:30.463+0200] {dag.py:3111} INFO - Creating ORM DAG for example_short_circuit_operator
[2024-07-18T18:16:30.468+0200] {logging_mixin.py:188} INFO - [2024-07-18T18:16:30.468+0200] {dag.py:3947} INFO - Setting next_dagrun for example_short_circuit_operator to 2024-07-17 00:00:00+00:00, run_after=2024-07-18 00:00:00+00:00
[2024-07-18T18:16:30.481+0200] {processor.py:183} INFO - Processing /home/richonlinux/Documents/GitHub/AirflowTuto/venv/lib/python3.10/site-packages/airflow/example_dags/example_short_circuit_operator.py took 0.107 seconds
[2024-07-18T18:17:22.373+0200] {processor.py:161} INFO - Started process (PID=258987) to work on /home/richonlinux/Documents/GitHub/AirflowTuto/venv/lib/python3.10/site-packages/airflow/example_dags/example_short_circuit_operator.py
[2024-07-18T18:17:22.377+0200] {processor.py:830} INFO - Processing file /home/richonlinux/Documents/GitHub/AirflowTuto/venv/lib/python3.10/site-packages/airflow/example_dags/example_short_circuit_operator.py for tasks to queue
[2024-07-18T18:17:22.379+0200] {logging_mixin.py:188} INFO - [2024-07-18T18:17:22.378+0200] {dagbag.py:545} INFO - Filling up the DagBag from /home/richonlinux/Documents/GitHub/AirflowTuto/venv/lib/python3.10/site-packages/airflow/example_dags/example_short_circuit_operator.py
[2024-07-18T18:17:22.388+0200] {processor.py:840} INFO - DAG(s) 'example_short_circuit_operator' retrieved from /home/richonlinux/Documents/GitHub/AirflowTuto/venv/lib/python3.10/site-packages/airflow/example_dags/example_short_circuit_operator.py
[2024-07-18T18:17:22.400+0200] {logging_mixin.py:188} INFO - [2024-07-18T18:17:22.400+0200] {dag.py:3089} INFO - Sync 1 DAGs
[2024-07-18T18:17:22.413+0200] {logging_mixin.py:188} INFO - [2024-07-18T18:17:22.413+0200] {dag.py:3947} INFO - Setting next_dagrun for example_short_circuit_operator to 2024-07-17 00:00:00+00:00, run_after=2024-07-18 00:00:00+00:00
[2024-07-18T18:17:22.425+0200] {processor.py:183} INFO - Processing /home/richonlinux/Documents/GitHub/AirflowTuto/venv/lib/python3.10/site-packages/airflow/example_dags/example_short_circuit_operator.py took 0.061 seconds
[2024-07-18T18:44:11.065+0200] {processor.py:161} INFO - Started process (PID=260210) to work on /home/richonlinux/Documents/GitHub/AirflowTuto/venv/lib/python3.10/site-packages/airflow/example_dags/example_short_circuit_operator.py
[2024-07-18T18:44:11.069+0200] {processor.py:830} INFO - Processing file /home/richonlinux/Documents/GitHub/AirflowTuto/venv/lib/python3.10/site-packages/airflow/example_dags/example_short_circuit_operator.py for tasks to queue
[2024-07-18T18:44:11.070+0200] {logging_mixin.py:188} INFO - [2024-07-18T18:44:11.070+0200] {dagbag.py:545} INFO - Filling up the DagBag from /home/richonlinux/Documents/GitHub/AirflowTuto/venv/lib/python3.10/site-packages/airflow/example_dags/example_short_circuit_operator.py
[2024-07-18T18:44:11.075+0200] {processor.py:840} INFO - DAG(s) 'example_short_circuit_operator' retrieved from /home/richonlinux/Documents/GitHub/AirflowTuto/venv/lib/python3.10/site-packages/airflow/example_dags/example_short_circuit_operator.py
[2024-07-18T18:44:11.086+0200] {logging_mixin.py:188} INFO - [2024-07-18T18:44:11.086+0200] {dag.py:3089} INFO - Sync 1 DAGs
[2024-07-18T18:44:11.160+0200] {logging_mixin.py:188} INFO - [2024-07-18T18:44:11.160+0200] {dag.py:3947} INFO - Setting next_dagrun for example_short_circuit_operator to 2024-07-17 00:00:00+00:00, run_after=2024-07-18 00:00:00+00:00
[2024-07-18T18:44:11.173+0200] {processor.py:183} INFO - Processing /home/richonlinux/Documents/GitHub/AirflowTuto/venv/lib/python3.10/site-packages/airflow/example_dags/example_short_circuit_operator.py took 0.116 seconds
[2024-07-18T18:45:03.899+0200] {processor.py:161} INFO - Started process (PID=261313) to work on /home/richonlinux/Documents/GitHub/AirflowTuto/venv/lib/python3.10/site-packages/airflow/example_dags/example_short_circuit_operator.py
[2024-07-18T18:45:03.900+0200] {processor.py:830} INFO - Processing file /home/richonlinux/Documents/GitHub/AirflowTuto/venv/lib/python3.10/site-packages/airflow/example_dags/example_short_circuit_operator.py for tasks to queue
[2024-07-18T18:45:03.901+0200] {logging_mixin.py:188} INFO - [2024-07-18T18:45:03.901+0200] {dagbag.py:545} INFO - Filling up the DagBag from /home/richonlinux/Documents/GitHub/AirflowTuto/venv/lib/python3.10/site-packages/airflow/example_dags/example_short_circuit_operator.py
[2024-07-18T18:45:03.906+0200] {processor.py:840} INFO - DAG(s) 'example_short_circuit_operator' retrieved from /home/richonlinux/Documents/GitHub/AirflowTuto/venv/lib/python3.10/site-packages/airflow/example_dags/example_short_circuit_operator.py
[2024-07-18T18:45:03.916+0200] {logging_mixin.py:188} INFO - [2024-07-18T18:45:03.916+0200] {dag.py:3089} INFO - Sync 1 DAGs
[2024-07-18T18:45:03.926+0200] {logging_mixin.py:188} INFO - [2024-07-18T18:45:03.926+0200] {dag.py:3947} INFO - Setting next_dagrun for example_short_circuit_operator to 2024-07-17 00:00:00+00:00, run_after=2024-07-18 00:00:00+00:00
[2024-07-18T18:45:03.939+0200] {processor.py:183} INFO - Processing /home/richonlinux/Documents/GitHub/AirflowTuto/venv/lib/python3.10/site-packages/airflow/example_dags/example_short_circuit_operator.py took 0.044 seconds
[2024-07-18T18:45:48.121+0200] {processor.py:161} INFO - Started process (PID=262194) to work on /home/richonlinux/Documents/GitHub/AirflowTuto/venv/lib/python3.10/site-packages/airflow/example_dags/example_short_circuit_operator.py
[2024-07-18T18:45:48.122+0200] {processor.py:830} INFO - Processing file /home/richonlinux/Documents/GitHub/AirflowTuto/venv/lib/python3.10/site-packages/airflow/example_dags/example_short_circuit_operator.py for tasks to queue
[2024-07-18T18:45:48.124+0200] {logging_mixin.py:188} INFO - [2024-07-18T18:45:48.123+0200] {dagbag.py:545} INFO - Filling up the DagBag from /home/richonlinux/Documents/GitHub/AirflowTuto/venv/lib/python3.10/site-packages/airflow/example_dags/example_short_circuit_operator.py
[2024-07-18T18:45:48.129+0200] {processor.py:840} INFO - DAG(s) 'example_short_circuit_operator' retrieved from /home/richonlinux/Documents/GitHub/AirflowTuto/venv/lib/python3.10/site-packages/airflow/example_dags/example_short_circuit_operator.py
[2024-07-18T18:45:48.140+0200] {logging_mixin.py:188} INFO - [2024-07-18T18:45:48.140+0200] {dag.py:3089} INFO - Sync 1 DAGs
[2024-07-18T18:45:48.152+0200] {logging_mixin.py:188} INFO - [2024-07-18T18:45:48.151+0200] {dag.py:3947} INFO - Setting next_dagrun for example_short_circuit_operator to 2024-07-17 00:00:00+00:00, run_after=2024-07-18 00:00:00+00:00
[2024-07-18T18:45:48.164+0200] {processor.py:183} INFO - Processing /home/richonlinux/Documents/GitHub/AirflowTuto/venv/lib/python3.10/site-packages/airflow/example_dags/example_short_circuit_operator.py took 0.053 seconds
[2024-07-18T18:49:41.393+0200] {processor.py:161} INFO - Started process (PID=266391) to work on /home/richonlinux/Documents/GitHub/AirflowTuto/venv/lib/python3.10/site-packages/airflow/example_dags/example_short_circuit_operator.py
[2024-07-18T18:49:41.393+0200] {processor.py:830} INFO - Processing file /home/richonlinux/Documents/GitHub/AirflowTuto/venv/lib/python3.10/site-packages/airflow/example_dags/example_short_circuit_operator.py for tasks to queue
[2024-07-18T18:49:41.394+0200] {logging_mixin.py:188} INFO - [2024-07-18T18:49:41.394+0200] {dagbag.py:545} INFO - Filling up the DagBag from /home/richonlinux/Documents/GitHub/AirflowTuto/venv/lib/python3.10/site-packages/airflow/example_dags/example_short_circuit_operator.py
[2024-07-18T18:49:41.401+0200] {processor.py:840} INFO - DAG(s) 'example_short_circuit_operator' retrieved from /home/richonlinux/Documents/GitHub/AirflowTuto/venv/lib/python3.10/site-packages/airflow/example_dags/example_short_circuit_operator.py
[2024-07-18T18:49:41.406+0200] {logging_mixin.py:188} INFO - [2024-07-18T18:49:41.405+0200] {dag.py:3089} INFO - Sync 1 DAGs
[2024-07-18T18:49:41.420+0200] {logging_mixin.py:188} INFO - [2024-07-18T18:49:41.420+0200] {dag.py:3947} INFO - Setting next_dagrun for example_short_circuit_operator to 2024-07-17 00:00:00+00:00, run_after=2024-07-18 00:00:00+00:00
[2024-07-18T18:49:41.439+0200] {processor.py:183} INFO - Processing /home/richonlinux/Documents/GitHub/AirflowTuto/venv/lib/python3.10/site-packages/airflow/example_dags/example_short_circuit_operator.py took 0.049 seconds
[2024-07-18T18:51:34.787+0200] {processor.py:161} INFO - Started process (PID=268513) to work on /home/richonlinux/Documents/GitHub/AirflowTuto/venv/lib/python3.10/site-packages/airflow/example_dags/example_short_circuit_operator.py
[2024-07-18T18:51:34.788+0200] {processor.py:830} INFO - Processing file /home/richonlinux/Documents/GitHub/AirflowTuto/venv/lib/python3.10/site-packages/airflow/example_dags/example_short_circuit_operator.py for tasks to queue
[2024-07-18T18:51:34.790+0200] {logging_mixin.py:188} INFO - [2024-07-18T18:51:34.789+0200] {dagbag.py:545} INFO - Filling up the DagBag from /home/richonlinux/Documents/GitHub/AirflowTuto/venv/lib/python3.10/site-packages/airflow/example_dags/example_short_circuit_operator.py
[2024-07-18T18:51:34.797+0200] {processor.py:840} INFO - DAG(s) 'example_short_circuit_operator' retrieved from /home/richonlinux/Documents/GitHub/AirflowTuto/venv/lib/python3.10/site-packages/airflow/example_dags/example_short_circuit_operator.py
[2024-07-18T18:51:34.801+0200] {logging_mixin.py:188} INFO - [2024-07-18T18:51:34.801+0200] {dag.py:3089} INFO - Sync 1 DAGs
[2024-07-18T18:51:34.810+0200] {logging_mixin.py:188} INFO - [2024-07-18T18:51:34.810+0200] {dag.py:3947} INFO - Setting next_dagrun for example_short_circuit_operator to 2024-07-17 00:00:00+00:00, run_after=2024-07-18 00:00:00+00:00
[2024-07-18T18:51:34.823+0200] {processor.py:183} INFO - Processing /home/richonlinux/Documents/GitHub/AirflowTuto/venv/lib/python3.10/site-packages/airflow/example_dags/example_short_circuit_operator.py took 0.045 seconds
[2024-07-18T18:52:26.537+0200] {processor.py:161} INFO - Started process (PID=269360) to work on /home/richonlinux/Documents/GitHub/AirflowTuto/venv/lib/python3.10/site-packages/airflow/example_dags/example_short_circuit_operator.py
[2024-07-18T18:52:26.542+0200] {processor.py:830} INFO - Processing file /home/richonlinux/Documents/GitHub/AirflowTuto/venv/lib/python3.10/site-packages/airflow/example_dags/example_short_circuit_operator.py for tasks to queue
[2024-07-18T18:52:26.543+0200] {logging_mixin.py:188} INFO - [2024-07-18T18:52:26.543+0200] {dagbag.py:545} INFO - Filling up the DagBag from /home/richonlinux/Documents/GitHub/AirflowTuto/venv/lib/python3.10/site-packages/airflow/example_dags/example_short_circuit_operator.py
[2024-07-18T18:52:26.550+0200] {processor.py:840} INFO - DAG(s) 'example_short_circuit_operator' retrieved from /home/richonlinux/Documents/GitHub/AirflowTuto/venv/lib/python3.10/site-packages/airflow/example_dags/example_short_circuit_operator.py
[2024-07-18T18:52:26.650+0200] {logging_mixin.py:188} INFO - [2024-07-18T18:52:26.650+0200] {dag.py:3089} INFO - Sync 1 DAGs
[2024-07-18T18:52:26.657+0200] {logging_mixin.py:188} INFO - [2024-07-18T18:52:26.657+0200] {dag.py:3947} INFO - Setting next_dagrun for example_short_circuit_operator to 2024-07-17 00:00:00+00:00, run_after=2024-07-18 00:00:00+00:00
[2024-07-18T18:52:26.669+0200] {processor.py:183} INFO - Processing /home/richonlinux/Documents/GitHub/AirflowTuto/venv/lib/python3.10/site-packages/airflow/example_dags/example_short_circuit_operator.py took 0.140 seconds
[2024-07-18T18:53:18.226+0200] {processor.py:161} INFO - Started process (PID=270867) to work on /home/richonlinux/Documents/GitHub/AirflowTuto/venv/lib/python3.10/site-packages/airflow/example_dags/example_short_circuit_operator.py
[2024-07-18T18:53:18.228+0200] {processor.py:830} INFO - Processing file /home/richonlinux/Documents/GitHub/AirflowTuto/venv/lib/python3.10/site-packages/airflow/example_dags/example_short_circuit_operator.py for tasks to queue
[2024-07-18T18:53:18.229+0200] {logging_mixin.py:188} INFO - [2024-07-18T18:53:18.229+0200] {dagbag.py:545} INFO - Filling up the DagBag from /home/richonlinux/Documents/GitHub/AirflowTuto/venv/lib/python3.10/site-packages/airflow/example_dags/example_short_circuit_operator.py
[2024-07-18T18:53:18.234+0200] {processor.py:840} INFO - DAG(s) 'example_short_circuit_operator' retrieved from /home/richonlinux/Documents/GitHub/AirflowTuto/venv/lib/python3.10/site-packages/airflow/example_dags/example_short_circuit_operator.py
[2024-07-18T18:53:18.246+0200] {logging_mixin.py:188} INFO - [2024-07-18T18:53:18.246+0200] {dag.py:3089} INFO - Sync 1 DAGs
[2024-07-18T18:53:18.315+0200] {logging_mixin.py:188} INFO - [2024-07-18T18:53:18.315+0200] {dag.py:3947} INFO - Setting next_dagrun for example_short_circuit_operator to 2024-07-17 00:00:00+00:00, run_after=2024-07-18 00:00:00+00:00
[2024-07-18T18:53:18.327+0200] {processor.py:183} INFO - Processing /home/richonlinux/Documents/GitHub/AirflowTuto/venv/lib/python3.10/site-packages/airflow/example_dags/example_short_circuit_operator.py took 0.107 seconds
[2024-07-18T18:54:03.366+0200] {processor.py:161} INFO - Started process (PID=271823) to work on /home/richonlinux/Documents/GitHub/AirflowTuto/venv/lib/python3.10/site-packages/airflow/example_dags/example_short_circuit_operator.py
[2024-07-18T18:54:03.367+0200] {processor.py:830} INFO - Processing file /home/richonlinux/Documents/GitHub/AirflowTuto/venv/lib/python3.10/site-packages/airflow/example_dags/example_short_circuit_operator.py for tasks to queue
[2024-07-18T18:54:03.368+0200] {logging_mixin.py:188} INFO - [2024-07-18T18:54:03.368+0200] {dagbag.py:545} INFO - Filling up the DagBag from /home/richonlinux/Documents/GitHub/AirflowTuto/venv/lib/python3.10/site-packages/airflow/example_dags/example_short_circuit_operator.py
[2024-07-18T18:54:03.372+0200] {processor.py:840} INFO - DAG(s) 'example_short_circuit_operator' retrieved from /home/richonlinux/Documents/GitHub/AirflowTuto/venv/lib/python3.10/site-packages/airflow/example_dags/example_short_circuit_operator.py
[2024-07-18T18:54:03.381+0200] {logging_mixin.py:188} INFO - [2024-07-18T18:54:03.381+0200] {dag.py:3089} INFO - Sync 1 DAGs
[2024-07-18T18:54:03.391+0200] {logging_mixin.py:188} INFO - [2024-07-18T18:54:03.391+0200] {dag.py:3947} INFO - Setting next_dagrun for example_short_circuit_operator to 2024-07-17 00:00:00+00:00, run_after=2024-07-18 00:00:00+00:00
[2024-07-18T18:54:03.403+0200] {processor.py:183} INFO - Processing /home/richonlinux/Documents/GitHub/AirflowTuto/venv/lib/python3.10/site-packages/airflow/example_dags/example_short_circuit_operator.py took 0.040 seconds
[2024-07-18T18:54:46.533+0200] {processor.py:161} INFO - Started process (PID=272540) to work on /home/richonlinux/Documents/GitHub/AirflowTuto/venv/lib/python3.10/site-packages/airflow/example_dags/example_short_circuit_operator.py
[2024-07-18T18:54:46.534+0200] {processor.py:830} INFO - Processing file /home/richonlinux/Documents/GitHub/AirflowTuto/venv/lib/python3.10/site-packages/airflow/example_dags/example_short_circuit_operator.py for tasks to queue
[2024-07-18T18:54:46.536+0200] {logging_mixin.py:188} INFO - [2024-07-18T18:54:46.536+0200] {dagbag.py:545} INFO - Filling up the DagBag from /home/richonlinux/Documents/GitHub/AirflowTuto/venv/lib/python3.10/site-packages/airflow/example_dags/example_short_circuit_operator.py
[2024-07-18T18:54:46.542+0200] {processor.py:840} INFO - DAG(s) 'example_short_circuit_operator' retrieved from /home/richonlinux/Documents/GitHub/AirflowTuto/venv/lib/python3.10/site-packages/airflow/example_dags/example_short_circuit_operator.py
[2024-07-18T18:54:46.552+0200] {logging_mixin.py:188} INFO - [2024-07-18T18:54:46.552+0200] {dag.py:3089} INFO - Sync 1 DAGs
[2024-07-18T18:54:46.562+0200] {logging_mixin.py:188} INFO - [2024-07-18T18:54:46.561+0200] {dag.py:3947} INFO - Setting next_dagrun for example_short_circuit_operator to 2024-07-17 00:00:00+00:00, run_after=2024-07-18 00:00:00+00:00
[2024-07-18T18:54:46.574+0200] {processor.py:183} INFO - Processing /home/richonlinux/Documents/GitHub/AirflowTuto/venv/lib/python3.10/site-packages/airflow/example_dags/example_short_circuit_operator.py took 0.046 seconds
[2024-07-18T18:55:26.867+0200] {processor.py:161} INFO - Started process (PID=273209) to work on /home/richonlinux/Documents/GitHub/AirflowTuto/venv/lib/python3.10/site-packages/airflow/example_dags/example_short_circuit_operator.py
[2024-07-18T18:55:26.867+0200] {processor.py:830} INFO - Processing file /home/richonlinux/Documents/GitHub/AirflowTuto/venv/lib/python3.10/site-packages/airflow/example_dags/example_short_circuit_operator.py for tasks to queue
[2024-07-18T18:55:26.868+0200] {logging_mixin.py:188} INFO - [2024-07-18T18:55:26.868+0200] {dagbag.py:545} INFO - Filling up the DagBag from /home/richonlinux/Documents/GitHub/AirflowTuto/venv/lib/python3.10/site-packages/airflow/example_dags/example_short_circuit_operator.py
[2024-07-18T18:55:26.872+0200] {processor.py:840} INFO - DAG(s) 'example_short_circuit_operator' retrieved from /home/richonlinux/Documents/GitHub/AirflowTuto/venv/lib/python3.10/site-packages/airflow/example_dags/example_short_circuit_operator.py
[2024-07-18T18:55:26.882+0200] {logging_mixin.py:188} INFO - [2024-07-18T18:55:26.882+0200] {dag.py:3089} INFO - Sync 1 DAGs
[2024-07-18T18:55:26.892+0200] {logging_mixin.py:188} INFO - [2024-07-18T18:55:26.892+0200] {dag.py:3947} INFO - Setting next_dagrun for example_short_circuit_operator to 2024-07-17 00:00:00+00:00, run_after=2024-07-18 00:00:00+00:00
[2024-07-18T18:55:26.904+0200] {processor.py:183} INFO - Processing /home/richonlinux/Documents/GitHub/AirflowTuto/venv/lib/python3.10/site-packages/airflow/example_dags/example_short_circuit_operator.py took 0.040 seconds
[2024-07-18T18:56:22.393+0200] {processor.py:161} INFO - Started process (PID=274184) to work on /home/richonlinux/Documents/GitHub/AirflowTuto/venv/lib/python3.10/site-packages/airflow/example_dags/example_short_circuit_operator.py
[2024-07-18T18:56:22.394+0200] {processor.py:830} INFO - Processing file /home/richonlinux/Documents/GitHub/AirflowTuto/venv/lib/python3.10/site-packages/airflow/example_dags/example_short_circuit_operator.py for tasks to queue
[2024-07-18T18:56:22.395+0200] {logging_mixin.py:188} INFO - [2024-07-18T18:56:22.395+0200] {dagbag.py:545} INFO - Filling up the DagBag from /home/richonlinux/Documents/GitHub/AirflowTuto/venv/lib/python3.10/site-packages/airflow/example_dags/example_short_circuit_operator.py
[2024-07-18T18:56:22.400+0200] {processor.py:840} INFO - DAG(s) 'example_short_circuit_operator' retrieved from /home/richonlinux/Documents/GitHub/AirflowTuto/venv/lib/python3.10/site-packages/airflow/example_dags/example_short_circuit_operator.py
[2024-07-18T18:56:22.410+0200] {logging_mixin.py:188} INFO - [2024-07-18T18:56:22.410+0200] {dag.py:3089} INFO - Sync 1 DAGs
[2024-07-18T18:56:22.420+0200] {logging_mixin.py:188} INFO - [2024-07-18T18:56:22.420+0200] {dag.py:3947} INFO - Setting next_dagrun for example_short_circuit_operator to 2024-07-17 00:00:00+00:00, run_after=2024-07-18 00:00:00+00:00
[2024-07-18T18:56:22.432+0200] {processor.py:183} INFO - Processing /home/richonlinux/Documents/GitHub/AirflowTuto/venv/lib/python3.10/site-packages/airflow/example_dags/example_short_circuit_operator.py took 0.042 seconds
[2024-07-18T18:57:04.852+0200] {processor.py:161} INFO - Started process (PID=274872) to work on /home/richonlinux/Documents/GitHub/AirflowTuto/venv/lib/python3.10/site-packages/airflow/example_dags/example_short_circuit_operator.py
[2024-07-18T18:57:04.853+0200] {processor.py:830} INFO - Processing file /home/richonlinux/Documents/GitHub/AirflowTuto/venv/lib/python3.10/site-packages/airflow/example_dags/example_short_circuit_operator.py for tasks to queue
[2024-07-18T18:57:04.854+0200] {logging_mixin.py:188} INFO - [2024-07-18T18:57:04.854+0200] {dagbag.py:545} INFO - Filling up the DagBag from /home/richonlinux/Documents/GitHub/AirflowTuto/venv/lib/python3.10/site-packages/airflow/example_dags/example_short_circuit_operator.py
[2024-07-18T18:57:04.860+0200] {processor.py:840} INFO - DAG(s) 'example_short_circuit_operator' retrieved from /home/richonlinux/Documents/GitHub/AirflowTuto/venv/lib/python3.10/site-packages/airflow/example_dags/example_short_circuit_operator.py
[2024-07-18T18:57:04.870+0200] {logging_mixin.py:188} INFO - [2024-07-18T18:57:04.869+0200] {dag.py:3089} INFO - Sync 1 DAGs
[2024-07-18T18:57:04.880+0200] {logging_mixin.py:188} INFO - [2024-07-18T18:57:04.880+0200] {dag.py:3947} INFO - Setting next_dagrun for example_short_circuit_operator to 2024-07-17 00:00:00+00:00, run_after=2024-07-18 00:00:00+00:00
[2024-07-18T18:57:04.892+0200] {processor.py:183} INFO - Processing /home/richonlinux/Documents/GitHub/AirflowTuto/venv/lib/python3.10/site-packages/airflow/example_dags/example_short_circuit_operator.py took 0.049 seconds
[2024-07-18T18:58:03.015+0200] {processor.py:161} INFO - Started process (PID=275774) to work on /home/richonlinux/Documents/GitHub/AirflowTuto/venv/lib/python3.10/site-packages/airflow/example_dags/example_short_circuit_operator.py
[2024-07-18T18:58:03.019+0200] {processor.py:830} INFO - Processing file /home/richonlinux/Documents/GitHub/AirflowTuto/venv/lib/python3.10/site-packages/airflow/example_dags/example_short_circuit_operator.py for tasks to queue
[2024-07-18T18:58:03.021+0200] {logging_mixin.py:188} INFO - [2024-07-18T18:58:03.021+0200] {dagbag.py:545} INFO - Filling up the DagBag from /home/richonlinux/Documents/GitHub/AirflowTuto/venv/lib/python3.10/site-packages/airflow/example_dags/example_short_circuit_operator.py
[2024-07-18T18:58:03.029+0200] {processor.py:840} INFO - DAG(s) 'example_short_circuit_operator' retrieved from /home/richonlinux/Documents/GitHub/AirflowTuto/venv/lib/python3.10/site-packages/airflow/example_dags/example_short_circuit_operator.py
[2024-07-18T18:58:03.039+0200] {logging_mixin.py:188} INFO - [2024-07-18T18:58:03.038+0200] {dag.py:3089} INFO - Sync 1 DAGs
[2024-07-18T18:58:03.048+0200] {logging_mixin.py:188} INFO - [2024-07-18T18:58:03.048+0200] {dag.py:3947} INFO - Setting next_dagrun for example_short_circuit_operator to 2024-07-17 00:00:00+00:00, run_after=2024-07-18 00:00:00+00:00
[2024-07-18T18:58:03.060+0200] {processor.py:183} INFO - Processing /home/richonlinux/Documents/GitHub/AirflowTuto/venv/lib/python3.10/site-packages/airflow/example_dags/example_short_circuit_operator.py took 0.054 seconds
[2024-07-18T18:59:03.459+0200] {processor.py:161} INFO - Started process (PID=276834) to work on /home/richonlinux/Documents/GitHub/AirflowTuto/venv/lib/python3.10/site-packages/airflow/example_dags/example_short_circuit_operator.py
[2024-07-18T18:59:03.460+0200] {processor.py:830} INFO - Processing file /home/richonlinux/Documents/GitHub/AirflowTuto/venv/lib/python3.10/site-packages/airflow/example_dags/example_short_circuit_operator.py for tasks to queue
[2024-07-18T18:59:03.461+0200] {logging_mixin.py:188} INFO - [2024-07-18T18:59:03.461+0200] {dagbag.py:545} INFO - Filling up the DagBag from /home/richonlinux/Documents/GitHub/AirflowTuto/venv/lib/python3.10/site-packages/airflow/example_dags/example_short_circuit_operator.py
[2024-07-18T18:59:03.466+0200] {processor.py:840} INFO - DAG(s) 'example_short_circuit_operator' retrieved from /home/richonlinux/Documents/GitHub/AirflowTuto/venv/lib/python3.10/site-packages/airflow/example_dags/example_short_circuit_operator.py
[2024-07-18T18:59:03.476+0200] {logging_mixin.py:188} INFO - [2024-07-18T18:59:03.475+0200] {dag.py:3089} INFO - Sync 1 DAGs
[2024-07-18T18:59:03.485+0200] {logging_mixin.py:188} INFO - [2024-07-18T18:59:03.485+0200] {dag.py:3947} INFO - Setting next_dagrun for example_short_circuit_operator to 2024-07-17 00:00:00+00:00, run_after=2024-07-18 00:00:00+00:00
[2024-07-18T18:59:03.497+0200] {processor.py:183} INFO - Processing /home/richonlinux/Documents/GitHub/AirflowTuto/venv/lib/python3.10/site-packages/airflow/example_dags/example_short_circuit_operator.py took 0.044 seconds
[2024-07-18T19:00:05.172+0200] {processor.py:161} INFO - Started process (PID=277949) to work on /home/richonlinux/Documents/GitHub/AirflowTuto/venv/lib/python3.10/site-packages/airflow/example_dags/example_short_circuit_operator.py
[2024-07-18T19:00:05.173+0200] {processor.py:830} INFO - Processing file /home/richonlinux/Documents/GitHub/AirflowTuto/venv/lib/python3.10/site-packages/airflow/example_dags/example_short_circuit_operator.py for tasks to queue
[2024-07-18T19:00:05.174+0200] {logging_mixin.py:188} INFO - [2024-07-18T19:00:05.174+0200] {dagbag.py:545} INFO - Filling up the DagBag from /home/richonlinux/Documents/GitHub/AirflowTuto/venv/lib/python3.10/site-packages/airflow/example_dags/example_short_circuit_operator.py
[2024-07-18T19:00:05.178+0200] {processor.py:840} INFO - DAG(s) 'example_short_circuit_operator' retrieved from /home/richonlinux/Documents/GitHub/AirflowTuto/venv/lib/python3.10/site-packages/airflow/example_dags/example_short_circuit_operator.py
[2024-07-18T19:00:05.188+0200] {logging_mixin.py:188} INFO - [2024-07-18T19:00:05.188+0200] {dag.py:3089} INFO - Sync 1 DAGs
[2024-07-18T19:00:05.197+0200] {logging_mixin.py:188} INFO - [2024-07-18T19:00:05.197+0200] {dag.py:3947} INFO - Setting next_dagrun for example_short_circuit_operator to 2024-07-17 00:00:00+00:00, run_after=2024-07-18 00:00:00+00:00
[2024-07-18T19:00:05.209+0200] {processor.py:183} INFO - Processing /home/richonlinux/Documents/GitHub/AirflowTuto/venv/lib/python3.10/site-packages/airflow/example_dags/example_short_circuit_operator.py took 0.039 seconds
[2024-07-18T19:00:47.829+0200] {processor.py:161} INFO - Started process (PID=278838) to work on /home/richonlinux/Documents/GitHub/AirflowTuto/venv/lib/python3.10/site-packages/airflow/example_dags/example_short_circuit_operator.py
[2024-07-18T19:00:47.830+0200] {processor.py:830} INFO - Processing file /home/richonlinux/Documents/GitHub/AirflowTuto/venv/lib/python3.10/site-packages/airflow/example_dags/example_short_circuit_operator.py for tasks to queue
[2024-07-18T19:00:47.832+0200] {logging_mixin.py:188} INFO - [2024-07-18T19:00:47.831+0200] {dagbag.py:545} INFO - Filling up the DagBag from /home/richonlinux/Documents/GitHub/AirflowTuto/venv/lib/python3.10/site-packages/airflow/example_dags/example_short_circuit_operator.py
[2024-07-18T19:00:47.838+0200] {processor.py:840} INFO - DAG(s) 'example_short_circuit_operator' retrieved from /home/richonlinux/Documents/GitHub/AirflowTuto/venv/lib/python3.10/site-packages/airflow/example_dags/example_short_circuit_operator.py
[2024-07-18T19:00:47.848+0200] {logging_mixin.py:188} INFO - [2024-07-18T19:00:47.848+0200] {dag.py:3089} INFO - Sync 1 DAGs
[2024-07-18T19:00:47.858+0200] {logging_mixin.py:188} INFO - [2024-07-18T19:00:47.858+0200] {dag.py:3947} INFO - Setting next_dagrun for example_short_circuit_operator to 2024-07-17 00:00:00+00:00, run_after=2024-07-18 00:00:00+00:00
[2024-07-18T19:00:47.870+0200] {processor.py:183} INFO - Processing /home/richonlinux/Documents/GitHub/AirflowTuto/venv/lib/python3.10/site-packages/airflow/example_dags/example_short_circuit_operator.py took 0.048 seconds
[2024-07-18T19:01:45.454+0200] {processor.py:161} INFO - Started process (PID=279991) to work on /home/richonlinux/Documents/GitHub/AirflowTuto/venv/lib/python3.10/site-packages/airflow/example_dags/example_short_circuit_operator.py
[2024-07-18T19:01:45.458+0200] {processor.py:830} INFO - Processing file /home/richonlinux/Documents/GitHub/AirflowTuto/venv/lib/python3.10/site-packages/airflow/example_dags/example_short_circuit_operator.py for tasks to queue
[2024-07-18T19:01:45.459+0200] {logging_mixin.py:188} INFO - [2024-07-18T19:01:45.459+0200] {dagbag.py:545} INFO - Filling up the DagBag from /home/richonlinux/Documents/GitHub/AirflowTuto/venv/lib/python3.10/site-packages/airflow/example_dags/example_short_circuit_operator.py
[2024-07-18T19:01:45.466+0200] {processor.py:840} INFO - DAG(s) 'example_short_circuit_operator' retrieved from /home/richonlinux/Documents/GitHub/AirflowTuto/venv/lib/python3.10/site-packages/airflow/example_dags/example_short_circuit_operator.py
[2024-07-18T19:01:45.483+0200] {logging_mixin.py:188} INFO - [2024-07-18T19:01:45.482+0200] {dag.py:3089} INFO - Sync 1 DAGs
[2024-07-18T19:01:45.495+0200] {logging_mixin.py:188} INFO - [2024-07-18T19:01:45.495+0200] {dag.py:3947} INFO - Setting next_dagrun for example_short_circuit_operator to 2024-07-17 00:00:00+00:00, run_after=2024-07-18 00:00:00+00:00
[2024-07-18T19:01:45.508+0200] {processor.py:183} INFO - Processing /home/richonlinux/Documents/GitHub/AirflowTuto/venv/lib/python3.10/site-packages/airflow/example_dags/example_short_circuit_operator.py took 0.059 seconds
[2024-07-18T19:02:43.244+0200] {processor.py:161} INFO - Started process (PID=280944) to work on /home/richonlinux/Documents/GitHub/AirflowTuto/venv/lib/python3.10/site-packages/airflow/example_dags/example_short_circuit_operator.py
[2024-07-18T19:02:43.245+0200] {processor.py:830} INFO - Processing file /home/richonlinux/Documents/GitHub/AirflowTuto/venv/lib/python3.10/site-packages/airflow/example_dags/example_short_circuit_operator.py for tasks to queue
[2024-07-18T19:02:43.247+0200] {logging_mixin.py:188} INFO - [2024-07-18T19:02:43.246+0200] {dagbag.py:545} INFO - Filling up the DagBag from /home/richonlinux/Documents/GitHub/AirflowTuto/venv/lib/python3.10/site-packages/airflow/example_dags/example_short_circuit_operator.py
[2024-07-18T19:02:43.252+0200] {processor.py:840} INFO - DAG(s) 'example_short_circuit_operator' retrieved from /home/richonlinux/Documents/GitHub/AirflowTuto/venv/lib/python3.10/site-packages/airflow/example_dags/example_short_circuit_operator.py
[2024-07-18T19:02:43.262+0200] {logging_mixin.py:188} INFO - [2024-07-18T19:02:43.262+0200] {dag.py:3089} INFO - Sync 1 DAGs
[2024-07-18T19:02:43.272+0200] {logging_mixin.py:188} INFO - [2024-07-18T19:02:43.272+0200] {dag.py:3947} INFO - Setting next_dagrun for example_short_circuit_operator to 2024-07-17 00:00:00+00:00, run_after=2024-07-18 00:00:00+00:00
[2024-07-18T19:02:43.284+0200] {processor.py:183} INFO - Processing /home/richonlinux/Documents/GitHub/AirflowTuto/venv/lib/python3.10/site-packages/airflow/example_dags/example_short_circuit_operator.py took 0.048 seconds
[2024-07-18T19:03:24.402+0200] {processor.py:161} INFO - Started process (PID=281613) to work on /home/richonlinux/Documents/GitHub/AirflowTuto/venv/lib/python3.10/site-packages/airflow/example_dags/example_short_circuit_operator.py
[2024-07-18T19:03:24.403+0200] {processor.py:830} INFO - Processing file /home/richonlinux/Documents/GitHub/AirflowTuto/venv/lib/python3.10/site-packages/airflow/example_dags/example_short_circuit_operator.py for tasks to queue
[2024-07-18T19:03:24.405+0200] {logging_mixin.py:188} INFO - [2024-07-18T19:03:24.404+0200] {dagbag.py:545} INFO - Filling up the DagBag from /home/richonlinux/Documents/GitHub/AirflowTuto/venv/lib/python3.10/site-packages/airflow/example_dags/example_short_circuit_operator.py
[2024-07-18T19:03:24.411+0200] {processor.py:840} INFO - DAG(s) 'example_short_circuit_operator' retrieved from /home/richonlinux/Documents/GitHub/AirflowTuto/venv/lib/python3.10/site-packages/airflow/example_dags/example_short_circuit_operator.py
[2024-07-18T19:03:24.421+0200] {logging_mixin.py:188} INFO - [2024-07-18T19:03:24.421+0200] {dag.py:3089} INFO - Sync 1 DAGs
[2024-07-18T19:03:24.432+0200] {logging_mixin.py:188} INFO - [2024-07-18T19:03:24.432+0200] {dag.py:3947} INFO - Setting next_dagrun for example_short_circuit_operator to 2024-07-17 00:00:00+00:00, run_after=2024-07-18 00:00:00+00:00
[2024-07-18T19:03:24.444+0200] {processor.py:183} INFO - Processing /home/richonlinux/Documents/GitHub/AirflowTuto/venv/lib/python3.10/site-packages/airflow/example_dags/example_short_circuit_operator.py took 0.051 seconds
[2024-07-18T19:04:23.752+0200] {processor.py:161} INFO - Started process (PID=282596) to work on /home/richonlinux/Documents/GitHub/AirflowTuto/venv/lib/python3.10/site-packages/airflow/example_dags/example_short_circuit_operator.py
[2024-07-18T19:04:23.756+0200] {processor.py:830} INFO - Processing file /home/richonlinux/Documents/GitHub/AirflowTuto/venv/lib/python3.10/site-packages/airflow/example_dags/example_short_circuit_operator.py for tasks to queue
[2024-07-18T19:04:23.758+0200] {logging_mixin.py:188} INFO - [2024-07-18T19:04:23.758+0200] {dagbag.py:545} INFO - Filling up the DagBag from /home/richonlinux/Documents/GitHub/AirflowTuto/venv/lib/python3.10/site-packages/airflow/example_dags/example_short_circuit_operator.py
[2024-07-18T19:04:23.766+0200] {processor.py:840} INFO - DAG(s) 'example_short_circuit_operator' retrieved from /home/richonlinux/Documents/GitHub/AirflowTuto/venv/lib/python3.10/site-packages/airflow/example_dags/example_short_circuit_operator.py
[2024-07-18T19:04:23.776+0200] {logging_mixin.py:188} INFO - [2024-07-18T19:04:23.776+0200] {dag.py:3089} INFO - Sync 1 DAGs
[2024-07-18T19:04:23.786+0200] {logging_mixin.py:188} INFO - [2024-07-18T19:04:23.786+0200] {dag.py:3947} INFO - Setting next_dagrun for example_short_circuit_operator to 2024-07-17 00:00:00+00:00, run_after=2024-07-18 00:00:00+00:00
[2024-07-18T19:04:23.798+0200] {processor.py:183} INFO - Processing /home/richonlinux/Documents/GitHub/AirflowTuto/venv/lib/python3.10/site-packages/airflow/example_dags/example_short_circuit_operator.py took 0.053 seconds
[2024-07-18T19:05:21.444+0200] {processor.py:161} INFO - Started process (PID=283537) to work on /home/richonlinux/Documents/GitHub/AirflowTuto/venv/lib/python3.10/site-packages/airflow/example_dags/example_short_circuit_operator.py
[2024-07-18T19:05:21.445+0200] {processor.py:830} INFO - Processing file /home/richonlinux/Documents/GitHub/AirflowTuto/venv/lib/python3.10/site-packages/airflow/example_dags/example_short_circuit_operator.py for tasks to queue
[2024-07-18T19:05:21.446+0200] {logging_mixin.py:188} INFO - [2024-07-18T19:05:21.446+0200] {dagbag.py:545} INFO - Filling up the DagBag from /home/richonlinux/Documents/GitHub/AirflowTuto/venv/lib/python3.10/site-packages/airflow/example_dags/example_short_circuit_operator.py
[2024-07-18T19:05:21.451+0200] {processor.py:840} INFO - DAG(s) 'example_short_circuit_operator' retrieved from /home/richonlinux/Documents/GitHub/AirflowTuto/venv/lib/python3.10/site-packages/airflow/example_dags/example_short_circuit_operator.py
[2024-07-18T19:05:21.464+0200] {logging_mixin.py:188} INFO - [2024-07-18T19:05:21.464+0200] {dag.py:3089} INFO - Sync 1 DAGs
[2024-07-18T19:05:21.477+0200] {logging_mixin.py:188} INFO - [2024-07-18T19:05:21.477+0200] {dag.py:3947} INFO - Setting next_dagrun for example_short_circuit_operator to 2024-07-17 00:00:00+00:00, run_after=2024-07-18 00:00:00+00:00
[2024-07-18T19:05:21.494+0200] {processor.py:183} INFO - Processing /home/richonlinux/Documents/GitHub/AirflowTuto/venv/lib/python3.10/site-packages/airflow/example_dags/example_short_circuit_operator.py took 0.056 seconds
[2024-07-18T19:06:17.657+0200] {processor.py:161} INFO - Started process (PID=284580) to work on /home/richonlinux/Documents/GitHub/AirflowTuto/venv/lib/python3.10/site-packages/airflow/example_dags/example_short_circuit_operator.py
[2024-07-18T19:06:17.661+0200] {processor.py:830} INFO - Processing file /home/richonlinux/Documents/GitHub/AirflowTuto/venv/lib/python3.10/site-packages/airflow/example_dags/example_short_circuit_operator.py for tasks to queue
[2024-07-18T19:06:17.662+0200] {logging_mixin.py:188} INFO - [2024-07-18T19:06:17.662+0200] {dagbag.py:545} INFO - Filling up the DagBag from /home/richonlinux/Documents/GitHub/AirflowTuto/venv/lib/python3.10/site-packages/airflow/example_dags/example_short_circuit_operator.py
[2024-07-18T19:06:17.669+0200] {processor.py:840} INFO - DAG(s) 'example_short_circuit_operator' retrieved from /home/richonlinux/Documents/GitHub/AirflowTuto/venv/lib/python3.10/site-packages/airflow/example_dags/example_short_circuit_operator.py
[2024-07-18T19:06:17.685+0200] {logging_mixin.py:188} INFO - [2024-07-18T19:06:17.685+0200] {dag.py:3089} INFO - Sync 1 DAGs
[2024-07-18T19:06:17.701+0200] {logging_mixin.py:188} INFO - [2024-07-18T19:06:17.701+0200] {dag.py:3947} INFO - Setting next_dagrun for example_short_circuit_operator to 2024-07-17 00:00:00+00:00, run_after=2024-07-18 00:00:00+00:00
[2024-07-18T19:06:17.715+0200] {processor.py:183} INFO - Processing /home/richonlinux/Documents/GitHub/AirflowTuto/venv/lib/python3.10/site-packages/airflow/example_dags/example_short_circuit_operator.py took 0.062 seconds
[2024-07-18T19:06:59.328+0200] {processor.py:161} INFO - Started process (PID=285240) to work on /home/richonlinux/Documents/GitHub/AirflowTuto/venv/lib/python3.10/site-packages/airflow/example_dags/example_short_circuit_operator.py
[2024-07-18T19:06:59.329+0200] {processor.py:830} INFO - Processing file /home/richonlinux/Documents/GitHub/AirflowTuto/venv/lib/python3.10/site-packages/airflow/example_dags/example_short_circuit_operator.py for tasks to queue
[2024-07-18T19:06:59.331+0200] {logging_mixin.py:188} INFO - [2024-07-18T19:06:59.330+0200] {dagbag.py:545} INFO - Filling up the DagBag from /home/richonlinux/Documents/GitHub/AirflowTuto/venv/lib/python3.10/site-packages/airflow/example_dags/example_short_circuit_operator.py
[2024-07-18T19:06:59.335+0200] {processor.py:840} INFO - DAG(s) 'example_short_circuit_operator' retrieved from /home/richonlinux/Documents/GitHub/AirflowTuto/venv/lib/python3.10/site-packages/airflow/example_dags/example_short_circuit_operator.py
[2024-07-18T19:06:59.346+0200] {logging_mixin.py:188} INFO - [2024-07-18T19:06:59.346+0200] {dag.py:3089} INFO - Sync 1 DAGs
[2024-07-18T19:06:59.355+0200] {logging_mixin.py:188} INFO - [2024-07-18T19:06:59.355+0200] {dag.py:3947} INFO - Setting next_dagrun for example_short_circuit_operator to 2024-07-17 00:00:00+00:00, run_after=2024-07-18 00:00:00+00:00
[2024-07-18T19:06:59.368+0200] {processor.py:183} INFO - Processing /home/richonlinux/Documents/GitHub/AirflowTuto/venv/lib/python3.10/site-packages/airflow/example_dags/example_short_circuit_operator.py took 0.043 seconds
[2024-07-18T19:07:57.822+0200] {processor.py:161} INFO - Started process (PID=286189) to work on /home/richonlinux/Documents/GitHub/AirflowTuto/venv/lib/python3.10/site-packages/airflow/example_dags/example_short_circuit_operator.py
[2024-07-18T19:07:57.822+0200] {processor.py:830} INFO - Processing file /home/richonlinux/Documents/GitHub/AirflowTuto/venv/lib/python3.10/site-packages/airflow/example_dags/example_short_circuit_operator.py for tasks to queue
[2024-07-18T19:07:57.824+0200] {logging_mixin.py:188} INFO - [2024-07-18T19:07:57.823+0200] {dagbag.py:545} INFO - Filling up the DagBag from /home/richonlinux/Documents/GitHub/AirflowTuto/venv/lib/python3.10/site-packages/airflow/example_dags/example_short_circuit_operator.py
[2024-07-18T19:07:57.830+0200] {processor.py:840} INFO - DAG(s) 'example_short_circuit_operator' retrieved from /home/richonlinux/Documents/GitHub/AirflowTuto/venv/lib/python3.10/site-packages/airflow/example_dags/example_short_circuit_operator.py
[2024-07-18T19:07:57.841+0200] {logging_mixin.py:188} INFO - [2024-07-18T19:07:57.841+0200] {dag.py:3089} INFO - Sync 1 DAGs
[2024-07-18T19:07:57.852+0200] {logging_mixin.py:188} INFO - [2024-07-18T19:07:57.852+0200] {dag.py:3947} INFO - Setting next_dagrun for example_short_circuit_operator to 2024-07-17 00:00:00+00:00, run_after=2024-07-18 00:00:00+00:00
[2024-07-18T19:07:57.866+0200] {processor.py:183} INFO - Processing /home/richonlinux/Documents/GitHub/AirflowTuto/venv/lib/python3.10/site-packages/airflow/example_dags/example_short_circuit_operator.py took 0.048 seconds
[2024-07-18T19:08:58.123+0200] {processor.py:161} INFO - Started process (PID=287215) to work on /home/richonlinux/Documents/GitHub/AirflowTuto/venv/lib/python3.10/site-packages/airflow/example_dags/example_short_circuit_operator.py
[2024-07-18T19:08:58.124+0200] {processor.py:830} INFO - Processing file /home/richonlinux/Documents/GitHub/AirflowTuto/venv/lib/python3.10/site-packages/airflow/example_dags/example_short_circuit_operator.py for tasks to queue
[2024-07-18T19:08:58.125+0200] {logging_mixin.py:188} INFO - [2024-07-18T19:08:58.124+0200] {dagbag.py:545} INFO - Filling up the DagBag from /home/richonlinux/Documents/GitHub/AirflowTuto/venv/lib/python3.10/site-packages/airflow/example_dags/example_short_circuit_operator.py
[2024-07-18T19:08:58.129+0200] {processor.py:840} INFO - DAG(s) 'example_short_circuit_operator' retrieved from /home/richonlinux/Documents/GitHub/AirflowTuto/venv/lib/python3.10/site-packages/airflow/example_dags/example_short_circuit_operator.py
[2024-07-18T19:08:58.140+0200] {logging_mixin.py:188} INFO - [2024-07-18T19:08:58.140+0200] {dag.py:3089} INFO - Sync 1 DAGs
[2024-07-18T19:08:58.152+0200] {logging_mixin.py:188} INFO - [2024-07-18T19:08:58.151+0200] {dag.py:3947} INFO - Setting next_dagrun for example_short_circuit_operator to 2024-07-17 00:00:00+00:00, run_after=2024-07-18 00:00:00+00:00
[2024-07-18T19:08:58.168+0200] {processor.py:183} INFO - Processing /home/richonlinux/Documents/GitHub/AirflowTuto/venv/lib/python3.10/site-packages/airflow/example_dags/example_short_circuit_operator.py took 0.048 seconds
[2024-07-18T19:09:54.592+0200] {processor.py:161} INFO - Started process (PID=288112) to work on /home/richonlinux/Documents/GitHub/AirflowTuto/venv/lib/python3.10/site-packages/airflow/example_dags/example_short_circuit_operator.py
[2024-07-18T19:09:54.593+0200] {processor.py:830} INFO - Processing file /home/richonlinux/Documents/GitHub/AirflowTuto/venv/lib/python3.10/site-packages/airflow/example_dags/example_short_circuit_operator.py for tasks to queue
[2024-07-18T19:09:54.593+0200] {logging_mixin.py:188} INFO - [2024-07-18T19:09:54.593+0200] {dagbag.py:545} INFO - Filling up the DagBag from /home/richonlinux/Documents/GitHub/AirflowTuto/venv/lib/python3.10/site-packages/airflow/example_dags/example_short_circuit_operator.py
[2024-07-18T19:09:54.599+0200] {processor.py:840} INFO - DAG(s) 'example_short_circuit_operator' retrieved from /home/richonlinux/Documents/GitHub/AirflowTuto/venv/lib/python3.10/site-packages/airflow/example_dags/example_short_circuit_operator.py
[2024-07-18T19:09:54.611+0200] {logging_mixin.py:188} INFO - [2024-07-18T19:09:54.611+0200] {dag.py:3089} INFO - Sync 1 DAGs
[2024-07-18T19:09:54.625+0200] {logging_mixin.py:188} INFO - [2024-07-18T19:09:54.625+0200] {dag.py:3947} INFO - Setting next_dagrun for example_short_circuit_operator to 2024-07-17 00:00:00+00:00, run_after=2024-07-18 00:00:00+00:00
[2024-07-18T19:09:54.639+0200] {processor.py:183} INFO - Processing /home/richonlinux/Documents/GitHub/AirflowTuto/venv/lib/python3.10/site-packages/airflow/example_dags/example_short_circuit_operator.py took 0.051 seconds
[2024-07-18T19:10:47.665+0200] {processor.py:161} INFO - Started process (PID=288981) to work on /home/richonlinux/Documents/GitHub/AirflowTuto/venv/lib/python3.10/site-packages/airflow/example_dags/example_short_circuit_operator.py
[2024-07-18T19:10:47.669+0200] {processor.py:830} INFO - Processing file /home/richonlinux/Documents/GitHub/AirflowTuto/venv/lib/python3.10/site-packages/airflow/example_dags/example_short_circuit_operator.py for tasks to queue
[2024-07-18T19:10:47.670+0200] {logging_mixin.py:188} INFO - [2024-07-18T19:10:47.670+0200] {dagbag.py:545} INFO - Filling up the DagBag from /home/richonlinux/Documents/GitHub/AirflowTuto/venv/lib/python3.10/site-packages/airflow/example_dags/example_short_circuit_operator.py
[2024-07-18T19:10:47.674+0200] {processor.py:840} INFO - DAG(s) 'example_short_circuit_operator' retrieved from /home/richonlinux/Documents/GitHub/AirflowTuto/venv/lib/python3.10/site-packages/airflow/example_dags/example_short_circuit_operator.py
[2024-07-18T19:10:47.686+0200] {logging_mixin.py:188} INFO - [2024-07-18T19:10:47.686+0200] {dag.py:3089} INFO - Sync 1 DAGs
[2024-07-18T19:10:47.697+0200] {logging_mixin.py:188} INFO - [2024-07-18T19:10:47.697+0200] {dag.py:3947} INFO - Setting next_dagrun for example_short_circuit_operator to 2024-07-17 00:00:00+00:00, run_after=2024-07-18 00:00:00+00:00
[2024-07-18T19:10:47.712+0200] {processor.py:183} INFO - Processing /home/richonlinux/Documents/GitHub/AirflowTuto/venv/lib/python3.10/site-packages/airflow/example_dags/example_short_circuit_operator.py took 0.050 seconds
[2024-07-18T19:11:44.372+0200] {processor.py:161} INFO - Started process (PID=289975) to work on /home/richonlinux/Documents/GitHub/AirflowTuto/venv/lib/python3.10/site-packages/airflow/example_dags/example_short_circuit_operator.py
[2024-07-18T19:11:44.373+0200] {processor.py:830} INFO - Processing file /home/richonlinux/Documents/GitHub/AirflowTuto/venv/lib/python3.10/site-packages/airflow/example_dags/example_short_circuit_operator.py for tasks to queue
[2024-07-18T19:11:44.374+0200] {logging_mixin.py:188} INFO - [2024-07-18T19:11:44.373+0200] {dagbag.py:545} INFO - Filling up the DagBag from /home/richonlinux/Documents/GitHub/AirflowTuto/venv/lib/python3.10/site-packages/airflow/example_dags/example_short_circuit_operator.py
[2024-07-18T19:11:44.378+0200] {processor.py:840} INFO - DAG(s) 'example_short_circuit_operator' retrieved from /home/richonlinux/Documents/GitHub/AirflowTuto/venv/lib/python3.10/site-packages/airflow/example_dags/example_short_circuit_operator.py
[2024-07-18T19:11:44.389+0200] {logging_mixin.py:188} INFO - [2024-07-18T19:11:44.389+0200] {dag.py:3089} INFO - Sync 1 DAGs
[2024-07-18T19:11:44.401+0200] {logging_mixin.py:188} INFO - [2024-07-18T19:11:44.401+0200] {dag.py:3947} INFO - Setting next_dagrun for example_short_circuit_operator to 2024-07-17 00:00:00+00:00, run_after=2024-07-18 00:00:00+00:00
[2024-07-18T19:11:44.414+0200] {processor.py:183} INFO - Processing /home/richonlinux/Documents/GitHub/AirflowTuto/venv/lib/python3.10/site-packages/airflow/example_dags/example_short_circuit_operator.py took 0.046 seconds
[2024-07-18T19:12:41.389+0200] {processor.py:161} INFO - Started process (PID=290883) to work on /home/richonlinux/Documents/GitHub/AirflowTuto/venv/lib/python3.10/site-packages/airflow/example_dags/example_short_circuit_operator.py
[2024-07-18T19:12:41.390+0200] {processor.py:830} INFO - Processing file /home/richonlinux/Documents/GitHub/AirflowTuto/venv/lib/python3.10/site-packages/airflow/example_dags/example_short_circuit_operator.py for tasks to queue
[2024-07-18T19:12:41.392+0200] {logging_mixin.py:188} INFO - [2024-07-18T19:12:41.392+0200] {dagbag.py:545} INFO - Filling up the DagBag from /home/richonlinux/Documents/GitHub/AirflowTuto/venv/lib/python3.10/site-packages/airflow/example_dags/example_short_circuit_operator.py
[2024-07-18T19:12:41.398+0200] {processor.py:840} INFO - DAG(s) 'example_short_circuit_operator' retrieved from /home/richonlinux/Documents/GitHub/AirflowTuto/venv/lib/python3.10/site-packages/airflow/example_dags/example_short_circuit_operator.py
[2024-07-18T19:12:41.408+0200] {logging_mixin.py:188} INFO - [2024-07-18T19:12:41.408+0200] {dag.py:3089} INFO - Sync 1 DAGs
[2024-07-18T19:12:41.421+0200] {logging_mixin.py:188} INFO - [2024-07-18T19:12:41.421+0200] {dag.py:3947} INFO - Setting next_dagrun for example_short_circuit_operator to 2024-07-17 00:00:00+00:00, run_after=2024-07-18 00:00:00+00:00
[2024-07-18T19:12:41.433+0200] {processor.py:183} INFO - Processing /home/richonlinux/Documents/GitHub/AirflowTuto/venv/lib/python3.10/site-packages/airflow/example_dags/example_short_circuit_operator.py took 0.051 seconds
[2024-07-18T19:13:21.828+0200] {processor.py:161} INFO - Started process (PID=291563) to work on /home/richonlinux/Documents/GitHub/AirflowTuto/venv/lib/python3.10/site-packages/airflow/example_dags/example_short_circuit_operator.py
[2024-07-18T19:13:21.832+0200] {processor.py:830} INFO - Processing file /home/richonlinux/Documents/GitHub/AirflowTuto/venv/lib/python3.10/site-packages/airflow/example_dags/example_short_circuit_operator.py for tasks to queue
[2024-07-18T19:13:21.834+0200] {logging_mixin.py:188} INFO - [2024-07-18T19:13:21.833+0200] {dagbag.py:545} INFO - Filling up the DagBag from /home/richonlinux/Documents/GitHub/AirflowTuto/venv/lib/python3.10/site-packages/airflow/example_dags/example_short_circuit_operator.py
[2024-07-18T19:13:21.840+0200] {processor.py:840} INFO - DAG(s) 'example_short_circuit_operator' retrieved from /home/richonlinux/Documents/GitHub/AirflowTuto/venv/lib/python3.10/site-packages/airflow/example_dags/example_short_circuit_operator.py
[2024-07-18T19:13:21.849+0200] {logging_mixin.py:188} INFO - [2024-07-18T19:13:21.849+0200] {dag.py:3089} INFO - Sync 1 DAGs
[2024-07-18T19:13:21.859+0200] {logging_mixin.py:188} INFO - [2024-07-18T19:13:21.859+0200] {dag.py:3947} INFO - Setting next_dagrun for example_short_circuit_operator to 2024-07-17 00:00:00+00:00, run_after=2024-07-18 00:00:00+00:00
[2024-07-18T19:13:21.871+0200] {processor.py:183} INFO - Processing /home/richonlinux/Documents/GitHub/AirflowTuto/venv/lib/python3.10/site-packages/airflow/example_dags/example_short_circuit_operator.py took 0.050 seconds
[2024-07-18T19:14:19.867+0200] {processor.py:161} INFO - Started process (PID=292489) to work on /home/richonlinux/Documents/GitHub/AirflowTuto/venv/lib/python3.10/site-packages/airflow/example_dags/example_short_circuit_operator.py
[2024-07-18T19:14:19.871+0200] {processor.py:830} INFO - Processing file /home/richonlinux/Documents/GitHub/AirflowTuto/venv/lib/python3.10/site-packages/airflow/example_dags/example_short_circuit_operator.py for tasks to queue
[2024-07-18T19:14:19.872+0200] {logging_mixin.py:188} INFO - [2024-07-18T19:14:19.872+0200] {dagbag.py:545} INFO - Filling up the DagBag from /home/richonlinux/Documents/GitHub/AirflowTuto/venv/lib/python3.10/site-packages/airflow/example_dags/example_short_circuit_operator.py
[2024-07-18T19:14:19.877+0200] {processor.py:840} INFO - DAG(s) 'example_short_circuit_operator' retrieved from /home/richonlinux/Documents/GitHub/AirflowTuto/venv/lib/python3.10/site-packages/airflow/example_dags/example_short_circuit_operator.py
[2024-07-18T19:14:19.889+0200] {logging_mixin.py:188} INFO - [2024-07-18T19:14:19.889+0200] {dag.py:3089} INFO - Sync 1 DAGs
[2024-07-18T19:14:19.902+0200] {logging_mixin.py:188} INFO - [2024-07-18T19:14:19.902+0200] {dag.py:3947} INFO - Setting next_dagrun for example_short_circuit_operator to 2024-07-17 00:00:00+00:00, run_after=2024-07-18 00:00:00+00:00
[2024-07-18T19:14:19.918+0200] {processor.py:183} INFO - Processing /home/richonlinux/Documents/GitHub/AirflowTuto/venv/lib/python3.10/site-packages/airflow/example_dags/example_short_circuit_operator.py took 0.054 seconds
[2024-07-18T19:14:59.872+0200] {processor.py:161} INFO - Started process (PID=293095) to work on /home/richonlinux/Documents/GitHub/AirflowTuto/venv/lib/python3.10/site-packages/airflow/example_dags/example_short_circuit_operator.py
[2024-07-18T19:14:59.873+0200] {processor.py:830} INFO - Processing file /home/richonlinux/Documents/GitHub/AirflowTuto/venv/lib/python3.10/site-packages/airflow/example_dags/example_short_circuit_operator.py for tasks to queue
[2024-07-18T19:14:59.874+0200] {logging_mixin.py:188} INFO - [2024-07-18T19:14:59.874+0200] {dagbag.py:545} INFO - Filling up the DagBag from /home/richonlinux/Documents/GitHub/AirflowTuto/venv/lib/python3.10/site-packages/airflow/example_dags/example_short_circuit_operator.py
[2024-07-18T19:14:59.879+0200] {processor.py:840} INFO - DAG(s) 'example_short_circuit_operator' retrieved from /home/richonlinux/Documents/GitHub/AirflowTuto/venv/lib/python3.10/site-packages/airflow/example_dags/example_short_circuit_operator.py
[2024-07-18T19:14:59.891+0200] {logging_mixin.py:188} INFO - [2024-07-18T19:14:59.891+0200] {dag.py:3089} INFO - Sync 1 DAGs
[2024-07-18T19:14:59.905+0200] {logging_mixin.py:188} INFO - [2024-07-18T19:14:59.904+0200] {dag.py:3947} INFO - Setting next_dagrun for example_short_circuit_operator to 2024-07-17 00:00:00+00:00, run_after=2024-07-18 00:00:00+00:00
[2024-07-18T19:14:59.926+0200] {processor.py:183} INFO - Processing /home/richonlinux/Documents/GitHub/AirflowTuto/venv/lib/python3.10/site-packages/airflow/example_dags/example_short_circuit_operator.py took 0.057 seconds
[2024-07-18T19:15:42.759+0200] {processor.py:161} INFO - Started process (PID=293781) to work on /home/richonlinux/Documents/GitHub/AirflowTuto/venv/lib/python3.10/site-packages/airflow/example_dags/example_short_circuit_operator.py
[2024-07-18T19:15:42.760+0200] {processor.py:830} INFO - Processing file /home/richonlinux/Documents/GitHub/AirflowTuto/venv/lib/python3.10/site-packages/airflow/example_dags/example_short_circuit_operator.py for tasks to queue
[2024-07-18T19:15:42.761+0200] {logging_mixin.py:188} INFO - [2024-07-18T19:15:42.761+0200] {dagbag.py:545} INFO - Filling up the DagBag from /home/richonlinux/Documents/GitHub/AirflowTuto/venv/lib/python3.10/site-packages/airflow/example_dags/example_short_circuit_operator.py
[2024-07-18T19:15:42.766+0200] {processor.py:840} INFO - DAG(s) 'example_short_circuit_operator' retrieved from /home/richonlinux/Documents/GitHub/AirflowTuto/venv/lib/python3.10/site-packages/airflow/example_dags/example_short_circuit_operator.py
[2024-07-18T19:15:42.777+0200] {logging_mixin.py:188} INFO - [2024-07-18T19:15:42.776+0200] {dag.py:3089} INFO - Sync 1 DAGs
[2024-07-18T19:15:42.789+0200] {logging_mixin.py:188} INFO - [2024-07-18T19:15:42.788+0200] {dag.py:3947} INFO - Setting next_dagrun for example_short_circuit_operator to 2024-07-17 00:00:00+00:00, run_after=2024-07-18 00:00:00+00:00
[2024-07-18T19:15:42.802+0200] {processor.py:183} INFO - Processing /home/richonlinux/Documents/GitHub/AirflowTuto/venv/lib/python3.10/site-packages/airflow/example_dags/example_short_circuit_operator.py took 0.045 seconds
[2024-07-18T19:16:37.440+0200] {processor.py:161} INFO - Started process (PID=294715) to work on /home/richonlinux/Documents/GitHub/AirflowTuto/venv/lib/python3.10/site-packages/airflow/example_dags/example_short_circuit_operator.py
[2024-07-18T19:16:37.441+0200] {processor.py:830} INFO - Processing file /home/richonlinux/Documents/GitHub/AirflowTuto/venv/lib/python3.10/site-packages/airflow/example_dags/example_short_circuit_operator.py for tasks to queue
[2024-07-18T19:16:37.442+0200] {logging_mixin.py:188} INFO - [2024-07-18T19:16:37.442+0200] {dagbag.py:545} INFO - Filling up the DagBag from /home/richonlinux/Documents/GitHub/AirflowTuto/venv/lib/python3.10/site-packages/airflow/example_dags/example_short_circuit_operator.py
[2024-07-18T19:16:37.446+0200] {processor.py:840} INFO - DAG(s) 'example_short_circuit_operator' retrieved from /home/richonlinux/Documents/GitHub/AirflowTuto/venv/lib/python3.10/site-packages/airflow/example_dags/example_short_circuit_operator.py
[2024-07-18T19:16:37.458+0200] {logging_mixin.py:188} INFO - [2024-07-18T19:16:37.457+0200] {dag.py:3089} INFO - Sync 1 DAGs
[2024-07-18T19:16:37.470+0200] {logging_mixin.py:188} INFO - [2024-07-18T19:16:37.470+0200] {dag.py:3947} INFO - Setting next_dagrun for example_short_circuit_operator to 2024-07-17 00:00:00+00:00, run_after=2024-07-18 00:00:00+00:00
[2024-07-18T19:16:37.485+0200] {processor.py:183} INFO - Processing /home/richonlinux/Documents/GitHub/AirflowTuto/venv/lib/python3.10/site-packages/airflow/example_dags/example_short_circuit_operator.py took 0.048 seconds
[2024-07-18T19:17:33.969+0200] {processor.py:161} INFO - Started process (PID=295617) to work on /home/richonlinux/Documents/GitHub/AirflowTuto/venv/lib/python3.10/site-packages/airflow/example_dags/example_short_circuit_operator.py
[2024-07-18T19:17:33.970+0200] {processor.py:830} INFO - Processing file /home/richonlinux/Documents/GitHub/AirflowTuto/venv/lib/python3.10/site-packages/airflow/example_dags/example_short_circuit_operator.py for tasks to queue
[2024-07-18T19:17:33.971+0200] {logging_mixin.py:188} INFO - [2024-07-18T19:17:33.971+0200] {dagbag.py:545} INFO - Filling up the DagBag from /home/richonlinux/Documents/GitHub/AirflowTuto/venv/lib/python3.10/site-packages/airflow/example_dags/example_short_circuit_operator.py
[2024-07-18T19:17:33.976+0200] {processor.py:840} INFO - DAG(s) 'example_short_circuit_operator' retrieved from /home/richonlinux/Documents/GitHub/AirflowTuto/venv/lib/python3.10/site-packages/airflow/example_dags/example_short_circuit_operator.py
[2024-07-18T19:17:33.986+0200] {logging_mixin.py:188} INFO - [2024-07-18T19:17:33.986+0200] {dag.py:3089} INFO - Sync 1 DAGs
[2024-07-18T19:17:33.998+0200] {logging_mixin.py:188} INFO - [2024-07-18T19:17:33.998+0200] {dag.py:3947} INFO - Setting next_dagrun for example_short_circuit_operator to 2024-07-17 00:00:00+00:00, run_after=2024-07-18 00:00:00+00:00
[2024-07-18T19:17:34.011+0200] {processor.py:183} INFO - Processing /home/richonlinux/Documents/GitHub/AirflowTuto/venv/lib/python3.10/site-packages/airflow/example_dags/example_short_circuit_operator.py took 0.045 seconds
[2024-07-18T19:18:17.384+0200] {processor.py:161} INFO - Started process (PID=296322) to work on /home/richonlinux/Documents/GitHub/AirflowTuto/venv/lib/python3.10/site-packages/airflow/example_dags/example_short_circuit_operator.py
[2024-07-18T19:18:17.385+0200] {processor.py:830} INFO - Processing file /home/richonlinux/Documents/GitHub/AirflowTuto/venv/lib/python3.10/site-packages/airflow/example_dags/example_short_circuit_operator.py for tasks to queue
[2024-07-18T19:18:17.386+0200] {logging_mixin.py:188} INFO - [2024-07-18T19:18:17.386+0200] {dagbag.py:545} INFO - Filling up the DagBag from /home/richonlinux/Documents/GitHub/AirflowTuto/venv/lib/python3.10/site-packages/airflow/example_dags/example_short_circuit_operator.py
[2024-07-18T19:18:17.391+0200] {processor.py:840} INFO - DAG(s) 'example_short_circuit_operator' retrieved from /home/richonlinux/Documents/GitHub/AirflowTuto/venv/lib/python3.10/site-packages/airflow/example_dags/example_short_circuit_operator.py
[2024-07-18T19:18:17.403+0200] {logging_mixin.py:188} INFO - [2024-07-18T19:18:17.403+0200] {dag.py:3089} INFO - Sync 1 DAGs
[2024-07-18T19:18:17.414+0200] {logging_mixin.py:188} INFO - [2024-07-18T19:18:17.413+0200] {dag.py:3947} INFO - Setting next_dagrun for example_short_circuit_operator to 2024-07-17 00:00:00+00:00, run_after=2024-07-18 00:00:00+00:00
[2024-07-18T19:18:17.427+0200] {processor.py:183} INFO - Processing /home/richonlinux/Documents/GitHub/AirflowTuto/venv/lib/python3.10/site-packages/airflow/example_dags/example_short_circuit_operator.py took 0.046 seconds
[2024-07-18T19:19:14.373+0200] {processor.py:161} INFO - Started process (PID=297271) to work on /home/richonlinux/Documents/GitHub/AirflowTuto/venv/lib/python3.10/site-packages/airflow/example_dags/example_short_circuit_operator.py
[2024-07-18T19:19:14.377+0200] {processor.py:830} INFO - Processing file /home/richonlinux/Documents/GitHub/AirflowTuto/venv/lib/python3.10/site-packages/airflow/example_dags/example_short_circuit_operator.py for tasks to queue
[2024-07-18T19:19:14.378+0200] {logging_mixin.py:188} INFO - [2024-07-18T19:19:14.378+0200] {dagbag.py:545} INFO - Filling up the DagBag from /home/richonlinux/Documents/GitHub/AirflowTuto/venv/lib/python3.10/site-packages/airflow/example_dags/example_short_circuit_operator.py
[2024-07-18T19:19:14.382+0200] {processor.py:840} INFO - DAG(s) 'example_short_circuit_operator' retrieved from /home/richonlinux/Documents/GitHub/AirflowTuto/venv/lib/python3.10/site-packages/airflow/example_dags/example_short_circuit_operator.py
[2024-07-18T19:19:14.393+0200] {logging_mixin.py:188} INFO - [2024-07-18T19:19:14.393+0200] {dag.py:3089} INFO - Sync 1 DAGs
[2024-07-18T19:19:14.406+0200] {logging_mixin.py:188} INFO - [2024-07-18T19:19:14.405+0200] {dag.py:3947} INFO - Setting next_dagrun for example_short_circuit_operator to 2024-07-17 00:00:00+00:00, run_after=2024-07-18 00:00:00+00:00
[2024-07-18T19:19:14.418+0200] {processor.py:183} INFO - Processing /home/richonlinux/Documents/GitHub/AirflowTuto/venv/lib/python3.10/site-packages/airflow/example_dags/example_short_circuit_operator.py took 0.049 seconds
[2024-07-18T19:20:13.217+0200] {processor.py:161} INFO - Started process (PID=298204) to work on /home/richonlinux/Documents/GitHub/AirflowTuto/venv/lib/python3.10/site-packages/airflow/example_dags/example_short_circuit_operator.py
[2024-07-18T19:20:13.218+0200] {processor.py:830} INFO - Processing file /home/richonlinux/Documents/GitHub/AirflowTuto/venv/lib/python3.10/site-packages/airflow/example_dags/example_short_circuit_operator.py for tasks to queue
[2024-07-18T19:20:13.219+0200] {logging_mixin.py:188} INFO - [2024-07-18T19:20:13.219+0200] {dagbag.py:545} INFO - Filling up the DagBag from /home/richonlinux/Documents/GitHub/AirflowTuto/venv/lib/python3.10/site-packages/airflow/example_dags/example_short_circuit_operator.py
[2024-07-18T19:20:13.224+0200] {processor.py:840} INFO - DAG(s) 'example_short_circuit_operator' retrieved from /home/richonlinux/Documents/GitHub/AirflowTuto/venv/lib/python3.10/site-packages/airflow/example_dags/example_short_circuit_operator.py
[2024-07-18T19:20:13.236+0200] {logging_mixin.py:188} INFO - [2024-07-18T19:20:13.236+0200] {dag.py:3089} INFO - Sync 1 DAGs
[2024-07-18T19:20:13.250+0200] {logging_mixin.py:188} INFO - [2024-07-18T19:20:13.250+0200] {dag.py:3947} INFO - Setting next_dagrun for example_short_circuit_operator to 2024-07-17 00:00:00+00:00, run_after=2024-07-18 00:00:00+00:00
[2024-07-18T19:20:13.266+0200] {processor.py:183} INFO - Processing /home/richonlinux/Documents/GitHub/AirflowTuto/venv/lib/python3.10/site-packages/airflow/example_dags/example_short_circuit_operator.py took 0.053 seconds
[2024-07-18T19:20:56.612+0200] {processor.py:161} INFO - Started process (PID=298925) to work on /home/richonlinux/Documents/GitHub/AirflowTuto/venv/lib/python3.10/site-packages/airflow/example_dags/example_short_circuit_operator.py
[2024-07-18T19:20:56.612+0200] {processor.py:830} INFO - Processing file /home/richonlinux/Documents/GitHub/AirflowTuto/venv/lib/python3.10/site-packages/airflow/example_dags/example_short_circuit_operator.py for tasks to queue
[2024-07-18T19:20:56.613+0200] {logging_mixin.py:188} INFO - [2024-07-18T19:20:56.613+0200] {dagbag.py:545} INFO - Filling up the DagBag from /home/richonlinux/Documents/GitHub/AirflowTuto/venv/lib/python3.10/site-packages/airflow/example_dags/example_short_circuit_operator.py
[2024-07-18T19:20:56.618+0200] {processor.py:840} INFO - DAG(s) 'example_short_circuit_operator' retrieved from /home/richonlinux/Documents/GitHub/AirflowTuto/venv/lib/python3.10/site-packages/airflow/example_dags/example_short_circuit_operator.py
[2024-07-18T19:20:56.628+0200] {logging_mixin.py:188} INFO - [2024-07-18T19:20:56.628+0200] {dag.py:3089} INFO - Sync 1 DAGs
[2024-07-18T19:20:56.639+0200] {logging_mixin.py:188} INFO - [2024-07-18T19:20:56.638+0200] {dag.py:3947} INFO - Setting next_dagrun for example_short_circuit_operator to 2024-07-17 00:00:00+00:00, run_after=2024-07-18 00:00:00+00:00
[2024-07-18T19:20:56.654+0200] {processor.py:183} INFO - Processing /home/richonlinux/Documents/GitHub/AirflowTuto/venv/lib/python3.10/site-packages/airflow/example_dags/example_short_circuit_operator.py took 0.047 seconds
[2024-07-18T19:21:56.813+0200] {processor.py:161} INFO - Started process (PID=299952) to work on /home/richonlinux/Documents/GitHub/AirflowTuto/venv/lib/python3.10/site-packages/airflow/example_dags/example_short_circuit_operator.py
[2024-07-18T19:21:56.817+0200] {processor.py:830} INFO - Processing file /home/richonlinux/Documents/GitHub/AirflowTuto/venv/lib/python3.10/site-packages/airflow/example_dags/example_short_circuit_operator.py for tasks to queue
[2024-07-18T19:21:56.818+0200] {logging_mixin.py:188} INFO - [2024-07-18T19:21:56.818+0200] {dagbag.py:545} INFO - Filling up the DagBag from /home/richonlinux/Documents/GitHub/AirflowTuto/venv/lib/python3.10/site-packages/airflow/example_dags/example_short_circuit_operator.py
[2024-07-18T19:21:56.823+0200] {processor.py:840} INFO - DAG(s) 'example_short_circuit_operator' retrieved from /home/richonlinux/Documents/GitHub/AirflowTuto/venv/lib/python3.10/site-packages/airflow/example_dags/example_short_circuit_operator.py
[2024-07-18T19:21:56.836+0200] {logging_mixin.py:188} INFO - [2024-07-18T19:21:56.835+0200] {dag.py:3089} INFO - Sync 1 DAGs
[2024-07-18T19:21:56.848+0200] {logging_mixin.py:188} INFO - [2024-07-18T19:21:56.848+0200] {dag.py:3947} INFO - Setting next_dagrun for example_short_circuit_operator to 2024-07-17 00:00:00+00:00, run_after=2024-07-18 00:00:00+00:00
[2024-07-18T19:21:56.863+0200] {processor.py:183} INFO - Processing /home/richonlinux/Documents/GitHub/AirflowTuto/venv/lib/python3.10/site-packages/airflow/example_dags/example_short_circuit_operator.py took 0.053 seconds
