[2024-07-18T18:16:33.159+0200] {processor.py:161} INFO - Started process (PID=258180) to work on /home/richonlinux/Documents/GitHub/AirflowTuto/venv/lib/python3.10/site-packages/airflow/example_dags/example_subdag_operator.py
[2024-07-18T18:16:33.160+0200] {processor.py:830} INFO - Processing file /home/richonlinux/Documents/GitHub/AirflowTuto/venv/lib/python3.10/site-packages/airflow/example_dags/example_subdag_operator.py for tasks to queue
[2024-07-18T18:16:33.161+0200] {logging_mixin.py:188} INFO - [2024-07-18T18:16:33.161+0200] {dagbag.py:545} INFO - Filling up the DagBag from /home/richonlinux/Documents/GitHub/AirflowTuto/venv/lib/python3.10/site-packages/airflow/example_dags/example_subdag_operator.py
[2024-07-18T18:16:33.173+0200] {processor.py:840} INFO - DAG(s) 'example_subdag_operator.section-1', 'example_subdag_operator.section-2', 'example_subdag_operator' retrieved from /home/richonlinux/Documents/GitHub/AirflowTuto/venv/lib/python3.10/site-packages/airflow/example_dags/example_subdag_operator.py
[2024-07-18T18:16:33.235+0200] {logging_mixin.py:188} INFO - [2024-07-18T18:16:33.234+0200] {override.py:1858} INFO - Created Permission View: can edit on DAG:example_subdag_operator
[2024-07-18T18:16:33.244+0200] {logging_mixin.py:188} INFO - [2024-07-18T18:16:33.243+0200] {override.py:1858} INFO - Created Permission View: can read on DAG:example_subdag_operator
[2024-07-18T18:16:33.250+0200] {logging_mixin.py:188} INFO - [2024-07-18T18:16:33.249+0200] {override.py:1858} INFO - Created Permission View: can delete on DAG:example_subdag_operator
[2024-07-18T18:16:33.250+0200] {logging_mixin.py:188} INFO - [2024-07-18T18:16:33.250+0200] {dag.py:3089} INFO - Sync 3 DAGs
[2024-07-18T18:16:33.255+0200] {logging_mixin.py:188} INFO - [2024-07-18T18:16:33.255+0200] {dag.py:3111} INFO - Creating ORM DAG for example_subdag_operator
[2024-07-18T18:16:33.255+0200] {logging_mixin.py:188} INFO - [2024-07-18T18:16:33.255+0200] {dag.py:3111} INFO - Creating ORM DAG for example_subdag_operator.section-2
[2024-07-18T18:16:33.256+0200] {logging_mixin.py:188} INFO - [2024-07-18T18:16:33.256+0200] {dag.py:3111} INFO - Creating ORM DAG for example_subdag_operator.section-1
[2024-07-18T18:16:33.260+0200] {logging_mixin.py:188} INFO - [2024-07-18T18:16:33.260+0200] {dag.py:3947} INFO - Setting next_dagrun for example_subdag_operator to 2022-01-01 00:00:00+00:00, run_after=2022-01-01 00:00:00+00:00
[2024-07-18T18:16:33.261+0200] {logging_mixin.py:188} INFO - [2024-07-18T18:16:33.260+0200] {dag.py:3947} INFO - Setting next_dagrun for example_subdag_operator.section-1 to None, run_after=None
[2024-07-18T18:16:33.261+0200] {logging_mixin.py:188} INFO - [2024-07-18T18:16:33.261+0200] {dag.py:3947} INFO - Setting next_dagrun for example_subdag_operator.section-2 to None, run_after=None
[2024-07-18T18:16:33.264+0200] {logging_mixin.py:188} INFO - [2024-07-18T18:16:33.264+0200] {dag.py:3089} INFO - Sync 2 DAGs
[2024-07-18T18:16:33.267+0200] {logging_mixin.py:188} INFO - [2024-07-18T18:16:33.267+0200] {dag.py:3947} INFO - Setting next_dagrun for example_subdag_operator.section-1 to None, run_after=None
[2024-07-18T18:16:33.268+0200] {logging_mixin.py:188} INFO - [2024-07-18T18:16:33.268+0200] {dag.py:3947} INFO - Setting next_dagrun for example_subdag_operator.section-2 to None, run_after=None
[2024-07-18T18:16:33.279+0200] {processor.py:183} INFO - Processing /home/richonlinux/Documents/GitHub/AirflowTuto/venv/lib/python3.10/site-packages/airflow/example_dags/example_subdag_operator.py took 0.124 seconds
[2024-07-18T18:17:25.638+0200] {processor.py:161} INFO - Started process (PID=259050) to work on /home/richonlinux/Documents/GitHub/AirflowTuto/venv/lib/python3.10/site-packages/airflow/example_dags/example_subdag_operator.py
[2024-07-18T18:17:25.641+0200] {processor.py:830} INFO - Processing file /home/richonlinux/Documents/GitHub/AirflowTuto/venv/lib/python3.10/site-packages/airflow/example_dags/example_subdag_operator.py for tasks to queue
[2024-07-18T18:17:25.643+0200] {logging_mixin.py:188} INFO - [2024-07-18T18:17:25.642+0200] {dagbag.py:545} INFO - Filling up the DagBag from /home/richonlinux/Documents/GitHub/AirflowTuto/venv/lib/python3.10/site-packages/airflow/example_dags/example_subdag_operator.py
[2024-07-18T18:17:25.655+0200] {processor.py:840} INFO - DAG(s) 'example_subdag_operator.section-1', 'example_subdag_operator.section-2', 'example_subdag_operator' retrieved from /home/richonlinux/Documents/GitHub/AirflowTuto/venv/lib/python3.10/site-packages/airflow/example_dags/example_subdag_operator.py
[2024-07-18T18:17:25.665+0200] {logging_mixin.py:188} INFO - [2024-07-18T18:17:25.665+0200] {dag.py:3089} INFO - Sync 3 DAGs
[2024-07-18T18:17:25.677+0200] {logging_mixin.py:188} INFO - [2024-07-18T18:17:25.676+0200] {dag.py:3947} INFO - Setting next_dagrun for example_subdag_operator to 2022-01-01 00:00:00+00:00, run_after=2022-01-01 00:00:00+00:00
[2024-07-18T18:17:25.679+0200] {logging_mixin.py:188} INFO - [2024-07-18T18:17:25.679+0200] {dag.py:3947} INFO - Setting next_dagrun for example_subdag_operator.section-1 to None, run_after=None
[2024-07-18T18:17:25.680+0200] {logging_mixin.py:188} INFO - [2024-07-18T18:17:25.680+0200] {dag.py:3947} INFO - Setting next_dagrun for example_subdag_operator.section-2 to None, run_after=None
[2024-07-18T18:17:25.684+0200] {logging_mixin.py:188} INFO - [2024-07-18T18:17:25.684+0200] {dag.py:3089} INFO - Sync 2 DAGs
[2024-07-18T18:17:25.688+0200] {logging_mixin.py:188} INFO - [2024-07-18T18:17:25.688+0200] {dag.py:3947} INFO - Setting next_dagrun for example_subdag_operator.section-1 to None, run_after=None
[2024-07-18T18:17:25.688+0200] {logging_mixin.py:188} INFO - [2024-07-18T18:17:25.688+0200] {dag.py:3947} INFO - Setting next_dagrun for example_subdag_operator.section-2 to None, run_after=None
[2024-07-18T18:17:25.699+0200] {processor.py:183} INFO - Processing /home/richonlinux/Documents/GitHub/AirflowTuto/venv/lib/python3.10/site-packages/airflow/example_dags/example_subdag_operator.py took 0.065 seconds
[2024-07-18T18:44:14.758+0200] {processor.py:161} INFO - Started process (PID=260270) to work on /home/richonlinux/Documents/GitHub/AirflowTuto/venv/lib/python3.10/site-packages/airflow/example_dags/example_subdag_operator.py
[2024-07-18T18:44:14.762+0200] {processor.py:830} INFO - Processing file /home/richonlinux/Documents/GitHub/AirflowTuto/venv/lib/python3.10/site-packages/airflow/example_dags/example_subdag_operator.py for tasks to queue
[2024-07-18T18:44:14.762+0200] {logging_mixin.py:188} INFO - [2024-07-18T18:44:14.762+0200] {dagbag.py:545} INFO - Filling up the DagBag from /home/richonlinux/Documents/GitHub/AirflowTuto/venv/lib/python3.10/site-packages/airflow/example_dags/example_subdag_operator.py
[2024-07-18T18:44:14.775+0200] {processor.py:840} INFO - DAG(s) 'example_subdag_operator.section-1', 'example_subdag_operator.section-2', 'example_subdag_operator' retrieved from /home/richonlinux/Documents/GitHub/AirflowTuto/venv/lib/python3.10/site-packages/airflow/example_dags/example_subdag_operator.py
[2024-07-18T18:44:14.783+0200] {logging_mixin.py:188} INFO - [2024-07-18T18:44:14.782+0200] {dag.py:3089} INFO - Sync 3 DAGs
[2024-07-18T18:44:14.851+0200] {logging_mixin.py:188} INFO - [2024-07-18T18:44:14.851+0200] {dag.py:3947} INFO - Setting next_dagrun for example_subdag_operator to 2022-01-01 00:00:00+00:00, run_after=2022-01-01 00:00:00+00:00
[2024-07-18T18:44:14.853+0200] {logging_mixin.py:188} INFO - [2024-07-18T18:44:14.853+0200] {dag.py:3947} INFO - Setting next_dagrun for example_subdag_operator.section-1 to None, run_after=None
[2024-07-18T18:44:14.854+0200] {logging_mixin.py:188} INFO - [2024-07-18T18:44:14.854+0200] {dag.py:3947} INFO - Setting next_dagrun for example_subdag_operator.section-2 to None, run_after=None
[2024-07-18T18:44:14.856+0200] {logging_mixin.py:188} INFO - [2024-07-18T18:44:14.856+0200] {dag.py:3089} INFO - Sync 2 DAGs
[2024-07-18T18:44:14.858+0200] {logging_mixin.py:188} INFO - [2024-07-18T18:44:14.858+0200] {dag.py:3947} INFO - Setting next_dagrun for example_subdag_operator.section-1 to None, run_after=None
[2024-07-18T18:44:14.859+0200] {logging_mixin.py:188} INFO - [2024-07-18T18:44:14.859+0200] {dag.py:3947} INFO - Setting next_dagrun for example_subdag_operator.section-2 to None, run_after=None
[2024-07-18T18:44:14.868+0200] {processor.py:183} INFO - Processing /home/richonlinux/Documents/GitHub/AirflowTuto/venv/lib/python3.10/site-packages/airflow/example_dags/example_subdag_operator.py took 0.114 seconds
[2024-07-18T18:45:06.862+0200] {processor.py:161} INFO - Started process (PID=261343) to work on /home/richonlinux/Documents/GitHub/AirflowTuto/venv/lib/python3.10/site-packages/airflow/example_dags/example_subdag_operator.py
[2024-07-18T18:45:06.864+0200] {processor.py:830} INFO - Processing file /home/richonlinux/Documents/GitHub/AirflowTuto/venv/lib/python3.10/site-packages/airflow/example_dags/example_subdag_operator.py for tasks to queue
[2024-07-18T18:45:06.865+0200] {logging_mixin.py:188} INFO - [2024-07-18T18:45:06.865+0200] {dagbag.py:545} INFO - Filling up the DagBag from /home/richonlinux/Documents/GitHub/AirflowTuto/venv/lib/python3.10/site-packages/airflow/example_dags/example_subdag_operator.py
[2024-07-18T18:45:06.877+0200] {processor.py:840} INFO - DAG(s) 'example_subdag_operator.section-1', 'example_subdag_operator.section-2', 'example_subdag_operator' retrieved from /home/richonlinux/Documents/GitHub/AirflowTuto/venv/lib/python3.10/site-packages/airflow/example_dags/example_subdag_operator.py
[2024-07-18T18:45:06.884+0200] {logging_mixin.py:188} INFO - [2024-07-18T18:45:06.884+0200] {dag.py:3089} INFO - Sync 3 DAGs
[2024-07-18T18:45:06.894+0200] {logging_mixin.py:188} INFO - [2024-07-18T18:45:06.893+0200] {dag.py:3947} INFO - Setting next_dagrun for example_subdag_operator to 2022-01-01 00:00:00+00:00, run_after=2022-01-01 00:00:00+00:00
[2024-07-18T18:45:06.896+0200] {logging_mixin.py:188} INFO - [2024-07-18T18:45:06.896+0200] {dag.py:3947} INFO - Setting next_dagrun for example_subdag_operator.section-1 to None, run_after=None
[2024-07-18T18:45:06.896+0200] {logging_mixin.py:188} INFO - [2024-07-18T18:45:06.896+0200] {dag.py:3947} INFO - Setting next_dagrun for example_subdag_operator.section-2 to None, run_after=None
[2024-07-18T18:45:06.899+0200] {logging_mixin.py:188} INFO - [2024-07-18T18:45:06.899+0200] {dag.py:3089} INFO - Sync 2 DAGs
[2024-07-18T18:45:06.901+0200] {logging_mixin.py:188} INFO - [2024-07-18T18:45:06.901+0200] {dag.py:3947} INFO - Setting next_dagrun for example_subdag_operator.section-1 to None, run_after=None
[2024-07-18T18:45:06.901+0200] {logging_mixin.py:188} INFO - [2024-07-18T18:45:06.901+0200] {dag.py:3947} INFO - Setting next_dagrun for example_subdag_operator.section-2 to None, run_after=None
[2024-07-18T18:45:06.910+0200] {processor.py:183} INFO - Processing /home/richonlinux/Documents/GitHub/AirflowTuto/venv/lib/python3.10/site-packages/airflow/example_dags/example_subdag_operator.py took 0.052 seconds
[2024-07-18T18:45:51.144+0200] {processor.py:161} INFO - Started process (PID=262293) to work on /home/richonlinux/Documents/GitHub/AirflowTuto/venv/lib/python3.10/site-packages/airflow/example_dags/example_subdag_operator.py
[2024-07-18T18:45:51.146+0200] {processor.py:830} INFO - Processing file /home/richonlinux/Documents/GitHub/AirflowTuto/venv/lib/python3.10/site-packages/airflow/example_dags/example_subdag_operator.py for tasks to queue
[2024-07-18T18:45:51.148+0200] {logging_mixin.py:188} INFO - [2024-07-18T18:45:51.148+0200] {dagbag.py:545} INFO - Filling up the DagBag from /home/richonlinux/Documents/GitHub/AirflowTuto/venv/lib/python3.10/site-packages/airflow/example_dags/example_subdag_operator.py
[2024-07-18T18:45:51.160+0200] {processor.py:840} INFO - DAG(s) 'example_subdag_operator.section-1', 'example_subdag_operator.section-2', 'example_subdag_operator' retrieved from /home/richonlinux/Documents/GitHub/AirflowTuto/venv/lib/python3.10/site-packages/airflow/example_dags/example_subdag_operator.py
[2024-07-18T18:45:51.168+0200] {logging_mixin.py:188} INFO - [2024-07-18T18:45:51.168+0200] {dag.py:3089} INFO - Sync 3 DAGs
[2024-07-18T18:45:51.178+0200] {logging_mixin.py:188} INFO - [2024-07-18T18:45:51.178+0200] {dag.py:3947} INFO - Setting next_dagrun for example_subdag_operator to 2022-01-01 00:00:00+00:00, run_after=2022-01-01 00:00:00+00:00
[2024-07-18T18:45:51.180+0200] {logging_mixin.py:188} INFO - [2024-07-18T18:45:51.180+0200] {dag.py:3947} INFO - Setting next_dagrun for example_subdag_operator.section-1 to None, run_after=None
[2024-07-18T18:45:51.181+0200] {logging_mixin.py:188} INFO - [2024-07-18T18:45:51.181+0200] {dag.py:3947} INFO - Setting next_dagrun for example_subdag_operator.section-2 to None, run_after=None
[2024-07-18T18:45:51.184+0200] {logging_mixin.py:188} INFO - [2024-07-18T18:45:51.184+0200] {dag.py:3089} INFO - Sync 2 DAGs
[2024-07-18T18:45:51.186+0200] {logging_mixin.py:188} INFO - [2024-07-18T18:45:51.186+0200] {dag.py:3947} INFO - Setting next_dagrun for example_subdag_operator.section-1 to None, run_after=None
[2024-07-18T18:45:51.186+0200] {logging_mixin.py:188} INFO - [2024-07-18T18:45:51.186+0200] {dag.py:3947} INFO - Setting next_dagrun for example_subdag_operator.section-2 to None, run_after=None
[2024-07-18T18:45:51.195+0200] {processor.py:183} INFO - Processing /home/richonlinux/Documents/GitHub/AirflowTuto/venv/lib/python3.10/site-packages/airflow/example_dags/example_subdag_operator.py took 0.059 seconds
[2024-07-18T18:49:44.809+0200] {processor.py:161} INFO - Started process (PID=266533) to work on /home/richonlinux/Documents/GitHub/AirflowTuto/venv/lib/python3.10/site-packages/airflow/example_dags/example_subdag_operator.py
[2024-07-18T18:49:44.810+0200] {processor.py:830} INFO - Processing file /home/richonlinux/Documents/GitHub/AirflowTuto/venv/lib/python3.10/site-packages/airflow/example_dags/example_subdag_operator.py for tasks to queue
[2024-07-18T18:49:44.811+0200] {logging_mixin.py:188} INFO - [2024-07-18T18:49:44.811+0200] {dagbag.py:545} INFO - Filling up the DagBag from /home/richonlinux/Documents/GitHub/AirflowTuto/venv/lib/python3.10/site-packages/airflow/example_dags/example_subdag_operator.py
[2024-07-18T18:49:44.823+0200] {processor.py:840} INFO - DAG(s) 'example_subdag_operator.section-1', 'example_subdag_operator.section-2', 'example_subdag_operator' retrieved from /home/richonlinux/Documents/GitHub/AirflowTuto/venv/lib/python3.10/site-packages/airflow/example_dags/example_subdag_operator.py
[2024-07-18T18:49:44.826+0200] {logging_mixin.py:188} INFO - [2024-07-18T18:49:44.826+0200] {dag.py:3089} INFO - Sync 3 DAGs
[2024-07-18T18:49:44.840+0200] {logging_mixin.py:188} INFO - [2024-07-18T18:49:44.839+0200] {dag.py:3947} INFO - Setting next_dagrun for example_subdag_operator to 2022-01-01 00:00:00+00:00, run_after=2022-01-01 00:00:00+00:00
[2024-07-18T18:49:44.842+0200] {logging_mixin.py:188} INFO - [2024-07-18T18:49:44.842+0200] {dag.py:3947} INFO - Setting next_dagrun for example_subdag_operator.section-1 to None, run_after=None
[2024-07-18T18:49:44.842+0200] {logging_mixin.py:188} INFO - [2024-07-18T18:49:44.842+0200] {dag.py:3947} INFO - Setting next_dagrun for example_subdag_operator.section-2 to None, run_after=None
[2024-07-18T18:49:44.846+0200] {logging_mixin.py:188} INFO - [2024-07-18T18:49:44.846+0200] {dag.py:3089} INFO - Sync 2 DAGs
[2024-07-18T18:49:44.848+0200] {logging_mixin.py:188} INFO - [2024-07-18T18:49:44.848+0200] {dag.py:3947} INFO - Setting next_dagrun for example_subdag_operator.section-1 to None, run_after=None
[2024-07-18T18:49:44.848+0200] {logging_mixin.py:188} INFO - [2024-07-18T18:49:44.848+0200] {dag.py:3947} INFO - Setting next_dagrun for example_subdag_operator.section-2 to None, run_after=None
[2024-07-18T18:49:44.858+0200] {processor.py:183} INFO - Processing /home/richonlinux/Documents/GitHub/AirflowTuto/venv/lib/python3.10/site-packages/airflow/example_dags/example_subdag_operator.py took 0.054 seconds
[2024-07-18T18:51:38.234+0200] {processor.py:161} INFO - Started process (PID=268572) to work on /home/richonlinux/Documents/GitHub/AirflowTuto/venv/lib/python3.10/site-packages/airflow/example_dags/example_subdag_operator.py
[2024-07-18T18:51:38.235+0200] {processor.py:830} INFO - Processing file /home/richonlinux/Documents/GitHub/AirflowTuto/venv/lib/python3.10/site-packages/airflow/example_dags/example_subdag_operator.py for tasks to queue
[2024-07-18T18:51:38.237+0200] {logging_mixin.py:188} INFO - [2024-07-18T18:51:38.237+0200] {dagbag.py:545} INFO - Filling up the DagBag from /home/richonlinux/Documents/GitHub/AirflowTuto/venv/lib/python3.10/site-packages/airflow/example_dags/example_subdag_operator.py
[2024-07-18T18:51:38.250+0200] {processor.py:840} INFO - DAG(s) 'example_subdag_operator.section-1', 'example_subdag_operator.section-2', 'example_subdag_operator' retrieved from /home/richonlinux/Documents/GitHub/AirflowTuto/venv/lib/python3.10/site-packages/airflow/example_dags/example_subdag_operator.py
[2024-07-18T18:51:38.252+0200] {logging_mixin.py:188} INFO - [2024-07-18T18:51:38.252+0200] {dag.py:3089} INFO - Sync 3 DAGs
[2024-07-18T18:51:38.262+0200] {logging_mixin.py:188} INFO - [2024-07-18T18:51:38.261+0200] {dag.py:3947} INFO - Setting next_dagrun for example_subdag_operator to 2022-01-01 00:00:00+00:00, run_after=2022-01-01 00:00:00+00:00
[2024-07-18T18:51:38.263+0200] {logging_mixin.py:188} INFO - [2024-07-18T18:51:38.263+0200] {dag.py:3947} INFO - Setting next_dagrun for example_subdag_operator.section-1 to None, run_after=None
[2024-07-18T18:51:38.263+0200] {logging_mixin.py:188} INFO - [2024-07-18T18:51:38.263+0200] {dag.py:3947} INFO - Setting next_dagrun for example_subdag_operator.section-2 to None, run_after=None
[2024-07-18T18:51:38.266+0200] {logging_mixin.py:188} INFO - [2024-07-18T18:51:38.266+0200] {dag.py:3089} INFO - Sync 2 DAGs
[2024-07-18T18:51:38.268+0200] {logging_mixin.py:188} INFO - [2024-07-18T18:51:38.268+0200] {dag.py:3947} INFO - Setting next_dagrun for example_subdag_operator.section-1 to None, run_after=None
[2024-07-18T18:51:38.268+0200] {logging_mixin.py:188} INFO - [2024-07-18T18:51:38.268+0200] {dag.py:3947} INFO - Setting next_dagrun for example_subdag_operator.section-2 to None, run_after=None
[2024-07-18T18:51:38.277+0200] {processor.py:183} INFO - Processing /home/richonlinux/Documents/GitHub/AirflowTuto/venv/lib/python3.10/site-packages/airflow/example_dags/example_subdag_operator.py took 0.052 seconds
[2024-07-18T18:52:30.052+0200] {processor.py:161} INFO - Started process (PID=269594) to work on /home/richonlinux/Documents/GitHub/AirflowTuto/venv/lib/python3.10/site-packages/airflow/example_dags/example_subdag_operator.py
[2024-07-18T18:52:30.053+0200] {processor.py:830} INFO - Processing file /home/richonlinux/Documents/GitHub/AirflowTuto/venv/lib/python3.10/site-packages/airflow/example_dags/example_subdag_operator.py for tasks to queue
[2024-07-18T18:52:30.054+0200] {logging_mixin.py:188} INFO - [2024-07-18T18:52:30.054+0200] {dagbag.py:545} INFO - Filling up the DagBag from /home/richonlinux/Documents/GitHub/AirflowTuto/venv/lib/python3.10/site-packages/airflow/example_dags/example_subdag_operator.py
[2024-07-18T18:52:30.064+0200] {processor.py:840} INFO - DAG(s) 'example_subdag_operator.section-1', 'example_subdag_operator.section-2', 'example_subdag_operator' retrieved from /home/richonlinux/Documents/GitHub/AirflowTuto/venv/lib/python3.10/site-packages/airflow/example_dags/example_subdag_operator.py
[2024-07-18T18:52:30.179+0200] {logging_mixin.py:188} INFO - [2024-07-18T18:52:30.179+0200] {dag.py:3089} INFO - Sync 3 DAGs
[2024-07-18T18:52:30.188+0200] {logging_mixin.py:188} INFO - [2024-07-18T18:52:30.188+0200] {dag.py:3947} INFO - Setting next_dagrun for example_subdag_operator to 2022-01-01 00:00:00+00:00, run_after=2022-01-01 00:00:00+00:00
[2024-07-18T18:52:30.191+0200] {logging_mixin.py:188} INFO - [2024-07-18T18:52:30.190+0200] {dag.py:3947} INFO - Setting next_dagrun for example_subdag_operator.section-1 to None, run_after=None
[2024-07-18T18:52:30.192+0200] {logging_mixin.py:188} INFO - [2024-07-18T18:52:30.192+0200] {dag.py:3947} INFO - Setting next_dagrun for example_subdag_operator.section-2 to None, run_after=None
[2024-07-18T18:52:30.196+0200] {logging_mixin.py:188} INFO - [2024-07-18T18:52:30.196+0200] {dag.py:3089} INFO - Sync 2 DAGs
[2024-07-18T18:52:30.199+0200] {logging_mixin.py:188} INFO - [2024-07-18T18:52:30.199+0200] {dag.py:3947} INFO - Setting next_dagrun for example_subdag_operator.section-1 to None, run_after=None
[2024-07-18T18:52:30.199+0200] {logging_mixin.py:188} INFO - [2024-07-18T18:52:30.199+0200] {dag.py:3947} INFO - Setting next_dagrun for example_subdag_operator.section-2 to None, run_after=None
[2024-07-18T18:52:30.210+0200] {processor.py:183} INFO - Processing /home/richonlinux/Documents/GitHub/AirflowTuto/venv/lib/python3.10/site-packages/airflow/example_dags/example_subdag_operator.py took 0.160 seconds
[2024-07-18T18:53:21.823+0200] {processor.py:161} INFO - Started process (PID=270959) to work on /home/richonlinux/Documents/GitHub/AirflowTuto/venv/lib/python3.10/site-packages/airflow/example_dags/example_subdag_operator.py
[2024-07-18T18:53:21.827+0200] {processor.py:830} INFO - Processing file /home/richonlinux/Documents/GitHub/AirflowTuto/venv/lib/python3.10/site-packages/airflow/example_dags/example_subdag_operator.py for tasks to queue
[2024-07-18T18:53:21.829+0200] {logging_mixin.py:188} INFO - [2024-07-18T18:53:21.829+0200] {dagbag.py:545} INFO - Filling up the DagBag from /home/richonlinux/Documents/GitHub/AirflowTuto/venv/lib/python3.10/site-packages/airflow/example_dags/example_subdag_operator.py
[2024-07-18T18:53:21.844+0200] {processor.py:840} INFO - DAG(s) 'example_subdag_operator.section-1', 'example_subdag_operator.section-2', 'example_subdag_operator' retrieved from /home/richonlinux/Documents/GitHub/AirflowTuto/venv/lib/python3.10/site-packages/airflow/example_dags/example_subdag_operator.py
[2024-07-18T18:53:21.852+0200] {logging_mixin.py:188} INFO - [2024-07-18T18:53:21.851+0200] {dag.py:3089} INFO - Sync 3 DAGs
[2024-07-18T18:53:21.917+0200] {logging_mixin.py:188} INFO - [2024-07-18T18:53:21.917+0200] {dag.py:3947} INFO - Setting next_dagrun for example_subdag_operator to 2022-01-01 00:00:00+00:00, run_after=2022-01-01 00:00:00+00:00
[2024-07-18T18:53:21.919+0200] {logging_mixin.py:188} INFO - [2024-07-18T18:53:21.919+0200] {dag.py:3947} INFO - Setting next_dagrun for example_subdag_operator.section-1 to None, run_after=None
[2024-07-18T18:53:21.919+0200] {logging_mixin.py:188} INFO - [2024-07-18T18:53:21.919+0200] {dag.py:3947} INFO - Setting next_dagrun for example_subdag_operator.section-2 to None, run_after=None
[2024-07-18T18:53:21.922+0200] {logging_mixin.py:188} INFO - [2024-07-18T18:53:21.922+0200] {dag.py:3089} INFO - Sync 2 DAGs
[2024-07-18T18:53:21.924+0200] {logging_mixin.py:188} INFO - [2024-07-18T18:53:21.924+0200] {dag.py:3947} INFO - Setting next_dagrun for example_subdag_operator.section-1 to None, run_after=None
[2024-07-18T18:53:21.924+0200] {logging_mixin.py:188} INFO - [2024-07-18T18:53:21.924+0200] {dag.py:3947} INFO - Setting next_dagrun for example_subdag_operator.section-2 to None, run_after=None
[2024-07-18T18:53:21.933+0200] {processor.py:183} INFO - Processing /home/richonlinux/Documents/GitHub/AirflowTuto/venv/lib/python3.10/site-packages/airflow/example_dags/example_subdag_operator.py took 0.118 seconds
[2024-07-18T18:54:06.256+0200] {processor.py:161} INFO - Started process (PID=271863) to work on /home/richonlinux/Documents/GitHub/AirflowTuto/venv/lib/python3.10/site-packages/airflow/example_dags/example_subdag_operator.py
[2024-07-18T18:54:06.261+0200] {processor.py:830} INFO - Processing file /home/richonlinux/Documents/GitHub/AirflowTuto/venv/lib/python3.10/site-packages/airflow/example_dags/example_subdag_operator.py for tasks to queue
[2024-07-18T18:54:06.262+0200] {logging_mixin.py:188} INFO - [2024-07-18T18:54:06.262+0200] {dagbag.py:545} INFO - Filling up the DagBag from /home/richonlinux/Documents/GitHub/AirflowTuto/venv/lib/python3.10/site-packages/airflow/example_dags/example_subdag_operator.py
[2024-07-18T18:54:06.276+0200] {processor.py:840} INFO - DAG(s) 'example_subdag_operator.section-1', 'example_subdag_operator.section-2', 'example_subdag_operator' retrieved from /home/richonlinux/Documents/GitHub/AirflowTuto/venv/lib/python3.10/site-packages/airflow/example_dags/example_subdag_operator.py
[2024-07-18T18:54:06.284+0200] {logging_mixin.py:188} INFO - [2024-07-18T18:54:06.284+0200] {dag.py:3089} INFO - Sync 3 DAGs
[2024-07-18T18:54:06.293+0200] {logging_mixin.py:188} INFO - [2024-07-18T18:54:06.293+0200] {dag.py:3947} INFO - Setting next_dagrun for example_subdag_operator to 2022-01-01 00:00:00+00:00, run_after=2022-01-01 00:00:00+00:00
[2024-07-18T18:54:06.295+0200] {logging_mixin.py:188} INFO - [2024-07-18T18:54:06.295+0200] {dag.py:3947} INFO - Setting next_dagrun for example_subdag_operator.section-1 to None, run_after=None
[2024-07-18T18:54:06.295+0200] {logging_mixin.py:188} INFO - [2024-07-18T18:54:06.295+0200] {dag.py:3947} INFO - Setting next_dagrun for example_subdag_operator.section-2 to None, run_after=None
[2024-07-18T18:54:06.299+0200] {logging_mixin.py:188} INFO - [2024-07-18T18:54:06.299+0200] {dag.py:3089} INFO - Sync 2 DAGs
[2024-07-18T18:54:06.301+0200] {logging_mixin.py:188} INFO - [2024-07-18T18:54:06.301+0200] {dag.py:3947} INFO - Setting next_dagrun for example_subdag_operator.section-1 to None, run_after=None
[2024-07-18T18:54:06.301+0200] {logging_mixin.py:188} INFO - [2024-07-18T18:54:06.301+0200] {dag.py:3947} INFO - Setting next_dagrun for example_subdag_operator.section-2 to None, run_after=None
[2024-07-18T18:54:06.309+0200] {processor.py:183} INFO - Processing /home/richonlinux/Documents/GitHub/AirflowTuto/venv/lib/python3.10/site-packages/airflow/example_dags/example_subdag_operator.py took 0.063 seconds
[2024-07-18T18:54:49.002+0200] {processor.py:161} INFO - Started process (PID=272575) to work on /home/richonlinux/Documents/GitHub/AirflowTuto/venv/lib/python3.10/site-packages/airflow/example_dags/example_subdag_operator.py
[2024-07-18T18:54:49.003+0200] {processor.py:830} INFO - Processing file /home/richonlinux/Documents/GitHub/AirflowTuto/venv/lib/python3.10/site-packages/airflow/example_dags/example_subdag_operator.py for tasks to queue
[2024-07-18T18:54:49.006+0200] {logging_mixin.py:188} INFO - [2024-07-18T18:54:49.005+0200] {dagbag.py:545} INFO - Filling up the DagBag from /home/richonlinux/Documents/GitHub/AirflowTuto/venv/lib/python3.10/site-packages/airflow/example_dags/example_subdag_operator.py
[2024-07-18T18:54:49.018+0200] {processor.py:840} INFO - DAG(s) 'example_subdag_operator.section-1', 'example_subdag_operator.section-2', 'example_subdag_operator' retrieved from /home/richonlinux/Documents/GitHub/AirflowTuto/venv/lib/python3.10/site-packages/airflow/example_dags/example_subdag_operator.py
[2024-07-18T18:54:49.025+0200] {logging_mixin.py:188} INFO - [2024-07-18T18:54:49.025+0200] {dag.py:3089} INFO - Sync 3 DAGs
[2024-07-18T18:54:49.035+0200] {logging_mixin.py:188} INFO - [2024-07-18T18:54:49.035+0200] {dag.py:3947} INFO - Setting next_dagrun for example_subdag_operator to 2022-01-01 00:00:00+00:00, run_after=2022-01-01 00:00:00+00:00
[2024-07-18T18:54:49.037+0200] {logging_mixin.py:188} INFO - [2024-07-18T18:54:49.037+0200] {dag.py:3947} INFO - Setting next_dagrun for example_subdag_operator.section-1 to None, run_after=None
[2024-07-18T18:54:49.037+0200] {logging_mixin.py:188} INFO - [2024-07-18T18:54:49.037+0200] {dag.py:3947} INFO - Setting next_dagrun for example_subdag_operator.section-2 to None, run_after=None
[2024-07-18T18:54:49.040+0200] {logging_mixin.py:188} INFO - [2024-07-18T18:54:49.040+0200] {dag.py:3089} INFO - Sync 2 DAGs
[2024-07-18T18:54:49.042+0200] {logging_mixin.py:188} INFO - [2024-07-18T18:54:49.042+0200] {dag.py:3947} INFO - Setting next_dagrun for example_subdag_operator.section-1 to None, run_after=None
[2024-07-18T18:54:49.042+0200] {logging_mixin.py:188} INFO - [2024-07-18T18:54:49.042+0200] {dag.py:3947} INFO - Setting next_dagrun for example_subdag_operator.section-2 to None, run_after=None
[2024-07-18T18:54:49.052+0200] {processor.py:183} INFO - Processing /home/richonlinux/Documents/GitHub/AirflowTuto/venv/lib/python3.10/site-packages/airflow/example_dags/example_subdag_operator.py took 0.058 seconds
[2024-07-18T18:55:42.898+0200] {processor.py:161} INFO - Started process (PID=273445) to work on /home/richonlinux/Documents/GitHub/AirflowTuto/venv/lib/python3.10/site-packages/airflow/example_dags/example_subdag_operator.py
[2024-07-18T18:55:42.899+0200] {processor.py:830} INFO - Processing file /home/richonlinux/Documents/GitHub/AirflowTuto/venv/lib/python3.10/site-packages/airflow/example_dags/example_subdag_operator.py for tasks to queue
[2024-07-18T18:55:42.900+0200] {logging_mixin.py:188} INFO - [2024-07-18T18:55:42.900+0200] {dagbag.py:545} INFO - Filling up the DagBag from /home/richonlinux/Documents/GitHub/AirflowTuto/venv/lib/python3.10/site-packages/airflow/example_dags/example_subdag_operator.py
[2024-07-18T18:55:42.911+0200] {processor.py:840} INFO - DAG(s) 'example_subdag_operator.section-1', 'example_subdag_operator.section-2', 'example_subdag_operator' retrieved from /home/richonlinux/Documents/GitHub/AirflowTuto/venv/lib/python3.10/site-packages/airflow/example_dags/example_subdag_operator.py
[2024-07-18T18:55:42.919+0200] {logging_mixin.py:188} INFO - [2024-07-18T18:55:42.919+0200] {dag.py:3089} INFO - Sync 3 DAGs
[2024-07-18T18:55:42.928+0200] {logging_mixin.py:188} INFO - [2024-07-18T18:55:42.928+0200] {dag.py:3947} INFO - Setting next_dagrun for example_subdag_operator to 2022-01-01 00:00:00+00:00, run_after=2022-01-01 00:00:00+00:00
[2024-07-18T18:55:42.930+0200] {logging_mixin.py:188} INFO - [2024-07-18T18:55:42.930+0200] {dag.py:3947} INFO - Setting next_dagrun for example_subdag_operator.section-1 to None, run_after=None
[2024-07-18T18:55:42.930+0200] {logging_mixin.py:188} INFO - [2024-07-18T18:55:42.930+0200] {dag.py:3947} INFO - Setting next_dagrun for example_subdag_operator.section-2 to None, run_after=None
[2024-07-18T18:55:42.933+0200] {logging_mixin.py:188} INFO - [2024-07-18T18:55:42.933+0200] {dag.py:3089} INFO - Sync 2 DAGs
[2024-07-18T18:55:42.935+0200] {logging_mixin.py:188} INFO - [2024-07-18T18:55:42.935+0200] {dag.py:3947} INFO - Setting next_dagrun for example_subdag_operator.section-1 to None, run_after=None
[2024-07-18T18:55:42.935+0200] {logging_mixin.py:188} INFO - [2024-07-18T18:55:42.935+0200] {dag.py:3947} INFO - Setting next_dagrun for example_subdag_operator.section-2 to None, run_after=None
[2024-07-18T18:55:42.944+0200] {processor.py:183} INFO - Processing /home/richonlinux/Documents/GitHub/AirflowTuto/venv/lib/python3.10/site-packages/airflow/example_dags/example_subdag_operator.py took 0.049 seconds
[2024-07-18T18:56:25.274+0200] {processor.py:161} INFO - Started process (PID=274236) to work on /home/richonlinux/Documents/GitHub/AirflowTuto/venv/lib/python3.10/site-packages/airflow/example_dags/example_subdag_operator.py
[2024-07-18T18:56:25.279+0200] {processor.py:830} INFO - Processing file /home/richonlinux/Documents/GitHub/AirflowTuto/venv/lib/python3.10/site-packages/airflow/example_dags/example_subdag_operator.py for tasks to queue
[2024-07-18T18:56:25.280+0200] {logging_mixin.py:188} INFO - [2024-07-18T18:56:25.280+0200] {dagbag.py:545} INFO - Filling up the DagBag from /home/richonlinux/Documents/GitHub/AirflowTuto/venv/lib/python3.10/site-packages/airflow/example_dags/example_subdag_operator.py
[2024-07-18T18:56:25.294+0200] {processor.py:840} INFO - DAG(s) 'example_subdag_operator.section-1', 'example_subdag_operator.section-2', 'example_subdag_operator' retrieved from /home/richonlinux/Documents/GitHub/AirflowTuto/venv/lib/python3.10/site-packages/airflow/example_dags/example_subdag_operator.py
[2024-07-18T18:56:25.302+0200] {logging_mixin.py:188} INFO - [2024-07-18T18:56:25.302+0200] {dag.py:3089} INFO - Sync 3 DAGs
[2024-07-18T18:56:25.312+0200] {logging_mixin.py:188} INFO - [2024-07-18T18:56:25.312+0200] {dag.py:3947} INFO - Setting next_dagrun for example_subdag_operator to 2022-01-01 00:00:00+00:00, run_after=2022-01-01 00:00:00+00:00
[2024-07-18T18:56:25.313+0200] {logging_mixin.py:188} INFO - [2024-07-18T18:56:25.313+0200] {dag.py:3947} INFO - Setting next_dagrun for example_subdag_operator.section-1 to None, run_after=None
[2024-07-18T18:56:25.314+0200] {logging_mixin.py:188} INFO - [2024-07-18T18:56:25.314+0200] {dag.py:3947} INFO - Setting next_dagrun for example_subdag_operator.section-2 to None, run_after=None
[2024-07-18T18:56:25.317+0200] {logging_mixin.py:188} INFO - [2024-07-18T18:56:25.317+0200] {dag.py:3089} INFO - Sync 2 DAGs
[2024-07-18T18:56:25.319+0200] {logging_mixin.py:188} INFO - [2024-07-18T18:56:25.319+0200] {dag.py:3947} INFO - Setting next_dagrun for example_subdag_operator.section-1 to None, run_after=None
[2024-07-18T18:56:25.319+0200] {logging_mixin.py:188} INFO - [2024-07-18T18:56:25.319+0200] {dag.py:3947} INFO - Setting next_dagrun for example_subdag_operator.section-2 to None, run_after=None
[2024-07-18T18:56:25.328+0200] {processor.py:183} INFO - Processing /home/richonlinux/Documents/GitHub/AirflowTuto/venv/lib/python3.10/site-packages/airflow/example_dags/example_subdag_operator.py took 0.060 seconds
[2024-07-18T18:57:22.995+0200] {processor.py:161} INFO - Started process (PID=275197) to work on /home/richonlinux/Documents/GitHub/AirflowTuto/venv/lib/python3.10/site-packages/airflow/example_dags/example_subdag_operator.py
[2024-07-18T18:57:22.996+0200] {processor.py:830} INFO - Processing file /home/richonlinux/Documents/GitHub/AirflowTuto/venv/lib/python3.10/site-packages/airflow/example_dags/example_subdag_operator.py for tasks to queue
[2024-07-18T18:57:22.998+0200] {logging_mixin.py:188} INFO - [2024-07-18T18:57:22.997+0200] {dagbag.py:545} INFO - Filling up the DagBag from /home/richonlinux/Documents/GitHub/AirflowTuto/venv/lib/python3.10/site-packages/airflow/example_dags/example_subdag_operator.py
[2024-07-18T18:57:23.010+0200] {processor.py:840} INFO - DAG(s) 'example_subdag_operator.section-1', 'example_subdag_operator.section-2', 'example_subdag_operator' retrieved from /home/richonlinux/Documents/GitHub/AirflowTuto/venv/lib/python3.10/site-packages/airflow/example_dags/example_subdag_operator.py
[2024-07-18T18:57:23.019+0200] {logging_mixin.py:188} INFO - [2024-07-18T18:57:23.019+0200] {dag.py:3089} INFO - Sync 3 DAGs
[2024-07-18T18:57:23.030+0200] {logging_mixin.py:188} INFO - [2024-07-18T18:57:23.030+0200] {dag.py:3947} INFO - Setting next_dagrun for example_subdag_operator to 2022-01-01 00:00:00+00:00, run_after=2022-01-01 00:00:00+00:00
[2024-07-18T18:57:23.033+0200] {logging_mixin.py:188} INFO - [2024-07-18T18:57:23.033+0200] {dag.py:3947} INFO - Setting next_dagrun for example_subdag_operator.section-1 to None, run_after=None
[2024-07-18T18:57:23.034+0200] {logging_mixin.py:188} INFO - [2024-07-18T18:57:23.034+0200] {dag.py:3947} INFO - Setting next_dagrun for example_subdag_operator.section-2 to None, run_after=None
[2024-07-18T18:57:23.037+0200] {logging_mixin.py:188} INFO - [2024-07-18T18:57:23.037+0200] {dag.py:3089} INFO - Sync 2 DAGs
[2024-07-18T18:57:23.040+0200] {logging_mixin.py:188} INFO - [2024-07-18T18:57:23.040+0200] {dag.py:3947} INFO - Setting next_dagrun for example_subdag_operator.section-1 to None, run_after=None
[2024-07-18T18:57:23.040+0200] {logging_mixin.py:188} INFO - [2024-07-18T18:57:23.040+0200] {dag.py:3947} INFO - Setting next_dagrun for example_subdag_operator.section-2 to None, run_after=None
[2024-07-18T18:57:23.050+0200] {processor.py:183} INFO - Processing /home/richonlinux/Documents/GitHub/AirflowTuto/venv/lib/python3.10/site-packages/airflow/example_dags/example_subdag_operator.py took 0.058 seconds
[2024-07-18T18:58:22.452+0200] {processor.py:161} INFO - Started process (PID=276128) to work on /home/richonlinux/Documents/GitHub/AirflowTuto/venv/lib/python3.10/site-packages/airflow/example_dags/example_subdag_operator.py
[2024-07-18T18:58:22.453+0200] {processor.py:830} INFO - Processing file /home/richonlinux/Documents/GitHub/AirflowTuto/venv/lib/python3.10/site-packages/airflow/example_dags/example_subdag_operator.py for tasks to queue
[2024-07-18T18:58:22.454+0200] {logging_mixin.py:188} INFO - [2024-07-18T18:58:22.454+0200] {dagbag.py:545} INFO - Filling up the DagBag from /home/richonlinux/Documents/GitHub/AirflowTuto/venv/lib/python3.10/site-packages/airflow/example_dags/example_subdag_operator.py
[2024-07-18T18:58:22.466+0200] {processor.py:840} INFO - DAG(s) 'example_subdag_operator.section-1', 'example_subdag_operator.section-2', 'example_subdag_operator' retrieved from /home/richonlinux/Documents/GitHub/AirflowTuto/venv/lib/python3.10/site-packages/airflow/example_dags/example_subdag_operator.py
[2024-07-18T18:58:22.474+0200] {logging_mixin.py:188} INFO - [2024-07-18T18:58:22.474+0200] {dag.py:3089} INFO - Sync 3 DAGs
[2024-07-18T18:58:22.484+0200] {logging_mixin.py:188} INFO - [2024-07-18T18:58:22.484+0200] {dag.py:3947} INFO - Setting next_dagrun for example_subdag_operator to 2022-01-01 00:00:00+00:00, run_after=2022-01-01 00:00:00+00:00
[2024-07-18T18:58:22.486+0200] {logging_mixin.py:188} INFO - [2024-07-18T18:58:22.486+0200] {dag.py:3947} INFO - Setting next_dagrun for example_subdag_operator.section-1 to None, run_after=None
[2024-07-18T18:58:22.486+0200] {logging_mixin.py:188} INFO - [2024-07-18T18:58:22.486+0200] {dag.py:3947} INFO - Setting next_dagrun for example_subdag_operator.section-2 to None, run_after=None
[2024-07-18T18:58:22.489+0200] {logging_mixin.py:188} INFO - [2024-07-18T18:58:22.489+0200] {dag.py:3089} INFO - Sync 2 DAGs
[2024-07-18T18:58:22.491+0200] {logging_mixin.py:188} INFO - [2024-07-18T18:58:22.491+0200] {dag.py:3947} INFO - Setting next_dagrun for example_subdag_operator.section-1 to None, run_after=None
[2024-07-18T18:58:22.491+0200] {logging_mixin.py:188} INFO - [2024-07-18T18:58:22.491+0200] {dag.py:3947} INFO - Setting next_dagrun for example_subdag_operator.section-2 to None, run_after=None
[2024-07-18T18:58:22.501+0200] {processor.py:183} INFO - Processing /home/richonlinux/Documents/GitHub/AirflowTuto/venv/lib/python3.10/site-packages/airflow/example_dags/example_subdag_operator.py took 0.056 seconds
[2024-07-18T18:59:23.746+0200] {processor.py:161} INFO - Started process (PID=277246) to work on /home/richonlinux/Documents/GitHub/AirflowTuto/venv/lib/python3.10/site-packages/airflow/example_dags/example_subdag_operator.py
[2024-07-18T18:59:23.747+0200] {processor.py:830} INFO - Processing file /home/richonlinux/Documents/GitHub/AirflowTuto/venv/lib/python3.10/site-packages/airflow/example_dags/example_subdag_operator.py for tasks to queue
[2024-07-18T18:59:23.749+0200] {logging_mixin.py:188} INFO - [2024-07-18T18:59:23.748+0200] {dagbag.py:545} INFO - Filling up the DagBag from /home/richonlinux/Documents/GitHub/AirflowTuto/venv/lib/python3.10/site-packages/airflow/example_dags/example_subdag_operator.py
[2024-07-18T18:59:23.761+0200] {processor.py:840} INFO - DAG(s) 'example_subdag_operator.section-1', 'example_subdag_operator.section-2', 'example_subdag_operator' retrieved from /home/richonlinux/Documents/GitHub/AirflowTuto/venv/lib/python3.10/site-packages/airflow/example_dags/example_subdag_operator.py
[2024-07-18T18:59:23.769+0200] {logging_mixin.py:188} INFO - [2024-07-18T18:59:23.768+0200] {dag.py:3089} INFO - Sync 3 DAGs
[2024-07-18T18:59:23.778+0200] {logging_mixin.py:188} INFO - [2024-07-18T18:59:23.778+0200] {dag.py:3947} INFO - Setting next_dagrun for example_subdag_operator to 2022-01-01 00:00:00+00:00, run_after=2022-01-01 00:00:00+00:00
[2024-07-18T18:59:23.780+0200] {logging_mixin.py:188} INFO - [2024-07-18T18:59:23.779+0200] {dag.py:3947} INFO - Setting next_dagrun for example_subdag_operator.section-1 to None, run_after=None
[2024-07-18T18:59:23.780+0200] {logging_mixin.py:188} INFO - [2024-07-18T18:59:23.780+0200] {dag.py:3947} INFO - Setting next_dagrun for example_subdag_operator.section-2 to None, run_after=None
[2024-07-18T18:59:23.783+0200] {logging_mixin.py:188} INFO - [2024-07-18T18:59:23.783+0200] {dag.py:3089} INFO - Sync 2 DAGs
[2024-07-18T18:59:23.785+0200] {logging_mixin.py:188} INFO - [2024-07-18T18:59:23.784+0200] {dag.py:3947} INFO - Setting next_dagrun for example_subdag_operator.section-1 to None, run_after=None
[2024-07-18T18:59:23.785+0200] {logging_mixin.py:188} INFO - [2024-07-18T18:59:23.785+0200] {dag.py:3947} INFO - Setting next_dagrun for example_subdag_operator.section-2 to None, run_after=None
[2024-07-18T18:59:23.793+0200] {processor.py:183} INFO - Processing /home/richonlinux/Documents/GitHub/AirflowTuto/venv/lib/python3.10/site-packages/airflow/example_dags/example_subdag_operator.py took 0.056 seconds
