[2024-07-18T18:16:31.931+0200] {processor.py:161} INFO - Started process (PID=258175) to work on /home/richonlinux/Documents/GitHub/AirflowTuto/venv/lib/python3.10/site-packages/airflow/example_dags/example_sla_dag.py
[2024-07-18T18:16:31.932+0200] {processor.py:830} INFO - Processing file /home/richonlinux/Documents/GitHub/AirflowTuto/venv/lib/python3.10/site-packages/airflow/example_dags/example_sla_dag.py for tasks to queue
[2024-07-18T18:16:31.933+0200] {logging_mixin.py:188} INFO - [2024-07-18T18:16:31.933+0200] {dagbag.py:545} INFO - Filling up the DagBag from /home/richonlinux/Documents/GitHub/AirflowTuto/venv/lib/python3.10/site-packages/airflow/example_dags/example_sla_dag.py
[2024-07-18T18:16:31.939+0200] {processor.py:840} INFO - DAG(s) 'example_sla_dag' retrieved from /home/richonlinux/Documents/GitHub/AirflowTuto/venv/lib/python3.10/site-packages/airflow/example_dags/example_sla_dag.py
[2024-07-18T18:16:32.001+0200] {logging_mixin.py:188} INFO - [2024-07-18T18:16:32.000+0200] {override.py:1858} INFO - Created Permission View: can edit on DAG:example_sla_dag
[2024-07-18T18:16:32.009+0200] {logging_mixin.py:188} INFO - [2024-07-18T18:16:32.009+0200] {override.py:1858} INFO - Created Permission View: can read on DAG:example_sla_dag
[2024-07-18T18:16:32.016+0200] {logging_mixin.py:188} INFO - [2024-07-18T18:16:32.016+0200] {override.py:1858} INFO - Created Permission View: can delete on DAG:example_sla_dag
[2024-07-18T18:16:32.017+0200] {logging_mixin.py:188} INFO - [2024-07-18T18:16:32.017+0200] {dag.py:3089} INFO - Sync 1 DAGs
[2024-07-18T18:16:32.022+0200] {logging_mixin.py:188} INFO - [2024-07-18T18:16:32.022+0200] {dag.py:3111} INFO - Creating ORM DAG for example_sla_dag
[2024-07-18T18:16:32.030+0200] {logging_mixin.py:188} INFO - [2024-07-18T18:16:32.030+0200] {dag.py:3947} INFO - Setting next_dagrun for example_sla_dag to 2024-07-18 16:14:00+00:00, run_after=2024-07-18 16:16:00+00:00
[2024-07-18T18:16:32.043+0200] {processor.py:183} INFO - Processing /home/richonlinux/Documents/GitHub/AirflowTuto/venv/lib/python3.10/site-packages/airflow/example_dags/example_sla_dag.py took 0.115 seconds
[2024-07-18T18:17:24.657+0200] {processor.py:161} INFO - Started process (PID=259048) to work on /home/richonlinux/Documents/GitHub/AirflowTuto/venv/lib/python3.10/site-packages/airflow/example_dags/example_sla_dag.py
[2024-07-18T18:17:24.661+0200] {processor.py:830} INFO - Processing file /home/richonlinux/Documents/GitHub/AirflowTuto/venv/lib/python3.10/site-packages/airflow/example_dags/example_sla_dag.py for tasks to queue
[2024-07-18T18:17:24.663+0200] {logging_mixin.py:188} INFO - [2024-07-18T18:17:24.663+0200] {dagbag.py:545} INFO - Filling up the DagBag from /home/richonlinux/Documents/GitHub/AirflowTuto/venv/lib/python3.10/site-packages/airflow/example_dags/example_sla_dag.py
[2024-07-18T18:17:24.671+0200] {processor.py:840} INFO - DAG(s) 'example_sla_dag' retrieved from /home/richonlinux/Documents/GitHub/AirflowTuto/venv/lib/python3.10/site-packages/airflow/example_dags/example_sla_dag.py
[2024-07-18T18:17:24.680+0200] {logging_mixin.py:188} INFO - [2024-07-18T18:17:24.680+0200] {dag.py:3089} INFO - Sync 1 DAGs
[2024-07-18T18:17:24.690+0200] {logging_mixin.py:188} INFO - [2024-07-18T18:17:24.690+0200] {dag.py:3947} INFO - Setting next_dagrun for example_sla_dag to 2024-07-18 16:14:00+00:00, run_after=2024-07-18 16:16:00+00:00
[2024-07-18T18:17:24.702+0200] {processor.py:183} INFO - Processing /home/richonlinux/Documents/GitHub/AirflowTuto/venv/lib/python3.10/site-packages/airflow/example_dags/example_sla_dag.py took 0.053 seconds
[2024-07-18T18:44:13.526+0200] {processor.py:161} INFO - Started process (PID=260244) to work on /home/richonlinux/Documents/GitHub/AirflowTuto/venv/lib/python3.10/site-packages/airflow/example_dags/example_sla_dag.py
[2024-07-18T18:44:13.527+0200] {processor.py:830} INFO - Processing file /home/richonlinux/Documents/GitHub/AirflowTuto/venv/lib/python3.10/site-packages/airflow/example_dags/example_sla_dag.py for tasks to queue
[2024-07-18T18:44:13.528+0200] {logging_mixin.py:188} INFO - [2024-07-18T18:44:13.528+0200] {dagbag.py:545} INFO - Filling up the DagBag from /home/richonlinux/Documents/GitHub/AirflowTuto/venv/lib/python3.10/site-packages/airflow/example_dags/example_sla_dag.py
[2024-07-18T18:44:13.534+0200] {processor.py:840} INFO - DAG(s) 'example_sla_dag' retrieved from /home/richonlinux/Documents/GitHub/AirflowTuto/venv/lib/python3.10/site-packages/airflow/example_dags/example_sla_dag.py
[2024-07-18T18:44:13.544+0200] {logging_mixin.py:188} INFO - [2024-07-18T18:44:13.544+0200] {dag.py:3089} INFO - Sync 1 DAGs
[2024-07-18T18:44:13.619+0200] {logging_mixin.py:188} INFO - [2024-07-18T18:44:13.619+0200] {dag.py:3947} INFO - Setting next_dagrun for example_sla_dag to 2024-07-18 16:42:00+00:00, run_after=2024-07-18 16:44:00+00:00
[2024-07-18T18:44:13.630+0200] {processor.py:183} INFO - Processing /home/richonlinux/Documents/GitHub/AirflowTuto/venv/lib/python3.10/site-packages/airflow/example_dags/example_sla_dag.py took 0.109 seconds
[2024-07-18T18:45:05.727+0200] {processor.py:161} INFO - Started process (PID=261340) to work on /home/richonlinux/Documents/GitHub/AirflowTuto/venv/lib/python3.10/site-packages/airflow/example_dags/example_sla_dag.py
[2024-07-18T18:45:05.728+0200] {processor.py:830} INFO - Processing file /home/richonlinux/Documents/GitHub/AirflowTuto/venv/lib/python3.10/site-packages/airflow/example_dags/example_sla_dag.py for tasks to queue
[2024-07-18T18:45:05.729+0200] {logging_mixin.py:188} INFO - [2024-07-18T18:45:05.728+0200] {dagbag.py:545} INFO - Filling up the DagBag from /home/richonlinux/Documents/GitHub/AirflowTuto/venv/lib/python3.10/site-packages/airflow/example_dags/example_sla_dag.py
[2024-07-18T18:45:05.733+0200] {processor.py:840} INFO - DAG(s) 'example_sla_dag' retrieved from /home/richonlinux/Documents/GitHub/AirflowTuto/venv/lib/python3.10/site-packages/airflow/example_dags/example_sla_dag.py
[2024-07-18T18:45:05.741+0200] {logging_mixin.py:188} INFO - [2024-07-18T18:45:05.741+0200] {dag.py:3089} INFO - Sync 1 DAGs
[2024-07-18T18:45:05.752+0200] {logging_mixin.py:188} INFO - [2024-07-18T18:45:05.752+0200] {dag.py:3947} INFO - Setting next_dagrun for example_sla_dag to 2024-07-18 16:42:00+00:00, run_after=2024-07-18 16:44:00+00:00
[2024-07-18T18:45:05.764+0200] {processor.py:183} INFO - Processing /home/richonlinux/Documents/GitHub/AirflowTuto/venv/lib/python3.10/site-packages/airflow/example_dags/example_sla_dag.py took 0.041 seconds
[2024-07-18T18:45:50.412+0200] {processor.py:161} INFO - Started process (PID=262257) to work on /home/richonlinux/Documents/GitHub/AirflowTuto/venv/lib/python3.10/site-packages/airflow/example_dags/example_sla_dag.py
[2024-07-18T18:45:50.413+0200] {processor.py:830} INFO - Processing file /home/richonlinux/Documents/GitHub/AirflowTuto/venv/lib/python3.10/site-packages/airflow/example_dags/example_sla_dag.py for tasks to queue
[2024-07-18T18:45:50.415+0200] {logging_mixin.py:188} INFO - [2024-07-18T18:45:50.415+0200] {dagbag.py:545} INFO - Filling up the DagBag from /home/richonlinux/Documents/GitHub/AirflowTuto/venv/lib/python3.10/site-packages/airflow/example_dags/example_sla_dag.py
[2024-07-18T18:45:50.422+0200] {processor.py:840} INFO - DAG(s) 'example_sla_dag' retrieved from /home/richonlinux/Documents/GitHub/AirflowTuto/venv/lib/python3.10/site-packages/airflow/example_dags/example_sla_dag.py
[2024-07-18T18:45:50.430+0200] {logging_mixin.py:188} INFO - [2024-07-18T18:45:50.429+0200] {dag.py:3089} INFO - Sync 1 DAGs
[2024-07-18T18:45:50.441+0200] {logging_mixin.py:188} INFO - [2024-07-18T18:45:50.441+0200] {dag.py:3947} INFO - Setting next_dagrun for example_sla_dag to 2024-07-18 16:42:00+00:00, run_after=2024-07-18 16:44:00+00:00
[2024-07-18T18:45:50.453+0200] {processor.py:183} INFO - Processing /home/richonlinux/Documents/GitHub/AirflowTuto/venv/lib/python3.10/site-packages/airflow/example_dags/example_sla_dag.py took 0.048 seconds
[2024-07-18T18:49:43.681+0200] {processor.py:161} INFO - Started process (PID=266513) to work on /home/richonlinux/Documents/GitHub/AirflowTuto/venv/lib/python3.10/site-packages/airflow/example_dags/example_sla_dag.py
[2024-07-18T18:49:43.683+0200] {processor.py:830} INFO - Processing file /home/richonlinux/Documents/GitHub/AirflowTuto/venv/lib/python3.10/site-packages/airflow/example_dags/example_sla_dag.py for tasks to queue
[2024-07-18T18:49:43.685+0200] {logging_mixin.py:188} INFO - [2024-07-18T18:49:43.684+0200] {dagbag.py:545} INFO - Filling up the DagBag from /home/richonlinux/Documents/GitHub/AirflowTuto/venv/lib/python3.10/site-packages/airflow/example_dags/example_sla_dag.py
[2024-07-18T18:49:43.692+0200] {processor.py:840} INFO - DAG(s) 'example_sla_dag' retrieved from /home/richonlinux/Documents/GitHub/AirflowTuto/venv/lib/python3.10/site-packages/airflow/example_dags/example_sla_dag.py
[2024-07-18T18:49:43.696+0200] {logging_mixin.py:188} INFO - [2024-07-18T18:49:43.696+0200] {dag.py:3089} INFO - Sync 1 DAGs
[2024-07-18T18:49:43.708+0200] {logging_mixin.py:188} INFO - [2024-07-18T18:49:43.708+0200] {dag.py:3947} INFO - Setting next_dagrun for example_sla_dag to 2024-07-18 16:46:00+00:00, run_after=2024-07-18 16:48:00+00:00
[2024-07-18T18:49:43.723+0200] {processor.py:183} INFO - Processing /home/richonlinux/Documents/GitHub/AirflowTuto/venv/lib/python3.10/site-packages/airflow/example_dags/example_sla_dag.py took 0.050 seconds
[2024-07-18T18:51:37.082+0200] {processor.py:161} INFO - Started process (PID=268539) to work on /home/richonlinux/Documents/GitHub/AirflowTuto/venv/lib/python3.10/site-packages/airflow/example_dags/example_sla_dag.py
[2024-07-18T18:51:37.082+0200] {processor.py:830} INFO - Processing file /home/richonlinux/Documents/GitHub/AirflowTuto/venv/lib/python3.10/site-packages/airflow/example_dags/example_sla_dag.py for tasks to queue
[2024-07-18T18:51:37.083+0200] {logging_mixin.py:188} INFO - [2024-07-18T18:51:37.083+0200] {dagbag.py:545} INFO - Filling up the DagBag from /home/richonlinux/Documents/GitHub/AirflowTuto/venv/lib/python3.10/site-packages/airflow/example_dags/example_sla_dag.py
[2024-07-18T18:51:37.091+0200] {processor.py:840} INFO - DAG(s) 'example_sla_dag' retrieved from /home/richonlinux/Documents/GitHub/AirflowTuto/venv/lib/python3.10/site-packages/airflow/example_dags/example_sla_dag.py
[2024-07-18T18:51:37.095+0200] {logging_mixin.py:188} INFO - [2024-07-18T18:51:37.094+0200] {dag.py:3089} INFO - Sync 1 DAGs
[2024-07-18T18:51:37.105+0200] {logging_mixin.py:188} INFO - [2024-07-18T18:51:37.105+0200] {dag.py:3947} INFO - Setting next_dagrun for example_sla_dag to 2024-07-18 16:48:00+00:00, run_after=2024-07-18 16:50:00+00:00
[2024-07-18T18:51:37.117+0200] {processor.py:183} INFO - Processing /home/richonlinux/Documents/GitHub/AirflowTuto/venv/lib/python3.10/site-packages/airflow/example_dags/example_sla_dag.py took 0.038 seconds
[2024-07-18T18:52:29.139+0200] {processor.py:161} INFO - Started process (PID=269555) to work on /home/richonlinux/Documents/GitHub/AirflowTuto/venv/lib/python3.10/site-packages/airflow/example_dags/example_sla_dag.py
[2024-07-18T18:52:29.140+0200] {processor.py:830} INFO - Processing file /home/richonlinux/Documents/GitHub/AirflowTuto/venv/lib/python3.10/site-packages/airflow/example_dags/example_sla_dag.py for tasks to queue
[2024-07-18T18:52:29.142+0200] {logging_mixin.py:188} INFO - [2024-07-18T18:52:29.142+0200] {dagbag.py:545} INFO - Filling up the DagBag from /home/richonlinux/Documents/GitHub/AirflowTuto/venv/lib/python3.10/site-packages/airflow/example_dags/example_sla_dag.py
[2024-07-18T18:52:29.149+0200] {processor.py:840} INFO - DAG(s) 'example_sla_dag' retrieved from /home/richonlinux/Documents/GitHub/AirflowTuto/venv/lib/python3.10/site-packages/airflow/example_dags/example_sla_dag.py
[2024-07-18T18:52:29.250+0200] {logging_mixin.py:188} INFO - [2024-07-18T18:52:29.250+0200] {dag.py:3089} INFO - Sync 1 DAGs
[2024-07-18T18:52:29.259+0200] {logging_mixin.py:188} INFO - [2024-07-18T18:52:29.259+0200] {dag.py:3947} INFO - Setting next_dagrun for example_sla_dag to 2024-07-18 16:50:00+00:00, run_after=2024-07-18 16:52:00+00:00
[2024-07-18T18:52:29.271+0200] {processor.py:183} INFO - Processing /home/richonlinux/Documents/GitHub/AirflowTuto/venv/lib/python3.10/site-packages/airflow/example_dags/example_sla_dag.py took 0.141 seconds
[2024-07-18T18:53:20.685+0200] {processor.py:161} INFO - Started process (PID=270932) to work on /home/richonlinux/Documents/GitHub/AirflowTuto/venv/lib/python3.10/site-packages/airflow/example_dags/example_sla_dag.py
[2024-07-18T18:53:20.686+0200] {processor.py:830} INFO - Processing file /home/richonlinux/Documents/GitHub/AirflowTuto/venv/lib/python3.10/site-packages/airflow/example_dags/example_sla_dag.py for tasks to queue
[2024-07-18T18:53:20.686+0200] {logging_mixin.py:188} INFO - [2024-07-18T18:53:20.686+0200] {dagbag.py:545} INFO - Filling up the DagBag from /home/richonlinux/Documents/GitHub/AirflowTuto/venv/lib/python3.10/site-packages/airflow/example_dags/example_sla_dag.py
[2024-07-18T18:53:20.691+0200] {processor.py:840} INFO - DAG(s) 'example_sla_dag' retrieved from /home/richonlinux/Documents/GitHub/AirflowTuto/venv/lib/python3.10/site-packages/airflow/example_dags/example_sla_dag.py
[2024-07-18T18:53:20.699+0200] {logging_mixin.py:188} INFO - [2024-07-18T18:53:20.699+0200] {dag.py:3089} INFO - Sync 1 DAGs
[2024-07-18T18:53:20.766+0200] {logging_mixin.py:188} INFO - [2024-07-18T18:53:20.766+0200] {dag.py:3947} INFO - Setting next_dagrun for example_sla_dag to 2024-07-18 16:50:00+00:00, run_after=2024-07-18 16:52:00+00:00
[2024-07-18T18:53:20.777+0200] {processor.py:183} INFO - Processing /home/richonlinux/Documents/GitHub/AirflowTuto/venv/lib/python3.10/site-packages/airflow/example_dags/example_sla_dag.py took 0.095 seconds
[2024-07-18T18:54:05.102+0200] {processor.py:161} INFO - Started process (PID=271853) to work on /home/richonlinux/Documents/GitHub/AirflowTuto/venv/lib/python3.10/site-packages/airflow/example_dags/example_sla_dag.py
[2024-07-18T18:54:05.103+0200] {processor.py:830} INFO - Processing file /home/richonlinux/Documents/GitHub/AirflowTuto/venv/lib/python3.10/site-packages/airflow/example_dags/example_sla_dag.py for tasks to queue
[2024-07-18T18:54:05.106+0200] {logging_mixin.py:188} INFO - [2024-07-18T18:54:05.106+0200] {dagbag.py:545} INFO - Filling up the DagBag from /home/richonlinux/Documents/GitHub/AirflowTuto/venv/lib/python3.10/site-packages/airflow/example_dags/example_sla_dag.py
[2024-07-18T18:54:05.112+0200] {processor.py:840} INFO - DAG(s) 'example_sla_dag' retrieved from /home/richonlinux/Documents/GitHub/AirflowTuto/venv/lib/python3.10/site-packages/airflow/example_dags/example_sla_dag.py
[2024-07-18T18:54:05.121+0200] {logging_mixin.py:188} INFO - [2024-07-18T18:54:05.121+0200] {dag.py:3089} INFO - Sync 1 DAGs
[2024-07-18T18:54:05.139+0200] {logging_mixin.py:188} INFO - [2024-07-18T18:54:05.139+0200] {dag.py:3947} INFO - Setting next_dagrun for example_sla_dag to 2024-07-18 16:52:00+00:00, run_after=2024-07-18 16:54:00+00:00
[2024-07-18T18:54:05.153+0200] {processor.py:183} INFO - Processing /home/richonlinux/Documents/GitHub/AirflowTuto/venv/lib/python3.10/site-packages/airflow/example_dags/example_sla_dag.py took 0.060 seconds
[2024-07-18T18:54:47.853+0200] {processor.py:161} INFO - Started process (PID=272569) to work on /home/richonlinux/Documents/GitHub/AirflowTuto/venv/lib/python3.10/site-packages/airflow/example_dags/example_sla_dag.py
[2024-07-18T18:54:47.854+0200] {processor.py:830} INFO - Processing file /home/richonlinux/Documents/GitHub/AirflowTuto/venv/lib/python3.10/site-packages/airflow/example_dags/example_sla_dag.py for tasks to queue
[2024-07-18T18:54:47.856+0200] {logging_mixin.py:188} INFO - [2024-07-18T18:54:47.856+0200] {dagbag.py:545} INFO - Filling up the DagBag from /home/richonlinux/Documents/GitHub/AirflowTuto/venv/lib/python3.10/site-packages/airflow/example_dags/example_sla_dag.py
[2024-07-18T18:54:47.863+0200] {processor.py:840} INFO - DAG(s) 'example_sla_dag' retrieved from /home/richonlinux/Documents/GitHub/AirflowTuto/venv/lib/python3.10/site-packages/airflow/example_dags/example_sla_dag.py
[2024-07-18T18:54:47.871+0200] {logging_mixin.py:188} INFO - [2024-07-18T18:54:47.871+0200] {dag.py:3089} INFO - Sync 1 DAGs
[2024-07-18T18:54:47.882+0200] {logging_mixin.py:188} INFO - [2024-07-18T18:54:47.882+0200] {dag.py:3947} INFO - Setting next_dagrun for example_sla_dag to 2024-07-18 16:52:00+00:00, run_after=2024-07-18 16:54:00+00:00
[2024-07-18T18:54:47.893+0200] {processor.py:183} INFO - Processing /home/richonlinux/Documents/GitHub/AirflowTuto/venv/lib/python3.10/site-packages/airflow/example_dags/example_sla_dag.py took 0.049 seconds
[2024-07-18T18:55:42.005+0200] {processor.py:161} INFO - Started process (PID=273418) to work on /home/richonlinux/Documents/GitHub/AirflowTuto/venv/lib/python3.10/site-packages/airflow/example_dags/example_sla_dag.py
[2024-07-18T18:55:42.008+0200] {processor.py:830} INFO - Processing file /home/richonlinux/Documents/GitHub/AirflowTuto/venv/lib/python3.10/site-packages/airflow/example_dags/example_sla_dag.py for tasks to queue
[2024-07-18T18:55:42.010+0200] {logging_mixin.py:188} INFO - [2024-07-18T18:55:42.010+0200] {dagbag.py:545} INFO - Filling up the DagBag from /home/richonlinux/Documents/GitHub/AirflowTuto/venv/lib/python3.10/site-packages/airflow/example_dags/example_sla_dag.py
[2024-07-18T18:55:42.018+0200] {processor.py:840} INFO - DAG(s) 'example_sla_dag' retrieved from /home/richonlinux/Documents/GitHub/AirflowTuto/venv/lib/python3.10/site-packages/airflow/example_dags/example_sla_dag.py
[2024-07-18T18:55:42.027+0200] {logging_mixin.py:188} INFO - [2024-07-18T18:55:42.027+0200] {dag.py:3089} INFO - Sync 1 DAGs
[2024-07-18T18:55:42.038+0200] {logging_mixin.py:188} INFO - [2024-07-18T18:55:42.037+0200] {dag.py:3947} INFO - Setting next_dagrun for example_sla_dag to 2024-07-18 16:52:00+00:00, run_after=2024-07-18 16:54:00+00:00
[2024-07-18T18:55:42.050+0200] {processor.py:183} INFO - Processing /home/richonlinux/Documents/GitHub/AirflowTuto/venv/lib/python3.10/site-packages/airflow/example_dags/example_sla_dag.py took 0.048 seconds
[2024-07-18T18:56:24.128+0200] {processor.py:161} INFO - Started process (PID=274225) to work on /home/richonlinux/Documents/GitHub/AirflowTuto/venv/lib/python3.10/site-packages/airflow/example_dags/example_sla_dag.py
[2024-07-18T18:56:24.129+0200] {processor.py:830} INFO - Processing file /home/richonlinux/Documents/GitHub/AirflowTuto/venv/lib/python3.10/site-packages/airflow/example_dags/example_sla_dag.py for tasks to queue
[2024-07-18T18:56:24.130+0200] {logging_mixin.py:188} INFO - [2024-07-18T18:56:24.130+0200] {dagbag.py:545} INFO - Filling up the DagBag from /home/richonlinux/Documents/GitHub/AirflowTuto/venv/lib/python3.10/site-packages/airflow/example_dags/example_sla_dag.py
[2024-07-18T18:56:24.136+0200] {processor.py:840} INFO - DAG(s) 'example_sla_dag' retrieved from /home/richonlinux/Documents/GitHub/AirflowTuto/venv/lib/python3.10/site-packages/airflow/example_dags/example_sla_dag.py
[2024-07-18T18:56:24.145+0200] {logging_mixin.py:188} INFO - [2024-07-18T18:56:24.145+0200] {dag.py:3089} INFO - Sync 1 DAGs
[2024-07-18T18:56:24.158+0200] {logging_mixin.py:188} INFO - [2024-07-18T18:56:24.158+0200] {dag.py:3947} INFO - Setting next_dagrun for example_sla_dag to 2024-07-18 16:54:00+00:00, run_after=2024-07-18 16:56:00+00:00
[2024-07-18T18:56:24.171+0200] {processor.py:183} INFO - Processing /home/richonlinux/Documents/GitHub/AirflowTuto/venv/lib/python3.10/site-packages/airflow/example_dags/example_sla_dag.py took 0.048 seconds
[2024-07-18T18:57:21.860+0200] {processor.py:161} INFO - Started process (PID=275168) to work on /home/richonlinux/Documents/GitHub/AirflowTuto/venv/lib/python3.10/site-packages/airflow/example_dags/example_sla_dag.py
[2024-07-18T18:57:21.860+0200] {processor.py:830} INFO - Processing file /home/richonlinux/Documents/GitHub/AirflowTuto/venv/lib/python3.10/site-packages/airflow/example_dags/example_sla_dag.py for tasks to queue
[2024-07-18T18:57:21.861+0200] {logging_mixin.py:188} INFO - [2024-07-18T18:57:21.861+0200] {dagbag.py:545} INFO - Filling up the DagBag from /home/richonlinux/Documents/GitHub/AirflowTuto/venv/lib/python3.10/site-packages/airflow/example_dags/example_sla_dag.py
[2024-07-18T18:57:21.866+0200] {processor.py:840} INFO - DAG(s) 'example_sla_dag' retrieved from /home/richonlinux/Documents/GitHub/AirflowTuto/venv/lib/python3.10/site-packages/airflow/example_dags/example_sla_dag.py
[2024-07-18T18:57:21.874+0200] {logging_mixin.py:188} INFO - [2024-07-18T18:57:21.874+0200] {dag.py:3089} INFO - Sync 1 DAGs
[2024-07-18T18:57:21.886+0200] {logging_mixin.py:188} INFO - [2024-07-18T18:57:21.886+0200] {dag.py:3947} INFO - Setting next_dagrun for example_sla_dag to 2024-07-18 16:54:00+00:00, run_after=2024-07-18 16:56:00+00:00
[2024-07-18T18:57:21.899+0200] {processor.py:183} INFO - Processing /home/richonlinux/Documents/GitHub/AirflowTuto/venv/lib/python3.10/site-packages/airflow/example_dags/example_sla_dag.py took 0.043 seconds
[2024-07-18T18:58:21.738+0200] {processor.py:161} INFO - Started process (PID=276102) to work on /home/richonlinux/Documents/GitHub/AirflowTuto/venv/lib/python3.10/site-packages/airflow/example_dags/example_sla_dag.py
[2024-07-18T18:58:21.742+0200] {processor.py:830} INFO - Processing file /home/richonlinux/Documents/GitHub/AirflowTuto/venv/lib/python3.10/site-packages/airflow/example_dags/example_sla_dag.py for tasks to queue
[2024-07-18T18:58:21.743+0200] {logging_mixin.py:188} INFO - [2024-07-18T18:58:21.743+0200] {dagbag.py:545} INFO - Filling up the DagBag from /home/richonlinux/Documents/GitHub/AirflowTuto/venv/lib/python3.10/site-packages/airflow/example_dags/example_sla_dag.py
[2024-07-18T18:58:21.748+0200] {processor.py:840} INFO - DAG(s) 'example_sla_dag' retrieved from /home/richonlinux/Documents/GitHub/AirflowTuto/venv/lib/python3.10/site-packages/airflow/example_dags/example_sla_dag.py
[2024-07-18T18:58:21.756+0200] {logging_mixin.py:188} INFO - [2024-07-18T18:58:21.756+0200] {dag.py:3089} INFO - Sync 1 DAGs
[2024-07-18T18:58:21.768+0200] {logging_mixin.py:188} INFO - [2024-07-18T18:58:21.768+0200] {dag.py:3947} INFO - Setting next_dagrun for example_sla_dag to 2024-07-18 16:56:00+00:00, run_after=2024-07-18 16:58:00+00:00
[2024-07-18T18:58:21.780+0200] {processor.py:183} INFO - Processing /home/richonlinux/Documents/GitHub/AirflowTuto/venv/lib/python3.10/site-packages/airflow/example_dags/example_sla_dag.py took 0.047 seconds
[2024-07-18T18:59:05.756+0200] {processor.py:161} INFO - Started process (PID=276869) to work on /home/richonlinux/Documents/GitHub/AirflowTuto/venv/lib/python3.10/site-packages/airflow/example_dags/example_sla_dag.py
[2024-07-18T18:59:05.761+0200] {processor.py:830} INFO - Processing file /home/richonlinux/Documents/GitHub/AirflowTuto/venv/lib/python3.10/site-packages/airflow/example_dags/example_sla_dag.py for tasks to queue
[2024-07-18T18:59:05.763+0200] {logging_mixin.py:188} INFO - [2024-07-18T18:59:05.763+0200] {dagbag.py:545} INFO - Filling up the DagBag from /home/richonlinux/Documents/GitHub/AirflowTuto/venv/lib/python3.10/site-packages/airflow/example_dags/example_sla_dag.py
[2024-07-18T18:59:05.773+0200] {processor.py:840} INFO - DAG(s) 'example_sla_dag' retrieved from /home/richonlinux/Documents/GitHub/AirflowTuto/venv/lib/python3.10/site-packages/airflow/example_dags/example_sla_dag.py
[2024-07-18T18:59:05.785+0200] {logging_mixin.py:188} INFO - [2024-07-18T18:59:05.784+0200] {dag.py:3089} INFO - Sync 1 DAGs
[2024-07-18T18:59:05.805+0200] {logging_mixin.py:188} INFO - [2024-07-18T18:59:05.804+0200] {dag.py:3947} INFO - Setting next_dagrun for example_sla_dag to 2024-07-18 16:56:00+00:00, run_after=2024-07-18 16:58:00+00:00
[2024-07-18T18:59:05.822+0200] {processor.py:183} INFO - Processing /home/richonlinux/Documents/GitHub/AirflowTuto/venv/lib/python3.10/site-packages/airflow/example_dags/example_sla_dag.py took 0.074 seconds
[2024-07-18T19:00:06.544+0200] {processor.py:161} INFO - Started process (PID=277989) to work on /home/richonlinux/Documents/GitHub/AirflowTuto/venv/lib/python3.10/site-packages/airflow/example_dags/example_sla_dag.py
[2024-07-18T19:00:06.545+0200] {processor.py:830} INFO - Processing file /home/richonlinux/Documents/GitHub/AirflowTuto/venv/lib/python3.10/site-packages/airflow/example_dags/example_sla_dag.py for tasks to queue
[2024-07-18T19:00:06.546+0200] {logging_mixin.py:188} INFO - [2024-07-18T19:00:06.546+0200] {dagbag.py:545} INFO - Filling up the DagBag from /home/richonlinux/Documents/GitHub/AirflowTuto/venv/lib/python3.10/site-packages/airflow/example_dags/example_sla_dag.py
[2024-07-18T19:00:06.552+0200] {processor.py:840} INFO - DAG(s) 'example_sla_dag' retrieved from /home/richonlinux/Documents/GitHub/AirflowTuto/venv/lib/python3.10/site-packages/airflow/example_dags/example_sla_dag.py
[2024-07-18T19:00:06.560+0200] {logging_mixin.py:188} INFO - [2024-07-18T19:00:06.560+0200] {dag.py:3089} INFO - Sync 1 DAGs
[2024-07-18T19:00:06.571+0200] {logging_mixin.py:188} INFO - [2024-07-18T19:00:06.571+0200] {dag.py:3947} INFO - Setting next_dagrun for example_sla_dag to 2024-07-18 16:58:00+00:00, run_after=2024-07-18 17:00:00+00:00
[2024-07-18T19:00:06.583+0200] {processor.py:183} INFO - Processing /home/richonlinux/Documents/GitHub/AirflowTuto/venv/lib/python3.10/site-packages/airflow/example_dags/example_sla_dag.py took 0.047 seconds
[2024-07-18T19:01:08.388+0200] {processor.py:161} INFO - Started process (PID=279180) to work on /home/richonlinux/Documents/GitHub/AirflowTuto/venv/lib/python3.10/site-packages/airflow/example_dags/example_sla_dag.py
[2024-07-18T19:01:08.389+0200] {processor.py:830} INFO - Processing file /home/richonlinux/Documents/GitHub/AirflowTuto/venv/lib/python3.10/site-packages/airflow/example_dags/example_sla_dag.py for tasks to queue
[2024-07-18T19:01:08.390+0200] {logging_mixin.py:188} INFO - [2024-07-18T19:01:08.390+0200] {dagbag.py:545} INFO - Filling up the DagBag from /home/richonlinux/Documents/GitHub/AirflowTuto/venv/lib/python3.10/site-packages/airflow/example_dags/example_sla_dag.py
[2024-07-18T19:01:08.397+0200] {processor.py:840} INFO - DAG(s) 'example_sla_dag' retrieved from /home/richonlinux/Documents/GitHub/AirflowTuto/venv/lib/python3.10/site-packages/airflow/example_dags/example_sla_dag.py
[2024-07-18T19:01:08.405+0200] {logging_mixin.py:188} INFO - [2024-07-18T19:01:08.405+0200] {dag.py:3089} INFO - Sync 1 DAGs
[2024-07-18T19:01:08.416+0200] {logging_mixin.py:188} INFO - [2024-07-18T19:01:08.416+0200] {dag.py:3947} INFO - Setting next_dagrun for example_sla_dag to 2024-07-18 16:58:00+00:00, run_after=2024-07-18 17:00:00+00:00
[2024-07-18T19:01:08.427+0200] {processor.py:183} INFO - Processing /home/richonlinux/Documents/GitHub/AirflowTuto/venv/lib/python3.10/site-packages/airflow/example_dags/example_sla_dag.py took 0.042 seconds
[2024-07-18T19:02:03.746+0200] {processor.py:161} INFO - Started process (PID=280308) to work on /home/richonlinux/Documents/GitHub/AirflowTuto/venv/lib/python3.10/site-packages/airflow/example_dags/example_sla_dag.py
[2024-07-18T19:02:03.747+0200] {processor.py:830} INFO - Processing file /home/richonlinux/Documents/GitHub/AirflowTuto/venv/lib/python3.10/site-packages/airflow/example_dags/example_sla_dag.py for tasks to queue
[2024-07-18T19:02:03.749+0200] {logging_mixin.py:188} INFO - [2024-07-18T19:02:03.749+0200] {dagbag.py:545} INFO - Filling up the DagBag from /home/richonlinux/Documents/GitHub/AirflowTuto/venv/lib/python3.10/site-packages/airflow/example_dags/example_sla_dag.py
[2024-07-18T19:02:03.756+0200] {processor.py:840} INFO - DAG(s) 'example_sla_dag' retrieved from /home/richonlinux/Documents/GitHub/AirflowTuto/venv/lib/python3.10/site-packages/airflow/example_dags/example_sla_dag.py
[2024-07-18T19:02:03.763+0200] {logging_mixin.py:188} INFO - [2024-07-18T19:02:03.763+0200] {dag.py:3089} INFO - Sync 1 DAGs
[2024-07-18T19:02:03.774+0200] {logging_mixin.py:188} INFO - [2024-07-18T19:02:03.774+0200] {dag.py:3947} INFO - Setting next_dagrun for example_sla_dag to 2024-07-18 17:00:00+00:00, run_after=2024-07-18 17:02:00+00:00
[2024-07-18T19:02:03.786+0200] {processor.py:183} INFO - Processing /home/richonlinux/Documents/GitHub/AirflowTuto/venv/lib/python3.10/site-packages/airflow/example_dags/example_sla_dag.py took 0.050 seconds
[2024-07-18T19:03:04.213+0200] {processor.py:161} INFO - Started process (PID=281258) to work on /home/richonlinux/Documents/GitHub/AirflowTuto/venv/lib/python3.10/site-packages/airflow/example_dags/example_sla_dag.py
[2024-07-18T19:03:04.218+0200] {processor.py:830} INFO - Processing file /home/richonlinux/Documents/GitHub/AirflowTuto/venv/lib/python3.10/site-packages/airflow/example_dags/example_sla_dag.py for tasks to queue
[2024-07-18T19:03:04.220+0200] {logging_mixin.py:188} INFO - [2024-07-18T19:03:04.219+0200] {dagbag.py:545} INFO - Filling up the DagBag from /home/richonlinux/Documents/GitHub/AirflowTuto/venv/lib/python3.10/site-packages/airflow/example_dags/example_sla_dag.py
[2024-07-18T19:03:04.227+0200] {processor.py:840} INFO - DAG(s) 'example_sla_dag' retrieved from /home/richonlinux/Documents/GitHub/AirflowTuto/venv/lib/python3.10/site-packages/airflow/example_dags/example_sla_dag.py
[2024-07-18T19:03:04.235+0200] {logging_mixin.py:188} INFO - [2024-07-18T19:03:04.235+0200] {dag.py:3089} INFO - Sync 1 DAGs
[2024-07-18T19:03:04.246+0200] {logging_mixin.py:188} INFO - [2024-07-18T19:03:04.245+0200] {dag.py:3947} INFO - Setting next_dagrun for example_sla_dag to 2024-07-18 17:00:00+00:00, run_after=2024-07-18 17:02:00+00:00
[2024-07-18T19:03:04.257+0200] {processor.py:183} INFO - Processing /home/richonlinux/Documents/GitHub/AirflowTuto/venv/lib/python3.10/site-packages/airflow/example_dags/example_sla_dag.py took 0.052 seconds
[2024-07-18T19:03:46.507+0200] {processor.py:161} INFO - Started process (PID=281981) to work on /home/richonlinux/Documents/GitHub/AirflowTuto/venv/lib/python3.10/site-packages/airflow/example_dags/example_sla_dag.py
[2024-07-18T19:03:46.508+0200] {processor.py:830} INFO - Processing file /home/richonlinux/Documents/GitHub/AirflowTuto/venv/lib/python3.10/site-packages/airflow/example_dags/example_sla_dag.py for tasks to queue
[2024-07-18T19:03:46.510+0200] {logging_mixin.py:188} INFO - [2024-07-18T19:03:46.510+0200] {dagbag.py:545} INFO - Filling up the DagBag from /home/richonlinux/Documents/GitHub/AirflowTuto/venv/lib/python3.10/site-packages/airflow/example_dags/example_sla_dag.py
[2024-07-18T19:03:46.517+0200] {processor.py:840} INFO - DAG(s) 'example_sla_dag' retrieved from /home/richonlinux/Documents/GitHub/AirflowTuto/venv/lib/python3.10/site-packages/airflow/example_dags/example_sla_dag.py
[2024-07-18T19:03:46.525+0200] {logging_mixin.py:188} INFO - [2024-07-18T19:03:46.525+0200] {dag.py:3089} INFO - Sync 1 DAGs
[2024-07-18T19:03:46.536+0200] {logging_mixin.py:188} INFO - [2024-07-18T19:03:46.536+0200] {dag.py:3947} INFO - Setting next_dagrun for example_sla_dag to 2024-07-18 17:00:00+00:00, run_after=2024-07-18 17:02:00+00:00
[2024-07-18T19:03:46.548+0200] {processor.py:183} INFO - Processing /home/richonlinux/Documents/GitHub/AirflowTuto/venv/lib/python3.10/site-packages/airflow/example_dags/example_sla_dag.py took 0.050 seconds
[2024-07-18T19:04:44.256+0200] {processor.py:161} INFO - Started process (PID=282882) to work on /home/richonlinux/Documents/GitHub/AirflowTuto/venv/lib/python3.10/site-packages/airflow/example_dags/example_sla_dag.py
[2024-07-18T19:04:44.260+0200] {processor.py:830} INFO - Processing file /home/richonlinux/Documents/GitHub/AirflowTuto/venv/lib/python3.10/site-packages/airflow/example_dags/example_sla_dag.py for tasks to queue
[2024-07-18T19:04:44.262+0200] {logging_mixin.py:188} INFO - [2024-07-18T19:04:44.261+0200] {dagbag.py:545} INFO - Filling up the DagBag from /home/richonlinux/Documents/GitHub/AirflowTuto/venv/lib/python3.10/site-packages/airflow/example_dags/example_sla_dag.py
[2024-07-18T19:04:44.269+0200] {processor.py:840} INFO - DAG(s) 'example_sla_dag' retrieved from /home/richonlinux/Documents/GitHub/AirflowTuto/venv/lib/python3.10/site-packages/airflow/example_dags/example_sla_dag.py
[2024-07-18T19:04:44.277+0200] {logging_mixin.py:188} INFO - [2024-07-18T19:04:44.277+0200] {dag.py:3089} INFO - Sync 1 DAGs
[2024-07-18T19:04:44.289+0200] {logging_mixin.py:188} INFO - [2024-07-18T19:04:44.289+0200] {dag.py:3947} INFO - Setting next_dagrun for example_sla_dag to 2024-07-18 17:02:00+00:00, run_after=2024-07-18 17:04:00+00:00
[2024-07-18T19:04:44.301+0200] {processor.py:183} INFO - Processing /home/richonlinux/Documents/GitHub/AirflowTuto/venv/lib/python3.10/site-packages/airflow/example_dags/example_sla_dag.py took 0.052 seconds
[2024-07-18T19:05:43.089+0200] {processor.py:161} INFO - Started process (PID=283948) to work on /home/richonlinux/Documents/GitHub/AirflowTuto/venv/lib/python3.10/site-packages/airflow/example_dags/example_sla_dag.py
[2024-07-18T19:05:43.090+0200] {processor.py:830} INFO - Processing file /home/richonlinux/Documents/GitHub/AirflowTuto/venv/lib/python3.10/site-packages/airflow/example_dags/example_sla_dag.py for tasks to queue
[2024-07-18T19:05:43.091+0200] {logging_mixin.py:188} INFO - [2024-07-18T19:05:43.091+0200] {dagbag.py:545} INFO - Filling up the DagBag from /home/richonlinux/Documents/GitHub/AirflowTuto/venv/lib/python3.10/site-packages/airflow/example_dags/example_sla_dag.py
[2024-07-18T19:05:43.098+0200] {processor.py:840} INFO - DAG(s) 'example_sla_dag' retrieved from /home/richonlinux/Documents/GitHub/AirflowTuto/venv/lib/python3.10/site-packages/airflow/example_dags/example_sla_dag.py
[2024-07-18T19:05:43.106+0200] {logging_mixin.py:188} INFO - [2024-07-18T19:05:43.105+0200] {dag.py:3089} INFO - Sync 1 DAGs
[2024-07-18T19:05:43.118+0200] {logging_mixin.py:188} INFO - [2024-07-18T19:05:43.118+0200] {dag.py:3947} INFO - Setting next_dagrun for example_sla_dag to 2024-07-18 17:02:00+00:00, run_after=2024-07-18 17:04:00+00:00
[2024-07-18T19:05:43.133+0200] {processor.py:183} INFO - Processing /home/richonlinux/Documents/GitHub/AirflowTuto/venv/lib/python3.10/site-packages/airflow/example_dags/example_sla_dag.py took 0.052 seconds
[2024-07-18T19:06:40.242+0200] {processor.py:161} INFO - Started process (PID=284968) to work on /home/richonlinux/Documents/GitHub/AirflowTuto/venv/lib/python3.10/site-packages/airflow/example_dags/example_sla_dag.py
[2024-07-18T19:06:40.243+0200] {processor.py:830} INFO - Processing file /home/richonlinux/Documents/GitHub/AirflowTuto/venv/lib/python3.10/site-packages/airflow/example_dags/example_sla_dag.py for tasks to queue
[2024-07-18T19:06:40.245+0200] {logging_mixin.py:188} INFO - [2024-07-18T19:06:40.244+0200] {dagbag.py:545} INFO - Filling up the DagBag from /home/richonlinux/Documents/GitHub/AirflowTuto/venv/lib/python3.10/site-packages/airflow/example_dags/example_sla_dag.py
[2024-07-18T19:06:40.251+0200] {processor.py:840} INFO - DAG(s) 'example_sla_dag' retrieved from /home/richonlinux/Documents/GitHub/AirflowTuto/venv/lib/python3.10/site-packages/airflow/example_dags/example_sla_dag.py
[2024-07-18T19:06:40.259+0200] {logging_mixin.py:188} INFO - [2024-07-18T19:06:40.259+0200] {dag.py:3089} INFO - Sync 1 DAGs
[2024-07-18T19:06:40.270+0200] {logging_mixin.py:188} INFO - [2024-07-18T19:06:40.270+0200] {dag.py:3947} INFO - Setting next_dagrun for example_sla_dag to 2024-07-18 17:04:00+00:00, run_after=2024-07-18 17:06:00+00:00
[2024-07-18T19:06:40.282+0200] {processor.py:183} INFO - Processing /home/richonlinux/Documents/GitHub/AirflowTuto/venv/lib/python3.10/site-packages/airflow/example_dags/example_sla_dag.py took 0.047 seconds
[2024-07-18T19:07:40.753+0200] {processor.py:161} INFO - Started process (PID=285935) to work on /home/richonlinux/Documents/GitHub/AirflowTuto/venv/lib/python3.10/site-packages/airflow/example_dags/example_sla_dag.py
[2024-07-18T19:07:40.753+0200] {processor.py:830} INFO - Processing file /home/richonlinux/Documents/GitHub/AirflowTuto/venv/lib/python3.10/site-packages/airflow/example_dags/example_sla_dag.py for tasks to queue
[2024-07-18T19:07:40.754+0200] {logging_mixin.py:188} INFO - [2024-07-18T19:07:40.754+0200] {dagbag.py:545} INFO - Filling up the DagBag from /home/richonlinux/Documents/GitHub/AirflowTuto/venv/lib/python3.10/site-packages/airflow/example_dags/example_sla_dag.py
[2024-07-18T19:07:40.759+0200] {processor.py:840} INFO - DAG(s) 'example_sla_dag' retrieved from /home/richonlinux/Documents/GitHub/AirflowTuto/venv/lib/python3.10/site-packages/airflow/example_dags/example_sla_dag.py
[2024-07-18T19:07:40.767+0200] {logging_mixin.py:188} INFO - [2024-07-18T19:07:40.767+0200] {dag.py:3089} INFO - Sync 1 DAGs
[2024-07-18T19:07:40.778+0200] {logging_mixin.py:188} INFO - [2024-07-18T19:07:40.778+0200] {dag.py:3947} INFO - Setting next_dagrun for example_sla_dag to 2024-07-18 17:04:00+00:00, run_after=2024-07-18 17:06:00+00:00
[2024-07-18T19:07:40.790+0200] {processor.py:183} INFO - Processing /home/richonlinux/Documents/GitHub/AirflowTuto/venv/lib/python3.10/site-packages/airflow/example_dags/example_sla_dag.py took 0.041 seconds
[2024-07-18T19:08:39.070+0200] {processor.py:161} INFO - Started process (PID=286900) to work on /home/richonlinux/Documents/GitHub/AirflowTuto/venv/lib/python3.10/site-packages/airflow/example_dags/example_sla_dag.py
[2024-07-18T19:08:39.071+0200] {processor.py:830} INFO - Processing file /home/richonlinux/Documents/GitHub/AirflowTuto/venv/lib/python3.10/site-packages/airflow/example_dags/example_sla_dag.py for tasks to queue
[2024-07-18T19:08:39.073+0200] {logging_mixin.py:188} INFO - [2024-07-18T19:08:39.072+0200] {dagbag.py:545} INFO - Filling up the DagBag from /home/richonlinux/Documents/GitHub/AirflowTuto/venv/lib/python3.10/site-packages/airflow/example_dags/example_sla_dag.py
[2024-07-18T19:08:39.078+0200] {processor.py:840} INFO - DAG(s) 'example_sla_dag' retrieved from /home/richonlinux/Documents/GitHub/AirflowTuto/venv/lib/python3.10/site-packages/airflow/example_dags/example_sla_dag.py
[2024-07-18T19:08:39.087+0200] {logging_mixin.py:188} INFO - [2024-07-18T19:08:39.086+0200] {dag.py:3089} INFO - Sync 1 DAGs
[2024-07-18T19:08:39.100+0200] {logging_mixin.py:188} INFO - [2024-07-18T19:08:39.100+0200] {dag.py:3947} INFO - Setting next_dagrun for example_sla_dag to 2024-07-18 17:06:00+00:00, run_after=2024-07-18 17:08:00+00:00
[2024-07-18T19:08:39.114+0200] {processor.py:183} INFO - Processing /home/richonlinux/Documents/GitHub/AirflowTuto/venv/lib/python3.10/site-packages/airflow/example_dags/example_sla_dag.py took 0.047 seconds
[2024-07-18T19:09:36.923+0200] {processor.py:161} INFO - Started process (PID=287862) to work on /home/richonlinux/Documents/GitHub/AirflowTuto/venv/lib/python3.10/site-packages/airflow/example_dags/example_sla_dag.py
[2024-07-18T19:09:36.926+0200] {processor.py:830} INFO - Processing file /home/richonlinux/Documents/GitHub/AirflowTuto/venv/lib/python3.10/site-packages/airflow/example_dags/example_sla_dag.py for tasks to queue
[2024-07-18T19:09:36.928+0200] {logging_mixin.py:188} INFO - [2024-07-18T19:09:36.928+0200] {dagbag.py:545} INFO - Filling up the DagBag from /home/richonlinux/Documents/GitHub/AirflowTuto/venv/lib/python3.10/site-packages/airflow/example_dags/example_sla_dag.py
[2024-07-18T19:09:36.934+0200] {processor.py:840} INFO - DAG(s) 'example_sla_dag' retrieved from /home/richonlinux/Documents/GitHub/AirflowTuto/venv/lib/python3.10/site-packages/airflow/example_dags/example_sla_dag.py
[2024-07-18T19:09:36.943+0200] {logging_mixin.py:188} INFO - [2024-07-18T19:09:36.943+0200] {dag.py:3089} INFO - Sync 1 DAGs
[2024-07-18T19:09:36.958+0200] {logging_mixin.py:188} INFO - [2024-07-18T19:09:36.958+0200] {dag.py:3947} INFO - Setting next_dagrun for example_sla_dag to 2024-07-18 17:06:00+00:00, run_after=2024-07-18 17:08:00+00:00
[2024-07-18T19:09:36.972+0200] {processor.py:183} INFO - Processing /home/richonlinux/Documents/GitHub/AirflowTuto/venv/lib/python3.10/site-packages/airflow/example_dags/example_sla_dag.py took 0.053 seconds
[2024-07-18T19:10:33.389+0200] {processor.py:161} INFO - Started process (PID=288757) to work on /home/richonlinux/Documents/GitHub/AirflowTuto/venv/lib/python3.10/site-packages/airflow/example_dags/example_sla_dag.py
[2024-07-18T19:10:33.390+0200] {processor.py:830} INFO - Processing file /home/richonlinux/Documents/GitHub/AirflowTuto/venv/lib/python3.10/site-packages/airflow/example_dags/example_sla_dag.py for tasks to queue
[2024-07-18T19:10:33.391+0200] {logging_mixin.py:188} INFO - [2024-07-18T19:10:33.391+0200] {dagbag.py:545} INFO - Filling up the DagBag from /home/richonlinux/Documents/GitHub/AirflowTuto/venv/lib/python3.10/site-packages/airflow/example_dags/example_sla_dag.py
[2024-07-18T19:10:33.398+0200] {processor.py:840} INFO - DAG(s) 'example_sla_dag' retrieved from /home/richonlinux/Documents/GitHub/AirflowTuto/venv/lib/python3.10/site-packages/airflow/example_dags/example_sla_dag.py
[2024-07-18T19:10:33.408+0200] {logging_mixin.py:188} INFO - [2024-07-18T19:10:33.408+0200] {dag.py:3089} INFO - Sync 1 DAGs
[2024-07-18T19:10:33.423+0200] {logging_mixin.py:188} INFO - [2024-07-18T19:10:33.423+0200] {dag.py:3947} INFO - Setting next_dagrun for example_sla_dag to 2024-07-18 17:08:00+00:00, run_after=2024-07-18 17:10:00+00:00
[2024-07-18T19:10:33.441+0200] {processor.py:183} INFO - Processing /home/richonlinux/Documents/GitHub/AirflowTuto/venv/lib/python3.10/site-packages/airflow/example_dags/example_sla_dag.py took 0.056 seconds
[2024-07-18T19:11:28.918+0200] {processor.py:161} INFO - Started process (PID=289754) to work on /home/richonlinux/Documents/GitHub/AirflowTuto/venv/lib/python3.10/site-packages/airflow/example_dags/example_sla_dag.py
[2024-07-18T19:11:28.922+0200] {processor.py:830} INFO - Processing file /home/richonlinux/Documents/GitHub/AirflowTuto/venv/lib/python3.10/site-packages/airflow/example_dags/example_sla_dag.py for tasks to queue
[2024-07-18T19:11:28.923+0200] {logging_mixin.py:188} INFO - [2024-07-18T19:11:28.923+0200] {dagbag.py:545} INFO - Filling up the DagBag from /home/richonlinux/Documents/GitHub/AirflowTuto/venv/lib/python3.10/site-packages/airflow/example_dags/example_sla_dag.py
[2024-07-18T19:11:28.931+0200] {processor.py:840} INFO - DAG(s) 'example_sla_dag' retrieved from /home/richonlinux/Documents/GitHub/AirflowTuto/venv/lib/python3.10/site-packages/airflow/example_dags/example_sla_dag.py
[2024-07-18T19:11:28.939+0200] {logging_mixin.py:188} INFO - [2024-07-18T19:11:28.939+0200] {dag.py:3089} INFO - Sync 1 DAGs
[2024-07-18T19:11:28.952+0200] {logging_mixin.py:188} INFO - [2024-07-18T19:11:28.952+0200] {dag.py:3947} INFO - Setting next_dagrun for example_sla_dag to 2024-07-18 17:08:00+00:00, run_after=2024-07-18 17:10:00+00:00
[2024-07-18T19:11:28.966+0200] {processor.py:183} INFO - Processing /home/richonlinux/Documents/GitHub/AirflowTuto/venv/lib/python3.10/site-packages/airflow/example_dags/example_sla_dag.py took 0.055 seconds
[2024-07-18T19:12:25.573+0200] {processor.py:161} INFO - Started process (PID=290656) to work on /home/richonlinux/Documents/GitHub/AirflowTuto/venv/lib/python3.10/site-packages/airflow/example_dags/example_sla_dag.py
[2024-07-18T19:12:25.574+0200] {processor.py:830} INFO - Processing file /home/richonlinux/Documents/GitHub/AirflowTuto/venv/lib/python3.10/site-packages/airflow/example_dags/example_sla_dag.py for tasks to queue
[2024-07-18T19:12:25.575+0200] {logging_mixin.py:188} INFO - [2024-07-18T19:12:25.575+0200] {dagbag.py:545} INFO - Filling up the DagBag from /home/richonlinux/Documents/GitHub/AirflowTuto/venv/lib/python3.10/site-packages/airflow/example_dags/example_sla_dag.py
[2024-07-18T19:12:25.580+0200] {processor.py:840} INFO - DAG(s) 'example_sla_dag' retrieved from /home/richonlinux/Documents/GitHub/AirflowTuto/venv/lib/python3.10/site-packages/airflow/example_dags/example_sla_dag.py
[2024-07-18T19:12:25.589+0200] {logging_mixin.py:188} INFO - [2024-07-18T19:12:25.589+0200] {dag.py:3089} INFO - Sync 1 DAGs
[2024-07-18T19:12:25.602+0200] {logging_mixin.py:188} INFO - [2024-07-18T19:12:25.602+0200] {dag.py:3947} INFO - Setting next_dagrun for example_sla_dag to 2024-07-18 17:10:00+00:00, run_after=2024-07-18 17:12:00+00:00
[2024-07-18T19:12:25.614+0200] {processor.py:183} INFO - Processing /home/richonlinux/Documents/GitHub/AirflowTuto/venv/lib/python3.10/site-packages/airflow/example_dags/example_sla_dag.py took 0.045 seconds
[2024-07-18T19:13:23.169+0200] {processor.py:161} INFO - Started process (PID=291594) to work on /home/richonlinux/Documents/GitHub/AirflowTuto/venv/lib/python3.10/site-packages/airflow/example_dags/example_sla_dag.py
[2024-07-18T19:13:23.170+0200] {processor.py:830} INFO - Processing file /home/richonlinux/Documents/GitHub/AirflowTuto/venv/lib/python3.10/site-packages/airflow/example_dags/example_sla_dag.py for tasks to queue
[2024-07-18T19:13:23.171+0200] {logging_mixin.py:188} INFO - [2024-07-18T19:13:23.171+0200] {dagbag.py:545} INFO - Filling up the DagBag from /home/richonlinux/Documents/GitHub/AirflowTuto/venv/lib/python3.10/site-packages/airflow/example_dags/example_sla_dag.py
[2024-07-18T19:13:23.177+0200] {processor.py:840} INFO - DAG(s) 'example_sla_dag' retrieved from /home/richonlinux/Documents/GitHub/AirflowTuto/venv/lib/python3.10/site-packages/airflow/example_dags/example_sla_dag.py
[2024-07-18T19:13:23.185+0200] {logging_mixin.py:188} INFO - [2024-07-18T19:13:23.185+0200] {dag.py:3089} INFO - Sync 1 DAGs
[2024-07-18T19:13:23.196+0200] {logging_mixin.py:188} INFO - [2024-07-18T19:13:23.196+0200] {dag.py:3947} INFO - Setting next_dagrun for example_sla_dag to 2024-07-18 17:10:00+00:00, run_after=2024-07-18 17:12:00+00:00
[2024-07-18T19:13:23.207+0200] {processor.py:183} INFO - Processing /home/richonlinux/Documents/GitHub/AirflowTuto/venv/lib/python3.10/site-packages/airflow/example_dags/example_sla_dag.py took 0.045 seconds
[2024-07-18T19:14:22.123+0200] {processor.py:161} INFO - Started process (PID=292520) to work on /home/richonlinux/Documents/GitHub/AirflowTuto/venv/lib/python3.10/site-packages/airflow/example_dags/example_sla_dag.py
[2024-07-18T19:14:22.124+0200] {processor.py:830} INFO - Processing file /home/richonlinux/Documents/GitHub/AirflowTuto/venv/lib/python3.10/site-packages/airflow/example_dags/example_sla_dag.py for tasks to queue
[2024-07-18T19:14:22.125+0200] {logging_mixin.py:188} INFO - [2024-07-18T19:14:22.124+0200] {dagbag.py:545} INFO - Filling up the DagBag from /home/richonlinux/Documents/GitHub/AirflowTuto/venv/lib/python3.10/site-packages/airflow/example_dags/example_sla_dag.py
[2024-07-18T19:14:22.130+0200] {processor.py:840} INFO - DAG(s) 'example_sla_dag' retrieved from /home/richonlinux/Documents/GitHub/AirflowTuto/venv/lib/python3.10/site-packages/airflow/example_dags/example_sla_dag.py
[2024-07-18T19:14:22.139+0200] {logging_mixin.py:188} INFO - [2024-07-18T19:14:22.138+0200] {dag.py:3089} INFO - Sync 1 DAGs
[2024-07-18T19:14:22.152+0200] {logging_mixin.py:188} INFO - [2024-07-18T19:14:22.152+0200] {dag.py:3947} INFO - Setting next_dagrun for example_sla_dag to 2024-07-18 17:12:00+00:00, run_after=2024-07-18 17:14:00+00:00
[2024-07-18T19:14:22.165+0200] {processor.py:183} INFO - Processing /home/richonlinux/Documents/GitHub/AirflowTuto/venv/lib/python3.10/site-packages/airflow/example_dags/example_sla_dag.py took 0.045 seconds
[2024-07-18T19:15:22.659+0200] {processor.py:161} INFO - Started process (PID=293487) to work on /home/richonlinux/Documents/GitHub/AirflowTuto/venv/lib/python3.10/site-packages/airflow/example_dags/example_sla_dag.py
[2024-07-18T19:15:22.659+0200] {processor.py:830} INFO - Processing file /home/richonlinux/Documents/GitHub/AirflowTuto/venv/lib/python3.10/site-packages/airflow/example_dags/example_sla_dag.py for tasks to queue
[2024-07-18T19:15:22.661+0200] {logging_mixin.py:188} INFO - [2024-07-18T19:15:22.660+0200] {dagbag.py:545} INFO - Filling up the DagBag from /home/richonlinux/Documents/GitHub/AirflowTuto/venv/lib/python3.10/site-packages/airflow/example_dags/example_sla_dag.py
[2024-07-18T19:15:22.666+0200] {processor.py:840} INFO - DAG(s) 'example_sla_dag' retrieved from /home/richonlinux/Documents/GitHub/AirflowTuto/venv/lib/python3.10/site-packages/airflow/example_dags/example_sla_dag.py
[2024-07-18T19:15:22.675+0200] {logging_mixin.py:188} INFO - [2024-07-18T19:15:22.675+0200] {dag.py:3089} INFO - Sync 1 DAGs
[2024-07-18T19:15:22.688+0200] {logging_mixin.py:188} INFO - [2024-07-18T19:15:22.688+0200] {dag.py:3947} INFO - Setting next_dagrun for example_sla_dag to 2024-07-18 17:12:00+00:00, run_after=2024-07-18 17:14:00+00:00
[2024-07-18T19:15:22.701+0200] {processor.py:183} INFO - Processing /home/richonlinux/Documents/GitHub/AirflowTuto/venv/lib/python3.10/site-packages/airflow/example_dags/example_sla_dag.py took 0.046 seconds
[2024-07-18T19:16:20.513+0200] {processor.py:161} INFO - Started process (PID=294399) to work on /home/richonlinux/Documents/GitHub/AirflowTuto/venv/lib/python3.10/site-packages/airflow/example_dags/example_sla_dag.py
[2024-07-18T19:16:20.517+0200] {processor.py:830} INFO - Processing file /home/richonlinux/Documents/GitHub/AirflowTuto/venv/lib/python3.10/site-packages/airflow/example_dags/example_sla_dag.py for tasks to queue
[2024-07-18T19:16:20.518+0200] {logging_mixin.py:188} INFO - [2024-07-18T19:16:20.518+0200] {dagbag.py:545} INFO - Filling up the DagBag from /home/richonlinux/Documents/GitHub/AirflowTuto/venv/lib/python3.10/site-packages/airflow/example_dags/example_sla_dag.py
[2024-07-18T19:16:20.524+0200] {processor.py:840} INFO - DAG(s) 'example_sla_dag' retrieved from /home/richonlinux/Documents/GitHub/AirflowTuto/venv/lib/python3.10/site-packages/airflow/example_dags/example_sla_dag.py
[2024-07-18T19:16:20.532+0200] {logging_mixin.py:188} INFO - [2024-07-18T19:16:20.532+0200] {dag.py:3089} INFO - Sync 1 DAGs
[2024-07-18T19:16:20.545+0200] {logging_mixin.py:188} INFO - [2024-07-18T19:16:20.545+0200] {dag.py:3947} INFO - Setting next_dagrun for example_sla_dag to 2024-07-18 17:14:00+00:00, run_after=2024-07-18 17:16:00+00:00
[2024-07-18T19:16:20.560+0200] {processor.py:183} INFO - Processing /home/richonlinux/Documents/GitHub/AirflowTuto/venv/lib/python3.10/site-packages/airflow/example_dags/example_sla_dag.py took 0.050 seconds
[2024-07-18T19:17:17.255+0200] {processor.py:161} INFO - Started process (PID=295334) to work on /home/richonlinux/Documents/GitHub/AirflowTuto/venv/lib/python3.10/site-packages/airflow/example_dags/example_sla_dag.py
[2024-07-18T19:17:17.256+0200] {processor.py:830} INFO - Processing file /home/richonlinux/Documents/GitHub/AirflowTuto/venv/lib/python3.10/site-packages/airflow/example_dags/example_sla_dag.py for tasks to queue
[2024-07-18T19:17:17.258+0200] {logging_mixin.py:188} INFO - [2024-07-18T19:17:17.258+0200] {dagbag.py:545} INFO - Filling up the DagBag from /home/richonlinux/Documents/GitHub/AirflowTuto/venv/lib/python3.10/site-packages/airflow/example_dags/example_sla_dag.py
[2024-07-18T19:17:17.264+0200] {processor.py:840} INFO - DAG(s) 'example_sla_dag' retrieved from /home/richonlinux/Documents/GitHub/AirflowTuto/venv/lib/python3.10/site-packages/airflow/example_dags/example_sla_dag.py
[2024-07-18T19:17:17.273+0200] {logging_mixin.py:188} INFO - [2024-07-18T19:17:17.273+0200] {dag.py:3089} INFO - Sync 1 DAGs
[2024-07-18T19:17:17.285+0200] {logging_mixin.py:188} INFO - [2024-07-18T19:17:17.284+0200] {dag.py:3947} INFO - Setting next_dagrun for example_sla_dag to 2024-07-18 17:14:00+00:00, run_after=2024-07-18 17:16:00+00:00
[2024-07-18T19:17:17.300+0200] {processor.py:183} INFO - Processing /home/richonlinux/Documents/GitHub/AirflowTuto/venv/lib/python3.10/site-packages/airflow/example_dags/example_sla_dag.py took 0.048 seconds
[2024-07-18T19:18:18.517+0200] {processor.py:161} INFO - Started process (PID=296360) to work on /home/richonlinux/Documents/GitHub/AirflowTuto/venv/lib/python3.10/site-packages/airflow/example_dags/example_sla_dag.py
[2024-07-18T19:18:18.517+0200] {processor.py:830} INFO - Processing file /home/richonlinux/Documents/GitHub/AirflowTuto/venv/lib/python3.10/site-packages/airflow/example_dags/example_sla_dag.py for tasks to queue
[2024-07-18T19:18:18.518+0200] {logging_mixin.py:188} INFO - [2024-07-18T19:18:18.518+0200] {dagbag.py:545} INFO - Filling up the DagBag from /home/richonlinux/Documents/GitHub/AirflowTuto/venv/lib/python3.10/site-packages/airflow/example_dags/example_sla_dag.py
[2024-07-18T19:18:18.524+0200] {processor.py:840} INFO - DAG(s) 'example_sla_dag' retrieved from /home/richonlinux/Documents/GitHub/AirflowTuto/venv/lib/python3.10/site-packages/airflow/example_dags/example_sla_dag.py
[2024-07-18T19:18:18.534+0200] {logging_mixin.py:188} INFO - [2024-07-18T19:18:18.534+0200] {dag.py:3089} INFO - Sync 1 DAGs
[2024-07-18T19:18:18.548+0200] {logging_mixin.py:188} INFO - [2024-07-18T19:18:18.548+0200] {dag.py:3947} INFO - Setting next_dagrun for example_sla_dag to 2024-07-18 17:16:00+00:00, run_after=2024-07-18 17:18:00+00:00
[2024-07-18T19:18:18.562+0200] {processor.py:183} INFO - Processing /home/richonlinux/Documents/GitHub/AirflowTuto/venv/lib/python3.10/site-packages/airflow/example_dags/example_sla_dag.py took 0.049 seconds
[2024-07-18T19:19:16.115+0200] {processor.py:161} INFO - Started process (PID=297299) to work on /home/richonlinux/Documents/GitHub/AirflowTuto/venv/lib/python3.10/site-packages/airflow/example_dags/example_sla_dag.py
[2024-07-18T19:19:16.116+0200] {processor.py:830} INFO - Processing file /home/richonlinux/Documents/GitHub/AirflowTuto/venv/lib/python3.10/site-packages/airflow/example_dags/example_sla_dag.py for tasks to queue
[2024-07-18T19:19:16.117+0200] {logging_mixin.py:188} INFO - [2024-07-18T19:19:16.117+0200] {dagbag.py:545} INFO - Filling up the DagBag from /home/richonlinux/Documents/GitHub/AirflowTuto/venv/lib/python3.10/site-packages/airflow/example_dags/example_sla_dag.py
[2024-07-18T19:19:16.123+0200] {processor.py:840} INFO - DAG(s) 'example_sla_dag' retrieved from /home/richonlinux/Documents/GitHub/AirflowTuto/venv/lib/python3.10/site-packages/airflow/example_dags/example_sla_dag.py
[2024-07-18T19:19:16.132+0200] {logging_mixin.py:188} INFO - [2024-07-18T19:19:16.132+0200] {dag.py:3089} INFO - Sync 1 DAGs
[2024-07-18T19:19:16.145+0200] {logging_mixin.py:188} INFO - [2024-07-18T19:19:16.145+0200] {dag.py:3947} INFO - Setting next_dagrun for example_sla_dag to 2024-07-18 17:16:00+00:00, run_after=2024-07-18 17:18:00+00:00
[2024-07-18T19:19:16.159+0200] {processor.py:183} INFO - Processing /home/richonlinux/Documents/GitHub/AirflowTuto/venv/lib/python3.10/site-packages/airflow/example_dags/example_sla_dag.py took 0.047 seconds
[2024-07-18T19:20:15.006+0200] {processor.py:161} INFO - Started process (PID=298209) to work on /home/richonlinux/Documents/GitHub/AirflowTuto/venv/lib/python3.10/site-packages/airflow/example_dags/example_sla_dag.py
[2024-07-18T19:20:15.007+0200] {processor.py:830} INFO - Processing file /home/richonlinux/Documents/GitHub/AirflowTuto/venv/lib/python3.10/site-packages/airflow/example_dags/example_sla_dag.py for tasks to queue
[2024-07-18T19:20:15.008+0200] {logging_mixin.py:188} INFO - [2024-07-18T19:20:15.008+0200] {dagbag.py:545} INFO - Filling up the DagBag from /home/richonlinux/Documents/GitHub/AirflowTuto/venv/lib/python3.10/site-packages/airflow/example_dags/example_sla_dag.py
[2024-07-18T19:20:15.014+0200] {processor.py:840} INFO - DAG(s) 'example_sla_dag' retrieved from /home/richonlinux/Documents/GitHub/AirflowTuto/venv/lib/python3.10/site-packages/airflow/example_dags/example_sla_dag.py
[2024-07-18T19:20:15.023+0200] {logging_mixin.py:188} INFO - [2024-07-18T19:20:15.023+0200] {dag.py:3089} INFO - Sync 1 DAGs
[2024-07-18T19:20:15.037+0200] {logging_mixin.py:188} INFO - [2024-07-18T19:20:15.037+0200] {dag.py:3947} INFO - Setting next_dagrun for example_sla_dag to 2024-07-18 17:18:00+00:00, run_after=2024-07-18 17:20:00+00:00
[2024-07-18T19:20:15.053+0200] {processor.py:183} INFO - Processing /home/richonlinux/Documents/GitHub/AirflowTuto/venv/lib/python3.10/site-packages/airflow/example_dags/example_sla_dag.py took 0.051 seconds
[2024-07-18T19:21:15.482+0200] {processor.py:161} INFO - Started process (PID=299220) to work on /home/richonlinux/Documents/GitHub/AirflowTuto/venv/lib/python3.10/site-packages/airflow/example_dags/example_sla_dag.py
[2024-07-18T19:21:15.483+0200] {processor.py:830} INFO - Processing file /home/richonlinux/Documents/GitHub/AirflowTuto/venv/lib/python3.10/site-packages/airflow/example_dags/example_sla_dag.py for tasks to queue
[2024-07-18T19:21:15.484+0200] {logging_mixin.py:188} INFO - [2024-07-18T19:21:15.484+0200] {dagbag.py:545} INFO - Filling up the DagBag from /home/richonlinux/Documents/GitHub/AirflowTuto/venv/lib/python3.10/site-packages/airflow/example_dags/example_sla_dag.py
[2024-07-18T19:21:15.489+0200] {processor.py:840} INFO - DAG(s) 'example_sla_dag' retrieved from /home/richonlinux/Documents/GitHub/AirflowTuto/venv/lib/python3.10/site-packages/airflow/example_dags/example_sla_dag.py
[2024-07-18T19:21:15.503+0200] {logging_mixin.py:188} INFO - [2024-07-18T19:21:15.503+0200] {dag.py:3089} INFO - Sync 1 DAGs
[2024-07-18T19:21:15.520+0200] {logging_mixin.py:188} INFO - [2024-07-18T19:21:15.520+0200] {dag.py:3947} INFO - Setting next_dagrun for example_sla_dag to 2024-07-18 17:18:00+00:00, run_after=2024-07-18 17:20:00+00:00
[2024-07-18T19:21:15.536+0200] {processor.py:183} INFO - Processing /home/richonlinux/Documents/GitHub/AirflowTuto/venv/lib/python3.10/site-packages/airflow/example_dags/example_sla_dag.py took 0.059 seconds
[2024-07-18T19:22:15.648+0200] {processor.py:161} INFO - Started process (PID=300232) to work on /home/richonlinux/Documents/GitHub/AirflowTuto/venv/lib/python3.10/site-packages/airflow/example_dags/example_sla_dag.py
[2024-07-18T19:22:15.652+0200] {processor.py:830} INFO - Processing file /home/richonlinux/Documents/GitHub/AirflowTuto/venv/lib/python3.10/site-packages/airflow/example_dags/example_sla_dag.py for tasks to queue
[2024-07-18T19:22:15.654+0200] {logging_mixin.py:188} INFO - [2024-07-18T19:22:15.653+0200] {dagbag.py:545} INFO - Filling up the DagBag from /home/richonlinux/Documents/GitHub/AirflowTuto/venv/lib/python3.10/site-packages/airflow/example_dags/example_sla_dag.py
[2024-07-18T19:22:15.661+0200] {processor.py:840} INFO - DAG(s) 'example_sla_dag' retrieved from /home/richonlinux/Documents/GitHub/AirflowTuto/venv/lib/python3.10/site-packages/airflow/example_dags/example_sla_dag.py
[2024-07-18T19:22:15.672+0200] {logging_mixin.py:188} INFO - [2024-07-18T19:22:15.672+0200] {dag.py:3089} INFO - Sync 1 DAGs
[2024-07-18T19:22:15.686+0200] {logging_mixin.py:188} INFO - [2024-07-18T19:22:15.686+0200] {dag.py:3947} INFO - Setting next_dagrun for example_sla_dag to 2024-07-18 17:20:00+00:00, run_after=2024-07-18 17:22:00+00:00
[2024-07-18T19:22:15.701+0200] {processor.py:183} INFO - Processing /home/richonlinux/Documents/GitHub/AirflowTuto/venv/lib/python3.10/site-packages/airflow/example_dags/example_sla_dag.py took 0.056 seconds
