[2024-07-18T18:16:20.206+0200] {processor.py:161} INFO - Started process (PID=257979) to work on /home/richonlinux/Documents/GitHub/AirflowTuto/venv/lib/python3.10/site-packages/airflow/example_dags/example_params_ui_tutorial.py
[2024-07-18T18:16:20.206+0200] {processor.py:830} INFO - Processing file /home/richonlinux/Documents/GitHub/AirflowTuto/venv/lib/python3.10/site-packages/airflow/example_dags/example_params_ui_tutorial.py for tasks to queue
[2024-07-18T18:16:20.207+0200] {logging_mixin.py:188} INFO - [2024-07-18T18:16:20.207+0200] {dagbag.py:545} INFO - Filling up the DagBag from /home/richonlinux/Documents/GitHub/AirflowTuto/venv/lib/python3.10/site-packages/airflow/example_dags/example_params_ui_tutorial.py
[2024-07-18T18:16:20.213+0200] {processor.py:840} INFO - DAG(s) 'example_params_ui_tutorial' retrieved from /home/richonlinux/Documents/GitHub/AirflowTuto/venv/lib/python3.10/site-packages/airflow/example_dags/example_params_ui_tutorial.py
[2024-07-18T18:16:20.281+0200] {logging_mixin.py:188} INFO - [2024-07-18T18:16:20.280+0200] {override.py:1858} INFO - Created Permission View: can edit on DAG:example_params_ui_tutorial
[2024-07-18T18:16:20.290+0200] {logging_mixin.py:188} INFO - [2024-07-18T18:16:20.290+0200] {override.py:1858} INFO - Created Permission View: can read on DAG:example_params_ui_tutorial
[2024-07-18T18:16:20.296+0200] {logging_mixin.py:188} INFO - [2024-07-18T18:16:20.296+0200] {override.py:1858} INFO - Created Permission View: can delete on DAG:example_params_ui_tutorial
[2024-07-18T18:16:20.297+0200] {logging_mixin.py:188} INFO - [2024-07-18T18:16:20.297+0200] {dag.py:3089} INFO - Sync 1 DAGs
[2024-07-18T18:16:20.303+0200] {logging_mixin.py:188} INFO - [2024-07-18T18:16:20.303+0200] {dag.py:3111} INFO - Creating ORM DAG for example_params_ui_tutorial
[2024-07-18T18:16:20.303+0200] {logging_mixin.py:188} INFO - [2024-07-18T18:16:20.303+0200] {dag.py:3947} INFO - Setting next_dagrun for example_params_ui_tutorial to None, run_after=None
[2024-07-18T18:16:20.316+0200] {processor.py:183} INFO - Processing /home/richonlinux/Documents/GitHub/AirflowTuto/venv/lib/python3.10/site-packages/airflow/example_dags/example_params_ui_tutorial.py took 0.115 seconds
[2024-07-18T18:17:13.217+0200] {processor.py:161} INFO - Started process (PID=258857) to work on /home/richonlinux/Documents/GitHub/AirflowTuto/venv/lib/python3.10/site-packages/airflow/example_dags/example_params_ui_tutorial.py
[2024-07-18T18:17:13.221+0200] {processor.py:830} INFO - Processing file /home/richonlinux/Documents/GitHub/AirflowTuto/venv/lib/python3.10/site-packages/airflow/example_dags/example_params_ui_tutorial.py for tasks to queue
[2024-07-18T18:17:13.223+0200] {logging_mixin.py:188} INFO - [2024-07-18T18:17:13.223+0200] {dagbag.py:545} INFO - Filling up the DagBag from /home/richonlinux/Documents/GitHub/AirflowTuto/venv/lib/python3.10/site-packages/airflow/example_dags/example_params_ui_tutorial.py
[2024-07-18T18:17:13.230+0200] {processor.py:840} INFO - DAG(s) 'example_params_ui_tutorial' retrieved from /home/richonlinux/Documents/GitHub/AirflowTuto/venv/lib/python3.10/site-packages/airflow/example_dags/example_params_ui_tutorial.py
[2024-07-18T18:17:13.254+0200] {logging_mixin.py:188} INFO - [2024-07-18T18:17:13.254+0200] {dag.py:3089} INFO - Sync 1 DAGs
[2024-07-18T18:17:13.260+0200] {logging_mixin.py:188} INFO - [2024-07-18T18:17:13.260+0200] {dag.py:3947} INFO - Setting next_dagrun for example_params_ui_tutorial to None, run_after=None
[2024-07-18T18:17:13.273+0200] {processor.py:183} INFO - Processing /home/richonlinux/Documents/GitHub/AirflowTuto/venv/lib/python3.10/site-packages/airflow/example_dags/example_params_ui_tutorial.py took 0.064 seconds
[2024-07-18T18:44:02.111+0200] {processor.py:161} INFO - Started process (PID=260052) to work on /home/richonlinux/Documents/GitHub/AirflowTuto/venv/lib/python3.10/site-packages/airflow/example_dags/example_params_ui_tutorial.py
[2024-07-18T18:44:02.115+0200] {processor.py:830} INFO - Processing file /home/richonlinux/Documents/GitHub/AirflowTuto/venv/lib/python3.10/site-packages/airflow/example_dags/example_params_ui_tutorial.py for tasks to queue
[2024-07-18T18:44:02.116+0200] {logging_mixin.py:188} INFO - [2024-07-18T18:44:02.116+0200] {dagbag.py:545} INFO - Filling up the DagBag from /home/richonlinux/Documents/GitHub/AirflowTuto/venv/lib/python3.10/site-packages/airflow/example_dags/example_params_ui_tutorial.py
[2024-07-18T18:44:02.121+0200] {processor.py:840} INFO - DAG(s) 'example_params_ui_tutorial' retrieved from /home/richonlinux/Documents/GitHub/AirflowTuto/venv/lib/python3.10/site-packages/airflow/example_dags/example_params_ui_tutorial.py
[2024-07-18T18:44:02.149+0200] {logging_mixin.py:188} INFO - [2024-07-18T18:44:02.149+0200] {dag.py:3089} INFO - Sync 1 DAGs
[2024-07-18T18:44:02.155+0200] {logging_mixin.py:188} INFO - [2024-07-18T18:44:02.155+0200] {dag.py:3947} INFO - Setting next_dagrun for example_params_ui_tutorial to None, run_after=None
[2024-07-18T18:44:02.237+0200] {processor.py:183} INFO - Processing /home/richonlinux/Documents/GitHub/AirflowTuto/venv/lib/python3.10/site-packages/airflow/example_dags/example_params_ui_tutorial.py took 0.130 seconds
[2024-07-18T18:44:50.594+0200] {processor.py:161} INFO - Started process (PID=261033) to work on /home/richonlinux/Documents/GitHub/AirflowTuto/venv/lib/python3.10/site-packages/airflow/example_dags/example_params_ui_tutorial.py
[2024-07-18T18:44:50.595+0200] {processor.py:830} INFO - Processing file /home/richonlinux/Documents/GitHub/AirflowTuto/venv/lib/python3.10/site-packages/airflow/example_dags/example_params_ui_tutorial.py for tasks to queue
[2024-07-18T18:44:50.596+0200] {logging_mixin.py:188} INFO - [2024-07-18T18:44:50.596+0200] {dagbag.py:545} INFO - Filling up the DagBag from /home/richonlinux/Documents/GitHub/AirflowTuto/venv/lib/python3.10/site-packages/airflow/example_dags/example_params_ui_tutorial.py
[2024-07-18T18:44:50.602+0200] {processor.py:840} INFO - DAG(s) 'example_params_ui_tutorial' retrieved from /home/richonlinux/Documents/GitHub/AirflowTuto/venv/lib/python3.10/site-packages/airflow/example_dags/example_params_ui_tutorial.py
[2024-07-18T18:44:50.629+0200] {logging_mixin.py:188} INFO - [2024-07-18T18:44:50.629+0200] {dag.py:3089} INFO - Sync 1 DAGs
[2024-07-18T18:44:50.636+0200] {logging_mixin.py:188} INFO - [2024-07-18T18:44:50.635+0200] {dag.py:3947} INFO - Setting next_dagrun for example_params_ui_tutorial to None, run_after=None
[2024-07-18T18:44:50.649+0200] {processor.py:183} INFO - Processing /home/richonlinux/Documents/GitHub/AirflowTuto/venv/lib/python3.10/site-packages/airflow/example_dags/example_params_ui_tutorial.py took 0.059 seconds
[2024-07-18T18:45:33.846+0200] {processor.py:161} INFO - Started process (PID=261771) to work on /home/richonlinux/Documents/GitHub/AirflowTuto/venv/lib/python3.10/site-packages/airflow/example_dags/example_params_ui_tutorial.py
[2024-07-18T18:45:33.848+0200] {processor.py:830} INFO - Processing file /home/richonlinux/Documents/GitHub/AirflowTuto/venv/lib/python3.10/site-packages/airflow/example_dags/example_params_ui_tutorial.py for tasks to queue
[2024-07-18T18:45:33.850+0200] {logging_mixin.py:188} INFO - [2024-07-18T18:45:33.849+0200] {dagbag.py:545} INFO - Filling up the DagBag from /home/richonlinux/Documents/GitHub/AirflowTuto/venv/lib/python3.10/site-packages/airflow/example_dags/example_params_ui_tutorial.py
[2024-07-18T18:45:33.857+0200] {processor.py:840} INFO - DAG(s) 'example_params_ui_tutorial' retrieved from /home/richonlinux/Documents/GitHub/AirflowTuto/venv/lib/python3.10/site-packages/airflow/example_dags/example_params_ui_tutorial.py
[2024-07-18T18:45:33.881+0200] {logging_mixin.py:188} INFO - [2024-07-18T18:45:33.881+0200] {dag.py:3089} INFO - Sync 1 DAGs
[2024-07-18T18:45:33.887+0200] {logging_mixin.py:188} INFO - [2024-07-18T18:45:33.887+0200] {dag.py:3947} INFO - Setting next_dagrun for example_params_ui_tutorial to None, run_after=None
[2024-07-18T18:45:33.901+0200] {processor.py:183} INFO - Processing /home/richonlinux/Documents/GitHub/AirflowTuto/venv/lib/python3.10/site-packages/airflow/example_dags/example_params_ui_tutorial.py took 0.062 seconds
[2024-07-18T18:46:22.565+0200] {processor.py:161} INFO - Started process (PID=262869) to work on /home/richonlinux/Documents/GitHub/AirflowTuto/venv/lib/python3.10/site-packages/airflow/example_dags/example_params_ui_tutorial.py
[2024-07-18T18:46:22.568+0200] {processor.py:830} INFO - Processing file /home/richonlinux/Documents/GitHub/AirflowTuto/venv/lib/python3.10/site-packages/airflow/example_dags/example_params_ui_tutorial.py for tasks to queue
[2024-07-18T18:46:22.570+0200] {logging_mixin.py:188} INFO - [2024-07-18T18:46:22.570+0200] {dagbag.py:545} INFO - Filling up the DagBag from /home/richonlinux/Documents/GitHub/AirflowTuto/venv/lib/python3.10/site-packages/airflow/example_dags/example_params_ui_tutorial.py
[2024-07-18T18:46:22.578+0200] {processor.py:840} INFO - DAG(s) 'example_params_ui_tutorial' retrieved from /home/richonlinux/Documents/GitHub/AirflowTuto/venv/lib/python3.10/site-packages/airflow/example_dags/example_params_ui_tutorial.py
[2024-07-18T18:46:22.602+0200] {logging_mixin.py:188} INFO - [2024-07-18T18:46:22.602+0200] {dag.py:3089} INFO - Sync 1 DAGs
[2024-07-18T18:46:22.608+0200] {logging_mixin.py:188} INFO - [2024-07-18T18:46:22.608+0200] {dag.py:3947} INFO - Setting next_dagrun for example_params_ui_tutorial to None, run_after=None
[2024-07-18T18:46:22.620+0200] {processor.py:183} INFO - Processing /home/richonlinux/Documents/GitHub/AirflowTuto/venv/lib/python3.10/site-packages/airflow/example_dags/example_params_ui_tutorial.py took 0.059 seconds
[2024-07-18T18:49:34.516+0200] {processor.py:161} INFO - Started process (PID=266161) to work on /home/richonlinux/Documents/GitHub/AirflowTuto/venv/lib/python3.10/site-packages/airflow/example_dags/example_params_ui_tutorial.py
[2024-07-18T18:49:34.520+0200] {processor.py:830} INFO - Processing file /home/richonlinux/Documents/GitHub/AirflowTuto/venv/lib/python3.10/site-packages/airflow/example_dags/example_params_ui_tutorial.py for tasks to queue
[2024-07-18T18:49:34.522+0200] {logging_mixin.py:188} INFO - [2024-07-18T18:49:34.522+0200] {dagbag.py:545} INFO - Filling up the DagBag from /home/richonlinux/Documents/GitHub/AirflowTuto/venv/lib/python3.10/site-packages/airflow/example_dags/example_params_ui_tutorial.py
[2024-07-18T18:49:34.531+0200] {processor.py:840} INFO - DAG(s) 'example_params_ui_tutorial' retrieved from /home/richonlinux/Documents/GitHub/AirflowTuto/venv/lib/python3.10/site-packages/airflow/example_dags/example_params_ui_tutorial.py
[2024-07-18T18:49:34.536+0200] {logging_mixin.py:188} INFO - [2024-07-18T18:49:34.536+0200] {dag.py:3089} INFO - Sync 1 DAGs
[2024-07-18T18:49:34.542+0200] {logging_mixin.py:188} INFO - [2024-07-18T18:49:34.542+0200] {dag.py:3947} INFO - Setting next_dagrun for example_params_ui_tutorial to None, run_after=None
[2024-07-18T18:49:34.554+0200] {processor.py:183} INFO - Processing /home/richonlinux/Documents/GitHub/AirflowTuto/venv/lib/python3.10/site-packages/airflow/example_dags/example_params_ui_tutorial.py took 0.042 seconds
[2024-07-18T18:51:27.922+0200] {processor.py:161} INFO - Started process (PID=268414) to work on /home/richonlinux/Documents/GitHub/AirflowTuto/venv/lib/python3.10/site-packages/airflow/example_dags/example_params_ui_tutorial.py
[2024-07-18T18:51:27.923+0200] {processor.py:830} INFO - Processing file /home/richonlinux/Documents/GitHub/AirflowTuto/venv/lib/python3.10/site-packages/airflow/example_dags/example_params_ui_tutorial.py for tasks to queue
[2024-07-18T18:51:27.924+0200] {logging_mixin.py:188} INFO - [2024-07-18T18:51:27.924+0200] {dagbag.py:545} INFO - Filling up the DagBag from /home/richonlinux/Documents/GitHub/AirflowTuto/venv/lib/python3.10/site-packages/airflow/example_dags/example_params_ui_tutorial.py
[2024-07-18T18:51:27.930+0200] {processor.py:840} INFO - DAG(s) 'example_params_ui_tutorial' retrieved from /home/richonlinux/Documents/GitHub/AirflowTuto/venv/lib/python3.10/site-packages/airflow/example_dags/example_params_ui_tutorial.py
[2024-07-18T18:51:27.936+0200] {logging_mixin.py:188} INFO - [2024-07-18T18:51:27.935+0200] {dag.py:3089} INFO - Sync 1 DAGs
[2024-07-18T18:51:27.944+0200] {logging_mixin.py:188} INFO - [2024-07-18T18:51:27.944+0200] {dag.py:3947} INFO - Setting next_dagrun for example_params_ui_tutorial to None, run_after=None
[2024-07-18T18:51:27.958+0200] {processor.py:183} INFO - Processing /home/richonlinux/Documents/GitHub/AirflowTuto/venv/lib/python3.10/site-packages/airflow/example_dags/example_params_ui_tutorial.py took 0.042 seconds
[2024-07-18T18:52:16.261+0200] {processor.py:161} INFO - Started process (PID=269180) to work on /home/richonlinux/Documents/GitHub/AirflowTuto/venv/lib/python3.10/site-packages/airflow/example_dags/example_params_ui_tutorial.py
[2024-07-18T18:52:16.262+0200] {processor.py:830} INFO - Processing file /home/richonlinux/Documents/GitHub/AirflowTuto/venv/lib/python3.10/site-packages/airflow/example_dags/example_params_ui_tutorial.py for tasks to queue
[2024-07-18T18:52:16.264+0200] {logging_mixin.py:188} INFO - [2024-07-18T18:52:16.264+0200] {dagbag.py:545} INFO - Filling up the DagBag from /home/richonlinux/Documents/GitHub/AirflowTuto/venv/lib/python3.10/site-packages/airflow/example_dags/example_params_ui_tutorial.py
[2024-07-18T18:52:16.270+0200] {processor.py:840} INFO - DAG(s) 'example_params_ui_tutorial' retrieved from /home/richonlinux/Documents/GitHub/AirflowTuto/venv/lib/python3.10/site-packages/airflow/example_dags/example_params_ui_tutorial.py
[2024-07-18T18:52:16.384+0200] {logging_mixin.py:188} INFO - [2024-07-18T18:52:16.384+0200] {dag.py:3089} INFO - Sync 1 DAGs
[2024-07-18T18:52:16.389+0200] {logging_mixin.py:188} INFO - [2024-07-18T18:52:16.388+0200] {dag.py:3947} INFO - Setting next_dagrun for example_params_ui_tutorial to None, run_after=None
[2024-07-18T18:52:16.403+0200] {processor.py:183} INFO - Processing /home/richonlinux/Documents/GitHub/AirflowTuto/venv/lib/python3.10/site-packages/airflow/example_dags/example_params_ui_tutorial.py took 0.150 seconds
[2024-07-18T18:53:00.450+0200] {processor.py:161} INFO - Started process (PID=270353) to work on /home/richonlinux/Documents/GitHub/AirflowTuto/venv/lib/python3.10/site-packages/airflow/example_dags/example_params_ui_tutorial.py
[2024-07-18T18:53:00.453+0200] {processor.py:830} INFO - Processing file /home/richonlinux/Documents/GitHub/AirflowTuto/venv/lib/python3.10/site-packages/airflow/example_dags/example_params_ui_tutorial.py for tasks to queue
[2024-07-18T18:53:00.455+0200] {logging_mixin.py:188} INFO - [2024-07-18T18:53:00.454+0200] {dagbag.py:545} INFO - Filling up the DagBag from /home/richonlinux/Documents/GitHub/AirflowTuto/venv/lib/python3.10/site-packages/airflow/example_dags/example_params_ui_tutorial.py
[2024-07-18T18:53:00.460+0200] {processor.py:840} INFO - DAG(s) 'example_params_ui_tutorial' retrieved from /home/richonlinux/Documents/GitHub/AirflowTuto/venv/lib/python3.10/site-packages/airflow/example_dags/example_params_ui_tutorial.py
[2024-07-18T18:53:00.485+0200] {logging_mixin.py:188} INFO - [2024-07-18T18:53:00.485+0200] {dag.py:3089} INFO - Sync 1 DAGs
[2024-07-18T18:53:00.492+0200] {logging_mixin.py:188} INFO - [2024-07-18T18:53:00.491+0200] {dag.py:3947} INFO - Setting next_dagrun for example_params_ui_tutorial to None, run_after=None
[2024-07-18T18:53:00.505+0200] {processor.py:183} INFO - Processing /home/richonlinux/Documents/GitHub/AirflowTuto/venv/lib/python3.10/site-packages/airflow/example_dags/example_params_ui_tutorial.py took 0.061 seconds
[2024-07-18T18:53:45.958+0200] {processor.py:161} INFO - Started process (PID=271555) to work on /home/richonlinux/Documents/GitHub/AirflowTuto/venv/lib/python3.10/site-packages/airflow/example_dags/example_params_ui_tutorial.py
[2024-07-18T18:53:45.959+0200] {processor.py:830} INFO - Processing file /home/richonlinux/Documents/GitHub/AirflowTuto/venv/lib/python3.10/site-packages/airflow/example_dags/example_params_ui_tutorial.py for tasks to queue
[2024-07-18T18:53:45.961+0200] {logging_mixin.py:188} INFO - [2024-07-18T18:53:45.961+0200] {dagbag.py:545} INFO - Filling up the DagBag from /home/richonlinux/Documents/GitHub/AirflowTuto/venv/lib/python3.10/site-packages/airflow/example_dags/example_params_ui_tutorial.py
[2024-07-18T18:53:46.025+0200] {processor.py:840} INFO - DAG(s) 'example_params_ui_tutorial' retrieved from /home/richonlinux/Documents/GitHub/AirflowTuto/venv/lib/python3.10/site-packages/airflow/example_dags/example_params_ui_tutorial.py
[2024-07-18T18:53:46.046+0200] {logging_mixin.py:188} INFO - [2024-07-18T18:53:46.046+0200] {dag.py:3089} INFO - Sync 1 DAGs
[2024-07-18T18:53:46.051+0200] {logging_mixin.py:188} INFO - [2024-07-18T18:53:46.050+0200] {dag.py:3947} INFO - Setting next_dagrun for example_params_ui_tutorial to None, run_after=None
[2024-07-18T18:53:46.062+0200] {processor.py:183} INFO - Processing /home/richonlinux/Documents/GitHub/AirflowTuto/venv/lib/python3.10/site-packages/airflow/example_dags/example_params_ui_tutorial.py took 0.113 seconds
[2024-07-18T18:54:30.875+0200] {processor.py:161} INFO - Started process (PID=272297) to work on /home/richonlinux/Documents/GitHub/AirflowTuto/venv/lib/python3.10/site-packages/airflow/example_dags/example_params_ui_tutorial.py
[2024-07-18T18:54:30.879+0200] {processor.py:830} INFO - Processing file /home/richonlinux/Documents/GitHub/AirflowTuto/venv/lib/python3.10/site-packages/airflow/example_dags/example_params_ui_tutorial.py for tasks to queue
[2024-07-18T18:54:30.881+0200] {logging_mixin.py:188} INFO - [2024-07-18T18:54:30.880+0200] {dagbag.py:545} INFO - Filling up the DagBag from /home/richonlinux/Documents/GitHub/AirflowTuto/venv/lib/python3.10/site-packages/airflow/example_dags/example_params_ui_tutorial.py
[2024-07-18T18:54:30.888+0200] {processor.py:840} INFO - DAG(s) 'example_params_ui_tutorial' retrieved from /home/richonlinux/Documents/GitHub/AirflowTuto/venv/lib/python3.10/site-packages/airflow/example_dags/example_params_ui_tutorial.py
[2024-07-18T18:54:30.911+0200] {logging_mixin.py:188} INFO - [2024-07-18T18:54:30.911+0200] {dag.py:3089} INFO - Sync 1 DAGs
[2024-07-18T18:54:30.916+0200] {logging_mixin.py:188} INFO - [2024-07-18T18:54:30.916+0200] {dag.py:3947} INFO - Setting next_dagrun for example_params_ui_tutorial to None, run_after=None
[2024-07-18T18:54:30.929+0200] {processor.py:183} INFO - Processing /home/richonlinux/Documents/GitHub/AirflowTuto/venv/lib/python3.10/site-packages/airflow/example_dags/example_params_ui_tutorial.py took 0.063 seconds
[2024-07-18T18:55:17.127+0200] {processor.py:161} INFO - Started process (PID=273058) to work on /home/richonlinux/Documents/GitHub/AirflowTuto/venv/lib/python3.10/site-packages/airflow/example_dags/example_params_ui_tutorial.py
[2024-07-18T18:55:17.131+0200] {processor.py:830} INFO - Processing file /home/richonlinux/Documents/GitHub/AirflowTuto/venv/lib/python3.10/site-packages/airflow/example_dags/example_params_ui_tutorial.py for tasks to queue
[2024-07-18T18:55:17.132+0200] {logging_mixin.py:188} INFO - [2024-07-18T18:55:17.131+0200] {dagbag.py:545} INFO - Filling up the DagBag from /home/richonlinux/Documents/GitHub/AirflowTuto/venv/lib/python3.10/site-packages/airflow/example_dags/example_params_ui_tutorial.py
[2024-07-18T18:55:17.136+0200] {processor.py:840} INFO - DAG(s) 'example_params_ui_tutorial' retrieved from /home/richonlinux/Documents/GitHub/AirflowTuto/venv/lib/python3.10/site-packages/airflow/example_dags/example_params_ui_tutorial.py
[2024-07-18T18:55:17.160+0200] {logging_mixin.py:188} INFO - [2024-07-18T18:55:17.160+0200] {dag.py:3089} INFO - Sync 1 DAGs
[2024-07-18T18:55:17.166+0200] {logging_mixin.py:188} INFO - [2024-07-18T18:55:17.166+0200] {dag.py:3947} INFO - Setting next_dagrun for example_params_ui_tutorial to None, run_after=None
[2024-07-18T18:55:17.178+0200] {processor.py:183} INFO - Processing /home/richonlinux/Documents/GitHub/AirflowTuto/venv/lib/python3.10/site-packages/airflow/example_dags/example_params_ui_tutorial.py took 0.055 seconds
[2024-07-18T18:56:02.141+0200] {processor.py:161} INFO - Started process (PID=273760) to work on /home/richonlinux/Documents/GitHub/AirflowTuto/venv/lib/python3.10/site-packages/airflow/example_dags/example_params_ui_tutorial.py
[2024-07-18T18:56:02.142+0200] {processor.py:830} INFO - Processing file /home/richonlinux/Documents/GitHub/AirflowTuto/venv/lib/python3.10/site-packages/airflow/example_dags/example_params_ui_tutorial.py for tasks to queue
[2024-07-18T18:56:02.144+0200] {logging_mixin.py:188} INFO - [2024-07-18T18:56:02.143+0200] {dagbag.py:545} INFO - Filling up the DagBag from /home/richonlinux/Documents/GitHub/AirflowTuto/venv/lib/python3.10/site-packages/airflow/example_dags/example_params_ui_tutorial.py
[2024-07-18T18:56:02.150+0200] {processor.py:840} INFO - DAG(s) 'example_params_ui_tutorial' retrieved from /home/richonlinux/Documents/GitHub/AirflowTuto/venv/lib/python3.10/site-packages/airflow/example_dags/example_params_ui_tutorial.py
[2024-07-18T18:56:02.174+0200] {logging_mixin.py:188} INFO - [2024-07-18T18:56:02.173+0200] {dag.py:3089} INFO - Sync 1 DAGs
[2024-07-18T18:56:02.179+0200] {logging_mixin.py:188} INFO - [2024-07-18T18:56:02.179+0200] {dag.py:3947} INFO - Setting next_dagrun for example_params_ui_tutorial to None, run_after=None
[2024-07-18T18:56:02.192+0200] {processor.py:183} INFO - Processing /home/richonlinux/Documents/GitHub/AirflowTuto/venv/lib/python3.10/site-packages/airflow/example_dags/example_params_ui_tutorial.py took 0.054 seconds
[2024-07-18T18:56:41.733+0200] {processor.py:161} INFO - Started process (PID=274474) to work on /home/richonlinux/Documents/GitHub/AirflowTuto/venv/lib/python3.10/site-packages/airflow/example_dags/example_params_ui_tutorial.py
[2024-07-18T18:56:41.734+0200] {processor.py:830} INFO - Processing file /home/richonlinux/Documents/GitHub/AirflowTuto/venv/lib/python3.10/site-packages/airflow/example_dags/example_params_ui_tutorial.py for tasks to queue
[2024-07-18T18:56:41.736+0200] {logging_mixin.py:188} INFO - [2024-07-18T18:56:41.735+0200] {dagbag.py:545} INFO - Filling up the DagBag from /home/richonlinux/Documents/GitHub/AirflowTuto/venv/lib/python3.10/site-packages/airflow/example_dags/example_params_ui_tutorial.py
[2024-07-18T18:56:41.742+0200] {processor.py:840} INFO - DAG(s) 'example_params_ui_tutorial' retrieved from /home/richonlinux/Documents/GitHub/AirflowTuto/venv/lib/python3.10/site-packages/airflow/example_dags/example_params_ui_tutorial.py
[2024-07-18T18:56:41.766+0200] {logging_mixin.py:188} INFO - [2024-07-18T18:56:41.766+0200] {dag.py:3089} INFO - Sync 1 DAGs
[2024-07-18T18:56:41.771+0200] {logging_mixin.py:188} INFO - [2024-07-18T18:56:41.771+0200] {dag.py:3947} INFO - Setting next_dagrun for example_params_ui_tutorial to None, run_after=None
[2024-07-18T18:56:41.783+0200] {processor.py:183} INFO - Processing /home/richonlinux/Documents/GitHub/AirflowTuto/venv/lib/python3.10/site-packages/airflow/example_dags/example_params_ui_tutorial.py took 0.060 seconds
[2024-07-18T18:57:19.821+0200] {processor.py:161} INFO - Started process (PID=275143) to work on /home/richonlinux/Documents/GitHub/AirflowTuto/venv/lib/python3.10/site-packages/airflow/example_dags/example_params_ui_tutorial.py
[2024-07-18T18:57:19.822+0200] {processor.py:830} INFO - Processing file /home/richonlinux/Documents/GitHub/AirflowTuto/venv/lib/python3.10/site-packages/airflow/example_dags/example_params_ui_tutorial.py for tasks to queue
[2024-07-18T18:57:19.823+0200] {logging_mixin.py:188} INFO - [2024-07-18T18:57:19.823+0200] {dagbag.py:545} INFO - Filling up the DagBag from /home/richonlinux/Documents/GitHub/AirflowTuto/venv/lib/python3.10/site-packages/airflow/example_dags/example_params_ui_tutorial.py
[2024-07-18T18:57:19.827+0200] {processor.py:840} INFO - DAG(s) 'example_params_ui_tutorial' retrieved from /home/richonlinux/Documents/GitHub/AirflowTuto/venv/lib/python3.10/site-packages/airflow/example_dags/example_params_ui_tutorial.py
[2024-07-18T18:57:19.851+0200] {logging_mixin.py:188} INFO - [2024-07-18T18:57:19.850+0200] {dag.py:3089} INFO - Sync 1 DAGs
[2024-07-18T18:57:19.858+0200] {logging_mixin.py:188} INFO - [2024-07-18T18:57:19.857+0200] {dag.py:3947} INFO - Setting next_dagrun for example_params_ui_tutorial to None, run_after=None
[2024-07-18T18:57:19.871+0200] {processor.py:183} INFO - Processing /home/richonlinux/Documents/GitHub/AirflowTuto/venv/lib/python3.10/site-packages/airflow/example_dags/example_params_ui_tutorial.py took 0.053 seconds
[2024-07-18T18:58:00.157+0200] {processor.py:161} INFO - Started process (PID=275739) to work on /home/richonlinux/Documents/GitHub/AirflowTuto/venv/lib/python3.10/site-packages/airflow/example_dags/example_params_ui_tutorial.py
[2024-07-18T18:58:00.158+0200] {processor.py:830} INFO - Processing file /home/richonlinux/Documents/GitHub/AirflowTuto/venv/lib/python3.10/site-packages/airflow/example_dags/example_params_ui_tutorial.py for tasks to queue
[2024-07-18T18:58:00.160+0200] {logging_mixin.py:188} INFO - [2024-07-18T18:58:00.159+0200] {dagbag.py:545} INFO - Filling up the DagBag from /home/richonlinux/Documents/GitHub/AirflowTuto/venv/lib/python3.10/site-packages/airflow/example_dags/example_params_ui_tutorial.py
[2024-07-18T18:58:00.166+0200] {processor.py:840} INFO - DAG(s) 'example_params_ui_tutorial' retrieved from /home/richonlinux/Documents/GitHub/AirflowTuto/venv/lib/python3.10/site-packages/airflow/example_dags/example_params_ui_tutorial.py
[2024-07-18T18:58:00.190+0200] {logging_mixin.py:188} INFO - [2024-07-18T18:58:00.189+0200] {dag.py:3089} INFO - Sync 1 DAGs
[2024-07-18T18:58:00.195+0200] {logging_mixin.py:188} INFO - [2024-07-18T18:58:00.195+0200] {dag.py:3947} INFO - Setting next_dagrun for example_params_ui_tutorial to None, run_after=None
[2024-07-18T18:58:00.208+0200] {processor.py:183} INFO - Processing /home/richonlinux/Documents/GitHub/AirflowTuto/venv/lib/python3.10/site-packages/airflow/example_dags/example_params_ui_tutorial.py took 0.058 seconds
[2024-07-18T18:58:40.077+0200] {processor.py:161} INFO - Started process (PID=276374) to work on /home/richonlinux/Documents/GitHub/AirflowTuto/venv/lib/python3.10/site-packages/airflow/example_dags/example_params_ui_tutorial.py
[2024-07-18T18:58:40.081+0200] {processor.py:830} INFO - Processing file /home/richonlinux/Documents/GitHub/AirflowTuto/venv/lib/python3.10/site-packages/airflow/example_dags/example_params_ui_tutorial.py for tasks to queue
[2024-07-18T18:58:40.083+0200] {logging_mixin.py:188} INFO - [2024-07-18T18:58:40.082+0200] {dagbag.py:545} INFO - Filling up the DagBag from /home/richonlinux/Documents/GitHub/AirflowTuto/venv/lib/python3.10/site-packages/airflow/example_dags/example_params_ui_tutorial.py
[2024-07-18T18:58:40.087+0200] {processor.py:840} INFO - DAG(s) 'example_params_ui_tutorial' retrieved from /home/richonlinux/Documents/GitHub/AirflowTuto/venv/lib/python3.10/site-packages/airflow/example_dags/example_params_ui_tutorial.py
[2024-07-18T18:58:40.110+0200] {logging_mixin.py:188} INFO - [2024-07-18T18:58:40.110+0200] {dag.py:3089} INFO - Sync 1 DAGs
[2024-07-18T18:58:40.116+0200] {logging_mixin.py:188} INFO - [2024-07-18T18:58:40.116+0200] {dag.py:3947} INFO - Setting next_dagrun for example_params_ui_tutorial to None, run_after=None
[2024-07-18T18:58:40.128+0200] {processor.py:183} INFO - Processing /home/richonlinux/Documents/GitHub/AirflowTuto/venv/lib/python3.10/site-packages/airflow/example_dags/example_params_ui_tutorial.py took 0.053 seconds
[2024-07-18T18:59:20.062+0200] {processor.py:161} INFO - Started process (PID=277169) to work on /home/richonlinux/Documents/GitHub/AirflowTuto/venv/lib/python3.10/site-packages/airflow/example_dags/example_params_ui_tutorial.py
[2024-07-18T18:59:20.066+0200] {processor.py:830} INFO - Processing file /home/richonlinux/Documents/GitHub/AirflowTuto/venv/lib/python3.10/site-packages/airflow/example_dags/example_params_ui_tutorial.py for tasks to queue
[2024-07-18T18:59:20.068+0200] {logging_mixin.py:188} INFO - [2024-07-18T18:59:20.068+0200] {dagbag.py:545} INFO - Filling up the DagBag from /home/richonlinux/Documents/GitHub/AirflowTuto/venv/lib/python3.10/site-packages/airflow/example_dags/example_params_ui_tutorial.py
[2024-07-18T18:59:20.075+0200] {processor.py:840} INFO - DAG(s) 'example_params_ui_tutorial' retrieved from /home/richonlinux/Documents/GitHub/AirflowTuto/venv/lib/python3.10/site-packages/airflow/example_dags/example_params_ui_tutorial.py
[2024-07-18T18:59:20.098+0200] {logging_mixin.py:188} INFO - [2024-07-18T18:59:20.098+0200] {dag.py:3089} INFO - Sync 1 DAGs
[2024-07-18T18:59:20.104+0200] {logging_mixin.py:188} INFO - [2024-07-18T18:59:20.104+0200] {dag.py:3947} INFO - Setting next_dagrun for example_params_ui_tutorial to None, run_after=None
[2024-07-18T18:59:20.116+0200] {processor.py:183} INFO - Processing /home/richonlinux/Documents/GitHub/AirflowTuto/venv/lib/python3.10/site-packages/airflow/example_dags/example_params_ui_tutorial.py took 0.058 seconds
