[2024-07-18T18:16:53.834+0200] {processor.py:161} INFO - Started process (PID=258492) to work on /home/richonlinux/Documents/GitHub/AirflowTuto/venv/lib/python3.10/site-packages/airflow/example_dags/example_branch_datetime_operator.py
[2024-07-18T18:16:53.834+0200] {processor.py:830} INFO - Processing file /home/richonlinux/Documents/GitHub/AirflowTuto/venv/lib/python3.10/site-packages/airflow/example_dags/example_branch_datetime_operator.py for tasks to queue
[2024-07-18T18:16:53.835+0200] {logging_mixin.py:188} INFO - [2024-07-18T18:16:53.835+0200] {dagbag.py:545} INFO - Filling up the DagBag from /home/richonlinux/Documents/GitHub/AirflowTuto/venv/lib/python3.10/site-packages/airflow/example_dags/example_branch_datetime_operator.py
[2024-07-18T18:16:53.841+0200] {processor.py:840} INFO - DAG(s) 'example_branch_datetime_operator', 'example_branch_datetime_operator_3', 'example_branch_datetime_operator_2' retrieved from /home/richonlinux/Documents/GitHub/AirflowTuto/venv/lib/python3.10/site-packages/airflow/example_dags/example_branch_datetime_operator.py
[2024-07-18T18:16:53.897+0200] {logging_mixin.py:188} INFO - [2024-07-18T18:16:53.897+0200] {override.py:1858} INFO - Created Permission View: can edit on DAG:example_branch_datetime_operator
[2024-07-18T18:16:53.905+0200] {logging_mixin.py:188} INFO - [2024-07-18T18:16:53.905+0200] {override.py:1858} INFO - Created Permission View: can read on DAG:example_branch_datetime_operator
[2024-07-18T18:16:53.911+0200] {logging_mixin.py:188} INFO - [2024-07-18T18:16:53.911+0200] {override.py:1858} INFO - Created Permission View: can delete on DAG:example_branch_datetime_operator
[2024-07-18T18:16:53.924+0200] {logging_mixin.py:188} INFO - [2024-07-18T18:16:53.924+0200] {override.py:1858} INFO - Created Permission View: can edit on DAG:example_branch_datetime_operator_3
[2024-07-18T18:16:53.930+0200] {logging_mixin.py:188} INFO - [2024-07-18T18:16:53.930+0200] {override.py:1858} INFO - Created Permission View: can read on DAG:example_branch_datetime_operator_3
[2024-07-18T18:16:53.935+0200] {logging_mixin.py:188} INFO - [2024-07-18T18:16:53.935+0200] {override.py:1858} INFO - Created Permission View: can delete on DAG:example_branch_datetime_operator_3
[2024-07-18T18:16:53.953+0200] {logging_mixin.py:188} INFO - [2024-07-18T18:16:53.953+0200] {override.py:1858} INFO - Created Permission View: can edit on DAG:example_branch_datetime_operator_2
[2024-07-18T18:16:53.959+0200] {logging_mixin.py:188} INFO - [2024-07-18T18:16:53.959+0200] {override.py:1858} INFO - Created Permission View: can read on DAG:example_branch_datetime_operator_2
[2024-07-18T18:16:53.965+0200] {logging_mixin.py:188} INFO - [2024-07-18T18:16:53.965+0200] {override.py:1858} INFO - Created Permission View: can delete on DAG:example_branch_datetime_operator_2
[2024-07-18T18:16:53.965+0200] {logging_mixin.py:188} INFO - [2024-07-18T18:16:53.965+0200] {dag.py:3089} INFO - Sync 3 DAGs
[2024-07-18T18:16:53.970+0200] {logging_mixin.py:188} INFO - [2024-07-18T18:16:53.970+0200] {dag.py:3111} INFO - Creating ORM DAG for example_branch_datetime_operator_2
[2024-07-18T18:16:53.971+0200] {logging_mixin.py:188} INFO - [2024-07-18T18:16:53.971+0200] {dag.py:3111} INFO - Creating ORM DAG for example_branch_datetime_operator_3
[2024-07-18T18:16:53.971+0200] {logging_mixin.py:188} INFO - [2024-07-18T18:16:53.971+0200] {dag.py:3111} INFO - Creating ORM DAG for example_branch_datetime_operator
[2024-07-18T18:16:53.977+0200] {logging_mixin.py:188} INFO - [2024-07-18T18:16:53.977+0200] {dag.py:3947} INFO - Setting next_dagrun for example_branch_datetime_operator to 2024-07-17 00:00:00+00:00, run_after=2024-07-18 00:00:00+00:00
[2024-07-18T18:16:53.978+0200] {logging_mixin.py:188} INFO - [2024-07-18T18:16:53.978+0200] {dag.py:3947} INFO - Setting next_dagrun for example_branch_datetime_operator_2 to 2024-07-17 00:00:00+00:00, run_after=2024-07-18 00:00:00+00:00
[2024-07-18T18:16:53.979+0200] {logging_mixin.py:188} INFO - [2024-07-18T18:16:53.979+0200] {dag.py:3947} INFO - Setting next_dagrun for example_branch_datetime_operator_3 to 2024-07-17 00:00:00+00:00, run_after=2024-07-18 00:00:00+00:00
[2024-07-18T18:16:54.057+0200] {processor.py:183} INFO - Processing /home/richonlinux/Documents/GitHub/AirflowTuto/venv/lib/python3.10/site-packages/airflow/example_dags/example_branch_datetime_operator.py took 0.228 seconds
[2024-07-18T18:44:30.617+0200] {processor.py:161} INFO - Started process (PID=260572) to work on /home/richonlinux/Documents/GitHub/AirflowTuto/venv/lib/python3.10/site-packages/airflow/example_dags/example_branch_datetime_operator.py
[2024-07-18T18:44:30.618+0200] {processor.py:830} INFO - Processing file /home/richonlinux/Documents/GitHub/AirflowTuto/venv/lib/python3.10/site-packages/airflow/example_dags/example_branch_datetime_operator.py for tasks to queue
[2024-07-18T18:44:30.620+0200] {logging_mixin.py:188} INFO - [2024-07-18T18:44:30.620+0200] {dagbag.py:545} INFO - Filling up the DagBag from /home/richonlinux/Documents/GitHub/AirflowTuto/venv/lib/python3.10/site-packages/airflow/example_dags/example_branch_datetime_operator.py
[2024-07-18T18:44:30.629+0200] {processor.py:840} INFO - DAG(s) 'example_branch_datetime_operator_2', 'example_branch_datetime_operator', 'example_branch_datetime_operator_3' retrieved from /home/richonlinux/Documents/GitHub/AirflowTuto/venv/lib/python3.10/site-packages/airflow/example_dags/example_branch_datetime_operator.py
[2024-07-18T18:44:30.639+0200] {logging_mixin.py:188} INFO - [2024-07-18T18:44:30.639+0200] {dag.py:3089} INFO - Sync 3 DAGs
[2024-07-18T18:44:30.702+0200] {logging_mixin.py:188} INFO - [2024-07-18T18:44:30.702+0200] {dag.py:3947} INFO - Setting next_dagrun for example_branch_datetime_operator to 2024-07-17 00:00:00+00:00, run_after=2024-07-18 00:00:00+00:00
[2024-07-18T18:44:30.704+0200] {logging_mixin.py:188} INFO - [2024-07-18T18:44:30.704+0200] {dag.py:3947} INFO - Setting next_dagrun for example_branch_datetime_operator_2 to 2024-07-17 00:00:00+00:00, run_after=2024-07-18 00:00:00+00:00
[2024-07-18T18:44:30.705+0200] {logging_mixin.py:188} INFO - [2024-07-18T18:44:30.705+0200] {dag.py:3947} INFO - Setting next_dagrun for example_branch_datetime_operator_3 to 2024-07-17 00:00:00+00:00, run_after=2024-07-18 00:00:00+00:00
[2024-07-18T18:44:30.716+0200] {processor.py:183} INFO - Processing /home/richonlinux/Documents/GitHub/AirflowTuto/venv/lib/python3.10/site-packages/airflow/example_dags/example_branch_datetime_operator.py took 0.107 seconds
[2024-07-18T18:45:36.000+0200] {processor.py:161} INFO - Started process (PID=261807) to work on /home/richonlinux/Documents/GitHub/AirflowTuto/venv/lib/python3.10/site-packages/airflow/example_dags/example_branch_datetime_operator.py
[2024-07-18T18:45:36.001+0200] {processor.py:830} INFO - Processing file /home/richonlinux/Documents/GitHub/AirflowTuto/venv/lib/python3.10/site-packages/airflow/example_dags/example_branch_datetime_operator.py for tasks to queue
[2024-07-18T18:45:36.003+0200] {logging_mixin.py:188} INFO - [2024-07-18T18:45:36.002+0200] {dagbag.py:545} INFO - Filling up the DagBag from /home/richonlinux/Documents/GitHub/AirflowTuto/venv/lib/python3.10/site-packages/airflow/example_dags/example_branch_datetime_operator.py
[2024-07-18T18:45:36.011+0200] {processor.py:840} INFO - DAG(s) 'example_branch_datetime_operator_3', 'example_branch_datetime_operator_2', 'example_branch_datetime_operator' retrieved from /home/richonlinux/Documents/GitHub/AirflowTuto/venv/lib/python3.10/site-packages/airflow/example_dags/example_branch_datetime_operator.py
[2024-07-18T18:45:36.023+0200] {logging_mixin.py:188} INFO - [2024-07-18T18:45:36.023+0200] {dag.py:3089} INFO - Sync 3 DAGs
[2024-07-18T18:45:36.036+0200] {logging_mixin.py:188} INFO - [2024-07-18T18:45:36.035+0200] {dag.py:3947} INFO - Setting next_dagrun for example_branch_datetime_operator to 2024-07-17 00:00:00+00:00, run_after=2024-07-18 00:00:00+00:00
[2024-07-18T18:45:36.039+0200] {logging_mixin.py:188} INFO - [2024-07-18T18:45:36.039+0200] {dag.py:3947} INFO - Setting next_dagrun for example_branch_datetime_operator_2 to 2024-07-17 00:00:00+00:00, run_after=2024-07-18 00:00:00+00:00
[2024-07-18T18:45:36.041+0200] {logging_mixin.py:188} INFO - [2024-07-18T18:45:36.041+0200] {dag.py:3947} INFO - Setting next_dagrun for example_branch_datetime_operator_3 to 2024-07-17 00:00:00+00:00, run_after=2024-07-18 00:00:00+00:00
[2024-07-18T18:45:36.054+0200] {processor.py:183} INFO - Processing /home/richonlinux/Documents/GitHub/AirflowTuto/venv/lib/python3.10/site-packages/airflow/example_dags/example_branch_datetime_operator.py took 0.057 seconds
[2024-07-18T18:50:05.573+0200] {processor.py:161} INFO - Started process (PID=266989) to work on /home/richonlinux/Documents/GitHub/AirflowTuto/venv/lib/python3.10/site-packages/airflow/example_dags/example_branch_datetime_operator.py
[2024-07-18T18:50:05.575+0200] {processor.py:830} INFO - Processing file /home/richonlinux/Documents/GitHub/AirflowTuto/venv/lib/python3.10/site-packages/airflow/example_dags/example_branch_datetime_operator.py for tasks to queue
[2024-07-18T18:50:05.577+0200] {logging_mixin.py:188} INFO - [2024-07-18T18:50:05.576+0200] {dagbag.py:545} INFO - Filling up the DagBag from /home/richonlinux/Documents/GitHub/AirflowTuto/venv/lib/python3.10/site-packages/airflow/example_dags/example_branch_datetime_operator.py
[2024-07-18T18:50:05.585+0200] {processor.py:840} INFO - DAG(s) 'example_branch_datetime_operator_2', 'example_branch_datetime_operator_3', 'example_branch_datetime_operator' retrieved from /home/richonlinux/Documents/GitHub/AirflowTuto/venv/lib/python3.10/site-packages/airflow/example_dags/example_branch_datetime_operator.py
[2024-07-18T18:50:05.637+0200] {logging_mixin.py:188} INFO - [2024-07-18T18:50:05.637+0200] {dag.py:3089} INFO - Sync 3 DAGs
[2024-07-18T18:50:05.647+0200] {logging_mixin.py:188} INFO - [2024-07-18T18:50:05.646+0200] {dag.py:3947} INFO - Setting next_dagrun for example_branch_datetime_operator to 2024-07-17 00:00:00+00:00, run_after=2024-07-18 00:00:00+00:00
[2024-07-18T18:50:05.704+0200] {logging_mixin.py:188} INFO - [2024-07-18T18:50:05.704+0200] {dag.py:3947} INFO - Setting next_dagrun for example_branch_datetime_operator_2 to 2024-07-17 00:00:00+00:00, run_after=2024-07-18 00:00:00+00:00
[2024-07-18T18:50:05.705+0200] {logging_mixin.py:188} INFO - [2024-07-18T18:50:05.705+0200] {dag.py:3947} INFO - Setting next_dagrun for example_branch_datetime_operator_3 to 2024-07-17 00:00:00+00:00, run_after=2024-07-18 00:00:00+00:00
[2024-07-18T18:50:05.719+0200] {processor.py:183} INFO - Processing /home/richonlinux/Documents/GitHub/AirflowTuto/venv/lib/python3.10/site-packages/airflow/example_dags/example_branch_datetime_operator.py took 0.154 seconds
[2024-07-18T18:51:57.894+0200] {processor.py:161} INFO - Started process (PID=268877) to work on /home/richonlinux/Documents/GitHub/AirflowTuto/venv/lib/python3.10/site-packages/airflow/example_dags/example_branch_datetime_operator.py
[2024-07-18T18:51:57.896+0200] {processor.py:830} INFO - Processing file /home/richonlinux/Documents/GitHub/AirflowTuto/venv/lib/python3.10/site-packages/airflow/example_dags/example_branch_datetime_operator.py for tasks to queue
[2024-07-18T18:51:57.897+0200] {logging_mixin.py:188} INFO - [2024-07-18T18:51:57.897+0200] {dagbag.py:545} INFO - Filling up the DagBag from /home/richonlinux/Documents/GitHub/AirflowTuto/venv/lib/python3.10/site-packages/airflow/example_dags/example_branch_datetime_operator.py
[2024-07-18T18:51:57.908+0200] {processor.py:840} INFO - DAG(s) 'example_branch_datetime_operator_3', 'example_branch_datetime_operator_2', 'example_branch_datetime_operator' retrieved from /home/richonlinux/Documents/GitHub/AirflowTuto/venv/lib/python3.10/site-packages/airflow/example_dags/example_branch_datetime_operator.py
[2024-07-18T18:51:57.963+0200] {logging_mixin.py:188} INFO - [2024-07-18T18:51:57.963+0200] {dag.py:3089} INFO - Sync 3 DAGs
[2024-07-18T18:51:57.976+0200] {logging_mixin.py:188} INFO - [2024-07-18T18:51:57.976+0200] {dag.py:3947} INFO - Setting next_dagrun for example_branch_datetime_operator to 2024-07-17 00:00:00+00:00, run_after=2024-07-18 00:00:00+00:00
[2024-07-18T18:51:58.037+0200] {logging_mixin.py:188} INFO - [2024-07-18T18:51:58.036+0200] {dag.py:3947} INFO - Setting next_dagrun for example_branch_datetime_operator_2 to 2024-07-17 00:00:00+00:00, run_after=2024-07-18 00:00:00+00:00
[2024-07-18T18:51:58.038+0200] {logging_mixin.py:188} INFO - [2024-07-18T18:51:58.038+0200] {dag.py:3947} INFO - Setting next_dagrun for example_branch_datetime_operator_3 to 2024-07-17 00:00:00+00:00, run_after=2024-07-18 00:00:00+00:00
[2024-07-18T18:51:58.049+0200] {processor.py:183} INFO - Processing /home/richonlinux/Documents/GitHub/AirflowTuto/venv/lib/python3.10/site-packages/airflow/example_dags/example_branch_datetime_operator.py took 0.163 seconds
[2024-07-18T18:53:05.075+0200] {processor.py:161} INFO - Started process (PID=270455) to work on /home/richonlinux/Documents/GitHub/AirflowTuto/venv/lib/python3.10/site-packages/airflow/example_dags/example_branch_datetime_operator.py
[2024-07-18T18:53:05.079+0200] {processor.py:830} INFO - Processing file /home/richonlinux/Documents/GitHub/AirflowTuto/venv/lib/python3.10/site-packages/airflow/example_dags/example_branch_datetime_operator.py for tasks to queue
[2024-07-18T18:53:05.080+0200] {logging_mixin.py:188} INFO - [2024-07-18T18:53:05.080+0200] {dagbag.py:545} INFO - Filling up the DagBag from /home/richonlinux/Documents/GitHub/AirflowTuto/venv/lib/python3.10/site-packages/airflow/example_dags/example_branch_datetime_operator.py
[2024-07-18T18:53:05.089+0200] {processor.py:840} INFO - DAG(s) 'example_branch_datetime_operator_2', 'example_branch_datetime_operator_3', 'example_branch_datetime_operator' retrieved from /home/richonlinux/Documents/GitHub/AirflowTuto/venv/lib/python3.10/site-packages/airflow/example_dags/example_branch_datetime_operator.py
[2024-07-18T18:53:05.106+0200] {logging_mixin.py:188} INFO - [2024-07-18T18:53:05.106+0200] {dag.py:3089} INFO - Sync 3 DAGs
[2024-07-18T18:53:05.121+0200] {logging_mixin.py:188} INFO - [2024-07-18T18:53:05.121+0200] {dag.py:3947} INFO - Setting next_dagrun for example_branch_datetime_operator to 2024-07-17 00:00:00+00:00, run_after=2024-07-18 00:00:00+00:00
[2024-07-18T18:53:05.124+0200] {logging_mixin.py:188} INFO - [2024-07-18T18:53:05.123+0200] {dag.py:3947} INFO - Setting next_dagrun for example_branch_datetime_operator_2 to 2024-07-17 00:00:00+00:00, run_after=2024-07-18 00:00:00+00:00
[2024-07-18T18:53:05.125+0200] {logging_mixin.py:188} INFO - [2024-07-18T18:53:05.125+0200] {dag.py:3947} INFO - Setting next_dagrun for example_branch_datetime_operator_3 to 2024-07-17 00:00:00+00:00, run_after=2024-07-18 00:00:00+00:00
[2024-07-18T18:53:05.210+0200] {processor.py:183} INFO - Processing /home/richonlinux/Documents/GitHub/AirflowTuto/venv/lib/python3.10/site-packages/airflow/example_dags/example_branch_datetime_operator.py took 0.138 seconds
[2024-07-18T18:54:11.404+0200] {processor.py:161} INFO - Started process (PID=271957) to work on /home/richonlinux/Documents/GitHub/AirflowTuto/venv/lib/python3.10/site-packages/airflow/example_dags/example_branch_datetime_operator.py
[2024-07-18T18:54:11.405+0200] {processor.py:830} INFO - Processing file /home/richonlinux/Documents/GitHub/AirflowTuto/venv/lib/python3.10/site-packages/airflow/example_dags/example_branch_datetime_operator.py for tasks to queue
[2024-07-18T18:54:11.407+0200] {logging_mixin.py:188} INFO - [2024-07-18T18:54:11.407+0200] {dagbag.py:545} INFO - Filling up the DagBag from /home/richonlinux/Documents/GitHub/AirflowTuto/venv/lib/python3.10/site-packages/airflow/example_dags/example_branch_datetime_operator.py
[2024-07-18T18:54:11.414+0200] {processor.py:840} INFO - DAG(s) 'example_branch_datetime_operator_2', 'example_branch_datetime_operator_3', 'example_branch_datetime_operator' retrieved from /home/richonlinux/Documents/GitHub/AirflowTuto/venv/lib/python3.10/site-packages/airflow/example_dags/example_branch_datetime_operator.py
[2024-07-18T18:54:11.425+0200] {logging_mixin.py:188} INFO - [2024-07-18T18:54:11.425+0200] {dag.py:3089} INFO - Sync 3 DAGs
[2024-07-18T18:54:11.435+0200] {logging_mixin.py:188} INFO - [2024-07-18T18:54:11.435+0200] {dag.py:3947} INFO - Setting next_dagrun for example_branch_datetime_operator to 2024-07-17 00:00:00+00:00, run_after=2024-07-18 00:00:00+00:00
[2024-07-18T18:54:11.438+0200] {logging_mixin.py:188} INFO - [2024-07-18T18:54:11.437+0200] {dag.py:3947} INFO - Setting next_dagrun for example_branch_datetime_operator_2 to 2024-07-17 00:00:00+00:00, run_after=2024-07-18 00:00:00+00:00
[2024-07-18T18:54:11.439+0200] {logging_mixin.py:188} INFO - [2024-07-18T18:54:11.438+0200] {dag.py:3947} INFO - Setting next_dagrun for example_branch_datetime_operator_3 to 2024-07-17 00:00:00+00:00, run_after=2024-07-18 00:00:00+00:00
[2024-07-18T18:54:11.449+0200] {processor.py:183} INFO - Processing /home/richonlinux/Documents/GitHub/AirflowTuto/venv/lib/python3.10/site-packages/airflow/example_dags/example_branch_datetime_operator.py took 0.054 seconds
[2024-07-18T18:55:13.131+0200] {processor.py:161} INFO - Started process (PID=272938) to work on /home/richonlinux/Documents/GitHub/AirflowTuto/venv/lib/python3.10/site-packages/airflow/example_dags/example_branch_datetime_operator.py
[2024-07-18T18:55:13.132+0200] {processor.py:830} INFO - Processing file /home/richonlinux/Documents/GitHub/AirflowTuto/venv/lib/python3.10/site-packages/airflow/example_dags/example_branch_datetime_operator.py for tasks to queue
[2024-07-18T18:55:13.134+0200] {logging_mixin.py:188} INFO - [2024-07-18T18:55:13.133+0200] {dagbag.py:545} INFO - Filling up the DagBag from /home/richonlinux/Documents/GitHub/AirflowTuto/venv/lib/python3.10/site-packages/airflow/example_dags/example_branch_datetime_operator.py
[2024-07-18T18:55:13.142+0200] {processor.py:840} INFO - DAG(s) 'example_branch_datetime_operator_2', 'example_branch_datetime_operator_3', 'example_branch_datetime_operator' retrieved from /home/richonlinux/Documents/GitHub/AirflowTuto/venv/lib/python3.10/site-packages/airflow/example_dags/example_branch_datetime_operator.py
[2024-07-18T18:55:13.153+0200] {logging_mixin.py:188} INFO - [2024-07-18T18:55:13.153+0200] {dag.py:3089} INFO - Sync 3 DAGs
[2024-07-18T18:55:13.164+0200] {logging_mixin.py:188} INFO - [2024-07-18T18:55:13.163+0200] {dag.py:3947} INFO - Setting next_dagrun for example_branch_datetime_operator to 2024-07-17 00:00:00+00:00, run_after=2024-07-18 00:00:00+00:00
[2024-07-18T18:55:13.166+0200] {logging_mixin.py:188} INFO - [2024-07-18T18:55:13.166+0200] {dag.py:3947} INFO - Setting next_dagrun for example_branch_datetime_operator_2 to 2024-07-17 00:00:00+00:00, run_after=2024-07-18 00:00:00+00:00
[2024-07-18T18:55:13.167+0200] {logging_mixin.py:188} INFO - [2024-07-18T18:55:13.167+0200] {dag.py:3947} INFO - Setting next_dagrun for example_branch_datetime_operator_3 to 2024-07-17 00:00:00+00:00, run_after=2024-07-18 00:00:00+00:00
[2024-07-18T18:55:13.181+0200] {processor.py:183} INFO - Processing /home/richonlinux/Documents/GitHub/AirflowTuto/venv/lib/python3.10/site-packages/airflow/example_dags/example_branch_datetime_operator.py took 0.059 seconds
[2024-07-18T18:56:10.120+0200] {processor.py:161} INFO - Started process (PID=273880) to work on /home/richonlinux/Documents/GitHub/AirflowTuto/venv/lib/python3.10/site-packages/airflow/example_dags/example_branch_datetime_operator.py
[2024-07-18T18:56:10.121+0200] {processor.py:830} INFO - Processing file /home/richonlinux/Documents/GitHub/AirflowTuto/venv/lib/python3.10/site-packages/airflow/example_dags/example_branch_datetime_operator.py for tasks to queue
[2024-07-18T18:56:10.123+0200] {logging_mixin.py:188} INFO - [2024-07-18T18:56:10.123+0200] {dagbag.py:545} INFO - Filling up the DagBag from /home/richonlinux/Documents/GitHub/AirflowTuto/venv/lib/python3.10/site-packages/airflow/example_dags/example_branch_datetime_operator.py
[2024-07-18T18:56:10.131+0200] {processor.py:840} INFO - DAG(s) 'example_branch_datetime_operator_2', 'example_branch_datetime_operator', 'example_branch_datetime_operator_3' retrieved from /home/richonlinux/Documents/GitHub/AirflowTuto/venv/lib/python3.10/site-packages/airflow/example_dags/example_branch_datetime_operator.py
[2024-07-18T18:56:10.144+0200] {logging_mixin.py:188} INFO - [2024-07-18T18:56:10.144+0200] {dag.py:3089} INFO - Sync 3 DAGs
[2024-07-18T18:56:10.155+0200] {logging_mixin.py:188} INFO - [2024-07-18T18:56:10.155+0200] {dag.py:3947} INFO - Setting next_dagrun for example_branch_datetime_operator to 2024-07-17 00:00:00+00:00, run_after=2024-07-18 00:00:00+00:00
[2024-07-18T18:56:10.157+0200] {logging_mixin.py:188} INFO - [2024-07-18T18:56:10.157+0200] {dag.py:3947} INFO - Setting next_dagrun for example_branch_datetime_operator_2 to 2024-07-17 00:00:00+00:00, run_after=2024-07-18 00:00:00+00:00
[2024-07-18T18:56:10.158+0200] {logging_mixin.py:188} INFO - [2024-07-18T18:56:10.158+0200] {dag.py:3947} INFO - Setting next_dagrun for example_branch_datetime_operator_3 to 2024-07-17 00:00:00+00:00, run_after=2024-07-18 00:00:00+00:00
[2024-07-18T18:56:10.169+0200] {processor.py:183} INFO - Processing /home/richonlinux/Documents/GitHub/AirflowTuto/venv/lib/python3.10/site-packages/airflow/example_dags/example_branch_datetime_operator.py took 0.058 seconds
[2024-07-18T18:57:07.562+0200] {processor.py:161} INFO - Started process (PID=274902) to work on /home/richonlinux/Documents/GitHub/AirflowTuto/venv/lib/python3.10/site-packages/airflow/example_dags/example_branch_datetime_operator.py
[2024-07-18T18:57:07.564+0200] {processor.py:830} INFO - Processing file /home/richonlinux/Documents/GitHub/AirflowTuto/venv/lib/python3.10/site-packages/airflow/example_dags/example_branch_datetime_operator.py for tasks to queue
[2024-07-18T18:57:07.565+0200] {logging_mixin.py:188} INFO - [2024-07-18T18:57:07.565+0200] {dagbag.py:545} INFO - Filling up the DagBag from /home/richonlinux/Documents/GitHub/AirflowTuto/venv/lib/python3.10/site-packages/airflow/example_dags/example_branch_datetime_operator.py
[2024-07-18T18:57:07.573+0200] {processor.py:840} INFO - DAG(s) 'example_branch_datetime_operator_2', 'example_branch_datetime_operator_3', 'example_branch_datetime_operator' retrieved from /home/richonlinux/Documents/GitHub/AirflowTuto/venv/lib/python3.10/site-packages/airflow/example_dags/example_branch_datetime_operator.py
[2024-07-18T18:57:07.584+0200] {logging_mixin.py:188} INFO - [2024-07-18T18:57:07.584+0200] {dag.py:3089} INFO - Sync 3 DAGs
[2024-07-18T18:57:07.594+0200] {logging_mixin.py:188} INFO - [2024-07-18T18:57:07.594+0200] {dag.py:3947} INFO - Setting next_dagrun for example_branch_datetime_operator to 2024-07-17 00:00:00+00:00, run_after=2024-07-18 00:00:00+00:00
[2024-07-18T18:57:07.596+0200] {logging_mixin.py:188} INFO - [2024-07-18T18:57:07.596+0200] {dag.py:3947} INFO - Setting next_dagrun for example_branch_datetime_operator_2 to 2024-07-17 00:00:00+00:00, run_after=2024-07-18 00:00:00+00:00
[2024-07-18T18:57:07.597+0200] {logging_mixin.py:188} INFO - [2024-07-18T18:57:07.597+0200] {dag.py:3947} INFO - Setting next_dagrun for example_branch_datetime_operator_3 to 2024-07-17 00:00:00+00:00, run_after=2024-07-18 00:00:00+00:00
[2024-07-18T18:57:07.608+0200] {processor.py:183} INFO - Processing /home/richonlinux/Documents/GitHub/AirflowTuto/venv/lib/python3.10/site-packages/airflow/example_dags/example_branch_datetime_operator.py took 0.054 seconds
[2024-07-18T18:58:07.003+0200] {processor.py:161} INFO - Started process (PID=275834) to work on /home/richonlinux/Documents/GitHub/AirflowTuto/venv/lib/python3.10/site-packages/airflow/example_dags/example_branch_datetime_operator.py
[2024-07-18T18:58:07.004+0200] {processor.py:830} INFO - Processing file /home/richonlinux/Documents/GitHub/AirflowTuto/venv/lib/python3.10/site-packages/airflow/example_dags/example_branch_datetime_operator.py for tasks to queue
[2024-07-18T18:58:07.006+0200] {logging_mixin.py:188} INFO - [2024-07-18T18:58:07.005+0200] {dagbag.py:545} INFO - Filling up the DagBag from /home/richonlinux/Documents/GitHub/AirflowTuto/venv/lib/python3.10/site-packages/airflow/example_dags/example_branch_datetime_operator.py
[2024-07-18T18:58:07.013+0200] {processor.py:840} INFO - DAG(s) 'example_branch_datetime_operator_3', 'example_branch_datetime_operator_2', 'example_branch_datetime_operator' retrieved from /home/richonlinux/Documents/GitHub/AirflowTuto/venv/lib/python3.10/site-packages/airflow/example_dags/example_branch_datetime_operator.py
[2024-07-18T18:58:07.024+0200] {logging_mixin.py:188} INFO - [2024-07-18T18:58:07.024+0200] {dag.py:3089} INFO - Sync 3 DAGs
[2024-07-18T18:58:07.035+0200] {logging_mixin.py:188} INFO - [2024-07-18T18:58:07.034+0200] {dag.py:3947} INFO - Setting next_dagrun for example_branch_datetime_operator to 2024-07-17 00:00:00+00:00, run_after=2024-07-18 00:00:00+00:00
[2024-07-18T18:58:07.037+0200] {logging_mixin.py:188} INFO - [2024-07-18T18:58:07.037+0200] {dag.py:3947} INFO - Setting next_dagrun for example_branch_datetime_operator_2 to 2024-07-17 00:00:00+00:00, run_after=2024-07-18 00:00:00+00:00
[2024-07-18T18:58:07.038+0200] {logging_mixin.py:188} INFO - [2024-07-18T18:58:07.038+0200] {dag.py:3947} INFO - Setting next_dagrun for example_branch_datetime_operator_3 to 2024-07-17 00:00:00+00:00, run_after=2024-07-18 00:00:00+00:00
[2024-07-18T18:58:07.049+0200] {processor.py:183} INFO - Processing /home/richonlinux/Documents/GitHub/AirflowTuto/venv/lib/python3.10/site-packages/airflow/example_dags/example_branch_datetime_operator.py took 0.052 seconds
[2024-07-18T18:59:08.613+0200] {processor.py:161} INFO - Started process (PID=276920) to work on /home/richonlinux/Documents/GitHub/AirflowTuto/venv/lib/python3.10/site-packages/airflow/example_dags/example_branch_datetime_operator.py
[2024-07-18T18:59:08.614+0200] {processor.py:830} INFO - Processing file /home/richonlinux/Documents/GitHub/AirflowTuto/venv/lib/python3.10/site-packages/airflow/example_dags/example_branch_datetime_operator.py for tasks to queue
[2024-07-18T18:59:08.615+0200] {logging_mixin.py:188} INFO - [2024-07-18T18:59:08.615+0200] {dagbag.py:545} INFO - Filling up the DagBag from /home/richonlinux/Documents/GitHub/AirflowTuto/venv/lib/python3.10/site-packages/airflow/example_dags/example_branch_datetime_operator.py
[2024-07-18T18:59:08.623+0200] {processor.py:840} INFO - DAG(s) 'example_branch_datetime_operator_3', 'example_branch_datetime_operator', 'example_branch_datetime_operator_2' retrieved from /home/richonlinux/Documents/GitHub/AirflowTuto/venv/lib/python3.10/site-packages/airflow/example_dags/example_branch_datetime_operator.py
[2024-07-18T18:59:08.634+0200] {logging_mixin.py:188} INFO - [2024-07-18T18:59:08.634+0200] {dag.py:3089} INFO - Sync 3 DAGs
[2024-07-18T18:59:08.644+0200] {logging_mixin.py:188} INFO - [2024-07-18T18:59:08.644+0200] {dag.py:3947} INFO - Setting next_dagrun for example_branch_datetime_operator to 2024-07-17 00:00:00+00:00, run_after=2024-07-18 00:00:00+00:00
[2024-07-18T18:59:08.646+0200] {logging_mixin.py:188} INFO - [2024-07-18T18:59:08.646+0200] {dag.py:3947} INFO - Setting next_dagrun for example_branch_datetime_operator_2 to 2024-07-17 00:00:00+00:00, run_after=2024-07-18 00:00:00+00:00
[2024-07-18T18:59:08.647+0200] {logging_mixin.py:188} INFO - [2024-07-18T18:59:08.647+0200] {dag.py:3947} INFO - Setting next_dagrun for example_branch_datetime_operator_3 to 2024-07-17 00:00:00+00:00, run_after=2024-07-18 00:00:00+00:00
[2024-07-18T18:59:08.660+0200] {processor.py:183} INFO - Processing /home/richonlinux/Documents/GitHub/AirflowTuto/venv/lib/python3.10/site-packages/airflow/example_dags/example_branch_datetime_operator.py took 0.056 seconds
[2024-07-18T19:00:09.974+0200] {processor.py:161} INFO - Started process (PID=278029) to work on /home/richonlinux/Documents/GitHub/AirflowTuto/venv/lib/python3.10/site-packages/airflow/example_dags/example_branch_datetime_operator.py
[2024-07-18T19:00:09.978+0200] {processor.py:830} INFO - Processing file /home/richonlinux/Documents/GitHub/AirflowTuto/venv/lib/python3.10/site-packages/airflow/example_dags/example_branch_datetime_operator.py for tasks to queue
[2024-07-18T19:00:09.981+0200] {logging_mixin.py:188} INFO - [2024-07-18T19:00:09.980+0200] {dagbag.py:545} INFO - Filling up the DagBag from /home/richonlinux/Documents/GitHub/AirflowTuto/venv/lib/python3.10/site-packages/airflow/example_dags/example_branch_datetime_operator.py
[2024-07-18T19:00:09.991+0200] {processor.py:840} INFO - DAG(s) 'example_branch_datetime_operator_2', 'example_branch_datetime_operator', 'example_branch_datetime_operator_3' retrieved from /home/richonlinux/Documents/GitHub/AirflowTuto/venv/lib/python3.10/site-packages/airflow/example_dags/example_branch_datetime_operator.py
[2024-07-18T19:00:10.002+0200] {logging_mixin.py:188} INFO - [2024-07-18T19:00:10.002+0200] {dag.py:3089} INFO - Sync 3 DAGs
[2024-07-18T19:00:10.012+0200] {logging_mixin.py:188} INFO - [2024-07-18T19:00:10.012+0200] {dag.py:3947} INFO - Setting next_dagrun for example_branch_datetime_operator to 2024-07-17 00:00:00+00:00, run_after=2024-07-18 00:00:00+00:00
[2024-07-18T19:00:10.014+0200] {logging_mixin.py:188} INFO - [2024-07-18T19:00:10.014+0200] {dag.py:3947} INFO - Setting next_dagrun for example_branch_datetime_operator_2 to 2024-07-17 00:00:00+00:00, run_after=2024-07-18 00:00:00+00:00
[2024-07-18T19:00:10.015+0200] {logging_mixin.py:188} INFO - [2024-07-18T19:00:10.015+0200] {dag.py:3947} INFO - Setting next_dagrun for example_branch_datetime_operator_3 to 2024-07-17 00:00:00+00:00, run_after=2024-07-18 00:00:00+00:00
[2024-07-18T19:00:10.026+0200] {processor.py:183} INFO - Processing /home/richonlinux/Documents/GitHub/AirflowTuto/venv/lib/python3.10/site-packages/airflow/example_dags/example_branch_datetime_operator.py took 0.056 seconds
[2024-07-18T19:01:12.815+0200] {processor.py:161} INFO - Started process (PID=279265) to work on /home/richonlinux/Documents/GitHub/AirflowTuto/venv/lib/python3.10/site-packages/airflow/example_dags/example_branch_datetime_operator.py
[2024-07-18T19:01:12.816+0200] {processor.py:830} INFO - Processing file /home/richonlinux/Documents/GitHub/AirflowTuto/venv/lib/python3.10/site-packages/airflow/example_dags/example_branch_datetime_operator.py for tasks to queue
[2024-07-18T19:01:12.817+0200] {logging_mixin.py:188} INFO - [2024-07-18T19:01:12.816+0200] {dagbag.py:545} INFO - Filling up the DagBag from /home/richonlinux/Documents/GitHub/AirflowTuto/venv/lib/python3.10/site-packages/airflow/example_dags/example_branch_datetime_operator.py
[2024-07-18T19:01:12.823+0200] {processor.py:840} INFO - DAG(s) 'example_branch_datetime_operator_3', 'example_branch_datetime_operator_2', 'example_branch_datetime_operator' retrieved from /home/richonlinux/Documents/GitHub/AirflowTuto/venv/lib/python3.10/site-packages/airflow/example_dags/example_branch_datetime_operator.py
[2024-07-18T19:01:12.835+0200] {logging_mixin.py:188} INFO - [2024-07-18T19:01:12.835+0200] {dag.py:3089} INFO - Sync 3 DAGs
[2024-07-18T19:01:12.846+0200] {logging_mixin.py:188} INFO - [2024-07-18T19:01:12.846+0200] {dag.py:3947} INFO - Setting next_dagrun for example_branch_datetime_operator to 2024-07-17 00:00:00+00:00, run_after=2024-07-18 00:00:00+00:00
[2024-07-18T19:01:12.848+0200] {logging_mixin.py:188} INFO - [2024-07-18T19:01:12.848+0200] {dag.py:3947} INFO - Setting next_dagrun for example_branch_datetime_operator_2 to 2024-07-17 00:00:00+00:00, run_after=2024-07-18 00:00:00+00:00
[2024-07-18T19:01:12.849+0200] {logging_mixin.py:188} INFO - [2024-07-18T19:01:12.849+0200] {dag.py:3947} INFO - Setting next_dagrun for example_branch_datetime_operator_3 to 2024-07-17 00:00:00+00:00, run_after=2024-07-18 00:00:00+00:00
[2024-07-18T19:01:12.861+0200] {processor.py:183} INFO - Processing /home/richonlinux/Documents/GitHub/AirflowTuto/venv/lib/python3.10/site-packages/airflow/example_dags/example_branch_datetime_operator.py took 0.051 seconds
[2024-07-18T19:02:08.645+0200] {processor.py:161} INFO - Started process (PID=280369) to work on /home/richonlinux/Documents/GitHub/AirflowTuto/venv/lib/python3.10/site-packages/airflow/example_dags/example_branch_datetime_operator.py
[2024-07-18T19:02:08.647+0200] {processor.py:830} INFO - Processing file /home/richonlinux/Documents/GitHub/AirflowTuto/venv/lib/python3.10/site-packages/airflow/example_dags/example_branch_datetime_operator.py for tasks to queue
[2024-07-18T19:02:08.649+0200] {logging_mixin.py:188} INFO - [2024-07-18T19:02:08.648+0200] {dagbag.py:545} INFO - Filling up the DagBag from /home/richonlinux/Documents/GitHub/AirflowTuto/venv/lib/python3.10/site-packages/airflow/example_dags/example_branch_datetime_operator.py
[2024-07-18T19:02:08.657+0200] {processor.py:840} INFO - DAG(s) 'example_branch_datetime_operator_2', 'example_branch_datetime_operator', 'example_branch_datetime_operator_3' retrieved from /home/richonlinux/Documents/GitHub/AirflowTuto/venv/lib/python3.10/site-packages/airflow/example_dags/example_branch_datetime_operator.py
[2024-07-18T19:02:08.668+0200] {logging_mixin.py:188} INFO - [2024-07-18T19:02:08.668+0200] {dag.py:3089} INFO - Sync 3 DAGs
[2024-07-18T19:02:08.678+0200] {logging_mixin.py:188} INFO - [2024-07-18T19:02:08.678+0200] {dag.py:3947} INFO - Setting next_dagrun for example_branch_datetime_operator to 2024-07-17 00:00:00+00:00, run_after=2024-07-18 00:00:00+00:00
[2024-07-18T19:02:08.680+0200] {logging_mixin.py:188} INFO - [2024-07-18T19:02:08.680+0200] {dag.py:3947} INFO - Setting next_dagrun for example_branch_datetime_operator_2 to 2024-07-17 00:00:00+00:00, run_after=2024-07-18 00:00:00+00:00
[2024-07-18T19:02:08.681+0200] {logging_mixin.py:188} INFO - [2024-07-18T19:02:08.681+0200] {dag.py:3947} INFO - Setting next_dagrun for example_branch_datetime_operator_3 to 2024-07-17 00:00:00+00:00, run_after=2024-07-18 00:00:00+00:00
[2024-07-18T19:02:08.693+0200] {processor.py:183} INFO - Processing /home/richonlinux/Documents/GitHub/AirflowTuto/venv/lib/python3.10/site-packages/airflow/example_dags/example_branch_datetime_operator.py took 0.055 seconds
[2024-07-18T19:03:09.254+0200] {processor.py:161} INFO - Started process (PID=281335) to work on /home/richonlinux/Documents/GitHub/AirflowTuto/venv/lib/python3.10/site-packages/airflow/example_dags/example_branch_datetime_operator.py
[2024-07-18T19:03:09.258+0200] {processor.py:830} INFO - Processing file /home/richonlinux/Documents/GitHub/AirflowTuto/venv/lib/python3.10/site-packages/airflow/example_dags/example_branch_datetime_operator.py for tasks to queue
[2024-07-18T19:03:09.261+0200] {logging_mixin.py:188} INFO - [2024-07-18T19:03:09.260+0200] {dagbag.py:545} INFO - Filling up the DagBag from /home/richonlinux/Documents/GitHub/AirflowTuto/venv/lib/python3.10/site-packages/airflow/example_dags/example_branch_datetime_operator.py
[2024-07-18T19:03:09.270+0200] {processor.py:840} INFO - DAG(s) 'example_branch_datetime_operator_2', 'example_branch_datetime_operator', 'example_branch_datetime_operator_3' retrieved from /home/richonlinux/Documents/GitHub/AirflowTuto/venv/lib/python3.10/site-packages/airflow/example_dags/example_branch_datetime_operator.py
[2024-07-18T19:03:09.281+0200] {logging_mixin.py:188} INFO - [2024-07-18T19:03:09.281+0200] {dag.py:3089} INFO - Sync 3 DAGs
[2024-07-18T19:03:09.291+0200] {logging_mixin.py:188} INFO - [2024-07-18T19:03:09.291+0200] {dag.py:3947} INFO - Setting next_dagrun for example_branch_datetime_operator to 2024-07-17 00:00:00+00:00, run_after=2024-07-18 00:00:00+00:00
[2024-07-18T19:03:09.294+0200] {logging_mixin.py:188} INFO - [2024-07-18T19:03:09.294+0200] {dag.py:3947} INFO - Setting next_dagrun for example_branch_datetime_operator_2 to 2024-07-17 00:00:00+00:00, run_after=2024-07-18 00:00:00+00:00
[2024-07-18T19:03:09.295+0200] {logging_mixin.py:188} INFO - [2024-07-18T19:03:09.295+0200] {dag.py:3947} INFO - Setting next_dagrun for example_branch_datetime_operator_3 to 2024-07-17 00:00:00+00:00, run_after=2024-07-18 00:00:00+00:00
[2024-07-18T19:03:09.306+0200] {processor.py:183} INFO - Processing /home/richonlinux/Documents/GitHub/AirflowTuto/venv/lib/python3.10/site-packages/airflow/example_dags/example_branch_datetime_operator.py took 0.061 seconds
[2024-07-18T19:04:09.426+0200] {processor.py:161} INFO - Started process (PID=282321) to work on /home/richonlinux/Documents/GitHub/AirflowTuto/venv/lib/python3.10/site-packages/airflow/example_dags/example_branch_datetime_operator.py
[2024-07-18T19:04:09.428+0200] {processor.py:830} INFO - Processing file /home/richonlinux/Documents/GitHub/AirflowTuto/venv/lib/python3.10/site-packages/airflow/example_dags/example_branch_datetime_operator.py for tasks to queue
[2024-07-18T19:04:09.430+0200] {logging_mixin.py:188} INFO - [2024-07-18T19:04:09.429+0200] {dagbag.py:545} INFO - Filling up the DagBag from /home/richonlinux/Documents/GitHub/AirflowTuto/venv/lib/python3.10/site-packages/airflow/example_dags/example_branch_datetime_operator.py
[2024-07-18T19:04:09.438+0200] {processor.py:840} INFO - DAG(s) 'example_branch_datetime_operator_2', 'example_branch_datetime_operator', 'example_branch_datetime_operator_3' retrieved from /home/richonlinux/Documents/GitHub/AirflowTuto/venv/lib/python3.10/site-packages/airflow/example_dags/example_branch_datetime_operator.py
[2024-07-18T19:04:09.449+0200] {logging_mixin.py:188} INFO - [2024-07-18T19:04:09.448+0200] {dag.py:3089} INFO - Sync 3 DAGs
[2024-07-18T19:04:09.459+0200] {logging_mixin.py:188} INFO - [2024-07-18T19:04:09.459+0200] {dag.py:3947} INFO - Setting next_dagrun for example_branch_datetime_operator to 2024-07-17 00:00:00+00:00, run_after=2024-07-18 00:00:00+00:00
[2024-07-18T19:04:09.461+0200] {logging_mixin.py:188} INFO - [2024-07-18T19:04:09.461+0200] {dag.py:3947} INFO - Setting next_dagrun for example_branch_datetime_operator_2 to 2024-07-17 00:00:00+00:00, run_after=2024-07-18 00:00:00+00:00
[2024-07-18T19:04:09.462+0200] {logging_mixin.py:188} INFO - [2024-07-18T19:04:09.462+0200] {dag.py:3947} INFO - Setting next_dagrun for example_branch_datetime_operator_3 to 2024-07-17 00:00:00+00:00, run_after=2024-07-18 00:00:00+00:00
[2024-07-18T19:04:09.474+0200] {processor.py:183} INFO - Processing /home/richonlinux/Documents/GitHub/AirflowTuto/venv/lib/python3.10/site-packages/airflow/example_dags/example_branch_datetime_operator.py took 0.055 seconds
[2024-07-18T19:05:07.090+0200] {processor.py:161} INFO - Started process (PID=283244) to work on /home/richonlinux/Documents/GitHub/AirflowTuto/venv/lib/python3.10/site-packages/airflow/example_dags/example_branch_datetime_operator.py
[2024-07-18T19:05:07.094+0200] {processor.py:830} INFO - Processing file /home/richonlinux/Documents/GitHub/AirflowTuto/venv/lib/python3.10/site-packages/airflow/example_dags/example_branch_datetime_operator.py for tasks to queue
[2024-07-18T19:05:07.096+0200] {logging_mixin.py:188} INFO - [2024-07-18T19:05:07.095+0200] {dagbag.py:545} INFO - Filling up the DagBag from /home/richonlinux/Documents/GitHub/AirflowTuto/venv/lib/python3.10/site-packages/airflow/example_dags/example_branch_datetime_operator.py
[2024-07-18T19:05:07.104+0200] {processor.py:840} INFO - DAG(s) 'example_branch_datetime_operator_2', 'example_branch_datetime_operator_3', 'example_branch_datetime_operator' retrieved from /home/richonlinux/Documents/GitHub/AirflowTuto/venv/lib/python3.10/site-packages/airflow/example_dags/example_branch_datetime_operator.py
[2024-07-18T19:05:07.115+0200] {logging_mixin.py:188} INFO - [2024-07-18T19:05:07.115+0200] {dag.py:3089} INFO - Sync 3 DAGs
[2024-07-18T19:05:07.125+0200] {logging_mixin.py:188} INFO - [2024-07-18T19:05:07.125+0200] {dag.py:3947} INFO - Setting next_dagrun for example_branch_datetime_operator to 2024-07-17 00:00:00+00:00, run_after=2024-07-18 00:00:00+00:00
[2024-07-18T19:05:07.128+0200] {logging_mixin.py:188} INFO - [2024-07-18T19:05:07.128+0200] {dag.py:3947} INFO - Setting next_dagrun for example_branch_datetime_operator_2 to 2024-07-17 00:00:00+00:00, run_after=2024-07-18 00:00:00+00:00
[2024-07-18T19:05:07.129+0200] {logging_mixin.py:188} INFO - [2024-07-18T19:05:07.129+0200] {dag.py:3947} INFO - Setting next_dagrun for example_branch_datetime_operator_3 to 2024-07-17 00:00:00+00:00, run_after=2024-07-18 00:00:00+00:00
[2024-07-18T19:05:07.140+0200] {processor.py:183} INFO - Processing /home/richonlinux/Documents/GitHub/AirflowTuto/venv/lib/python3.10/site-packages/airflow/example_dags/example_branch_datetime_operator.py took 0.055 seconds
[2024-07-18T19:06:04.793+0200] {processor.py:161} INFO - Started process (PID=284332) to work on /home/richonlinux/Documents/GitHub/AirflowTuto/venv/lib/python3.10/site-packages/airflow/example_dags/example_branch_datetime_operator.py
[2024-07-18T19:06:04.794+0200] {processor.py:830} INFO - Processing file /home/richonlinux/Documents/GitHub/AirflowTuto/venv/lib/python3.10/site-packages/airflow/example_dags/example_branch_datetime_operator.py for tasks to queue
[2024-07-18T19:06:04.796+0200] {logging_mixin.py:188} INFO - [2024-07-18T19:06:04.796+0200] {dagbag.py:545} INFO - Filling up the DagBag from /home/richonlinux/Documents/GitHub/AirflowTuto/venv/lib/python3.10/site-packages/airflow/example_dags/example_branch_datetime_operator.py
[2024-07-18T19:06:04.803+0200] {processor.py:840} INFO - DAG(s) 'example_branch_datetime_operator', 'example_branch_datetime_operator_3', 'example_branch_datetime_operator_2' retrieved from /home/richonlinux/Documents/GitHub/AirflowTuto/venv/lib/python3.10/site-packages/airflow/example_dags/example_branch_datetime_operator.py
[2024-07-18T19:06:04.815+0200] {logging_mixin.py:188} INFO - [2024-07-18T19:06:04.815+0200] {dag.py:3089} INFO - Sync 3 DAGs
[2024-07-18T19:06:04.825+0200] {logging_mixin.py:188} INFO - [2024-07-18T19:06:04.825+0200] {dag.py:3947} INFO - Setting next_dagrun for example_branch_datetime_operator to 2024-07-17 00:00:00+00:00, run_after=2024-07-18 00:00:00+00:00
[2024-07-18T19:06:04.827+0200] {logging_mixin.py:188} INFO - [2024-07-18T19:06:04.827+0200] {dag.py:3947} INFO - Setting next_dagrun for example_branch_datetime_operator_2 to 2024-07-17 00:00:00+00:00, run_after=2024-07-18 00:00:00+00:00
[2024-07-18T19:06:04.829+0200] {logging_mixin.py:188} INFO - [2024-07-18T19:06:04.828+0200] {dag.py:3947} INFO - Setting next_dagrun for example_branch_datetime_operator_3 to 2024-07-17 00:00:00+00:00, run_after=2024-07-18 00:00:00+00:00
[2024-07-18T19:06:04.842+0200] {processor.py:183} INFO - Processing /home/richonlinux/Documents/GitHub/AirflowTuto/venv/lib/python3.10/site-packages/airflow/example_dags/example_branch_datetime_operator.py took 0.057 seconds
[2024-07-18T19:07:04.106+0200] {processor.py:161} INFO - Started process (PID=285331) to work on /home/richonlinux/Documents/GitHub/AirflowTuto/venv/lib/python3.10/site-packages/airflow/example_dags/example_branch_datetime_operator.py
[2024-07-18T19:07:04.106+0200] {processor.py:830} INFO - Processing file /home/richonlinux/Documents/GitHub/AirflowTuto/venv/lib/python3.10/site-packages/airflow/example_dags/example_branch_datetime_operator.py for tasks to queue
[2024-07-18T19:07:04.107+0200] {logging_mixin.py:188} INFO - [2024-07-18T19:07:04.107+0200] {dagbag.py:545} INFO - Filling up the DagBag from /home/richonlinux/Documents/GitHub/AirflowTuto/venv/lib/python3.10/site-packages/airflow/example_dags/example_branch_datetime_operator.py
[2024-07-18T19:07:04.113+0200] {processor.py:840} INFO - DAG(s) 'example_branch_datetime_operator_3', 'example_branch_datetime_operator_2', 'example_branch_datetime_operator' retrieved from /home/richonlinux/Documents/GitHub/AirflowTuto/venv/lib/python3.10/site-packages/airflow/example_dags/example_branch_datetime_operator.py
[2024-07-18T19:07:04.124+0200] {logging_mixin.py:188} INFO - [2024-07-18T19:07:04.124+0200] {dag.py:3089} INFO - Sync 3 DAGs
[2024-07-18T19:07:04.135+0200] {logging_mixin.py:188} INFO - [2024-07-18T19:07:04.135+0200] {dag.py:3947} INFO - Setting next_dagrun for example_branch_datetime_operator to 2024-07-17 00:00:00+00:00, run_after=2024-07-18 00:00:00+00:00
[2024-07-18T19:07:04.137+0200] {logging_mixin.py:188} INFO - [2024-07-18T19:07:04.137+0200] {dag.py:3947} INFO - Setting next_dagrun for example_branch_datetime_operator_2 to 2024-07-17 00:00:00+00:00, run_after=2024-07-18 00:00:00+00:00
[2024-07-18T19:07:04.138+0200] {logging_mixin.py:188} INFO - [2024-07-18T19:07:04.138+0200] {dag.py:3947} INFO - Setting next_dagrun for example_branch_datetime_operator_3 to 2024-07-17 00:00:00+00:00, run_after=2024-07-18 00:00:00+00:00
[2024-07-18T19:07:04.149+0200] {processor.py:183} INFO - Processing /home/richonlinux/Documents/GitHub/AirflowTuto/venv/lib/python3.10/site-packages/airflow/example_dags/example_branch_datetime_operator.py took 0.047 seconds
[2024-07-18T19:08:02.790+0200] {processor.py:161} INFO - Started process (PID=286278) to work on /home/richonlinux/Documents/GitHub/AirflowTuto/venv/lib/python3.10/site-packages/airflow/example_dags/example_branch_datetime_operator.py
[2024-07-18T19:08:02.794+0200] {processor.py:830} INFO - Processing file /home/richonlinux/Documents/GitHub/AirflowTuto/venv/lib/python3.10/site-packages/airflow/example_dags/example_branch_datetime_operator.py for tasks to queue
[2024-07-18T19:08:02.795+0200] {logging_mixin.py:188} INFO - [2024-07-18T19:08:02.794+0200] {dagbag.py:545} INFO - Filling up the DagBag from /home/richonlinux/Documents/GitHub/AirflowTuto/venv/lib/python3.10/site-packages/airflow/example_dags/example_branch_datetime_operator.py
[2024-07-18T19:08:02.801+0200] {processor.py:840} INFO - DAG(s) 'example_branch_datetime_operator_2', 'example_branch_datetime_operator', 'example_branch_datetime_operator_3' retrieved from /home/richonlinux/Documents/GitHub/AirflowTuto/venv/lib/python3.10/site-packages/airflow/example_dags/example_branch_datetime_operator.py
[2024-07-18T19:08:02.814+0200] {logging_mixin.py:188} INFO - [2024-07-18T19:08:02.813+0200] {dag.py:3089} INFO - Sync 3 DAGs
[2024-07-18T19:08:02.825+0200] {logging_mixin.py:188} INFO - [2024-07-18T19:08:02.825+0200] {dag.py:3947} INFO - Setting next_dagrun for example_branch_datetime_operator to 2024-07-17 00:00:00+00:00, run_after=2024-07-18 00:00:00+00:00
[2024-07-18T19:08:02.828+0200] {logging_mixin.py:188} INFO - [2024-07-18T19:08:02.828+0200] {dag.py:3947} INFO - Setting next_dagrun for example_branch_datetime_operator_2 to 2024-07-17 00:00:00+00:00, run_after=2024-07-18 00:00:00+00:00
[2024-07-18T19:08:02.829+0200] {logging_mixin.py:188} INFO - [2024-07-18T19:08:02.829+0200] {dag.py:3947} INFO - Setting next_dagrun for example_branch_datetime_operator_3 to 2024-07-17 00:00:00+00:00, run_after=2024-07-18 00:00:00+00:00
[2024-07-18T19:08:02.842+0200] {processor.py:183} INFO - Processing /home/richonlinux/Documents/GitHub/AirflowTuto/venv/lib/python3.10/site-packages/airflow/example_dags/example_branch_datetime_operator.py took 0.056 seconds
[2024-07-18T19:09:02.130+0200] {processor.py:161} INFO - Started process (PID=287280) to work on /home/richonlinux/Documents/GitHub/AirflowTuto/venv/lib/python3.10/site-packages/airflow/example_dags/example_branch_datetime_operator.py
[2024-07-18T19:09:02.133+0200] {processor.py:830} INFO - Processing file /home/richonlinux/Documents/GitHub/AirflowTuto/venv/lib/python3.10/site-packages/airflow/example_dags/example_branch_datetime_operator.py for tasks to queue
[2024-07-18T19:09:02.134+0200] {logging_mixin.py:188} INFO - [2024-07-18T19:09:02.134+0200] {dagbag.py:545} INFO - Filling up the DagBag from /home/richonlinux/Documents/GitHub/AirflowTuto/venv/lib/python3.10/site-packages/airflow/example_dags/example_branch_datetime_operator.py
[2024-07-18T19:09:02.140+0200] {processor.py:840} INFO - DAG(s) 'example_branch_datetime_operator_2', 'example_branch_datetime_operator', 'example_branch_datetime_operator_3' retrieved from /home/richonlinux/Documents/GitHub/AirflowTuto/venv/lib/python3.10/site-packages/airflow/example_dags/example_branch_datetime_operator.py
[2024-07-18T19:09:02.153+0200] {logging_mixin.py:188} INFO - [2024-07-18T19:09:02.153+0200] {dag.py:3089} INFO - Sync 3 DAGs
[2024-07-18T19:09:02.165+0200] {logging_mixin.py:188} INFO - [2024-07-18T19:09:02.165+0200] {dag.py:3947} INFO - Setting next_dagrun for example_branch_datetime_operator to 2024-07-17 00:00:00+00:00, run_after=2024-07-18 00:00:00+00:00
[2024-07-18T19:09:02.168+0200] {logging_mixin.py:188} INFO - [2024-07-18T19:09:02.168+0200] {dag.py:3947} INFO - Setting next_dagrun for example_branch_datetime_operator_2 to 2024-07-17 00:00:00+00:00, run_after=2024-07-18 00:00:00+00:00
[2024-07-18T19:09:02.169+0200] {logging_mixin.py:188} INFO - [2024-07-18T19:09:02.169+0200] {dag.py:3947} INFO - Setting next_dagrun for example_branch_datetime_operator_3 to 2024-07-17 00:00:00+00:00, run_after=2024-07-18 00:00:00+00:00
[2024-07-18T19:09:02.181+0200] {processor.py:183} INFO - Processing /home/richonlinux/Documents/GitHub/AirflowTuto/venv/lib/python3.10/site-packages/airflow/example_dags/example_branch_datetime_operator.py took 0.056 seconds
[2024-07-18T19:09:59.309+0200] {processor.py:161} INFO - Started process (PID=288204) to work on /home/richonlinux/Documents/GitHub/AirflowTuto/venv/lib/python3.10/site-packages/airflow/example_dags/example_branch_datetime_operator.py
[2024-07-18T19:09:59.309+0200] {processor.py:830} INFO - Processing file /home/richonlinux/Documents/GitHub/AirflowTuto/venv/lib/python3.10/site-packages/airflow/example_dags/example_branch_datetime_operator.py for tasks to queue
[2024-07-18T19:09:59.310+0200] {logging_mixin.py:188} INFO - [2024-07-18T19:09:59.310+0200] {dagbag.py:545} INFO - Filling up the DagBag from /home/richonlinux/Documents/GitHub/AirflowTuto/venv/lib/python3.10/site-packages/airflow/example_dags/example_branch_datetime_operator.py
[2024-07-18T19:09:59.316+0200] {processor.py:840} INFO - DAG(s) 'example_branch_datetime_operator', 'example_branch_datetime_operator_2', 'example_branch_datetime_operator_3' retrieved from /home/richonlinux/Documents/GitHub/AirflowTuto/venv/lib/python3.10/site-packages/airflow/example_dags/example_branch_datetime_operator.py
[2024-07-18T19:09:59.330+0200] {logging_mixin.py:188} INFO - [2024-07-18T19:09:59.330+0200] {dag.py:3089} INFO - Sync 3 DAGs
[2024-07-18T19:09:59.342+0200] {logging_mixin.py:188} INFO - [2024-07-18T19:09:59.342+0200] {dag.py:3947} INFO - Setting next_dagrun for example_branch_datetime_operator to 2024-07-17 00:00:00+00:00, run_after=2024-07-18 00:00:00+00:00
[2024-07-18T19:09:59.345+0200] {logging_mixin.py:188} INFO - [2024-07-18T19:09:59.345+0200] {dag.py:3947} INFO - Setting next_dagrun for example_branch_datetime_operator_2 to 2024-07-17 00:00:00+00:00, run_after=2024-07-18 00:00:00+00:00
[2024-07-18T19:09:59.346+0200] {logging_mixin.py:188} INFO - [2024-07-18T19:09:59.346+0200] {dag.py:3947} INFO - Setting next_dagrun for example_branch_datetime_operator_3 to 2024-07-17 00:00:00+00:00, run_after=2024-07-18 00:00:00+00:00
[2024-07-18T19:09:59.358+0200] {processor.py:183} INFO - Processing /home/richonlinux/Documents/GitHub/AirflowTuto/venv/lib/python3.10/site-packages/airflow/example_dags/example_branch_datetime_operator.py took 0.053 seconds
[2024-07-18T19:10:52.800+0200] {processor.py:161} INFO - Started process (PID=289070) to work on /home/richonlinux/Documents/GitHub/AirflowTuto/venv/lib/python3.10/site-packages/airflow/example_dags/example_branch_datetime_operator.py
[2024-07-18T19:10:52.801+0200] {processor.py:830} INFO - Processing file /home/richonlinux/Documents/GitHub/AirflowTuto/venv/lib/python3.10/site-packages/airflow/example_dags/example_branch_datetime_operator.py for tasks to queue
[2024-07-18T19:10:52.802+0200] {logging_mixin.py:188} INFO - [2024-07-18T19:10:52.802+0200] {dagbag.py:545} INFO - Filling up the DagBag from /home/richonlinux/Documents/GitHub/AirflowTuto/venv/lib/python3.10/site-packages/airflow/example_dags/example_branch_datetime_operator.py
[2024-07-18T19:10:52.808+0200] {processor.py:840} INFO - DAG(s) 'example_branch_datetime_operator_3', 'example_branch_datetime_operator_2', 'example_branch_datetime_operator' retrieved from /home/richonlinux/Documents/GitHub/AirflowTuto/venv/lib/python3.10/site-packages/airflow/example_dags/example_branch_datetime_operator.py
[2024-07-18T19:10:52.821+0200] {logging_mixin.py:188} INFO - [2024-07-18T19:10:52.821+0200] {dag.py:3089} INFO - Sync 3 DAGs
[2024-07-18T19:10:52.835+0200] {logging_mixin.py:188} INFO - [2024-07-18T19:10:52.835+0200] {dag.py:3947} INFO - Setting next_dagrun for example_branch_datetime_operator to 2024-07-17 00:00:00+00:00, run_after=2024-07-18 00:00:00+00:00
[2024-07-18T19:10:52.837+0200] {logging_mixin.py:188} INFO - [2024-07-18T19:10:52.837+0200] {dag.py:3947} INFO - Setting next_dagrun for example_branch_datetime_operator_2 to 2024-07-17 00:00:00+00:00, run_after=2024-07-18 00:00:00+00:00
[2024-07-18T19:10:52.838+0200] {logging_mixin.py:188} INFO - [2024-07-18T19:10:52.838+0200] {dag.py:3947} INFO - Setting next_dagrun for example_branch_datetime_operator_3 to 2024-07-17 00:00:00+00:00, run_after=2024-07-18 00:00:00+00:00
[2024-07-18T19:10:52.850+0200] {processor.py:183} INFO - Processing /home/richonlinux/Documents/GitHub/AirflowTuto/venv/lib/python3.10/site-packages/airflow/example_dags/example_branch_datetime_operator.py took 0.054 seconds
[2024-07-18T19:11:49.515+0200] {processor.py:161} INFO - Started process (PID=290072) to work on /home/richonlinux/Documents/GitHub/AirflowTuto/venv/lib/python3.10/site-packages/airflow/example_dags/example_branch_datetime_operator.py
[2024-07-18T19:11:49.517+0200] {processor.py:830} INFO - Processing file /home/richonlinux/Documents/GitHub/AirflowTuto/venv/lib/python3.10/site-packages/airflow/example_dags/example_branch_datetime_operator.py for tasks to queue
[2024-07-18T19:11:49.518+0200] {logging_mixin.py:188} INFO - [2024-07-18T19:11:49.518+0200] {dagbag.py:545} INFO - Filling up the DagBag from /home/richonlinux/Documents/GitHub/AirflowTuto/venv/lib/python3.10/site-packages/airflow/example_dags/example_branch_datetime_operator.py
[2024-07-18T19:11:49.528+0200] {processor.py:840} INFO - DAG(s) 'example_branch_datetime_operator_2', 'example_branch_datetime_operator_3', 'example_branch_datetime_operator' retrieved from /home/richonlinux/Documents/GitHub/AirflowTuto/venv/lib/python3.10/site-packages/airflow/example_dags/example_branch_datetime_operator.py
[2024-07-18T19:11:49.549+0200] {logging_mixin.py:188} INFO - [2024-07-18T19:11:49.549+0200] {dag.py:3089} INFO - Sync 3 DAGs
[2024-07-18T19:11:49.570+0200] {logging_mixin.py:188} INFO - [2024-07-18T19:11:49.570+0200] {dag.py:3947} INFO - Setting next_dagrun for example_branch_datetime_operator to 2024-07-17 00:00:00+00:00, run_after=2024-07-18 00:00:00+00:00
[2024-07-18T19:11:49.574+0200] {logging_mixin.py:188} INFO - [2024-07-18T19:11:49.574+0200] {dag.py:3947} INFO - Setting next_dagrun for example_branch_datetime_operator_2 to 2024-07-17 00:00:00+00:00, run_after=2024-07-18 00:00:00+00:00
[2024-07-18T19:11:49.576+0200] {logging_mixin.py:188} INFO - [2024-07-18T19:11:49.575+0200] {dag.py:3947} INFO - Setting next_dagrun for example_branch_datetime_operator_3 to 2024-07-17 00:00:00+00:00, run_after=2024-07-18 00:00:00+00:00
[2024-07-18T19:11:49.588+0200] {processor.py:183} INFO - Processing /home/richonlinux/Documents/GitHub/AirflowTuto/venv/lib/python3.10/site-packages/airflow/example_dags/example_branch_datetime_operator.py took 0.077 seconds
[2024-07-18T19:12:46.107+0200] {processor.py:161} INFO - Started process (PID=290953) to work on /home/richonlinux/Documents/GitHub/AirflowTuto/venv/lib/python3.10/site-packages/airflow/example_dags/example_branch_datetime_operator.py
[2024-07-18T19:12:46.108+0200] {processor.py:830} INFO - Processing file /home/richonlinux/Documents/GitHub/AirflowTuto/venv/lib/python3.10/site-packages/airflow/example_dags/example_branch_datetime_operator.py for tasks to queue
[2024-07-18T19:12:46.109+0200] {logging_mixin.py:188} INFO - [2024-07-18T19:12:46.109+0200] {dagbag.py:545} INFO - Filling up the DagBag from /home/richonlinux/Documents/GitHub/AirflowTuto/venv/lib/python3.10/site-packages/airflow/example_dags/example_branch_datetime_operator.py
[2024-07-18T19:12:46.117+0200] {processor.py:840} INFO - DAG(s) 'example_branch_datetime_operator', 'example_branch_datetime_operator_3', 'example_branch_datetime_operator_2' retrieved from /home/richonlinux/Documents/GitHub/AirflowTuto/venv/lib/python3.10/site-packages/airflow/example_dags/example_branch_datetime_operator.py
[2024-07-18T19:12:46.131+0200] {logging_mixin.py:188} INFO - [2024-07-18T19:12:46.130+0200] {dag.py:3089} INFO - Sync 3 DAGs
[2024-07-18T19:12:46.143+0200] {logging_mixin.py:188} INFO - [2024-07-18T19:12:46.143+0200] {dag.py:3947} INFO - Setting next_dagrun for example_branch_datetime_operator to 2024-07-17 00:00:00+00:00, run_after=2024-07-18 00:00:00+00:00
[2024-07-18T19:12:46.145+0200] {logging_mixin.py:188} INFO - [2024-07-18T19:12:46.145+0200] {dag.py:3947} INFO - Setting next_dagrun for example_branch_datetime_operator_2 to 2024-07-17 00:00:00+00:00, run_after=2024-07-18 00:00:00+00:00
[2024-07-18T19:12:46.146+0200] {logging_mixin.py:188} INFO - [2024-07-18T19:12:46.146+0200] {dag.py:3947} INFO - Setting next_dagrun for example_branch_datetime_operator_3 to 2024-07-17 00:00:00+00:00, run_after=2024-07-18 00:00:00+00:00
[2024-07-18T19:12:46.159+0200] {processor.py:183} INFO - Processing /home/richonlinux/Documents/GitHub/AirflowTuto/venv/lib/python3.10/site-packages/airflow/example_dags/example_branch_datetime_operator.py took 0.059 seconds
[2024-07-18T19:13:46.032+0200] {processor.py:161} INFO - Started process (PID=291947) to work on /home/richonlinux/Documents/GitHub/AirflowTuto/venv/lib/python3.10/site-packages/airflow/example_dags/example_branch_datetime_operator.py
[2024-07-18T19:13:46.033+0200] {processor.py:830} INFO - Processing file /home/richonlinux/Documents/GitHub/AirflowTuto/venv/lib/python3.10/site-packages/airflow/example_dags/example_branch_datetime_operator.py for tasks to queue
[2024-07-18T19:13:46.034+0200] {logging_mixin.py:188} INFO - [2024-07-18T19:13:46.034+0200] {dagbag.py:545} INFO - Filling up the DagBag from /home/richonlinux/Documents/GitHub/AirflowTuto/venv/lib/python3.10/site-packages/airflow/example_dags/example_branch_datetime_operator.py
[2024-07-18T19:13:46.041+0200] {processor.py:840} INFO - DAG(s) 'example_branch_datetime_operator', 'example_branch_datetime_operator_2', 'example_branch_datetime_operator_3' retrieved from /home/richonlinux/Documents/GitHub/AirflowTuto/venv/lib/python3.10/site-packages/airflow/example_dags/example_branch_datetime_operator.py
[2024-07-18T19:13:46.054+0200] {logging_mixin.py:188} INFO - [2024-07-18T19:13:46.054+0200] {dag.py:3089} INFO - Sync 3 DAGs
[2024-07-18T19:13:46.066+0200] {logging_mixin.py:188} INFO - [2024-07-18T19:13:46.065+0200] {dag.py:3947} INFO - Setting next_dagrun for example_branch_datetime_operator to 2024-07-17 00:00:00+00:00, run_after=2024-07-18 00:00:00+00:00
[2024-07-18T19:13:46.068+0200] {logging_mixin.py:188} INFO - [2024-07-18T19:13:46.068+0200] {dag.py:3947} INFO - Setting next_dagrun for example_branch_datetime_operator_2 to 2024-07-17 00:00:00+00:00, run_after=2024-07-18 00:00:00+00:00
[2024-07-18T19:13:46.069+0200] {logging_mixin.py:188} INFO - [2024-07-18T19:13:46.069+0200] {dag.py:3947} INFO - Setting next_dagrun for example_branch_datetime_operator_3 to 2024-07-17 00:00:00+00:00, run_after=2024-07-18 00:00:00+00:00
[2024-07-18T19:13:46.082+0200] {processor.py:183} INFO - Processing /home/richonlinux/Documents/GitHub/AirflowTuto/venv/lib/python3.10/site-packages/airflow/example_dags/example_branch_datetime_operator.py took 0.053 seconds
[2024-07-18T19:14:45.573+0200] {processor.py:161} INFO - Started process (PID=292890) to work on /home/richonlinux/Documents/GitHub/AirflowTuto/venv/lib/python3.10/site-packages/airflow/example_dags/example_branch_datetime_operator.py
[2024-07-18T19:14:45.577+0200] {processor.py:830} INFO - Processing file /home/richonlinux/Documents/GitHub/AirflowTuto/venv/lib/python3.10/site-packages/airflow/example_dags/example_branch_datetime_operator.py for tasks to queue
[2024-07-18T19:14:45.579+0200] {logging_mixin.py:188} INFO - [2024-07-18T19:14:45.578+0200] {dagbag.py:545} INFO - Filling up the DagBag from /home/richonlinux/Documents/GitHub/AirflowTuto/venv/lib/python3.10/site-packages/airflow/example_dags/example_branch_datetime_operator.py
[2024-07-18T19:14:45.588+0200] {processor.py:840} INFO - DAG(s) 'example_branch_datetime_operator_2', 'example_branch_datetime_operator_3', 'example_branch_datetime_operator' retrieved from /home/richonlinux/Documents/GitHub/AirflowTuto/venv/lib/python3.10/site-packages/airflow/example_dags/example_branch_datetime_operator.py
[2024-07-18T19:14:45.601+0200] {logging_mixin.py:188} INFO - [2024-07-18T19:14:45.600+0200] {dag.py:3089} INFO - Sync 3 DAGs
[2024-07-18T19:14:45.613+0200] {logging_mixin.py:188} INFO - [2024-07-18T19:14:45.613+0200] {dag.py:3947} INFO - Setting next_dagrun for example_branch_datetime_operator to 2024-07-17 00:00:00+00:00, run_after=2024-07-18 00:00:00+00:00
[2024-07-18T19:14:45.616+0200] {logging_mixin.py:188} INFO - [2024-07-18T19:14:45.616+0200] {dag.py:3947} INFO - Setting next_dagrun for example_branch_datetime_operator_2 to 2024-07-17 00:00:00+00:00, run_after=2024-07-18 00:00:00+00:00
[2024-07-18T19:14:45.617+0200] {logging_mixin.py:188} INFO - [2024-07-18T19:14:45.617+0200] {dag.py:3947} INFO - Setting next_dagrun for example_branch_datetime_operator_3 to 2024-07-17 00:00:00+00:00, run_after=2024-07-18 00:00:00+00:00
[2024-07-18T19:14:45.629+0200] {processor.py:183} INFO - Processing /home/richonlinux/Documents/GitHub/AirflowTuto/venv/lib/python3.10/site-packages/airflow/example_dags/example_branch_datetime_operator.py took 0.064 seconds
[2024-07-18T19:15:47.216+0200] {processor.py:161} INFO - Started process (PID=293847) to work on /home/richonlinux/Documents/GitHub/AirflowTuto/venv/lib/python3.10/site-packages/airflow/example_dags/example_branch_datetime_operator.py
[2024-07-18T19:15:47.217+0200] {processor.py:830} INFO - Processing file /home/richonlinux/Documents/GitHub/AirflowTuto/venv/lib/python3.10/site-packages/airflow/example_dags/example_branch_datetime_operator.py for tasks to queue
[2024-07-18T19:15:47.218+0200] {logging_mixin.py:188} INFO - [2024-07-18T19:15:47.217+0200] {dagbag.py:545} INFO - Filling up the DagBag from /home/richonlinux/Documents/GitHub/AirflowTuto/venv/lib/python3.10/site-packages/airflow/example_dags/example_branch_datetime_operator.py
[2024-07-18T19:15:47.224+0200] {processor.py:840} INFO - DAG(s) 'example_branch_datetime_operator_3', 'example_branch_datetime_operator_2', 'example_branch_datetime_operator' retrieved from /home/richonlinux/Documents/GitHub/AirflowTuto/venv/lib/python3.10/site-packages/airflow/example_dags/example_branch_datetime_operator.py
[2024-07-18T19:15:47.236+0200] {logging_mixin.py:188} INFO - [2024-07-18T19:15:47.236+0200] {dag.py:3089} INFO - Sync 3 DAGs
[2024-07-18T19:15:47.249+0200] {logging_mixin.py:188} INFO - [2024-07-18T19:15:47.249+0200] {dag.py:3947} INFO - Setting next_dagrun for example_branch_datetime_operator to 2024-07-17 00:00:00+00:00, run_after=2024-07-18 00:00:00+00:00
[2024-07-18T19:15:47.252+0200] {logging_mixin.py:188} INFO - [2024-07-18T19:15:47.252+0200] {dag.py:3947} INFO - Setting next_dagrun for example_branch_datetime_operator_2 to 2024-07-17 00:00:00+00:00, run_after=2024-07-18 00:00:00+00:00
[2024-07-18T19:15:47.254+0200] {logging_mixin.py:188} INFO - [2024-07-18T19:15:47.253+0200] {dag.py:3947} INFO - Setting next_dagrun for example_branch_datetime_operator_3 to 2024-07-17 00:00:00+00:00, run_after=2024-07-18 00:00:00+00:00
[2024-07-18T19:15:47.266+0200] {processor.py:183} INFO - Processing /home/richonlinux/Documents/GitHub/AirflowTuto/venv/lib/python3.10/site-packages/airflow/example_dags/example_branch_datetime_operator.py took 0.054 seconds
[2024-07-18T19:16:42.580+0200] {processor.py:161} INFO - Started process (PID=294777) to work on /home/richonlinux/Documents/GitHub/AirflowTuto/venv/lib/python3.10/site-packages/airflow/example_dags/example_branch_datetime_operator.py
[2024-07-18T19:16:42.581+0200] {processor.py:830} INFO - Processing file /home/richonlinux/Documents/GitHub/AirflowTuto/venv/lib/python3.10/site-packages/airflow/example_dags/example_branch_datetime_operator.py for tasks to queue
[2024-07-18T19:16:42.583+0200] {logging_mixin.py:188} INFO - [2024-07-18T19:16:42.582+0200] {dagbag.py:545} INFO - Filling up the DagBag from /home/richonlinux/Documents/GitHub/AirflowTuto/venv/lib/python3.10/site-packages/airflow/example_dags/example_branch_datetime_operator.py
[2024-07-18T19:16:42.589+0200] {processor.py:840} INFO - DAG(s) 'example_branch_datetime_operator_2', 'example_branch_datetime_operator_3', 'example_branch_datetime_operator' retrieved from /home/richonlinux/Documents/GitHub/AirflowTuto/venv/lib/python3.10/site-packages/airflow/example_dags/example_branch_datetime_operator.py
[2024-07-18T19:16:42.603+0200] {logging_mixin.py:188} INFO - [2024-07-18T19:16:42.602+0200] {dag.py:3089} INFO - Sync 3 DAGs
[2024-07-18T19:16:42.616+0200] {logging_mixin.py:188} INFO - [2024-07-18T19:16:42.616+0200] {dag.py:3947} INFO - Setting next_dagrun for example_branch_datetime_operator to 2024-07-17 00:00:00+00:00, run_after=2024-07-18 00:00:00+00:00
[2024-07-18T19:16:42.619+0200] {logging_mixin.py:188} INFO - [2024-07-18T19:16:42.619+0200] {dag.py:3947} INFO - Setting next_dagrun for example_branch_datetime_operator_2 to 2024-07-17 00:00:00+00:00, run_after=2024-07-18 00:00:00+00:00
[2024-07-18T19:16:42.620+0200] {logging_mixin.py:188} INFO - [2024-07-18T19:16:42.620+0200] {dag.py:3947} INFO - Setting next_dagrun for example_branch_datetime_operator_3 to 2024-07-17 00:00:00+00:00, run_after=2024-07-18 00:00:00+00:00
[2024-07-18T19:16:42.632+0200] {processor.py:183} INFO - Processing /home/richonlinux/Documents/GitHub/AirflowTuto/venv/lib/python3.10/site-packages/airflow/example_dags/example_branch_datetime_operator.py took 0.056 seconds
[2024-07-18T19:17:39.108+0200] {processor.py:161} INFO - Started process (PID=295708) to work on /home/richonlinux/Documents/GitHub/AirflowTuto/venv/lib/python3.10/site-packages/airflow/example_dags/example_branch_datetime_operator.py
[2024-07-18T19:17:39.113+0200] {processor.py:830} INFO - Processing file /home/richonlinux/Documents/GitHub/AirflowTuto/venv/lib/python3.10/site-packages/airflow/example_dags/example_branch_datetime_operator.py for tasks to queue
[2024-07-18T19:17:39.115+0200] {logging_mixin.py:188} INFO - [2024-07-18T19:17:39.115+0200] {dagbag.py:545} INFO - Filling up the DagBag from /home/richonlinux/Documents/GitHub/AirflowTuto/venv/lib/python3.10/site-packages/airflow/example_dags/example_branch_datetime_operator.py
[2024-07-18T19:17:39.124+0200] {processor.py:840} INFO - DAG(s) 'example_branch_datetime_operator_2', 'example_branch_datetime_operator_3', 'example_branch_datetime_operator' retrieved from /home/richonlinux/Documents/GitHub/AirflowTuto/venv/lib/python3.10/site-packages/airflow/example_dags/example_branch_datetime_operator.py
[2024-07-18T19:17:39.137+0200] {logging_mixin.py:188} INFO - [2024-07-18T19:17:39.136+0200] {dag.py:3089} INFO - Sync 3 DAGs
[2024-07-18T19:17:39.148+0200] {logging_mixin.py:188} INFO - [2024-07-18T19:17:39.148+0200] {dag.py:3947} INFO - Setting next_dagrun for example_branch_datetime_operator to 2024-07-17 00:00:00+00:00, run_after=2024-07-18 00:00:00+00:00
[2024-07-18T19:17:39.151+0200] {logging_mixin.py:188} INFO - [2024-07-18T19:17:39.151+0200] {dag.py:3947} INFO - Setting next_dagrun for example_branch_datetime_operator_2 to 2024-07-17 00:00:00+00:00, run_after=2024-07-18 00:00:00+00:00
[2024-07-18T19:17:39.152+0200] {logging_mixin.py:188} INFO - [2024-07-18T19:17:39.152+0200] {dag.py:3947} INFO - Setting next_dagrun for example_branch_datetime_operator_3 to 2024-07-17 00:00:00+00:00, run_after=2024-07-18 00:00:00+00:00
[2024-07-18T19:17:39.163+0200] {processor.py:183} INFO - Processing /home/richonlinux/Documents/GitHub/AirflowTuto/venv/lib/python3.10/site-packages/airflow/example_dags/example_branch_datetime_operator.py took 0.060 seconds
[2024-07-18T19:18:40.693+0200] {processor.py:161} INFO - Started process (PID=296729) to work on /home/richonlinux/Documents/GitHub/AirflowTuto/venv/lib/python3.10/site-packages/airflow/example_dags/example_branch_datetime_operator.py
[2024-07-18T19:18:40.694+0200] {processor.py:830} INFO - Processing file /home/richonlinux/Documents/GitHub/AirflowTuto/venv/lib/python3.10/site-packages/airflow/example_dags/example_branch_datetime_operator.py for tasks to queue
[2024-07-18T19:18:40.695+0200] {logging_mixin.py:188} INFO - [2024-07-18T19:18:40.695+0200] {dagbag.py:545} INFO - Filling up the DagBag from /home/richonlinux/Documents/GitHub/AirflowTuto/venv/lib/python3.10/site-packages/airflow/example_dags/example_branch_datetime_operator.py
[2024-07-18T19:18:40.701+0200] {processor.py:840} INFO - DAG(s) 'example_branch_datetime_operator_2', 'example_branch_datetime_operator', 'example_branch_datetime_operator_3' retrieved from /home/richonlinux/Documents/GitHub/AirflowTuto/venv/lib/python3.10/site-packages/airflow/example_dags/example_branch_datetime_operator.py
[2024-07-18T19:18:40.714+0200] {logging_mixin.py:188} INFO - [2024-07-18T19:18:40.714+0200] {dag.py:3089} INFO - Sync 3 DAGs
[2024-07-18T19:18:40.727+0200] {logging_mixin.py:188} INFO - [2024-07-18T19:18:40.727+0200] {dag.py:3947} INFO - Setting next_dagrun for example_branch_datetime_operator to 2024-07-17 00:00:00+00:00, run_after=2024-07-18 00:00:00+00:00
[2024-07-18T19:18:40.730+0200] {logging_mixin.py:188} INFO - [2024-07-18T19:18:40.730+0200] {dag.py:3947} INFO - Setting next_dagrun for example_branch_datetime_operator_2 to 2024-07-17 00:00:00+00:00, run_after=2024-07-18 00:00:00+00:00
[2024-07-18T19:18:40.731+0200] {logging_mixin.py:188} INFO - [2024-07-18T19:18:40.731+0200] {dag.py:3947} INFO - Setting next_dagrun for example_branch_datetime_operator_3 to 2024-07-17 00:00:00+00:00, run_after=2024-07-18 00:00:00+00:00
[2024-07-18T19:18:40.743+0200] {processor.py:183} INFO - Processing /home/richonlinux/Documents/GitHub/AirflowTuto/venv/lib/python3.10/site-packages/airflow/example_dags/example_branch_datetime_operator.py took 0.053 seconds
[2024-07-18T19:19:37.289+0200] {processor.py:161} INFO - Started process (PID=297655) to work on /home/richonlinux/Documents/GitHub/AirflowTuto/venv/lib/python3.10/site-packages/airflow/example_dags/example_branch_datetime_operator.py
[2024-07-18T19:19:37.290+0200] {processor.py:830} INFO - Processing file /home/richonlinux/Documents/GitHub/AirflowTuto/venv/lib/python3.10/site-packages/airflow/example_dags/example_branch_datetime_operator.py for tasks to queue
[2024-07-18T19:19:37.291+0200] {logging_mixin.py:188} INFO - [2024-07-18T19:19:37.291+0200] {dagbag.py:545} INFO - Filling up the DagBag from /home/richonlinux/Documents/GitHub/AirflowTuto/venv/lib/python3.10/site-packages/airflow/example_dags/example_branch_datetime_operator.py
[2024-07-18T19:19:37.298+0200] {processor.py:840} INFO - DAG(s) 'example_branch_datetime_operator', 'example_branch_datetime_operator_3', 'example_branch_datetime_operator_2' retrieved from /home/richonlinux/Documents/GitHub/AirflowTuto/venv/lib/python3.10/site-packages/airflow/example_dags/example_branch_datetime_operator.py
[2024-07-18T19:19:37.311+0200] {logging_mixin.py:188} INFO - [2024-07-18T19:19:37.311+0200] {dag.py:3089} INFO - Sync 3 DAGs
[2024-07-18T19:19:37.323+0200] {logging_mixin.py:188} INFO - [2024-07-18T19:19:37.323+0200] {dag.py:3947} INFO - Setting next_dagrun for example_branch_datetime_operator to 2024-07-17 00:00:00+00:00, run_after=2024-07-18 00:00:00+00:00
[2024-07-18T19:19:37.326+0200] {logging_mixin.py:188} INFO - [2024-07-18T19:19:37.326+0200] {dag.py:3947} INFO - Setting next_dagrun for example_branch_datetime_operator_2 to 2024-07-17 00:00:00+00:00, run_after=2024-07-18 00:00:00+00:00
[2024-07-18T19:19:37.328+0200] {logging_mixin.py:188} INFO - [2024-07-18T19:19:37.328+0200] {dag.py:3947} INFO - Setting next_dagrun for example_branch_datetime_operator_3 to 2024-07-17 00:00:00+00:00, run_after=2024-07-18 00:00:00+00:00
[2024-07-18T19:19:37.341+0200] {processor.py:183} INFO - Processing /home/richonlinux/Documents/GitHub/AirflowTuto/venv/lib/python3.10/site-packages/airflow/example_dags/example_branch_datetime_operator.py took 0.055 seconds
[2024-07-18T19:20:38.903+0200] {processor.py:161} INFO - Started process (PID=298632) to work on /home/richonlinux/Documents/GitHub/AirflowTuto/venv/lib/python3.10/site-packages/airflow/example_dags/example_branch_datetime_operator.py
[2024-07-18T19:20:38.904+0200] {processor.py:830} INFO - Processing file /home/richonlinux/Documents/GitHub/AirflowTuto/venv/lib/python3.10/site-packages/airflow/example_dags/example_branch_datetime_operator.py for tasks to queue
[2024-07-18T19:20:38.905+0200] {logging_mixin.py:188} INFO - [2024-07-18T19:20:38.905+0200] {dagbag.py:545} INFO - Filling up the DagBag from /home/richonlinux/Documents/GitHub/AirflowTuto/venv/lib/python3.10/site-packages/airflow/example_dags/example_branch_datetime_operator.py
[2024-07-18T19:20:38.911+0200] {processor.py:840} INFO - DAG(s) 'example_branch_datetime_operator', 'example_branch_datetime_operator_2', 'example_branch_datetime_operator_3' retrieved from /home/richonlinux/Documents/GitHub/AirflowTuto/venv/lib/python3.10/site-packages/airflow/example_dags/example_branch_datetime_operator.py
[2024-07-18T19:20:38.924+0200] {logging_mixin.py:188} INFO - [2024-07-18T19:20:38.924+0200] {dag.py:3089} INFO - Sync 3 DAGs
[2024-07-18T19:20:38.936+0200] {logging_mixin.py:188} INFO - [2024-07-18T19:20:38.936+0200] {dag.py:3947} INFO - Setting next_dagrun for example_branch_datetime_operator to 2024-07-17 00:00:00+00:00, run_after=2024-07-18 00:00:00+00:00
[2024-07-18T19:20:38.939+0200] {logging_mixin.py:188} INFO - [2024-07-18T19:20:38.939+0200] {dag.py:3947} INFO - Setting next_dagrun for example_branch_datetime_operator_2 to 2024-07-17 00:00:00+00:00, run_after=2024-07-18 00:00:00+00:00
[2024-07-18T19:20:38.940+0200] {logging_mixin.py:188} INFO - [2024-07-18T19:20:38.940+0200] {dag.py:3947} INFO - Setting next_dagrun for example_branch_datetime_operator_3 to 2024-07-17 00:00:00+00:00, run_after=2024-07-18 00:00:00+00:00
[2024-07-18T19:20:38.952+0200] {processor.py:183} INFO - Processing /home/richonlinux/Documents/GitHub/AirflowTuto/venv/lib/python3.10/site-packages/airflow/example_dags/example_branch_datetime_operator.py took 0.053 seconds
[2024-07-18T19:21:40.262+0200] {processor.py:161} INFO - Started process (PID=299705) to work on /home/richonlinux/Documents/GitHub/AirflowTuto/venv/lib/python3.10/site-packages/airflow/example_dags/example_branch_datetime_operator.py
[2024-07-18T19:21:40.263+0200] {processor.py:830} INFO - Processing file /home/richonlinux/Documents/GitHub/AirflowTuto/venv/lib/python3.10/site-packages/airflow/example_dags/example_branch_datetime_operator.py for tasks to queue
[2024-07-18T19:21:40.264+0200] {logging_mixin.py:188} INFO - [2024-07-18T19:21:40.264+0200] {dagbag.py:545} INFO - Filling up the DagBag from /home/richonlinux/Documents/GitHub/AirflowTuto/venv/lib/python3.10/site-packages/airflow/example_dags/example_branch_datetime_operator.py
[2024-07-18T19:21:40.269+0200] {processor.py:840} INFO - DAG(s) 'example_branch_datetime_operator_3', 'example_branch_datetime_operator', 'example_branch_datetime_operator_2' retrieved from /home/richonlinux/Documents/GitHub/AirflowTuto/venv/lib/python3.10/site-packages/airflow/example_dags/example_branch_datetime_operator.py
[2024-07-18T19:21:40.283+0200] {logging_mixin.py:188} INFO - [2024-07-18T19:21:40.282+0200] {dag.py:3089} INFO - Sync 3 DAGs
[2024-07-18T19:21:40.295+0200] {logging_mixin.py:188} INFO - [2024-07-18T19:21:40.295+0200] {dag.py:3947} INFO - Setting next_dagrun for example_branch_datetime_operator to 2024-07-17 00:00:00+00:00, run_after=2024-07-18 00:00:00+00:00
[2024-07-18T19:21:40.298+0200] {logging_mixin.py:188} INFO - [2024-07-18T19:21:40.298+0200] {dag.py:3947} INFO - Setting next_dagrun for example_branch_datetime_operator_2 to 2024-07-17 00:00:00+00:00, run_after=2024-07-18 00:00:00+00:00
[2024-07-18T19:21:40.299+0200] {logging_mixin.py:188} INFO - [2024-07-18T19:21:40.299+0200] {dag.py:3947} INFO - Setting next_dagrun for example_branch_datetime_operator_3 to 2024-07-17 00:00:00+00:00, run_after=2024-07-18 00:00:00+00:00
[2024-07-18T19:21:40.311+0200] {processor.py:183} INFO - Processing /home/richonlinux/Documents/GitHub/AirflowTuto/venv/lib/python3.10/site-packages/airflow/example_dags/example_branch_datetime_operator.py took 0.052 seconds
[2024-07-18T19:22:36.260+0200] {processor.py:161} INFO - Started process (PID=300616) to work on /home/richonlinux/Documents/GitHub/AirflowTuto/venv/lib/python3.10/site-packages/airflow/example_dags/example_branch_datetime_operator.py
[2024-07-18T19:22:36.264+0200] {processor.py:830} INFO - Processing file /home/richonlinux/Documents/GitHub/AirflowTuto/venv/lib/python3.10/site-packages/airflow/example_dags/example_branch_datetime_operator.py for tasks to queue
[2024-07-18T19:22:36.266+0200] {logging_mixin.py:188} INFO - [2024-07-18T19:22:36.266+0200] {dagbag.py:545} INFO - Filling up the DagBag from /home/richonlinux/Documents/GitHub/AirflowTuto/venv/lib/python3.10/site-packages/airflow/example_dags/example_branch_datetime_operator.py
[2024-07-18T19:22:36.275+0200] {processor.py:840} INFO - DAG(s) 'example_branch_datetime_operator_3', 'example_branch_datetime_operator_2', 'example_branch_datetime_operator' retrieved from /home/richonlinux/Documents/GitHub/AirflowTuto/venv/lib/python3.10/site-packages/airflow/example_dags/example_branch_datetime_operator.py
[2024-07-18T19:22:36.287+0200] {logging_mixin.py:188} INFO - [2024-07-18T19:22:36.287+0200] {dag.py:3089} INFO - Sync 3 DAGs
[2024-07-18T19:22:36.297+0200] {logging_mixin.py:188} INFO - [2024-07-18T19:22:36.297+0200] {dag.py:3947} INFO - Setting next_dagrun for example_branch_datetime_operator to 2024-07-17 00:00:00+00:00, run_after=2024-07-18 00:00:00+00:00
[2024-07-18T19:22:36.299+0200] {logging_mixin.py:188} INFO - [2024-07-18T19:22:36.299+0200] {dag.py:3947} INFO - Setting next_dagrun for example_branch_datetime_operator_2 to 2024-07-17 00:00:00+00:00, run_after=2024-07-18 00:00:00+00:00
[2024-07-18T19:22:36.300+0200] {logging_mixin.py:188} INFO - [2024-07-18T19:22:36.300+0200] {dag.py:3947} INFO - Setting next_dagrun for example_branch_datetime_operator_3 to 2024-07-17 00:00:00+00:00, run_after=2024-07-18 00:00:00+00:00
[2024-07-18T19:22:36.313+0200] {processor.py:183} INFO - Processing /home/richonlinux/Documents/GitHub/AirflowTuto/venv/lib/python3.10/site-packages/airflow/example_dags/example_branch_datetime_operator.py took 0.062 seconds
