[2024-07-18T18:16:18.594+0200] {processor.py:161} INFO - Started process (PID=257947) to work on /home/richonlinux/Documents/GitHub/AirflowTuto/venv/lib/python3.10/site-packages/airflow/example_dags/example_nested_branch_dag.py
[2024-07-18T18:16:18.595+0200] {processor.py:830} INFO - Processing file /home/richonlinux/Documents/GitHub/AirflowTuto/venv/lib/python3.10/site-packages/airflow/example_dags/example_nested_branch_dag.py for tasks to queue
[2024-07-18T18:16:18.597+0200] {logging_mixin.py:188} INFO - [2024-07-18T18:16:18.597+0200] {dagbag.py:545} INFO - Filling up the DagBag from /home/richonlinux/Documents/GitHub/AirflowTuto/venv/lib/python3.10/site-packages/airflow/example_dags/example_nested_branch_dag.py
[2024-07-18T18:16:18.605+0200] {processor.py:840} INFO - DAG(s) 'example_nested_branch_dag' retrieved from /home/richonlinux/Documents/GitHub/AirflowTuto/venv/lib/python3.10/site-packages/airflow/example_dags/example_nested_branch_dag.py
[2024-07-18T18:16:18.658+0200] {logging_mixin.py:188} INFO - [2024-07-18T18:16:18.658+0200] {override.py:1858} INFO - Created Permission View: can edit on DAG:example_nested_branch_dag
[2024-07-18T18:16:18.666+0200] {logging_mixin.py:188} INFO - [2024-07-18T18:16:18.665+0200] {override.py:1858} INFO - Created Permission View: can read on DAG:example_nested_branch_dag
[2024-07-18T18:16:18.672+0200] {logging_mixin.py:188} INFO - [2024-07-18T18:16:18.671+0200] {override.py:1858} INFO - Created Permission View: can delete on DAG:example_nested_branch_dag
[2024-07-18T18:16:18.672+0200] {logging_mixin.py:188} INFO - [2024-07-18T18:16:18.672+0200] {dag.py:3089} INFO - Sync 1 DAGs
[2024-07-18T18:16:18.677+0200] {logging_mixin.py:188} INFO - [2024-07-18T18:16:18.677+0200] {dag.py:3111} INFO - Creating ORM DAG for example_nested_branch_dag
[2024-07-18T18:16:18.683+0200] {logging_mixin.py:188} INFO - [2024-07-18T18:16:18.682+0200] {dag.py:3947} INFO - Setting next_dagrun for example_nested_branch_dag to 2024-07-17 00:00:00+00:00, run_after=2024-07-18 00:00:00+00:00
[2024-07-18T18:16:18.695+0200] {processor.py:183} INFO - Processing /home/richonlinux/Documents/GitHub/AirflowTuto/venv/lib/python3.10/site-packages/airflow/example_dags/example_nested_branch_dag.py took 0.110 seconds
[2024-07-18T18:17:11.474+0200] {processor.py:161} INFO - Started process (PID=258823) to work on /home/richonlinux/Documents/GitHub/AirflowTuto/venv/lib/python3.10/site-packages/airflow/example_dags/example_nested_branch_dag.py
[2024-07-18T18:17:11.475+0200] {processor.py:830} INFO - Processing file /home/richonlinux/Documents/GitHub/AirflowTuto/venv/lib/python3.10/site-packages/airflow/example_dags/example_nested_branch_dag.py for tasks to queue
[2024-07-18T18:17:11.477+0200] {logging_mixin.py:188} INFO - [2024-07-18T18:17:11.476+0200] {dagbag.py:545} INFO - Filling up the DagBag from /home/richonlinux/Documents/GitHub/AirflowTuto/venv/lib/python3.10/site-packages/airflow/example_dags/example_nested_branch_dag.py
[2024-07-18T18:17:11.483+0200] {processor.py:840} INFO - DAG(s) 'example_nested_branch_dag' retrieved from /home/richonlinux/Documents/GitHub/AirflowTuto/venv/lib/python3.10/site-packages/airflow/example_dags/example_nested_branch_dag.py
[2024-07-18T18:17:11.492+0200] {logging_mixin.py:188} INFO - [2024-07-18T18:17:11.492+0200] {dag.py:3089} INFO - Sync 1 DAGs
[2024-07-18T18:17:11.503+0200] {logging_mixin.py:188} INFO - [2024-07-18T18:17:11.503+0200] {dag.py:3947} INFO - Setting next_dagrun for example_nested_branch_dag to 2024-07-17 00:00:00+00:00, run_after=2024-07-18 00:00:00+00:00
[2024-07-18T18:17:11.515+0200] {processor.py:183} INFO - Processing /home/richonlinux/Documents/GitHub/AirflowTuto/venv/lib/python3.10/site-packages/airflow/example_dags/example_nested_branch_dag.py took 0.048 seconds
[2024-07-18T18:43:59.741+0200] {processor.py:161} INFO - Started process (PID=259900) to work on /home/richonlinux/Documents/GitHub/AirflowTuto/venv/lib/python3.10/site-packages/airflow/example_dags/example_nested_branch_dag.py
[2024-07-18T18:43:59.746+0200] {processor.py:830} INFO - Processing file /home/richonlinux/Documents/GitHub/AirflowTuto/venv/lib/python3.10/site-packages/airflow/example_dags/example_nested_branch_dag.py for tasks to queue
[2024-07-18T18:43:59.748+0200] {logging_mixin.py:188} INFO - [2024-07-18T18:43:59.748+0200] {dagbag.py:545} INFO - Filling up the DagBag from /home/richonlinux/Documents/GitHub/AirflowTuto/venv/lib/python3.10/site-packages/airflow/example_dags/example_nested_branch_dag.py
[2024-07-18T18:43:59.757+0200] {processor.py:840} INFO - DAG(s) 'example_nested_branch_dag' retrieved from /home/richonlinux/Documents/GitHub/AirflowTuto/venv/lib/python3.10/site-packages/airflow/example_dags/example_nested_branch_dag.py
[2024-07-18T18:43:59.767+0200] {logging_mixin.py:188} INFO - [2024-07-18T18:43:59.767+0200] {dag.py:3089} INFO - Sync 1 DAGs
[2024-07-18T18:43:59.777+0200] {logging_mixin.py:188} INFO - [2024-07-18T18:43:59.777+0200] {dag.py:3947} INFO - Setting next_dagrun for example_nested_branch_dag to 2024-07-17 00:00:00+00:00, run_after=2024-07-18 00:00:00+00:00
[2024-07-18T18:43:59.789+0200] {processor.py:183} INFO - Processing /home/richonlinux/Documents/GitHub/AirflowTuto/venv/lib/python3.10/site-packages/airflow/example_dags/example_nested_branch_dag.py took 0.057 seconds
[2024-07-18T18:44:48.611+0200] {processor.py:161} INFO - Started process (PID=260945) to work on /home/richonlinux/Documents/GitHub/AirflowTuto/venv/lib/python3.10/site-packages/airflow/example_dags/example_nested_branch_dag.py
[2024-07-18T18:44:48.612+0200] {processor.py:830} INFO - Processing file /home/richonlinux/Documents/GitHub/AirflowTuto/venv/lib/python3.10/site-packages/airflow/example_dags/example_nested_branch_dag.py for tasks to queue
[2024-07-18T18:44:48.614+0200] {logging_mixin.py:188} INFO - [2024-07-18T18:44:48.613+0200] {dagbag.py:545} INFO - Filling up the DagBag from /home/richonlinux/Documents/GitHub/AirflowTuto/venv/lib/python3.10/site-packages/airflow/example_dags/example_nested_branch_dag.py
[2024-07-18T18:44:48.679+0200] {processor.py:840} INFO - DAG(s) 'example_nested_branch_dag' retrieved from /home/richonlinux/Documents/GitHub/AirflowTuto/venv/lib/python3.10/site-packages/airflow/example_dags/example_nested_branch_dag.py
[2024-07-18T18:44:48.686+0200] {logging_mixin.py:188} INFO - [2024-07-18T18:44:48.686+0200] {dag.py:3089} INFO - Sync 1 DAGs
[2024-07-18T18:44:48.695+0200] {logging_mixin.py:188} INFO - [2024-07-18T18:44:48.695+0200] {dag.py:3947} INFO - Setting next_dagrun for example_nested_branch_dag to 2024-07-17 00:00:00+00:00, run_after=2024-07-18 00:00:00+00:00
[2024-07-18T18:44:48.706+0200] {processor.py:183} INFO - Processing /home/richonlinux/Documents/GitHub/AirflowTuto/venv/lib/python3.10/site-packages/airflow/example_dags/example_nested_branch_dag.py took 0.102 seconds
[2024-07-18T18:45:32.101+0200] {processor.py:161} INFO - Started process (PID=261740) to work on /home/richonlinux/Documents/GitHub/AirflowTuto/venv/lib/python3.10/site-packages/airflow/example_dags/example_nested_branch_dag.py
[2024-07-18T18:45:32.102+0200] {processor.py:830} INFO - Processing file /home/richonlinux/Documents/GitHub/AirflowTuto/venv/lib/python3.10/site-packages/airflow/example_dags/example_nested_branch_dag.py for tasks to queue
[2024-07-18T18:45:32.103+0200] {logging_mixin.py:188} INFO - [2024-07-18T18:45:32.103+0200] {dagbag.py:545} INFO - Filling up the DagBag from /home/richonlinux/Documents/GitHub/AirflowTuto/venv/lib/python3.10/site-packages/airflow/example_dags/example_nested_branch_dag.py
[2024-07-18T18:45:32.111+0200] {processor.py:840} INFO - DAG(s) 'example_nested_branch_dag' retrieved from /home/richonlinux/Documents/GitHub/AirflowTuto/venv/lib/python3.10/site-packages/airflow/example_dags/example_nested_branch_dag.py
[2024-07-18T18:45:32.120+0200] {logging_mixin.py:188} INFO - [2024-07-18T18:45:32.120+0200] {dag.py:3089} INFO - Sync 1 DAGs
[2024-07-18T18:45:32.130+0200] {logging_mixin.py:188} INFO - [2024-07-18T18:45:32.130+0200] {dag.py:3947} INFO - Setting next_dagrun for example_nested_branch_dag to 2024-07-17 00:00:00+00:00, run_after=2024-07-18 00:00:00+00:00
[2024-07-18T18:45:32.143+0200] {processor.py:183} INFO - Processing /home/richonlinux/Documents/GitHub/AirflowTuto/venv/lib/python3.10/site-packages/airflow/example_dags/example_nested_branch_dag.py took 0.046 seconds
[2024-07-18T18:46:21.220+0200] {processor.py:161} INFO - Started process (PID=262865) to work on /home/richonlinux/Documents/GitHub/AirflowTuto/venv/lib/python3.10/site-packages/airflow/example_dags/example_nested_branch_dag.py
[2024-07-18T18:46:21.221+0200] {processor.py:830} INFO - Processing file /home/richonlinux/Documents/GitHub/AirflowTuto/venv/lib/python3.10/site-packages/airflow/example_dags/example_nested_branch_dag.py for tasks to queue
[2024-07-18T18:46:21.222+0200] {logging_mixin.py:188} INFO - [2024-07-18T18:46:21.221+0200] {dagbag.py:545} INFO - Filling up the DagBag from /home/richonlinux/Documents/GitHub/AirflowTuto/venv/lib/python3.10/site-packages/airflow/example_dags/example_nested_branch_dag.py
[2024-07-18T18:46:21.227+0200] {processor.py:840} INFO - DAG(s) 'example_nested_branch_dag' retrieved from /home/richonlinux/Documents/GitHub/AirflowTuto/venv/lib/python3.10/site-packages/airflow/example_dags/example_nested_branch_dag.py
[2024-07-18T18:46:21.236+0200] {logging_mixin.py:188} INFO - [2024-07-18T18:46:21.236+0200] {dag.py:3089} INFO - Sync 1 DAGs
[2024-07-18T18:46:21.247+0200] {logging_mixin.py:188} INFO - [2024-07-18T18:46:21.247+0200] {dag.py:3947} INFO - Setting next_dagrun for example_nested_branch_dag to 2024-07-17 00:00:00+00:00, run_after=2024-07-18 00:00:00+00:00
[2024-07-18T18:46:21.258+0200] {processor.py:183} INFO - Processing /home/richonlinux/Documents/GitHub/AirflowTuto/venv/lib/python3.10/site-packages/airflow/example_dags/example_nested_branch_dag.py took 0.042 seconds
[2024-07-18T18:49:32.253+0200] {processor.py:161} INFO - Started process (PID=266121) to work on /home/richonlinux/Documents/GitHub/AirflowTuto/venv/lib/python3.10/site-packages/airflow/example_dags/example_nested_branch_dag.py
[2024-07-18T18:49:32.257+0200] {processor.py:830} INFO - Processing file /home/richonlinux/Documents/GitHub/AirflowTuto/venv/lib/python3.10/site-packages/airflow/example_dags/example_nested_branch_dag.py for tasks to queue
[2024-07-18T18:49:32.259+0200] {logging_mixin.py:188} INFO - [2024-07-18T18:49:32.258+0200] {dagbag.py:545} INFO - Filling up the DagBag from /home/richonlinux/Documents/GitHub/AirflowTuto/venv/lib/python3.10/site-packages/airflow/example_dags/example_nested_branch_dag.py
[2024-07-18T18:49:32.268+0200] {processor.py:840} INFO - DAG(s) 'example_nested_branch_dag' retrieved from /home/richonlinux/Documents/GitHub/AirflowTuto/venv/lib/python3.10/site-packages/airflow/example_dags/example_nested_branch_dag.py
[2024-07-18T18:49:32.272+0200] {logging_mixin.py:188} INFO - [2024-07-18T18:49:32.272+0200] {dag.py:3089} INFO - Sync 1 DAGs
[2024-07-18T18:49:32.284+0200] {logging_mixin.py:188} INFO - [2024-07-18T18:49:32.284+0200] {dag.py:3947} INFO - Setting next_dagrun for example_nested_branch_dag to 2024-07-17 00:00:00+00:00, run_after=2024-07-18 00:00:00+00:00
[2024-07-18T18:49:32.298+0200] {processor.py:183} INFO - Processing /home/richonlinux/Documents/GitHub/AirflowTuto/venv/lib/python3.10/site-packages/airflow/example_dags/example_nested_branch_dag.py took 0.052 seconds
[2024-07-18T18:51:25.623+0200] {processor.py:161} INFO - Started process (PID=268377) to work on /home/richonlinux/Documents/GitHub/AirflowTuto/venv/lib/python3.10/site-packages/airflow/example_dags/example_nested_branch_dag.py
[2024-07-18T18:51:25.624+0200] {processor.py:830} INFO - Processing file /home/richonlinux/Documents/GitHub/AirflowTuto/venv/lib/python3.10/site-packages/airflow/example_dags/example_nested_branch_dag.py for tasks to queue
[2024-07-18T18:51:25.626+0200] {logging_mixin.py:188} INFO - [2024-07-18T18:51:25.625+0200] {dagbag.py:545} INFO - Filling up the DagBag from /home/richonlinux/Documents/GitHub/AirflowTuto/venv/lib/python3.10/site-packages/airflow/example_dags/example_nested_branch_dag.py
[2024-07-18T18:51:25.636+0200] {processor.py:840} INFO - DAG(s) 'example_nested_branch_dag' retrieved from /home/richonlinux/Documents/GitHub/AirflowTuto/venv/lib/python3.10/site-packages/airflow/example_dags/example_nested_branch_dag.py
[2024-07-18T18:51:25.640+0200] {logging_mixin.py:188} INFO - [2024-07-18T18:51:25.639+0200] {dag.py:3089} INFO - Sync 1 DAGs
[2024-07-18T18:51:25.649+0200] {logging_mixin.py:188} INFO - [2024-07-18T18:51:25.649+0200] {dag.py:3947} INFO - Setting next_dagrun for example_nested_branch_dag to 2024-07-17 00:00:00+00:00, run_after=2024-07-18 00:00:00+00:00
[2024-07-18T18:51:25.661+0200] {processor.py:183} INFO - Processing /home/richonlinux/Documents/GitHub/AirflowTuto/venv/lib/python3.10/site-packages/airflow/example_dags/example_nested_branch_dag.py took 0.041 seconds
[2024-07-18T18:52:14.808+0200] {processor.py:161} INFO - Started process (PID=269125) to work on /home/richonlinux/Documents/GitHub/AirflowTuto/venv/lib/python3.10/site-packages/airflow/example_dags/example_nested_branch_dag.py
[2024-07-18T18:52:14.812+0200] {processor.py:830} INFO - Processing file /home/richonlinux/Documents/GitHub/AirflowTuto/venv/lib/python3.10/site-packages/airflow/example_dags/example_nested_branch_dag.py for tasks to queue
[2024-07-18T18:52:14.812+0200] {logging_mixin.py:188} INFO - [2024-07-18T18:52:14.812+0200] {dagbag.py:545} INFO - Filling up the DagBag from /home/richonlinux/Documents/GitHub/AirflowTuto/venv/lib/python3.10/site-packages/airflow/example_dags/example_nested_branch_dag.py
[2024-07-18T18:52:14.818+0200] {processor.py:840} INFO - DAG(s) 'example_nested_branch_dag' retrieved from /home/richonlinux/Documents/GitHub/AirflowTuto/venv/lib/python3.10/site-packages/airflow/example_dags/example_nested_branch_dag.py
[2024-07-18T18:52:14.863+0200] {logging_mixin.py:188} INFO - [2024-07-18T18:52:14.863+0200] {dag.py:3089} INFO - Sync 1 DAGs
[2024-07-18T18:52:14.926+0200] {logging_mixin.py:188} INFO - [2024-07-18T18:52:14.926+0200] {dag.py:3947} INFO - Setting next_dagrun for example_nested_branch_dag to 2024-07-17 00:00:00+00:00, run_after=2024-07-18 00:00:00+00:00
[2024-07-18T18:52:14.938+0200] {processor.py:183} INFO - Processing /home/richonlinux/Documents/GitHub/AirflowTuto/venv/lib/python3.10/site-packages/airflow/example_dags/example_nested_branch_dag.py took 0.135 seconds
[2024-07-18T18:52:58.737+0200] {processor.py:161} INFO - Started process (PID=270301) to work on /home/richonlinux/Documents/GitHub/AirflowTuto/venv/lib/python3.10/site-packages/airflow/example_dags/example_nested_branch_dag.py
[2024-07-18T18:52:58.738+0200] {processor.py:830} INFO - Processing file /home/richonlinux/Documents/GitHub/AirflowTuto/venv/lib/python3.10/site-packages/airflow/example_dags/example_nested_branch_dag.py for tasks to queue
[2024-07-18T18:52:58.739+0200] {logging_mixin.py:188} INFO - [2024-07-18T18:52:58.739+0200] {dagbag.py:545} INFO - Filling up the DagBag from /home/richonlinux/Documents/GitHub/AirflowTuto/venv/lib/python3.10/site-packages/airflow/example_dags/example_nested_branch_dag.py
[2024-07-18T18:52:58.746+0200] {processor.py:840} INFO - DAG(s) 'example_nested_branch_dag' retrieved from /home/richonlinux/Documents/GitHub/AirflowTuto/venv/lib/python3.10/site-packages/airflow/example_dags/example_nested_branch_dag.py
[2024-07-18T18:52:58.757+0200] {logging_mixin.py:188} INFO - [2024-07-18T18:52:58.756+0200] {dag.py:3089} INFO - Sync 1 DAGs
[2024-07-18T18:52:58.770+0200] {logging_mixin.py:188} INFO - [2024-07-18T18:52:58.770+0200] {dag.py:3947} INFO - Setting next_dagrun for example_nested_branch_dag to 2024-07-17 00:00:00+00:00, run_after=2024-07-18 00:00:00+00:00
[2024-07-18T18:52:58.786+0200] {processor.py:183} INFO - Processing /home/richonlinux/Documents/GitHub/AirflowTuto/venv/lib/python3.10/site-packages/airflow/example_dags/example_nested_branch_dag.py took 0.054 seconds
[2024-07-18T18:53:44.277+0200] {processor.py:161} INFO - Started process (PID=271537) to work on /home/richonlinux/Documents/GitHub/AirflowTuto/venv/lib/python3.10/site-packages/airflow/example_dags/example_nested_branch_dag.py
[2024-07-18T18:53:44.278+0200] {processor.py:830} INFO - Processing file /home/richonlinux/Documents/GitHub/AirflowTuto/venv/lib/python3.10/site-packages/airflow/example_dags/example_nested_branch_dag.py for tasks to queue
[2024-07-18T18:53:44.279+0200] {logging_mixin.py:188} INFO - [2024-07-18T18:53:44.279+0200] {dagbag.py:545} INFO - Filling up the DagBag from /home/richonlinux/Documents/GitHub/AirflowTuto/venv/lib/python3.10/site-packages/airflow/example_dags/example_nested_branch_dag.py
[2024-07-18T18:53:44.285+0200] {processor.py:840} INFO - DAG(s) 'example_nested_branch_dag' retrieved from /home/richonlinux/Documents/GitHub/AirflowTuto/venv/lib/python3.10/site-packages/airflow/example_dags/example_nested_branch_dag.py
[2024-07-18T18:53:44.353+0200] {logging_mixin.py:188} INFO - [2024-07-18T18:53:44.353+0200] {dag.py:3089} INFO - Sync 1 DAGs
[2024-07-18T18:53:44.361+0200] {logging_mixin.py:188} INFO - [2024-07-18T18:53:44.361+0200] {dag.py:3947} INFO - Setting next_dagrun for example_nested_branch_dag to 2024-07-17 00:00:00+00:00, run_after=2024-07-18 00:00:00+00:00
[2024-07-18T18:53:44.372+0200] {processor.py:183} INFO - Processing /home/richonlinux/Documents/GitHub/AirflowTuto/venv/lib/python3.10/site-packages/airflow/example_dags/example_nested_branch_dag.py took 0.099 seconds
[2024-07-18T18:54:28.700+0200] {processor.py:161} INFO - Started process (PID=272270) to work on /home/richonlinux/Documents/GitHub/AirflowTuto/venv/lib/python3.10/site-packages/airflow/example_dags/example_nested_branch_dag.py
[2024-07-18T18:54:28.704+0200] {processor.py:830} INFO - Processing file /home/richonlinux/Documents/GitHub/AirflowTuto/venv/lib/python3.10/site-packages/airflow/example_dags/example_nested_branch_dag.py for tasks to queue
[2024-07-18T18:54:28.706+0200] {logging_mixin.py:188} INFO - [2024-07-18T18:54:28.706+0200] {dagbag.py:545} INFO - Filling up the DagBag from /home/richonlinux/Documents/GitHub/AirflowTuto/venv/lib/python3.10/site-packages/airflow/example_dags/example_nested_branch_dag.py
[2024-07-18T18:54:28.715+0200] {processor.py:840} INFO - DAG(s) 'example_nested_branch_dag' retrieved from /home/richonlinux/Documents/GitHub/AirflowTuto/venv/lib/python3.10/site-packages/airflow/example_dags/example_nested_branch_dag.py
[2024-07-18T18:54:28.723+0200] {logging_mixin.py:188} INFO - [2024-07-18T18:54:28.723+0200] {dag.py:3089} INFO - Sync 1 DAGs
[2024-07-18T18:54:28.734+0200] {logging_mixin.py:188} INFO - [2024-07-18T18:54:28.734+0200] {dag.py:3947} INFO - Setting next_dagrun for example_nested_branch_dag to 2024-07-17 00:00:00+00:00, run_after=2024-07-18 00:00:00+00:00
[2024-07-18T18:54:28.746+0200] {processor.py:183} INFO - Processing /home/richonlinux/Documents/GitHub/AirflowTuto/venv/lib/python3.10/site-packages/airflow/example_dags/example_nested_branch_dag.py took 0.053 seconds
[2024-07-18T18:55:10.443+0200] {processor.py:161} INFO - Started process (PID=272901) to work on /home/richonlinux/Documents/GitHub/AirflowTuto/venv/lib/python3.10/site-packages/airflow/example_dags/example_nested_branch_dag.py
[2024-07-18T18:55:10.444+0200] {processor.py:830} INFO - Processing file /home/richonlinux/Documents/GitHub/AirflowTuto/venv/lib/python3.10/site-packages/airflow/example_dags/example_nested_branch_dag.py for tasks to queue
[2024-07-18T18:55:10.445+0200] {logging_mixin.py:188} INFO - [2024-07-18T18:55:10.445+0200] {dagbag.py:545} INFO - Filling up the DagBag from /home/richonlinux/Documents/GitHub/AirflowTuto/venv/lib/python3.10/site-packages/airflow/example_dags/example_nested_branch_dag.py
[2024-07-18T18:55:10.453+0200] {processor.py:840} INFO - DAG(s) 'example_nested_branch_dag' retrieved from /home/richonlinux/Documents/GitHub/AirflowTuto/venv/lib/python3.10/site-packages/airflow/example_dags/example_nested_branch_dag.py
[2024-07-18T18:55:10.462+0200] {logging_mixin.py:188} INFO - [2024-07-18T18:55:10.461+0200] {dag.py:3089} INFO - Sync 1 DAGs
[2024-07-18T18:55:10.471+0200] {logging_mixin.py:188} INFO - [2024-07-18T18:55:10.471+0200] {dag.py:3947} INFO - Setting next_dagrun for example_nested_branch_dag to 2024-07-17 00:00:00+00:00, run_after=2024-07-18 00:00:00+00:00
[2024-07-18T18:55:10.485+0200] {processor.py:183} INFO - Processing /home/richonlinux/Documents/GitHub/AirflowTuto/venv/lib/python3.10/site-packages/airflow/example_dags/example_nested_branch_dag.py took 0.045 seconds
[2024-07-18T18:55:59.973+0200] {processor.py:161} INFO - Started process (PID=273722) to work on /home/richonlinux/Documents/GitHub/AirflowTuto/venv/lib/python3.10/site-packages/airflow/example_dags/example_nested_branch_dag.py
[2024-07-18T18:55:59.977+0200] {processor.py:830} INFO - Processing file /home/richonlinux/Documents/GitHub/AirflowTuto/venv/lib/python3.10/site-packages/airflow/example_dags/example_nested_branch_dag.py for tasks to queue
[2024-07-18T18:55:59.978+0200] {logging_mixin.py:188} INFO - [2024-07-18T18:55:59.978+0200] {dagbag.py:545} INFO - Filling up the DagBag from /home/richonlinux/Documents/GitHub/AirflowTuto/venv/lib/python3.10/site-packages/airflow/example_dags/example_nested_branch_dag.py
[2024-07-18T18:55:59.984+0200] {processor.py:840} INFO - DAG(s) 'example_nested_branch_dag' retrieved from /home/richonlinux/Documents/GitHub/AirflowTuto/venv/lib/python3.10/site-packages/airflow/example_dags/example_nested_branch_dag.py
[2024-07-18T18:55:59.993+0200] {logging_mixin.py:188} INFO - [2024-07-18T18:55:59.993+0200] {dag.py:3089} INFO - Sync 1 DAGs
[2024-07-18T18:56:00.003+0200] {logging_mixin.py:188} INFO - [2024-07-18T18:56:00.003+0200] {dag.py:3947} INFO - Setting next_dagrun for example_nested_branch_dag to 2024-07-17 00:00:00+00:00, run_after=2024-07-18 00:00:00+00:00
[2024-07-18T18:56:00.015+0200] {processor.py:183} INFO - Processing /home/richonlinux/Documents/GitHub/AirflowTuto/venv/lib/python3.10/site-packages/airflow/example_dags/example_nested_branch_dag.py took 0.045 seconds
[2024-07-18T18:56:39.435+0200] {processor.py:161} INFO - Started process (PID=274442) to work on /home/richonlinux/Documents/GitHub/AirflowTuto/venv/lib/python3.10/site-packages/airflow/example_dags/example_nested_branch_dag.py
[2024-07-18T18:56:39.436+0200] {processor.py:830} INFO - Processing file /home/richonlinux/Documents/GitHub/AirflowTuto/venv/lib/python3.10/site-packages/airflow/example_dags/example_nested_branch_dag.py for tasks to queue
[2024-07-18T18:56:39.438+0200] {logging_mixin.py:188} INFO - [2024-07-18T18:56:39.438+0200] {dagbag.py:545} INFO - Filling up the DagBag from /home/richonlinux/Documents/GitHub/AirflowTuto/venv/lib/python3.10/site-packages/airflow/example_dags/example_nested_branch_dag.py
[2024-07-18T18:56:39.445+0200] {processor.py:840} INFO - DAG(s) 'example_nested_branch_dag' retrieved from /home/richonlinux/Documents/GitHub/AirflowTuto/venv/lib/python3.10/site-packages/airflow/example_dags/example_nested_branch_dag.py
[2024-07-18T18:56:39.457+0200] {logging_mixin.py:188} INFO - [2024-07-18T18:56:39.457+0200] {dag.py:3089} INFO - Sync 1 DAGs
[2024-07-18T18:56:39.469+0200] {logging_mixin.py:188} INFO - [2024-07-18T18:56:39.469+0200] {dag.py:3947} INFO - Setting next_dagrun for example_nested_branch_dag to 2024-07-17 00:00:00+00:00, run_after=2024-07-18 00:00:00+00:00
[2024-07-18T18:56:39.483+0200] {processor.py:183} INFO - Processing /home/richonlinux/Documents/GitHub/AirflowTuto/venv/lib/python3.10/site-packages/airflow/example_dags/example_nested_branch_dag.py took 0.053 seconds
[2024-07-18T18:57:17.703+0200] {processor.py:161} INFO - Started process (PID=275117) to work on /home/richonlinux/Documents/GitHub/AirflowTuto/venv/lib/python3.10/site-packages/airflow/example_dags/example_nested_branch_dag.py
[2024-07-18T18:57:17.704+0200] {processor.py:830} INFO - Processing file /home/richonlinux/Documents/GitHub/AirflowTuto/venv/lib/python3.10/site-packages/airflow/example_dags/example_nested_branch_dag.py for tasks to queue
[2024-07-18T18:57:17.705+0200] {logging_mixin.py:188} INFO - [2024-07-18T18:57:17.705+0200] {dagbag.py:545} INFO - Filling up the DagBag from /home/richonlinux/Documents/GitHub/AirflowTuto/venv/lib/python3.10/site-packages/airflow/example_dags/example_nested_branch_dag.py
[2024-07-18T18:57:17.712+0200] {processor.py:840} INFO - DAG(s) 'example_nested_branch_dag' retrieved from /home/richonlinux/Documents/GitHub/AirflowTuto/venv/lib/python3.10/site-packages/airflow/example_dags/example_nested_branch_dag.py
[2024-07-18T18:57:17.722+0200] {logging_mixin.py:188} INFO - [2024-07-18T18:57:17.722+0200] {dag.py:3089} INFO - Sync 1 DAGs
[2024-07-18T18:57:17.736+0200] {logging_mixin.py:188} INFO - [2024-07-18T18:57:17.736+0200] {dag.py:3947} INFO - Setting next_dagrun for example_nested_branch_dag to 2024-07-17 00:00:00+00:00, run_after=2024-07-18 00:00:00+00:00
[2024-07-18T18:57:17.751+0200] {processor.py:183} INFO - Processing /home/richonlinux/Documents/GitHub/AirflowTuto/venv/lib/python3.10/site-packages/airflow/example_dags/example_nested_branch_dag.py took 0.052 seconds
[2024-07-18T18:57:57.866+0200] {processor.py:161} INFO - Started process (PID=275710) to work on /home/richonlinux/Documents/GitHub/AirflowTuto/venv/lib/python3.10/site-packages/airflow/example_dags/example_nested_branch_dag.py
[2024-07-18T18:57:57.868+0200] {processor.py:830} INFO - Processing file /home/richonlinux/Documents/GitHub/AirflowTuto/venv/lib/python3.10/site-packages/airflow/example_dags/example_nested_branch_dag.py for tasks to queue
[2024-07-18T18:57:57.869+0200] {logging_mixin.py:188} INFO - [2024-07-18T18:57:57.869+0200] {dagbag.py:545} INFO - Filling up the DagBag from /home/richonlinux/Documents/GitHub/AirflowTuto/venv/lib/python3.10/site-packages/airflow/example_dags/example_nested_branch_dag.py
[2024-07-18T18:57:57.876+0200] {processor.py:840} INFO - DAG(s) 'example_nested_branch_dag' retrieved from /home/richonlinux/Documents/GitHub/AirflowTuto/venv/lib/python3.10/site-packages/airflow/example_dags/example_nested_branch_dag.py
[2024-07-18T18:57:57.885+0200] {logging_mixin.py:188} INFO - [2024-07-18T18:57:57.885+0200] {dag.py:3089} INFO - Sync 1 DAGs
[2024-07-18T18:57:57.895+0200] {logging_mixin.py:188} INFO - [2024-07-18T18:57:57.895+0200] {dag.py:3947} INFO - Setting next_dagrun for example_nested_branch_dag to 2024-07-17 00:00:00+00:00, run_after=2024-07-18 00:00:00+00:00
[2024-07-18T18:57:57.907+0200] {processor.py:183} INFO - Processing /home/richonlinux/Documents/GitHub/AirflowTuto/venv/lib/python3.10/site-packages/airflow/example_dags/example_nested_branch_dag.py took 0.049 seconds
[2024-07-18T18:58:37.806+0200] {processor.py:161} INFO - Started process (PID=276344) to work on /home/richonlinux/Documents/GitHub/AirflowTuto/venv/lib/python3.10/site-packages/airflow/example_dags/example_nested_branch_dag.py
[2024-07-18T18:58:37.808+0200] {processor.py:830} INFO - Processing file /home/richonlinux/Documents/GitHub/AirflowTuto/venv/lib/python3.10/site-packages/airflow/example_dags/example_nested_branch_dag.py for tasks to queue
[2024-07-18T18:58:37.810+0200] {logging_mixin.py:188} INFO - [2024-07-18T18:58:37.809+0200] {dagbag.py:545} INFO - Filling up the DagBag from /home/richonlinux/Documents/GitHub/AirflowTuto/venv/lib/python3.10/site-packages/airflow/example_dags/example_nested_branch_dag.py
[2024-07-18T18:58:37.818+0200] {processor.py:840} INFO - DAG(s) 'example_nested_branch_dag' retrieved from /home/richonlinux/Documents/GitHub/AirflowTuto/venv/lib/python3.10/site-packages/airflow/example_dags/example_nested_branch_dag.py
[2024-07-18T18:58:37.831+0200] {logging_mixin.py:188} INFO - [2024-07-18T18:58:37.830+0200] {dag.py:3089} INFO - Sync 1 DAGs
[2024-07-18T18:58:37.844+0200] {logging_mixin.py:188} INFO - [2024-07-18T18:58:37.844+0200] {dag.py:3947} INFO - Setting next_dagrun for example_nested_branch_dag to 2024-07-17 00:00:00+00:00, run_after=2024-07-18 00:00:00+00:00
[2024-07-18T18:58:37.858+0200] {processor.py:183} INFO - Processing /home/richonlinux/Documents/GitHub/AirflowTuto/venv/lib/python3.10/site-packages/airflow/example_dags/example_nested_branch_dag.py took 0.056 seconds
[2024-07-18T18:59:18.600+0200] {processor.py:161} INFO - Started process (PID=277140) to work on /home/richonlinux/Documents/GitHub/AirflowTuto/venv/lib/python3.10/site-packages/airflow/example_dags/example_nested_branch_dag.py
[2024-07-18T18:59:18.602+0200] {processor.py:830} INFO - Processing file /home/richonlinux/Documents/GitHub/AirflowTuto/venv/lib/python3.10/site-packages/airflow/example_dags/example_nested_branch_dag.py for tasks to queue
[2024-07-18T18:59:18.603+0200] {logging_mixin.py:188} INFO - [2024-07-18T18:59:18.603+0200] {dagbag.py:545} INFO - Filling up the DagBag from /home/richonlinux/Documents/GitHub/AirflowTuto/venv/lib/python3.10/site-packages/airflow/example_dags/example_nested_branch_dag.py
[2024-07-18T18:59:18.612+0200] {processor.py:840} INFO - DAG(s) 'example_nested_branch_dag' retrieved from /home/richonlinux/Documents/GitHub/AirflowTuto/venv/lib/python3.10/site-packages/airflow/example_dags/example_nested_branch_dag.py
[2024-07-18T18:59:18.621+0200] {logging_mixin.py:188} INFO - [2024-07-18T18:59:18.621+0200] {dag.py:3089} INFO - Sync 1 DAGs
[2024-07-18T18:59:18.632+0200] {logging_mixin.py:188} INFO - [2024-07-18T18:59:18.632+0200] {dag.py:3947} INFO - Setting next_dagrun for example_nested_branch_dag to 2024-07-17 00:00:00+00:00, run_after=2024-07-18 00:00:00+00:00
[2024-07-18T18:59:18.645+0200] {processor.py:183} INFO - Processing /home/richonlinux/Documents/GitHub/AirflowTuto/venv/lib/python3.10/site-packages/airflow/example_dags/example_nested_branch_dag.py took 0.049 seconds
