[2024-07-18T18:16:16.202+0200] {processor.py:161} INFO - Started process (PID=257916) to work on /home/richonlinux/Documents/GitHub/AirflowTuto/venv/lib/python3.10/site-packages/airflow/example_dags/example_latest_only_with_trigger.py
[2024-07-18T18:16:16.203+0200] {processor.py:830} INFO - Processing file /home/richonlinux/Documents/GitHub/AirflowTuto/venv/lib/python3.10/site-packages/airflow/example_dags/example_latest_only_with_trigger.py for tasks to queue
[2024-07-18T18:16:16.204+0200] {logging_mixin.py:188} INFO - [2024-07-18T18:16:16.204+0200] {dagbag.py:545} INFO - Filling up the DagBag from /home/richonlinux/Documents/GitHub/AirflowTuto/venv/lib/python3.10/site-packages/airflow/example_dags/example_latest_only_with_trigger.py
[2024-07-18T18:16:16.208+0200] {processor.py:840} INFO - DAG(s) 'latest_only_with_trigger' retrieved from /home/richonlinux/Documents/GitHub/AirflowTuto/venv/lib/python3.10/site-packages/airflow/example_dags/example_latest_only_with_trigger.py
[2024-07-18T18:16:16.262+0200] {logging_mixin.py:188} INFO - [2024-07-18T18:16:16.262+0200] {override.py:1858} INFO - Created Permission View: can edit on DAG:latest_only_with_trigger
[2024-07-18T18:16:16.270+0200] {logging_mixin.py:188} INFO - [2024-07-18T18:16:16.270+0200] {override.py:1858} INFO - Created Permission View: can read on DAG:latest_only_with_trigger
[2024-07-18T18:16:16.276+0200] {logging_mixin.py:188} INFO - [2024-07-18T18:16:16.276+0200] {override.py:1858} INFO - Created Permission View: can delete on DAG:latest_only_with_trigger
[2024-07-18T18:16:16.276+0200] {logging_mixin.py:188} INFO - [2024-07-18T18:16:16.276+0200] {dag.py:3089} INFO - Sync 1 DAGs
[2024-07-18T18:16:16.282+0200] {logging_mixin.py:188} INFO - [2024-07-18T18:16:16.282+0200] {dag.py:3111} INFO - Creating ORM DAG for latest_only_with_trigger
[2024-07-18T18:16:16.288+0200] {logging_mixin.py:188} INFO - [2024-07-18T18:16:16.288+0200] {dag.py:3947} INFO - Setting next_dagrun for latest_only_with_trigger to 2024-07-18 12:00:00+00:00, run_after=2024-07-18 16:00:00+00:00
[2024-07-18T18:16:16.301+0200] {processor.py:183} INFO - Processing /home/richonlinux/Documents/GitHub/AirflowTuto/venv/lib/python3.10/site-packages/airflow/example_dags/example_latest_only_with_trigger.py took 0.103 seconds
[2024-07-18T18:17:09.190+0200] {processor.py:161} INFO - Started process (PID=258791) to work on /home/richonlinux/Documents/GitHub/AirflowTuto/venv/lib/python3.10/site-packages/airflow/example_dags/example_latest_only_with_trigger.py
[2024-07-18T18:17:09.194+0200] {processor.py:830} INFO - Processing file /home/richonlinux/Documents/GitHub/AirflowTuto/venv/lib/python3.10/site-packages/airflow/example_dags/example_latest_only_with_trigger.py for tasks to queue
[2024-07-18T18:17:09.195+0200] {logging_mixin.py:188} INFO - [2024-07-18T18:17:09.195+0200] {dagbag.py:545} INFO - Filling up the DagBag from /home/richonlinux/Documents/GitHub/AirflowTuto/venv/lib/python3.10/site-packages/airflow/example_dags/example_latest_only_with_trigger.py
[2024-07-18T18:17:09.198+0200] {processor.py:840} INFO - DAG(s) 'latest_only_with_trigger' retrieved from /home/richonlinux/Documents/GitHub/AirflowTuto/venv/lib/python3.10/site-packages/airflow/example_dags/example_latest_only_with_trigger.py
[2024-07-18T18:17:09.207+0200] {logging_mixin.py:188} INFO - [2024-07-18T18:17:09.207+0200] {dag.py:3089} INFO - Sync 1 DAGs
[2024-07-18T18:17:09.219+0200] {logging_mixin.py:188} INFO - [2024-07-18T18:17:09.218+0200] {dag.py:3947} INFO - Setting next_dagrun for latest_only_with_trigger to 2024-07-18 12:00:00+00:00, run_after=2024-07-18 16:00:00+00:00
[2024-07-18T18:17:09.232+0200] {processor.py:183} INFO - Processing /home/richonlinux/Documents/GitHub/AirflowTuto/venv/lib/python3.10/site-packages/airflow/example_dags/example_latest_only_with_trigger.py took 0.046 seconds
[2024-07-18T18:43:58.422+0200] {processor.py:161} INFO - Started process (PID=259892) to work on /home/richonlinux/Documents/GitHub/AirflowTuto/venv/lib/python3.10/site-packages/airflow/example_dags/example_latest_only_with_trigger.py
[2024-07-18T18:43:58.424+0200] {processor.py:830} INFO - Processing file /home/richonlinux/Documents/GitHub/AirflowTuto/venv/lib/python3.10/site-packages/airflow/example_dags/example_latest_only_with_trigger.py for tasks to queue
[2024-07-18T18:43:58.425+0200] {logging_mixin.py:188} INFO - [2024-07-18T18:43:58.425+0200] {dagbag.py:545} INFO - Filling up the DagBag from /home/richonlinux/Documents/GitHub/AirflowTuto/venv/lib/python3.10/site-packages/airflow/example_dags/example_latest_only_with_trigger.py
[2024-07-18T18:43:58.430+0200] {processor.py:840} INFO - DAG(s) 'latest_only_with_trigger' retrieved from /home/richonlinux/Documents/GitHub/AirflowTuto/venv/lib/python3.10/site-packages/airflow/example_dags/example_latest_only_with_trigger.py
[2024-07-18T18:43:58.439+0200] {logging_mixin.py:188} INFO - [2024-07-18T18:43:58.439+0200] {dag.py:3089} INFO - Sync 1 DAGs
[2024-07-18T18:43:58.448+0200] {logging_mixin.py:188} INFO - [2024-07-18T18:43:58.448+0200] {dag.py:3947} INFO - Setting next_dagrun for latest_only_with_trigger to 2024-07-18 12:00:00+00:00, run_after=2024-07-18 16:00:00+00:00
[2024-07-18T18:43:58.460+0200] {processor.py:183} INFO - Processing /home/richonlinux/Documents/GitHub/AirflowTuto/venv/lib/python3.10/site-packages/airflow/example_dags/example_latest_only_with_trigger.py took 0.043 seconds
[2024-07-18T18:44:46.243+0200] {processor.py:161} INFO - Started process (PID=260914) to work on /home/richonlinux/Documents/GitHub/AirflowTuto/venv/lib/python3.10/site-packages/airflow/example_dags/example_latest_only_with_trigger.py
[2024-07-18T18:44:46.245+0200] {processor.py:830} INFO - Processing file /home/richonlinux/Documents/GitHub/AirflowTuto/venv/lib/python3.10/site-packages/airflow/example_dags/example_latest_only_with_trigger.py for tasks to queue
[2024-07-18T18:44:46.246+0200] {logging_mixin.py:188} INFO - [2024-07-18T18:44:46.246+0200] {dagbag.py:545} INFO - Filling up the DagBag from /home/richonlinux/Documents/GitHub/AirflowTuto/venv/lib/python3.10/site-packages/airflow/example_dags/example_latest_only_with_trigger.py
[2024-07-18T18:44:46.310+0200] {processor.py:840} INFO - DAG(s) 'latest_only_with_trigger' retrieved from /home/richonlinux/Documents/GitHub/AirflowTuto/venv/lib/python3.10/site-packages/airflow/example_dags/example_latest_only_with_trigger.py
[2024-07-18T18:44:46.317+0200] {logging_mixin.py:188} INFO - [2024-07-18T18:44:46.316+0200] {dag.py:3089} INFO - Sync 1 DAGs
[2024-07-18T18:44:46.325+0200] {logging_mixin.py:188} INFO - [2024-07-18T18:44:46.325+0200] {dag.py:3947} INFO - Setting next_dagrun for latest_only_with_trigger to 2024-07-18 12:00:00+00:00, run_after=2024-07-18 16:00:00+00:00
[2024-07-18T18:44:46.337+0200] {processor.py:183} INFO - Processing /home/richonlinux/Documents/GitHub/AirflowTuto/venv/lib/python3.10/site-packages/airflow/example_dags/example_latest_only_with_trigger.py took 0.103 seconds
[2024-07-18T18:45:29.834+0200] {processor.py:161} INFO - Started process (PID=261710) to work on /home/richonlinux/Documents/GitHub/AirflowTuto/venv/lib/python3.10/site-packages/airflow/example_dags/example_latest_only_with_trigger.py
[2024-07-18T18:45:29.836+0200] {processor.py:830} INFO - Processing file /home/richonlinux/Documents/GitHub/AirflowTuto/venv/lib/python3.10/site-packages/airflow/example_dags/example_latest_only_with_trigger.py for tasks to queue
[2024-07-18T18:45:29.838+0200] {logging_mixin.py:188} INFO - [2024-07-18T18:45:29.837+0200] {dagbag.py:545} INFO - Filling up the DagBag from /home/richonlinux/Documents/GitHub/AirflowTuto/venv/lib/python3.10/site-packages/airflow/example_dags/example_latest_only_with_trigger.py
[2024-07-18T18:45:29.843+0200] {processor.py:840} INFO - DAG(s) 'latest_only_with_trigger' retrieved from /home/richonlinux/Documents/GitHub/AirflowTuto/venv/lib/python3.10/site-packages/airflow/example_dags/example_latest_only_with_trigger.py
[2024-07-18T18:45:29.852+0200] {logging_mixin.py:188} INFO - [2024-07-18T18:45:29.852+0200] {dag.py:3089} INFO - Sync 1 DAGs
[2024-07-18T18:45:29.861+0200] {logging_mixin.py:188} INFO - [2024-07-18T18:45:29.861+0200] {dag.py:3947} INFO - Setting next_dagrun for latest_only_with_trigger to 2024-07-18 12:00:00+00:00, run_after=2024-07-18 16:00:00+00:00
[2024-07-18T18:45:29.873+0200] {processor.py:183} INFO - Processing /home/richonlinux/Documents/GitHub/AirflowTuto/venv/lib/python3.10/site-packages/airflow/example_dags/example_latest_only_with_trigger.py took 0.047 seconds
[2024-07-18T18:46:18.941+0200] {processor.py:161} INFO - Started process (PID=262836) to work on /home/richonlinux/Documents/GitHub/AirflowTuto/venv/lib/python3.10/site-packages/airflow/example_dags/example_latest_only_with_trigger.py
[2024-07-18T18:46:18.942+0200] {processor.py:830} INFO - Processing file /home/richonlinux/Documents/GitHub/AirflowTuto/venv/lib/python3.10/site-packages/airflow/example_dags/example_latest_only_with_trigger.py for tasks to queue
[2024-07-18T18:46:18.943+0200] {logging_mixin.py:188} INFO - [2024-07-18T18:46:18.943+0200] {dagbag.py:545} INFO - Filling up the DagBag from /home/richonlinux/Documents/GitHub/AirflowTuto/venv/lib/python3.10/site-packages/airflow/example_dags/example_latest_only_with_trigger.py
[2024-07-18T18:46:18.946+0200] {processor.py:840} INFO - DAG(s) 'latest_only_with_trigger' retrieved from /home/richonlinux/Documents/GitHub/AirflowTuto/venv/lib/python3.10/site-packages/airflow/example_dags/example_latest_only_with_trigger.py
[2024-07-18T18:46:18.956+0200] {logging_mixin.py:188} INFO - [2024-07-18T18:46:18.955+0200] {dag.py:3089} INFO - Sync 1 DAGs
[2024-07-18T18:46:18.967+0200] {logging_mixin.py:188} INFO - [2024-07-18T18:46:18.967+0200] {dag.py:3947} INFO - Setting next_dagrun for latest_only_with_trigger to 2024-07-18 12:00:00+00:00, run_after=2024-07-18 16:00:00+00:00
[2024-07-18T18:46:18.981+0200] {processor.py:183} INFO - Processing /home/richonlinux/Documents/GitHub/AirflowTuto/venv/lib/python3.10/site-packages/airflow/example_dags/example_latest_only_with_trigger.py took 0.043 seconds
[2024-07-18T18:49:30.956+0200] {processor.py:161} INFO - Started process (PID=266116) to work on /home/richonlinux/Documents/GitHub/AirflowTuto/venv/lib/python3.10/site-packages/airflow/example_dags/example_latest_only_with_trigger.py
[2024-07-18T18:49:30.957+0200] {processor.py:830} INFO - Processing file /home/richonlinux/Documents/GitHub/AirflowTuto/venv/lib/python3.10/site-packages/airflow/example_dags/example_latest_only_with_trigger.py for tasks to queue
[2024-07-18T18:49:30.959+0200] {logging_mixin.py:188} INFO - [2024-07-18T18:49:30.958+0200] {dagbag.py:545} INFO - Filling up the DagBag from /home/richonlinux/Documents/GitHub/AirflowTuto/venv/lib/python3.10/site-packages/airflow/example_dags/example_latest_only_with_trigger.py
[2024-07-18T18:49:30.965+0200] {processor.py:840} INFO - DAG(s) 'latest_only_with_trigger' retrieved from /home/richonlinux/Documents/GitHub/AirflowTuto/venv/lib/python3.10/site-packages/airflow/example_dags/example_latest_only_with_trigger.py
[2024-07-18T18:49:30.969+0200] {logging_mixin.py:188} INFO - [2024-07-18T18:49:30.969+0200] {dag.py:3089} INFO - Sync 1 DAGs
[2024-07-18T18:49:30.979+0200] {logging_mixin.py:188} INFO - [2024-07-18T18:49:30.979+0200] {dag.py:3947} INFO - Setting next_dagrun for latest_only_with_trigger to 2024-07-18 12:00:00+00:00, run_after=2024-07-18 16:00:00+00:00
[2024-07-18T18:49:30.991+0200] {processor.py:183} INFO - Processing /home/richonlinux/Documents/GitHub/AirflowTuto/venv/lib/python3.10/site-packages/airflow/example_dags/example_latest_only_with_trigger.py took 0.044 seconds
[2024-07-18T18:51:24.315+0200] {processor.py:161} INFO - Started process (PID=268351) to work on /home/richonlinux/Documents/GitHub/AirflowTuto/venv/lib/python3.10/site-packages/airflow/example_dags/example_latest_only_with_trigger.py
[2024-07-18T18:51:24.319+0200] {processor.py:830} INFO - Processing file /home/richonlinux/Documents/GitHub/AirflowTuto/venv/lib/python3.10/site-packages/airflow/example_dags/example_latest_only_with_trigger.py for tasks to queue
[2024-07-18T18:51:24.321+0200] {logging_mixin.py:188} INFO - [2024-07-18T18:51:24.320+0200] {dagbag.py:545} INFO - Filling up the DagBag from /home/richonlinux/Documents/GitHub/AirflowTuto/venv/lib/python3.10/site-packages/airflow/example_dags/example_latest_only_with_trigger.py
[2024-07-18T18:51:24.327+0200] {processor.py:840} INFO - DAG(s) 'latest_only_with_trigger' retrieved from /home/richonlinux/Documents/GitHub/AirflowTuto/venv/lib/python3.10/site-packages/airflow/example_dags/example_latest_only_with_trigger.py
[2024-07-18T18:51:24.331+0200] {logging_mixin.py:188} INFO - [2024-07-18T18:51:24.331+0200] {dag.py:3089} INFO - Sync 1 DAGs
[2024-07-18T18:51:24.341+0200] {logging_mixin.py:188} INFO - [2024-07-18T18:51:24.341+0200] {dag.py:3947} INFO - Setting next_dagrun for latest_only_with_trigger to 2024-07-18 12:00:00+00:00, run_after=2024-07-18 16:00:00+00:00
[2024-07-18T18:51:24.353+0200] {processor.py:183} INFO - Processing /home/richonlinux/Documents/GitHub/AirflowTuto/venv/lib/python3.10/site-packages/airflow/example_dags/example_latest_only_with_trigger.py took 0.047 seconds
[2024-07-18T18:52:13.487+0200] {processor.py:161} INFO - Started process (PID=269098) to work on /home/richonlinux/Documents/GitHub/AirflowTuto/venv/lib/python3.10/site-packages/airflow/example_dags/example_latest_only_with_trigger.py
[2024-07-18T18:52:13.488+0200] {processor.py:830} INFO - Processing file /home/richonlinux/Documents/GitHub/AirflowTuto/venv/lib/python3.10/site-packages/airflow/example_dags/example_latest_only_with_trigger.py for tasks to queue
[2024-07-18T18:52:13.490+0200] {logging_mixin.py:188} INFO - [2024-07-18T18:52:13.489+0200] {dagbag.py:545} INFO - Filling up the DagBag from /home/richonlinux/Documents/GitHub/AirflowTuto/venv/lib/python3.10/site-packages/airflow/example_dags/example_latest_only_with_trigger.py
[2024-07-18T18:52:13.494+0200] {processor.py:840} INFO - DAG(s) 'latest_only_with_trigger' retrieved from /home/richonlinux/Documents/GitHub/AirflowTuto/venv/lib/python3.10/site-packages/airflow/example_dags/example_latest_only_with_trigger.py
[2024-07-18T18:52:13.540+0200] {logging_mixin.py:188} INFO - [2024-07-18T18:52:13.540+0200] {dag.py:3089} INFO - Sync 1 DAGs
[2024-07-18T18:52:13.603+0200] {logging_mixin.py:188} INFO - [2024-07-18T18:52:13.603+0200] {dag.py:3947} INFO - Setting next_dagrun for latest_only_with_trigger to 2024-07-18 12:00:00+00:00, run_after=2024-07-18 16:00:00+00:00
[2024-07-18T18:52:13.615+0200] {processor.py:183} INFO - Processing /home/richonlinux/Documents/GitHub/AirflowTuto/venv/lib/python3.10/site-packages/airflow/example_dags/example_latest_only_with_trigger.py took 0.134 seconds
[2024-07-18T18:52:56.940+0200] {processor.py:161} INFO - Started process (PID=270270) to work on /home/richonlinux/Documents/GitHub/AirflowTuto/venv/lib/python3.10/site-packages/airflow/example_dags/example_latest_only_with_trigger.py
[2024-07-18T18:52:56.944+0200] {processor.py:830} INFO - Processing file /home/richonlinux/Documents/GitHub/AirflowTuto/venv/lib/python3.10/site-packages/airflow/example_dags/example_latest_only_with_trigger.py for tasks to queue
[2024-07-18T18:52:56.945+0200] {logging_mixin.py:188} INFO - [2024-07-18T18:52:56.945+0200] {dagbag.py:545} INFO - Filling up the DagBag from /home/richonlinux/Documents/GitHub/AirflowTuto/venv/lib/python3.10/site-packages/airflow/example_dags/example_latest_only_with_trigger.py
[2024-07-18T18:52:56.949+0200] {processor.py:840} INFO - DAG(s) 'latest_only_with_trigger' retrieved from /home/richonlinux/Documents/GitHub/AirflowTuto/venv/lib/python3.10/site-packages/airflow/example_dags/example_latest_only_with_trigger.py
[2024-07-18T18:52:56.959+0200] {logging_mixin.py:188} INFO - [2024-07-18T18:52:56.959+0200] {dag.py:3089} INFO - Sync 1 DAGs
[2024-07-18T18:52:56.970+0200] {logging_mixin.py:188} INFO - [2024-07-18T18:52:56.970+0200] {dag.py:3947} INFO - Setting next_dagrun for latest_only_with_trigger to 2024-07-18 12:00:00+00:00, run_after=2024-07-18 16:00:00+00:00
[2024-07-18T18:52:56.985+0200] {processor.py:183} INFO - Processing /home/richonlinux/Documents/GitHub/AirflowTuto/venv/lib/python3.10/site-packages/airflow/example_dags/example_latest_only_with_trigger.py took 0.048 seconds
[2024-07-18T18:53:42.556+0200] {processor.py:161} INFO - Started process (PID=271507) to work on /home/richonlinux/Documents/GitHub/AirflowTuto/venv/lib/python3.10/site-packages/airflow/example_dags/example_latest_only_with_trigger.py
[2024-07-18T18:53:42.557+0200] {processor.py:830} INFO - Processing file /home/richonlinux/Documents/GitHub/AirflowTuto/venv/lib/python3.10/site-packages/airflow/example_dags/example_latest_only_with_trigger.py for tasks to queue
[2024-07-18T18:53:42.560+0200] {logging_mixin.py:188} INFO - [2024-07-18T18:53:42.559+0200] {dagbag.py:545} INFO - Filling up the DagBag from /home/richonlinux/Documents/GitHub/AirflowTuto/venv/lib/python3.10/site-packages/airflow/example_dags/example_latest_only_with_trigger.py
[2024-07-18T18:53:42.564+0200] {processor.py:840} INFO - DAG(s) 'latest_only_with_trigger' retrieved from /home/richonlinux/Documents/GitHub/AirflowTuto/venv/lib/python3.10/site-packages/airflow/example_dags/example_latest_only_with_trigger.py
[2024-07-18T18:53:42.631+0200] {logging_mixin.py:188} INFO - [2024-07-18T18:53:42.631+0200] {dag.py:3089} INFO - Sync 1 DAGs
[2024-07-18T18:53:42.639+0200] {logging_mixin.py:188} INFO - [2024-07-18T18:53:42.639+0200] {dag.py:3947} INFO - Setting next_dagrun for latest_only_with_trigger to 2024-07-18 12:00:00+00:00, run_after=2024-07-18 16:00:00+00:00
[2024-07-18T18:53:42.650+0200] {processor.py:183} INFO - Processing /home/richonlinux/Documents/GitHub/AirflowTuto/venv/lib/python3.10/site-packages/airflow/example_dags/example_latest_only_with_trigger.py took 0.105 seconds
[2024-07-18T18:54:26.874+0200] {processor.py:161} INFO - Started process (PID=272243) to work on /home/richonlinux/Documents/GitHub/AirflowTuto/venv/lib/python3.10/site-packages/airflow/example_dags/example_latest_only_with_trigger.py
[2024-07-18T18:54:26.876+0200] {processor.py:830} INFO - Processing file /home/richonlinux/Documents/GitHub/AirflowTuto/venv/lib/python3.10/site-packages/airflow/example_dags/example_latest_only_with_trigger.py for tasks to queue
[2024-07-18T18:54:26.877+0200] {logging_mixin.py:188} INFO - [2024-07-18T18:54:26.877+0200] {dagbag.py:545} INFO - Filling up the DagBag from /home/richonlinux/Documents/GitHub/AirflowTuto/venv/lib/python3.10/site-packages/airflow/example_dags/example_latest_only_with_trigger.py
[2024-07-18T18:54:26.883+0200] {processor.py:840} INFO - DAG(s) 'latest_only_with_trigger' retrieved from /home/richonlinux/Documents/GitHub/AirflowTuto/venv/lib/python3.10/site-packages/airflow/example_dags/example_latest_only_with_trigger.py
[2024-07-18T18:54:26.894+0200] {logging_mixin.py:188} INFO - [2024-07-18T18:54:26.894+0200] {dag.py:3089} INFO - Sync 1 DAGs
[2024-07-18T18:54:26.904+0200] {logging_mixin.py:188} INFO - [2024-07-18T18:54:26.904+0200] {dag.py:3947} INFO - Setting next_dagrun for latest_only_with_trigger to 2024-07-18 12:00:00+00:00, run_after=2024-07-18 16:00:00+00:00
[2024-07-18T18:54:26.916+0200] {processor.py:183} INFO - Processing /home/richonlinux/Documents/GitHub/AirflowTuto/venv/lib/python3.10/site-packages/airflow/example_dags/example_latest_only_with_trigger.py took 0.050 seconds
[2024-07-18T18:55:08.155+0200] {processor.py:161} INFO - Started process (PID=272872) to work on /home/richonlinux/Documents/GitHub/AirflowTuto/venv/lib/python3.10/site-packages/airflow/example_dags/example_latest_only_with_trigger.py
[2024-07-18T18:55:08.160+0200] {processor.py:830} INFO - Processing file /home/richonlinux/Documents/GitHub/AirflowTuto/venv/lib/python3.10/site-packages/airflow/example_dags/example_latest_only_with_trigger.py for tasks to queue
[2024-07-18T18:55:08.162+0200] {logging_mixin.py:188} INFO - [2024-07-18T18:55:08.161+0200] {dagbag.py:545} INFO - Filling up the DagBag from /home/richonlinux/Documents/GitHub/AirflowTuto/venv/lib/python3.10/site-packages/airflow/example_dags/example_latest_only_with_trigger.py
[2024-07-18T18:55:08.167+0200] {processor.py:840} INFO - DAG(s) 'latest_only_with_trigger' retrieved from /home/richonlinux/Documents/GitHub/AirflowTuto/venv/lib/python3.10/site-packages/airflow/example_dags/example_latest_only_with_trigger.py
[2024-07-18T18:55:08.176+0200] {logging_mixin.py:188} INFO - [2024-07-18T18:55:08.176+0200] {dag.py:3089} INFO - Sync 1 DAGs
[2024-07-18T18:55:08.185+0200] {logging_mixin.py:188} INFO - [2024-07-18T18:55:08.185+0200] {dag.py:3947} INFO - Setting next_dagrun for latest_only_with_trigger to 2024-07-18 12:00:00+00:00, run_after=2024-07-18 16:00:00+00:00
[2024-07-18T18:55:08.199+0200] {processor.py:183} INFO - Processing /home/richonlinux/Documents/GitHub/AirflowTuto/venv/lib/python3.10/site-packages/airflow/example_dags/example_latest_only_with_trigger.py took 0.053 seconds
[2024-07-18T18:55:58.369+0200] {processor.py:161} INFO - Started process (PID=273689) to work on /home/richonlinux/Documents/GitHub/AirflowTuto/venv/lib/python3.10/site-packages/airflow/example_dags/example_latest_only_with_trigger.py
[2024-07-18T18:55:58.369+0200] {processor.py:830} INFO - Processing file /home/richonlinux/Documents/GitHub/AirflowTuto/venv/lib/python3.10/site-packages/airflow/example_dags/example_latest_only_with_trigger.py for tasks to queue
[2024-07-18T18:55:58.371+0200] {logging_mixin.py:188} INFO - [2024-07-18T18:55:58.370+0200] {dagbag.py:545} INFO - Filling up the DagBag from /home/richonlinux/Documents/GitHub/AirflowTuto/venv/lib/python3.10/site-packages/airflow/example_dags/example_latest_only_with_trigger.py
[2024-07-18T18:55:58.374+0200] {processor.py:840} INFO - DAG(s) 'latest_only_with_trigger' retrieved from /home/richonlinux/Documents/GitHub/AirflowTuto/venv/lib/python3.10/site-packages/airflow/example_dags/example_latest_only_with_trigger.py
[2024-07-18T18:55:58.384+0200] {logging_mixin.py:188} INFO - [2024-07-18T18:55:58.384+0200] {dag.py:3089} INFO - Sync 1 DAGs
[2024-07-18T18:55:58.395+0200] {logging_mixin.py:188} INFO - [2024-07-18T18:55:58.395+0200] {dag.py:3947} INFO - Setting next_dagrun for latest_only_with_trigger to 2024-07-18 12:00:00+00:00, run_after=2024-07-18 16:00:00+00:00
[2024-07-18T18:55:58.411+0200] {processor.py:183} INFO - Processing /home/richonlinux/Documents/GitHub/AirflowTuto/venv/lib/python3.10/site-packages/airflow/example_dags/example_latest_only_with_trigger.py took 0.045 seconds
[2024-07-18T18:56:38.843+0200] {processor.py:161} INFO - Started process (PID=274440) to work on /home/richonlinux/Documents/GitHub/AirflowTuto/venv/lib/python3.10/site-packages/airflow/example_dags/example_latest_only_with_trigger.py
[2024-07-18T18:56:38.844+0200] {processor.py:830} INFO - Processing file /home/richonlinux/Documents/GitHub/AirflowTuto/venv/lib/python3.10/site-packages/airflow/example_dags/example_latest_only_with_trigger.py for tasks to queue
[2024-07-18T18:56:38.845+0200] {logging_mixin.py:188} INFO - [2024-07-18T18:56:38.845+0200] {dagbag.py:545} INFO - Filling up the DagBag from /home/richonlinux/Documents/GitHub/AirflowTuto/venv/lib/python3.10/site-packages/airflow/example_dags/example_latest_only_with_trigger.py
[2024-07-18T18:56:38.848+0200] {processor.py:840} INFO - DAG(s) 'latest_only_with_trigger' retrieved from /home/richonlinux/Documents/GitHub/AirflowTuto/venv/lib/python3.10/site-packages/airflow/example_dags/example_latest_only_with_trigger.py
[2024-07-18T18:56:38.857+0200] {logging_mixin.py:188} INFO - [2024-07-18T18:56:38.857+0200] {dag.py:3089} INFO - Sync 1 DAGs
[2024-07-18T18:56:38.868+0200] {logging_mixin.py:188} INFO - [2024-07-18T18:56:38.868+0200] {dag.py:3947} INFO - Setting next_dagrun for latest_only_with_trigger to 2024-07-18 12:00:00+00:00, run_after=2024-07-18 16:00:00+00:00
[2024-07-18T18:56:38.883+0200] {processor.py:183} INFO - Processing /home/richonlinux/Documents/GitHub/AirflowTuto/venv/lib/python3.10/site-packages/airflow/example_dags/example_latest_only_with_trigger.py took 0.042 seconds
[2024-07-18T18:57:15.568+0200] {processor.py:161} INFO - Started process (PID=275028) to work on /home/richonlinux/Documents/GitHub/AirflowTuto/venv/lib/python3.10/site-packages/airflow/example_dags/example_latest_only_with_trigger.py
[2024-07-18T18:57:15.569+0200] {processor.py:830} INFO - Processing file /home/richonlinux/Documents/GitHub/AirflowTuto/venv/lib/python3.10/site-packages/airflow/example_dags/example_latest_only_with_trigger.py for tasks to queue
[2024-07-18T18:57:15.570+0200] {logging_mixin.py:188} INFO - [2024-07-18T18:57:15.570+0200] {dagbag.py:545} INFO - Filling up the DagBag from /home/richonlinux/Documents/GitHub/AirflowTuto/venv/lib/python3.10/site-packages/airflow/example_dags/example_latest_only_with_trigger.py
[2024-07-18T18:57:15.575+0200] {processor.py:840} INFO - DAG(s) 'latest_only_with_trigger' retrieved from /home/richonlinux/Documents/GitHub/AirflowTuto/venv/lib/python3.10/site-packages/airflow/example_dags/example_latest_only_with_trigger.py
[2024-07-18T18:57:15.584+0200] {logging_mixin.py:188} INFO - [2024-07-18T18:57:15.584+0200] {dag.py:3089} INFO - Sync 1 DAGs
[2024-07-18T18:57:15.595+0200] {logging_mixin.py:188} INFO - [2024-07-18T18:57:15.595+0200] {dag.py:3947} INFO - Setting next_dagrun for latest_only_with_trigger to 2024-07-18 12:00:00+00:00, run_after=2024-07-18 16:00:00+00:00
[2024-07-18T18:57:15.608+0200] {processor.py:183} INFO - Processing /home/richonlinux/Documents/GitHub/AirflowTuto/venv/lib/python3.10/site-packages/airflow/example_dags/example_latest_only_with_trigger.py took 0.049 seconds
[2024-07-18T18:57:56.137+0200] {processor.py:161} INFO - Started process (PID=275683) to work on /home/richonlinux/Documents/GitHub/AirflowTuto/venv/lib/python3.10/site-packages/airflow/example_dags/example_latest_only_with_trigger.py
[2024-07-18T18:57:56.141+0200] {processor.py:830} INFO - Processing file /home/richonlinux/Documents/GitHub/AirflowTuto/venv/lib/python3.10/site-packages/airflow/example_dags/example_latest_only_with_trigger.py for tasks to queue
[2024-07-18T18:57:56.142+0200] {logging_mixin.py:188} INFO - [2024-07-18T18:57:56.142+0200] {dagbag.py:545} INFO - Filling up the DagBag from /home/richonlinux/Documents/GitHub/AirflowTuto/venv/lib/python3.10/site-packages/airflow/example_dags/example_latest_only_with_trigger.py
[2024-07-18T18:57:56.145+0200] {processor.py:840} INFO - DAG(s) 'latest_only_with_trigger' retrieved from /home/richonlinux/Documents/GitHub/AirflowTuto/venv/lib/python3.10/site-packages/airflow/example_dags/example_latest_only_with_trigger.py
[2024-07-18T18:57:56.154+0200] {logging_mixin.py:188} INFO - [2024-07-18T18:57:56.154+0200] {dag.py:3089} INFO - Sync 1 DAGs
[2024-07-18T18:57:56.164+0200] {logging_mixin.py:188} INFO - [2024-07-18T18:57:56.164+0200] {dag.py:3947} INFO - Setting next_dagrun for latest_only_with_trigger to 2024-07-18 12:00:00+00:00, run_after=2024-07-18 16:00:00+00:00
[2024-07-18T18:57:56.176+0200] {processor.py:183} INFO - Processing /home/richonlinux/Documents/GitHub/AirflowTuto/venv/lib/python3.10/site-packages/airflow/example_dags/example_latest_only_with_trigger.py took 0.043 seconds
[2024-07-18T18:58:35.549+0200] {processor.py:161} INFO - Started process (PID=276314) to work on /home/richonlinux/Documents/GitHub/AirflowTuto/venv/lib/python3.10/site-packages/airflow/example_dags/example_latest_only_with_trigger.py
[2024-07-18T18:58:35.549+0200] {processor.py:830} INFO - Processing file /home/richonlinux/Documents/GitHub/AirflowTuto/venv/lib/python3.10/site-packages/airflow/example_dags/example_latest_only_with_trigger.py for tasks to queue
[2024-07-18T18:58:35.550+0200] {logging_mixin.py:188} INFO - [2024-07-18T18:58:35.550+0200] {dagbag.py:545} INFO - Filling up the DagBag from /home/richonlinux/Documents/GitHub/AirflowTuto/venv/lib/python3.10/site-packages/airflow/example_dags/example_latest_only_with_trigger.py
[2024-07-18T18:58:35.554+0200] {processor.py:840} INFO - DAG(s) 'latest_only_with_trigger' retrieved from /home/richonlinux/Documents/GitHub/AirflowTuto/venv/lib/python3.10/site-packages/airflow/example_dags/example_latest_only_with_trigger.py
[2024-07-18T18:58:35.564+0200] {logging_mixin.py:188} INFO - [2024-07-18T18:58:35.564+0200] {dag.py:3089} INFO - Sync 1 DAGs
[2024-07-18T18:58:35.574+0200] {logging_mixin.py:188} INFO - [2024-07-18T18:58:35.574+0200] {dag.py:3947} INFO - Setting next_dagrun for latest_only_with_trigger to 2024-07-18 12:00:00+00:00, run_after=2024-07-18 16:00:00+00:00
[2024-07-18T18:58:35.585+0200] {processor.py:183} INFO - Processing /home/richonlinux/Documents/GitHub/AirflowTuto/venv/lib/python3.10/site-packages/airflow/example_dags/example_latest_only_with_trigger.py took 0.042 seconds
[2024-07-18T18:59:16.311+0200] {processor.py:161} INFO - Started process (PID=277074) to work on /home/richonlinux/Documents/GitHub/AirflowTuto/venv/lib/python3.10/site-packages/airflow/example_dags/example_latest_only_with_trigger.py
[2024-07-18T18:59:16.311+0200] {processor.py:830} INFO - Processing file /home/richonlinux/Documents/GitHub/AirflowTuto/venv/lib/python3.10/site-packages/airflow/example_dags/example_latest_only_with_trigger.py for tasks to queue
[2024-07-18T18:59:16.312+0200] {logging_mixin.py:188} INFO - [2024-07-18T18:59:16.312+0200] {dagbag.py:545} INFO - Filling up the DagBag from /home/richonlinux/Documents/GitHub/AirflowTuto/venv/lib/python3.10/site-packages/airflow/example_dags/example_latest_only_with_trigger.py
[2024-07-18T18:59:16.316+0200] {processor.py:840} INFO - DAG(s) 'latest_only_with_trigger' retrieved from /home/richonlinux/Documents/GitHub/AirflowTuto/venv/lib/python3.10/site-packages/airflow/example_dags/example_latest_only_with_trigger.py
[2024-07-18T18:59:16.325+0200] {logging_mixin.py:188} INFO - [2024-07-18T18:59:16.325+0200] {dag.py:3089} INFO - Sync 1 DAGs
[2024-07-18T18:59:16.335+0200] {logging_mixin.py:188} INFO - [2024-07-18T18:59:16.335+0200] {dag.py:3947} INFO - Setting next_dagrun for latest_only_with_trigger to 2024-07-18 12:00:00+00:00, run_after=2024-07-18 16:00:00+00:00
[2024-07-18T18:59:16.348+0200] {processor.py:183} INFO - Processing /home/richonlinux/Documents/GitHub/AirflowTuto/venv/lib/python3.10/site-packages/airflow/example_dags/example_latest_only_with_trigger.py took 0.041 seconds
