[2024-07-18T18:16:43.696+0200] {processor.py:161} INFO - Started process (PID=258339) to work on /home/richonlinux/Documents/GitHub/AirflowTuto/venv/lib/python3.10/site-packages/airflow/example_dags/tutorial_objectstorage.py
[2024-07-18T18:16:43.697+0200] {processor.py:830} INFO - Processing file /home/richonlinux/Documents/GitHub/AirflowTuto/venv/lib/python3.10/site-packages/airflow/example_dags/tutorial_objectstorage.py for tasks to queue
[2024-07-18T18:16:43.698+0200] {logging_mixin.py:188} INFO - [2024-07-18T18:16:43.698+0200] {dagbag.py:545} INFO - Filling up the DagBag from /home/richonlinux/Documents/GitHub/AirflowTuto/venv/lib/python3.10/site-packages/airflow/example_dags/tutorial_objectstorage.py
[2024-07-18T18:16:43.702+0200] {processor.py:840} INFO - DAG(s) 'tutorial_objectstorage' retrieved from /home/richonlinux/Documents/GitHub/AirflowTuto/venv/lib/python3.10/site-packages/airflow/example_dags/tutorial_objectstorage.py
[2024-07-18T18:16:43.760+0200] {logging_mixin.py:188} INFO - [2024-07-18T18:16:43.759+0200] {override.py:1858} INFO - Created Permission View: can edit on DAG:tutorial_objectstorage
[2024-07-18T18:16:43.768+0200] {logging_mixin.py:188} INFO - [2024-07-18T18:16:43.767+0200] {override.py:1858} INFO - Created Permission View: can read on DAG:tutorial_objectstorage
[2024-07-18T18:16:43.773+0200] {logging_mixin.py:188} INFO - [2024-07-18T18:16:43.773+0200] {override.py:1858} INFO - Created Permission View: can delete on DAG:tutorial_objectstorage
[2024-07-18T18:16:43.773+0200] {logging_mixin.py:188} INFO - [2024-07-18T18:16:43.773+0200] {dag.py:3089} INFO - Sync 1 DAGs
[2024-07-18T18:16:43.779+0200] {logging_mixin.py:188} INFO - [2024-07-18T18:16:43.779+0200] {dag.py:3111} INFO - Creating ORM DAG for tutorial_objectstorage
[2024-07-18T18:16:43.780+0200] {logging_mixin.py:188} INFO - [2024-07-18T18:16:43.779+0200] {dag.py:3947} INFO - Setting next_dagrun for tutorial_objectstorage to None, run_after=None
[2024-07-18T18:16:43.793+0200] {processor.py:183} INFO - Processing /home/richonlinux/Documents/GitHub/AirflowTuto/venv/lib/python3.10/site-packages/airflow/example_dags/tutorial_objectstorage.py took 0.100 seconds
[2024-07-18T18:17:35.632+0200] {processor.py:161} INFO - Started process (PID=259204) to work on /home/richonlinux/Documents/GitHub/AirflowTuto/venv/lib/python3.10/site-packages/airflow/example_dags/tutorial_objectstorage.py
[2024-07-18T18:17:35.636+0200] {processor.py:830} INFO - Processing file /home/richonlinux/Documents/GitHub/AirflowTuto/venv/lib/python3.10/site-packages/airflow/example_dags/tutorial_objectstorage.py for tasks to queue
[2024-07-18T18:17:35.638+0200] {logging_mixin.py:188} INFO - [2024-07-18T18:17:35.637+0200] {dagbag.py:545} INFO - Filling up the DagBag from /home/richonlinux/Documents/GitHub/AirflowTuto/venv/lib/python3.10/site-packages/airflow/example_dags/tutorial_objectstorage.py
[2024-07-18T18:17:35.642+0200] {processor.py:840} INFO - DAG(s) 'tutorial_objectstorage' retrieved from /home/richonlinux/Documents/GitHub/AirflowTuto/venv/lib/python3.10/site-packages/airflow/example_dags/tutorial_objectstorage.py
[2024-07-18T18:17:35.650+0200] {logging_mixin.py:188} INFO - [2024-07-18T18:17:35.650+0200] {dag.py:3089} INFO - Sync 1 DAGs
[2024-07-18T18:17:35.656+0200] {logging_mixin.py:188} INFO - [2024-07-18T18:17:35.655+0200] {dag.py:3947} INFO - Setting next_dagrun for tutorial_objectstorage to None, run_after=None
[2024-07-18T18:17:35.667+0200] {processor.py:183} INFO - Processing /home/richonlinux/Documents/GitHub/AirflowTuto/venv/lib/python3.10/site-packages/airflow/example_dags/tutorial_objectstorage.py took 0.039 seconds
[2024-07-18T18:44:25.197+0200] {processor.py:161} INFO - Started process (PID=260428) to work on /home/richonlinux/Documents/GitHub/AirflowTuto/venv/lib/python3.10/site-packages/airflow/example_dags/tutorial_objectstorage.py
[2024-07-18T18:44:25.201+0200] {processor.py:830} INFO - Processing file /home/richonlinux/Documents/GitHub/AirflowTuto/venv/lib/python3.10/site-packages/airflow/example_dags/tutorial_objectstorage.py for tasks to queue
[2024-07-18T18:44:25.203+0200] {logging_mixin.py:188} INFO - [2024-07-18T18:44:25.203+0200] {dagbag.py:545} INFO - Filling up the DagBag from /home/richonlinux/Documents/GitHub/AirflowTuto/venv/lib/python3.10/site-packages/airflow/example_dags/tutorial_objectstorage.py
[2024-07-18T18:44:25.211+0200] {processor.py:840} INFO - DAG(s) 'tutorial_objectstorage' retrieved from /home/richonlinux/Documents/GitHub/AirflowTuto/venv/lib/python3.10/site-packages/airflow/example_dags/tutorial_objectstorage.py
[2024-07-18T18:44:25.220+0200] {logging_mixin.py:188} INFO - [2024-07-18T18:44:25.220+0200] {dag.py:3089} INFO - Sync 1 DAGs
[2024-07-18T18:44:25.226+0200] {logging_mixin.py:188} INFO - [2024-07-18T18:44:25.226+0200] {dag.py:3947} INFO - Setting next_dagrun for tutorial_objectstorage to None, run_after=None
[2024-07-18T18:44:25.292+0200] {processor.py:183} INFO - Processing /home/richonlinux/Documents/GitHub/AirflowTuto/venv/lib/python3.10/site-packages/airflow/example_dags/tutorial_objectstorage.py took 0.101 seconds
[2024-07-18T18:45:16.990+0200] {processor.py:161} INFO - Started process (PID=261500) to work on /home/richonlinux/Documents/GitHub/AirflowTuto/venv/lib/python3.10/site-packages/airflow/example_dags/tutorial_objectstorage.py
[2024-07-18T18:45:16.991+0200] {processor.py:830} INFO - Processing file /home/richonlinux/Documents/GitHub/AirflowTuto/venv/lib/python3.10/site-packages/airflow/example_dags/tutorial_objectstorage.py for tasks to queue
[2024-07-18T18:45:16.993+0200] {logging_mixin.py:188} INFO - [2024-07-18T18:45:16.992+0200] {dagbag.py:545} INFO - Filling up the DagBag from /home/richonlinux/Documents/GitHub/AirflowTuto/venv/lib/python3.10/site-packages/airflow/example_dags/tutorial_objectstorage.py
[2024-07-18T18:45:16.997+0200] {processor.py:840} INFO - DAG(s) 'tutorial_objectstorage' retrieved from /home/richonlinux/Documents/GitHub/AirflowTuto/venv/lib/python3.10/site-packages/airflow/example_dags/tutorial_objectstorage.py
[2024-07-18T18:45:17.005+0200] {logging_mixin.py:188} INFO - [2024-07-18T18:45:17.004+0200] {dag.py:3089} INFO - Sync 1 DAGs
[2024-07-18T18:45:17.010+0200] {logging_mixin.py:188} INFO - [2024-07-18T18:45:17.010+0200] {dag.py:3947} INFO - Setting next_dagrun for tutorial_objectstorage to None, run_after=None
[2024-07-18T18:45:17.023+0200] {processor.py:183} INFO - Processing /home/richonlinux/Documents/GitHub/AirflowTuto/venv/lib/python3.10/site-packages/airflow/example_dags/tutorial_objectstorage.py took 0.036 seconds
[2024-07-18T18:46:13.222+0200] {processor.py:161} INFO - Started process (PID=262754) to work on /home/richonlinux/Documents/GitHub/AirflowTuto/venv/lib/python3.10/site-packages/airflow/example_dags/tutorial_objectstorage.py
[2024-07-18T18:46:13.223+0200] {processor.py:830} INFO - Processing file /home/richonlinux/Documents/GitHub/AirflowTuto/venv/lib/python3.10/site-packages/airflow/example_dags/tutorial_objectstorage.py for tasks to queue
[2024-07-18T18:46:13.224+0200] {logging_mixin.py:188} INFO - [2024-07-18T18:46:13.224+0200] {dagbag.py:545} INFO - Filling up the DagBag from /home/richonlinux/Documents/GitHub/AirflowTuto/venv/lib/python3.10/site-packages/airflow/example_dags/tutorial_objectstorage.py
[2024-07-18T18:46:13.229+0200] {processor.py:840} INFO - DAG(s) 'tutorial_objectstorage' retrieved from /home/richonlinux/Documents/GitHub/AirflowTuto/venv/lib/python3.10/site-packages/airflow/example_dags/tutorial_objectstorage.py
[2024-07-18T18:46:13.238+0200] {logging_mixin.py:188} INFO - [2024-07-18T18:46:13.238+0200] {dag.py:3089} INFO - Sync 1 DAGs
[2024-07-18T18:46:13.245+0200] {logging_mixin.py:188} INFO - [2024-07-18T18:46:13.245+0200] {dag.py:3947} INFO - Setting next_dagrun for tutorial_objectstorage to None, run_after=None
[2024-07-18T18:46:13.259+0200] {processor.py:183} INFO - Processing /home/richonlinux/Documents/GitHub/AirflowTuto/venv/lib/python3.10/site-packages/airflow/example_dags/tutorial_objectstorage.py took 0.044 seconds
[2024-07-18T18:49:55.119+0200] {processor.py:161} INFO - Started process (PID=266753) to work on /home/richonlinux/Documents/GitHub/AirflowTuto/venv/lib/python3.10/site-packages/airflow/example_dags/tutorial_objectstorage.py
[2024-07-18T18:49:55.120+0200] {processor.py:830} INFO - Processing file /home/richonlinux/Documents/GitHub/AirflowTuto/venv/lib/python3.10/site-packages/airflow/example_dags/tutorial_objectstorage.py for tasks to queue
[2024-07-18T18:49:55.122+0200] {logging_mixin.py:188} INFO - [2024-07-18T18:49:55.121+0200] {dagbag.py:545} INFO - Filling up the DagBag from /home/richonlinux/Documents/GitHub/AirflowTuto/venv/lib/python3.10/site-packages/airflow/example_dags/tutorial_objectstorage.py
[2024-07-18T18:49:55.127+0200] {processor.py:840} INFO - DAG(s) 'tutorial_objectstorage' retrieved from /home/richonlinux/Documents/GitHub/AirflowTuto/venv/lib/python3.10/site-packages/airflow/example_dags/tutorial_objectstorage.py
[2024-07-18T18:49:55.191+0200] {logging_mixin.py:188} INFO - [2024-07-18T18:49:55.191+0200] {dag.py:3089} INFO - Sync 1 DAGs
[2024-07-18T18:49:55.197+0200] {logging_mixin.py:188} INFO - [2024-07-18T18:49:55.196+0200] {dag.py:3947} INFO - Setting next_dagrun for tutorial_objectstorage to None, run_after=None
[2024-07-18T18:49:55.214+0200] {processor.py:183} INFO - Processing /home/richonlinux/Documents/GitHub/AirflowTuto/venv/lib/python3.10/site-packages/airflow/example_dags/tutorial_objectstorage.py took 0.099 seconds
[2024-07-18T18:51:47.383+0200] {processor.py:161} INFO - Started process (PID=268696) to work on /home/richonlinux/Documents/GitHub/AirflowTuto/venv/lib/python3.10/site-packages/airflow/example_dags/tutorial_objectstorage.py
[2024-07-18T18:51:47.384+0200] {processor.py:830} INFO - Processing file /home/richonlinux/Documents/GitHub/AirflowTuto/venv/lib/python3.10/site-packages/airflow/example_dags/tutorial_objectstorage.py for tasks to queue
[2024-07-18T18:51:47.384+0200] {logging_mixin.py:188} INFO - [2024-07-18T18:51:47.384+0200] {dagbag.py:545} INFO - Filling up the DagBag from /home/richonlinux/Documents/GitHub/AirflowTuto/venv/lib/python3.10/site-packages/airflow/example_dags/tutorial_objectstorage.py
[2024-07-18T18:51:47.388+0200] {processor.py:840} INFO - DAG(s) 'tutorial_objectstorage' retrieved from /home/richonlinux/Documents/GitHub/AirflowTuto/venv/lib/python3.10/site-packages/airflow/example_dags/tutorial_objectstorage.py
[2024-07-18T18:51:47.434+0200] {logging_mixin.py:188} INFO - [2024-07-18T18:51:47.434+0200] {dag.py:3089} INFO - Sync 1 DAGs
[2024-07-18T18:51:47.438+0200] {logging_mixin.py:188} INFO - [2024-07-18T18:51:47.438+0200] {dag.py:3947} INFO - Setting next_dagrun for tutorial_objectstorage to None, run_after=None
[2024-07-18T18:51:47.450+0200] {processor.py:183} INFO - Processing /home/richonlinux/Documents/GitHub/AirflowTuto/venv/lib/python3.10/site-packages/airflow/example_dags/tutorial_objectstorage.py took 0.071 seconds
[2024-07-18T18:52:40.444+0200] {processor.py:161} INFO - Started process (PID=269827) to work on /home/richonlinux/Documents/GitHub/AirflowTuto/venv/lib/python3.10/site-packages/airflow/example_dags/tutorial_objectstorage.py
[2024-07-18T18:52:40.446+0200] {processor.py:830} INFO - Processing file /home/richonlinux/Documents/GitHub/AirflowTuto/venv/lib/python3.10/site-packages/airflow/example_dags/tutorial_objectstorage.py for tasks to queue
[2024-07-18T18:52:40.448+0200] {logging_mixin.py:188} INFO - [2024-07-18T18:52:40.447+0200] {dagbag.py:545} INFO - Filling up the DagBag from /home/richonlinux/Documents/GitHub/AirflowTuto/venv/lib/python3.10/site-packages/airflow/example_dags/tutorial_objectstorage.py
[2024-07-18T18:52:40.454+0200] {processor.py:840} INFO - DAG(s) 'tutorial_objectstorage' retrieved from /home/richonlinux/Documents/GitHub/AirflowTuto/venv/lib/python3.10/site-packages/airflow/example_dags/tutorial_objectstorage.py
[2024-07-18T18:52:40.462+0200] {logging_mixin.py:188} INFO - [2024-07-18T18:52:40.462+0200] {dag.py:3089} INFO - Sync 1 DAGs
[2024-07-18T18:52:40.470+0200] {logging_mixin.py:188} INFO - [2024-07-18T18:52:40.469+0200] {dag.py:3947} INFO - Setting next_dagrun for tutorial_objectstorage to None, run_after=None
[2024-07-18T18:52:40.485+0200] {processor.py:183} INFO - Processing /home/richonlinux/Documents/GitHub/AirflowTuto/venv/lib/python3.10/site-packages/airflow/example_dags/tutorial_objectstorage.py took 0.047 seconds
[2024-07-18T18:53:46.891+0200] {processor.py:161} INFO - Started process (PID=271580) to work on /home/richonlinux/Documents/GitHub/AirflowTuto/venv/lib/python3.10/site-packages/airflow/example_dags/tutorial_objectstorage.py
[2024-07-18T18:53:46.892+0200] {processor.py:830} INFO - Processing file /home/richonlinux/Documents/GitHub/AirflowTuto/venv/lib/python3.10/site-packages/airflow/example_dags/tutorial_objectstorage.py for tasks to queue
[2024-07-18T18:53:46.894+0200] {logging_mixin.py:188} INFO - [2024-07-18T18:53:46.894+0200] {dagbag.py:545} INFO - Filling up the DagBag from /home/richonlinux/Documents/GitHub/AirflowTuto/venv/lib/python3.10/site-packages/airflow/example_dags/tutorial_objectstorage.py
[2024-07-18T18:53:46.958+0200] {processor.py:840} INFO - DAG(s) 'tutorial_objectstorage' retrieved from /home/richonlinux/Documents/GitHub/AirflowTuto/venv/lib/python3.10/site-packages/airflow/example_dags/tutorial_objectstorage.py
[2024-07-18T18:53:46.964+0200] {logging_mixin.py:188} INFO - [2024-07-18T18:53:46.964+0200] {dag.py:3089} INFO - Sync 1 DAGs
[2024-07-18T18:53:46.970+0200] {logging_mixin.py:188} INFO - [2024-07-18T18:53:46.969+0200] {dag.py:3947} INFO - Setting next_dagrun for tutorial_objectstorage to None, run_after=None
[2024-07-18T18:53:46.981+0200] {processor.py:183} INFO - Processing /home/richonlinux/Documents/GitHub/AirflowTuto/venv/lib/python3.10/site-packages/airflow/example_dags/tutorial_objectstorage.py took 0.099 seconds
[2024-07-18T18:54:51.450+0200] {processor.py:161} INFO - Started process (PID=272606) to work on /home/richonlinux/Documents/GitHub/AirflowTuto/venv/lib/python3.10/site-packages/airflow/example_dags/tutorial_objectstorage.py
[2024-07-18T18:54:51.451+0200] {processor.py:830} INFO - Processing file /home/richonlinux/Documents/GitHub/AirflowTuto/venv/lib/python3.10/site-packages/airflow/example_dags/tutorial_objectstorage.py for tasks to queue
[2024-07-18T18:54:51.453+0200] {logging_mixin.py:188} INFO - [2024-07-18T18:54:51.452+0200] {dagbag.py:545} INFO - Filling up the DagBag from /home/richonlinux/Documents/GitHub/AirflowTuto/venv/lib/python3.10/site-packages/airflow/example_dags/tutorial_objectstorage.py
[2024-07-18T18:54:51.459+0200] {processor.py:840} INFO - DAG(s) 'tutorial_objectstorage' retrieved from /home/richonlinux/Documents/GitHub/AirflowTuto/venv/lib/python3.10/site-packages/airflow/example_dags/tutorial_objectstorage.py
[2024-07-18T18:54:51.466+0200] {logging_mixin.py:188} INFO - [2024-07-18T18:54:51.466+0200] {dag.py:3089} INFO - Sync 1 DAGs
[2024-07-18T18:54:51.472+0200] {logging_mixin.py:188} INFO - [2024-07-18T18:54:51.472+0200] {dag.py:3947} INFO - Setting next_dagrun for tutorial_objectstorage to None, run_after=None
[2024-07-18T18:54:51.485+0200] {processor.py:183} INFO - Processing /home/richonlinux/Documents/GitHub/AirflowTuto/venv/lib/python3.10/site-packages/airflow/example_dags/tutorial_objectstorage.py took 0.043 seconds
[2024-07-18T18:55:46.349+0200] {processor.py:161} INFO - Started process (PID=273486) to work on /home/richonlinux/Documents/GitHub/AirflowTuto/venv/lib/python3.10/site-packages/airflow/example_dags/tutorial_objectstorage.py
[2024-07-18T18:55:46.350+0200] {processor.py:830} INFO - Processing file /home/richonlinux/Documents/GitHub/AirflowTuto/venv/lib/python3.10/site-packages/airflow/example_dags/tutorial_objectstorage.py for tasks to queue
[2024-07-18T18:55:46.351+0200] {logging_mixin.py:188} INFO - [2024-07-18T18:55:46.351+0200] {dagbag.py:545} INFO - Filling up the DagBag from /home/richonlinux/Documents/GitHub/AirflowTuto/venv/lib/python3.10/site-packages/airflow/example_dags/tutorial_objectstorage.py
[2024-07-18T18:55:46.355+0200] {processor.py:840} INFO - DAG(s) 'tutorial_objectstorage' retrieved from /home/richonlinux/Documents/GitHub/AirflowTuto/venv/lib/python3.10/site-packages/airflow/example_dags/tutorial_objectstorage.py
[2024-07-18T18:55:46.363+0200] {logging_mixin.py:188} INFO - [2024-07-18T18:55:46.363+0200] {dag.py:3089} INFO - Sync 1 DAGs
[2024-07-18T18:55:46.369+0200] {logging_mixin.py:188} INFO - [2024-07-18T18:55:46.369+0200] {dag.py:3947} INFO - Setting next_dagrun for tutorial_objectstorage to None, run_after=None
[2024-07-18T18:55:46.381+0200] {processor.py:183} INFO - Processing /home/richonlinux/Documents/GitHub/AirflowTuto/venv/lib/python3.10/site-packages/airflow/example_dags/tutorial_objectstorage.py took 0.037 seconds
[2024-07-18T18:56:45.716+0200] {processor.py:161} INFO - Started process (PID=274554) to work on /home/richonlinux/Documents/GitHub/AirflowTuto/venv/lib/python3.10/site-packages/airflow/example_dags/tutorial_objectstorage.py
[2024-07-18T18:56:45.721+0200] {processor.py:830} INFO - Processing file /home/richonlinux/Documents/GitHub/AirflowTuto/venv/lib/python3.10/site-packages/airflow/example_dags/tutorial_objectstorage.py for tasks to queue
[2024-07-18T18:56:45.722+0200] {logging_mixin.py:188} INFO - [2024-07-18T18:56:45.722+0200] {dagbag.py:545} INFO - Filling up the DagBag from /home/richonlinux/Documents/GitHub/AirflowTuto/venv/lib/python3.10/site-packages/airflow/example_dags/tutorial_objectstorage.py
[2024-07-18T18:56:45.728+0200] {processor.py:840} INFO - DAG(s) 'tutorial_objectstorage' retrieved from /home/richonlinux/Documents/GitHub/AirflowTuto/venv/lib/python3.10/site-packages/airflow/example_dags/tutorial_objectstorage.py
[2024-07-18T18:56:45.742+0200] {logging_mixin.py:188} INFO - [2024-07-18T18:56:45.741+0200] {dag.py:3089} INFO - Sync 1 DAGs
[2024-07-18T18:56:45.752+0200] {logging_mixin.py:188} INFO - [2024-07-18T18:56:45.751+0200] {dag.py:3947} INFO - Setting next_dagrun for tutorial_objectstorage to None, run_after=None
[2024-07-18T18:56:45.769+0200] {processor.py:183} INFO - Processing /home/richonlinux/Documents/GitHub/AirflowTuto/venv/lib/python3.10/site-packages/airflow/example_dags/tutorial_objectstorage.py took 0.059 seconds
[2024-07-18T18:57:44.686+0200] {processor.py:161} INFO - Started process (PID=275501) to work on /home/richonlinux/Documents/GitHub/AirflowTuto/venv/lib/python3.10/site-packages/airflow/example_dags/tutorial_objectstorage.py
[2024-07-18T18:57:44.687+0200] {processor.py:830} INFO - Processing file /home/richonlinux/Documents/GitHub/AirflowTuto/venv/lib/python3.10/site-packages/airflow/example_dags/tutorial_objectstorage.py for tasks to queue
[2024-07-18T18:57:44.688+0200] {logging_mixin.py:188} INFO - [2024-07-18T18:57:44.688+0200] {dagbag.py:545} INFO - Filling up the DagBag from /home/richonlinux/Documents/GitHub/AirflowTuto/venv/lib/python3.10/site-packages/airflow/example_dags/tutorial_objectstorage.py
[2024-07-18T18:57:44.693+0200] {processor.py:840} INFO - DAG(s) 'tutorial_objectstorage' retrieved from /home/richonlinux/Documents/GitHub/AirflowTuto/venv/lib/python3.10/site-packages/airflow/example_dags/tutorial_objectstorage.py
[2024-07-18T18:57:44.702+0200] {logging_mixin.py:188} INFO - [2024-07-18T18:57:44.702+0200] {dag.py:3089} INFO - Sync 1 DAGs
[2024-07-18T18:57:44.709+0200] {logging_mixin.py:188} INFO - [2024-07-18T18:57:44.709+0200] {dag.py:3947} INFO - Setting next_dagrun for tutorial_objectstorage to None, run_after=None
[2024-07-18T18:57:44.722+0200] {processor.py:183} INFO - Processing /home/richonlinux/Documents/GitHub/AirflowTuto/venv/lib/python3.10/site-packages/airflow/example_dags/tutorial_objectstorage.py took 0.041 seconds
[2024-07-18T18:58:45.204+0200] {processor.py:161} INFO - Started process (PID=276468) to work on /home/richonlinux/Documents/GitHub/AirflowTuto/venv/lib/python3.10/site-packages/airflow/example_dags/tutorial_objectstorage.py
[2024-07-18T18:58:45.205+0200] {processor.py:830} INFO - Processing file /home/richonlinux/Documents/GitHub/AirflowTuto/venv/lib/python3.10/site-packages/airflow/example_dags/tutorial_objectstorage.py for tasks to queue
[2024-07-18T18:58:45.206+0200] {logging_mixin.py:188} INFO - [2024-07-18T18:58:45.205+0200] {dagbag.py:545} INFO - Filling up the DagBag from /home/richonlinux/Documents/GitHub/AirflowTuto/venv/lib/python3.10/site-packages/airflow/example_dags/tutorial_objectstorage.py
[2024-07-18T18:58:45.211+0200] {processor.py:840} INFO - DAG(s) 'tutorial_objectstorage' retrieved from /home/richonlinux/Documents/GitHub/AirflowTuto/venv/lib/python3.10/site-packages/airflow/example_dags/tutorial_objectstorage.py
[2024-07-18T18:58:45.219+0200] {logging_mixin.py:188} INFO - [2024-07-18T18:58:45.219+0200] {dag.py:3089} INFO - Sync 1 DAGs
[2024-07-18T18:58:45.225+0200] {logging_mixin.py:188} INFO - [2024-07-18T18:58:45.225+0200] {dag.py:3947} INFO - Setting next_dagrun for tutorial_objectstorage to None, run_after=None
[2024-07-18T18:58:45.239+0200] {processor.py:183} INFO - Processing /home/richonlinux/Documents/GitHub/AirflowTuto/venv/lib/python3.10/site-packages/airflow/example_dags/tutorial_objectstorage.py took 0.039 seconds
[2024-07-18T18:59:44.781+0200] {processor.py:161} INFO - Started process (PID=277599) to work on /home/richonlinux/Documents/GitHub/AirflowTuto/venv/lib/python3.10/site-packages/airflow/example_dags/tutorial_objectstorage.py
[2024-07-18T18:59:44.783+0200] {processor.py:830} INFO - Processing file /home/richonlinux/Documents/GitHub/AirflowTuto/venv/lib/python3.10/site-packages/airflow/example_dags/tutorial_objectstorage.py for tasks to queue
[2024-07-18T18:59:44.784+0200] {logging_mixin.py:188} INFO - [2024-07-18T18:59:44.784+0200] {dagbag.py:545} INFO - Filling up the DagBag from /home/richonlinux/Documents/GitHub/AirflowTuto/venv/lib/python3.10/site-packages/airflow/example_dags/tutorial_objectstorage.py
[2024-07-18T18:59:44.790+0200] {processor.py:840} INFO - DAG(s) 'tutorial_objectstorage' retrieved from /home/richonlinux/Documents/GitHub/AirflowTuto/venv/lib/python3.10/site-packages/airflow/example_dags/tutorial_objectstorage.py
[2024-07-18T18:59:44.799+0200] {logging_mixin.py:188} INFO - [2024-07-18T18:59:44.799+0200] {dag.py:3089} INFO - Sync 1 DAGs
[2024-07-18T18:59:44.805+0200] {logging_mixin.py:188} INFO - [2024-07-18T18:59:44.805+0200] {dag.py:3947} INFO - Setting next_dagrun for tutorial_objectstorage to None, run_after=None
[2024-07-18T18:59:44.818+0200] {processor.py:183} INFO - Processing /home/richonlinux/Documents/GitHub/AirflowTuto/venv/lib/python3.10/site-packages/airflow/example_dags/tutorial_objectstorage.py took 0.046 seconds
[2024-07-18T19:00:48.970+0200] {processor.py:161} INFO - Started process (PID=278843) to work on /home/richonlinux/Documents/GitHub/AirflowTuto/venv/lib/python3.10/site-packages/airflow/example_dags/tutorial_objectstorage.py
[2024-07-18T19:00:48.971+0200] {processor.py:830} INFO - Processing file /home/richonlinux/Documents/GitHub/AirflowTuto/venv/lib/python3.10/site-packages/airflow/example_dags/tutorial_objectstorage.py for tasks to queue
[2024-07-18T19:00:48.973+0200] {logging_mixin.py:188} INFO - [2024-07-18T19:00:48.973+0200] {dagbag.py:545} INFO - Filling up the DagBag from /home/richonlinux/Documents/GitHub/AirflowTuto/venv/lib/python3.10/site-packages/airflow/example_dags/tutorial_objectstorage.py
[2024-07-18T19:00:48.980+0200] {processor.py:840} INFO - DAG(s) 'tutorial_objectstorage' retrieved from /home/richonlinux/Documents/GitHub/AirflowTuto/venv/lib/python3.10/site-packages/airflow/example_dags/tutorial_objectstorage.py
[2024-07-18T19:00:48.988+0200] {logging_mixin.py:188} INFO - [2024-07-18T19:00:48.988+0200] {dag.py:3089} INFO - Sync 1 DAGs
[2024-07-18T19:00:48.994+0200] {logging_mixin.py:188} INFO - [2024-07-18T19:00:48.994+0200] {dag.py:3947} INFO - Setting next_dagrun for tutorial_objectstorage to None, run_after=None
[2024-07-18T19:00:49.005+0200] {processor.py:183} INFO - Processing /home/richonlinux/Documents/GitHub/AirflowTuto/venv/lib/python3.10/site-packages/airflow/example_dags/tutorial_objectstorage.py took 0.044 seconds
[2024-07-18T19:01:46.588+0200] {processor.py:161} INFO - Started process (PID=279995) to work on /home/richonlinux/Documents/GitHub/AirflowTuto/venv/lib/python3.10/site-packages/airflow/example_dags/tutorial_objectstorage.py
[2024-07-18T19:01:46.592+0200] {processor.py:830} INFO - Processing file /home/richonlinux/Documents/GitHub/AirflowTuto/venv/lib/python3.10/site-packages/airflow/example_dags/tutorial_objectstorage.py for tasks to queue
[2024-07-18T19:01:46.593+0200] {logging_mixin.py:188} INFO - [2024-07-18T19:01:46.593+0200] {dagbag.py:545} INFO - Filling up the DagBag from /home/richonlinux/Documents/GitHub/AirflowTuto/venv/lib/python3.10/site-packages/airflow/example_dags/tutorial_objectstorage.py
[2024-07-18T19:01:46.597+0200] {processor.py:840} INFO - DAG(s) 'tutorial_objectstorage' retrieved from /home/richonlinux/Documents/GitHub/AirflowTuto/venv/lib/python3.10/site-packages/airflow/example_dags/tutorial_objectstorage.py
[2024-07-18T19:01:46.606+0200] {logging_mixin.py:188} INFO - [2024-07-18T19:01:46.606+0200] {dag.py:3089} INFO - Sync 1 DAGs
[2024-07-18T19:01:46.613+0200] {logging_mixin.py:188} INFO - [2024-07-18T19:01:46.613+0200] {dag.py:3947} INFO - Setting next_dagrun for tutorial_objectstorage to None, run_after=None
[2024-07-18T19:01:46.627+0200] {processor.py:183} INFO - Processing /home/richonlinux/Documents/GitHub/AirflowTuto/venv/lib/python3.10/site-packages/airflow/example_dags/tutorial_objectstorage.py took 0.042 seconds
[2024-07-18T19:02:43.936+0200] {processor.py:161} INFO - Started process (PID=280980) to work on /home/richonlinux/Documents/GitHub/AirflowTuto/venv/lib/python3.10/site-packages/airflow/example_dags/tutorial_objectstorage.py
[2024-07-18T19:02:43.937+0200] {processor.py:830} INFO - Processing file /home/richonlinux/Documents/GitHub/AirflowTuto/venv/lib/python3.10/site-packages/airflow/example_dags/tutorial_objectstorage.py for tasks to queue
[2024-07-18T19:02:43.938+0200] {logging_mixin.py:188} INFO - [2024-07-18T19:02:43.938+0200] {dagbag.py:545} INFO - Filling up the DagBag from /home/richonlinux/Documents/GitHub/AirflowTuto/venv/lib/python3.10/site-packages/airflow/example_dags/tutorial_objectstorage.py
[2024-07-18T19:02:43.942+0200] {processor.py:840} INFO - DAG(s) 'tutorial_objectstorage' retrieved from /home/richonlinux/Documents/GitHub/AirflowTuto/venv/lib/python3.10/site-packages/airflow/example_dags/tutorial_objectstorage.py
[2024-07-18T19:02:43.950+0200] {logging_mixin.py:188} INFO - [2024-07-18T19:02:43.950+0200] {dag.py:3089} INFO - Sync 1 DAGs
[2024-07-18T19:02:43.955+0200] {logging_mixin.py:188} INFO - [2024-07-18T19:02:43.955+0200] {dag.py:3947} INFO - Setting next_dagrun for tutorial_objectstorage to None, run_after=None
[2024-07-18T19:02:43.967+0200] {processor.py:183} INFO - Processing /home/richonlinux/Documents/GitHub/AirflowTuto/venv/lib/python3.10/site-packages/airflow/example_dags/tutorial_objectstorage.py took 0.034 seconds
[2024-07-18T19:03:33.318+0200] {processor.py:161} INFO - Started process (PID=281755) to work on /home/richonlinux/Documents/GitHub/AirflowTuto/venv/lib/python3.10/site-packages/airflow/example_dags/tutorial_objectstorage.py
[2024-07-18T19:03:33.319+0200] {processor.py:830} INFO - Processing file /home/richonlinux/Documents/GitHub/AirflowTuto/venv/lib/python3.10/site-packages/airflow/example_dags/tutorial_objectstorage.py for tasks to queue
[2024-07-18T19:03:33.321+0200] {logging_mixin.py:188} INFO - [2024-07-18T19:03:33.320+0200] {dagbag.py:545} INFO - Filling up the DagBag from /home/richonlinux/Documents/GitHub/AirflowTuto/venv/lib/python3.10/site-packages/airflow/example_dags/tutorial_objectstorage.py
[2024-07-18T19:03:33.326+0200] {processor.py:840} INFO - DAG(s) 'tutorial_objectstorage' retrieved from /home/richonlinux/Documents/GitHub/AirflowTuto/venv/lib/python3.10/site-packages/airflow/example_dags/tutorial_objectstorage.py
[2024-07-18T19:03:33.334+0200] {logging_mixin.py:188} INFO - [2024-07-18T19:03:33.334+0200] {dag.py:3089} INFO - Sync 1 DAGs
[2024-07-18T19:03:33.340+0200] {logging_mixin.py:188} INFO - [2024-07-18T19:03:33.340+0200] {dag.py:3947} INFO - Setting next_dagrun for tutorial_objectstorage to None, run_after=None
[2024-07-18T19:03:33.352+0200] {processor.py:183} INFO - Processing /home/richonlinux/Documents/GitHub/AirflowTuto/venv/lib/python3.10/site-packages/airflow/example_dags/tutorial_objectstorage.py took 0.043 seconds
[2024-07-18T19:04:32.356+0200] {processor.py:161} INFO - Started process (PID=282731) to work on /home/richonlinux/Documents/GitHub/AirflowTuto/venv/lib/python3.10/site-packages/airflow/example_dags/tutorial_objectstorage.py
[2024-07-18T19:04:32.358+0200] {processor.py:830} INFO - Processing file /home/richonlinux/Documents/GitHub/AirflowTuto/venv/lib/python3.10/site-packages/airflow/example_dags/tutorial_objectstorage.py for tasks to queue
[2024-07-18T19:04:32.359+0200] {logging_mixin.py:188} INFO - [2024-07-18T19:04:32.359+0200] {dagbag.py:545} INFO - Filling up the DagBag from /home/richonlinux/Documents/GitHub/AirflowTuto/venv/lib/python3.10/site-packages/airflow/example_dags/tutorial_objectstorage.py
[2024-07-18T19:04:32.365+0200] {processor.py:840} INFO - DAG(s) 'tutorial_objectstorage' retrieved from /home/richonlinux/Documents/GitHub/AirflowTuto/venv/lib/python3.10/site-packages/airflow/example_dags/tutorial_objectstorage.py
[2024-07-18T19:04:32.373+0200] {logging_mixin.py:188} INFO - [2024-07-18T19:04:32.373+0200] {dag.py:3089} INFO - Sync 1 DAGs
[2024-07-18T19:04:32.379+0200] {logging_mixin.py:188} INFO - [2024-07-18T19:04:32.378+0200] {dag.py:3947} INFO - Setting next_dagrun for tutorial_objectstorage to None, run_after=None
[2024-07-18T19:04:32.391+0200] {processor.py:183} INFO - Processing /home/richonlinux/Documents/GitHub/AirflowTuto/venv/lib/python3.10/site-packages/airflow/example_dags/tutorial_objectstorage.py took 0.042 seconds
[2024-07-18T19:05:30.515+0200] {processor.py:161} INFO - Started process (PID=283750) to work on /home/richonlinux/Documents/GitHub/AirflowTuto/venv/lib/python3.10/site-packages/airflow/example_dags/tutorial_objectstorage.py
[2024-07-18T19:05:30.518+0200] {processor.py:830} INFO - Processing file /home/richonlinux/Documents/GitHub/AirflowTuto/venv/lib/python3.10/site-packages/airflow/example_dags/tutorial_objectstorage.py for tasks to queue
[2024-07-18T19:05:30.520+0200] {logging_mixin.py:188} INFO - [2024-07-18T19:05:30.520+0200] {dagbag.py:545} INFO - Filling up the DagBag from /home/richonlinux/Documents/GitHub/AirflowTuto/venv/lib/python3.10/site-packages/airflow/example_dags/tutorial_objectstorage.py
[2024-07-18T19:05:30.528+0200] {processor.py:840} INFO - DAG(s) 'tutorial_objectstorage' retrieved from /home/richonlinux/Documents/GitHub/AirflowTuto/venv/lib/python3.10/site-packages/airflow/example_dags/tutorial_objectstorage.py
[2024-07-18T19:05:30.537+0200] {logging_mixin.py:188} INFO - [2024-07-18T19:05:30.537+0200] {dag.py:3089} INFO - Sync 1 DAGs
[2024-07-18T19:05:30.544+0200] {logging_mixin.py:188} INFO - [2024-07-18T19:05:30.544+0200] {dag.py:3947} INFO - Setting next_dagrun for tutorial_objectstorage to None, run_after=None
[2024-07-18T19:05:30.558+0200] {processor.py:183} INFO - Processing /home/richonlinux/Documents/GitHub/AirflowTuto/venv/lib/python3.10/site-packages/airflow/example_dags/tutorial_objectstorage.py took 0.050 seconds
[2024-07-18T19:06:26.671+0200] {processor.py:161} INFO - Started process (PID=284765) to work on /home/richonlinux/Documents/GitHub/AirflowTuto/venv/lib/python3.10/site-packages/airflow/example_dags/tutorial_objectstorage.py
[2024-07-18T19:06:26.672+0200] {processor.py:830} INFO - Processing file /home/richonlinux/Documents/GitHub/AirflowTuto/venv/lib/python3.10/site-packages/airflow/example_dags/tutorial_objectstorage.py for tasks to queue
[2024-07-18T19:06:26.674+0200] {logging_mixin.py:188} INFO - [2024-07-18T19:06:26.674+0200] {dagbag.py:545} INFO - Filling up the DagBag from /home/richonlinux/Documents/GitHub/AirflowTuto/venv/lib/python3.10/site-packages/airflow/example_dags/tutorial_objectstorage.py
[2024-07-18T19:06:26.680+0200] {processor.py:840} INFO - DAG(s) 'tutorial_objectstorage' retrieved from /home/richonlinux/Documents/GitHub/AirflowTuto/venv/lib/python3.10/site-packages/airflow/example_dags/tutorial_objectstorage.py
[2024-07-18T19:06:26.689+0200] {logging_mixin.py:188} INFO - [2024-07-18T19:06:26.688+0200] {dag.py:3089} INFO - Sync 1 DAGs
[2024-07-18T19:06:26.697+0200] {logging_mixin.py:188} INFO - [2024-07-18T19:06:26.697+0200] {dag.py:3947} INFO - Setting next_dagrun for tutorial_objectstorage to None, run_after=None
[2024-07-18T19:06:26.713+0200] {processor.py:183} INFO - Processing /home/richonlinux/Documents/GitHub/AirflowTuto/venv/lib/python3.10/site-packages/airflow/example_dags/tutorial_objectstorage.py took 0.051 seconds
[2024-07-18T19:07:27.437+0200] {processor.py:161} INFO - Started process (PID=285732) to work on /home/richonlinux/Documents/GitHub/AirflowTuto/venv/lib/python3.10/site-packages/airflow/example_dags/tutorial_objectstorage.py
[2024-07-18T19:07:27.439+0200] {processor.py:830} INFO - Processing file /home/richonlinux/Documents/GitHub/AirflowTuto/venv/lib/python3.10/site-packages/airflow/example_dags/tutorial_objectstorage.py for tasks to queue
[2024-07-18T19:07:27.440+0200] {logging_mixin.py:188} INFO - [2024-07-18T19:07:27.440+0200] {dagbag.py:545} INFO - Filling up the DagBag from /home/richonlinux/Documents/GitHub/AirflowTuto/venv/lib/python3.10/site-packages/airflow/example_dags/tutorial_objectstorage.py
[2024-07-18T19:07:27.446+0200] {processor.py:840} INFO - DAG(s) 'tutorial_objectstorage' retrieved from /home/richonlinux/Documents/GitHub/AirflowTuto/venv/lib/python3.10/site-packages/airflow/example_dags/tutorial_objectstorage.py
[2024-07-18T19:07:27.454+0200] {logging_mixin.py:188} INFO - [2024-07-18T19:07:27.454+0200] {dag.py:3089} INFO - Sync 1 DAGs
[2024-07-18T19:07:27.460+0200] {logging_mixin.py:188} INFO - [2024-07-18T19:07:27.460+0200] {dag.py:3947} INFO - Setting next_dagrun for tutorial_objectstorage to None, run_after=None
[2024-07-18T19:07:27.473+0200] {processor.py:183} INFO - Processing /home/richonlinux/Documents/GitHub/AirflowTuto/venv/lib/python3.10/site-packages/airflow/example_dags/tutorial_objectstorage.py took 0.043 seconds
[2024-07-18T19:08:26.207+0200] {processor.py:161} INFO - Started process (PID=286714) to work on /home/richonlinux/Documents/GitHub/AirflowTuto/venv/lib/python3.10/site-packages/airflow/example_dags/tutorial_objectstorage.py
[2024-07-18T19:08:26.207+0200] {processor.py:830} INFO - Processing file /home/richonlinux/Documents/GitHub/AirflowTuto/venv/lib/python3.10/site-packages/airflow/example_dags/tutorial_objectstorage.py for tasks to queue
[2024-07-18T19:08:26.208+0200] {logging_mixin.py:188} INFO - [2024-07-18T19:08:26.208+0200] {dagbag.py:545} INFO - Filling up the DagBag from /home/richonlinux/Documents/GitHub/AirflowTuto/venv/lib/python3.10/site-packages/airflow/example_dags/tutorial_objectstorage.py
[2024-07-18T19:08:26.213+0200] {processor.py:840} INFO - DAG(s) 'tutorial_objectstorage' retrieved from /home/richonlinux/Documents/GitHub/AirflowTuto/venv/lib/python3.10/site-packages/airflow/example_dags/tutorial_objectstorage.py
[2024-07-18T19:08:26.223+0200] {logging_mixin.py:188} INFO - [2024-07-18T19:08:26.223+0200] {dag.py:3089} INFO - Sync 1 DAGs
[2024-07-18T19:08:26.231+0200] {logging_mixin.py:188} INFO - [2024-07-18T19:08:26.231+0200] {dag.py:3947} INFO - Setting next_dagrun for tutorial_objectstorage to None, run_after=None
[2024-07-18T19:08:26.245+0200] {processor.py:183} INFO - Processing /home/richonlinux/Documents/GitHub/AirflowTuto/venv/lib/python3.10/site-packages/airflow/example_dags/tutorial_objectstorage.py took 0.042 seconds
[2024-07-18T19:09:24.381+0200] {processor.py:161} INFO - Started process (PID=287681) to work on /home/richonlinux/Documents/GitHub/AirflowTuto/venv/lib/python3.10/site-packages/airflow/example_dags/tutorial_objectstorage.py
[2024-07-18T19:09:24.384+0200] {processor.py:830} INFO - Processing file /home/richonlinux/Documents/GitHub/AirflowTuto/venv/lib/python3.10/site-packages/airflow/example_dags/tutorial_objectstorage.py for tasks to queue
[2024-07-18T19:09:24.386+0200] {logging_mixin.py:188} INFO - [2024-07-18T19:09:24.385+0200] {dagbag.py:545} INFO - Filling up the DagBag from /home/richonlinux/Documents/GitHub/AirflowTuto/venv/lib/python3.10/site-packages/airflow/example_dags/tutorial_objectstorage.py
[2024-07-18T19:09:24.392+0200] {processor.py:840} INFO - DAG(s) 'tutorial_objectstorage' retrieved from /home/richonlinux/Documents/GitHub/AirflowTuto/venv/lib/python3.10/site-packages/airflow/example_dags/tutorial_objectstorage.py
[2024-07-18T19:09:24.401+0200] {logging_mixin.py:188} INFO - [2024-07-18T19:09:24.401+0200] {dag.py:3089} INFO - Sync 1 DAGs
[2024-07-18T19:09:24.407+0200] {logging_mixin.py:188} INFO - [2024-07-18T19:09:24.407+0200] {dag.py:3947} INFO - Setting next_dagrun for tutorial_objectstorage to None, run_after=None
[2024-07-18T19:09:24.421+0200] {processor.py:183} INFO - Processing /home/richonlinux/Documents/GitHub/AirflowTuto/venv/lib/python3.10/site-packages/airflow/example_dags/tutorial_objectstorage.py took 0.044 seconds
[2024-07-18T19:10:22.013+0200] {processor.py:161} INFO - Started process (PID=288602) to work on /home/richonlinux/Documents/GitHub/AirflowTuto/venv/lib/python3.10/site-packages/airflow/example_dags/tutorial_objectstorage.py
[2024-07-18T19:10:22.017+0200] {processor.py:830} INFO - Processing file /home/richonlinux/Documents/GitHub/AirflowTuto/venv/lib/python3.10/site-packages/airflow/example_dags/tutorial_objectstorage.py for tasks to queue
[2024-07-18T19:10:22.018+0200] {logging_mixin.py:188} INFO - [2024-07-18T19:10:22.018+0200] {dagbag.py:545} INFO - Filling up the DagBag from /home/richonlinux/Documents/GitHub/AirflowTuto/venv/lib/python3.10/site-packages/airflow/example_dags/tutorial_objectstorage.py
[2024-07-18T19:10:22.022+0200] {processor.py:840} INFO - DAG(s) 'tutorial_objectstorage' retrieved from /home/richonlinux/Documents/GitHub/AirflowTuto/venv/lib/python3.10/site-packages/airflow/example_dags/tutorial_objectstorage.py
[2024-07-18T19:10:22.032+0200] {logging_mixin.py:188} INFO - [2024-07-18T19:10:22.031+0200] {dag.py:3089} INFO - Sync 1 DAGs
[2024-07-18T19:10:22.038+0200] {logging_mixin.py:188} INFO - [2024-07-18T19:10:22.038+0200] {dag.py:3947} INFO - Setting next_dagrun for tutorial_objectstorage to None, run_after=None
[2024-07-18T19:10:22.051+0200] {processor.py:183} INFO - Processing /home/richonlinux/Documents/GitHub/AirflowTuto/venv/lib/python3.10/site-packages/airflow/example_dags/tutorial_objectstorage.py took 0.041 seconds
[2024-07-18T19:11:15.567+0200] {processor.py:161} INFO - Started process (PID=289422) to work on /home/richonlinux/Documents/GitHub/AirflowTuto/venv/lib/python3.10/site-packages/airflow/example_dags/tutorial_objectstorage.py
[2024-07-18T19:11:15.568+0200] {processor.py:830} INFO - Processing file /home/richonlinux/Documents/GitHub/AirflowTuto/venv/lib/python3.10/site-packages/airflow/example_dags/tutorial_objectstorage.py for tasks to queue
[2024-07-18T19:11:15.570+0200] {logging_mixin.py:188} INFO - [2024-07-18T19:11:15.569+0200] {dagbag.py:545} INFO - Filling up the DagBag from /home/richonlinux/Documents/GitHub/AirflowTuto/venv/lib/python3.10/site-packages/airflow/example_dags/tutorial_objectstorage.py
[2024-07-18T19:11:15.575+0200] {processor.py:840} INFO - DAG(s) 'tutorial_objectstorage' retrieved from /home/richonlinux/Documents/GitHub/AirflowTuto/venv/lib/python3.10/site-packages/airflow/example_dags/tutorial_objectstorage.py
[2024-07-18T19:11:15.584+0200] {logging_mixin.py:188} INFO - [2024-07-18T19:11:15.584+0200] {dag.py:3089} INFO - Sync 1 DAGs
[2024-07-18T19:11:15.590+0200] {logging_mixin.py:188} INFO - [2024-07-18T19:11:15.590+0200] {dag.py:3947} INFO - Setting next_dagrun for tutorial_objectstorage to None, run_after=None
[2024-07-18T19:11:15.604+0200] {processor.py:183} INFO - Processing /home/richonlinux/Documents/GitHub/AirflowTuto/venv/lib/python3.10/site-packages/airflow/example_dags/tutorial_objectstorage.py took 0.041 seconds
[2024-07-18T19:12:12.104+0200] {processor.py:161} INFO - Started process (PID=290417) to work on /home/richonlinux/Documents/GitHub/AirflowTuto/venv/lib/python3.10/site-packages/airflow/example_dags/tutorial_objectstorage.py
[2024-07-18T19:12:12.105+0200] {processor.py:830} INFO - Processing file /home/richonlinux/Documents/GitHub/AirflowTuto/venv/lib/python3.10/site-packages/airflow/example_dags/tutorial_objectstorage.py for tasks to queue
[2024-07-18T19:12:12.106+0200] {logging_mixin.py:188} INFO - [2024-07-18T19:12:12.106+0200] {dagbag.py:545} INFO - Filling up the DagBag from /home/richonlinux/Documents/GitHub/AirflowTuto/venv/lib/python3.10/site-packages/airflow/example_dags/tutorial_objectstorage.py
[2024-07-18T19:12:12.111+0200] {processor.py:840} INFO - DAG(s) 'tutorial_objectstorage' retrieved from /home/richonlinux/Documents/GitHub/AirflowTuto/venv/lib/python3.10/site-packages/airflow/example_dags/tutorial_objectstorage.py
[2024-07-18T19:12:12.120+0200] {logging_mixin.py:188} INFO - [2024-07-18T19:12:12.120+0200] {dag.py:3089} INFO - Sync 1 DAGs
[2024-07-18T19:12:12.127+0200] {logging_mixin.py:188} INFO - [2024-07-18T19:12:12.127+0200] {dag.py:3947} INFO - Setting next_dagrun for tutorial_objectstorage to None, run_after=None
[2024-07-18T19:12:12.141+0200] {processor.py:183} INFO - Processing /home/richonlinux/Documents/GitHub/AirflowTuto/venv/lib/python3.10/site-packages/airflow/example_dags/tutorial_objectstorage.py took 0.044 seconds
[2024-07-18T19:13:11.249+0200] {processor.py:161} INFO - Started process (PID=291340) to work on /home/richonlinux/Documents/GitHub/AirflowTuto/venv/lib/python3.10/site-packages/airflow/example_dags/tutorial_objectstorage.py
[2024-07-18T19:13:11.250+0200] {processor.py:830} INFO - Processing file /home/richonlinux/Documents/GitHub/AirflowTuto/venv/lib/python3.10/site-packages/airflow/example_dags/tutorial_objectstorage.py for tasks to queue
[2024-07-18T19:13:11.252+0200] {logging_mixin.py:188} INFO - [2024-07-18T19:13:11.252+0200] {dagbag.py:545} INFO - Filling up the DagBag from /home/richonlinux/Documents/GitHub/AirflowTuto/venv/lib/python3.10/site-packages/airflow/example_dags/tutorial_objectstorage.py
[2024-07-18T19:13:11.257+0200] {processor.py:840} INFO - DAG(s) 'tutorial_objectstorage' retrieved from /home/richonlinux/Documents/GitHub/AirflowTuto/venv/lib/python3.10/site-packages/airflow/example_dags/tutorial_objectstorage.py
[2024-07-18T19:13:11.267+0200] {logging_mixin.py:188} INFO - [2024-07-18T19:13:11.266+0200] {dag.py:3089} INFO - Sync 1 DAGs
[2024-07-18T19:13:11.273+0200] {logging_mixin.py:188} INFO - [2024-07-18T19:13:11.273+0200] {dag.py:3947} INFO - Setting next_dagrun for tutorial_objectstorage to None, run_after=None
[2024-07-18T19:13:11.286+0200] {processor.py:183} INFO - Processing /home/richonlinux/Documents/GitHub/AirflowTuto/venv/lib/python3.10/site-packages/airflow/example_dags/tutorial_objectstorage.py took 0.045 seconds
[2024-07-18T19:14:08.436+0200] {processor.py:161} INFO - Started process (PID=292272) to work on /home/richonlinux/Documents/GitHub/AirflowTuto/venv/lib/python3.10/site-packages/airflow/example_dags/tutorial_objectstorage.py
[2024-07-18T19:14:08.436+0200] {processor.py:830} INFO - Processing file /home/richonlinux/Documents/GitHub/AirflowTuto/venv/lib/python3.10/site-packages/airflow/example_dags/tutorial_objectstorage.py for tasks to queue
[2024-07-18T19:14:08.437+0200] {logging_mixin.py:188} INFO - [2024-07-18T19:14:08.437+0200] {dagbag.py:545} INFO - Filling up the DagBag from /home/richonlinux/Documents/GitHub/AirflowTuto/venv/lib/python3.10/site-packages/airflow/example_dags/tutorial_objectstorage.py
[2024-07-18T19:14:08.441+0200] {processor.py:840} INFO - DAG(s) 'tutorial_objectstorage' retrieved from /home/richonlinux/Documents/GitHub/AirflowTuto/venv/lib/python3.10/site-packages/airflow/example_dags/tutorial_objectstorage.py
[2024-07-18T19:14:08.450+0200] {logging_mixin.py:188} INFO - [2024-07-18T19:14:08.450+0200] {dag.py:3089} INFO - Sync 1 DAGs
[2024-07-18T19:14:08.457+0200] {logging_mixin.py:188} INFO - [2024-07-18T19:14:08.457+0200] {dag.py:3947} INFO - Setting next_dagrun for tutorial_objectstorage to None, run_after=None
[2024-07-18T19:14:08.470+0200] {processor.py:183} INFO - Processing /home/richonlinux/Documents/GitHub/AirflowTuto/venv/lib/python3.10/site-packages/airflow/example_dags/tutorial_objectstorage.py took 0.038 seconds
[2024-07-18T19:15:09.536+0200] {processor.py:161} INFO - Started process (PID=293237) to work on /home/richonlinux/Documents/GitHub/AirflowTuto/venv/lib/python3.10/site-packages/airflow/example_dags/tutorial_objectstorage.py
[2024-07-18T19:15:09.537+0200] {processor.py:830} INFO - Processing file /home/richonlinux/Documents/GitHub/AirflowTuto/venv/lib/python3.10/site-packages/airflow/example_dags/tutorial_objectstorage.py for tasks to queue
[2024-07-18T19:15:09.538+0200] {logging_mixin.py:188} INFO - [2024-07-18T19:15:09.538+0200] {dagbag.py:545} INFO - Filling up the DagBag from /home/richonlinux/Documents/GitHub/AirflowTuto/venv/lib/python3.10/site-packages/airflow/example_dags/tutorial_objectstorage.py
[2024-07-18T19:15:09.543+0200] {processor.py:840} INFO - DAG(s) 'tutorial_objectstorage' retrieved from /home/richonlinux/Documents/GitHub/AirflowTuto/venv/lib/python3.10/site-packages/airflow/example_dags/tutorial_objectstorage.py
[2024-07-18T19:15:09.553+0200] {logging_mixin.py:188} INFO - [2024-07-18T19:15:09.553+0200] {dag.py:3089} INFO - Sync 1 DAGs
[2024-07-18T19:15:09.560+0200] {logging_mixin.py:188} INFO - [2024-07-18T19:15:09.560+0200] {dag.py:3947} INFO - Setting next_dagrun for tutorial_objectstorage to None, run_after=None
[2024-07-18T19:15:09.575+0200] {processor.py:183} INFO - Processing /home/richonlinux/Documents/GitHub/AirflowTuto/venv/lib/python3.10/site-packages/airflow/example_dags/tutorial_objectstorage.py took 0.042 seconds
[2024-07-18T19:16:10.011+0200] {processor.py:161} INFO - Started process (PID=294184) to work on /home/richonlinux/Documents/GitHub/AirflowTuto/venv/lib/python3.10/site-packages/airflow/example_dags/tutorial_objectstorage.py
[2024-07-18T19:16:10.013+0200] {processor.py:830} INFO - Processing file /home/richonlinux/Documents/GitHub/AirflowTuto/venv/lib/python3.10/site-packages/airflow/example_dags/tutorial_objectstorage.py for tasks to queue
[2024-07-18T19:16:10.014+0200] {logging_mixin.py:188} INFO - [2024-07-18T19:16:10.013+0200] {dagbag.py:545} INFO - Filling up the DagBag from /home/richonlinux/Documents/GitHub/AirflowTuto/venv/lib/python3.10/site-packages/airflow/example_dags/tutorial_objectstorage.py
[2024-07-18T19:16:10.019+0200] {processor.py:840} INFO - DAG(s) 'tutorial_objectstorage' retrieved from /home/richonlinux/Documents/GitHub/AirflowTuto/venv/lib/python3.10/site-packages/airflow/example_dags/tutorial_objectstorage.py
[2024-07-18T19:16:10.029+0200] {logging_mixin.py:188} INFO - [2024-07-18T19:16:10.028+0200] {dag.py:3089} INFO - Sync 1 DAGs
[2024-07-18T19:16:10.036+0200] {logging_mixin.py:188} INFO - [2024-07-18T19:16:10.036+0200] {dag.py:3947} INFO - Setting next_dagrun for tutorial_objectstorage to None, run_after=None
[2024-07-18T19:16:10.053+0200] {processor.py:183} INFO - Processing /home/richonlinux/Documents/GitHub/AirflowTuto/venv/lib/python3.10/site-packages/airflow/example_dags/tutorial_objectstorage.py took 0.045 seconds
[2024-07-18T19:17:04.813+0200] {processor.py:161} INFO - Started process (PID=295127) to work on /home/richonlinux/Documents/GitHub/AirflowTuto/venv/lib/python3.10/site-packages/airflow/example_dags/tutorial_objectstorage.py
[2024-07-18T19:17:04.814+0200] {processor.py:830} INFO - Processing file /home/richonlinux/Documents/GitHub/AirflowTuto/venv/lib/python3.10/site-packages/airflow/example_dags/tutorial_objectstorage.py for tasks to queue
[2024-07-18T19:17:04.815+0200] {logging_mixin.py:188} INFO - [2024-07-18T19:17:04.815+0200] {dagbag.py:545} INFO - Filling up the DagBag from /home/richonlinux/Documents/GitHub/AirflowTuto/venv/lib/python3.10/site-packages/airflow/example_dags/tutorial_objectstorage.py
[2024-07-18T19:17:04.819+0200] {processor.py:840} INFO - DAG(s) 'tutorial_objectstorage' retrieved from /home/richonlinux/Documents/GitHub/AirflowTuto/venv/lib/python3.10/site-packages/airflow/example_dags/tutorial_objectstorage.py
[2024-07-18T19:17:04.827+0200] {logging_mixin.py:188} INFO - [2024-07-18T19:17:04.827+0200] {dag.py:3089} INFO - Sync 1 DAGs
[2024-07-18T19:17:04.833+0200] {logging_mixin.py:188} INFO - [2024-07-18T19:17:04.833+0200] {dag.py:3947} INFO - Setting next_dagrun for tutorial_objectstorage to None, run_after=None
[2024-07-18T19:17:04.846+0200] {processor.py:183} INFO - Processing /home/richonlinux/Documents/GitHub/AirflowTuto/venv/lib/python3.10/site-packages/airflow/example_dags/tutorial_objectstorage.py took 0.036 seconds
[2024-07-18T19:18:03.085+0200] {processor.py:161} INFO - Started process (PID=296087) to work on /home/richonlinux/Documents/GitHub/AirflowTuto/venv/lib/python3.10/site-packages/airflow/example_dags/tutorial_objectstorage.py
[2024-07-18T19:18:03.086+0200] {processor.py:830} INFO - Processing file /home/richonlinux/Documents/GitHub/AirflowTuto/venv/lib/python3.10/site-packages/airflow/example_dags/tutorial_objectstorage.py for tasks to queue
[2024-07-18T19:18:03.087+0200] {logging_mixin.py:188} INFO - [2024-07-18T19:18:03.087+0200] {dagbag.py:545} INFO - Filling up the DagBag from /home/richonlinux/Documents/GitHub/AirflowTuto/venv/lib/python3.10/site-packages/airflow/example_dags/tutorial_objectstorage.py
[2024-07-18T19:18:03.093+0200] {processor.py:840} INFO - DAG(s) 'tutorial_objectstorage' retrieved from /home/richonlinux/Documents/GitHub/AirflowTuto/venv/lib/python3.10/site-packages/airflow/example_dags/tutorial_objectstorage.py
[2024-07-18T19:18:03.101+0200] {logging_mixin.py:188} INFO - [2024-07-18T19:18:03.101+0200] {dag.py:3089} INFO - Sync 1 DAGs
[2024-07-18T19:18:03.109+0200] {logging_mixin.py:188} INFO - [2024-07-18T19:18:03.108+0200] {dag.py:3947} INFO - Setting next_dagrun for tutorial_objectstorage to None, run_after=None
[2024-07-18T19:18:03.123+0200] {processor.py:183} INFO - Processing /home/richonlinux/Documents/GitHub/AirflowTuto/venv/lib/python3.10/site-packages/airflow/example_dags/tutorial_objectstorage.py took 0.041 seconds
[2024-07-18T19:19:04.637+0200] {processor.py:161} INFO - Started process (PID=297108) to work on /home/richonlinux/Documents/GitHub/AirflowTuto/venv/lib/python3.10/site-packages/airflow/example_dags/tutorial_objectstorage.py
[2024-07-18T19:19:04.639+0200] {processor.py:830} INFO - Processing file /home/richonlinux/Documents/GitHub/AirflowTuto/venv/lib/python3.10/site-packages/airflow/example_dags/tutorial_objectstorage.py for tasks to queue
[2024-07-18T19:19:04.639+0200] {logging_mixin.py:188} INFO - [2024-07-18T19:19:04.639+0200] {dagbag.py:545} INFO - Filling up the DagBag from /home/richonlinux/Documents/GitHub/AirflowTuto/venv/lib/python3.10/site-packages/airflow/example_dags/tutorial_objectstorage.py
[2024-07-18T19:19:04.645+0200] {processor.py:840} INFO - DAG(s) 'tutorial_objectstorage' retrieved from /home/richonlinux/Documents/GitHub/AirflowTuto/venv/lib/python3.10/site-packages/airflow/example_dags/tutorial_objectstorage.py
[2024-07-18T19:19:04.655+0200] {logging_mixin.py:188} INFO - [2024-07-18T19:19:04.655+0200] {dag.py:3089} INFO - Sync 1 DAGs
[2024-07-18T19:19:04.662+0200] {logging_mixin.py:188} INFO - [2024-07-18T19:19:04.662+0200] {dag.py:3947} INFO - Setting next_dagrun for tutorial_objectstorage to None, run_after=None
[2024-07-18T19:19:04.677+0200] {processor.py:183} INFO - Processing /home/richonlinux/Documents/GitHub/AirflowTuto/venv/lib/python3.10/site-packages/airflow/example_dags/tutorial_objectstorage.py took 0.044 seconds
[2024-07-18T19:20:01.005+0200] {processor.py:161} INFO - Started process (PID=298019) to work on /home/richonlinux/Documents/GitHub/AirflowTuto/venv/lib/python3.10/site-packages/airflow/example_dags/tutorial_objectstorage.py
[2024-07-18T19:20:01.009+0200] {processor.py:830} INFO - Processing file /home/richonlinux/Documents/GitHub/AirflowTuto/venv/lib/python3.10/site-packages/airflow/example_dags/tutorial_objectstorage.py for tasks to queue
[2024-07-18T19:20:01.010+0200] {logging_mixin.py:188} INFO - [2024-07-18T19:20:01.010+0200] {dagbag.py:545} INFO - Filling up the DagBag from /home/richonlinux/Documents/GitHub/AirflowTuto/venv/lib/python3.10/site-packages/airflow/example_dags/tutorial_objectstorage.py
[2024-07-18T19:20:01.015+0200] {processor.py:840} INFO - DAG(s) 'tutorial_objectstorage' retrieved from /home/richonlinux/Documents/GitHub/AirflowTuto/venv/lib/python3.10/site-packages/airflow/example_dags/tutorial_objectstorage.py
[2024-07-18T19:20:01.024+0200] {logging_mixin.py:188} INFO - [2024-07-18T19:20:01.024+0200] {dag.py:3089} INFO - Sync 1 DAGs
[2024-07-18T19:20:01.031+0200] {logging_mixin.py:188} INFO - [2024-07-18T19:20:01.030+0200] {dag.py:3947} INFO - Setting next_dagrun for tutorial_objectstorage to None, run_after=None
[2024-07-18T19:20:01.049+0200] {processor.py:183} INFO - Processing /home/richonlinux/Documents/GitHub/AirflowTuto/venv/lib/python3.10/site-packages/airflow/example_dags/tutorial_objectstorage.py took 0.047 seconds
[2024-07-18T19:21:03.757+0200] {processor.py:161} INFO - Started process (PID=299024) to work on /home/richonlinux/Documents/GitHub/AirflowTuto/venv/lib/python3.10/site-packages/airflow/example_dags/tutorial_objectstorage.py
[2024-07-18T19:21:03.758+0200] {processor.py:830} INFO - Processing file /home/richonlinux/Documents/GitHub/AirflowTuto/venv/lib/python3.10/site-packages/airflow/example_dags/tutorial_objectstorage.py for tasks to queue
[2024-07-18T19:21:03.759+0200] {logging_mixin.py:188} INFO - [2024-07-18T19:21:03.759+0200] {dagbag.py:545} INFO - Filling up the DagBag from /home/richonlinux/Documents/GitHub/AirflowTuto/venv/lib/python3.10/site-packages/airflow/example_dags/tutorial_objectstorage.py
[2024-07-18T19:21:03.765+0200] {processor.py:840} INFO - DAG(s) 'tutorial_objectstorage' retrieved from /home/richonlinux/Documents/GitHub/AirflowTuto/venv/lib/python3.10/site-packages/airflow/example_dags/tutorial_objectstorage.py
[2024-07-18T19:21:03.780+0200] {logging_mixin.py:188} INFO - [2024-07-18T19:21:03.780+0200] {dag.py:3089} INFO - Sync 1 DAGs
[2024-07-18T19:21:03.790+0200] {logging_mixin.py:188} INFO - [2024-07-18T19:21:03.790+0200] {dag.py:3947} INFO - Setting next_dagrun for tutorial_objectstorage to None, run_after=None
[2024-07-18T19:21:03.807+0200] {processor.py:183} INFO - Processing /home/richonlinux/Documents/GitHub/AirflowTuto/venv/lib/python3.10/site-packages/airflow/example_dags/tutorial_objectstorage.py took 0.054 seconds
[2024-07-18T19:22:04.225+0200] {processor.py:161} INFO - Started process (PID=300072) to work on /home/richonlinux/Documents/GitHub/AirflowTuto/venv/lib/python3.10/site-packages/airflow/example_dags/tutorial_objectstorage.py
[2024-07-18T19:22:04.229+0200] {processor.py:830} INFO - Processing file /home/richonlinux/Documents/GitHub/AirflowTuto/venv/lib/python3.10/site-packages/airflow/example_dags/tutorial_objectstorage.py for tasks to queue
[2024-07-18T19:22:04.230+0200] {logging_mixin.py:188} INFO - [2024-07-18T19:22:04.229+0200] {dagbag.py:545} INFO - Filling up the DagBag from /home/richonlinux/Documents/GitHub/AirflowTuto/venv/lib/python3.10/site-packages/airflow/example_dags/tutorial_objectstorage.py
[2024-07-18T19:22:04.235+0200] {processor.py:840} INFO - DAG(s) 'tutorial_objectstorage' retrieved from /home/richonlinux/Documents/GitHub/AirflowTuto/venv/lib/python3.10/site-packages/airflow/example_dags/tutorial_objectstorage.py
[2024-07-18T19:22:04.245+0200] {logging_mixin.py:188} INFO - [2024-07-18T19:22:04.245+0200] {dag.py:3089} INFO - Sync 1 DAGs
[2024-07-18T19:22:04.253+0200] {logging_mixin.py:188} INFO - [2024-07-18T19:22:04.253+0200] {dag.py:3947} INFO - Setting next_dagrun for tutorial_objectstorage to None, run_after=None
[2024-07-18T19:22:04.268+0200] {processor.py:183} INFO - Processing /home/richonlinux/Documents/GitHub/AirflowTuto/venv/lib/python3.10/site-packages/airflow/example_dags/tutorial_objectstorage.py took 0.047 seconds
