[2024-07-18T18:16:44.946+0200] {processor.py:161} INFO - Started process (PID=258368) to work on /home/richonlinux/Documents/GitHub/AirflowTuto/venv/lib/python3.10/site-packages/airflow/example_dags/tutorial_taskflow_api.py
[2024-07-18T18:16:44.947+0200] {processor.py:830} INFO - Processing file /home/richonlinux/Documents/GitHub/AirflowTuto/venv/lib/python3.10/site-packages/airflow/example_dags/tutorial_taskflow_api.py for tasks to queue
[2024-07-18T18:16:44.949+0200] {logging_mixin.py:188} INFO - [2024-07-18T18:16:44.948+0200] {dagbag.py:545} INFO - Filling up the DagBag from /home/richonlinux/Documents/GitHub/AirflowTuto/venv/lib/python3.10/site-packages/airflow/example_dags/tutorial_taskflow_api.py
[2024-07-18T18:16:44.954+0200] {processor.py:840} INFO - DAG(s) 'tutorial_taskflow_api' retrieved from /home/richonlinux/Documents/GitHub/AirflowTuto/venv/lib/python3.10/site-packages/airflow/example_dags/tutorial_taskflow_api.py
[2024-07-18T18:16:45.008+0200] {logging_mixin.py:188} INFO - [2024-07-18T18:16:45.008+0200] {override.py:1858} INFO - Created Permission View: can edit on DAG:tutorial_taskflow_api
[2024-07-18T18:16:45.016+0200] {logging_mixin.py:188} INFO - [2024-07-18T18:16:45.015+0200] {override.py:1858} INFO - Created Permission View: can read on DAG:tutorial_taskflow_api
[2024-07-18T18:16:45.021+0200] {logging_mixin.py:188} INFO - [2024-07-18T18:16:45.021+0200] {override.py:1858} INFO - Created Permission View: can delete on DAG:tutorial_taskflow_api
[2024-07-18T18:16:45.021+0200] {logging_mixin.py:188} INFO - [2024-07-18T18:16:45.021+0200] {dag.py:3089} INFO - Sync 1 DAGs
[2024-07-18T18:16:45.027+0200] {logging_mixin.py:188} INFO - [2024-07-18T18:16:45.027+0200] {dag.py:3111} INFO - Creating ORM DAG for tutorial_taskflow_api
[2024-07-18T18:16:45.027+0200] {logging_mixin.py:188} INFO - [2024-07-18T18:16:45.027+0200] {dag.py:3947} INFO - Setting next_dagrun for tutorial_taskflow_api to None, run_after=None
[2024-07-18T18:16:45.040+0200] {processor.py:183} INFO - Processing /home/richonlinux/Documents/GitHub/AirflowTuto/venv/lib/python3.10/site-packages/airflow/example_dags/tutorial_taskflow_api.py took 0.100 seconds
[2024-07-18T18:17:36.797+0200] {processor.py:161} INFO - Started process (PID=259208) to work on /home/richonlinux/Documents/GitHub/AirflowTuto/venv/lib/python3.10/site-packages/airflow/example_dags/tutorial_taskflow_api.py
[2024-07-18T18:17:36.801+0200] {processor.py:830} INFO - Processing file /home/richonlinux/Documents/GitHub/AirflowTuto/venv/lib/python3.10/site-packages/airflow/example_dags/tutorial_taskflow_api.py for tasks to queue
[2024-07-18T18:17:36.802+0200] {logging_mixin.py:188} INFO - [2024-07-18T18:17:36.802+0200] {dagbag.py:545} INFO - Filling up the DagBag from /home/richonlinux/Documents/GitHub/AirflowTuto/venv/lib/python3.10/site-packages/airflow/example_dags/tutorial_taskflow_api.py
[2024-07-18T18:17:36.806+0200] {processor.py:840} INFO - DAG(s) 'tutorial_taskflow_api' retrieved from /home/richonlinux/Documents/GitHub/AirflowTuto/venv/lib/python3.10/site-packages/airflow/example_dags/tutorial_taskflow_api.py
[2024-07-18T18:17:36.817+0200] {logging_mixin.py:188} INFO - [2024-07-18T18:17:36.817+0200] {dag.py:3089} INFO - Sync 1 DAGs
[2024-07-18T18:17:36.824+0200] {logging_mixin.py:188} INFO - [2024-07-18T18:17:36.824+0200] {dag.py:3947} INFO - Setting next_dagrun for tutorial_taskflow_api to None, run_after=None
[2024-07-18T18:17:36.836+0200] {processor.py:183} INFO - Processing /home/richonlinux/Documents/GitHub/AirflowTuto/venv/lib/python3.10/site-packages/airflow/example_dags/tutorial_taskflow_api.py took 0.045 seconds
[2024-07-18T18:44:25.465+0200] {processor.py:161} INFO - Started process (PID=260429) to work on /home/richonlinux/Documents/GitHub/AirflowTuto/venv/lib/python3.10/site-packages/airflow/example_dags/tutorial_taskflow_api.py
[2024-07-18T18:44:25.466+0200] {processor.py:830} INFO - Processing file /home/richonlinux/Documents/GitHub/AirflowTuto/venv/lib/python3.10/site-packages/airflow/example_dags/tutorial_taskflow_api.py for tasks to queue
[2024-07-18T18:44:25.467+0200] {logging_mixin.py:188} INFO - [2024-07-18T18:44:25.467+0200] {dagbag.py:545} INFO - Filling up the DagBag from /home/richonlinux/Documents/GitHub/AirflowTuto/venv/lib/python3.10/site-packages/airflow/example_dags/tutorial_taskflow_api.py
[2024-07-18T18:44:25.470+0200] {processor.py:840} INFO - DAG(s) 'tutorial_taskflow_api' retrieved from /home/richonlinux/Documents/GitHub/AirflowTuto/venv/lib/python3.10/site-packages/airflow/example_dags/tutorial_taskflow_api.py
[2024-07-18T18:44:25.479+0200] {logging_mixin.py:188} INFO - [2024-07-18T18:44:25.479+0200] {dag.py:3089} INFO - Sync 1 DAGs
[2024-07-18T18:44:25.485+0200] {logging_mixin.py:188} INFO - [2024-07-18T18:44:25.485+0200] {dag.py:3947} INFO - Setting next_dagrun for tutorial_taskflow_api to None, run_after=None
[2024-07-18T18:44:25.559+0200] {processor.py:183} INFO - Processing /home/richonlinux/Documents/GitHub/AirflowTuto/venv/lib/python3.10/site-packages/airflow/example_dags/tutorial_taskflow_api.py took 0.097 seconds
[2024-07-18T18:45:17.131+0200] {processor.py:161} INFO - Started process (PID=261501) to work on /home/richonlinux/Documents/GitHub/AirflowTuto/venv/lib/python3.10/site-packages/airflow/example_dags/tutorial_taskflow_api.py
[2024-07-18T18:45:17.135+0200] {processor.py:830} INFO - Processing file /home/richonlinux/Documents/GitHub/AirflowTuto/venv/lib/python3.10/site-packages/airflow/example_dags/tutorial_taskflow_api.py for tasks to queue
[2024-07-18T18:45:17.136+0200] {logging_mixin.py:188} INFO - [2024-07-18T18:45:17.136+0200] {dagbag.py:545} INFO - Filling up the DagBag from /home/richonlinux/Documents/GitHub/AirflowTuto/venv/lib/python3.10/site-packages/airflow/example_dags/tutorial_taskflow_api.py
[2024-07-18T18:45:17.140+0200] {processor.py:840} INFO - DAG(s) 'tutorial_taskflow_api' retrieved from /home/richonlinux/Documents/GitHub/AirflowTuto/venv/lib/python3.10/site-packages/airflow/example_dags/tutorial_taskflow_api.py
[2024-07-18T18:45:17.148+0200] {logging_mixin.py:188} INFO - [2024-07-18T18:45:17.148+0200] {dag.py:3089} INFO - Sync 1 DAGs
[2024-07-18T18:45:17.154+0200] {logging_mixin.py:188} INFO - [2024-07-18T18:45:17.154+0200] {dag.py:3947} INFO - Setting next_dagrun for tutorial_taskflow_api to None, run_after=None
[2024-07-18T18:45:17.167+0200] {processor.py:183} INFO - Processing /home/richonlinux/Documents/GitHub/AirflowTuto/venv/lib/python3.10/site-packages/airflow/example_dags/tutorial_taskflow_api.py took 0.039 seconds
[2024-07-18T18:46:13.822+0200] {processor.py:161} INFO - Started process (PID=262758) to work on /home/richonlinux/Documents/GitHub/AirflowTuto/venv/lib/python3.10/site-packages/airflow/example_dags/tutorial_taskflow_api.py
[2024-07-18T18:46:13.823+0200] {processor.py:830} INFO - Processing file /home/richonlinux/Documents/GitHub/AirflowTuto/venv/lib/python3.10/site-packages/airflow/example_dags/tutorial_taskflow_api.py for tasks to queue
[2024-07-18T18:46:13.824+0200] {logging_mixin.py:188} INFO - [2024-07-18T18:46:13.824+0200] {dagbag.py:545} INFO - Filling up the DagBag from /home/richonlinux/Documents/GitHub/AirflowTuto/venv/lib/python3.10/site-packages/airflow/example_dags/tutorial_taskflow_api.py
[2024-07-18T18:46:13.828+0200] {processor.py:840} INFO - DAG(s) 'tutorial_taskflow_api' retrieved from /home/richonlinux/Documents/GitHub/AirflowTuto/venv/lib/python3.10/site-packages/airflow/example_dags/tutorial_taskflow_api.py
[2024-07-18T18:46:13.837+0200] {logging_mixin.py:188} INFO - [2024-07-18T18:46:13.837+0200] {dag.py:3089} INFO - Sync 1 DAGs
[2024-07-18T18:46:13.844+0200] {logging_mixin.py:188} INFO - [2024-07-18T18:46:13.844+0200] {dag.py:3947} INFO - Setting next_dagrun for tutorial_taskflow_api to None, run_after=None
[2024-07-18T18:46:13.857+0200] {processor.py:183} INFO - Processing /home/richonlinux/Documents/GitHub/AirflowTuto/venv/lib/python3.10/site-packages/airflow/example_dags/tutorial_taskflow_api.py took 0.040 seconds
[2024-07-18T18:49:56.347+0200] {processor.py:161} INFO - Started process (PID=266781) to work on /home/richonlinux/Documents/GitHub/AirflowTuto/venv/lib/python3.10/site-packages/airflow/example_dags/tutorial_taskflow_api.py
[2024-07-18T18:49:56.348+0200] {processor.py:830} INFO - Processing file /home/richonlinux/Documents/GitHub/AirflowTuto/venv/lib/python3.10/site-packages/airflow/example_dags/tutorial_taskflow_api.py for tasks to queue
[2024-07-18T18:49:56.349+0200] {logging_mixin.py:188} INFO - [2024-07-18T18:49:56.348+0200] {dagbag.py:545} INFO - Filling up the DagBag from /home/richonlinux/Documents/GitHub/AirflowTuto/venv/lib/python3.10/site-packages/airflow/example_dags/tutorial_taskflow_api.py
[2024-07-18T18:49:56.353+0200] {processor.py:840} INFO - DAG(s) 'tutorial_taskflow_api' retrieved from /home/richonlinux/Documents/GitHub/AirflowTuto/venv/lib/python3.10/site-packages/airflow/example_dags/tutorial_taskflow_api.py
[2024-07-18T18:49:56.400+0200] {logging_mixin.py:188} INFO - [2024-07-18T18:49:56.400+0200] {dag.py:3089} INFO - Sync 1 DAGs
[2024-07-18T18:49:56.404+0200] {logging_mixin.py:188} INFO - [2024-07-18T18:49:56.404+0200] {dag.py:3947} INFO - Setting next_dagrun for tutorial_taskflow_api to None, run_after=None
[2024-07-18T18:49:56.418+0200] {processor.py:183} INFO - Processing /home/richonlinux/Documents/GitHub/AirflowTuto/venv/lib/python3.10/site-packages/airflow/example_dags/tutorial_taskflow_api.py took 0.076 seconds
[2024-07-18T18:51:48.519+0200] {processor.py:161} INFO - Started process (PID=268729) to work on /home/richonlinux/Documents/GitHub/AirflowTuto/venv/lib/python3.10/site-packages/airflow/example_dags/tutorial_taskflow_api.py
[2024-07-18T18:51:48.520+0200] {processor.py:830} INFO - Processing file /home/richonlinux/Documents/GitHub/AirflowTuto/venv/lib/python3.10/site-packages/airflow/example_dags/tutorial_taskflow_api.py for tasks to queue
[2024-07-18T18:51:48.522+0200] {logging_mixin.py:188} INFO - [2024-07-18T18:51:48.521+0200] {dagbag.py:545} INFO - Filling up the DagBag from /home/richonlinux/Documents/GitHub/AirflowTuto/venv/lib/python3.10/site-packages/airflow/example_dags/tutorial_taskflow_api.py
[2024-07-18T18:51:48.527+0200] {processor.py:840} INFO - DAG(s) 'tutorial_taskflow_api' retrieved from /home/richonlinux/Documents/GitHub/AirflowTuto/venv/lib/python3.10/site-packages/airflow/example_dags/tutorial_taskflow_api.py
[2024-07-18T18:51:48.570+0200] {logging_mixin.py:188} INFO - [2024-07-18T18:51:48.570+0200] {dag.py:3089} INFO - Sync 1 DAGs
[2024-07-18T18:51:48.575+0200] {logging_mixin.py:188} INFO - [2024-07-18T18:51:48.575+0200] {dag.py:3947} INFO - Setting next_dagrun for tutorial_taskflow_api to None, run_after=None
[2024-07-18T18:51:48.587+0200] {processor.py:183} INFO - Processing /home/richonlinux/Documents/GitHub/AirflowTuto/venv/lib/python3.10/site-packages/airflow/example_dags/tutorial_taskflow_api.py took 0.076 seconds
[2024-07-18T18:52:41.583+0200] {processor.py:161} INFO - Started process (PID=269859) to work on /home/richonlinux/Documents/GitHub/AirflowTuto/venv/lib/python3.10/site-packages/airflow/example_dags/tutorial_taskflow_api.py
[2024-07-18T18:52:41.584+0200] {processor.py:830} INFO - Processing file /home/richonlinux/Documents/GitHub/AirflowTuto/venv/lib/python3.10/site-packages/airflow/example_dags/tutorial_taskflow_api.py for tasks to queue
[2024-07-18T18:52:41.585+0200] {logging_mixin.py:188} INFO - [2024-07-18T18:52:41.584+0200] {dagbag.py:545} INFO - Filling up the DagBag from /home/richonlinux/Documents/GitHub/AirflowTuto/venv/lib/python3.10/site-packages/airflow/example_dags/tutorial_taskflow_api.py
[2024-07-18T18:52:41.590+0200] {processor.py:840} INFO - DAG(s) 'tutorial_taskflow_api' retrieved from /home/richonlinux/Documents/GitHub/AirflowTuto/venv/lib/python3.10/site-packages/airflow/example_dags/tutorial_taskflow_api.py
[2024-07-18T18:52:41.602+0200] {logging_mixin.py:188} INFO - [2024-07-18T18:52:41.602+0200] {dag.py:3089} INFO - Sync 1 DAGs
[2024-07-18T18:52:41.609+0200] {logging_mixin.py:188} INFO - [2024-07-18T18:52:41.609+0200] {dag.py:3947} INFO - Setting next_dagrun for tutorial_taskflow_api to None, run_after=None
[2024-07-18T18:52:41.625+0200] {processor.py:183} INFO - Processing /home/richonlinux/Documents/GitHub/AirflowTuto/venv/lib/python3.10/site-packages/airflow/example_dags/tutorial_taskflow_api.py took 0.046 seconds
[2024-07-18T18:53:48.129+0200] {processor.py:161} INFO - Started process (PID=271583) to work on /home/richonlinux/Documents/GitHub/AirflowTuto/venv/lib/python3.10/site-packages/airflow/example_dags/tutorial_taskflow_api.py
[2024-07-18T18:53:48.133+0200] {processor.py:830} INFO - Processing file /home/richonlinux/Documents/GitHub/AirflowTuto/venv/lib/python3.10/site-packages/airflow/example_dags/tutorial_taskflow_api.py for tasks to queue
[2024-07-18T18:53:48.135+0200] {logging_mixin.py:188} INFO - [2024-07-18T18:53:48.135+0200] {dagbag.py:545} INFO - Filling up the DagBag from /home/richonlinux/Documents/GitHub/AirflowTuto/venv/lib/python3.10/site-packages/airflow/example_dags/tutorial_taskflow_api.py
[2024-07-18T18:53:48.206+0200] {processor.py:840} INFO - DAG(s) 'tutorial_taskflow_api' retrieved from /home/richonlinux/Documents/GitHub/AirflowTuto/venv/lib/python3.10/site-packages/airflow/example_dags/tutorial_taskflow_api.py
[2024-07-18T18:53:48.211+0200] {logging_mixin.py:188} INFO - [2024-07-18T18:53:48.211+0200] {dag.py:3089} INFO - Sync 1 DAGs
[2024-07-18T18:53:48.216+0200] {logging_mixin.py:188} INFO - [2024-07-18T18:53:48.216+0200] {dag.py:3947} INFO - Setting next_dagrun for tutorial_taskflow_api to None, run_after=None
[2024-07-18T18:53:48.227+0200] {processor.py:183} INFO - Processing /home/richonlinux/Documents/GitHub/AirflowTuto/venv/lib/python3.10/site-packages/airflow/example_dags/tutorial_taskflow_api.py took 0.107 seconds
[2024-07-18T18:54:52.584+0200] {processor.py:161} INFO - Started process (PID=272631) to work on /home/richonlinux/Documents/GitHub/AirflowTuto/venv/lib/python3.10/site-packages/airflow/example_dags/tutorial_taskflow_api.py
[2024-07-18T18:54:52.585+0200] {processor.py:830} INFO - Processing file /home/richonlinux/Documents/GitHub/AirflowTuto/venv/lib/python3.10/site-packages/airflow/example_dags/tutorial_taskflow_api.py for tasks to queue
[2024-07-18T18:54:52.586+0200] {logging_mixin.py:188} INFO - [2024-07-18T18:54:52.586+0200] {dagbag.py:545} INFO - Filling up the DagBag from /home/richonlinux/Documents/GitHub/AirflowTuto/venv/lib/python3.10/site-packages/airflow/example_dags/tutorial_taskflow_api.py
[2024-07-18T18:54:52.592+0200] {processor.py:840} INFO - DAG(s) 'tutorial_taskflow_api' retrieved from /home/richonlinux/Documents/GitHub/AirflowTuto/venv/lib/python3.10/site-packages/airflow/example_dags/tutorial_taskflow_api.py
[2024-07-18T18:54:52.600+0200] {logging_mixin.py:188} INFO - [2024-07-18T18:54:52.600+0200] {dag.py:3089} INFO - Sync 1 DAGs
[2024-07-18T18:54:52.606+0200] {logging_mixin.py:188} INFO - [2024-07-18T18:54:52.606+0200] {dag.py:3947} INFO - Setting next_dagrun for tutorial_taskflow_api to None, run_after=None
[2024-07-18T18:54:52.618+0200] {processor.py:183} INFO - Processing /home/richonlinux/Documents/GitHub/AirflowTuto/venv/lib/python3.10/site-packages/airflow/example_dags/tutorial_taskflow_api.py took 0.038 seconds
[2024-07-18T18:55:47.009+0200] {processor.py:161} INFO - Started process (PID=273514) to work on /home/richonlinux/Documents/GitHub/AirflowTuto/venv/lib/python3.10/site-packages/airflow/example_dags/tutorial_taskflow_api.py
[2024-07-18T18:55:47.010+0200] {processor.py:830} INFO - Processing file /home/richonlinux/Documents/GitHub/AirflowTuto/venv/lib/python3.10/site-packages/airflow/example_dags/tutorial_taskflow_api.py for tasks to queue
[2024-07-18T18:55:47.011+0200] {logging_mixin.py:188} INFO - [2024-07-18T18:55:47.010+0200] {dagbag.py:545} INFO - Filling up the DagBag from /home/richonlinux/Documents/GitHub/AirflowTuto/venv/lib/python3.10/site-packages/airflow/example_dags/tutorial_taskflow_api.py
[2024-07-18T18:55:47.014+0200] {processor.py:840} INFO - DAG(s) 'tutorial_taskflow_api' retrieved from /home/richonlinux/Documents/GitHub/AirflowTuto/venv/lib/python3.10/site-packages/airflow/example_dags/tutorial_taskflow_api.py
[2024-07-18T18:55:47.023+0200] {logging_mixin.py:188} INFO - [2024-07-18T18:55:47.023+0200] {dag.py:3089} INFO - Sync 1 DAGs
[2024-07-18T18:55:47.029+0200] {logging_mixin.py:188} INFO - [2024-07-18T18:55:47.029+0200] {dag.py:3947} INFO - Setting next_dagrun for tutorial_taskflow_api to None, run_after=None
[2024-07-18T18:55:47.041+0200] {processor.py:183} INFO - Processing /home/richonlinux/Documents/GitHub/AirflowTuto/venv/lib/python3.10/site-packages/airflow/example_dags/tutorial_taskflow_api.py took 0.035 seconds
[2024-07-18T18:56:46.845+0200] {processor.py:161} INFO - Started process (PID=274577) to work on /home/richonlinux/Documents/GitHub/AirflowTuto/venv/lib/python3.10/site-packages/airflow/example_dags/tutorial_taskflow_api.py
[2024-07-18T18:56:46.846+0200] {processor.py:830} INFO - Processing file /home/richonlinux/Documents/GitHub/AirflowTuto/venv/lib/python3.10/site-packages/airflow/example_dags/tutorial_taskflow_api.py for tasks to queue
[2024-07-18T18:56:46.848+0200] {logging_mixin.py:188} INFO - [2024-07-18T18:56:46.848+0200] {dagbag.py:545} INFO - Filling up the DagBag from /home/richonlinux/Documents/GitHub/AirflowTuto/venv/lib/python3.10/site-packages/airflow/example_dags/tutorial_taskflow_api.py
[2024-07-18T18:56:46.855+0200] {processor.py:840} INFO - DAG(s) 'tutorial_taskflow_api' retrieved from /home/richonlinux/Documents/GitHub/AirflowTuto/venv/lib/python3.10/site-packages/airflow/example_dags/tutorial_taskflow_api.py
[2024-07-18T18:56:46.871+0200] {logging_mixin.py:188} INFO - [2024-07-18T18:56:46.871+0200] {dag.py:3089} INFO - Sync 1 DAGs
[2024-07-18T18:56:46.884+0200] {logging_mixin.py:188} INFO - [2024-07-18T18:56:46.884+0200] {dag.py:3947} INFO - Setting next_dagrun for tutorial_taskflow_api to None, run_after=None
[2024-07-18T18:56:46.907+0200] {processor.py:183} INFO - Processing /home/richonlinux/Documents/GitHub/AirflowTuto/venv/lib/python3.10/site-packages/airflow/example_dags/tutorial_taskflow_api.py took 0.067 seconds
[2024-07-18T18:57:45.840+0200] {processor.py:161} INFO - Started process (PID=275533) to work on /home/richonlinux/Documents/GitHub/AirflowTuto/venv/lib/python3.10/site-packages/airflow/example_dags/tutorial_taskflow_api.py
[2024-07-18T18:57:45.845+0200] {processor.py:830} INFO - Processing file /home/richonlinux/Documents/GitHub/AirflowTuto/venv/lib/python3.10/site-packages/airflow/example_dags/tutorial_taskflow_api.py for tasks to queue
[2024-07-18T18:57:45.846+0200] {logging_mixin.py:188} INFO - [2024-07-18T18:57:45.846+0200] {dagbag.py:545} INFO - Filling up the DagBag from /home/richonlinux/Documents/GitHub/AirflowTuto/venv/lib/python3.10/site-packages/airflow/example_dags/tutorial_taskflow_api.py
[2024-07-18T18:57:45.852+0200] {processor.py:840} INFO - DAG(s) 'tutorial_taskflow_api' retrieved from /home/richonlinux/Documents/GitHub/AirflowTuto/venv/lib/python3.10/site-packages/airflow/example_dags/tutorial_taskflow_api.py
[2024-07-18T18:57:45.862+0200] {logging_mixin.py:188} INFO - [2024-07-18T18:57:45.861+0200] {dag.py:3089} INFO - Sync 1 DAGs
[2024-07-18T18:57:45.867+0200] {logging_mixin.py:188} INFO - [2024-07-18T18:57:45.867+0200] {dag.py:3947} INFO - Setting next_dagrun for tutorial_taskflow_api to None, run_after=None
[2024-07-18T18:57:45.879+0200] {processor.py:183} INFO - Processing /home/richonlinux/Documents/GitHub/AirflowTuto/venv/lib/python3.10/site-packages/airflow/example_dags/tutorial_taskflow_api.py took 0.048 seconds
[2024-07-18T18:58:46.341+0200] {processor.py:161} INFO - Started process (PID=276472) to work on /home/richonlinux/Documents/GitHub/AirflowTuto/venv/lib/python3.10/site-packages/airflow/example_dags/tutorial_taskflow_api.py
[2024-07-18T18:58:46.342+0200] {processor.py:830} INFO - Processing file /home/richonlinux/Documents/GitHub/AirflowTuto/venv/lib/python3.10/site-packages/airflow/example_dags/tutorial_taskflow_api.py for tasks to queue
[2024-07-18T18:58:46.343+0200] {logging_mixin.py:188} INFO - [2024-07-18T18:58:46.343+0200] {dagbag.py:545} INFO - Filling up the DagBag from /home/richonlinux/Documents/GitHub/AirflowTuto/venv/lib/python3.10/site-packages/airflow/example_dags/tutorial_taskflow_api.py
[2024-07-18T18:58:46.348+0200] {processor.py:840} INFO - DAG(s) 'tutorial_taskflow_api' retrieved from /home/richonlinux/Documents/GitHub/AirflowTuto/venv/lib/python3.10/site-packages/airflow/example_dags/tutorial_taskflow_api.py
[2024-07-18T18:58:46.357+0200] {logging_mixin.py:188} INFO - [2024-07-18T18:58:46.357+0200] {dag.py:3089} INFO - Sync 1 DAGs
[2024-07-18T18:58:46.364+0200] {logging_mixin.py:188} INFO - [2024-07-18T18:58:46.364+0200] {dag.py:3947} INFO - Setting next_dagrun for tutorial_taskflow_api to None, run_after=None
[2024-07-18T18:58:46.379+0200] {processor.py:183} INFO - Processing /home/richonlinux/Documents/GitHub/AirflowTuto/venv/lib/python3.10/site-packages/airflow/example_dags/tutorial_taskflow_api.py took 0.042 seconds
[2024-07-18T18:59:45.921+0200] {processor.py:161} INFO - Started process (PID=277627) to work on /home/richonlinux/Documents/GitHub/AirflowTuto/venv/lib/python3.10/site-packages/airflow/example_dags/tutorial_taskflow_api.py
[2024-07-18T18:59:45.921+0200] {processor.py:830} INFO - Processing file /home/richonlinux/Documents/GitHub/AirflowTuto/venv/lib/python3.10/site-packages/airflow/example_dags/tutorial_taskflow_api.py for tasks to queue
[2024-07-18T18:59:45.922+0200] {logging_mixin.py:188} INFO - [2024-07-18T18:59:45.922+0200] {dagbag.py:545} INFO - Filling up the DagBag from /home/richonlinux/Documents/GitHub/AirflowTuto/venv/lib/python3.10/site-packages/airflow/example_dags/tutorial_taskflow_api.py
[2024-07-18T18:59:45.926+0200] {processor.py:840} INFO - DAG(s) 'tutorial_taskflow_api' retrieved from /home/richonlinux/Documents/GitHub/AirflowTuto/venv/lib/python3.10/site-packages/airflow/example_dags/tutorial_taskflow_api.py
[2024-07-18T18:59:45.934+0200] {logging_mixin.py:188} INFO - [2024-07-18T18:59:45.934+0200] {dag.py:3089} INFO - Sync 1 DAGs
[2024-07-18T18:59:45.940+0200] {logging_mixin.py:188} INFO - [2024-07-18T18:59:45.940+0200] {dag.py:3947} INFO - Setting next_dagrun for tutorial_taskflow_api to None, run_after=None
[2024-07-18T18:59:45.954+0200] {processor.py:183} INFO - Processing /home/richonlinux/Documents/GitHub/AirflowTuto/venv/lib/python3.10/site-packages/airflow/example_dags/tutorial_taskflow_api.py took 0.036 seconds
