[2024-07-18T18:16:41.174+0200] {processor.py:161} INFO - Started process (PID=258307) to work on /home/richonlinux/Documents/GitHub/AirflowTuto/venv/lib/python3.10/site-packages/airflow/example_dags/tutorial.py
[2024-07-18T18:16:41.174+0200] {processor.py:830} INFO - Processing file /home/richonlinux/Documents/GitHub/AirflowTuto/venv/lib/python3.10/site-packages/airflow/example_dags/tutorial.py for tasks to queue
[2024-07-18T18:16:41.175+0200] {logging_mixin.py:188} INFO - [2024-07-18T18:16:41.175+0200] {dagbag.py:545} INFO - Filling up the DagBag from /home/richonlinux/Documents/GitHub/AirflowTuto/venv/lib/python3.10/site-packages/airflow/example_dags/tutorial.py
[2024-07-18T18:16:41.179+0200] {processor.py:840} INFO - DAG(s) 'tutorial' retrieved from /home/richonlinux/Documents/GitHub/AirflowTuto/venv/lib/python3.10/site-packages/airflow/example_dags/tutorial.py
[2024-07-18T18:16:41.235+0200] {logging_mixin.py:188} INFO - [2024-07-18T18:16:41.235+0200] {override.py:1858} INFO - Created Permission View: can edit on DAG:tutorial
[2024-07-18T18:16:41.244+0200] {logging_mixin.py:188} INFO - [2024-07-18T18:16:41.243+0200] {override.py:1858} INFO - Created Permission View: can read on DAG:tutorial
[2024-07-18T18:16:41.250+0200] {logging_mixin.py:188} INFO - [2024-07-18T18:16:41.250+0200] {override.py:1858} INFO - Created Permission View: can delete on DAG:tutorial
[2024-07-18T18:16:41.250+0200] {logging_mixin.py:188} INFO - [2024-07-18T18:16:41.250+0200] {dag.py:3089} INFO - Sync 1 DAGs
[2024-07-18T18:16:41.256+0200] {logging_mixin.py:188} INFO - [2024-07-18T18:16:41.255+0200] {dag.py:3111} INFO - Creating ORM DAG for tutorial
[2024-07-18T18:16:41.261+0200] {logging_mixin.py:188} INFO - [2024-07-18T18:16:41.261+0200] {dag.py:3947} INFO - Setting next_dagrun for tutorial to 2024-07-17 00:00:00+00:00, run_after=2024-07-18 00:00:00+00:00
[2024-07-18T18:16:41.274+0200] {processor.py:183} INFO - Processing /home/richonlinux/Documents/GitHub/AirflowTuto/venv/lib/python3.10/site-packages/airflow/example_dags/tutorial.py took 0.104 seconds
[2024-07-18T18:17:33.779+0200] {processor.py:161} INFO - Started process (PID=259169) to work on /home/richonlinux/Documents/GitHub/AirflowTuto/venv/lib/python3.10/site-packages/airflow/example_dags/tutorial.py
[2024-07-18T18:17:33.783+0200] {processor.py:830} INFO - Processing file /home/richonlinux/Documents/GitHub/AirflowTuto/venv/lib/python3.10/site-packages/airflow/example_dags/tutorial.py for tasks to queue
[2024-07-18T18:17:33.784+0200] {logging_mixin.py:188} INFO - [2024-07-18T18:17:33.784+0200] {dagbag.py:545} INFO - Filling up the DagBag from /home/richonlinux/Documents/GitHub/AirflowTuto/venv/lib/python3.10/site-packages/airflow/example_dags/tutorial.py
[2024-07-18T18:17:33.787+0200] {processor.py:840} INFO - DAG(s) 'tutorial' retrieved from /home/richonlinux/Documents/GitHub/AirflowTuto/venv/lib/python3.10/site-packages/airflow/example_dags/tutorial.py
[2024-07-18T18:17:33.797+0200] {logging_mixin.py:188} INFO - [2024-07-18T18:17:33.797+0200] {dag.py:3089} INFO - Sync 1 DAGs
[2024-07-18T18:17:33.808+0200] {logging_mixin.py:188} INFO - [2024-07-18T18:17:33.808+0200] {dag.py:3947} INFO - Setting next_dagrun for tutorial to 2024-07-17 00:00:00+00:00, run_after=2024-07-18 00:00:00+00:00
[2024-07-18T18:17:33.821+0200] {processor.py:183} INFO - Processing /home/richonlinux/Documents/GitHub/AirflowTuto/venv/lib/python3.10/site-packages/airflow/example_dags/tutorial.py took 0.045 seconds
[2024-07-18T18:44:22.720+0200] {processor.py:161} INFO - Started process (PID=260394) to work on /home/richonlinux/Documents/GitHub/AirflowTuto/venv/lib/python3.10/site-packages/airflow/example_dags/tutorial.py
[2024-07-18T18:44:22.721+0200] {processor.py:830} INFO - Processing file /home/richonlinux/Documents/GitHub/AirflowTuto/venv/lib/python3.10/site-packages/airflow/example_dags/tutorial.py for tasks to queue
[2024-07-18T18:44:22.723+0200] {logging_mixin.py:188} INFO - [2024-07-18T18:44:22.723+0200] {dagbag.py:545} INFO - Filling up the DagBag from /home/richonlinux/Documents/GitHub/AirflowTuto/venv/lib/python3.10/site-packages/airflow/example_dags/tutorial.py
[2024-07-18T18:44:22.728+0200] {processor.py:840} INFO - DAG(s) 'tutorial' retrieved from /home/richonlinux/Documents/GitHub/AirflowTuto/venv/lib/python3.10/site-packages/airflow/example_dags/tutorial.py
[2024-07-18T18:44:22.737+0200] {logging_mixin.py:188} INFO - [2024-07-18T18:44:22.737+0200] {dag.py:3089} INFO - Sync 1 DAGs
[2024-07-18T18:44:22.807+0200] {logging_mixin.py:188} INFO - [2024-07-18T18:44:22.807+0200] {dag.py:3947} INFO - Setting next_dagrun for tutorial to 2024-07-17 00:00:00+00:00, run_after=2024-07-18 00:00:00+00:00
[2024-07-18T18:44:22.819+0200] {processor.py:183} INFO - Processing /home/richonlinux/Documents/GitHub/AirflowTuto/venv/lib/python3.10/site-packages/airflow/example_dags/tutorial.py took 0.107 seconds
[2024-07-18T18:45:15.396+0200] {processor.py:161} INFO - Started process (PID=261496) to work on /home/richonlinux/Documents/GitHub/AirflowTuto/venv/lib/python3.10/site-packages/airflow/example_dags/tutorial.py
[2024-07-18T18:45:15.397+0200] {processor.py:830} INFO - Processing file /home/richonlinux/Documents/GitHub/AirflowTuto/venv/lib/python3.10/site-packages/airflow/example_dags/tutorial.py for tasks to queue
[2024-07-18T18:45:15.399+0200] {logging_mixin.py:188} INFO - [2024-07-18T18:45:15.398+0200] {dagbag.py:545} INFO - Filling up the DagBag from /home/richonlinux/Documents/GitHub/AirflowTuto/venv/lib/python3.10/site-packages/airflow/example_dags/tutorial.py
[2024-07-18T18:45:15.403+0200] {processor.py:840} INFO - DAG(s) 'tutorial' retrieved from /home/richonlinux/Documents/GitHub/AirflowTuto/venv/lib/python3.10/site-packages/airflow/example_dags/tutorial.py
[2024-07-18T18:45:15.413+0200] {logging_mixin.py:188} INFO - [2024-07-18T18:45:15.413+0200] {dag.py:3089} INFO - Sync 1 DAGs
[2024-07-18T18:45:15.425+0200] {logging_mixin.py:188} INFO - [2024-07-18T18:45:15.425+0200] {dag.py:3947} INFO - Setting next_dagrun for tutorial to 2024-07-17 00:00:00+00:00, run_after=2024-07-18 00:00:00+00:00
[2024-07-18T18:45:15.442+0200] {processor.py:183} INFO - Processing /home/richonlinux/Documents/GitHub/AirflowTuto/venv/lib/python3.10/site-packages/airflow/example_dags/tutorial.py took 0.050 seconds
[2024-07-18T18:46:10.955+0200] {processor.py:161} INFO - Started process (PID=262719) to work on /home/richonlinux/Documents/GitHub/AirflowTuto/venv/lib/python3.10/site-packages/airflow/example_dags/tutorial.py
[2024-07-18T18:46:10.956+0200] {processor.py:830} INFO - Processing file /home/richonlinux/Documents/GitHub/AirflowTuto/venv/lib/python3.10/site-packages/airflow/example_dags/tutorial.py for tasks to queue
[2024-07-18T18:46:10.957+0200] {logging_mixin.py:188} INFO - [2024-07-18T18:46:10.957+0200] {dagbag.py:545} INFO - Filling up the DagBag from /home/richonlinux/Documents/GitHub/AirflowTuto/venv/lib/python3.10/site-packages/airflow/example_dags/tutorial.py
[2024-07-18T18:46:10.961+0200] {processor.py:840} INFO - DAG(s) 'tutorial' retrieved from /home/richonlinux/Documents/GitHub/AirflowTuto/venv/lib/python3.10/site-packages/airflow/example_dags/tutorial.py
[2024-07-18T18:46:10.970+0200] {logging_mixin.py:188} INFO - [2024-07-18T18:46:10.970+0200] {dag.py:3089} INFO - Sync 1 DAGs
[2024-07-18T18:46:10.981+0200] {logging_mixin.py:188} INFO - [2024-07-18T18:46:10.981+0200] {dag.py:3947} INFO - Setting next_dagrun for tutorial to 2024-07-17 00:00:00+00:00, run_after=2024-07-18 00:00:00+00:00
[2024-07-18T18:46:10.994+0200] {processor.py:183} INFO - Processing /home/richonlinux/Documents/GitHub/AirflowTuto/venv/lib/python3.10/site-packages/airflow/example_dags/tutorial.py took 0.044 seconds
[2024-07-18T18:49:52.816+0200] {processor.py:161} INFO - Started process (PID=266709) to work on /home/richonlinux/Documents/GitHub/AirflowTuto/venv/lib/python3.10/site-packages/airflow/example_dags/tutorial.py
[2024-07-18T18:49:52.820+0200] {processor.py:830} INFO - Processing file /home/richonlinux/Documents/GitHub/AirflowTuto/venv/lib/python3.10/site-packages/airflow/example_dags/tutorial.py for tasks to queue
[2024-07-18T18:49:52.822+0200] {logging_mixin.py:188} INFO - [2024-07-18T18:49:52.821+0200] {dagbag.py:545} INFO - Filling up the DagBag from /home/richonlinux/Documents/GitHub/AirflowTuto/venv/lib/python3.10/site-packages/airflow/example_dags/tutorial.py
[2024-07-18T18:49:52.828+0200] {processor.py:840} INFO - DAG(s) 'tutorial' retrieved from /home/richonlinux/Documents/GitHub/AirflowTuto/venv/lib/python3.10/site-packages/airflow/example_dags/tutorial.py
[2024-07-18T18:49:52.873+0200] {logging_mixin.py:188} INFO - [2024-07-18T18:49:52.873+0200] {dag.py:3089} INFO - Sync 1 DAGs
[2024-07-18T18:49:52.881+0200] {logging_mixin.py:188} INFO - [2024-07-18T18:49:52.881+0200] {dag.py:3947} INFO - Setting next_dagrun for tutorial to 2024-07-17 00:00:00+00:00, run_after=2024-07-18 00:00:00+00:00
[2024-07-18T18:49:52.893+0200] {processor.py:183} INFO - Processing /home/richonlinux/Documents/GitHub/AirflowTuto/venv/lib/python3.10/site-packages/airflow/example_dags/tutorial.py took 0.080 seconds
[2024-07-18T18:51:45.087+0200] {processor.py:161} INFO - Started process (PID=268667) to work on /home/richonlinux/Documents/GitHub/AirflowTuto/venv/lib/python3.10/site-packages/airflow/example_dags/tutorial.py
[2024-07-18T18:51:45.088+0200] {processor.py:830} INFO - Processing file /home/richonlinux/Documents/GitHub/AirflowTuto/venv/lib/python3.10/site-packages/airflow/example_dags/tutorial.py for tasks to queue
[2024-07-18T18:51:45.089+0200] {logging_mixin.py:188} INFO - [2024-07-18T18:51:45.089+0200] {dagbag.py:545} INFO - Filling up the DagBag from /home/richonlinux/Documents/GitHub/AirflowTuto/venv/lib/python3.10/site-packages/airflow/example_dags/tutorial.py
[2024-07-18T18:51:45.094+0200] {processor.py:840} INFO - DAG(s) 'tutorial' retrieved from /home/richonlinux/Documents/GitHub/AirflowTuto/venv/lib/python3.10/site-packages/airflow/example_dags/tutorial.py
[2024-07-18T18:51:45.143+0200] {logging_mixin.py:188} INFO - [2024-07-18T18:51:45.142+0200] {dag.py:3089} INFO - Sync 1 DAGs
[2024-07-18T18:51:45.151+0200] {logging_mixin.py:188} INFO - [2024-07-18T18:51:45.151+0200] {dag.py:3947} INFO - Setting next_dagrun for tutorial to 2024-07-17 00:00:00+00:00, run_after=2024-07-18 00:00:00+00:00
[2024-07-18T18:51:45.164+0200] {processor.py:183} INFO - Processing /home/richonlinux/Documents/GitHub/AirflowTuto/venv/lib/python3.10/site-packages/airflow/example_dags/tutorial.py took 0.086 seconds
[2024-07-18T18:52:38.171+0200] {processor.py:161} INFO - Started process (PID=269791) to work on /home/richonlinux/Documents/GitHub/AirflowTuto/venv/lib/python3.10/site-packages/airflow/example_dags/tutorial.py
[2024-07-18T18:52:38.175+0200] {processor.py:830} INFO - Processing file /home/richonlinux/Documents/GitHub/AirflowTuto/venv/lib/python3.10/site-packages/airflow/example_dags/tutorial.py for tasks to queue
[2024-07-18T18:52:38.176+0200] {logging_mixin.py:188} INFO - [2024-07-18T18:52:38.176+0200] {dagbag.py:545} INFO - Filling up the DagBag from /home/richonlinux/Documents/GitHub/AirflowTuto/venv/lib/python3.10/site-packages/airflow/example_dags/tutorial.py
[2024-07-18T18:52:38.179+0200] {processor.py:840} INFO - DAG(s) 'tutorial' retrieved from /home/richonlinux/Documents/GitHub/AirflowTuto/venv/lib/python3.10/site-packages/airflow/example_dags/tutorial.py
[2024-07-18T18:52:38.187+0200] {logging_mixin.py:188} INFO - [2024-07-18T18:52:38.187+0200] {dag.py:3089} INFO - Sync 1 DAGs
[2024-07-18T18:52:38.196+0200] {logging_mixin.py:188} INFO - [2024-07-18T18:52:38.196+0200] {dag.py:3947} INFO - Setting next_dagrun for tutorial to 2024-07-17 00:00:00+00:00, run_after=2024-07-18 00:00:00+00:00
[2024-07-18T18:52:38.208+0200] {processor.py:183} INFO - Processing /home/richonlinux/Documents/GitHub/AirflowTuto/venv/lib/python3.10/site-packages/airflow/example_dags/tutorial.py took 0.043 seconds
[2024-07-18T18:53:29.864+0200] {processor.py:161} INFO - Started process (PID=271202) to work on /home/richonlinux/Documents/GitHub/AirflowTuto/venv/lib/python3.10/site-packages/airflow/example_dags/tutorial.py
[2024-07-18T18:53:29.865+0200] {processor.py:830} INFO - Processing file /home/richonlinux/Documents/GitHub/AirflowTuto/venv/lib/python3.10/site-packages/airflow/example_dags/tutorial.py for tasks to queue
[2024-07-18T18:53:29.866+0200] {logging_mixin.py:188} INFO - [2024-07-18T18:53:29.866+0200] {dagbag.py:545} INFO - Filling up the DagBag from /home/richonlinux/Documents/GitHub/AirflowTuto/venv/lib/python3.10/site-packages/airflow/example_dags/tutorial.py
[2024-07-18T18:53:29.870+0200] {processor.py:840} INFO - DAG(s) 'tutorial' retrieved from /home/richonlinux/Documents/GitHub/AirflowTuto/venv/lib/python3.10/site-packages/airflow/example_dags/tutorial.py
[2024-07-18T18:53:29.879+0200] {logging_mixin.py:188} INFO - [2024-07-18T18:53:29.879+0200] {dag.py:3089} INFO - Sync 1 DAGs
[2024-07-18T18:53:29.945+0200] {logging_mixin.py:188} INFO - [2024-07-18T18:53:29.945+0200] {dag.py:3947} INFO - Setting next_dagrun for tutorial to 2024-07-17 00:00:00+00:00, run_after=2024-07-18 00:00:00+00:00
[2024-07-18T18:53:29.956+0200] {processor.py:183} INFO - Processing /home/richonlinux/Documents/GitHub/AirflowTuto/venv/lib/python3.10/site-packages/airflow/example_dags/tutorial.py took 0.100 seconds
[2024-07-18T18:54:37.123+0200] {processor.py:161} INFO - Started process (PID=272389) to work on /home/richonlinux/Documents/GitHub/AirflowTuto/venv/lib/python3.10/site-packages/airflow/example_dags/tutorial.py
[2024-07-18T18:54:37.124+0200] {processor.py:830} INFO - Processing file /home/richonlinux/Documents/GitHub/AirflowTuto/venv/lib/python3.10/site-packages/airflow/example_dags/tutorial.py for tasks to queue
[2024-07-18T18:54:37.126+0200] {logging_mixin.py:188} INFO - [2024-07-18T18:54:37.125+0200] {dagbag.py:545} INFO - Filling up the DagBag from /home/richonlinux/Documents/GitHub/AirflowTuto/venv/lib/python3.10/site-packages/airflow/example_dags/tutorial.py
[2024-07-18T18:54:37.131+0200] {processor.py:840} INFO - DAG(s) 'tutorial' retrieved from /home/richonlinux/Documents/GitHub/AirflowTuto/venv/lib/python3.10/site-packages/airflow/example_dags/tutorial.py
[2024-07-18T18:54:37.139+0200] {logging_mixin.py:188} INFO - [2024-07-18T18:54:37.139+0200] {dag.py:3089} INFO - Sync 1 DAGs
[2024-07-18T18:54:37.148+0200] {logging_mixin.py:188} INFO - [2024-07-18T18:54:37.148+0200] {dag.py:3947} INFO - Setting next_dagrun for tutorial to 2024-07-17 00:00:00+00:00, run_after=2024-07-18 00:00:00+00:00
[2024-07-18T18:54:37.160+0200] {processor.py:183} INFO - Processing /home/richonlinux/Documents/GitHub/AirflowTuto/venv/lib/python3.10/site-packages/airflow/example_dags/tutorial.py took 0.046 seconds
[2024-07-18T18:55:32.600+0200] {processor.py:161} INFO - Started process (PID=273297) to work on /home/richonlinux/Documents/GitHub/AirflowTuto/venv/lib/python3.10/site-packages/airflow/example_dags/tutorial.py
[2024-07-18T18:55:32.602+0200] {processor.py:830} INFO - Processing file /home/richonlinux/Documents/GitHub/AirflowTuto/venv/lib/python3.10/site-packages/airflow/example_dags/tutorial.py for tasks to queue
[2024-07-18T18:55:32.604+0200] {logging_mixin.py:188} INFO - [2024-07-18T18:55:32.604+0200] {dagbag.py:545} INFO - Filling up the DagBag from /home/richonlinux/Documents/GitHub/AirflowTuto/venv/lib/python3.10/site-packages/airflow/example_dags/tutorial.py
[2024-07-18T18:55:32.609+0200] {processor.py:840} INFO - DAG(s) 'tutorial' retrieved from /home/richonlinux/Documents/GitHub/AirflowTuto/venv/lib/python3.10/site-packages/airflow/example_dags/tutorial.py
[2024-07-18T18:55:32.617+0200] {logging_mixin.py:188} INFO - [2024-07-18T18:55:32.617+0200] {dag.py:3089} INFO - Sync 1 DAGs
[2024-07-18T18:55:32.626+0200] {logging_mixin.py:188} INFO - [2024-07-18T18:55:32.626+0200] {dag.py:3947} INFO - Setting next_dagrun for tutorial to 2024-07-17 00:00:00+00:00, run_after=2024-07-18 00:00:00+00:00
[2024-07-18T18:55:32.639+0200] {processor.py:183} INFO - Processing /home/richonlinux/Documents/GitHub/AirflowTuto/venv/lib/python3.10/site-packages/airflow/example_dags/tutorial.py took 0.046 seconds
[2024-07-18T18:56:32.285+0200] {processor.py:161} INFO - Started process (PID=274349) to work on /home/richonlinux/Documents/GitHub/AirflowTuto/venv/lib/python3.10/site-packages/airflow/example_dags/tutorial.py
[2024-07-18T18:56:32.286+0200] {processor.py:830} INFO - Processing file /home/richonlinux/Documents/GitHub/AirflowTuto/venv/lib/python3.10/site-packages/airflow/example_dags/tutorial.py for tasks to queue
[2024-07-18T18:56:32.287+0200] {logging_mixin.py:188} INFO - [2024-07-18T18:56:32.287+0200] {dagbag.py:545} INFO - Filling up the DagBag from /home/richonlinux/Documents/GitHub/AirflowTuto/venv/lib/python3.10/site-packages/airflow/example_dags/tutorial.py
[2024-07-18T18:56:32.291+0200] {processor.py:840} INFO - DAG(s) 'tutorial' retrieved from /home/richonlinux/Documents/GitHub/AirflowTuto/venv/lib/python3.10/site-packages/airflow/example_dags/tutorial.py
[2024-07-18T18:56:32.300+0200] {logging_mixin.py:188} INFO - [2024-07-18T18:56:32.300+0200] {dag.py:3089} INFO - Sync 1 DAGs
[2024-07-18T18:56:32.311+0200] {logging_mixin.py:188} INFO - [2024-07-18T18:56:32.311+0200] {dag.py:3947} INFO - Setting next_dagrun for tutorial to 2024-07-17 00:00:00+00:00, run_after=2024-07-18 00:00:00+00:00
[2024-07-18T18:56:32.323+0200] {processor.py:183} INFO - Processing /home/richonlinux/Documents/GitHub/AirflowTuto/venv/lib/python3.10/site-packages/airflow/example_dags/tutorial.py took 0.043 seconds
[2024-07-18T18:57:29.951+0200] {processor.py:161} INFO - Started process (PID=275296) to work on /home/richonlinux/Documents/GitHub/AirflowTuto/venv/lib/python3.10/site-packages/airflow/example_dags/tutorial.py
[2024-07-18T18:57:29.952+0200] {processor.py:830} INFO - Processing file /home/richonlinux/Documents/GitHub/AirflowTuto/venv/lib/python3.10/site-packages/airflow/example_dags/tutorial.py for tasks to queue
[2024-07-18T18:57:29.953+0200] {logging_mixin.py:188} INFO - [2024-07-18T18:57:29.953+0200] {dagbag.py:545} INFO - Filling up the DagBag from /home/richonlinux/Documents/GitHub/AirflowTuto/venv/lib/python3.10/site-packages/airflow/example_dags/tutorial.py
[2024-07-18T18:57:29.956+0200] {processor.py:840} INFO - DAG(s) 'tutorial' retrieved from /home/richonlinux/Documents/GitHub/AirflowTuto/venv/lib/python3.10/site-packages/airflow/example_dags/tutorial.py
[2024-07-18T18:57:29.965+0200] {logging_mixin.py:188} INFO - [2024-07-18T18:57:29.965+0200] {dag.py:3089} INFO - Sync 1 DAGs
[2024-07-18T18:57:29.975+0200] {logging_mixin.py:188} INFO - [2024-07-18T18:57:29.975+0200] {dag.py:3947} INFO - Setting next_dagrun for tutorial to 2024-07-17 00:00:00+00:00, run_after=2024-07-18 00:00:00+00:00
[2024-07-18T18:57:29.987+0200] {processor.py:183} INFO - Processing /home/richonlinux/Documents/GitHub/AirflowTuto/venv/lib/python3.10/site-packages/airflow/example_dags/tutorial.py took 0.040 seconds
[2024-07-18T18:58:29.859+0200] {processor.py:161} INFO - Started process (PID=276226) to work on /home/richonlinux/Documents/GitHub/AirflowTuto/venv/lib/python3.10/site-packages/airflow/example_dags/tutorial.py
[2024-07-18T18:58:29.860+0200] {processor.py:830} INFO - Processing file /home/richonlinux/Documents/GitHub/AirflowTuto/venv/lib/python3.10/site-packages/airflow/example_dags/tutorial.py for tasks to queue
[2024-07-18T18:58:29.861+0200] {logging_mixin.py:188} INFO - [2024-07-18T18:58:29.861+0200] {dagbag.py:545} INFO - Filling up the DagBag from /home/richonlinux/Documents/GitHub/AirflowTuto/venv/lib/python3.10/site-packages/airflow/example_dags/tutorial.py
[2024-07-18T18:58:29.864+0200] {processor.py:840} INFO - DAG(s) 'tutorial' retrieved from /home/richonlinux/Documents/GitHub/AirflowTuto/venv/lib/python3.10/site-packages/airflow/example_dags/tutorial.py
[2024-07-18T18:58:29.873+0200] {logging_mixin.py:188} INFO - [2024-07-18T18:58:29.873+0200] {dag.py:3089} INFO - Sync 1 DAGs
[2024-07-18T18:58:29.883+0200] {logging_mixin.py:188} INFO - [2024-07-18T18:58:29.883+0200] {dag.py:3947} INFO - Setting next_dagrun for tutorial to 2024-07-17 00:00:00+00:00, run_after=2024-07-18 00:00:00+00:00
[2024-07-18T18:58:29.895+0200] {processor.py:183} INFO - Processing /home/richonlinux/Documents/GitHub/AirflowTuto/venv/lib/python3.10/site-packages/airflow/example_dags/tutorial.py took 0.040 seconds
[2024-07-18T18:59:30.354+0200] {processor.py:161} INFO - Started process (PID=277346) to work on /home/richonlinux/Documents/GitHub/AirflowTuto/venv/lib/python3.10/site-packages/airflow/example_dags/tutorial.py
[2024-07-18T18:59:30.355+0200] {processor.py:830} INFO - Processing file /home/richonlinux/Documents/GitHub/AirflowTuto/venv/lib/python3.10/site-packages/airflow/example_dags/tutorial.py for tasks to queue
[2024-07-18T18:59:30.356+0200] {logging_mixin.py:188} INFO - [2024-07-18T18:59:30.355+0200] {dagbag.py:545} INFO - Filling up the DagBag from /home/richonlinux/Documents/GitHub/AirflowTuto/venv/lib/python3.10/site-packages/airflow/example_dags/tutorial.py
[2024-07-18T18:59:30.359+0200] {processor.py:840} INFO - DAG(s) 'tutorial' retrieved from /home/richonlinux/Documents/GitHub/AirflowTuto/venv/lib/python3.10/site-packages/airflow/example_dags/tutorial.py
[2024-07-18T18:59:30.368+0200] {logging_mixin.py:188} INFO - [2024-07-18T18:59:30.368+0200] {dag.py:3089} INFO - Sync 1 DAGs
[2024-07-18T18:59:30.377+0200] {logging_mixin.py:188} INFO - [2024-07-18T18:59:30.377+0200] {dag.py:3947} INFO - Setting next_dagrun for tutorial to 2024-07-17 00:00:00+00:00, run_after=2024-07-18 00:00:00+00:00
[2024-07-18T18:59:30.389+0200] {processor.py:183} INFO - Processing /home/richonlinux/Documents/GitHub/AirflowTuto/venv/lib/python3.10/site-packages/airflow/example_dags/tutorial.py took 0.038 seconds
