[2024-07-18T18:16:42.437+0200] {processor.py:161} INFO - Started process (PID=258334) to work on /home/richonlinux/Documents/GitHub/AirflowTuto/venv/lib/python3.10/site-packages/airflow/example_dags/tutorial_dag.py
[2024-07-18T18:16:42.438+0200] {processor.py:830} INFO - Processing file /home/richonlinux/Documents/GitHub/AirflowTuto/venv/lib/python3.10/site-packages/airflow/example_dags/tutorial_dag.py for tasks to queue
[2024-07-18T18:16:42.440+0200] {logging_mixin.py:188} INFO - [2024-07-18T18:16:42.439+0200] {dagbag.py:545} INFO - Filling up the DagBag from /home/richonlinux/Documents/GitHub/AirflowTuto/venv/lib/python3.10/site-packages/airflow/example_dags/tutorial_dag.py
[2024-07-18T18:16:42.444+0200] {processor.py:840} INFO - DAG(s) 'tutorial_dag' retrieved from /home/richonlinux/Documents/GitHub/AirflowTuto/venv/lib/python3.10/site-packages/airflow/example_dags/tutorial_dag.py
[2024-07-18T18:16:42.499+0200] {logging_mixin.py:188} INFO - [2024-07-18T18:16:42.499+0200] {override.py:1858} INFO - Created Permission View: can edit on DAG:tutorial_dag
[2024-07-18T18:16:42.507+0200] {logging_mixin.py:188} INFO - [2024-07-18T18:16:42.506+0200] {override.py:1858} INFO - Created Permission View: can read on DAG:tutorial_dag
[2024-07-18T18:16:42.513+0200] {logging_mixin.py:188} INFO - [2024-07-18T18:16:42.513+0200] {override.py:1858} INFO - Created Permission View: can delete on DAG:tutorial_dag
[2024-07-18T18:16:42.513+0200] {logging_mixin.py:188} INFO - [2024-07-18T18:16:42.513+0200] {dag.py:3089} INFO - Sync 1 DAGs
[2024-07-18T18:16:42.519+0200] {logging_mixin.py:188} INFO - [2024-07-18T18:16:42.519+0200] {dag.py:3111} INFO - Creating ORM DAG for tutorial_dag
[2024-07-18T18:16:42.519+0200] {logging_mixin.py:188} INFO - [2024-07-18T18:16:42.519+0200] {dag.py:3947} INFO - Setting next_dagrun for tutorial_dag to None, run_after=None
[2024-07-18T18:16:42.532+0200] {processor.py:183} INFO - Processing /home/richonlinux/Documents/GitHub/AirflowTuto/venv/lib/python3.10/site-packages/airflow/example_dags/tutorial_dag.py took 0.103 seconds
[2024-07-18T18:17:34.921+0200] {processor.py:161} INFO - Started process (PID=259196) to work on /home/richonlinux/Documents/GitHub/AirflowTuto/venv/lib/python3.10/site-packages/airflow/example_dags/tutorial_dag.py
[2024-07-18T18:17:34.925+0200] {processor.py:830} INFO - Processing file /home/richonlinux/Documents/GitHub/AirflowTuto/venv/lib/python3.10/site-packages/airflow/example_dags/tutorial_dag.py for tasks to queue
[2024-07-18T18:17:34.927+0200] {logging_mixin.py:188} INFO - [2024-07-18T18:17:34.926+0200] {dagbag.py:545} INFO - Filling up the DagBag from /home/richonlinux/Documents/GitHub/AirflowTuto/venv/lib/python3.10/site-packages/airflow/example_dags/tutorial_dag.py
[2024-07-18T18:17:34.932+0200] {processor.py:840} INFO - DAG(s) 'tutorial_dag' retrieved from /home/richonlinux/Documents/GitHub/AirflowTuto/venv/lib/python3.10/site-packages/airflow/example_dags/tutorial_dag.py
[2024-07-18T18:17:34.942+0200] {logging_mixin.py:188} INFO - [2024-07-18T18:17:34.942+0200] {dag.py:3089} INFO - Sync 1 DAGs
[2024-07-18T18:17:34.948+0200] {logging_mixin.py:188} INFO - [2024-07-18T18:17:34.948+0200] {dag.py:3947} INFO - Setting next_dagrun for tutorial_dag to None, run_after=None
[2024-07-18T18:17:34.961+0200] {processor.py:183} INFO - Processing /home/richonlinux/Documents/GitHub/AirflowTuto/venv/lib/python3.10/site-packages/airflow/example_dags/tutorial_dag.py took 0.049 seconds
[2024-07-18T18:44:23.959+0200] {processor.py:161} INFO - Started process (PID=260401) to work on /home/richonlinux/Documents/GitHub/AirflowTuto/venv/lib/python3.10/site-packages/airflow/example_dags/tutorial_dag.py
[2024-07-18T18:44:23.963+0200] {processor.py:830} INFO - Processing file /home/richonlinux/Documents/GitHub/AirflowTuto/venv/lib/python3.10/site-packages/airflow/example_dags/tutorial_dag.py for tasks to queue
[2024-07-18T18:44:23.965+0200] {logging_mixin.py:188} INFO - [2024-07-18T18:44:23.965+0200] {dagbag.py:545} INFO - Filling up the DagBag from /home/richonlinux/Documents/GitHub/AirflowTuto/venv/lib/python3.10/site-packages/airflow/example_dags/tutorial_dag.py
[2024-07-18T18:44:23.970+0200] {processor.py:840} INFO - DAG(s) 'tutorial_dag' retrieved from /home/richonlinux/Documents/GitHub/AirflowTuto/venv/lib/python3.10/site-packages/airflow/example_dags/tutorial_dag.py
[2024-07-18T18:44:23.979+0200] {logging_mixin.py:188} INFO - [2024-07-18T18:44:23.979+0200] {dag.py:3089} INFO - Sync 1 DAGs
[2024-07-18T18:44:23.986+0200] {logging_mixin.py:188} INFO - [2024-07-18T18:44:23.986+0200] {dag.py:3947} INFO - Setting next_dagrun for tutorial_dag to None, run_after=None
[2024-07-18T18:44:24.058+0200] {processor.py:183} INFO - Processing /home/richonlinux/Documents/GitHub/AirflowTuto/venv/lib/python3.10/site-packages/airflow/example_dags/tutorial_dag.py took 0.108 seconds
[2024-07-18T18:45:15.866+0200] {processor.py:161} INFO - Started process (PID=261499) to work on /home/richonlinux/Documents/GitHub/AirflowTuto/venv/lib/python3.10/site-packages/airflow/example_dags/tutorial_dag.py
[2024-07-18T18:45:15.870+0200] {processor.py:830} INFO - Processing file /home/richonlinux/Documents/GitHub/AirflowTuto/venv/lib/python3.10/site-packages/airflow/example_dags/tutorial_dag.py for tasks to queue
[2024-07-18T18:45:15.872+0200] {logging_mixin.py:188} INFO - [2024-07-18T18:45:15.871+0200] {dagbag.py:545} INFO - Filling up the DagBag from /home/richonlinux/Documents/GitHub/AirflowTuto/venv/lib/python3.10/site-packages/airflow/example_dags/tutorial_dag.py
[2024-07-18T18:45:15.876+0200] {processor.py:840} INFO - DAG(s) 'tutorial_dag' retrieved from /home/richonlinux/Documents/GitHub/AirflowTuto/venv/lib/python3.10/site-packages/airflow/example_dags/tutorial_dag.py
[2024-07-18T18:45:15.886+0200] {logging_mixin.py:188} INFO - [2024-07-18T18:45:15.886+0200] {dag.py:3089} INFO - Sync 1 DAGs
[2024-07-18T18:45:15.893+0200] {logging_mixin.py:188} INFO - [2024-07-18T18:45:15.893+0200] {dag.py:3947} INFO - Setting next_dagrun for tutorial_dag to None, run_after=None
[2024-07-18T18:45:15.906+0200] {processor.py:183} INFO - Processing /home/richonlinux/Documents/GitHub/AirflowTuto/venv/lib/python3.10/site-packages/airflow/example_dags/tutorial_dag.py took 0.045 seconds
[2024-07-18T18:46:12.083+0200] {processor.py:161} INFO - Started process (PID=262723) to work on /home/richonlinux/Documents/GitHub/AirflowTuto/venv/lib/python3.10/site-packages/airflow/example_dags/tutorial_dag.py
[2024-07-18T18:46:12.084+0200] {processor.py:830} INFO - Processing file /home/richonlinux/Documents/GitHub/AirflowTuto/venv/lib/python3.10/site-packages/airflow/example_dags/tutorial_dag.py for tasks to queue
[2024-07-18T18:46:12.085+0200] {logging_mixin.py:188} INFO - [2024-07-18T18:46:12.084+0200] {dagbag.py:545} INFO - Filling up the DagBag from /home/richonlinux/Documents/GitHub/AirflowTuto/venv/lib/python3.10/site-packages/airflow/example_dags/tutorial_dag.py
[2024-07-18T18:46:12.089+0200] {processor.py:840} INFO - DAG(s) 'tutorial_dag' retrieved from /home/richonlinux/Documents/GitHub/AirflowTuto/venv/lib/python3.10/site-packages/airflow/example_dags/tutorial_dag.py
[2024-07-18T18:46:12.098+0200] {logging_mixin.py:188} INFO - [2024-07-18T18:46:12.098+0200] {dag.py:3089} INFO - Sync 1 DAGs
[2024-07-18T18:46:12.105+0200] {logging_mixin.py:188} INFO - [2024-07-18T18:46:12.105+0200] {dag.py:3947} INFO - Setting next_dagrun for tutorial_dag to None, run_after=None
[2024-07-18T18:46:12.118+0200] {processor.py:183} INFO - Processing /home/richonlinux/Documents/GitHub/AirflowTuto/venv/lib/python3.10/site-packages/airflow/example_dags/tutorial_dag.py took 0.039 seconds
[2024-07-18T18:49:53.950+0200] {processor.py:161} INFO - Started process (PID=266739) to work on /home/richonlinux/Documents/GitHub/AirflowTuto/venv/lib/python3.10/site-packages/airflow/example_dags/tutorial_dag.py
[2024-07-18T18:49:53.951+0200] {processor.py:830} INFO - Processing file /home/richonlinux/Documents/GitHub/AirflowTuto/venv/lib/python3.10/site-packages/airflow/example_dags/tutorial_dag.py for tasks to queue
[2024-07-18T18:49:53.954+0200] {logging_mixin.py:188} INFO - [2024-07-18T18:49:53.953+0200] {dagbag.py:545} INFO - Filling up the DagBag from /home/richonlinux/Documents/GitHub/AirflowTuto/venv/lib/python3.10/site-packages/airflow/example_dags/tutorial_dag.py
[2024-07-18T18:49:53.957+0200] {processor.py:840} INFO - DAG(s) 'tutorial_dag' retrieved from /home/richonlinux/Documents/GitHub/AirflowTuto/venv/lib/python3.10/site-packages/airflow/example_dags/tutorial_dag.py
[2024-07-18T18:49:54.003+0200] {logging_mixin.py:188} INFO - [2024-07-18T18:49:54.003+0200] {dag.py:3089} INFO - Sync 1 DAGs
[2024-07-18T18:49:54.007+0200] {logging_mixin.py:188} INFO - [2024-07-18T18:49:54.007+0200] {dag.py:3947} INFO - Setting next_dagrun for tutorial_dag to None, run_after=None
[2024-07-18T18:49:54.019+0200] {processor.py:183} INFO - Processing /home/richonlinux/Documents/GitHub/AirflowTuto/venv/lib/python3.10/site-packages/airflow/example_dags/tutorial_dag.py took 0.075 seconds
[2024-07-18T18:51:46.217+0200] {processor.py:161} INFO - Started process (PID=268694) to work on /home/richonlinux/Documents/GitHub/AirflowTuto/venv/lib/python3.10/site-packages/airflow/example_dags/tutorial_dag.py
[2024-07-18T18:51:46.221+0200] {processor.py:830} INFO - Processing file /home/richonlinux/Documents/GitHub/AirflowTuto/venv/lib/python3.10/site-packages/airflow/example_dags/tutorial_dag.py for tasks to queue
[2024-07-18T18:51:46.222+0200] {logging_mixin.py:188} INFO - [2024-07-18T18:51:46.222+0200] {dagbag.py:545} INFO - Filling up the DagBag from /home/richonlinux/Documents/GitHub/AirflowTuto/venv/lib/python3.10/site-packages/airflow/example_dags/tutorial_dag.py
[2024-07-18T18:51:46.225+0200] {processor.py:840} INFO - DAG(s) 'tutorial_dag' retrieved from /home/richonlinux/Documents/GitHub/AirflowTuto/venv/lib/python3.10/site-packages/airflow/example_dags/tutorial_dag.py
[2024-07-18T18:51:46.270+0200] {logging_mixin.py:188} INFO - [2024-07-18T18:51:46.270+0200] {dag.py:3089} INFO - Sync 1 DAGs
[2024-07-18T18:51:46.274+0200] {logging_mixin.py:188} INFO - [2024-07-18T18:51:46.274+0200] {dag.py:3947} INFO - Setting next_dagrun for tutorial_dag to None, run_after=None
[2024-07-18T18:51:46.286+0200] {processor.py:183} INFO - Processing /home/richonlinux/Documents/GitHub/AirflowTuto/venv/lib/python3.10/site-packages/airflow/example_dags/tutorial_dag.py took 0.072 seconds
[2024-07-18T18:52:39.319+0200] {processor.py:161} INFO - Started process (PID=269819) to work on /home/richonlinux/Documents/GitHub/AirflowTuto/venv/lib/python3.10/site-packages/airflow/example_dags/tutorial_dag.py
[2024-07-18T18:52:39.320+0200] {processor.py:830} INFO - Processing file /home/richonlinux/Documents/GitHub/AirflowTuto/venv/lib/python3.10/site-packages/airflow/example_dags/tutorial_dag.py for tasks to queue
[2024-07-18T18:52:39.321+0200] {logging_mixin.py:188} INFO - [2024-07-18T18:52:39.321+0200] {dagbag.py:545} INFO - Filling up the DagBag from /home/richonlinux/Documents/GitHub/AirflowTuto/venv/lib/python3.10/site-packages/airflow/example_dags/tutorial_dag.py
[2024-07-18T18:52:39.325+0200] {processor.py:840} INFO - DAG(s) 'tutorial_dag' retrieved from /home/richonlinux/Documents/GitHub/AirflowTuto/venv/lib/python3.10/site-packages/airflow/example_dags/tutorial_dag.py
[2024-07-18T18:52:39.336+0200] {logging_mixin.py:188} INFO - [2024-07-18T18:52:39.336+0200] {dag.py:3089} INFO - Sync 1 DAGs
[2024-07-18T18:52:39.343+0200] {logging_mixin.py:188} INFO - [2024-07-18T18:52:39.343+0200] {dag.py:3947} INFO - Setting next_dagrun for tutorial_dag to None, run_after=None
[2024-07-18T18:52:39.357+0200] {processor.py:183} INFO - Processing /home/richonlinux/Documents/GitHub/AirflowTuto/venv/lib/python3.10/site-packages/airflow/example_dags/tutorial_dag.py took 0.044 seconds
[2024-07-18T18:53:30.705+0200] {processor.py:161} INFO - Started process (PID=271228) to work on /home/richonlinux/Documents/GitHub/AirflowTuto/venv/lib/python3.10/site-packages/airflow/example_dags/tutorial_dag.py
[2024-07-18T18:53:30.706+0200] {processor.py:830} INFO - Processing file /home/richonlinux/Documents/GitHub/AirflowTuto/venv/lib/python3.10/site-packages/airflow/example_dags/tutorial_dag.py for tasks to queue
[2024-07-18T18:53:30.708+0200] {logging_mixin.py:188} INFO - [2024-07-18T18:53:30.708+0200] {dagbag.py:545} INFO - Filling up the DagBag from /home/richonlinux/Documents/GitHub/AirflowTuto/venv/lib/python3.10/site-packages/airflow/example_dags/tutorial_dag.py
[2024-07-18T18:53:30.713+0200] {processor.py:840} INFO - DAG(s) 'tutorial_dag' retrieved from /home/richonlinux/Documents/GitHub/AirflowTuto/venv/lib/python3.10/site-packages/airflow/example_dags/tutorial_dag.py
[2024-07-18T18:53:30.722+0200] {logging_mixin.py:188} INFO - [2024-07-18T18:53:30.721+0200] {dag.py:3089} INFO - Sync 1 DAGs
[2024-07-18T18:53:30.727+0200] {logging_mixin.py:188} INFO - [2024-07-18T18:53:30.727+0200] {dag.py:3947} INFO - Setting next_dagrun for tutorial_dag to None, run_after=None
[2024-07-18T18:53:30.796+0200] {processor.py:183} INFO - Processing /home/richonlinux/Documents/GitHub/AirflowTuto/venv/lib/python3.10/site-packages/airflow/example_dags/tutorial_dag.py took 0.099 seconds
[2024-07-18T18:54:37.703+0200] {processor.py:161} INFO - Started process (PID=272414) to work on /home/richonlinux/Documents/GitHub/AirflowTuto/venv/lib/python3.10/site-packages/airflow/example_dags/tutorial_dag.py
[2024-07-18T18:54:37.705+0200] {processor.py:830} INFO - Processing file /home/richonlinux/Documents/GitHub/AirflowTuto/venv/lib/python3.10/site-packages/airflow/example_dags/tutorial_dag.py for tasks to queue
[2024-07-18T18:54:37.706+0200] {logging_mixin.py:188} INFO - [2024-07-18T18:54:37.706+0200] {dagbag.py:545} INFO - Filling up the DagBag from /home/richonlinux/Documents/GitHub/AirflowTuto/venv/lib/python3.10/site-packages/airflow/example_dags/tutorial_dag.py
[2024-07-18T18:54:37.711+0200] {processor.py:840} INFO - DAG(s) 'tutorial_dag' retrieved from /home/richonlinux/Documents/GitHub/AirflowTuto/venv/lib/python3.10/site-packages/airflow/example_dags/tutorial_dag.py
[2024-07-18T18:54:37.720+0200] {logging_mixin.py:188} INFO - [2024-07-18T18:54:37.719+0200] {dag.py:3089} INFO - Sync 1 DAGs
[2024-07-18T18:54:37.725+0200] {logging_mixin.py:188} INFO - [2024-07-18T18:54:37.725+0200] {dag.py:3947} INFO - Setting next_dagrun for tutorial_dag to None, run_after=None
[2024-07-18T18:54:37.737+0200] {processor.py:183} INFO - Processing /home/richonlinux/Documents/GitHub/AirflowTuto/venv/lib/python3.10/site-packages/airflow/example_dags/tutorial_dag.py took 0.043 seconds
[2024-07-18T18:55:33.753+0200] {processor.py:161} INFO - Started process (PID=273301) to work on /home/richonlinux/Documents/GitHub/AirflowTuto/venv/lib/python3.10/site-packages/airflow/example_dags/tutorial_dag.py
[2024-07-18T18:55:33.754+0200] {processor.py:830} INFO - Processing file /home/richonlinux/Documents/GitHub/AirflowTuto/venv/lib/python3.10/site-packages/airflow/example_dags/tutorial_dag.py for tasks to queue
[2024-07-18T18:55:33.755+0200] {logging_mixin.py:188} INFO - [2024-07-18T18:55:33.755+0200] {dagbag.py:545} INFO - Filling up the DagBag from /home/richonlinux/Documents/GitHub/AirflowTuto/venv/lib/python3.10/site-packages/airflow/example_dags/tutorial_dag.py
[2024-07-18T18:55:33.760+0200] {processor.py:840} INFO - DAG(s) 'tutorial_dag' retrieved from /home/richonlinux/Documents/GitHub/AirflowTuto/venv/lib/python3.10/site-packages/airflow/example_dags/tutorial_dag.py
[2024-07-18T18:55:33.769+0200] {logging_mixin.py:188} INFO - [2024-07-18T18:55:33.769+0200] {dag.py:3089} INFO - Sync 1 DAGs
[2024-07-18T18:55:33.775+0200] {logging_mixin.py:188} INFO - [2024-07-18T18:55:33.775+0200] {dag.py:3947} INFO - Setting next_dagrun for tutorial_dag to None, run_after=None
[2024-07-18T18:55:33.787+0200] {processor.py:183} INFO - Processing /home/richonlinux/Documents/GitHub/AirflowTuto/venv/lib/python3.10/site-packages/airflow/example_dags/tutorial_dag.py took 0.037 seconds
[2024-07-18T18:56:33.437+0200] {processor.py:161} INFO - Started process (PID=274351) to work on /home/richonlinux/Documents/GitHub/AirflowTuto/venv/lib/python3.10/site-packages/airflow/example_dags/tutorial_dag.py
[2024-07-18T18:56:33.438+0200] {processor.py:830} INFO - Processing file /home/richonlinux/Documents/GitHub/AirflowTuto/venv/lib/python3.10/site-packages/airflow/example_dags/tutorial_dag.py for tasks to queue
[2024-07-18T18:56:33.440+0200] {logging_mixin.py:188} INFO - [2024-07-18T18:56:33.439+0200] {dagbag.py:545} INFO - Filling up the DagBag from /home/richonlinux/Documents/GitHub/AirflowTuto/venv/lib/python3.10/site-packages/airflow/example_dags/tutorial_dag.py
[2024-07-18T18:56:33.444+0200] {processor.py:840} INFO - DAG(s) 'tutorial_dag' retrieved from /home/richonlinux/Documents/GitHub/AirflowTuto/venv/lib/python3.10/site-packages/airflow/example_dags/tutorial_dag.py
[2024-07-18T18:56:33.453+0200] {logging_mixin.py:188} INFO - [2024-07-18T18:56:33.453+0200] {dag.py:3089} INFO - Sync 1 DAGs
[2024-07-18T18:56:33.459+0200] {logging_mixin.py:188} INFO - [2024-07-18T18:56:33.459+0200] {dag.py:3947} INFO - Setting next_dagrun for tutorial_dag to None, run_after=None
[2024-07-18T18:56:33.471+0200] {processor.py:183} INFO - Processing /home/richonlinux/Documents/GitHub/AirflowTuto/venv/lib/python3.10/site-packages/airflow/example_dags/tutorial_dag.py took 0.043 seconds
[2024-07-18T18:57:31.002+0200] {processor.py:161} INFO - Started process (PID=275300) to work on /home/richonlinux/Documents/GitHub/AirflowTuto/venv/lib/python3.10/site-packages/airflow/example_dags/tutorial_dag.py
[2024-07-18T18:57:31.006+0200] {processor.py:830} INFO - Processing file /home/richonlinux/Documents/GitHub/AirflowTuto/venv/lib/python3.10/site-packages/airflow/example_dags/tutorial_dag.py for tasks to queue
[2024-07-18T18:57:31.008+0200] {logging_mixin.py:188} INFO - [2024-07-18T18:57:31.007+0200] {dagbag.py:545} INFO - Filling up the DagBag from /home/richonlinux/Documents/GitHub/AirflowTuto/venv/lib/python3.10/site-packages/airflow/example_dags/tutorial_dag.py
[2024-07-18T18:57:31.012+0200] {processor.py:840} INFO - DAG(s) 'tutorial_dag' retrieved from /home/richonlinux/Documents/GitHub/AirflowTuto/venv/lib/python3.10/site-packages/airflow/example_dags/tutorial_dag.py
[2024-07-18T18:57:31.022+0200] {logging_mixin.py:188} INFO - [2024-07-18T18:57:31.022+0200] {dag.py:3089} INFO - Sync 1 DAGs
[2024-07-18T18:57:31.030+0200] {logging_mixin.py:188} INFO - [2024-07-18T18:57:31.030+0200] {dag.py:3947} INFO - Setting next_dagrun for tutorial_dag to None, run_after=None
[2024-07-18T18:57:31.048+0200] {processor.py:183} INFO - Processing /home/richonlinux/Documents/GitHub/AirflowTuto/venv/lib/python3.10/site-packages/airflow/example_dags/tutorial_dag.py took 0.051 seconds
[2024-07-18T18:58:30.733+0200] {processor.py:161} INFO - Started process (PID=276251) to work on /home/richonlinux/Documents/GitHub/AirflowTuto/venv/lib/python3.10/site-packages/airflow/example_dags/tutorial_dag.py
[2024-07-18T18:58:30.735+0200] {processor.py:830} INFO - Processing file /home/richonlinux/Documents/GitHub/AirflowTuto/venv/lib/python3.10/site-packages/airflow/example_dags/tutorial_dag.py for tasks to queue
[2024-07-18T18:58:30.737+0200] {logging_mixin.py:188} INFO - [2024-07-18T18:58:30.736+0200] {dagbag.py:545} INFO - Filling up the DagBag from /home/richonlinux/Documents/GitHub/AirflowTuto/venv/lib/python3.10/site-packages/airflow/example_dags/tutorial_dag.py
[2024-07-18T18:58:30.740+0200] {processor.py:840} INFO - DAG(s) 'tutorial_dag' retrieved from /home/richonlinux/Documents/GitHub/AirflowTuto/venv/lib/python3.10/site-packages/airflow/example_dags/tutorial_dag.py
[2024-07-18T18:58:30.750+0200] {logging_mixin.py:188} INFO - [2024-07-18T18:58:30.749+0200] {dag.py:3089} INFO - Sync 1 DAGs
[2024-07-18T18:58:30.758+0200] {logging_mixin.py:188} INFO - [2024-07-18T18:58:30.757+0200] {dag.py:3947} INFO - Setting next_dagrun for tutorial_dag to None, run_after=None
[2024-07-18T18:58:30.772+0200] {processor.py:183} INFO - Processing /home/richonlinux/Documents/GitHub/AirflowTuto/venv/lib/python3.10/site-packages/airflow/example_dags/tutorial_dag.py took 0.046 seconds
[2024-07-18T18:59:31.503+0200] {processor.py:161} INFO - Started process (PID=277350) to work on /home/richonlinux/Documents/GitHub/AirflowTuto/venv/lib/python3.10/site-packages/airflow/example_dags/tutorial_dag.py
[2024-07-18T18:59:31.504+0200] {processor.py:830} INFO - Processing file /home/richonlinux/Documents/GitHub/AirflowTuto/venv/lib/python3.10/site-packages/airflow/example_dags/tutorial_dag.py for tasks to queue
[2024-07-18T18:59:31.505+0200] {logging_mixin.py:188} INFO - [2024-07-18T18:59:31.505+0200] {dagbag.py:545} INFO - Filling up the DagBag from /home/richonlinux/Documents/GitHub/AirflowTuto/venv/lib/python3.10/site-packages/airflow/example_dags/tutorial_dag.py
[2024-07-18T18:59:31.508+0200] {processor.py:840} INFO - DAG(s) 'tutorial_dag' retrieved from /home/richonlinux/Documents/GitHub/AirflowTuto/venv/lib/python3.10/site-packages/airflow/example_dags/tutorial_dag.py
[2024-07-18T18:59:31.517+0200] {logging_mixin.py:188} INFO - [2024-07-18T18:59:31.517+0200] {dag.py:3089} INFO - Sync 1 DAGs
[2024-07-18T18:59:31.523+0200] {logging_mixin.py:188} INFO - [2024-07-18T18:59:31.522+0200] {dag.py:3947} INFO - Setting next_dagrun for tutorial_dag to None, run_after=None
[2024-07-18T18:59:31.535+0200] {processor.py:183} INFO - Processing /home/richonlinux/Documents/GitHub/AirflowTuto/venv/lib/python3.10/site-packages/airflow/example_dags/tutorial_dag.py took 0.035 seconds
[2024-07-18T19:00:34.329+0200] {processor.py:161} INFO - Started process (PID=278571) to work on /home/richonlinux/Documents/GitHub/AirflowTuto/venv/lib/python3.10/site-packages/airflow/example_dags/tutorial_dag.py
[2024-07-18T19:00:34.329+0200] {processor.py:830} INFO - Processing file /home/richonlinux/Documents/GitHub/AirflowTuto/venv/lib/python3.10/site-packages/airflow/example_dags/tutorial_dag.py for tasks to queue
[2024-07-18T19:00:34.330+0200] {logging_mixin.py:188} INFO - [2024-07-18T19:00:34.330+0200] {dagbag.py:545} INFO - Filling up the DagBag from /home/richonlinux/Documents/GitHub/AirflowTuto/venv/lib/python3.10/site-packages/airflow/example_dags/tutorial_dag.py
[2024-07-18T19:00:34.333+0200] {processor.py:840} INFO - DAG(s) 'tutorial_dag' retrieved from /home/richonlinux/Documents/GitHub/AirflowTuto/venv/lib/python3.10/site-packages/airflow/example_dags/tutorial_dag.py
[2024-07-18T19:00:34.341+0200] {logging_mixin.py:188} INFO - [2024-07-18T19:00:34.341+0200] {dag.py:3089} INFO - Sync 1 DAGs
[2024-07-18T19:00:34.346+0200] {logging_mixin.py:188} INFO - [2024-07-18T19:00:34.346+0200] {dag.py:3947} INFO - Setting next_dagrun for tutorial_dag to None, run_after=None
[2024-07-18T19:00:34.359+0200] {processor.py:183} INFO - Processing /home/richonlinux/Documents/GitHub/AirflowTuto/venv/lib/python3.10/site-packages/airflow/example_dags/tutorial_dag.py took 0.033 seconds
[2024-07-18T19:01:34.141+0200] {processor.py:161} INFO - Started process (PID=279751) to work on /home/richonlinux/Documents/GitHub/AirflowTuto/venv/lib/python3.10/site-packages/airflow/example_dags/tutorial_dag.py
[2024-07-18T19:01:34.142+0200] {processor.py:830} INFO - Processing file /home/richonlinux/Documents/GitHub/AirflowTuto/venv/lib/python3.10/site-packages/airflow/example_dags/tutorial_dag.py for tasks to queue
[2024-07-18T19:01:34.143+0200] {logging_mixin.py:188} INFO - [2024-07-18T19:01:34.143+0200] {dagbag.py:545} INFO - Filling up the DagBag from /home/richonlinux/Documents/GitHub/AirflowTuto/venv/lib/python3.10/site-packages/airflow/example_dags/tutorial_dag.py
[2024-07-18T19:01:34.146+0200] {processor.py:840} INFO - DAG(s) 'tutorial_dag' retrieved from /home/richonlinux/Documents/GitHub/AirflowTuto/venv/lib/python3.10/site-packages/airflow/example_dags/tutorial_dag.py
[2024-07-18T19:01:34.155+0200] {logging_mixin.py:188} INFO - [2024-07-18T19:01:34.155+0200] {dag.py:3089} INFO - Sync 1 DAGs
[2024-07-18T19:01:34.162+0200] {logging_mixin.py:188} INFO - [2024-07-18T19:01:34.162+0200] {dag.py:3947} INFO - Setting next_dagrun for tutorial_dag to None, run_after=None
[2024-07-18T19:01:34.176+0200] {processor.py:183} INFO - Processing /home/richonlinux/Documents/GitHub/AirflowTuto/venv/lib/python3.10/site-packages/airflow/example_dags/tutorial_dag.py took 0.039 seconds
[2024-07-18T19:02:31.813+0200] {processor.py:161} INFO - Started process (PID=280796) to work on /home/richonlinux/Documents/GitHub/AirflowTuto/venv/lib/python3.10/site-packages/airflow/example_dags/tutorial_dag.py
[2024-07-18T19:02:31.814+0200] {processor.py:830} INFO - Processing file /home/richonlinux/Documents/GitHub/AirflowTuto/venv/lib/python3.10/site-packages/airflow/example_dags/tutorial_dag.py for tasks to queue
[2024-07-18T19:02:31.816+0200] {logging_mixin.py:188} INFO - [2024-07-18T19:02:31.816+0200] {dagbag.py:545} INFO - Filling up the DagBag from /home/richonlinux/Documents/GitHub/AirflowTuto/venv/lib/python3.10/site-packages/airflow/example_dags/tutorial_dag.py
[2024-07-18T19:02:31.821+0200] {processor.py:840} INFO - DAG(s) 'tutorial_dag' retrieved from /home/richonlinux/Documents/GitHub/AirflowTuto/venv/lib/python3.10/site-packages/airflow/example_dags/tutorial_dag.py
[2024-07-18T19:02:31.829+0200] {logging_mixin.py:188} INFO - [2024-07-18T19:02:31.829+0200] {dag.py:3089} INFO - Sync 1 DAGs
[2024-07-18T19:02:31.835+0200] {logging_mixin.py:188} INFO - [2024-07-18T19:02:31.835+0200] {dag.py:3947} INFO - Setting next_dagrun for tutorial_dag to None, run_after=None
[2024-07-18T19:02:31.847+0200] {processor.py:183} INFO - Processing /home/richonlinux/Documents/GitHub/AirflowTuto/venv/lib/python3.10/site-packages/airflow/example_dags/tutorial_dag.py took 0.044 seconds
[2024-07-18T19:03:32.166+0200] {processor.py:161} INFO - Started process (PID=281728) to work on /home/richonlinux/Documents/GitHub/AirflowTuto/venv/lib/python3.10/site-packages/airflow/example_dags/tutorial_dag.py
[2024-07-18T19:03:32.167+0200] {processor.py:830} INFO - Processing file /home/richonlinux/Documents/GitHub/AirflowTuto/venv/lib/python3.10/site-packages/airflow/example_dags/tutorial_dag.py for tasks to queue
[2024-07-18T19:03:32.169+0200] {logging_mixin.py:188} INFO - [2024-07-18T19:03:32.168+0200] {dagbag.py:545} INFO - Filling up the DagBag from /home/richonlinux/Documents/GitHub/AirflowTuto/venv/lib/python3.10/site-packages/airflow/example_dags/tutorial_dag.py
[2024-07-18T19:03:32.174+0200] {processor.py:840} INFO - DAG(s) 'tutorial_dag' retrieved from /home/richonlinux/Documents/GitHub/AirflowTuto/venv/lib/python3.10/site-packages/airflow/example_dags/tutorial_dag.py
[2024-07-18T19:03:32.183+0200] {logging_mixin.py:188} INFO - [2024-07-18T19:03:32.183+0200] {dag.py:3089} INFO - Sync 1 DAGs
[2024-07-18T19:03:32.188+0200] {logging_mixin.py:188} INFO - [2024-07-18T19:03:32.188+0200] {dag.py:3947} INFO - Setting next_dagrun for tutorial_dag to None, run_after=None
[2024-07-18T19:03:32.201+0200] {processor.py:183} INFO - Processing /home/richonlinux/Documents/GitHub/AirflowTuto/venv/lib/python3.10/site-packages/airflow/example_dags/tutorial_dag.py took 0.043 seconds
[2024-07-18T19:04:31.209+0200] {processor.py:161} INFO - Started process (PID=282706) to work on /home/richonlinux/Documents/GitHub/AirflowTuto/venv/lib/python3.10/site-packages/airflow/example_dags/tutorial_dag.py
[2024-07-18T19:04:31.210+0200] {processor.py:830} INFO - Processing file /home/richonlinux/Documents/GitHub/AirflowTuto/venv/lib/python3.10/site-packages/airflow/example_dags/tutorial_dag.py for tasks to queue
[2024-07-18T19:04:31.212+0200] {logging_mixin.py:188} INFO - [2024-07-18T19:04:31.211+0200] {dagbag.py:545} INFO - Filling up the DagBag from /home/richonlinux/Documents/GitHub/AirflowTuto/venv/lib/python3.10/site-packages/airflow/example_dags/tutorial_dag.py
[2024-07-18T19:04:31.216+0200] {processor.py:840} INFO - DAG(s) 'tutorial_dag' retrieved from /home/richonlinux/Documents/GitHub/AirflowTuto/venv/lib/python3.10/site-packages/airflow/example_dags/tutorial_dag.py
[2024-07-18T19:04:31.224+0200] {logging_mixin.py:188} INFO - [2024-07-18T19:04:31.224+0200] {dag.py:3089} INFO - Sync 1 DAGs
[2024-07-18T19:04:31.230+0200] {logging_mixin.py:188} INFO - [2024-07-18T19:04:31.230+0200] {dag.py:3947} INFO - Setting next_dagrun for tutorial_dag to None, run_after=None
[2024-07-18T19:04:31.243+0200] {processor.py:183} INFO - Processing /home/richonlinux/Documents/GitHub/AirflowTuto/venv/lib/python3.10/site-packages/airflow/example_dags/tutorial_dag.py took 0.043 seconds
[2024-07-18T19:05:29.368+0200] {processor.py:161} INFO - Started process (PID=283724) to work on /home/richonlinux/Documents/GitHub/AirflowTuto/venv/lib/python3.10/site-packages/airflow/example_dags/tutorial_dag.py
[2024-07-18T19:05:29.369+0200] {processor.py:830} INFO - Processing file /home/richonlinux/Documents/GitHub/AirflowTuto/venv/lib/python3.10/site-packages/airflow/example_dags/tutorial_dag.py for tasks to queue
[2024-07-18T19:05:29.371+0200] {logging_mixin.py:188} INFO - [2024-07-18T19:05:29.370+0200] {dagbag.py:545} INFO - Filling up the DagBag from /home/richonlinux/Documents/GitHub/AirflowTuto/venv/lib/python3.10/site-packages/airflow/example_dags/tutorial_dag.py
[2024-07-18T19:05:29.374+0200] {processor.py:840} INFO - DAG(s) 'tutorial_dag' retrieved from /home/richonlinux/Documents/GitHub/AirflowTuto/venv/lib/python3.10/site-packages/airflow/example_dags/tutorial_dag.py
[2024-07-18T19:05:29.386+0200] {logging_mixin.py:188} INFO - [2024-07-18T19:05:29.386+0200] {dag.py:3089} INFO - Sync 1 DAGs
[2024-07-18T19:05:29.398+0200] {logging_mixin.py:188} INFO - [2024-07-18T19:05:29.398+0200] {dag.py:3947} INFO - Setting next_dagrun for tutorial_dag to None, run_after=None
[2024-07-18T19:05:29.420+0200] {processor.py:183} INFO - Processing /home/richonlinux/Documents/GitHub/AirflowTuto/venv/lib/python3.10/site-packages/airflow/example_dags/tutorial_dag.py took 0.056 seconds
[2024-07-18T19:06:25.981+0200] {processor.py:161} INFO - Started process (PID=284762) to work on /home/richonlinux/Documents/GitHub/AirflowTuto/venv/lib/python3.10/site-packages/airflow/example_dags/tutorial_dag.py
[2024-07-18T19:06:25.983+0200] {processor.py:830} INFO - Processing file /home/richonlinux/Documents/GitHub/AirflowTuto/venv/lib/python3.10/site-packages/airflow/example_dags/tutorial_dag.py for tasks to queue
[2024-07-18T19:06:25.984+0200] {logging_mixin.py:188} INFO - [2024-07-18T19:06:25.984+0200] {dagbag.py:545} INFO - Filling up the DagBag from /home/richonlinux/Documents/GitHub/AirflowTuto/venv/lib/python3.10/site-packages/airflow/example_dags/tutorial_dag.py
[2024-07-18T19:06:25.989+0200] {processor.py:840} INFO - DAG(s) 'tutorial_dag' retrieved from /home/richonlinux/Documents/GitHub/AirflowTuto/venv/lib/python3.10/site-packages/airflow/example_dags/tutorial_dag.py
[2024-07-18T19:06:25.997+0200] {logging_mixin.py:188} INFO - [2024-07-18T19:06:25.997+0200] {dag.py:3089} INFO - Sync 1 DAGs
[2024-07-18T19:06:26.003+0200] {logging_mixin.py:188} INFO - [2024-07-18T19:06:26.003+0200] {dag.py:3947} INFO - Setting next_dagrun for tutorial_dag to None, run_after=None
[2024-07-18T19:06:26.016+0200] {processor.py:183} INFO - Processing /home/richonlinux/Documents/GitHub/AirflowTuto/venv/lib/python3.10/site-packages/airflow/example_dags/tutorial_dag.py took 0.044 seconds
[2024-07-18T19:07:26.798+0200] {processor.py:161} INFO - Started process (PID=285730) to work on /home/richonlinux/Documents/GitHub/AirflowTuto/venv/lib/python3.10/site-packages/airflow/example_dags/tutorial_dag.py
[2024-07-18T19:07:26.802+0200] {processor.py:830} INFO - Processing file /home/richonlinux/Documents/GitHub/AirflowTuto/venv/lib/python3.10/site-packages/airflow/example_dags/tutorial_dag.py for tasks to queue
[2024-07-18T19:07:26.805+0200] {logging_mixin.py:188} INFO - [2024-07-18T19:07:26.805+0200] {dagbag.py:545} INFO - Filling up the DagBag from /home/richonlinux/Documents/GitHub/AirflowTuto/venv/lib/python3.10/site-packages/airflow/example_dags/tutorial_dag.py
[2024-07-18T19:07:26.810+0200] {processor.py:840} INFO - DAG(s) 'tutorial_dag' retrieved from /home/richonlinux/Documents/GitHub/AirflowTuto/venv/lib/python3.10/site-packages/airflow/example_dags/tutorial_dag.py
[2024-07-18T19:07:26.819+0200] {logging_mixin.py:188} INFO - [2024-07-18T19:07:26.819+0200] {dag.py:3089} INFO - Sync 1 DAGs
[2024-07-18T19:07:26.825+0200] {logging_mixin.py:188} INFO - [2024-07-18T19:07:26.825+0200] {dag.py:3947} INFO - Setting next_dagrun for tutorial_dag to None, run_after=None
[2024-07-18T19:07:26.837+0200] {processor.py:183} INFO - Processing /home/richonlinux/Documents/GitHub/AirflowTuto/venv/lib/python3.10/site-packages/airflow/example_dags/tutorial_dag.py took 0.048 seconds
[2024-07-18T19:08:25.081+0200] {processor.py:161} INFO - Started process (PID=286687) to work on /home/richonlinux/Documents/GitHub/AirflowTuto/venv/lib/python3.10/site-packages/airflow/example_dags/tutorial_dag.py
[2024-07-18T19:08:25.082+0200] {processor.py:830} INFO - Processing file /home/richonlinux/Documents/GitHub/AirflowTuto/venv/lib/python3.10/site-packages/airflow/example_dags/tutorial_dag.py for tasks to queue
[2024-07-18T19:08:25.084+0200] {logging_mixin.py:188} INFO - [2024-07-18T19:08:25.084+0200] {dagbag.py:545} INFO - Filling up the DagBag from /home/richonlinux/Documents/GitHub/AirflowTuto/venv/lib/python3.10/site-packages/airflow/example_dags/tutorial_dag.py
[2024-07-18T19:08:25.088+0200] {processor.py:840} INFO - DAG(s) 'tutorial_dag' retrieved from /home/richonlinux/Documents/GitHub/AirflowTuto/venv/lib/python3.10/site-packages/airflow/example_dags/tutorial_dag.py
[2024-07-18T19:08:25.098+0200] {logging_mixin.py:188} INFO - [2024-07-18T19:08:25.098+0200] {dag.py:3089} INFO - Sync 1 DAGs
[2024-07-18T19:08:25.105+0200] {logging_mixin.py:188} INFO - [2024-07-18T19:08:25.104+0200] {dag.py:3947} INFO - Setting next_dagrun for tutorial_dag to None, run_after=None
[2024-07-18T19:08:25.118+0200] {processor.py:183} INFO - Processing /home/richonlinux/Documents/GitHub/AirflowTuto/venv/lib/python3.10/site-packages/airflow/example_dags/tutorial_dag.py took 0.044 seconds
[2024-07-18T19:09:23.807+0200] {processor.py:161} INFO - Started process (PID=287655) to work on /home/richonlinux/Documents/GitHub/AirflowTuto/venv/lib/python3.10/site-packages/airflow/example_dags/tutorial_dag.py
[2024-07-18T19:09:23.808+0200] {processor.py:830} INFO - Processing file /home/richonlinux/Documents/GitHub/AirflowTuto/venv/lib/python3.10/site-packages/airflow/example_dags/tutorial_dag.py for tasks to queue
[2024-07-18T19:09:23.809+0200] {logging_mixin.py:188} INFO - [2024-07-18T19:09:23.809+0200] {dagbag.py:545} INFO - Filling up the DagBag from /home/richonlinux/Documents/GitHub/AirflowTuto/venv/lib/python3.10/site-packages/airflow/example_dags/tutorial_dag.py
[2024-07-18T19:09:23.812+0200] {processor.py:840} INFO - DAG(s) 'tutorial_dag' retrieved from /home/richonlinux/Documents/GitHub/AirflowTuto/venv/lib/python3.10/site-packages/airflow/example_dags/tutorial_dag.py
[2024-07-18T19:09:23.821+0200] {logging_mixin.py:188} INFO - [2024-07-18T19:09:23.821+0200] {dag.py:3089} INFO - Sync 1 DAGs
[2024-07-18T19:09:23.829+0200] {logging_mixin.py:188} INFO - [2024-07-18T19:09:23.828+0200] {dag.py:3947} INFO - Setting next_dagrun for tutorial_dag to None, run_after=None
[2024-07-18T19:09:23.842+0200] {processor.py:183} INFO - Processing /home/richonlinux/Documents/GitHub/AirflowTuto/venv/lib/python3.10/site-packages/airflow/example_dags/tutorial_dag.py took 0.038 seconds
[2024-07-18T19:10:21.831+0200] {processor.py:161} INFO - Started process (PID=288601) to work on /home/richonlinux/Documents/GitHub/AirflowTuto/venv/lib/python3.10/site-packages/airflow/example_dags/tutorial_dag.py
[2024-07-18T19:10:21.832+0200] {processor.py:830} INFO - Processing file /home/richonlinux/Documents/GitHub/AirflowTuto/venv/lib/python3.10/site-packages/airflow/example_dags/tutorial_dag.py for tasks to queue
[2024-07-18T19:10:21.833+0200] {logging_mixin.py:188} INFO - [2024-07-18T19:10:21.833+0200] {dagbag.py:545} INFO - Filling up the DagBag from /home/richonlinux/Documents/GitHub/AirflowTuto/venv/lib/python3.10/site-packages/airflow/example_dags/tutorial_dag.py
[2024-07-18T19:10:21.836+0200] {processor.py:840} INFO - DAG(s) 'tutorial_dag' retrieved from /home/richonlinux/Documents/GitHub/AirflowTuto/venv/lib/python3.10/site-packages/airflow/example_dags/tutorial_dag.py
[2024-07-18T19:10:21.847+0200] {logging_mixin.py:188} INFO - [2024-07-18T19:10:21.847+0200] {dag.py:3089} INFO - Sync 1 DAGs
[2024-07-18T19:10:21.855+0200] {logging_mixin.py:188} INFO - [2024-07-18T19:10:21.855+0200] {dag.py:3947} INFO - Setting next_dagrun for tutorial_dag to None, run_after=None
[2024-07-18T19:10:21.870+0200] {processor.py:183} INFO - Processing /home/richonlinux/Documents/GitHub/AirflowTuto/venv/lib/python3.10/site-packages/airflow/example_dags/tutorial_dag.py took 0.044 seconds
[2024-07-18T19:11:14.805+0200] {processor.py:161} INFO - Started process (PID=289420) to work on /home/richonlinux/Documents/GitHub/AirflowTuto/venv/lib/python3.10/site-packages/airflow/example_dags/tutorial_dag.py
[2024-07-18T19:11:14.806+0200] {processor.py:830} INFO - Processing file /home/richonlinux/Documents/GitHub/AirflowTuto/venv/lib/python3.10/site-packages/airflow/example_dags/tutorial_dag.py for tasks to queue
[2024-07-18T19:11:14.807+0200] {logging_mixin.py:188} INFO - [2024-07-18T19:11:14.807+0200] {dagbag.py:545} INFO - Filling up the DagBag from /home/richonlinux/Documents/GitHub/AirflowTuto/venv/lib/python3.10/site-packages/airflow/example_dags/tutorial_dag.py
[2024-07-18T19:11:14.810+0200] {processor.py:840} INFO - DAG(s) 'tutorial_dag' retrieved from /home/richonlinux/Documents/GitHub/AirflowTuto/venv/lib/python3.10/site-packages/airflow/example_dags/tutorial_dag.py
[2024-07-18T19:11:14.820+0200] {logging_mixin.py:188} INFO - [2024-07-18T19:11:14.820+0200] {dag.py:3089} INFO - Sync 1 DAGs
[2024-07-18T19:11:14.826+0200] {logging_mixin.py:188} INFO - [2024-07-18T19:11:14.826+0200] {dag.py:3947} INFO - Setting next_dagrun for tutorial_dag to None, run_after=None
[2024-07-18T19:11:14.839+0200] {processor.py:183} INFO - Processing /home/richonlinux/Documents/GitHub/AirflowTuto/venv/lib/python3.10/site-packages/airflow/example_dags/tutorial_dag.py took 0.038 seconds
[2024-07-18T19:12:10.956+0200] {processor.py:161} INFO - Started process (PID=290383) to work on /home/richonlinux/Documents/GitHub/AirflowTuto/venv/lib/python3.10/site-packages/airflow/example_dags/tutorial_dag.py
[2024-07-18T19:12:10.957+0200] {processor.py:830} INFO - Processing file /home/richonlinux/Documents/GitHub/AirflowTuto/venv/lib/python3.10/site-packages/airflow/example_dags/tutorial_dag.py for tasks to queue
[2024-07-18T19:12:10.958+0200] {logging_mixin.py:188} INFO - [2024-07-18T19:12:10.957+0200] {dagbag.py:545} INFO - Filling up the DagBag from /home/richonlinux/Documents/GitHub/AirflowTuto/venv/lib/python3.10/site-packages/airflow/example_dags/tutorial_dag.py
[2024-07-18T19:12:10.962+0200] {processor.py:840} INFO - DAG(s) 'tutorial_dag' retrieved from /home/richonlinux/Documents/GitHub/AirflowTuto/venv/lib/python3.10/site-packages/airflow/example_dags/tutorial_dag.py
[2024-07-18T19:12:10.970+0200] {logging_mixin.py:188} INFO - [2024-07-18T19:12:10.970+0200] {dag.py:3089} INFO - Sync 1 DAGs
[2024-07-18T19:12:10.977+0200] {logging_mixin.py:188} INFO - [2024-07-18T19:12:10.977+0200] {dag.py:3947} INFO - Setting next_dagrun for tutorial_dag to None, run_after=None
[2024-07-18T19:12:10.989+0200] {processor.py:183} INFO - Processing /home/richonlinux/Documents/GitHub/AirflowTuto/venv/lib/python3.10/site-packages/airflow/example_dags/tutorial_dag.py took 0.040 seconds
[2024-07-18T19:13:10.132+0200] {processor.py:161} INFO - Started process (PID=291314) to work on /home/richonlinux/Documents/GitHub/AirflowTuto/venv/lib/python3.10/site-packages/airflow/example_dags/tutorial_dag.py
[2024-07-18T19:13:10.133+0200] {processor.py:830} INFO - Processing file /home/richonlinux/Documents/GitHub/AirflowTuto/venv/lib/python3.10/site-packages/airflow/example_dags/tutorial_dag.py for tasks to queue
[2024-07-18T19:13:10.135+0200] {logging_mixin.py:188} INFO - [2024-07-18T19:13:10.135+0200] {dagbag.py:545} INFO - Filling up the DagBag from /home/richonlinux/Documents/GitHub/AirflowTuto/venv/lib/python3.10/site-packages/airflow/example_dags/tutorial_dag.py
[2024-07-18T19:13:10.139+0200] {processor.py:840} INFO - DAG(s) 'tutorial_dag' retrieved from /home/richonlinux/Documents/GitHub/AirflowTuto/venv/lib/python3.10/site-packages/airflow/example_dags/tutorial_dag.py
[2024-07-18T19:13:10.149+0200] {logging_mixin.py:188} INFO - [2024-07-18T19:13:10.149+0200] {dag.py:3089} INFO - Sync 1 DAGs
[2024-07-18T19:13:10.155+0200] {logging_mixin.py:188} INFO - [2024-07-18T19:13:10.155+0200] {dag.py:3947} INFO - Setting next_dagrun for tutorial_dag to None, run_after=None
[2024-07-18T19:13:10.169+0200] {processor.py:183} INFO - Processing /home/richonlinux/Documents/GitHub/AirflowTuto/venv/lib/python3.10/site-packages/airflow/example_dags/tutorial_dag.py took 0.043 seconds
[2024-07-18T19:14:07.861+0200] {processor.py:161} INFO - Started process (PID=292248) to work on /home/richonlinux/Documents/GitHub/AirflowTuto/venv/lib/python3.10/site-packages/airflow/example_dags/tutorial_dag.py
[2024-07-18T19:14:07.865+0200] {processor.py:830} INFO - Processing file /home/richonlinux/Documents/GitHub/AirflowTuto/venv/lib/python3.10/site-packages/airflow/example_dags/tutorial_dag.py for tasks to queue
[2024-07-18T19:14:07.866+0200] {logging_mixin.py:188} INFO - [2024-07-18T19:14:07.866+0200] {dagbag.py:545} INFO - Filling up the DagBag from /home/richonlinux/Documents/GitHub/AirflowTuto/venv/lib/python3.10/site-packages/airflow/example_dags/tutorial_dag.py
[2024-07-18T19:14:07.869+0200] {processor.py:840} INFO - DAG(s) 'tutorial_dag' retrieved from /home/richonlinux/Documents/GitHub/AirflowTuto/venv/lib/python3.10/site-packages/airflow/example_dags/tutorial_dag.py
[2024-07-18T19:14:07.878+0200] {logging_mixin.py:188} INFO - [2024-07-18T19:14:07.878+0200] {dag.py:3089} INFO - Sync 1 DAGs
[2024-07-18T19:14:07.885+0200] {logging_mixin.py:188} INFO - [2024-07-18T19:14:07.885+0200] {dag.py:3947} INFO - Setting next_dagrun for tutorial_dag to None, run_after=None
[2024-07-18T19:14:07.899+0200] {processor.py:183} INFO - Processing /home/richonlinux/Documents/GitHub/AirflowTuto/venv/lib/python3.10/site-packages/airflow/example_dags/tutorial_dag.py took 0.041 seconds
[2024-07-18T19:15:08.408+0200] {processor.py:161} INFO - Started process (PID=293208) to work on /home/richonlinux/Documents/GitHub/AirflowTuto/venv/lib/python3.10/site-packages/airflow/example_dags/tutorial_dag.py
[2024-07-18T19:15:08.409+0200] {processor.py:830} INFO - Processing file /home/richonlinux/Documents/GitHub/AirflowTuto/venv/lib/python3.10/site-packages/airflow/example_dags/tutorial_dag.py for tasks to queue
[2024-07-18T19:15:08.410+0200] {logging_mixin.py:188} INFO - [2024-07-18T19:15:08.410+0200] {dagbag.py:545} INFO - Filling up the DagBag from /home/richonlinux/Documents/GitHub/AirflowTuto/venv/lib/python3.10/site-packages/airflow/example_dags/tutorial_dag.py
[2024-07-18T19:15:08.413+0200] {processor.py:840} INFO - DAG(s) 'tutorial_dag' retrieved from /home/richonlinux/Documents/GitHub/AirflowTuto/venv/lib/python3.10/site-packages/airflow/example_dags/tutorial_dag.py
[2024-07-18T19:15:08.423+0200] {logging_mixin.py:188} INFO - [2024-07-18T19:15:08.422+0200] {dag.py:3089} INFO - Sync 1 DAGs
[2024-07-18T19:15:08.429+0200] {logging_mixin.py:188} INFO - [2024-07-18T19:15:08.429+0200] {dag.py:3947} INFO - Setting next_dagrun for tutorial_dag to None, run_after=None
[2024-07-18T19:15:08.443+0200] {processor.py:183} INFO - Processing /home/richonlinux/Documents/GitHub/AirflowTuto/venv/lib/python3.10/site-packages/airflow/example_dags/tutorial_dag.py took 0.039 seconds
[2024-07-18T19:16:08.883+0200] {processor.py:161} INFO - Started process (PID=294181) to work on /home/richonlinux/Documents/GitHub/AirflowTuto/venv/lib/python3.10/site-packages/airflow/example_dags/tutorial_dag.py
[2024-07-18T19:16:08.884+0200] {processor.py:830} INFO - Processing file /home/richonlinux/Documents/GitHub/AirflowTuto/venv/lib/python3.10/site-packages/airflow/example_dags/tutorial_dag.py for tasks to queue
[2024-07-18T19:16:08.885+0200] {logging_mixin.py:188} INFO - [2024-07-18T19:16:08.885+0200] {dagbag.py:545} INFO - Filling up the DagBag from /home/richonlinux/Documents/GitHub/AirflowTuto/venv/lib/python3.10/site-packages/airflow/example_dags/tutorial_dag.py
[2024-07-18T19:16:08.889+0200] {processor.py:840} INFO - DAG(s) 'tutorial_dag' retrieved from /home/richonlinux/Documents/GitHub/AirflowTuto/venv/lib/python3.10/site-packages/airflow/example_dags/tutorial_dag.py
[2024-07-18T19:16:08.898+0200] {logging_mixin.py:188} INFO - [2024-07-18T19:16:08.898+0200] {dag.py:3089} INFO - Sync 1 DAGs
[2024-07-18T19:16:08.905+0200] {logging_mixin.py:188} INFO - [2024-07-18T19:16:08.905+0200] {dag.py:3947} INFO - Setting next_dagrun for tutorial_dag to None, run_after=None
[2024-07-18T19:16:08.919+0200] {processor.py:183} INFO - Processing /home/richonlinux/Documents/GitHub/AirflowTuto/venv/lib/python3.10/site-packages/airflow/example_dags/tutorial_dag.py took 0.039 seconds
[2024-07-18T19:17:04.270+0200] {processor.py:161} INFO - Started process (PID=295124) to work on /home/richonlinux/Documents/GitHub/AirflowTuto/venv/lib/python3.10/site-packages/airflow/example_dags/tutorial_dag.py
[2024-07-18T19:17:04.271+0200] {processor.py:830} INFO - Processing file /home/richonlinux/Documents/GitHub/AirflowTuto/venv/lib/python3.10/site-packages/airflow/example_dags/tutorial_dag.py for tasks to queue
[2024-07-18T19:17:04.273+0200] {logging_mixin.py:188} INFO - [2024-07-18T19:17:04.273+0200] {dagbag.py:545} INFO - Filling up the DagBag from /home/richonlinux/Documents/GitHub/AirflowTuto/venv/lib/python3.10/site-packages/airflow/example_dags/tutorial_dag.py
[2024-07-18T19:17:04.277+0200] {processor.py:840} INFO - DAG(s) 'tutorial_dag' retrieved from /home/richonlinux/Documents/GitHub/AirflowTuto/venv/lib/python3.10/site-packages/airflow/example_dags/tutorial_dag.py
[2024-07-18T19:17:04.289+0200] {logging_mixin.py:188} INFO - [2024-07-18T19:17:04.289+0200] {dag.py:3089} INFO - Sync 1 DAGs
[2024-07-18T19:17:04.297+0200] {logging_mixin.py:188} INFO - [2024-07-18T19:17:04.297+0200] {dag.py:3947} INFO - Setting next_dagrun for tutorial_dag to None, run_after=None
[2024-07-18T19:17:04.317+0200] {processor.py:183} INFO - Processing /home/richonlinux/Documents/GitHub/AirflowTuto/venv/lib/python3.10/site-packages/airflow/example_dags/tutorial_dag.py took 0.051 seconds
[2024-07-18T19:18:01.958+0200] {processor.py:161} INFO - Started process (PID=296060) to work on /home/richonlinux/Documents/GitHub/AirflowTuto/venv/lib/python3.10/site-packages/airflow/example_dags/tutorial_dag.py
[2024-07-18T19:18:01.962+0200] {processor.py:830} INFO - Processing file /home/richonlinux/Documents/GitHub/AirflowTuto/venv/lib/python3.10/site-packages/airflow/example_dags/tutorial_dag.py for tasks to queue
[2024-07-18T19:18:01.963+0200] {logging_mixin.py:188} INFO - [2024-07-18T19:18:01.962+0200] {dagbag.py:545} INFO - Filling up the DagBag from /home/richonlinux/Documents/GitHub/AirflowTuto/venv/lib/python3.10/site-packages/airflow/example_dags/tutorial_dag.py
[2024-07-18T19:18:01.966+0200] {processor.py:840} INFO - DAG(s) 'tutorial_dag' retrieved from /home/richonlinux/Documents/GitHub/AirflowTuto/venv/lib/python3.10/site-packages/airflow/example_dags/tutorial_dag.py
[2024-07-18T19:18:01.978+0200] {logging_mixin.py:188} INFO - [2024-07-18T19:18:01.978+0200] {dag.py:3089} INFO - Sync 1 DAGs
[2024-07-18T19:18:01.987+0200] {logging_mixin.py:188} INFO - [2024-07-18T19:18:01.987+0200] {dag.py:3947} INFO - Setting next_dagrun for tutorial_dag to None, run_after=None
[2024-07-18T19:18:02.002+0200] {processor.py:183} INFO - Processing /home/richonlinux/Documents/GitHub/AirflowTuto/venv/lib/python3.10/site-packages/airflow/example_dags/tutorial_dag.py took 0.049 seconds
[2024-07-18T19:19:03.507+0200] {processor.py:161} INFO - Started process (PID=297080) to work on /home/richonlinux/Documents/GitHub/AirflowTuto/venv/lib/python3.10/site-packages/airflow/example_dags/tutorial_dag.py
[2024-07-18T19:19:03.510+0200] {processor.py:830} INFO - Processing file /home/richonlinux/Documents/GitHub/AirflowTuto/venv/lib/python3.10/site-packages/airflow/example_dags/tutorial_dag.py for tasks to queue
[2024-07-18T19:19:03.512+0200] {logging_mixin.py:188} INFO - [2024-07-18T19:19:03.511+0200] {dagbag.py:545} INFO - Filling up the DagBag from /home/richonlinux/Documents/GitHub/AirflowTuto/venv/lib/python3.10/site-packages/airflow/example_dags/tutorial_dag.py
[2024-07-18T19:19:03.515+0200] {processor.py:840} INFO - DAG(s) 'tutorial_dag' retrieved from /home/richonlinux/Documents/GitHub/AirflowTuto/venv/lib/python3.10/site-packages/airflow/example_dags/tutorial_dag.py
[2024-07-18T19:19:03.526+0200] {logging_mixin.py:188} INFO - [2024-07-18T19:19:03.526+0200] {dag.py:3089} INFO - Sync 1 DAGs
[2024-07-18T19:19:03.534+0200] {logging_mixin.py:188} INFO - [2024-07-18T19:19:03.534+0200] {dag.py:3947} INFO - Setting next_dagrun for tutorial_dag to None, run_after=None
[2024-07-18T19:19:03.549+0200] {processor.py:183} INFO - Processing /home/richonlinux/Documents/GitHub/AirflowTuto/venv/lib/python3.10/site-packages/airflow/example_dags/tutorial_dag.py took 0.046 seconds
[2024-07-18T19:19:59.866+0200] {processor.py:161} INFO - Started process (PID=297993) to work on /home/richonlinux/Documents/GitHub/AirflowTuto/venv/lib/python3.10/site-packages/airflow/example_dags/tutorial_dag.py
[2024-07-18T19:19:59.867+0200] {processor.py:830} INFO - Processing file /home/richonlinux/Documents/GitHub/AirflowTuto/venv/lib/python3.10/site-packages/airflow/example_dags/tutorial_dag.py for tasks to queue
[2024-07-18T19:19:59.867+0200] {logging_mixin.py:188} INFO - [2024-07-18T19:19:59.867+0200] {dagbag.py:545} INFO - Filling up the DagBag from /home/richonlinux/Documents/GitHub/AirflowTuto/venv/lib/python3.10/site-packages/airflow/example_dags/tutorial_dag.py
[2024-07-18T19:19:59.871+0200] {processor.py:840} INFO - DAG(s) 'tutorial_dag' retrieved from /home/richonlinux/Documents/GitHub/AirflowTuto/venv/lib/python3.10/site-packages/airflow/example_dags/tutorial_dag.py
[2024-07-18T19:19:59.879+0200] {logging_mixin.py:188} INFO - [2024-07-18T19:19:59.879+0200] {dag.py:3089} INFO - Sync 1 DAGs
[2024-07-18T19:19:59.885+0200] {logging_mixin.py:188} INFO - [2024-07-18T19:19:59.885+0200] {dag.py:3947} INFO - Setting next_dagrun for tutorial_dag to None, run_after=None
[2024-07-18T19:19:59.897+0200] {processor.py:183} INFO - Processing /home/richonlinux/Documents/GitHub/AirflowTuto/venv/lib/python3.10/site-packages/airflow/example_dags/tutorial_dag.py took 0.035 seconds
[2024-07-18T19:21:02.617+0200] {processor.py:161} INFO - Started process (PID=299021) to work on /home/richonlinux/Documents/GitHub/AirflowTuto/venv/lib/python3.10/site-packages/airflow/example_dags/tutorial_dag.py
[2024-07-18T19:21:02.618+0200] {processor.py:830} INFO - Processing file /home/richonlinux/Documents/GitHub/AirflowTuto/venv/lib/python3.10/site-packages/airflow/example_dags/tutorial_dag.py for tasks to queue
[2024-07-18T19:21:02.619+0200] {logging_mixin.py:188} INFO - [2024-07-18T19:21:02.619+0200] {dagbag.py:545} INFO - Filling up the DagBag from /home/richonlinux/Documents/GitHub/AirflowTuto/venv/lib/python3.10/site-packages/airflow/example_dags/tutorial_dag.py
[2024-07-18T19:21:02.623+0200] {processor.py:840} INFO - DAG(s) 'tutorial_dag' retrieved from /home/richonlinux/Documents/GitHub/AirflowTuto/venv/lib/python3.10/site-packages/airflow/example_dags/tutorial_dag.py
[2024-07-18T19:21:02.634+0200] {logging_mixin.py:188} INFO - [2024-07-18T19:21:02.634+0200] {dag.py:3089} INFO - Sync 1 DAGs
[2024-07-18T19:21:02.644+0200] {logging_mixin.py:188} INFO - [2024-07-18T19:21:02.644+0200] {dag.py:3947} INFO - Setting next_dagrun for tutorial_dag to None, run_after=None
[2024-07-18T19:21:02.659+0200] {processor.py:183} INFO - Processing /home/richonlinux/Documents/GitHub/AirflowTuto/venv/lib/python3.10/site-packages/airflow/example_dags/tutorial_dag.py took 0.046 seconds
[2024-07-18T19:22:03.094+0200] {processor.py:161} INFO - Started process (PID=300045) to work on /home/richonlinux/Documents/GitHub/AirflowTuto/venv/lib/python3.10/site-packages/airflow/example_dags/tutorial_dag.py
[2024-07-18T19:22:03.094+0200] {processor.py:830} INFO - Processing file /home/richonlinux/Documents/GitHub/AirflowTuto/venv/lib/python3.10/site-packages/airflow/example_dags/tutorial_dag.py for tasks to queue
[2024-07-18T19:22:03.095+0200] {logging_mixin.py:188} INFO - [2024-07-18T19:22:03.095+0200] {dagbag.py:545} INFO - Filling up the DagBag from /home/richonlinux/Documents/GitHub/AirflowTuto/venv/lib/python3.10/site-packages/airflow/example_dags/tutorial_dag.py
[2024-07-18T19:22:03.099+0200] {processor.py:840} INFO - DAG(s) 'tutorial_dag' retrieved from /home/richonlinux/Documents/GitHub/AirflowTuto/venv/lib/python3.10/site-packages/airflow/example_dags/tutorial_dag.py
[2024-07-18T19:22:03.109+0200] {logging_mixin.py:188} INFO - [2024-07-18T19:22:03.109+0200] {dag.py:3089} INFO - Sync 1 DAGs
[2024-07-18T19:22:03.116+0200] {logging_mixin.py:188} INFO - [2024-07-18T19:22:03.116+0200] {dag.py:3947} INFO - Setting next_dagrun for tutorial_dag to None, run_after=None
[2024-07-18T19:22:03.130+0200] {processor.py:183} INFO - Processing /home/richonlinux/Documents/GitHub/AirflowTuto/venv/lib/python3.10/site-packages/airflow/example_dags/tutorial_dag.py took 0.041 seconds
