[2024-07-18T18:16:50.202+0200] {processor.py:161} INFO - Started process (PID=258455) to work on /home/richonlinux/Documents/GitHub/AirflowTuto/venv/lib/python3.10/site-packages/airflow/example_dags/subdags/subdag.py
[2024-07-18T18:16:50.202+0200] {processor.py:830} INFO - Processing file /home/richonlinux/Documents/GitHub/AirflowTuto/venv/lib/python3.10/site-packages/airflow/example_dags/subdags/subdag.py for tasks to queue
[2024-07-18T18:16:50.203+0200] {logging_mixin.py:188} INFO - [2024-07-18T18:16:50.203+0200] {dagbag.py:545} INFO - Filling up the DagBag from /home/richonlinux/Documents/GitHub/AirflowTuto/venv/lib/python3.10/site-packages/airflow/example_dags/subdags/subdag.py
[2024-07-18T18:16:50.205+0200] {processor.py:842} WARNING - No viable dags retrieved from /home/richonlinux/Documents/GitHub/AirflowTuto/venv/lib/python3.10/site-packages/airflow/example_dags/subdags/subdag.py
[2024-07-18T18:16:50.212+0200] {processor.py:183} INFO - Processing /home/richonlinux/Documents/GitHub/AirflowTuto/venv/lib/python3.10/site-packages/airflow/example_dags/subdags/subdag.py took 0.014 seconds
[2024-07-18T18:43:45.993+0200] {processor.py:161} INFO - Started process (PID=259565) to work on /home/richonlinux/Documents/GitHub/AirflowTuto/venv/lib/python3.10/site-packages/airflow/example_dags/subdags/subdag.py
[2024-07-18T18:43:45.997+0200] {processor.py:830} INFO - Processing file /home/richonlinux/Documents/GitHub/AirflowTuto/venv/lib/python3.10/site-packages/airflow/example_dags/subdags/subdag.py for tasks to queue
[2024-07-18T18:43:45.999+0200] {logging_mixin.py:188} INFO - [2024-07-18T18:43:45.999+0200] {dagbag.py:545} INFO - Filling up the DagBag from /home/richonlinux/Documents/GitHub/AirflowTuto/venv/lib/python3.10/site-packages/airflow/example_dags/subdags/subdag.py
[2024-07-18T18:43:46.002+0200] {processor.py:842} WARNING - No viable dags retrieved from /home/richonlinux/Documents/GitHub/AirflowTuto/venv/lib/python3.10/site-packages/airflow/example_dags/subdags/subdag.py
[2024-07-18T18:43:46.010+0200] {processor.py:183} INFO - Processing /home/richonlinux/Documents/GitHub/AirflowTuto/venv/lib/python3.10/site-packages/airflow/example_dags/subdags/subdag.py took 0.021 seconds
[2024-07-18T18:44:57.766+0200] {processor.py:161} INFO - Started process (PID=261156) to work on /home/richonlinux/Documents/GitHub/AirflowTuto/venv/lib/python3.10/site-packages/airflow/example_dags/subdags/subdag.py
[2024-07-18T18:44:57.767+0200] {processor.py:830} INFO - Processing file /home/richonlinux/Documents/GitHub/AirflowTuto/venv/lib/python3.10/site-packages/airflow/example_dags/subdags/subdag.py for tasks to queue
[2024-07-18T18:44:57.768+0200] {logging_mixin.py:188} INFO - [2024-07-18T18:44:57.768+0200] {dagbag.py:545} INFO - Filling up the DagBag from /home/richonlinux/Documents/GitHub/AirflowTuto/venv/lib/python3.10/site-packages/airflow/example_dags/subdags/subdag.py
[2024-07-18T18:44:57.769+0200] {processor.py:842} WARNING - No viable dags retrieved from /home/richonlinux/Documents/GitHub/AirflowTuto/venv/lib/python3.10/site-packages/airflow/example_dags/subdags/subdag.py
[2024-07-18T18:44:57.777+0200] {processor.py:183} INFO - Processing /home/richonlinux/Documents/GitHub/AirflowTuto/venv/lib/python3.10/site-packages/airflow/example_dags/subdags/subdag.py took 0.014 seconds
[2024-07-18T18:45:56.399+0200] {processor.py:161} INFO - Started process (PID=262385) to work on /home/richonlinux/Documents/GitHub/AirflowTuto/venv/lib/python3.10/site-packages/airflow/example_dags/subdags/subdag.py
[2024-07-18T18:45:56.403+0200] {processor.py:830} INFO - Processing file /home/richonlinux/Documents/GitHub/AirflowTuto/venv/lib/python3.10/site-packages/airflow/example_dags/subdags/subdag.py for tasks to queue
[2024-07-18T18:45:56.404+0200] {logging_mixin.py:188} INFO - [2024-07-18T18:45:56.404+0200] {dagbag.py:545} INFO - Filling up the DagBag from /home/richonlinux/Documents/GitHub/AirflowTuto/venv/lib/python3.10/site-packages/airflow/example_dags/subdags/subdag.py
[2024-07-18T18:45:56.405+0200] {processor.py:842} WARNING - No viable dags retrieved from /home/richonlinux/Documents/GitHub/AirflowTuto/venv/lib/python3.10/site-packages/airflow/example_dags/subdags/subdag.py
[2024-07-18T18:45:56.411+0200] {processor.py:183} INFO - Processing /home/richonlinux/Documents/GitHub/AirflowTuto/venv/lib/python3.10/site-packages/airflow/example_dags/subdags/subdag.py took 0.016 seconds
[2024-07-18T18:50:01.957+0200] {processor.py:161} INFO - Started process (PID=266935) to work on /home/richonlinux/Documents/GitHub/AirflowTuto/venv/lib/python3.10/site-packages/airflow/example_dags/subdags/subdag.py
[2024-07-18T18:50:01.962+0200] {processor.py:830} INFO - Processing file /home/richonlinux/Documents/GitHub/AirflowTuto/venv/lib/python3.10/site-packages/airflow/example_dags/subdags/subdag.py for tasks to queue
[2024-07-18T18:50:01.963+0200] {logging_mixin.py:188} INFO - [2024-07-18T18:50:01.963+0200] {dagbag.py:545} INFO - Filling up the DagBag from /home/richonlinux/Documents/GitHub/AirflowTuto/venv/lib/python3.10/site-packages/airflow/example_dags/subdags/subdag.py
[2024-07-18T18:50:01.966+0200] {processor.py:842} WARNING - No viable dags retrieved from /home/richonlinux/Documents/GitHub/AirflowTuto/venv/lib/python3.10/site-packages/airflow/example_dags/subdags/subdag.py
[2024-07-18T18:50:01.973+0200] {processor.py:183} INFO - Processing /home/richonlinux/Documents/GitHub/AirflowTuto/venv/lib/python3.10/site-packages/airflow/example_dags/subdags/subdag.py took 0.024 seconds
[2024-07-18T18:51:54.735+0200] {processor.py:161} INFO - Started process (PID=268822) to work on /home/richonlinux/Documents/GitHub/AirflowTuto/venv/lib/python3.10/site-packages/airflow/example_dags/subdags/subdag.py
[2024-07-18T18:51:54.736+0200] {processor.py:830} INFO - Processing file /home/richonlinux/Documents/GitHub/AirflowTuto/venv/lib/python3.10/site-packages/airflow/example_dags/subdags/subdag.py for tasks to queue
[2024-07-18T18:51:54.737+0200] {logging_mixin.py:188} INFO - [2024-07-18T18:51:54.736+0200] {dagbag.py:545} INFO - Filling up the DagBag from /home/richonlinux/Documents/GitHub/AirflowTuto/venv/lib/python3.10/site-packages/airflow/example_dags/subdags/subdag.py
[2024-07-18T18:51:54.738+0200] {processor.py:842} WARNING - No viable dags retrieved from /home/richonlinux/Documents/GitHub/AirflowTuto/venv/lib/python3.10/site-packages/airflow/example_dags/subdags/subdag.py
[2024-07-18T18:51:54.746+0200] {processor.py:183} INFO - Processing /home/richonlinux/Documents/GitHub/AirflowTuto/venv/lib/python3.10/site-packages/airflow/example_dags/subdags/subdag.py took 0.015 seconds
[2024-07-18T18:53:01.575+0200] {processor.py:161} INFO - Started process (PID=270425) to work on /home/richonlinux/Documents/GitHub/AirflowTuto/venv/lib/python3.10/site-packages/airflow/example_dags/subdags/subdag.py
[2024-07-18T18:53:01.576+0200] {processor.py:830} INFO - Processing file /home/richonlinux/Documents/GitHub/AirflowTuto/venv/lib/python3.10/site-packages/airflow/example_dags/subdags/subdag.py for tasks to queue
[2024-07-18T18:53:01.577+0200] {logging_mixin.py:188} INFO - [2024-07-18T18:53:01.577+0200] {dagbag.py:545} INFO - Filling up the DagBag from /home/richonlinux/Documents/GitHub/AirflowTuto/venv/lib/python3.10/site-packages/airflow/example_dags/subdags/subdag.py
[2024-07-18T18:53:01.579+0200] {processor.py:842} WARNING - No viable dags retrieved from /home/richonlinux/Documents/GitHub/AirflowTuto/venv/lib/python3.10/site-packages/airflow/example_dags/subdags/subdag.py
[2024-07-18T18:53:01.586+0200] {processor.py:183} INFO - Processing /home/richonlinux/Documents/GitHub/AirflowTuto/venv/lib/python3.10/site-packages/airflow/example_dags/subdags/subdag.py took 0.013 seconds
[2024-07-18T18:53:54.300+0200] {processor.py:161} INFO - Started process (PID=271673) to work on /home/richonlinux/Documents/GitHub/AirflowTuto/venv/lib/python3.10/site-packages/airflow/example_dags/subdags/subdag.py
[2024-07-18T18:53:54.301+0200] {processor.py:830} INFO - Processing file /home/richonlinux/Documents/GitHub/AirflowTuto/venv/lib/python3.10/site-packages/airflow/example_dags/subdags/subdag.py for tasks to queue
[2024-07-18T18:53:54.302+0200] {logging_mixin.py:188} INFO - [2024-07-18T18:53:54.301+0200] {dagbag.py:545} INFO - Filling up the DagBag from /home/richonlinux/Documents/GitHub/AirflowTuto/venv/lib/python3.10/site-packages/airflow/example_dags/subdags/subdag.py
[2024-07-18T18:53:54.303+0200] {processor.py:842} WARNING - No viable dags retrieved from /home/richonlinux/Documents/GitHub/AirflowTuto/venv/lib/python3.10/site-packages/airflow/example_dags/subdags/subdag.py
[2024-07-18T18:53:54.309+0200] {processor.py:183} INFO - Processing /home/richonlinux/Documents/GitHub/AirflowTuto/venv/lib/python3.10/site-packages/airflow/example_dags/subdags/subdag.py took 0.012 seconds
[2024-07-18T18:54:58.001+0200] {processor.py:161} INFO - Started process (PID=272725) to work on /home/richonlinux/Documents/GitHub/AirflowTuto/venv/lib/python3.10/site-packages/airflow/example_dags/subdags/subdag.py
[2024-07-18T18:54:58.005+0200] {processor.py:830} INFO - Processing file /home/richonlinux/Documents/GitHub/AirflowTuto/venv/lib/python3.10/site-packages/airflow/example_dags/subdags/subdag.py for tasks to queue
[2024-07-18T18:54:58.007+0200] {logging_mixin.py:188} INFO - [2024-07-18T18:54:58.006+0200] {dagbag.py:545} INFO - Filling up the DagBag from /home/richonlinux/Documents/GitHub/AirflowTuto/venv/lib/python3.10/site-packages/airflow/example_dags/subdags/subdag.py
[2024-07-18T18:54:58.009+0200] {processor.py:842} WARNING - No viable dags retrieved from /home/richonlinux/Documents/GitHub/AirflowTuto/venv/lib/python3.10/site-packages/airflow/example_dags/subdags/subdag.py
[2024-07-18T18:54:58.017+0200] {processor.py:183} INFO - Processing /home/richonlinux/Documents/GitHub/AirflowTuto/venv/lib/python3.10/site-packages/airflow/example_dags/subdags/subdag.py took 0.024 seconds
[2024-07-18T18:55:53.225+0200] {processor.py:161} INFO - Started process (PID=273610) to work on /home/richonlinux/Documents/GitHub/AirflowTuto/venv/lib/python3.10/site-packages/airflow/example_dags/subdags/subdag.py
[2024-07-18T18:55:53.226+0200] {processor.py:830} INFO - Processing file /home/richonlinux/Documents/GitHub/AirflowTuto/venv/lib/python3.10/site-packages/airflow/example_dags/subdags/subdag.py for tasks to queue
[2024-07-18T18:55:53.228+0200] {logging_mixin.py:188} INFO - [2024-07-18T18:55:53.227+0200] {dagbag.py:545} INFO - Filling up the DagBag from /home/richonlinux/Documents/GitHub/AirflowTuto/venv/lib/python3.10/site-packages/airflow/example_dags/subdags/subdag.py
[2024-07-18T18:55:53.229+0200] {processor.py:842} WARNING - No viable dags retrieved from /home/richonlinux/Documents/GitHub/AirflowTuto/venv/lib/python3.10/site-packages/airflow/example_dags/subdags/subdag.py
[2024-07-18T18:55:53.235+0200] {processor.py:183} INFO - Processing /home/richonlinux/Documents/GitHub/AirflowTuto/venv/lib/python3.10/site-packages/airflow/example_dags/subdags/subdag.py took 0.018 seconds
[2024-07-18T18:56:51.993+0200] {processor.py:161} INFO - Started process (PID=274649) to work on /home/richonlinux/Documents/GitHub/AirflowTuto/venv/lib/python3.10/site-packages/airflow/example_dags/subdags/subdag.py
[2024-07-18T18:56:51.994+0200] {processor.py:830} INFO - Processing file /home/richonlinux/Documents/GitHub/AirflowTuto/venv/lib/python3.10/site-packages/airflow/example_dags/subdags/subdag.py for tasks to queue
[2024-07-18T18:56:51.995+0200] {logging_mixin.py:188} INFO - [2024-07-18T18:56:51.995+0200] {dagbag.py:545} INFO - Filling up the DagBag from /home/richonlinux/Documents/GitHub/AirflowTuto/venv/lib/python3.10/site-packages/airflow/example_dags/subdags/subdag.py
[2024-07-18T18:56:51.997+0200] {processor.py:842} WARNING - No viable dags retrieved from /home/richonlinux/Documents/GitHub/AirflowTuto/venv/lib/python3.10/site-packages/airflow/example_dags/subdags/subdag.py
[2024-07-18T18:56:52.004+0200] {processor.py:183} INFO - Processing /home/richonlinux/Documents/GitHub/AirflowTuto/venv/lib/python3.10/site-packages/airflow/example_dags/subdags/subdag.py took 0.018 seconds
[2024-07-18T18:57:51.401+0200] {processor.py:161} INFO - Started process (PID=275597) to work on /home/richonlinux/Documents/GitHub/AirflowTuto/venv/lib/python3.10/site-packages/airflow/example_dags/subdags/subdag.py
[2024-07-18T18:57:51.406+0200] {processor.py:830} INFO - Processing file /home/richonlinux/Documents/GitHub/AirflowTuto/venv/lib/python3.10/site-packages/airflow/example_dags/subdags/subdag.py for tasks to queue
[2024-07-18T18:57:51.407+0200] {logging_mixin.py:188} INFO - [2024-07-18T18:57:51.407+0200] {dagbag.py:545} INFO - Filling up the DagBag from /home/richonlinux/Documents/GitHub/AirflowTuto/venv/lib/python3.10/site-packages/airflow/example_dags/subdags/subdag.py
[2024-07-18T18:57:51.409+0200] {processor.py:842} WARNING - No viable dags retrieved from /home/richonlinux/Documents/GitHub/AirflowTuto/venv/lib/python3.10/site-packages/airflow/example_dags/subdags/subdag.py
[2024-07-18T18:57:51.415+0200] {processor.py:183} INFO - Processing /home/richonlinux/Documents/GitHub/AirflowTuto/venv/lib/python3.10/site-packages/airflow/example_dags/subdags/subdag.py took 0.025 seconds
[2024-07-18T18:58:51.007+0200] {processor.py:161} INFO - Started process (PID=276558) to work on /home/richonlinux/Documents/GitHub/AirflowTuto/venv/lib/python3.10/site-packages/airflow/example_dags/subdags/subdag.py
[2024-07-18T18:58:51.011+0200] {processor.py:830} INFO - Processing file /home/richonlinux/Documents/GitHub/AirflowTuto/venv/lib/python3.10/site-packages/airflow/example_dags/subdags/subdag.py for tasks to queue
[2024-07-18T18:58:51.012+0200] {logging_mixin.py:188} INFO - [2024-07-18T18:58:51.012+0200] {dagbag.py:545} INFO - Filling up the DagBag from /home/richonlinux/Documents/GitHub/AirflowTuto/venv/lib/python3.10/site-packages/airflow/example_dags/subdags/subdag.py
[2024-07-18T18:58:51.014+0200] {processor.py:842} WARNING - No viable dags retrieved from /home/richonlinux/Documents/GitHub/AirflowTuto/venv/lib/python3.10/site-packages/airflow/example_dags/subdags/subdag.py
[2024-07-18T18:58:51.021+0200] {processor.py:183} INFO - Processing /home/richonlinux/Documents/GitHub/AirflowTuto/venv/lib/python3.10/site-packages/airflow/example_dags/subdags/subdag.py took 0.018 seconds
[2024-07-18T18:59:51.791+0200] {processor.py:161} INFO - Started process (PID=277721) to work on /home/richonlinux/Documents/GitHub/AirflowTuto/venv/lib/python3.10/site-packages/airflow/example_dags/subdags/subdag.py
[2024-07-18T18:59:51.795+0200] {processor.py:830} INFO - Processing file /home/richonlinux/Documents/GitHub/AirflowTuto/venv/lib/python3.10/site-packages/airflow/example_dags/subdags/subdag.py for tasks to queue
[2024-07-18T18:59:51.797+0200] {logging_mixin.py:188} INFO - [2024-07-18T18:59:51.796+0200] {dagbag.py:545} INFO - Filling up the DagBag from /home/richonlinux/Documents/GitHub/AirflowTuto/venv/lib/python3.10/site-packages/airflow/example_dags/subdags/subdag.py
[2024-07-18T18:59:51.799+0200] {processor.py:842} WARNING - No viable dags retrieved from /home/richonlinux/Documents/GitHub/AirflowTuto/venv/lib/python3.10/site-packages/airflow/example_dags/subdags/subdag.py
[2024-07-18T18:59:51.807+0200] {processor.py:183} INFO - Processing /home/richonlinux/Documents/GitHub/AirflowTuto/venv/lib/python3.10/site-packages/airflow/example_dags/subdags/subdag.py took 0.020 seconds
[2024-07-18T19:00:55.944+0200] {processor.py:161} INFO - Started process (PID=278967) to work on /home/richonlinux/Documents/GitHub/AirflowTuto/venv/lib/python3.10/site-packages/airflow/example_dags/subdags/subdag.py
[2024-07-18T19:00:55.946+0200] {processor.py:830} INFO - Processing file /home/richonlinux/Documents/GitHub/AirflowTuto/venv/lib/python3.10/site-packages/airflow/example_dags/subdags/subdag.py for tasks to queue
[2024-07-18T19:00:55.947+0200] {logging_mixin.py:188} INFO - [2024-07-18T19:00:55.947+0200] {dagbag.py:545} INFO - Filling up the DagBag from /home/richonlinux/Documents/GitHub/AirflowTuto/venv/lib/python3.10/site-packages/airflow/example_dags/subdags/subdag.py
[2024-07-18T19:00:55.949+0200] {processor.py:842} WARNING - No viable dags retrieved from /home/richonlinux/Documents/GitHub/AirflowTuto/venv/lib/python3.10/site-packages/airflow/example_dags/subdags/subdag.py
[2024-07-18T19:00:55.956+0200] {processor.py:183} INFO - Processing /home/richonlinux/Documents/GitHub/AirflowTuto/venv/lib/python3.10/site-packages/airflow/example_dags/subdags/subdag.py took 0.019 seconds
[2024-07-18T19:01:53.296+0200] {processor.py:161} INFO - Started process (PID=280139) to work on /home/richonlinux/Documents/GitHub/AirflowTuto/venv/lib/python3.10/site-packages/airflow/example_dags/subdags/subdag.py
[2024-07-18T19:01:53.300+0200] {processor.py:830} INFO - Processing file /home/richonlinux/Documents/GitHub/AirflowTuto/venv/lib/python3.10/site-packages/airflow/example_dags/subdags/subdag.py for tasks to queue
[2024-07-18T19:01:53.301+0200] {logging_mixin.py:188} INFO - [2024-07-18T19:01:53.301+0200] {dagbag.py:545} INFO - Filling up the DagBag from /home/richonlinux/Documents/GitHub/AirflowTuto/venv/lib/python3.10/site-packages/airflow/example_dags/subdags/subdag.py
[2024-07-18T19:01:53.303+0200] {processor.py:842} WARNING - No viable dags retrieved from /home/richonlinux/Documents/GitHub/AirflowTuto/venv/lib/python3.10/site-packages/airflow/example_dags/subdags/subdag.py
[2024-07-18T19:01:53.309+0200] {processor.py:183} INFO - Processing /home/richonlinux/Documents/GitHub/AirflowTuto/venv/lib/python3.10/site-packages/airflow/example_dags/subdags/subdag.py took 0.016 seconds
[2024-07-18T19:02:50.655+0200] {processor.py:161} INFO - Started process (PID=281069) to work on /home/richonlinux/Documents/GitHub/AirflowTuto/venv/lib/python3.10/site-packages/airflow/example_dags/subdags/subdag.py
[2024-07-18T19:02:50.659+0200] {processor.py:830} INFO - Processing file /home/richonlinux/Documents/GitHub/AirflowTuto/venv/lib/python3.10/site-packages/airflow/example_dags/subdags/subdag.py for tasks to queue
[2024-07-18T19:02:50.661+0200] {logging_mixin.py:188} INFO - [2024-07-18T19:02:50.660+0200] {dagbag.py:545} INFO - Filling up the DagBag from /home/richonlinux/Documents/GitHub/AirflowTuto/venv/lib/python3.10/site-packages/airflow/example_dags/subdags/subdag.py
[2024-07-18T19:02:50.663+0200] {processor.py:842} WARNING - No viable dags retrieved from /home/richonlinux/Documents/GitHub/AirflowTuto/venv/lib/python3.10/site-packages/airflow/example_dags/subdags/subdag.py
[2024-07-18T19:02:50.670+0200] {processor.py:183} INFO - Processing /home/richonlinux/Documents/GitHub/AirflowTuto/venv/lib/python3.10/site-packages/airflow/example_dags/subdags/subdag.py took 0.023 seconds
[2024-07-18T19:03:52.813+0200] {processor.py:161} INFO - Started process (PID=282069) to work on /home/richonlinux/Documents/GitHub/AirflowTuto/venv/lib/python3.10/site-packages/airflow/example_dags/subdags/subdag.py
[2024-07-18T19:03:52.814+0200] {processor.py:830} INFO - Processing file /home/richonlinux/Documents/GitHub/AirflowTuto/venv/lib/python3.10/site-packages/airflow/example_dags/subdags/subdag.py for tasks to queue
[2024-07-18T19:03:52.817+0200] {logging_mixin.py:188} INFO - [2024-07-18T19:03:52.816+0200] {dagbag.py:545} INFO - Filling up the DagBag from /home/richonlinux/Documents/GitHub/AirflowTuto/venv/lib/python3.10/site-packages/airflow/example_dags/subdags/subdag.py
[2024-07-18T19:03:52.818+0200] {processor.py:842} WARNING - No viable dags retrieved from /home/richonlinux/Documents/GitHub/AirflowTuto/venv/lib/python3.10/site-packages/airflow/example_dags/subdags/subdag.py
[2024-07-18T19:03:52.825+0200] {processor.py:183} INFO - Processing /home/richonlinux/Documents/GitHub/AirflowTuto/venv/lib/python3.10/site-packages/airflow/example_dags/subdags/subdag.py took 0.020 seconds
[2024-07-18T19:04:51.704+0200] {processor.py:161} INFO - Started process (PID=282997) to work on /home/richonlinux/Documents/GitHub/AirflowTuto/venv/lib/python3.10/site-packages/airflow/example_dags/subdags/subdag.py
[2024-07-18T19:04:51.705+0200] {processor.py:830} INFO - Processing file /home/richonlinux/Documents/GitHub/AirflowTuto/venv/lib/python3.10/site-packages/airflow/example_dags/subdags/subdag.py for tasks to queue
[2024-07-18T19:04:51.706+0200] {logging_mixin.py:188} INFO - [2024-07-18T19:04:51.706+0200] {dagbag.py:545} INFO - Filling up the DagBag from /home/richonlinux/Documents/GitHub/AirflowTuto/venv/lib/python3.10/site-packages/airflow/example_dags/subdags/subdag.py
[2024-07-18T19:04:51.707+0200] {processor.py:842} WARNING - No viable dags retrieved from /home/richonlinux/Documents/GitHub/AirflowTuto/venv/lib/python3.10/site-packages/airflow/example_dags/subdags/subdag.py
[2024-07-18T19:04:51.714+0200] {processor.py:183} INFO - Processing /home/richonlinux/Documents/GitHub/AirflowTuto/venv/lib/python3.10/site-packages/airflow/example_dags/subdags/subdag.py took 0.013 seconds
[2024-07-18T19:05:49.660+0200] {processor.py:161} INFO - Started process (PID=284083) to work on /home/richonlinux/Documents/GitHub/AirflowTuto/venv/lib/python3.10/site-packages/airflow/example_dags/subdags/subdag.py
[2024-07-18T19:05:49.661+0200] {processor.py:830} INFO - Processing file /home/richonlinux/Documents/GitHub/AirflowTuto/venv/lib/python3.10/site-packages/airflow/example_dags/subdags/subdag.py for tasks to queue
[2024-07-18T19:05:49.663+0200] {logging_mixin.py:188} INFO - [2024-07-18T19:05:49.662+0200] {dagbag.py:545} INFO - Filling up the DagBag from /home/richonlinux/Documents/GitHub/AirflowTuto/venv/lib/python3.10/site-packages/airflow/example_dags/subdags/subdag.py
[2024-07-18T19:05:49.665+0200] {processor.py:842} WARNING - No viable dags retrieved from /home/richonlinux/Documents/GitHub/AirflowTuto/venv/lib/python3.10/site-packages/airflow/example_dags/subdags/subdag.py
[2024-07-18T19:05:49.673+0200] {processor.py:183} INFO - Processing /home/richonlinux/Documents/GitHub/AirflowTuto/venv/lib/python3.10/site-packages/airflow/example_dags/subdags/subdag.py took 0.020 seconds
[2024-07-18T19:06:46.941+0200] {processor.py:161} INFO - Started process (PID=285063) to work on /home/richonlinux/Documents/GitHub/AirflowTuto/venv/lib/python3.10/site-packages/airflow/example_dags/subdags/subdag.py
[2024-07-18T19:06:46.941+0200] {processor.py:830} INFO - Processing file /home/richonlinux/Documents/GitHub/AirflowTuto/venv/lib/python3.10/site-packages/airflow/example_dags/subdags/subdag.py for tasks to queue
[2024-07-18T19:06:46.942+0200] {logging_mixin.py:188} INFO - [2024-07-18T19:06:46.942+0200] {dagbag.py:545} INFO - Filling up the DagBag from /home/richonlinux/Documents/GitHub/AirflowTuto/venv/lib/python3.10/site-packages/airflow/example_dags/subdags/subdag.py
[2024-07-18T19:06:46.943+0200] {processor.py:842} WARNING - No viable dags retrieved from /home/richonlinux/Documents/GitHub/AirflowTuto/venv/lib/python3.10/site-packages/airflow/example_dags/subdags/subdag.py
[2024-07-18T19:06:46.951+0200] {processor.py:183} INFO - Processing /home/richonlinux/Documents/GitHub/AirflowTuto/venv/lib/python3.10/site-packages/airflow/example_dags/subdags/subdag.py took 0.015 seconds
[2024-07-18T19:07:47.692+0200] {processor.py:161} INFO - Started process (PID=286036) to work on /home/richonlinux/Documents/GitHub/AirflowTuto/venv/lib/python3.10/site-packages/airflow/example_dags/subdags/subdag.py
[2024-07-18T19:07:47.693+0200] {processor.py:830} INFO - Processing file /home/richonlinux/Documents/GitHub/AirflowTuto/venv/lib/python3.10/site-packages/airflow/example_dags/subdags/subdag.py for tasks to queue
[2024-07-18T19:07:47.695+0200] {logging_mixin.py:188} INFO - [2024-07-18T19:07:47.694+0200] {dagbag.py:545} INFO - Filling up the DagBag from /home/richonlinux/Documents/GitHub/AirflowTuto/venv/lib/python3.10/site-packages/airflow/example_dags/subdags/subdag.py
[2024-07-18T19:07:47.696+0200] {processor.py:842} WARNING - No viable dags retrieved from /home/richonlinux/Documents/GitHub/AirflowTuto/venv/lib/python3.10/site-packages/airflow/example_dags/subdags/subdag.py
[2024-07-18T19:07:47.703+0200] {processor.py:183} INFO - Processing /home/richonlinux/Documents/GitHub/AirflowTuto/venv/lib/python3.10/site-packages/airflow/example_dags/subdags/subdag.py took 0.014 seconds
[2024-07-18T19:08:45.635+0200] {processor.py:161} INFO - Started process (PID=287025) to work on /home/richonlinux/Documents/GitHub/AirflowTuto/venv/lib/python3.10/site-packages/airflow/example_dags/subdags/subdag.py
[2024-07-18T19:08:45.636+0200] {processor.py:830} INFO - Processing file /home/richonlinux/Documents/GitHub/AirflowTuto/venv/lib/python3.10/site-packages/airflow/example_dags/subdags/subdag.py for tasks to queue
[2024-07-18T19:08:45.637+0200] {logging_mixin.py:188} INFO - [2024-07-18T19:08:45.637+0200] {dagbag.py:545} INFO - Filling up the DagBag from /home/richonlinux/Documents/GitHub/AirflowTuto/venv/lib/python3.10/site-packages/airflow/example_dags/subdags/subdag.py
[2024-07-18T19:08:45.638+0200] {processor.py:842} WARNING - No viable dags retrieved from /home/richonlinux/Documents/GitHub/AirflowTuto/venv/lib/python3.10/site-packages/airflow/example_dags/subdags/subdag.py
[2024-07-18T19:08:45.644+0200] {processor.py:183} INFO - Processing /home/richonlinux/Documents/GitHub/AirflowTuto/venv/lib/python3.10/site-packages/airflow/example_dags/subdags/subdag.py took 0.013 seconds
[2024-07-18T19:09:43.195+0200] {processor.py:161} INFO - Started process (PID=287950) to work on /home/richonlinux/Documents/GitHub/AirflowTuto/venv/lib/python3.10/site-packages/airflow/example_dags/subdags/subdag.py
[2024-07-18T19:09:43.196+0200] {processor.py:830} INFO - Processing file /home/richonlinux/Documents/GitHub/AirflowTuto/venv/lib/python3.10/site-packages/airflow/example_dags/subdags/subdag.py for tasks to queue
[2024-07-18T19:09:43.197+0200] {logging_mixin.py:188} INFO - [2024-07-18T19:09:43.197+0200] {dagbag.py:545} INFO - Filling up the DagBag from /home/richonlinux/Documents/GitHub/AirflowTuto/venv/lib/python3.10/site-packages/airflow/example_dags/subdags/subdag.py
[2024-07-18T19:09:43.199+0200] {processor.py:842} WARNING - No viable dags retrieved from /home/richonlinux/Documents/GitHub/AirflowTuto/venv/lib/python3.10/site-packages/airflow/example_dags/subdags/subdag.py
[2024-07-18T19:09:43.204+0200] {processor.py:183} INFO - Processing /home/richonlinux/Documents/GitHub/AirflowTuto/venv/lib/python3.10/site-packages/airflow/example_dags/subdags/subdag.py took 0.014 seconds
[2024-07-18T19:10:39.827+0200] {processor.py:161} INFO - Started process (PID=288881) to work on /home/richonlinux/Documents/GitHub/AirflowTuto/venv/lib/python3.10/site-packages/airflow/example_dags/subdags/subdag.py
[2024-07-18T19:10:39.828+0200] {processor.py:830} INFO - Processing file /home/richonlinux/Documents/GitHub/AirflowTuto/venv/lib/python3.10/site-packages/airflow/example_dags/subdags/subdag.py for tasks to queue
[2024-07-18T19:10:39.829+0200] {logging_mixin.py:188} INFO - [2024-07-18T19:10:39.829+0200] {dagbag.py:545} INFO - Filling up the DagBag from /home/richonlinux/Documents/GitHub/AirflowTuto/venv/lib/python3.10/site-packages/airflow/example_dags/subdags/subdag.py
[2024-07-18T19:10:39.830+0200] {processor.py:842} WARNING - No viable dags retrieved from /home/richonlinux/Documents/GitHub/AirflowTuto/venv/lib/python3.10/site-packages/airflow/example_dags/subdags/subdag.py
[2024-07-18T19:10:39.836+0200] {processor.py:183} INFO - Processing /home/richonlinux/Documents/GitHub/AirflowTuto/venv/lib/python3.10/site-packages/airflow/example_dags/subdags/subdag.py took 0.013 seconds
[2024-07-18T19:11:35.221+0200] {processor.py:161} INFO - Started process (PID=289854) to work on /home/richonlinux/Documents/GitHub/AirflowTuto/venv/lib/python3.10/site-packages/airflow/example_dags/subdags/subdag.py
[2024-07-18T19:11:35.222+0200] {processor.py:830} INFO - Processing file /home/richonlinux/Documents/GitHub/AirflowTuto/venv/lib/python3.10/site-packages/airflow/example_dags/subdags/subdag.py for tasks to queue
[2024-07-18T19:11:35.224+0200] {logging_mixin.py:188} INFO - [2024-07-18T19:11:35.223+0200] {dagbag.py:545} INFO - Filling up the DagBag from /home/richonlinux/Documents/GitHub/AirflowTuto/venv/lib/python3.10/site-packages/airflow/example_dags/subdags/subdag.py
[2024-07-18T19:11:35.225+0200] {processor.py:842} WARNING - No viable dags retrieved from /home/richonlinux/Documents/GitHub/AirflowTuto/venv/lib/python3.10/site-packages/airflow/example_dags/subdags/subdag.py
[2024-07-18T19:11:35.234+0200] {processor.py:183} INFO - Processing /home/richonlinux/Documents/GitHub/AirflowTuto/venv/lib/python3.10/site-packages/airflow/example_dags/subdags/subdag.py took 0.019 seconds
[2024-07-18T19:12:31.237+0200] {processor.py:161} INFO - Started process (PID=290742) to work on /home/richonlinux/Documents/GitHub/AirflowTuto/venv/lib/python3.10/site-packages/airflow/example_dags/subdags/subdag.py
[2024-07-18T19:12:31.238+0200] {processor.py:830} INFO - Processing file /home/richonlinux/Documents/GitHub/AirflowTuto/venv/lib/python3.10/site-packages/airflow/example_dags/subdags/subdag.py for tasks to queue
[2024-07-18T19:12:31.239+0200] {logging_mixin.py:188} INFO - [2024-07-18T19:12:31.239+0200] {dagbag.py:545} INFO - Filling up the DagBag from /home/richonlinux/Documents/GitHub/AirflowTuto/venv/lib/python3.10/site-packages/airflow/example_dags/subdags/subdag.py
[2024-07-18T19:12:31.241+0200] {processor.py:842} WARNING - No viable dags retrieved from /home/richonlinux/Documents/GitHub/AirflowTuto/venv/lib/python3.10/site-packages/airflow/example_dags/subdags/subdag.py
[2024-07-18T19:12:31.248+0200] {processor.py:183} INFO - Processing /home/richonlinux/Documents/GitHub/AirflowTuto/venv/lib/python3.10/site-packages/airflow/example_dags/subdags/subdag.py took 0.016 seconds
[2024-07-18T19:13:30.597+0200] {processor.py:161} INFO - Started process (PID=291694) to work on /home/richonlinux/Documents/GitHub/AirflowTuto/venv/lib/python3.10/site-packages/airflow/example_dags/subdags/subdag.py
[2024-07-18T19:13:30.598+0200] {processor.py:830} INFO - Processing file /home/richonlinux/Documents/GitHub/AirflowTuto/venv/lib/python3.10/site-packages/airflow/example_dags/subdags/subdag.py for tasks to queue
[2024-07-18T19:13:30.599+0200] {logging_mixin.py:188} INFO - [2024-07-18T19:13:30.599+0200] {dagbag.py:545} INFO - Filling up the DagBag from /home/richonlinux/Documents/GitHub/AirflowTuto/venv/lib/python3.10/site-packages/airflow/example_dags/subdags/subdag.py
[2024-07-18T19:13:30.601+0200] {processor.py:842} WARNING - No viable dags retrieved from /home/richonlinux/Documents/GitHub/AirflowTuto/venv/lib/python3.10/site-packages/airflow/example_dags/subdags/subdag.py
[2024-07-18T19:13:30.608+0200] {processor.py:183} INFO - Processing /home/richonlinux/Documents/GitHub/AirflowTuto/venv/lib/python3.10/site-packages/airflow/example_dags/subdags/subdag.py took 0.017 seconds
[2024-07-18T19:14:28.966+0200] {processor.py:161} INFO - Started process (PID=292646) to work on /home/richonlinux/Documents/GitHub/AirflowTuto/venv/lib/python3.10/site-packages/airflow/example_dags/subdags/subdag.py
[2024-07-18T19:14:28.967+0200] {processor.py:830} INFO - Processing file /home/richonlinux/Documents/GitHub/AirflowTuto/venv/lib/python3.10/site-packages/airflow/example_dags/subdags/subdag.py for tasks to queue
[2024-07-18T19:14:28.968+0200] {logging_mixin.py:188} INFO - [2024-07-18T19:14:28.968+0200] {dagbag.py:545} INFO - Filling up the DagBag from /home/richonlinux/Documents/GitHub/AirflowTuto/venv/lib/python3.10/site-packages/airflow/example_dags/subdags/subdag.py
[2024-07-18T19:14:28.969+0200] {processor.py:842} WARNING - No viable dags retrieved from /home/richonlinux/Documents/GitHub/AirflowTuto/venv/lib/python3.10/site-packages/airflow/example_dags/subdags/subdag.py
[2024-07-18T19:14:28.977+0200] {processor.py:183} INFO - Processing /home/richonlinux/Documents/GitHub/AirflowTuto/venv/lib/python3.10/site-packages/airflow/example_dags/subdags/subdag.py took 0.020 seconds
[2024-07-18T19:15:29.889+0200] {processor.py:161} INFO - Started process (PID=293606) to work on /home/richonlinux/Documents/GitHub/AirflowTuto/venv/lib/python3.10/site-packages/airflow/example_dags/subdags/subdag.py
[2024-07-18T19:15:29.889+0200] {processor.py:830} INFO - Processing file /home/richonlinux/Documents/GitHub/AirflowTuto/venv/lib/python3.10/site-packages/airflow/example_dags/subdags/subdag.py for tasks to queue
[2024-07-18T19:15:29.890+0200] {logging_mixin.py:188} INFO - [2024-07-18T19:15:29.890+0200] {dagbag.py:545} INFO - Filling up the DagBag from /home/richonlinux/Documents/GitHub/AirflowTuto/venv/lib/python3.10/site-packages/airflow/example_dags/subdags/subdag.py
[2024-07-18T19:15:29.891+0200] {processor.py:842} WARNING - No viable dags retrieved from /home/richonlinux/Documents/GitHub/AirflowTuto/venv/lib/python3.10/site-packages/airflow/example_dags/subdags/subdag.py
[2024-07-18T19:15:29.899+0200] {processor.py:183} INFO - Processing /home/richonlinux/Documents/GitHub/AirflowTuto/venv/lib/python3.10/site-packages/airflow/example_dags/subdags/subdag.py took 0.015 seconds
[2024-07-18T19:16:27.168+0200] {processor.py:161} INFO - Started process (PID=294570) to work on /home/richonlinux/Documents/GitHub/AirflowTuto/venv/lib/python3.10/site-packages/airflow/example_dags/subdags/subdag.py
[2024-07-18T19:16:27.171+0200] {processor.py:830} INFO - Processing file /home/richonlinux/Documents/GitHub/AirflowTuto/venv/lib/python3.10/site-packages/airflow/example_dags/subdags/subdag.py for tasks to queue
[2024-07-18T19:16:27.172+0200] {logging_mixin.py:188} INFO - [2024-07-18T19:16:27.172+0200] {dagbag.py:545} INFO - Filling up the DagBag from /home/richonlinux/Documents/GitHub/AirflowTuto/venv/lib/python3.10/site-packages/airflow/example_dags/subdags/subdag.py
[2024-07-18T19:16:27.173+0200] {processor.py:842} WARNING - No viable dags retrieved from /home/richonlinux/Documents/GitHub/AirflowTuto/venv/lib/python3.10/site-packages/airflow/example_dags/subdags/subdag.py
[2024-07-18T19:16:27.179+0200] {processor.py:183} INFO - Processing /home/richonlinux/Documents/GitHub/AirflowTuto/venv/lib/python3.10/site-packages/airflow/example_dags/subdags/subdag.py took 0.015 seconds
[2024-07-18T19:17:23.705+0200] {processor.py:161} INFO - Started process (PID=295456) to work on /home/richonlinux/Documents/GitHub/AirflowTuto/venv/lib/python3.10/site-packages/airflow/example_dags/subdags/subdag.py
[2024-07-18T19:17:23.706+0200] {processor.py:830} INFO - Processing file /home/richonlinux/Documents/GitHub/AirflowTuto/venv/lib/python3.10/site-packages/airflow/example_dags/subdags/subdag.py for tasks to queue
[2024-07-18T19:17:23.707+0200] {logging_mixin.py:188} INFO - [2024-07-18T19:17:23.707+0200] {dagbag.py:545} INFO - Filling up the DagBag from /home/richonlinux/Documents/GitHub/AirflowTuto/venv/lib/python3.10/site-packages/airflow/example_dags/subdags/subdag.py
[2024-07-18T19:17:23.709+0200] {processor.py:842} WARNING - No viable dags retrieved from /home/richonlinux/Documents/GitHub/AirflowTuto/venv/lib/python3.10/site-packages/airflow/example_dags/subdags/subdag.py
[2024-07-18T19:17:23.715+0200] {processor.py:183} INFO - Processing /home/richonlinux/Documents/GitHub/AirflowTuto/venv/lib/python3.10/site-packages/airflow/example_dags/subdags/subdag.py took 0.016 seconds
[2024-07-18T19:18:25.287+0200] {processor.py:161} INFO - Started process (PID=296478) to work on /home/richonlinux/Documents/GitHub/AirflowTuto/venv/lib/python3.10/site-packages/airflow/example_dags/subdags/subdag.py
[2024-07-18T19:18:25.287+0200] {processor.py:830} INFO - Processing file /home/richonlinux/Documents/GitHub/AirflowTuto/venv/lib/python3.10/site-packages/airflow/example_dags/subdags/subdag.py for tasks to queue
[2024-07-18T19:18:25.288+0200] {logging_mixin.py:188} INFO - [2024-07-18T19:18:25.288+0200] {dagbag.py:545} INFO - Filling up the DagBag from /home/richonlinux/Documents/GitHub/AirflowTuto/venv/lib/python3.10/site-packages/airflow/example_dags/subdags/subdag.py
[2024-07-18T19:18:25.289+0200] {processor.py:842} WARNING - No viable dags retrieved from /home/richonlinux/Documents/GitHub/AirflowTuto/venv/lib/python3.10/site-packages/airflow/example_dags/subdags/subdag.py
[2024-07-18T19:18:25.296+0200] {processor.py:183} INFO - Processing /home/richonlinux/Documents/GitHub/AirflowTuto/venv/lib/python3.10/site-packages/airflow/example_dags/subdags/subdag.py took 0.013 seconds
[2024-07-18T19:19:23.018+0200] {processor.py:161} INFO - Started process (PID=297457) to work on /home/richonlinux/Documents/GitHub/AirflowTuto/venv/lib/python3.10/site-packages/airflow/example_dags/subdags/subdag.py
[2024-07-18T19:19:23.022+0200] {processor.py:830} INFO - Processing file /home/richonlinux/Documents/GitHub/AirflowTuto/venv/lib/python3.10/site-packages/airflow/example_dags/subdags/subdag.py for tasks to queue
[2024-07-18T19:19:23.023+0200] {logging_mixin.py:188} INFO - [2024-07-18T19:19:23.023+0200] {dagbag.py:545} INFO - Filling up the DagBag from /home/richonlinux/Documents/GitHub/AirflowTuto/venv/lib/python3.10/site-packages/airflow/example_dags/subdags/subdag.py
[2024-07-18T19:19:23.024+0200] {processor.py:842} WARNING - No viable dags retrieved from /home/richonlinux/Documents/GitHub/AirflowTuto/venv/lib/python3.10/site-packages/airflow/example_dags/subdags/subdag.py
[2024-07-18T19:19:23.031+0200] {processor.py:183} INFO - Processing /home/richonlinux/Documents/GitHub/AirflowTuto/venv/lib/python3.10/site-packages/airflow/example_dags/subdags/subdag.py took 0.017 seconds
[2024-07-18T19:20:22.894+0200] {processor.py:161} INFO - Started process (PID=298381) to work on /home/richonlinux/Documents/GitHub/AirflowTuto/venv/lib/python3.10/site-packages/airflow/example_dags/subdags/subdag.py
[2024-07-18T19:20:22.894+0200] {processor.py:830} INFO - Processing file /home/richonlinux/Documents/GitHub/AirflowTuto/venv/lib/python3.10/site-packages/airflow/example_dags/subdags/subdag.py for tasks to queue
[2024-07-18T19:20:22.895+0200] {logging_mixin.py:188} INFO - [2024-07-18T19:20:22.895+0200] {dagbag.py:545} INFO - Filling up the DagBag from /home/richonlinux/Documents/GitHub/AirflowTuto/venv/lib/python3.10/site-packages/airflow/example_dags/subdags/subdag.py
[2024-07-18T19:20:22.896+0200] {processor.py:842} WARNING - No viable dags retrieved from /home/richonlinux/Documents/GitHub/AirflowTuto/venv/lib/python3.10/site-packages/airflow/example_dags/subdags/subdag.py
[2024-07-18T19:20:22.903+0200] {processor.py:183} INFO - Processing /home/richonlinux/Documents/GitHub/AirflowTuto/venv/lib/python3.10/site-packages/airflow/example_dags/subdags/subdag.py took 0.014 seconds
[2024-07-18T19:21:24.540+0200] {processor.py:161} INFO - Started process (PID=299469) to work on /home/richonlinux/Documents/GitHub/AirflowTuto/venv/lib/python3.10/site-packages/airflow/example_dags/subdags/subdag.py
[2024-07-18T19:21:24.544+0200] {processor.py:830} INFO - Processing file /home/richonlinux/Documents/GitHub/AirflowTuto/venv/lib/python3.10/site-packages/airflow/example_dags/subdags/subdag.py for tasks to queue
[2024-07-18T19:21:24.545+0200] {logging_mixin.py:188} INFO - [2024-07-18T19:21:24.545+0200] {dagbag.py:545} INFO - Filling up the DagBag from /home/richonlinux/Documents/GitHub/AirflowTuto/venv/lib/python3.10/site-packages/airflow/example_dags/subdags/subdag.py
[2024-07-18T19:21:24.547+0200] {processor.py:842} WARNING - No viable dags retrieved from /home/richonlinux/Documents/GitHub/AirflowTuto/venv/lib/python3.10/site-packages/airflow/example_dags/subdags/subdag.py
[2024-07-18T19:21:24.553+0200] {processor.py:183} INFO - Processing /home/richonlinux/Documents/GitHub/AirflowTuto/venv/lib/python3.10/site-packages/airflow/example_dags/subdags/subdag.py took 0.017 seconds
[2024-07-18T19:22:22.553+0200] {processor.py:161} INFO - Started process (PID=300395) to work on /home/richonlinux/Documents/GitHub/AirflowTuto/venv/lib/python3.10/site-packages/airflow/example_dags/subdags/subdag.py
[2024-07-18T19:22:22.554+0200] {processor.py:830} INFO - Processing file /home/richonlinux/Documents/GitHub/AirflowTuto/venv/lib/python3.10/site-packages/airflow/example_dags/subdags/subdag.py for tasks to queue
[2024-07-18T19:22:22.555+0200] {logging_mixin.py:188} INFO - [2024-07-18T19:22:22.555+0200] {dagbag.py:545} INFO - Filling up the DagBag from /home/richonlinux/Documents/GitHub/AirflowTuto/venv/lib/python3.10/site-packages/airflow/example_dags/subdags/subdag.py
[2024-07-18T19:22:22.557+0200] {processor.py:842} WARNING - No viable dags retrieved from /home/richonlinux/Documents/GitHub/AirflowTuto/venv/lib/python3.10/site-packages/airflow/example_dags/subdags/subdag.py
[2024-07-18T19:22:22.564+0200] {processor.py:183} INFO - Processing /home/richonlinux/Documents/GitHub/AirflowTuto/venv/lib/python3.10/site-packages/airflow/example_dags/subdags/subdag.py took 0.019 seconds
