[2024-07-18T18:16:48.663+0200] {processor.py:161} INFO - Started process (PID=258427) to work on /home/richonlinux/Documents/GitHub/AirflowTuto/venv/lib/python3.10/site-packages/airflow/example_dags/plugins/listener_plugin.py
[2024-07-18T18:16:48.664+0200] {processor.py:830} INFO - Processing file /home/richonlinux/Documents/GitHub/AirflowTuto/venv/lib/python3.10/site-packages/airflow/example_dags/plugins/listener_plugin.py for tasks to queue
[2024-07-18T18:16:48.666+0200] {logging_mixin.py:188} INFO - [2024-07-18T18:16:48.665+0200] {dagbag.py:545} INFO - Filling up the DagBag from /home/richonlinux/Documents/GitHub/AirflowTuto/venv/lib/python3.10/site-packages/airflow/example_dags/plugins/listener_plugin.py
[2024-07-18T18:16:48.668+0200] {processor.py:842} WARNING - No viable dags retrieved from /home/richonlinux/Documents/GitHub/AirflowTuto/venv/lib/python3.10/site-packages/airflow/example_dags/plugins/listener_plugin.py
[2024-07-18T18:16:48.675+0200] {processor.py:183} INFO - Processing /home/richonlinux/Documents/GitHub/AirflowTuto/venv/lib/python3.10/site-packages/airflow/example_dags/plugins/listener_plugin.py took 0.020 seconds
[2024-07-18T18:43:44.311+0200] {processor.py:161} INFO - Started process (PID=259473) to work on /home/richonlinux/Documents/GitHub/AirflowTuto/venv/lib/python3.10/site-packages/airflow/example_dags/plugins/listener_plugin.py
[2024-07-18T18:43:44.312+0200] {processor.py:830} INFO - Processing file /home/richonlinux/Documents/GitHub/AirflowTuto/venv/lib/python3.10/site-packages/airflow/example_dags/plugins/listener_plugin.py for tasks to queue
[2024-07-18T18:43:44.313+0200] {logging_mixin.py:188} INFO - [2024-07-18T18:43:44.313+0200] {dagbag.py:545} INFO - Filling up the DagBag from /home/richonlinux/Documents/GitHub/AirflowTuto/venv/lib/python3.10/site-packages/airflow/example_dags/plugins/listener_plugin.py
[2024-07-18T18:43:44.315+0200] {processor.py:842} WARNING - No viable dags retrieved from /home/richonlinux/Documents/GitHub/AirflowTuto/venv/lib/python3.10/site-packages/airflow/example_dags/plugins/listener_plugin.py
[2024-07-18T18:43:44.321+0200] {processor.py:183} INFO - Processing /home/richonlinux/Documents/GitHub/AirflowTuto/venv/lib/python3.10/site-packages/airflow/example_dags/plugins/listener_plugin.py took 0.013 seconds
[2024-07-18T18:44:55.736+0200] {processor.py:161} INFO - Started process (PID=261129) to work on /home/richonlinux/Documents/GitHub/AirflowTuto/venv/lib/python3.10/site-packages/airflow/example_dags/plugins/listener_plugin.py
[2024-07-18T18:44:55.740+0200] {processor.py:830} INFO - Processing file /home/richonlinux/Documents/GitHub/AirflowTuto/venv/lib/python3.10/site-packages/airflow/example_dags/plugins/listener_plugin.py for tasks to queue
[2024-07-18T18:44:55.742+0200] {logging_mixin.py:188} INFO - [2024-07-18T18:44:55.741+0200] {dagbag.py:545} INFO - Filling up the DagBag from /home/richonlinux/Documents/GitHub/AirflowTuto/venv/lib/python3.10/site-packages/airflow/example_dags/plugins/listener_plugin.py
[2024-07-18T18:44:55.744+0200] {processor.py:842} WARNING - No viable dags retrieved from /home/richonlinux/Documents/GitHub/AirflowTuto/venv/lib/python3.10/site-packages/airflow/example_dags/plugins/listener_plugin.py
[2024-07-18T18:44:55.752+0200] {processor.py:183} INFO - Processing /home/richonlinux/Documents/GitHub/AirflowTuto/venv/lib/python3.10/site-packages/airflow/example_dags/plugins/listener_plugin.py took 0.024 seconds
[2024-07-18T18:45:54.395+0200] {processor.py:161} INFO - Started process (PID=262349) to work on /home/richonlinux/Documents/GitHub/AirflowTuto/venv/lib/python3.10/site-packages/airflow/example_dags/plugins/listener_plugin.py
[2024-07-18T18:45:54.400+0200] {processor.py:830} INFO - Processing file /home/richonlinux/Documents/GitHub/AirflowTuto/venv/lib/python3.10/site-packages/airflow/example_dags/plugins/listener_plugin.py for tasks to queue
[2024-07-18T18:45:54.401+0200] {logging_mixin.py:188} INFO - [2024-07-18T18:45:54.400+0200] {dagbag.py:545} INFO - Filling up the DagBag from /home/richonlinux/Documents/GitHub/AirflowTuto/venv/lib/python3.10/site-packages/airflow/example_dags/plugins/listener_plugin.py
[2024-07-18T18:45:54.404+0200] {processor.py:842} WARNING - No viable dags retrieved from /home/richonlinux/Documents/GitHub/AirflowTuto/venv/lib/python3.10/site-packages/airflow/example_dags/plugins/listener_plugin.py
[2024-07-18T18:45:54.410+0200] {processor.py:183} INFO - Processing /home/richonlinux/Documents/GitHub/AirflowTuto/venv/lib/python3.10/site-packages/airflow/example_dags/plugins/listener_plugin.py took 0.019 seconds
[2024-07-18T18:50:00.253+0200] {processor.py:161} INFO - Started process (PID=266863) to work on /home/richonlinux/Documents/GitHub/AirflowTuto/venv/lib/python3.10/site-packages/airflow/example_dags/plugins/listener_plugin.py
[2024-07-18T18:50:00.254+0200] {processor.py:830} INFO - Processing file /home/richonlinux/Documents/GitHub/AirflowTuto/venv/lib/python3.10/site-packages/airflow/example_dags/plugins/listener_plugin.py for tasks to queue
[2024-07-18T18:50:00.256+0200] {logging_mixin.py:188} INFO - [2024-07-18T18:50:00.255+0200] {dagbag.py:545} INFO - Filling up the DagBag from /home/richonlinux/Documents/GitHub/AirflowTuto/venv/lib/python3.10/site-packages/airflow/example_dags/plugins/listener_plugin.py
[2024-07-18T18:50:00.258+0200] {processor.py:842} WARNING - No viable dags retrieved from /home/richonlinux/Documents/GitHub/AirflowTuto/venv/lib/python3.10/site-packages/airflow/example_dags/plugins/listener_plugin.py
[2024-07-18T18:50:00.264+0200] {processor.py:183} INFO - Processing /home/richonlinux/Documents/GitHub/AirflowTuto/venv/lib/python3.10/site-packages/airflow/example_dags/plugins/listener_plugin.py took 0.019 seconds
[2024-07-18T18:51:52.504+0200] {processor.py:161} INFO - Started process (PID=268788) to work on /home/richonlinux/Documents/GitHub/AirflowTuto/venv/lib/python3.10/site-packages/airflow/example_dags/plugins/listener_plugin.py
[2024-07-18T18:51:52.504+0200] {processor.py:830} INFO - Processing file /home/richonlinux/Documents/GitHub/AirflowTuto/venv/lib/python3.10/site-packages/airflow/example_dags/plugins/listener_plugin.py for tasks to queue
[2024-07-18T18:51:52.505+0200] {logging_mixin.py:188} INFO - [2024-07-18T18:51:52.505+0200] {dagbag.py:545} INFO - Filling up the DagBag from /home/richonlinux/Documents/GitHub/AirflowTuto/venv/lib/python3.10/site-packages/airflow/example_dags/plugins/listener_plugin.py
[2024-07-18T18:51:52.507+0200] {processor.py:842} WARNING - No viable dags retrieved from /home/richonlinux/Documents/GitHub/AirflowTuto/venv/lib/python3.10/site-packages/airflow/example_dags/plugins/listener_plugin.py
[2024-07-18T18:51:52.513+0200] {processor.py:183} INFO - Processing /home/richonlinux/Documents/GitHub/AirflowTuto/venv/lib/python3.10/site-packages/airflow/example_dags/plugins/listener_plugin.py took 0.013 seconds
[2024-07-18T18:52:45.285+0200] {processor.py:161} INFO - Started process (PID=269984) to work on /home/richonlinux/Documents/GitHub/AirflowTuto/venv/lib/python3.10/site-packages/airflow/example_dags/plugins/listener_plugin.py
[2024-07-18T18:52:45.286+0200] {processor.py:830} INFO - Processing file /home/richonlinux/Documents/GitHub/AirflowTuto/venv/lib/python3.10/site-packages/airflow/example_dags/plugins/listener_plugin.py for tasks to queue
[2024-07-18T18:52:45.286+0200] {logging_mixin.py:188} INFO - [2024-07-18T18:52:45.286+0200] {dagbag.py:545} INFO - Filling up the DagBag from /home/richonlinux/Documents/GitHub/AirflowTuto/venv/lib/python3.10/site-packages/airflow/example_dags/plugins/listener_plugin.py
[2024-07-18T18:52:45.288+0200] {processor.py:842} WARNING - No viable dags retrieved from /home/richonlinux/Documents/GitHub/AirflowTuto/venv/lib/python3.10/site-packages/airflow/example_dags/plugins/listener_plugin.py
[2024-07-18T18:52:45.293+0200] {processor.py:183} INFO - Processing /home/richonlinux/Documents/GitHub/AirflowTuto/venv/lib/python3.10/site-packages/airflow/example_dags/plugins/listener_plugin.py took 0.012 seconds
[2024-07-18T18:53:52.018+0200] {processor.py:161} INFO - Started process (PID=271638) to work on /home/richonlinux/Documents/GitHub/AirflowTuto/venv/lib/python3.10/site-packages/airflow/example_dags/plugins/listener_plugin.py
[2024-07-18T18:53:52.022+0200] {processor.py:830} INFO - Processing file /home/richonlinux/Documents/GitHub/AirflowTuto/venv/lib/python3.10/site-packages/airflow/example_dags/plugins/listener_plugin.py for tasks to queue
[2024-07-18T18:53:52.024+0200] {logging_mixin.py:188} INFO - [2024-07-18T18:53:52.024+0200] {dagbag.py:545} INFO - Filling up the DagBag from /home/richonlinux/Documents/GitHub/AirflowTuto/venv/lib/python3.10/site-packages/airflow/example_dags/plugins/listener_plugin.py
[2024-07-18T18:53:52.027+0200] {processor.py:842} WARNING - No viable dags retrieved from /home/richonlinux/Documents/GitHub/AirflowTuto/venv/lib/python3.10/site-packages/airflow/example_dags/plugins/listener_plugin.py
[2024-07-18T18:53:52.035+0200] {processor.py:183} INFO - Processing /home/richonlinux/Documents/GitHub/AirflowTuto/venv/lib/python3.10/site-packages/airflow/example_dags/plugins/listener_plugin.py took 0.027 seconds
[2024-07-18T18:54:56.579+0200] {processor.py:161} INFO - Started process (PID=272699) to work on /home/richonlinux/Documents/GitHub/AirflowTuto/venv/lib/python3.10/site-packages/airflow/example_dags/plugins/listener_plugin.py
[2024-07-18T18:54:56.583+0200] {processor.py:830} INFO - Processing file /home/richonlinux/Documents/GitHub/AirflowTuto/venv/lib/python3.10/site-packages/airflow/example_dags/plugins/listener_plugin.py for tasks to queue
[2024-07-18T18:54:56.584+0200] {logging_mixin.py:188} INFO - [2024-07-18T18:54:56.584+0200] {dagbag.py:545} INFO - Filling up the DagBag from /home/richonlinux/Documents/GitHub/AirflowTuto/venv/lib/python3.10/site-packages/airflow/example_dags/plugins/listener_plugin.py
[2024-07-18T18:54:56.585+0200] {processor.py:842} WARNING - No viable dags retrieved from /home/richonlinux/Documents/GitHub/AirflowTuto/venv/lib/python3.10/site-packages/airflow/example_dags/plugins/listener_plugin.py
[2024-07-18T18:54:56.591+0200] {processor.py:183} INFO - Processing /home/richonlinux/Documents/GitHub/AirflowTuto/venv/lib/python3.10/site-packages/airflow/example_dags/plugins/listener_plugin.py took 0.015 seconds
[2024-07-18T18:55:50.979+0200] {processor.py:161} INFO - Started process (PID=273575) to work on /home/richonlinux/Documents/GitHub/AirflowTuto/venv/lib/python3.10/site-packages/airflow/example_dags/plugins/listener_plugin.py
[2024-07-18T18:55:50.980+0200] {processor.py:830} INFO - Processing file /home/richonlinux/Documents/GitHub/AirflowTuto/venv/lib/python3.10/site-packages/airflow/example_dags/plugins/listener_plugin.py for tasks to queue
[2024-07-18T18:55:50.982+0200] {logging_mixin.py:188} INFO - [2024-07-18T18:55:50.981+0200] {dagbag.py:545} INFO - Filling up the DagBag from /home/richonlinux/Documents/GitHub/AirflowTuto/venv/lib/python3.10/site-packages/airflow/example_dags/plugins/listener_plugin.py
[2024-07-18T18:55:50.984+0200] {processor.py:842} WARNING - No viable dags retrieved from /home/richonlinux/Documents/GitHub/AirflowTuto/venv/lib/python3.10/site-packages/airflow/example_dags/plugins/listener_plugin.py
[2024-07-18T18:55:50.994+0200] {processor.py:183} INFO - Processing /home/richonlinux/Documents/GitHub/AirflowTuto/venv/lib/python3.10/site-packages/airflow/example_dags/plugins/listener_plugin.py took 0.019 seconds
[2024-07-18T18:56:49.712+0200] {processor.py:161} INFO - Started process (PID=274618) to work on /home/richonlinux/Documents/GitHub/AirflowTuto/venv/lib/python3.10/site-packages/airflow/example_dags/plugins/listener_plugin.py
[2024-07-18T18:56:49.713+0200] {processor.py:830} INFO - Processing file /home/richonlinux/Documents/GitHub/AirflowTuto/venv/lib/python3.10/site-packages/airflow/example_dags/plugins/listener_plugin.py for tasks to queue
[2024-07-18T18:56:49.714+0200] {logging_mixin.py:188} INFO - [2024-07-18T18:56:49.714+0200] {dagbag.py:545} INFO - Filling up the DagBag from /home/richonlinux/Documents/GitHub/AirflowTuto/venv/lib/python3.10/site-packages/airflow/example_dags/plugins/listener_plugin.py
[2024-07-18T18:56:49.716+0200] {processor.py:842} WARNING - No viable dags retrieved from /home/richonlinux/Documents/GitHub/AirflowTuto/venv/lib/python3.10/site-packages/airflow/example_dags/plugins/listener_plugin.py
[2024-07-18T18:56:49.723+0200] {processor.py:183} INFO - Processing /home/richonlinux/Documents/GitHub/AirflowTuto/venv/lib/python3.10/site-packages/airflow/example_dags/plugins/listener_plugin.py took 0.016 seconds
[2024-07-18T18:57:49.144+0200] {processor.py:161} INFO - Started process (PID=275568) to work on /home/richonlinux/Documents/GitHub/AirflowTuto/venv/lib/python3.10/site-packages/airflow/example_dags/plugins/listener_plugin.py
[2024-07-18T18:57:49.148+0200] {processor.py:830} INFO - Processing file /home/richonlinux/Documents/GitHub/AirflowTuto/venv/lib/python3.10/site-packages/airflow/example_dags/plugins/listener_plugin.py for tasks to queue
[2024-07-18T18:57:49.150+0200] {logging_mixin.py:188} INFO - [2024-07-18T18:57:49.149+0200] {dagbag.py:545} INFO - Filling up the DagBag from /home/richonlinux/Documents/GitHub/AirflowTuto/venv/lib/python3.10/site-packages/airflow/example_dags/plugins/listener_plugin.py
[2024-07-18T18:57:49.151+0200] {processor.py:842} WARNING - No viable dags retrieved from /home/richonlinux/Documents/GitHub/AirflowTuto/venv/lib/python3.10/site-packages/airflow/example_dags/plugins/listener_plugin.py
[2024-07-18T18:57:49.157+0200] {processor.py:183} INFO - Processing /home/richonlinux/Documents/GitHub/AirflowTuto/venv/lib/python3.10/site-packages/airflow/example_dags/plugins/listener_plugin.py took 0.019 seconds
[2024-07-18T18:58:49.562+0200] {processor.py:161} INFO - Started process (PID=276531) to work on /home/richonlinux/Documents/GitHub/AirflowTuto/venv/lib/python3.10/site-packages/airflow/example_dags/plugins/listener_plugin.py
[2024-07-18T18:58:49.566+0200] {processor.py:830} INFO - Processing file /home/richonlinux/Documents/GitHub/AirflowTuto/venv/lib/python3.10/site-packages/airflow/example_dags/plugins/listener_plugin.py for tasks to queue
[2024-07-18T18:58:49.568+0200] {logging_mixin.py:188} INFO - [2024-07-18T18:58:49.568+0200] {dagbag.py:545} INFO - Filling up the DagBag from /home/richonlinux/Documents/GitHub/AirflowTuto/venv/lib/python3.10/site-packages/airflow/example_dags/plugins/listener_plugin.py
[2024-07-18T18:58:49.571+0200] {processor.py:842} WARNING - No viable dags retrieved from /home/richonlinux/Documents/GitHub/AirflowTuto/venv/lib/python3.10/site-packages/airflow/example_dags/plugins/listener_plugin.py
[2024-07-18T18:58:49.579+0200] {processor.py:183} INFO - Processing /home/richonlinux/Documents/GitHub/AirflowTuto/venv/lib/python3.10/site-packages/airflow/example_dags/plugins/listener_plugin.py took 0.025 seconds
