[2024-07-18T18:16:49.810+0200] {processor.py:161} INFO - Started process (PID=258429) to work on /home/richonlinux/Documents/GitHub/AirflowTuto/venv/lib/python3.10/site-packages/airflow/example_dags/plugins/workday.py
[2024-07-18T18:16:49.811+0200] {processor.py:830} INFO - Processing file /home/richonlinux/Documents/GitHub/AirflowTuto/venv/lib/python3.10/site-packages/airflow/example_dags/plugins/workday.py for tasks to queue
[2024-07-18T18:16:49.813+0200] {logging_mixin.py:188} INFO - [2024-07-18T18:16:49.812+0200] {dagbag.py:545} INFO - Filling up the DagBag from /home/richonlinux/Documents/GitHub/AirflowTuto/venv/lib/python3.10/site-packages/airflow/example_dags/plugins/workday.py
[2024-07-18T18:16:49.814+0200] {logging_mixin.py:188} INFO - [2024-07-18T18:16:49.814+0200] {workday.py:41} WARNING - Could not import pandas. Holidays will not be considered.
[2024-07-18T18:16:49.815+0200] {processor.py:842} WARNING - No viable dags retrieved from /home/richonlinux/Documents/GitHub/AirflowTuto/venv/lib/python3.10/site-packages/airflow/example_dags/plugins/workday.py
[2024-07-18T18:16:49.820+0200] {processor.py:183} INFO - Processing /home/richonlinux/Documents/GitHub/AirflowTuto/venv/lib/python3.10/site-packages/airflow/example_dags/plugins/workday.py took 0.019 seconds
[2024-07-18T18:43:44.842+0200] {processor.py:161} INFO - Started process (PID=259499) to work on /home/richonlinux/Documents/GitHub/AirflowTuto/venv/lib/python3.10/site-packages/airflow/example_dags/plugins/workday.py
[2024-07-18T18:43:44.845+0200] {processor.py:830} INFO - Processing file /home/richonlinux/Documents/GitHub/AirflowTuto/venv/lib/python3.10/site-packages/airflow/example_dags/plugins/workday.py for tasks to queue
[2024-07-18T18:43:44.846+0200] {logging_mixin.py:188} INFO - [2024-07-18T18:43:44.846+0200] {dagbag.py:545} INFO - Filling up the DagBag from /home/richonlinux/Documents/GitHub/AirflowTuto/venv/lib/python3.10/site-packages/airflow/example_dags/plugins/workday.py
[2024-07-18T18:43:44.848+0200] {logging_mixin.py:188} INFO - [2024-07-18T18:43:44.848+0200] {workday.py:41} WARNING - Could not import pandas. Holidays will not be considered.
[2024-07-18T18:43:44.848+0200] {processor.py:842} WARNING - No viable dags retrieved from /home/richonlinux/Documents/GitHub/AirflowTuto/venv/lib/python3.10/site-packages/airflow/example_dags/plugins/workday.py
[2024-07-18T18:43:44.853+0200] {processor.py:183} INFO - Processing /home/richonlinux/Documents/GitHub/AirflowTuto/venv/lib/python3.10/site-packages/airflow/example_dags/plugins/workday.py took 0.014 seconds
[2024-07-18T18:44:56.629+0200] {processor.py:161} INFO - Started process (PID=261131) to work on /home/richonlinux/Documents/GitHub/AirflowTuto/venv/lib/python3.10/site-packages/airflow/example_dags/plugins/workday.py
[2024-07-18T18:44:56.633+0200] {processor.py:830} INFO - Processing file /home/richonlinux/Documents/GitHub/AirflowTuto/venv/lib/python3.10/site-packages/airflow/example_dags/plugins/workday.py for tasks to queue
[2024-07-18T18:44:56.634+0200] {logging_mixin.py:188} INFO - [2024-07-18T18:44:56.633+0200] {dagbag.py:545} INFO - Filling up the DagBag from /home/richonlinux/Documents/GitHub/AirflowTuto/venv/lib/python3.10/site-packages/airflow/example_dags/plugins/workday.py
[2024-07-18T18:44:56.635+0200] {logging_mixin.py:188} INFO - [2024-07-18T18:44:56.635+0200] {workday.py:41} WARNING - Could not import pandas. Holidays will not be considered.
[2024-07-18T18:44:56.635+0200] {processor.py:842} WARNING - No viable dags retrieved from /home/richonlinux/Documents/GitHub/AirflowTuto/venv/lib/python3.10/site-packages/airflow/example_dags/plugins/workday.py
[2024-07-18T18:44:56.641+0200] {processor.py:183} INFO - Processing /home/richonlinux/Documents/GitHub/AirflowTuto/venv/lib/python3.10/site-packages/airflow/example_dags/plugins/workday.py took 0.017 seconds
[2024-07-18T18:45:55.522+0200] {processor.py:161} INFO - Started process (PID=262351) to work on /home/richonlinux/Documents/GitHub/AirflowTuto/venv/lib/python3.10/site-packages/airflow/example_dags/plugins/workday.py
[2024-07-18T18:45:55.523+0200] {processor.py:830} INFO - Processing file /home/richonlinux/Documents/GitHub/AirflowTuto/venv/lib/python3.10/site-packages/airflow/example_dags/plugins/workday.py for tasks to queue
[2024-07-18T18:45:55.524+0200] {logging_mixin.py:188} INFO - [2024-07-18T18:45:55.524+0200] {dagbag.py:545} INFO - Filling up the DagBag from /home/richonlinux/Documents/GitHub/AirflowTuto/venv/lib/python3.10/site-packages/airflow/example_dags/plugins/workday.py
[2024-07-18T18:45:55.526+0200] {logging_mixin.py:188} INFO - [2024-07-18T18:45:55.526+0200] {workday.py:41} WARNING - Could not import pandas. Holidays will not be considered.
[2024-07-18T18:45:55.526+0200] {processor.py:842} WARNING - No viable dags retrieved from /home/richonlinux/Documents/GitHub/AirflowTuto/venv/lib/python3.10/site-packages/airflow/example_dags/plugins/workday.py
[2024-07-18T18:45:55.532+0200] {processor.py:183} INFO - Processing /home/richonlinux/Documents/GitHub/AirflowTuto/venv/lib/python3.10/site-packages/airflow/example_dags/plugins/workday.py took 0.014 seconds
[2024-07-18T18:50:01.337+0200] {processor.py:161} INFO - Started process (PID=266907) to work on /home/richonlinux/Documents/GitHub/AirflowTuto/venv/lib/python3.10/site-packages/airflow/example_dags/plugins/workday.py
[2024-07-18T18:50:01.338+0200] {processor.py:830} INFO - Processing file /home/richonlinux/Documents/GitHub/AirflowTuto/venv/lib/python3.10/site-packages/airflow/example_dags/plugins/workday.py for tasks to queue
[2024-07-18T18:50:01.339+0200] {logging_mixin.py:188} INFO - [2024-07-18T18:50:01.339+0200] {dagbag.py:545} INFO - Filling up the DagBag from /home/richonlinux/Documents/GitHub/AirflowTuto/venv/lib/python3.10/site-packages/airflow/example_dags/plugins/workday.py
[2024-07-18T18:50:01.342+0200] {logging_mixin.py:188} INFO - [2024-07-18T18:50:01.342+0200] {workday.py:41} WARNING - Could not import pandas. Holidays will not be considered.
[2024-07-18T18:50:01.342+0200] {processor.py:842} WARNING - No viable dags retrieved from /home/richonlinux/Documents/GitHub/AirflowTuto/venv/lib/python3.10/site-packages/airflow/example_dags/plugins/workday.py
[2024-07-18T18:50:01.348+0200] {processor.py:183} INFO - Processing /home/richonlinux/Documents/GitHub/AirflowTuto/venv/lib/python3.10/site-packages/airflow/example_dags/plugins/workday.py took 0.019 seconds
[2024-07-18T18:51:53.649+0200] {processor.py:161} INFO - Started process (PID=268792) to work on /home/richonlinux/Documents/GitHub/AirflowTuto/venv/lib/python3.10/site-packages/airflow/example_dags/plugins/workday.py
[2024-07-18T18:51:53.650+0200] {processor.py:830} INFO - Processing file /home/richonlinux/Documents/GitHub/AirflowTuto/venv/lib/python3.10/site-packages/airflow/example_dags/plugins/workday.py for tasks to queue
[2024-07-18T18:51:53.650+0200] {logging_mixin.py:188} INFO - [2024-07-18T18:51:53.650+0200] {dagbag.py:545} INFO - Filling up the DagBag from /home/richonlinux/Documents/GitHub/AirflowTuto/venv/lib/python3.10/site-packages/airflow/example_dags/plugins/workday.py
[2024-07-18T18:51:53.653+0200] {logging_mixin.py:188} INFO - [2024-07-18T18:51:53.653+0200] {workday.py:41} WARNING - Could not import pandas. Holidays will not be considered.
[2024-07-18T18:51:53.654+0200] {processor.py:842} WARNING - No viable dags retrieved from /home/richonlinux/Documents/GitHub/AirflowTuto/venv/lib/python3.10/site-packages/airflow/example_dags/plugins/workday.py
[2024-07-18T18:51:53.661+0200] {processor.py:183} INFO - Processing /home/richonlinux/Documents/GitHub/AirflowTuto/venv/lib/python3.10/site-packages/airflow/example_dags/plugins/workday.py took 0.017 seconds
[2024-07-18T18:52:45.658+0200] {processor.py:161} INFO - Started process (PID=269985) to work on /home/richonlinux/Documents/GitHub/AirflowTuto/venv/lib/python3.10/site-packages/airflow/example_dags/plugins/workday.py
[2024-07-18T18:52:45.661+0200] {processor.py:830} INFO - Processing file /home/richonlinux/Documents/GitHub/AirflowTuto/venv/lib/python3.10/site-packages/airflow/example_dags/plugins/workday.py for tasks to queue
[2024-07-18T18:52:45.662+0200] {logging_mixin.py:188} INFO - [2024-07-18T18:52:45.661+0200] {dagbag.py:545} INFO - Filling up the DagBag from /home/richonlinux/Documents/GitHub/AirflowTuto/venv/lib/python3.10/site-packages/airflow/example_dags/plugins/workday.py
[2024-07-18T18:52:45.663+0200] {logging_mixin.py:188} INFO - [2024-07-18T18:52:45.663+0200] {workday.py:41} WARNING - Could not import pandas. Holidays will not be considered.
[2024-07-18T18:52:45.663+0200] {processor.py:842} WARNING - No viable dags retrieved from /home/richonlinux/Documents/GitHub/AirflowTuto/venv/lib/python3.10/site-packages/airflow/example_dags/plugins/workday.py
[2024-07-18T18:52:45.669+0200] {processor.py:183} INFO - Processing /home/richonlinux/Documents/GitHub/AirflowTuto/venv/lib/python3.10/site-packages/airflow/example_dags/plugins/workday.py took 0.017 seconds
[2024-07-18T18:53:53.157+0200] {processor.py:161} INFO - Started process (PID=271660) to work on /home/richonlinux/Documents/GitHub/AirflowTuto/venv/lib/python3.10/site-packages/airflow/example_dags/plugins/workday.py
[2024-07-18T18:53:53.161+0200] {processor.py:830} INFO - Processing file /home/richonlinux/Documents/GitHub/AirflowTuto/venv/lib/python3.10/site-packages/airflow/example_dags/plugins/workday.py for tasks to queue
[2024-07-18T18:53:53.162+0200] {logging_mixin.py:188} INFO - [2024-07-18T18:53:53.162+0200] {dagbag.py:545} INFO - Filling up the DagBag from /home/richonlinux/Documents/GitHub/AirflowTuto/venv/lib/python3.10/site-packages/airflow/example_dags/plugins/workday.py
[2024-07-18T18:53:53.164+0200] {logging_mixin.py:188} INFO - [2024-07-18T18:53:53.164+0200] {workday.py:41} WARNING - Could not import pandas. Holidays will not be considered.
[2024-07-18T18:53:53.164+0200] {processor.py:842} WARNING - No viable dags retrieved from /home/richonlinux/Documents/GitHub/AirflowTuto/venv/lib/python3.10/site-packages/airflow/example_dags/plugins/workday.py
[2024-07-18T18:53:53.170+0200] {processor.py:183} INFO - Processing /home/richonlinux/Documents/GitHub/AirflowTuto/venv/lib/python3.10/site-packages/airflow/example_dags/plugins/workday.py took 0.017 seconds
[2024-07-18T18:54:57.737+0200] {processor.py:161} INFO - Started process (PID=272700) to work on /home/richonlinux/Documents/GitHub/AirflowTuto/venv/lib/python3.10/site-packages/airflow/example_dags/plugins/workday.py
[2024-07-18T18:54:57.738+0200] {processor.py:830} INFO - Processing file /home/richonlinux/Documents/GitHub/AirflowTuto/venv/lib/python3.10/site-packages/airflow/example_dags/plugins/workday.py for tasks to queue
[2024-07-18T18:54:57.739+0200] {logging_mixin.py:188} INFO - [2024-07-18T18:54:57.738+0200] {dagbag.py:545} INFO - Filling up the DagBag from /home/richonlinux/Documents/GitHub/AirflowTuto/venv/lib/python3.10/site-packages/airflow/example_dags/plugins/workday.py
[2024-07-18T18:54:57.740+0200] {logging_mixin.py:188} INFO - [2024-07-18T18:54:57.740+0200] {workday.py:41} WARNING - Could not import pandas. Holidays will not be considered.
[2024-07-18T18:54:57.740+0200] {processor.py:842} WARNING - No viable dags retrieved from /home/richonlinux/Documents/GitHub/AirflowTuto/venv/lib/python3.10/site-packages/airflow/example_dags/plugins/workday.py
[2024-07-18T18:54:57.747+0200] {processor.py:183} INFO - Processing /home/richonlinux/Documents/GitHub/AirflowTuto/venv/lib/python3.10/site-packages/airflow/example_dags/plugins/workday.py took 0.014 seconds
[2024-07-18T18:55:52.117+0200] {processor.py:161} INFO - Started process (PID=273583) to work on /home/richonlinux/Documents/GitHub/AirflowTuto/venv/lib/python3.10/site-packages/airflow/example_dags/plugins/workday.py
[2024-07-18T18:55:52.118+0200] {processor.py:830} INFO - Processing file /home/richonlinux/Documents/GitHub/AirflowTuto/venv/lib/python3.10/site-packages/airflow/example_dags/plugins/workday.py for tasks to queue
[2024-07-18T18:55:52.119+0200] {logging_mixin.py:188} INFO - [2024-07-18T18:55:52.119+0200] {dagbag.py:545} INFO - Filling up the DagBag from /home/richonlinux/Documents/GitHub/AirflowTuto/venv/lib/python3.10/site-packages/airflow/example_dags/plugins/workday.py
[2024-07-18T18:55:52.121+0200] {logging_mixin.py:188} INFO - [2024-07-18T18:55:52.121+0200] {workday.py:41} WARNING - Could not import pandas. Holidays will not be considered.
[2024-07-18T18:55:52.121+0200] {processor.py:842} WARNING - No viable dags retrieved from /home/richonlinux/Documents/GitHub/AirflowTuto/venv/lib/python3.10/site-packages/airflow/example_dags/plugins/workday.py
[2024-07-18T18:55:52.127+0200] {processor.py:183} INFO - Processing /home/richonlinux/Documents/GitHub/AirflowTuto/venv/lib/python3.10/site-packages/airflow/example_dags/plugins/workday.py took 0.016 seconds
[2024-07-18T18:56:50.852+0200] {processor.py:161} INFO - Started process (PID=274645) to work on /home/richonlinux/Documents/GitHub/AirflowTuto/venv/lib/python3.10/site-packages/airflow/example_dags/plugins/workday.py
[2024-07-18T18:56:50.853+0200] {processor.py:830} INFO - Processing file /home/richonlinux/Documents/GitHub/AirflowTuto/venv/lib/python3.10/site-packages/airflow/example_dags/plugins/workday.py for tasks to queue
[2024-07-18T18:56:50.854+0200] {logging_mixin.py:188} INFO - [2024-07-18T18:56:50.854+0200] {dagbag.py:545} INFO - Filling up the DagBag from /home/richonlinux/Documents/GitHub/AirflowTuto/venv/lib/python3.10/site-packages/airflow/example_dags/plugins/workday.py
[2024-07-18T18:56:50.855+0200] {logging_mixin.py:188} INFO - [2024-07-18T18:56:50.855+0200] {workday.py:41} WARNING - Could not import pandas. Holidays will not be considered.
[2024-07-18T18:56:50.855+0200] {processor.py:842} WARNING - No viable dags retrieved from /home/richonlinux/Documents/GitHub/AirflowTuto/venv/lib/python3.10/site-packages/airflow/example_dags/plugins/workday.py
[2024-07-18T18:56:50.862+0200] {processor.py:183} INFO - Processing /home/richonlinux/Documents/GitHub/AirflowTuto/venv/lib/python3.10/site-packages/airflow/example_dags/plugins/workday.py took 0.013 seconds
[2024-07-18T18:57:50.246+0200] {processor.py:161} INFO - Started process (PID=275595) to work on /home/richonlinux/Documents/GitHub/AirflowTuto/venv/lib/python3.10/site-packages/airflow/example_dags/plugins/workday.py
[2024-07-18T18:57:50.248+0200] {processor.py:830} INFO - Processing file /home/richonlinux/Documents/GitHub/AirflowTuto/venv/lib/python3.10/site-packages/airflow/example_dags/plugins/workday.py for tasks to queue
[2024-07-18T18:57:50.250+0200] {logging_mixin.py:188} INFO - [2024-07-18T18:57:50.249+0200] {dagbag.py:545} INFO - Filling up the DagBag from /home/richonlinux/Documents/GitHub/AirflowTuto/venv/lib/python3.10/site-packages/airflow/example_dags/plugins/workday.py
[2024-07-18T18:57:50.252+0200] {logging_mixin.py:188} INFO - [2024-07-18T18:57:50.252+0200] {workday.py:41} WARNING - Could not import pandas. Holidays will not be considered.
[2024-07-18T18:57:50.253+0200] {processor.py:842} WARNING - No viable dags retrieved from /home/richonlinux/Documents/GitHub/AirflowTuto/venv/lib/python3.10/site-packages/airflow/example_dags/plugins/workday.py
[2024-07-18T18:57:50.259+0200] {processor.py:183} INFO - Processing /home/richonlinux/Documents/GitHub/AirflowTuto/venv/lib/python3.10/site-packages/airflow/example_dags/plugins/workday.py took 0.020 seconds
[2024-07-18T18:58:50.698+0200] {processor.py:161} INFO - Started process (PID=276533) to work on /home/richonlinux/Documents/GitHub/AirflowTuto/venv/lib/python3.10/site-packages/airflow/example_dags/plugins/workday.py
[2024-07-18T18:58:50.699+0200] {processor.py:830} INFO - Processing file /home/richonlinux/Documents/GitHub/AirflowTuto/venv/lib/python3.10/site-packages/airflow/example_dags/plugins/workday.py for tasks to queue
[2024-07-18T18:58:50.699+0200] {logging_mixin.py:188} INFO - [2024-07-18T18:58:50.699+0200] {dagbag.py:545} INFO - Filling up the DagBag from /home/richonlinux/Documents/GitHub/AirflowTuto/venv/lib/python3.10/site-packages/airflow/example_dags/plugins/workday.py
[2024-07-18T18:58:50.701+0200] {logging_mixin.py:188} INFO - [2024-07-18T18:58:50.701+0200] {workday.py:41} WARNING - Could not import pandas. Holidays will not be considered.
[2024-07-18T18:58:50.701+0200] {processor.py:842} WARNING - No viable dags retrieved from /home/richonlinux/Documents/GitHub/AirflowTuto/venv/lib/python3.10/site-packages/airflow/example_dags/plugins/workday.py
[2024-07-18T18:58:50.707+0200] {processor.py:183} INFO - Processing /home/richonlinux/Documents/GitHub/AirflowTuto/venv/lib/python3.10/site-packages/airflow/example_dags/plugins/workday.py took 0.013 seconds
